# ali-to-post "ark:gunzip -c exp/tri5a/ali.1.gz|" ark:- | gmm-acc-stats-twofeats exp/tri5a/35.mdl "ark,s,cs:apply-cmvn  --utt2spk=ark:data/train/split1/1/utt2spk scp:data/train/split1/1/cmvn.scp scp:data/train/split1/1/feats.scp ark:- | splice-feats  ark:- ark:- | transform-feats exp/tri4a_ali/final.mat ark:- ark:- | transform-feats --utt2spk=ark:data/train/split1/1/utt2spk ark:exp/tri5a/trans.1 ark:- ark:- |" "ark,s,cs:apply-cmvn  --utt2spk=ark:data/train/split1/1/utt2spk scp:data/train/split1/1/cmvn.scp scp:data/train/split1/1/feats.scp ark:- | splice-feats  ark:- ark:- | transform-feats exp/tri4a_ali/final.mat ark:- ark:- |" ark,s,cs:- exp/tri5a/35.1.acc 
# Started at Fri Mar 12 16:43:26 CET 2021
#
ali-to-post 'ark:gunzip -c exp/tri5a/ali.1.gz|' ark:- 
gmm-acc-stats-twofeats exp/tri5a/35.mdl 'ark,s,cs:apply-cmvn  --utt2spk=ark:data/train/split1/1/utt2spk scp:data/train/split1/1/cmvn.scp scp:data/train/split1/1/feats.scp ark:- | splice-feats  ark:- ark:- | transform-feats exp/tri4a_ali/final.mat ark:- ark:- | transform-feats --utt2spk=ark:data/train/split1/1/utt2spk ark:exp/tri5a/trans.1 ark:- ark:- |' 'ark,s,cs:apply-cmvn  --utt2spk=ark:data/train/split1/1/utt2spk scp:data/train/split1/1/cmvn.scp scp:data/train/split1/1/feats.scp ark:- | splice-feats  ark:- ark:- | transform-feats exp/tri4a_ali/final.mat ark:- ark:- |' ark,s,cs:- exp/tri5a/35.1.acc 
transform-feats exp/tri4a_ali/final.mat ark:- ark:- 
transform-feats --utt2spk=ark:data/train/split1/1/utt2spk ark:exp/tri5a/trans.1 ark:- ark:- 
apply-cmvn --utt2spk=ark:data/train/split1/1/utt2spk scp:data/train/split1/1/cmvn.scp scp:data/train/split1/1/feats.scp ark:- 
splice-feats ark:- ark:- 
transform-feats exp/tri4a_ali/final.mat ark:- ark:- 
splice-feats ark:- ark:- 
apply-cmvn --utt2spk=ark:data/train/split1/1/utt2spk scp:data/train/split1/1/cmvn.scp scp:data/train/split1/1/feats.scp ark:- 
LOG (gmm-acc-stats-twofeats[5.5.891~1-37628]:main():gmm-acc-stats-twofeats.cc:140) Average like for this file is -59.1806 over 102 frames.
LOG (gmm-acc-stats-twofeats[5.5.891~1-37628]:main():gmm-acc-stats-twofeats.cc:140) Average like for this file is -56.2488 over 322 frames.
LOG (gmm-acc-stats-twofeats[5.5.891~1-37628]:main():gmm-acc-stats-twofeats.cc:140) Average like for this file is -51.1693 over 309 frames.
LOG (gmm-acc-stats-twofeats[5.5.891~1-37628]:main():gmm-acc-stats-twofeats.cc:140) Average like for this file is -55.3565 over 259 frames.
LOG (gmm-acc-stats-twofeats[5.5.891~1-37628]:main():gmm-acc-stats-twofeats.cc:140) Average like for this file is -54.4737 over 164 frames.
LOG (gmm-acc-stats-twofeats[5.5.891~1-37628]:main():gmm-acc-stats-twofeats.cc:140) Average like for this file is -54.5108 over 129 frames.
LOG (gmm-acc-stats-twofeats[5.5.891~1-37628]:main():gmm-acc-stats-twofeats.cc:140) Average like for this file is -53.1576 over 572 frames.
LOG (gmm-acc-stats-twofeats[5.5.891~1-37628]:main():gmm-acc-stats-twofeats.cc:140) Average like for this file is -53.4435 over 63 frames.
LOG (gmm-acc-stats-twofeats[5.5.891~1-37628]:main():gmm-acc-stats-twofeats.cc:140) Average like for this file is -59.1433 over 99 frames.
LOG (gmm-acc-stats-twofeats[5.5.891~1-37628]:main():gmm-acc-stats-twofeats.cc:140) Average like for this file is -57.6832 over 143 frames.
LOG (gmm-acc-stats-twofeats[5.5.891~1-37628]:main():gmm-acc-stats-twofeats.cc:146) Avg like per frame so far is -54.6437
LOG (gmm-acc-stats-twofeats[5.5.891~1-37628]:main():gmm-acc-stats-twofeats.cc:140) Average like for this file is -55.46 over 584 frames.
LOG (gmm-acc-stats-twofeats[5.5.891~1-37628]:main():gmm-acc-stats-twofeats.cc:140) Average like for this file is -57.9404 over 158 frames.
LOG (gmm-acc-stats-twofeats[5.5.891~1-37628]:main():gmm-acc-stats-twofeats.cc:140) Average like for this file is -53.0295 over 230 frames.
LOG (gmm-acc-stats-twofeats[5.5.891~1-37628]:main():gmm-acc-stats-twofeats.cc:140) Average like for this file is -54.0579 over 388 frames.
LOG (gmm-acc-stats-twofeats[5.5.891~1-37628]:main():gmm-acc-stats-twofeats.cc:140) Average like for this file is -58.3291 over 181 frames.
LOG (gmm-acc-stats-twofeats[5.5.891~1-37628]:main():gmm-acc-stats-twofeats.cc:140) Average like for this file is -55.004 over 92 frames.
LOG (gmm-acc-stats-twofeats[5.5.891~1-37628]:main():gmm-acc-stats-twofeats.cc:140) Average like for this file is -54.2444 over 242 frames.
LOG (gmm-acc-stats-twofeats[5.5.891~1-37628]:main():gmm-acc-stats-twofeats.cc:140) Average like for this file is -53.1492 over 302 frames.
LOG (gmm-acc-stats-twofeats[5.5.891~1-37628]:main():gmm-acc-stats-twofeats.cc:140) Average like for this file is -59.2846 over 150 frames.
LOG (gmm-acc-stats-twofeats[5.5.891~1-37628]:main():gmm-acc-stats-twofeats.cc:140) Average like for this file is -58.0644 over 135 frames.
LOG (gmm-acc-stats-twofeats[5.5.891~1-37628]:main():gmm-acc-stats-twofeats.cc:146) Avg like per frame so far is -55.0133
LOG (gmm-acc-stats-twofeats[5.5.891~1-37628]:main():gmm-acc-stats-twofeats.cc:140) Average like for this file is -53.8695 over 203 frames.
LOG (gmm-acc-stats-twofeats[5.5.891~1-37628]:main():gmm-acc-stats-twofeats.cc:140) Average like for this file is -57.8369 over 86 frames.
LOG (gmm-acc-stats-twofeats[5.5.891~1-37628]:main():gmm-acc-stats-twofeats.cc:140) Average like for this file is -56.957 over 113 frames.
LOG (gmm-acc-stats-twofeats[5.5.891~1-37628]:main():gmm-acc-stats-twofeats.cc:140) Average like for this file is -47.9271 over 173 frames.
LOG (gmm-acc-stats-twofeats[5.5.891~1-37628]:main():gmm-acc-stats-twofeats.cc:140) Average like for this file is -49.0023 over 358 frames.
LOG (gmm-acc-stats-twofeats[5.5.891~1-37628]:main():gmm-acc-stats-twofeats.cc:140) Average like for this file is -57.8866 over 264 frames.
LOG (gmm-acc-stats-twofeats[5.5.891~1-37628]:main():gmm-acc-stats-twofeats.cc:140) Average like for this file is -55.7975 over 114 frames.
LOG (gmm-acc-stats-twofeats[5.5.891~1-37628]:main():gmm-acc-stats-twofeats.cc:140) Average like for this file is -60.0628 over 161 frames.
LOG (gmm-acc-stats-twofeats[5.5.891~1-37628]:main():gmm-acc-stats-twofeats.cc:140) Average like for this file is -61.1075 over 125 frames.
LOG (gmm-acc-stats-twofeats[5.5.891~1-37628]:main():gmm-acc-stats-twofeats.cc:140) Average like for this file is -54.5779 over 102 frames.
LOG (gmm-acc-stats-twofeats[5.5.891~1-37628]:main():gmm-acc-stats-twofeats.cc:146) Avg like per frame so far is -54.8917
LOG (gmm-acc-stats-twofeats[5.5.891~1-37628]:main():gmm-acc-stats-twofeats.cc:140) Average like for this file is -56.9085 over 161 frames.
LOG (gmm-acc-stats-twofeats[5.5.891~1-37628]:main():gmm-acc-stats-twofeats.cc:140) Average like for this file is -58.76 over 154 frames.
LOG (gmm-acc-stats-twofeats[5.5.891~1-37628]:main():gmm-acc-stats-twofeats.cc:140) Average like for this file is -57.6367 over 178 frames.
LOG (gmm-acc-stats-twofeats[5.5.891~1-37628]:main():gmm-acc-stats-twofeats.cc:140) Average like for this file is -57.4543 over 83 frames.
LOG (gmm-acc-stats-twofeats[5.5.891~1-37628]:main():gmm-acc-stats-twofeats.cc:140) Average like for this file is -55.5858 over 99 frames.
LOG (gmm-acc-stats-twofeats[5.5.891~1-37628]:main():gmm-acc-stats-twofeats.cc:140) Average like for this file is -50.7626 over 116 frames.
LOG (gmm-acc-stats-twofeats[5.5.891~1-37628]:main():gmm-acc-stats-twofeats.cc:140) Average like for this file is -59.236 over 92 frames.
LOG (gmm-acc-stats-twofeats[5.5.891~1-37628]:main():gmm-acc-stats-twofeats.cc:140) Average like for this file is -54.1973 over 130 frames.
LOG (gmm-acc-stats-twofeats[5.5.891~1-37628]:main():gmm-acc-stats-twofeats.cc:140) Average like for this file is -56.5383 over 88 frames.
LOG (gmm-acc-stats-twofeats[5.5.891~1-37628]:main():gmm-acc-stats-twofeats.cc:140) Average like for this file is -51.3165 over 249 frames.
LOG (gmm-acc-stats-twofeats[5.5.891~1-37628]:main():gmm-acc-stats-twofeats.cc:146) Avg like per frame so far is -54.9927
LOG (gmm-acc-stats-twofeats[5.5.891~1-37628]:main():gmm-acc-stats-twofeats.cc:140) Average like for this file is -57.7652 over 252 frames.
LOG (gmm-acc-stats-twofeats[5.5.891~1-37628]:main():gmm-acc-stats-twofeats.cc:140) Average like for this file is -56.628 over 199 frames.
LOG (gmm-acc-stats-twofeats[5.5.891~1-37628]:main():gmm-acc-stats-twofeats.cc:140) Average like for this file is -55.2269 over 172 frames.
LOG (gmm-acc-stats-twofeats[5.5.891~1-37628]:main():gmm-acc-stats-twofeats.cc:140) Average like for this file is -56.1189 over 239 frames.
LOG (gmm-acc-stats-twofeats[5.5.891~1-37628]:main():gmm-acc-stats-twofeats.cc:140) Average like for this file is -58.1505 over 117 frames.
LOG (gmm-acc-stats-twofeats[5.5.891~1-37628]:main():gmm-acc-stats-twofeats.cc:140) Average like for this file is -51.3187 over 426 frames.
LOG (gmm-acc-stats-twofeats[5.5.891~1-37628]:main():gmm-acc-stats-twofeats.cc:140) Average like for this file is -55.7039 over 277 frames.
LOG (gmm-acc-stats-twofeats[5.5.891~1-37628]:main():gmm-acc-stats-twofeats.cc:140) Average like for this file is -56.6335 over 268 frames.
LOG (gmm-acc-stats-twofeats[5.5.891~1-37628]:main():gmm-acc-stats-twofeats.cc:140) Average like for this file is -53.4957 over 379 frames.
LOG (gmm-acc-stats-twofeats[5.5.891~1-37628]:main():gmm-acc-stats-twofeats.cc:140) Average like for this file is -51.8135 over 273 frames.
LOG (gmm-acc-stats-twofeats[5.5.891~1-37628]:main():gmm-acc-stats-twofeats.cc:146) Avg like per frame so far is -54.9284
LOG (gmm-acc-stats-twofeats[5.5.891~1-37628]:main():gmm-acc-stats-twofeats.cc:140) Average like for this file is -54.0678 over 674 frames.
LOG (gmm-acc-stats-twofeats[5.5.891~1-37628]:main():gmm-acc-stats-twofeats.cc:140) Average like for this file is -56.7482 over 223 frames.
LOG (gmm-acc-stats-twofeats[5.5.891~1-37628]:main():gmm-acc-stats-twofeats.cc:140) Average like for this file is -55.9794 over 138 frames.
LOG (gmm-acc-stats-twofeats[5.5.891~1-37628]:main():gmm-acc-stats-twofeats.cc:140) Average like for this file is -41.3292 over 175 frames.
LOG (gmm-acc-stats-twofeats[5.5.891~1-37628]:main():gmm-acc-stats-twofeats.cc:140) Average like for this file is -54.7189 over 193 frames.
LOG (gmm-acc-stats-twofeats[5.5.891~1-37628]:main():gmm-acc-stats-twofeats.cc:140) Average like for this file is -50.6359 over 275 frames.
LOG (gmm-acc-stats-twofeats[5.5.891~1-37628]:main():gmm-acc-stats-twofeats.cc:140) Average like for this file is -48.043 over 347 frames.
LOG (gmm-acc-stats-twofeats[5.5.891~1-37628]:main():gmm-acc-stats-twofeats.cc:140) Average like for this file is -53.4887 over 323 frames.
LOG (gmm-acc-stats-twofeats[5.5.891~1-37628]:main():gmm-acc-stats-twofeats.cc:140) Average like for this file is -55.9878 over 428 frames.
LOG (gmm-acc-stats-twofeats[5.5.891~1-37628]:main():gmm-acc-stats-twofeats.cc:140) Average like for this file is -57.8651 over 359 frames.
LOG (gmm-acc-stats-twofeats[5.5.891~1-37628]:main():gmm-acc-stats-twofeats.cc:146) Avg like per frame so far is -54.5573
LOG (gmm-acc-stats-twofeats[5.5.891~1-37628]:main():gmm-acc-stats-twofeats.cc:140) Average like for this file is -55.2519 over 386 frames.
LOG (gmm-acc-stats-twofeats[5.5.891~1-37628]:main():gmm-acc-stats-twofeats.cc:140) Average like for this file is -49.7 over 396 frames.
LOG (gmm-acc-stats-twofeats[5.5.891~1-37628]:main():gmm-acc-stats-twofeats.cc:140) Average like for this file is -44.7536 over 231 frames.
LOG (gmm-acc-stats-twofeats[5.5.891~1-37628]:main():gmm-acc-stats-twofeats.cc:140) Average like for this file is -51.7048 over 464 frames.
LOG (gmm-acc-stats-twofeats[5.5.891~1-37628]:main():gmm-acc-stats-twofeats.cc:140) Average like for this file is -54.3924 over 169 frames.
LOG (gmm-acc-stats-twofeats[5.5.891~1-37628]:main():gmm-acc-stats-twofeats.cc:140) Average like for this file is -47.7609 over 358 frames.
LOG (gmm-acc-stats-twofeats[5.5.891~1-37628]:main():gmm-acc-stats-twofeats.cc:140) Average like for this file is -54.2527 over 289 frames.
LOG (gmm-acc-stats-twofeats[5.5.891~1-37628]:main():gmm-acc-stats-twofeats.cc:140) Average like for this file is -53.3982 over 163 frames.
LOG (gmm-acc-stats-twofeats[5.5.891~1-37628]:main():gmm-acc-stats-twofeats.cc:140) Average like for this file is -54.3407 over 201 frames.
LOG (gmm-acc-stats-twofeats[5.5.891~1-37628]:main():gmm-acc-stats-twofeats.cc:140) Average like for this file is -55.7955 over 373 frames.
LOG (gmm-acc-stats-twofeats[5.5.891~1-37628]:main():gmm-acc-stats-twofeats.cc:146) Avg like per frame so far is -54.0973
LOG (gmm-acc-stats-twofeats[5.5.891~1-37628]:main():gmm-acc-stats-twofeats.cc:140) Average like for this file is -53.081 over 495 frames.
LOG (gmm-acc-stats-twofeats[5.5.891~1-37628]:main():gmm-acc-stats-twofeats.cc:140) Average like for this file is -55.9958 over 253 frames.
LOG (gmm-acc-stats-twofeats[5.5.891~1-37628]:main():gmm-acc-stats-twofeats.cc:140) Average like for this file is -55.819 over 370 frames.
LOG (gmm-acc-stats-twofeats[5.5.891~1-37628]:main():gmm-acc-stats-twofeats.cc:140) Average like for this file is -51.2082 over 563 frames.
LOG (gmm-acc-stats-twofeats[5.5.891~1-37628]:main():gmm-acc-stats-twofeats.cc:140) Average like for this file is -56.5495 over 658 frames.
LOG (gmm-acc-stats-twofeats[5.5.891~1-37628]:main():gmm-acc-stats-twofeats.cc:140) Average like for this file is -55.4683 over 319 frames.
LOG (gmm-acc-stats-twofeats[5.5.891~1-37628]:main():gmm-acc-stats-twofeats.cc:140) Average like for this file is -54.4905 over 221 frames.
LOG (gmm-acc-stats-twofeats[5.5.891~1-37628]:main():gmm-acc-stats-twofeats.cc:140) Average like for this file is -51.7208 over 231 frames.
LOG (gmm-acc-stats-twofeats[5.5.891~1-37628]:main():gmm-acc-stats-twofeats.cc:140) Average like for this file is -58.6178 over 165 frames.
LOG (gmm-acc-stats-twofeats[5.5.891~1-37628]:main():gmm-acc-stats-twofeats.cc:140) Average like for this file is -52.4956 over 470 frames.
LOG (gmm-acc-stats-twofeats[5.5.891~1-37628]:main():gmm-acc-stats-twofeats.cc:146) Avg like per frame so far is -54.1255
LOG (gmm-acc-stats-twofeats[5.5.891~1-37628]:main():gmm-acc-stats-twofeats.cc:140) Average like for this file is -53.4962 over 151 frames.
LOG (gmm-acc-stats-twofeats[5.5.891~1-37628]:main():gmm-acc-stats-twofeats.cc:140) Average like for this file is -44.9864 over 326 frames.
LOG (ali-to-post[5.5.891~1-37628]:main():ali-to-post.cc:73) Converted 99 alignments.
LOG (gmm-acc-stats-twofeats[5.5.891~1-37628]:main():gmm-acc-stats-twofeats.cc:140) Average like for this file is -50.5875 over 468 frames.
LOG (gmm-acc-stats-twofeats[5.5.891~1-37628]:main():gmm-acc-stats-twofeats.cc:140) Average like for this file is -54.0324 over 209 frames.
LOG (gmm-acc-stats-twofeats[5.5.891~1-37628]:main():gmm-acc-stats-twofeats.cc:140) Average like for this file is -53.9691 over 309 frames.
LOG (gmm-acc-stats-twofeats[5.5.891~1-37628]:main():gmm-acc-stats-twofeats.cc:140) Average like for this file is -52.1584 over 579 frames.
LOG (gmm-acc-stats-twofeats[5.5.891~1-37628]:main():gmm-acc-stats-twofeats.cc:140) Average like for this file is -53.6322 over 300 frames.
LOG (gmm-acc-stats-twofeats[5.5.891~1-37628]:main():gmm-acc-stats-twofeats.cc:140) Average like for this file is -52.3528 over 198 frames.
LOG (apply-cmvn[5.5.891~1-37628]:main():apply-cmvn.cc:162) Applied cepstral mean normalization to 99 utterances, errors on 0
LOG (gmm-acc-stats-twofeats[5.5.891~1-37628]:main():gmm-acc-stats-twofeats.cc:140) Average like for this file is -59.0379 over 110 frames.
LOG (gmm-acc-stats-twofeats[5.5.891~1-37628]:main():gmm-acc-stats-twofeats.cc:140) Average like for this file is -54.2415 over 152 frames.
LOG (gmm-acc-stats-twofeats[5.5.891~1-37628]:main():gmm-acc-stats-twofeats.cc:146) Avg like per frame so far is -53.8698
LOG (gmm-acc-stats-twofeats[5.5.891~1-37628]:main():gmm-acc-stats-twofeats.cc:140) Average like for this file is -55.9543 over 245 frames.
LOG (apply-cmvn[5.5.891~1-37628]:main():apply-cmvn.cc:162) Applied cepstral mean normalization to 99 utterances, errors on 0
LOG (gmm-acc-stats-twofeats[5.5.891~1-37628]:main():gmm-acc-stats-twofeats.cc:140) Average like for this file is -53.1709 over 208 frames.
LOG (gmm-acc-stats-twofeats[5.5.891~1-37628]:main():gmm-acc-stats-twofeats.cc:140) Average like for this file is -52.1588 over 217 frames.
LOG (gmm-acc-stats-twofeats[5.5.891~1-37628]:main():gmm-acc-stats-twofeats.cc:140) Average like for this file is -56.8595 over 332 frames.
LOG (gmm-acc-stats-twofeats[5.5.891~1-37628]:main():gmm-acc-stats-twofeats.cc:140) Average like for this file is -57.318 over 158 frames.
LOG (gmm-acc-stats-twofeats[5.5.891~1-37628]:main():gmm-acc-stats-twofeats.cc:140) Average like for this file is -56.24 over 221 frames.
LOG (transform-feats[5.5.891~1-37628]:main():transform-feats.cc:158) Overall average [pseudo-]logdet is -69.1217 over 25328 frames.
LOG (transform-feats[5.5.891~1-37628]:main():transform-feats.cc:161) Applied transform to 99 utterances; 0 had errors.
LOG (gmm-acc-stats-twofeats[5.5.891~1-37628]:main():gmm-acc-stats-twofeats.cc:140) Average like for this file is -56.6289 over 286 frames.
LOG (transform-feats[5.5.891~1-37628]:main():transform-feats.cc:158) Overall average logdet is 4.23883 over 25328 frames.
LOG (transform-feats[5.5.891~1-37628]:main():transform-feats.cc:161) Applied transform to 99 utterances; 0 had errors.
LOG (transform-feats[5.5.891~1-37628]:main():transform-feats.cc:158) Overall average [pseudo-]logdet is -69.1217 over 25328 frames.
LOG (transform-feats[5.5.891~1-37628]:main():transform-feats.cc:161) Applied transform to 99 utterances; 0 had errors.
LOG (gmm-acc-stats-twofeats[5.5.891~1-37628]:main():gmm-acc-stats-twofeats.cc:140) Average like for this file is -56.5816 over 487 frames.
LOG (gmm-acc-stats-twofeats[5.5.891~1-37628]:main():gmm-acc-stats-twofeats.cc:140) Average like for this file is -55.3548 over 187 frames.
LOG (gmm-acc-stats-twofeats[5.5.891~1-37628]:main():gmm-acc-stats-twofeats.cc:150) Done 99 files, 0 with no posteriors, 0 with no second features, 0 with other errors.
LOG (gmm-acc-stats-twofeats[5.5.891~1-37628]:main():gmm-acc-stats-twofeats.cc:155) Overall avg like per frame (Gaussian only) = -54.0452 over 25328 frames.
LOG (gmm-acc-stats-twofeats[5.5.891~1-37628]:main():gmm-acc-stats-twofeats.cc:163) Written accs.
# Accounting: time=0 threads=1
# Ended (code 0) at Fri Mar 12 16:43:26 CET 2021, elapsed time 0 seconds
