# gmm-acc-stats-ali exp/tri1/3.mdl "ark,s,cs:apply-cmvn  --utt2spk=ark:data/train/split2/1/utt2spk scp:data/train/split2/1/cmvn.scp scp:data/train/split2/1/feats.scp ark:- | add-deltas  ark:- ark:- |" "ark,s,cs:gunzip -c exp/tri1/ali.1.gz|" exp/tri1/3.1.acc 
# Started at Fri Mar 12 13:36:47 CET 2021
#
gmm-acc-stats-ali exp/tri1/3.mdl 'ark,s,cs:apply-cmvn  --utt2spk=ark:data/train/split2/1/utt2spk scp:data/train/split2/1/cmvn.scp scp:data/train/split2/1/feats.scp ark:- | add-deltas  ark:- ark:- |' 'ark,s,cs:gunzip -c exp/tri1/ali.1.gz|' exp/tri1/3.1.acc 
apply-cmvn --utt2spk=ark:data/train/split2/1/utt2spk scp:data/train/split2/1/cmvn.scp scp:data/train/split2/1/feats.scp ark:- 
add-deltas ark:- ark:- 
WARNING (gmm-acc-stats-ali[5.5.891~1-37628]:main():gmm-acc-stats-ali.cc:79) No alignment for utterance 1016_locuteur1_125_l
WARNING (gmm-acc-stats-ali[5.5.891~1-37628]:main():gmm-acc-stats-ali.cc:79) No alignment for utterance 1016_locuteur1_125_r
LOG (gmm-acc-stats-ali[5.5.891~1-37628]:main():gmm-acc-stats-ali.cc:105) Processed 50 utterances; for utterance 1016_locuteur1_142_r avg. like is -94.789 over 159 frames.
LOG (gmm-acc-stats-ali[5.5.891~1-37628]:main():gmm-acc-stats-ali.cc:105) Processed 100 utterances; for utterance 1016_locuteur1_184_r avg. like is -96.1743 over 405 frames.
LOG (gmm-acc-stats-ali[5.5.891~1-37628]:main():gmm-acc-stats-ali.cc:105) Processed 150 utterances; for utterance 1016_locuteur1_229_r avg. like is -97.6928 over 447 frames.
LOG (gmm-acc-stats-ali[5.5.891~1-37628]:main():gmm-acc-stats-ali.cc:105) Processed 200 utterances; for utterance 1016_locuteur1_271_r avg. like is -92.0689 over 214 frames.
LOG (gmm-acc-stats-ali[5.5.891~1-37628]:main():gmm-acc-stats-ali.cc:105) Processed 250 utterances; for utterance 1016_locuteur1_315_r avg. like is -96.0892 over 129 frames.
LOG (gmm-acc-stats-ali[5.5.891~1-37628]:main():gmm-acc-stats-ali.cc:105) Processed 300 utterances; for utterance 1016_locuteur1_71_r avg. like is -89.5917 over 268 frames.
LOG (gmm-acc-stats-ali[5.5.891~1-37628]:main():gmm-acc-stats-ali.cc:105) Processed 350 utterances; for utterance 1016_locuteur2_10_r avg. like is -93.3657 over 157 frames.
LOG (gmm-acc-stats-ali[5.5.891~1-37628]:main():gmm-acc-stats-ali.cc:105) Processed 400 utterances; for utterance 1016_locuteur2_159_r avg. like is -89.6537 over 414 frames.
LOG (gmm-acc-stats-ali[5.5.891~1-37628]:main():gmm-acc-stats-ali.cc:105) Processed 450 utterances; for utterance 1016_locuteur2_209_r avg. like is -90.0657 over 105 frames.
LOG (gmm-acc-stats-ali[5.5.891~1-37628]:main():gmm-acc-stats-ali.cc:105) Processed 500 utterances; for utterance 1016_locuteur2_262_r avg. like is -95.6431 over 150 frames.
LOG (gmm-acc-stats-ali[5.5.891~1-37628]:main():gmm-acc-stats-ali.cc:105) Processed 550 utterances; for utterance 1016_locuteur2_6_r avg. like is -90.516 over 206 frames.
WARNING (gmm-acc-stats-ali[5.5.891~1-37628]:main():gmm-acc-stats-ali.cc:79) No alignment for utterance 1016_locuteur2_8_l
WARNING (gmm-acc-stats-ali[5.5.891~1-37628]:main():gmm-acc-stats-ali.cc:79) No alignment for utterance 1016_locuteur2_8_r
LOG (gmm-acc-stats-ali[5.5.891~1-37628]:main():gmm-acc-stats-ali.cc:105) Processed 600 utterances; for utterance 1022_26_r avg. like is -92.7389 over 260 frames.
LOG (gmm-acc-stats-ali[5.5.891~1-37628]:main():gmm-acc-stats-ali.cc:105) Processed 650 utterances; for utterance 1022_71_r avg. like is -90.8409 over 50 frames.
LOG (gmm-acc-stats-ali[5.5.891~1-37628]:main():gmm-acc-stats-ali.cc:105) Processed 700 utterances; for utterance 1023_117_r avg. like is -106.26 over 97 frames.
LOG (gmm-acc-stats-ali[5.5.891~1-37628]:main():gmm-acc-stats-ali.cc:105) Processed 750 utterances; for utterance 1023_158_r avg. like is -98.2569 over 175 frames.
LOG (gmm-acc-stats-ali[5.5.891~1-37628]:main():gmm-acc-stats-ali.cc:105) Processed 800 utterances; for utterance 1023_202_r avg. like is -100.945 over 206 frames.
LOG (gmm-acc-stats-ali[5.5.891~1-37628]:main():gmm-acc-stats-ali.cc:105) Processed 850 utterances; for utterance 1023_247_r avg. like is -99.3976 over 325 frames.
LOG (gmm-acc-stats-ali[5.5.891~1-37628]:main():gmm-acc-stats-ali.cc:105) Processed 900 utterances; for utterance 1023_5_r avg. like is -101.272 over 80 frames.
LOG (gmm-acc-stats-ali[5.5.891~1-37628]:main():gmm-acc-stats-ali.cc:105) Processed 950 utterances; for utterance 1023_9_r avg. like is -97.872 over 130 frames.
LOG (gmm-acc-stats-ali[5.5.891~1-37628]:main():gmm-acc-stats-ali.cc:105) Processed 1000 utterances; for utterance 1024_145_r avg. like is -105.873 over 46 frames.
WARNING (gmm-acc-stats-ali[5.5.891~1-37628]:main():gmm-acc-stats-ali.cc:79) No alignment for utterance 1024_185_l
WARNING (gmm-acc-stats-ali[5.5.891~1-37628]:main():gmm-acc-stats-ali.cc:79) No alignment for utterance 1024_185_r
LOG (gmm-acc-stats-ali[5.5.891~1-37628]:main():gmm-acc-stats-ali.cc:105) Processed 1050 utterances; for utterance 1024_21_r avg. like is -92.9989 over 523 frames.
LOG (gmm-acc-stats-ali[5.5.891~1-37628]:main():gmm-acc-stats-ali.cc:105) Processed 1100 utterances; for utterance 1024_65_r avg. like is -91.9213 over 426 frames.
LOG (apply-cmvn[5.5.891~1-37628]:main():apply-cmvn.cc:162) Applied cepstral mean normalization to 1144 utterances, errors on 0
LOG (gmm-acc-stats-ali[5.5.891~1-37628]:main():gmm-acc-stats-ali.cc:112) Done 1138 files, 6 with errors.
LOG (gmm-acc-stats-ali[5.5.891~1-37628]:main():gmm-acc-stats-ali.cc:115) Overall avg like per frame (Gaussian only) = -95.3811 over 244634 frames.
LOG (gmm-acc-stats-ali[5.5.891~1-37628]:main():gmm-acc-stats-ali.cc:123) Written accs.
# Accounting: time=0 threads=1
# Ended (code 0) at Fri Mar 12 13:36:47 CET 2021, elapsed time 0 seconds
