# gmm-init-model --write-occs=exp/tri1/1.occs exp/tri1/tree exp/tri1/treeacc data/lang/topo exp/tri1/1.mdl 
# Started at Fri Mar 12 13:36:38 CET 2021
#
gmm-init-model --write-occs=exp/tri1/1.occs exp/tri1/tree exp/tri1/treeacc data/lang/topo exp/tri1/1.mdl 
LOG (gmm-init-model[5.5.891~1-37628]:main():gmm-init-model.cc:271) Number of separate statistics is 37738
WARNING (gmm-init-model[5.5.891~1-37628]:InitAmGmm():gmm-init-model.cc:55) Tree has pdf-id 0 with no stats; corresponding phone list: 1 2 3 4 5 
WARNING (gmm-init-model[5.5.891~1-37628]:InitAmGmm():gmm-init-model.cc:55) Tree has pdf-id 2 with no stats; corresponding phone list: 11 12 13 14 15 
WARNING (gmm-init-model[5.5.891~1-37628]:InitAmGmm():gmm-init-model.cc:55) Tree has pdf-id 3 with no stats; corresponding phone list: 16 17 18 19 20 
WARNING (gmm-init-model[5.5.891~1-37628]:InitAmGmm():gmm-init-model.cc:55) Tree has pdf-id 4 with no stats; corresponding phone list: 21 22 23 24 25 
WARNING (gmm-init-model[5.5.891~1-37628]:InitAmGmm():gmm-init-model.cc:55) Tree has pdf-id 5 with no stats; corresponding phone list: 26 27 28 29 30 
WARNING (gmm-init-model[5.5.891~1-37628]:InitAmGmm():gmm-init-model.cc:55) Tree has pdf-id 6 with no stats; corresponding phone list: 31 32 33 34 35 
WARNING (gmm-init-model[5.5.891~1-37628]:InitAmGmm():gmm-init-model.cc:55) Tree has pdf-id 7 with no stats; corresponding phone list: 36 37 38 39 40 
WARNING (gmm-init-model[5.5.891~1-37628]:InitAmGmm():gmm-init-model.cc:55) Tree has pdf-id 8 with no stats; corresponding phone list: 41 42 43 44 45 
WARNING (gmm-init-model[5.5.891~1-37628]:InitAmGmm():gmm-init-model.cc:55) Tree has pdf-id 9 with no stats; corresponding phone list: 46 47 48 49 50 
WARNING (gmm-init-model[5.5.891~1-37628]:InitAmGmm():gmm-init-model.cc:55) Tree has pdf-id 10 with no stats; corresponding phone list: 51 52 53 54 55 
WARNING (gmm-init-model[5.5.891~1-37628]:InitAmGmm():gmm-init-model.cc:55) Tree has pdf-id 11 with no stats; corresponding phone list: 56 57 58 59 60 
WARNING (gmm-init-model[5.5.891~1-37628]:InitAmGmm():gmm-init-model.cc:55) Tree has pdf-id 12 with no stats; corresponding phone list: 61 62 63 64 65 
WARNING (gmm-init-model[5.5.891~1-37628]:InitAmGmm():gmm-init-model.cc:55) Tree has pdf-id 13 with no stats; corresponding phone list: 66 67 68 69 70 
WARNING (gmm-init-model[5.5.891~1-37628]:InitAmGmm():gmm-init-model.cc:55) Tree has pdf-id 15 with no stats; corresponding phone list: 76 77 78 79 
WARNING (gmm-init-model[5.5.891~1-37628]:InitAmGmm():gmm-init-model.cc:55) Tree has pdf-id 85 with no stats; corresponding phone list: 356 357 358 359 
WARNING (gmm-init-model[5.5.891~1-37628]:InitAmGmm():gmm-init-model.cc:83) Very small count for state 16: 59; corresponding phone list: 80 81 82 83 
WARNING (gmm-init-model[5.5.891~1-37628]:InitAmGmm():gmm-init-model.cc:83) Very small count for state 17: 82; corresponding phone list: 84 85 86 87 
WARNING (gmm-init-model[5.5.891~1-37628]:InitAmGmm():gmm-init-model.cc:83) Very small count for state 19: 25; corresponding phone list: 92 93 94 95 
WARNING (gmm-init-model[5.5.891~1-37628]:InitAmGmm():gmm-init-model.cc:83) Very small count for state 21: 87; corresponding phone list: 100 101 102 103 
WARNING (gmm-init-model[5.5.891~1-37628]:InitAmGmm():gmm-init-model.cc:83) Very small count for state 23: 59; corresponding phone list: 108 109 110 111 
WARNING (gmm-init-model[5.5.891~1-37628]:InitAmGmm():gmm-init-model.cc:83) Very small count for state 25: 48; corresponding phone list: 116 117 118 119 
WARNING (gmm-init-model[5.5.891~1-37628]:InitAmGmm():gmm-init-model.cc:83) Very small count for state 26: 88; corresponding phone list: 120 121 122 123 
WARNING (gmm-init-model[5.5.891~1-37628]:InitAmGmm():gmm-init-model.cc:83) Very small count for state 28: 72; corresponding phone list: 128 129 130 131 
WARNING (gmm-init-model[5.5.891~1-37628]:InitAmGmm():gmm-init-model.cc:83) Very small count for state 32: 76; corresponding phone list: 144 145 146 147 
WARNING (gmm-init-model[5.5.891~1-37628]:InitAmGmm():gmm-init-model.cc:83) Very small count for state 33: 98; corresponding phone list: 148 149 150 151 
WARNING (gmm-init-model[5.5.891~1-37628]:InitAmGmm():gmm-init-model.cc:83) Very small count for state 35: 41; corresponding phone list: 156 157 158 159 
WARNING (gmm-init-model[5.5.891~1-37628]:InitAmGmm():gmm-init-model.cc:83) Very small count for state 36: 70; corresponding phone list: 160 161 162 163 
WARNING (gmm-init-model[5.5.891~1-37628]:InitAmGmm():gmm-init-model.cc:83) Very small count for state 37: 38; corresponding phone list: 164 165 166 167 
WARNING (gmm-init-model[5.5.891~1-37628]:InitAmGmm():gmm-init-model.cc:83) Very small count for state 40: 51; corresponding phone list: 176 177 178 179 
WARNING (gmm-init-model[5.5.891~1-37628]:InitAmGmm():gmm-init-model.cc:83) Very small count for state 57: 24; corresponding phone list: 244 245 246 247 
WARNING (gmm-init-model[5.5.891~1-37628]:InitAmGmm():gmm-init-model.cc:83) Very small count for state 62: 25; corresponding phone list: 264 265 266 267 
WARNING (gmm-init-model[5.5.891~1-37628]:InitAmGmm():gmm-init-model.cc:83) Very small count for state 63: 76; corresponding phone list: 268 269 270 271 
WARNING (gmm-init-model[5.5.891~1-37628]:InitAmGmm():gmm-init-model.cc:83) Very small count for state 66: 14; corresponding phone list: 280 281 282 283 
WARNING (gmm-init-model[5.5.891~1-37628]:InitAmGmm():gmm-init-model.cc:83) Very small count for state 70: 41; corresponding phone list: 296 297 298 299 
WARNING (gmm-init-model[5.5.891~1-37628]:InitAmGmm():gmm-init-model.cc:83) Very small count for state 74: 40; corresponding phone list: 312 313 314 315 
WARNING (gmm-init-model[5.5.891~1-37628]:InitAmGmm():gmm-init-model.cc:83) Very small count for state 75: 67; corresponding phone list: 316 317 318 319 
WARNING (gmm-init-model[5.5.891~1-37628]:InitAmGmm():gmm-init-model.cc:83) Very small count for state 76: 18; corresponding phone list: 320 321 322 323 
WARNING (gmm-init-model[5.5.891~1-37628]:InitAmGmm():gmm-init-model.cc:83) Very small count for state 78: 33; corresponding phone list: 328 329 330 331 
WARNING (gmm-init-model[5.5.891~1-37628]:InitAmGmm():gmm-init-model.cc:83) Very small count for state 79: 63; corresponding phone list: 332 333 334 335 
WARNING (gmm-init-model[5.5.891~1-37628]:InitAmGmm():gmm-init-model.cc:83) Very small count for state 81: 71; corresponding phone list: 340 341 342 343 
WARNING (gmm-init-model[5.5.891~1-37628]:InitAmGmm():gmm-init-model.cc:83) Very small count for state 82: 12; corresponding phone list: 344 345 346 347 
WARNING (gmm-init-model[5.5.891~1-37628]:InitAmGmm():gmm-init-model.cc:83) Very small count for state 83: 36; corresponding phone list: 348 349 350 351 
WARNING (gmm-init-model[5.5.891~1-37628]:InitAmGmm():gmm-init-model.cc:83) Very small count for state 84: 38; corresponding phone list: 352 353 354 355 
WARNING (gmm-init-model[5.5.891~1-37628]:InitAmGmm():gmm-init-model.cc:83) Very small count for state 94: 66; corresponding phone list: 135 
WARNING (gmm-init-model[5.5.891~1-37628]:InitAmGmm():gmm-init-model.cc:83) Very small count for state 101: 32; corresponding phone list: 88 89 90 91 
WARNING (gmm-init-model[5.5.891~1-37628]:InitAmGmm():gmm-init-model.cc:83) Very small count for state 111: 66; corresponding phone list: 144 145 146 147 
WARNING (gmm-init-model[5.5.891~1-37628]:InitAmGmm():gmm-init-model.cc:83) Very small count for state 115: 20; corresponding phone list: 104 105 106 107 
WARNING (gmm-init-model[5.5.891~1-37628]:InitAmGmm():gmm-init-model.cc:83) Very small count for state 122: 91; corresponding phone list: 156 157 158 159 
WARNING (gmm-init-model[5.5.891~1-37628]:InitAmGmm():gmm-init-model.cc:83) Very small count for state 123: 93; corresponding phone list: 116 117 118 119 
WARNING (gmm-init-model[5.5.891~1-37628]:InitAmGmm():gmm-init-model.cc:83) Very small count for state 131: 96; corresponding phone list: 144 145 146 147 
WARNING (gmm-init-model[5.5.891~1-37628]:InitAmGmm():gmm-init-model.cc:83) Very small count for state 134: 39; corresponding phone list: 80 81 82 83 
WARNING (gmm-init-model[5.5.891~1-37628]:InitAmGmm():gmm-init-model.cc:83) Very small count for state 139: 54; corresponding phone list: 180 181 182 183 
WARNING (gmm-init-model[5.5.891~1-37628]:InitAmGmm():gmm-init-model.cc:83) Very small count for state 141: 28; corresponding phone list: 105 
WARNING (gmm-init-model[5.5.891~1-37628]:InitAmGmm():gmm-init-model.cc:83) Very small count for state 153: 70; corresponding phone list: 184 185 186 187 
WARNING (gmm-init-model[5.5.891~1-37628]:InitAmGmm():gmm-init-model.cc:83) Very small count for state 155: 84; corresponding phone list: 84 85 86 87 
WARNING (gmm-init-model[5.5.891~1-37628]:InitAmGmm():gmm-init-model.cc:83) Very small count for state 159: 58; corresponding phone list: 80 81 82 83 
WARNING (gmm-init-model[5.5.891~1-37628]:InitAmGmm():gmm-init-model.cc:83) Very small count for state 163: 64; corresponding phone list: 232 233 234 235 
WARNING (gmm-init-model[5.5.891~1-37628]:InitAmGmm():gmm-init-model.cc:83) Very small count for state 164: 78; corresponding phone list: 168 169 170 171 
WARNING (gmm-init-model[5.5.891~1-37628]:InitAmGmm():gmm-init-model.cc:83) Very small count for state 165: 78; corresponding phone list: 84 85 86 87 
WARNING (gmm-init-model[5.5.891~1-37628]:InitAmGmm():gmm-init-model.cc:83) Very small count for state 175: 48; corresponding phone list: 132 133 134 135 
WARNING (gmm-init-model[5.5.891~1-37628]:InitAmGmm():gmm-init-model.cc:83) Very small count for state 176: 21; corresponding phone list: 293 
WARNING (gmm-init-model[5.5.891~1-37628]:InitAmGmm():gmm-init-model.cc:83) Very small count for state 180: 48; corresponding phone list: 264 265 266 267 
WARNING (gmm-init-model[5.5.891~1-37628]:InitAmGmm():gmm-init-model.cc:83) Very small count for state 182: 22; corresponding phone list: 84 85 86 87 
WARNING (gmm-init-model[5.5.891~1-37628]:InitAmGmm():gmm-init-model.cc:83) Very small count for state 185: 31; corresponding phone list: 108 109 110 111 
WARNING (gmm-init-model[5.5.891~1-37628]:InitAmGmm():gmm-init-model.cc:83) Very small count for state 186: 94; corresponding phone list: 280 281 282 283 
WARNING (gmm-init-model[5.5.891~1-37628]:InitAmGmm():gmm-init-model.cc:83) Very small count for state 188: 74; corresponding phone list: 264 265 266 267 
WARNING (gmm-init-model[5.5.891~1-37628]:InitAmGmm():gmm-init-model.cc:83) Very small count for state 190: 62; corresponding phone list: 100 101 102 103 
WARNING (gmm-init-model[5.5.891~1-37628]:InitAmGmm():gmm-init-model.cc:83) Very small count for state 198: 18; corresponding phone list: 84 85 86 87 
WARNING (gmm-init-model[5.5.891~1-37628]:InitAmGmm():gmm-init-model.cc:83) Very small count for state 199: 72; corresponding phone list: 112 113 114 115 
WARNING (gmm-init-model[5.5.891~1-37628]:InitAmGmm():gmm-init-model.cc:83) Very small count for state 200: 70; corresponding phone list: 84 85 86 87 
WARNING (gmm-init-model[5.5.891~1-37628]:InitAmGmm():gmm-init-model.cc:83) Very small count for state 201: 30; corresponding phone list: 164 165 166 167 
WARNING (gmm-init-model[5.5.891~1-37628]:InitAmGmm():gmm-init-model.cc:83) Very small count for state 209: 46; corresponding phone list: 168 169 170 171 
WARNING (gmm-init-model[5.5.891~1-37628]:InitAmGmm():gmm-init-model.cc:83) Very small count for state 216: 85; corresponding phone list: 160 161 162 163 
WARNING (gmm-init-model[5.5.891~1-37628]:InitAmGmm():gmm-init-model.cc:83) Very small count for state 217: 90; corresponding phone list: 160 161 162 163 
WARNING (gmm-init-model[5.5.891~1-37628]:InitAmGmm():gmm-init-model.cc:83) Very small count for state 218: 54; corresponding phone list: 260 261 262 263 
WARNING (gmm-init-model[5.5.891~1-37628]:InitAmGmm():gmm-init-model.cc:83) Very small count for state 229: 99; corresponding phone list: 180 181 182 183 
WARNING (gmm-init-model[5.5.891~1-37628]:InitAmGmm():gmm-init-model.cc:83) Very small count for state 235: 61; corresponding phone list: 180 181 182 183 
WARNING (gmm-init-model[5.5.891~1-37628]:InitAmGmm():gmm-init-model.cc:83) Very small count for state 238: 50; corresponding phone list: 104 105 106 107 
WARNING (gmm-init-model[5.5.891~1-37628]:InitAmGmm():gmm-init-model.cc:83) Very small count for state 241: 49; corresponding phone list: 208 209 210 211 
WARNING (gmm-init-model[5.5.891~1-37628]:InitAmGmm():gmm-init-model.cc:83) Very small count for state 243: 95; corresponding phone list: 216 217 218 219 
WARNING (gmm-init-model[5.5.891~1-37628]:InitAmGmm():gmm-init-model.cc:83) Very small count for state 244: 47; corresponding phone list: 249 
WARNING (gmm-init-model[5.5.891~1-37628]:InitAmGmm():gmm-init-model.cc:83) Very small count for state 247: 72; corresponding phone list: 84 85 86 87 
WARNING (gmm-init-model[5.5.891~1-37628]:InitAmGmm():gmm-init-model.cc:83) Very small count for state 253: 93; corresponding phone list: 240 241 242 243 
WARNING (gmm-init-model[5.5.891~1-37628]:InitAmGmm():gmm-init-model.cc:83) Very small count for state 254: 52; corresponding phone list: 312 313 314 315 
WARNING (gmm-init-model[5.5.891~1-37628]:InitAmGmm():gmm-init-model.cc:83) Very small count for state 255: 90; corresponding phone list: 136 137 138 139 
WARNING (gmm-init-model[5.5.891~1-37628]:InitAmGmm():gmm-init-model.cc:83) Very small count for state 264: 46; corresponding phone list: 84 85 86 87 
WARNING (gmm-init-model[5.5.891~1-37628]:InitAmGmm():gmm-init-model.cc:83) Very small count for state 266: 77; corresponding phone list: 284 285 286 287 
WARNING (gmm-init-model[5.5.891~1-37628]:InitAmGmm():gmm-init-model.cc:83) Very small count for state 267: 96; corresponding phone list: 184 185 186 187 
WARNING (gmm-init-model[5.5.891~1-37628]:InitAmGmm():gmm-init-model.cc:83) Very small count for state 271: 59; corresponding phone list: 80 81 82 83 
WARNING (gmm-init-model[5.5.891~1-37628]:InitAmGmm():gmm-init-model.cc:83) Very small count for state 273: 16; corresponding phone list: 316 317 318 319 
WARNING (gmm-init-model[5.5.891~1-37628]:InitAmGmm():gmm-init-model.cc:83) Very small count for state 279: 70; corresponding phone list: 80 81 82 83 
WARNING (gmm-init-model[5.5.891~1-37628]:InitAmGmm():gmm-init-model.cc:83) Very small count for state 287: 90; corresponding phone list: 81 
WARNING (gmm-init-model[5.5.891~1-37628]:InitAmGmm():gmm-init-model.cc:83) Very small count for state 291: 55; corresponding phone list: 240 241 242 243 
WARNING (gmm-init-model[5.5.891~1-37628]:InitAmGmm():gmm-init-model.cc:83) Very small count for state 293: 57; corresponding phone list: 135 
WARNING (gmm-init-model[5.5.891~1-37628]:InitAmGmm():gmm-init-model.cc:83) Very small count for state 296: 90; corresponding phone list: 160 161 162 163 
WARNING (gmm-init-model[5.5.891~1-37628]:InitAmGmm():gmm-init-model.cc:83) Very small count for state 299: 70; corresponding phone list: 88 89 90 91 
WARNING (gmm-init-model[5.5.891~1-37628]:InitAmGmm():gmm-init-model.cc:83) Very small count for state 305: 41; corresponding phone list: 116 117 118 119 
WARNING (gmm-init-model[5.5.891~1-37628]:InitAmGmm():gmm-init-model.cc:83) Very small count for state 306: 73; corresponding phone list: 104 105 106 107 
WARNING (gmm-init-model[5.5.891~1-37628]:InitAmGmm():gmm-init-model.cc:83) Very small count for state 307: 50; corresponding phone list: 104 105 106 107 
WARNING (gmm-init-model[5.5.891~1-37628]:InitAmGmm():gmm-init-model.cc:83) Very small count for state 310: 69; corresponding phone list: 84 85 86 87 
WARNING (gmm-init-model[5.5.891~1-37628]:InitAmGmm():gmm-init-model.cc:83) Very small count for state 311: 49; corresponding phone list: 84 85 86 87 
WARNING (gmm-init-model[5.5.891~1-37628]:InitAmGmm():gmm-init-model.cc:83) Very small count for state 313: 82; corresponding phone list: 268 269 270 271 
WARNING (gmm-init-model[5.5.891~1-37628]:InitAmGmm():gmm-init-model.cc:83) Very small count for state 315: 85; corresponding phone list: 135 
WARNING (gmm-init-model[5.5.891~1-37628]:InitAmGmm():gmm-init-model.cc:83) Very small count for state 316: 56; corresponding phone list: 100 101 102 103 
WARNING (gmm-init-model[5.5.891~1-37628]:InitAmGmm():gmm-init-model.cc:83) Very small count for state 319: 41; corresponding phone list: 168 169 170 171 
WARNING (gmm-init-model[5.5.891~1-37628]:InitAmGmm():gmm-init-model.cc:83) Very small count for state 321: 62; corresponding phone list: 160 161 162 163 
WARNING (gmm-init-model[5.5.891~1-37628]:InitAmGmm():gmm-init-model.cc:83) Very small count for state 325: 74; corresponding phone list: 132 133 134 
WARNING (gmm-init-model[5.5.891~1-37628]:InitAmGmm():gmm-init-model.cc:83) Very small count for state 330: 80; corresponding phone list: 300 301 302 303 
WARNING (gmm-init-model[5.5.891~1-37628]:InitAmGmm():gmm-init-model.cc:83) Very small count for state 333: 49; corresponding phone list: 168 169 170 171 
WARNING (gmm-init-model[5.5.891~1-37628]:InitAmGmm():gmm-init-model.cc:83) Very small count for state 334: 87; corresponding phone list: 160 161 162 163 
WARNING (gmm-init-model[5.5.891~1-37628]:InitAmGmm():gmm-init-model.cc:83) Very small count for state 335: 89; corresponding phone list: 135 
WARNING (gmm-init-model[5.5.891~1-37628]:InitAmGmm():gmm-init-model.cc:83) Very small count for state 337: 71; corresponding phone list: 152 153 154 155 
WARNING (gmm-init-model[5.5.891~1-37628]:InitAmGmm():gmm-init-model.cc:83) Very small count for state 338: 34; corresponding phone list: 157 
WARNING (gmm-init-model[5.5.891~1-37628]:InitAmGmm():gmm-init-model.cc:83) Very small count for state 339: 67; corresponding phone list: 84 85 86 87 
WARNING (gmm-init-model[5.5.891~1-37628]:InitAmGmm():gmm-init-model.cc:83) Very small count for state 344: 46; corresponding phone list: 112 113 114 115 
WARNING (gmm-init-model[5.5.891~1-37628]:InitAmGmm():gmm-init-model.cc:83) Very small count for state 349: 26; corresponding phone list: 161 
WARNING (gmm-init-model[5.5.891~1-37628]:InitAmGmm():gmm-init-model.cc:83) Very small count for state 353: 78; corresponding phone list: 300 301 302 303 
WARNING (gmm-init-model[5.5.891~1-37628]:InitAmGmm():gmm-init-model.cc:83) Very small count for state 356: 47; corresponding phone list: 113 
WARNING (gmm-init-model[5.5.891~1-37628]:InitAmGmm():gmm-init-model.cc:83) Very small count for state 361: 94; corresponding phone list: 128 129 130 131 
WARNING (gmm-init-model[5.5.891~1-37628]:InitAmGmm():gmm-init-model.cc:83) Very small count for state 372: 29; corresponding phone list: 270 
WARNING (gmm-init-model[5.5.891~1-37628]:InitAmGmm():gmm-init-model.cc:83) Very small count for state 375: 58; corresponding phone list: 80 81 82 83 
WARNING (gmm-init-model[5.5.891~1-37628]:InitAmGmm():gmm-init-model.cc:83) Very small count for state 376: 68; corresponding phone list: 80 81 82 83 
WARNING (gmm-init-model[5.5.891~1-37628]:InitAmGmm():gmm-init-model.cc:83) Very small count for state 378: 74; corresponding phone list: 104 105 106 107 
WARNING (gmm-init-model[5.5.891~1-37628]:InitAmGmm():gmm-init-model.cc:83) Very small count for state 380: 43; corresponding phone list: 288 289 290 291 
WARNING (gmm-init-model[5.5.891~1-37628]:InitAmGmm():gmm-init-model.cc:83) Very small count for state 381: 67; corresponding phone list: 152 153 154 155 
WARNING (gmm-init-model[5.5.891~1-37628]:InitAmGmm():gmm-init-model.cc:83) Very small count for state 382: 81; corresponding phone list: 152 153 154 155 
WARNING (gmm-init-model[5.5.891~1-37628]:InitAmGmm():gmm-init-model.cc:83) Very small count for state 384: 40; corresponding phone list: 152 153 154 155 
WARNING (gmm-init-model[5.5.891~1-37628]:InitAmGmm():gmm-init-model.cc:83) Very small count for state 385: 38; corresponding phone list: 80 81 82 83 
WARNING (gmm-init-model[5.5.891~1-37628]:InitAmGmm():gmm-init-model.cc:83) Very small count for state 386: 90; corresponding phone list: 300 301 302 303 
WARNING (gmm-init-model[5.5.891~1-37628]:InitAmGmm():gmm-init-model.cc:83) Very small count for state 387: 40; corresponding phone list: 260 261 262 263 
WARNING (gmm-init-model[5.5.891~1-37628]:InitAmGmm():gmm-init-model.cc:83) Very small count for state 388: 36; corresponding phone list: 88 89 90 91 
WARNING (gmm-init-model[5.5.891~1-37628]:InitAmGmm():gmm-init-model.cc:83) Very small count for state 390: 29; corresponding phone list: 88 89 90 91 
WARNING (gmm-init-model[5.5.891~1-37628]:InitAmGmm():gmm-init-model.cc:83) Very small count for state 401: 96; corresponding phone list: 84 85 86 87 
WARNING (gmm-init-model[5.5.891~1-37628]:InitAmGmm():gmm-init-model.cc:83) Very small count for state 404: 84; corresponding phone list: 224 225 226 227 
WARNING (gmm-init-model[5.5.891~1-37628]:InitAmGmm():gmm-init-model.cc:83) Very small count for state 405: 96; corresponding phone list: 144 145 146 147 
WARNING (gmm-init-model[5.5.891~1-37628]:InitAmGmm():gmm-init-model.cc:83) Very small count for state 411: 59; corresponding phone list: 185 
WARNING (gmm-init-model[5.5.891~1-37628]:InitAmGmm():gmm-init-model.cc:83) Very small count for state 412: 87; corresponding phone list: 152 153 154 155 
WARNING (gmm-init-model[5.5.891~1-37628]:InitAmGmm():gmm-init-model.cc:83) Very small count for state 413: 29; corresponding phone list: 152 153 154 155 
WARNING (gmm-init-model[5.5.891~1-37628]:InitAmGmm():gmm-init-model.cc:83) Very small count for state 414: 65; corresponding phone list: 228 229 230 231 
WARNING (gmm-init-model[5.5.891~1-37628]:InitAmGmm():gmm-init-model.cc:83) Very small count for state 417: 79; corresponding phone list: 188 189 190 191 
WARNING (gmm-init-model[5.5.891~1-37628]:InitAmGmm():gmm-init-model.cc:83) Very small count for state 419: 74; corresponding phone list: 100 101 102 103 
WARNING (gmm-init-model[5.5.891~1-37628]:InitAmGmm():gmm-init-model.cc:83) Very small count for state 420: 81; corresponding phone list: 152 153 154 155 
WARNING (gmm-init-model[5.5.891~1-37628]:InitAmGmm():gmm-init-model.cc:83) Very small count for state 421: 97; corresponding phone list: 152 153 154 155 
WARNING (gmm-init-model[5.5.891~1-37628]:InitAmGmm():gmm-init-model.cc:83) Very small count for state 425: 94; corresponding phone list: 104 105 106 107 
WARNING (gmm-init-model[5.5.891~1-37628]:InitAmGmm():gmm-init-model.cc:83) Very small count for state 430: 28; corresponding phone list: 88 89 90 91 
WARNING (gmm-init-model[5.5.891~1-37628]:InitAmGmm():gmm-init-model.cc:83) Very small count for state 431: 73; corresponding phone list: 180 181 182 183 
WARNING (gmm-init-model[5.5.891~1-37628]:InitAmGmm():gmm-init-model.cc:83) Very small count for state 433: 89; corresponding phone list: 132 133 134 
WARNING (gmm-init-model[5.5.891~1-37628]:InitAmGmm():gmm-init-model.cc:83) Very small count for state 434: 14; corresponding phone list: 292 294 295 
WARNING (gmm-init-model[5.5.891~1-37628]:InitAmGmm():gmm-init-model.cc:83) Very small count for state 436: 40; corresponding phone list: 152 153 154 155 
WARNING (gmm-init-model[5.5.891~1-37628]:InitAmGmm():gmm-init-model.cc:83) Very small count for state 437: 86; corresponding phone list: 152 153 154 155 
WARNING (gmm-init-model[5.5.891~1-37628]:InitAmGmm():gmm-init-model.cc:83) Very small count for state 446: 80; corresponding phone list: 168 169 170 171 
WARNING (gmm-init-model[5.5.891~1-37628]:InitAmGmm():gmm-init-model.cc:83) Very small count for state 447: 95; corresponding phone list: 256 257 258 259 
WARNING (gmm-init-model[5.5.891~1-37628]:InitAmGmm():gmm-init-model.cc:83) Very small count for state 451: 94; corresponding phone list: 135 
WARNING (gmm-init-model[5.5.891~1-37628]:InitAmGmm():gmm-init-model.cc:83) Very small count for state 454: 49; corresponding phone list: 116 117 118 119 
WARNING (gmm-init-model[5.5.891~1-37628]:InitAmGmm():gmm-init-model.cc:83) Very small count for state 461: 82; corresponding phone list: 160 162 163 
WARNING (gmm-init-model[5.5.891~1-37628]:InitAmGmm():gmm-init-model.cc:83) Very small count for state 462: 66; corresponding phone list: 168 169 170 171 
WARNING (gmm-init-model[5.5.891~1-37628]:InitAmGmm():gmm-init-model.cc:83) Very small count for state 463: 21; corresponding phone list: 140 141 142 143 
WARNING (gmm-init-model[5.5.891~1-37628]:InitAmGmm():gmm-init-model.cc:83) Very small count for state 468: 76; corresponding phone list: 100 101 102 103 
WARNING (gmm-init-model[5.5.891~1-37628]:InitAmGmm():gmm-init-model.cc:83) Very small count for state 469: 72; corresponding phone list: 260 261 262 263 
WARNING (gmm-init-model[5.5.891~1-37628]:InitAmGmm():gmm-init-model.cc:83) Very small count for state 470: 67; corresponding phone list: 135 
WARNING (gmm-init-model[5.5.891~1-37628]:InitAmGmm():gmm-init-model.cc:83) Very small count for state 471: 71; corresponding phone list: 288 289 290 291 
WARNING (gmm-init-model[5.5.891~1-37628]:InitAmGmm():gmm-init-model.cc:83) Very small count for state 472: 93; corresponding phone list: 152 153 154 155 
WARNING (gmm-init-model[5.5.891~1-37628]:InitAmGmm():gmm-init-model.cc:83) Very small count for state 473: 80; corresponding phone list: 157 
WARNING (gmm-init-model[5.5.891~1-37628]:InitAmGmm():gmm-init-model.cc:83) Very small count for state 477: 71; corresponding phone list: 184 185 186 187 
WARNING (gmm-init-model[5.5.891~1-37628]:InitAmGmm():gmm-init-model.cc:83) Very small count for state 478: 9; corresponding phone list: 180 181 182 183 
WARNING (gmm-init-model[5.5.891~1-37628]:InitAmGmm():gmm-init-model.cc:83) Very small count for state 479: 51; corresponding phone list: 132 133 134 
WARNING (gmm-init-model[5.5.891~1-37628]:InitAmGmm():gmm-init-model.cc:83) Very small count for state 480: 63; corresponding phone list: 135 
WARNING (gmm-init-model[5.5.891~1-37628]:InitAmGmm():gmm-init-model.cc:83) Very small count for state 481: 69; corresponding phone list: 100 
WARNING (gmm-init-model[5.5.891~1-37628]:InitAmGmm():gmm-init-model.cc:83) Very small count for state 482: 41; corresponding phone list: 100 101 102 103 
WARNING (gmm-init-model[5.5.891~1-37628]:InitAmGmm():gmm-init-model.cc:83) Very small count for state 483: 96; corresponding phone list: 100 101 102 103 
WARNING (gmm-init-model[5.5.891~1-37628]:InitAmGmm():gmm-init-model.cc:83) Very small count for state 484: 72; corresponding phone list: 84 85 86 87 
WARNING (gmm-init-model[5.5.891~1-37628]:InitAmGmm():gmm-init-model.cc:83) Very small count for state 485: 48; corresponding phone list: 80 81 82 83 
WARNING (gmm-init-model[5.5.891~1-37628]:InitAmGmm():gmm-init-model.cc:83) Very small count for state 487: 88; corresponding phone list: 135 
WARNING (gmm-init-model[5.5.891~1-37628]:InitAmGmm():gmm-init-model.cc:83) Very small count for state 491: 45; corresponding phone list: 84 85 86 87 
WARNING (gmm-init-model[5.5.891~1-37628]:InitAmGmm():gmm-init-model.cc:83) Very small count for state 494: 67; corresponding phone list: 86 
WARNING (gmm-init-model[5.5.891~1-37628]:InitAmGmm():gmm-init-model.cc:83) Very small count for state 497: 67; corresponding phone list: 84 85 86 87 
WARNING (gmm-init-model[5.5.891~1-37628]:InitAmGmm():gmm-init-model.cc:83) Very small count for state 501: 97; corresponding phone list: 132 133 134 
WARNING (gmm-init-model[5.5.891~1-37628]:InitAmGmm():gmm-init-model.cc:83) Very small count for state 503: 54; corresponding phone list: 132 133 134 135 
WARNING (gmm-init-model[5.5.891~1-37628]:InitAmGmm():gmm-init-model.cc:83) Very small count for state 507: 43; corresponding phone list: 135 
WARNING (gmm-init-model[5.5.891~1-37628]:InitAmGmm():gmm-init-model.cc:83) Very small count for state 510: 53; corresponding phone list: 288 289 290 291 
WARNING (gmm-init-model[5.5.891~1-37628]:InitAmGmm():gmm-init-model.cc:83) Very small count for state 514: 67; corresponding phone list: 104 105 106 107 
WARNING (gmm-init-model[5.5.891~1-37628]:InitAmGmm():gmm-init-model.cc:83) Very small count for state 518: 61; corresponding phone list: 196 197 198 199 
WARNING (gmm-init-model[5.5.891~1-37628]:InitAmGmm():gmm-init-model.cc:83) Very small count for state 525: 40; corresponding phone list: 144 145 146 147 
WARNING (gmm-init-model[5.5.891~1-37628]:InitAmGmm():gmm-init-model.cc:83) Very small count for state 526: 33; corresponding phone list: 174 
WARNING (gmm-init-model[5.5.891~1-37628]:InitAmGmm():gmm-init-model.cc:83) Very small count for state 527: 90; corresponding phone list: 264 265 266 267 
WARNING (gmm-init-model[5.5.891~1-37628]:InitAmGmm():gmm-init-model.cc:83) Very small count for state 530: 79; corresponding phone list: 84 85 86 87 
WARNING (gmm-init-model[5.5.891~1-37628]:InitAmGmm():gmm-init-model.cc:83) Very small count for state 532: 72; corresponding phone list: 100 101 102 103 
WARNING (gmm-init-model[5.5.891~1-37628]:InitAmGmm():gmm-init-model.cc:83) Very small count for state 536: 31; corresponding phone list: 88 89 90 91 
WARNING (gmm-init-model[5.5.891~1-37628]:InitAmGmm():gmm-init-model.cc:83) Very small count for state 538: 12; corresponding phone list: 158 
WARNING (gmm-init-model[5.5.891~1-37628]:InitAmGmm():gmm-init-model.cc:83) Very small count for state 540: 84; corresponding phone list: 80 81 82 83 
WARNING (gmm-init-model[5.5.891~1-37628]:InitAmGmm():gmm-init-model.cc:83) Very small count for state 543: 93; corresponding phone list: 185 
WARNING (gmm-init-model[5.5.891~1-37628]:InitAmGmm():gmm-init-model.cc:83) Very small count for state 545: 95; corresponding phone list: 164 165 166 167 
WARNING (gmm-init-model[5.5.891~1-37628]:InitAmGmm():gmm-init-model.cc:83) Very small count for state 546: 49; corresponding phone list: 132 133 134 135 
WARNING (gmm-init-model[5.5.891~1-37628]:InitAmGmm():gmm-init-model.cc:83) Very small count for state 556: 56; corresponding phone list: 84 85 86 87 
WARNING (gmm-init-model[5.5.891~1-37628]:InitAmGmm():gmm-init-model.cc:83) Very small count for state 557: 56; corresponding phone list: 112 113 114 115 
WARNING (gmm-init-model[5.5.891~1-37628]:InitAmGmm():gmm-init-model.cc:83) Very small count for state 559: 74; corresponding phone list: 157 
WARNING (gmm-init-model[5.5.891~1-37628]:InitAmGmm():gmm-init-model.cc:83) Very small count for state 560: 25; corresponding phone list: 280 281 282 283 
WARNING (gmm-init-model[5.5.891~1-37628]:InitAmGmm():gmm-init-model.cc:83) Very small count for state 562: 34; corresponding phone list: 244 245 246 247 
WARNING (gmm-init-model[5.5.891~1-37628]:InitAmGmm():gmm-init-model.cc:83) Very small count for state 563: 56; corresponding phone list: 268 269 271 
WARNING (gmm-init-model[5.5.891~1-37628]:InitAmGmm():gmm-init-model.cc:83) Very small count for state 565: 18; corresponding phone list: 144 145 146 147 
WARNING (gmm-init-model[5.5.891~1-37628]:InitAmGmm():gmm-init-model.cc:83) Very small count for state 568: 85; corresponding phone list: 132 133 134 
WARNING (gmm-init-model[5.5.891~1-37628]:InitAmGmm():gmm-init-model.cc:83) Very small count for state 579: 78; corresponding phone list: 135 
WARNING (gmm-init-model[5.5.891~1-37628]:InitAmGmm():gmm-init-model.cc:83) Very small count for state 580: 34; corresponding phone list: 100 101 102 103 
WARNING (gmm-init-model[5.5.891~1-37628]:InitAmGmm():gmm-init-model.cc:83) Very small count for state 581: 42; corresponding phone list: 112 113 114 115 
WARNING (gmm-init-model[5.5.891~1-37628]:InitAmGmm():gmm-init-model.cc:83) Very small count for state 585: 26; corresponding phone list: 156 158 159 
WARNING (gmm-init-model[5.5.891~1-37628]:InitAmGmm():gmm-init-model.cc:83) Very small count for state 587: 90; corresponding phone list: 104 105 106 107 
WARNING (gmm-init-model[5.5.891~1-37628]:InitAmGmm():gmm-init-model.cc:83) Very small count for state 588: 42; corresponding phone list: 164 165 166 167 
WARNING (gmm-init-model[5.5.891~1-37628]:InitAmGmm():gmm-init-model.cc:83) Very small count for state 594: 52; corresponding phone list: 84 85 86 87 
WARNING (gmm-init-model[5.5.891~1-37628]:InitAmGmm():gmm-init-model.cc:83) Very small count for state 596: 32; corresponding phone list: 180 181 182 183 
WARNING (gmm-init-model[5.5.891~1-37628]:InitAmGmm():gmm-init-model.cc:83) Very small count for state 600: 92; corresponding phone list: 84 85 86 87 
WARNING (gmm-init-model[5.5.891~1-37628]:InitAmGmm():gmm-init-model.cc:83) Very small count for state 603: 30; corresponding phone list: 180 181 182 183 
WARNING (gmm-init-model[5.5.891~1-37628]:InitAmGmm():gmm-init-model.cc:83) Very small count for state 609: 57; corresponding phone list: 135 
WARNING (gmm-init-model[5.5.891~1-37628]:InitAmGmm():gmm-init-model.cc:83) Very small count for state 614: 53; corresponding phone list: 84 85 86 87 
WARNING (gmm-init-model[5.5.891~1-37628]:InitAmGmm():gmm-init-model.cc:83) Very small count for state 619: 85; corresponding phone list: 132 134 
WARNING (gmm-init-model[5.5.891~1-37628]:InitAmGmm():gmm-init-model.cc:83) Very small count for state 628: 33; corresponding phone list: 200 201 202 203 
WARNING (gmm-init-model[5.5.891~1-37628]:InitAmGmm():gmm-init-model.cc:83) Very small count for state 630: 85; corresponding phone list: 100 101 102 103 
WARNING (gmm-init-model[5.5.891~1-37628]:InitAmGmm():gmm-init-model.cc:83) Very small count for state 631: 89; corresponding phone list: 152 153 154 155 
WARNING (gmm-init-model[5.5.891~1-37628]:InitAmGmm():gmm-init-model.cc:83) Very small count for state 636: 45; corresponding phone list: 164 165 166 167 
WARNING (gmm-init-model[5.5.891~1-37628]:InitAmGmm():gmm-init-model.cc:83) Very small count for state 637: 96; corresponding phone list: 164 165 166 167 
WARNING (gmm-init-model[5.5.891~1-37628]:InitAmGmm():gmm-init-model.cc:83) Very small count for state 638: 33; corresponding phone list: 160 161 162 163 
WARNING (gmm-init-model[5.5.891~1-37628]:InitAmGmm():gmm-init-model.cc:83) Very small count for state 641: 49; corresponding phone list: 144 145 146 147 
WARNING (gmm-init-model[5.5.891~1-37628]:InitAmGmm():gmm-init-model.cc:83) Very small count for state 642: 35; corresponding phone list: 83 
WARNING (gmm-init-model[5.5.891~1-37628]:InitAmGmm():gmm-init-model.cc:83) Very small count for state 643: 15; corresponding phone list: 80 81 82 83 
WARNING (gmm-init-model[5.5.891~1-37628]:InitAmGmm():gmm-init-model.cc:83) Very small count for state 646: 56; corresponding phone list: 84 85 86 87 
WARNING (gmm-init-model[5.5.891~1-37628]:InitAmGmm():gmm-init-model.cc:83) Very small count for state 647: 69; corresponding phone list: 200 201 202 203 
WARNING (gmm-init-model[5.5.891~1-37628]:InitAmGmm():gmm-init-model.cc:83) Very small count for state 648: 94; corresponding phone list: 288 289 290 291 
WARNING (gmm-init-model[5.5.891~1-37628]:InitAmGmm():gmm-init-model.cc:83) Very small count for state 650: 82; corresponding phone list: 112 113 114 115 
WARNING (gmm-init-model[5.5.891~1-37628]:InitAmGmm():gmm-init-model.cc:83) Very small count for state 651: 34; corresponding phone list: 112 113 114 115 
WARNING (gmm-init-model[5.5.891~1-37628]:InitAmGmm():gmm-init-model.cc:83) Very small count for state 654: 62; corresponding phone list: 132 133 134 
WARNING (gmm-init-model[5.5.891~1-37628]:InitAmGmm():gmm-init-model.cc:83) Very small count for state 655: 67; corresponding phone list: 132 133 134 
WARNING (gmm-init-model[5.5.891~1-37628]:InitAmGmm():gmm-init-model.cc:83) Very small count for state 656: 99; corresponding phone list: 133 
WARNING (gmm-init-model[5.5.891~1-37628]:InitAmGmm():gmm-init-model.cc:83) Very small count for state 661: 46; corresponding phone list: 340 341 342 343 
WARNING (gmm-init-model[5.5.891~1-37628]:InitAmGmm():gmm-init-model.cc:83) Very small count for state 663: 59; corresponding phone list: 268 269 271 
WARNING (gmm-init-model[5.5.891~1-37628]:InitAmGmm():gmm-init-model.cc:83) Very small count for state 670: 38; corresponding phone list: 160 161 162 163 
WARNING (gmm-init-model[5.5.891~1-37628]:InitAmGmm():gmm-init-model.cc:83) Very small count for state 671: 31; corresponding phone list: 104 105 106 107 
WARNING (gmm-init-model[5.5.891~1-37628]:InitAmGmm():gmm-init-model.cc:83) Very small count for state 676: 42; corresponding phone list: 83 
WARNING (gmm-init-model[5.5.891~1-37628]:InitAmGmm():gmm-init-model.cc:83) Very small count for state 678: 65; corresponding phone list: 112 113 114 115 
WARNING (gmm-init-model[5.5.891~1-37628]:InitAmGmm():gmm-init-model.cc:83) Very small count for state 681: 33; corresponding phone list: 101 
WARNING (gmm-init-model[5.5.891~1-37628]:InitAmGmm():gmm-init-model.cc:83) Very small count for state 682: 92; corresponding phone list: 128 129 130 131 
WARNING (gmm-init-model[5.5.891~1-37628]:InitAmGmm():gmm-init-model.cc:83) Very small count for state 683: 45; corresponding phone list: 172 173 174 175 
WARNING (gmm-init-model[5.5.891~1-37628]:InitAmGmm():gmm-init-model.cc:83) Very small count for state 690: 61; corresponding phone list: 152 153 154 155 
WARNING (gmm-init-model[5.5.891~1-37628]:InitAmGmm():gmm-init-model.cc:83) Very small count for state 693: 52; corresponding phone list: 88 89 90 91 
WARNING (gmm-init-model[5.5.891~1-37628]:InitAmGmm():gmm-init-model.cc:83) Very small count for state 694: 34; corresponding phone list: 240 241 242 243 
WARNING (gmm-init-model[5.5.891~1-37628]:InitAmGmm():gmm-init-model.cc:83) Very small count for state 713: 72; corresponding phone list: 160 161 162 163 
WARNING (gmm-init-model[5.5.891~1-37628]:InitAmGmm():gmm-init-model.cc:83) Very small count for state 714: 50; corresponding phone list: 312 313 314 315 
WARNING (gmm-init-model[5.5.891~1-37628]:InitAmGmm():gmm-init-model.cc:83) Very small count for state 718: 19; corresponding phone list: 284 285 286 287 
WARNING (gmm-init-model[5.5.891~1-37628]:InitAmGmm():gmm-init-model.cc:83) Very small count for state 721: 48; corresponding phone list: 168 169 170 171 
WARNING (gmm-init-model[5.5.891~1-37628]:InitAmGmm():gmm-init-model.cc:83) Very small count for state 722: 48; corresponding phone list: 80 81 82 83 
WARNING (gmm-init-model[5.5.891~1-37628]:InitAmGmm():gmm-init-model.cc:83) Very small count for state 726: 39; corresponding phone list: 88 89 90 91 
WARNING (gmm-init-model[5.5.891~1-37628]:InitAmGmm():gmm-init-model.cc:83) Very small count for state 727: 51; corresponding phone list: 300 301 302 303 
WARNING (gmm-init-model[5.5.891~1-37628]:InitAmGmm():gmm-init-model.cc:83) Very small count for state 728: 37; corresponding phone list: 160 161 162 163 
WARNING (gmm-init-model[5.5.891~1-37628]:InitAmGmm():gmm-init-model.cc:83) Very small count for state 729: 81; corresponding phone list: 160 161 162 163 
WARNING (gmm-init-model[5.5.891~1-37628]:InitAmGmm():gmm-init-model.cc:83) Very small count for state 730: 71; corresponding phone list: 160 161 162 163 
WARNING (gmm-init-model[5.5.891~1-37628]:InitAmGmm():gmm-init-model.cc:83) Very small count for state 731: 69; corresponding phone list: 160 161 162 163 
WARNING (gmm-init-model[5.5.891~1-37628]:InitAmGmm():gmm-init-model.cc:83) Very small count for state 733: 36; corresponding phone list: 132 133 134 135 
WARNING (gmm-init-model[5.5.891~1-37628]:InitAmGmm():gmm-init-model.cc:83) Very small count for state 734: 55; corresponding phone list: 144 145 146 147 
WARNING (gmm-init-model[5.5.891~1-37628]:InitAmGmm():gmm-init-model.cc:83) Very small count for state 736: 28; corresponding phone list: 100 101 102 103 
WARNING (gmm-init-model[5.5.891~1-37628]:InitAmGmm():gmm-init-model.cc:83) Very small count for state 738: 89; corresponding phone list: 152 153 154 155 
WARNING (gmm-init-model[5.5.891~1-37628]:InitAmGmm():gmm-init-model.cc:83) Very small count for state 739: 50; corresponding phone list: 88 89 90 91 
WARNING (gmm-init-model[5.5.891~1-37628]:InitAmGmm():gmm-init-model.cc:83) Very small count for state 740: 32; corresponding phone list: 88 89 90 91 
WARNING (gmm-init-model[5.5.891~1-37628]:InitAmGmm():gmm-init-model.cc:83) Very small count for state 743: 67; corresponding phone list: 160 161 162 163 
WARNING (gmm-init-model[5.5.891~1-37628]:InitAmGmm():gmm-init-model.cc:83) Very small count for state 744: 70; corresponding phone list: 288 289 290 291 
WARNING (gmm-init-model[5.5.891~1-37628]:InitAmGmm():gmm-init-model.cc:83) Very small count for state 746: 11; corresponding phone list: 132 133 134 135 
WARNING (gmm-init-model[5.5.891~1-37628]:InitAmGmm():gmm-init-model.cc:83) Very small count for state 747: 77; corresponding phone list: 156 157 158 159 
WARNING (gmm-init-model[5.5.891~1-37628]:InitAmGmm():gmm-init-model.cc:83) Very small count for state 753: 22; corresponding phone list: 197 
WARNING (gmm-init-model[5.5.891~1-37628]:InitAmGmm():gmm-init-model.cc:83) Very small count for state 754: 14; corresponding phone list: 224 225 226 227 
WARNING (gmm-init-model[5.5.891~1-37628]:InitAmGmm():gmm-init-model.cc:83) Very small count for state 758: 37; corresponding phone list: 132 133 134 
WARNING (gmm-init-model[5.5.891~1-37628]:InitAmGmm():gmm-init-model.cc:83) Very small count for state 762: 90; corresponding phone list: 84 85 86 87 
WARNING (gmm-init-model[5.5.891~1-37628]:InitAmGmm():gmm-init-model.cc:83) Very small count for state 768: 35; corresponding phone list: 164 165 166 167 
WARNING (gmm-init-model[5.5.891~1-37628]:InitAmGmm():gmm-init-model.cc:83) Very small count for state 769: 38; corresponding phone list: 132 133 134 
WARNING (gmm-init-model[5.5.891~1-37628]:InitAmGmm():gmm-init-model.cc:83) Very small count for state 772: 17; corresponding phone list: 144 145 146 147 
WARNING (gmm-init-model[5.5.891~1-37628]:InitAmGmm():gmm-init-model.cc:83) Very small count for state 785: 52; corresponding phone list: 105 
WARNING (gmm-init-model[5.5.891~1-37628]:InitAmGmm():gmm-init-model.cc:83) Very small count for state 786: 82; corresponding phone list: 208 209 210 211 
WARNING (gmm-init-model[5.5.891~1-37628]:InitAmGmm():gmm-init-model.cc:83) Very small count for state 789: 58; corresponding phone list: 81 
WARNING (gmm-init-model[5.5.891~1-37628]:InitAmGmm():gmm-init-model.cc:83) Very small count for state 803: 72; corresponding phone list: 180 181 182 183 
WARNING (gmm-init-model[5.5.891~1-37628]:InitAmGmm():gmm-init-model.cc:83) Very small count for state 804: 80; corresponding phone list: 84 85 86 87 
WARNING (gmm-init-model[5.5.891~1-37628]:InitAmGmm():gmm-init-model.cc:83) Very small count for state 806: 86; corresponding phone list: 133 135 
WARNING (gmm-init-model[5.5.891~1-37628]:InitAmGmm():gmm-init-model.cc:83) Very small count for state 808: 42; corresponding phone list: 84 85 86 87 
WARNING (gmm-init-model[5.5.891~1-37628]:InitAmGmm():gmm-init-model.cc:83) Very small count for state 810: 63; corresponding phone list: 212 213 214 215 
WARNING (gmm-init-model[5.5.891~1-37628]:InitAmGmm():gmm-init-model.cc:83) Very small count for state 817: 95; corresponding phone list: 240 241 242 243 
WARNING (gmm-init-model[5.5.891~1-37628]:InitAmGmm():gmm-init-model.cc:83) Very small count for state 818: 52; corresponding phone list: 128 129 130 131 
WARNING (gmm-init-model[5.5.891~1-37628]:InitAmGmm():gmm-init-model.cc:83) Very small count for state 821: 38; corresponding phone list: 256 257 258 259 
WARNING (gmm-init-model[5.5.891~1-37628]:InitAmGmm():gmm-init-model.cc:83) Very small count for state 825: 88; corresponding phone list: 100 101 102 103 
WARNING (gmm-init-model[5.5.891~1-37628]:InitAmGmm():gmm-init-model.cc:83) Very small count for state 826: 36; corresponding phone list: 83 
WARNING (gmm-init-model[5.5.891~1-37628]:InitAmGmm():gmm-init-model.cc:83) Very small count for state 828: 69; corresponding phone list: 100 101 102 103 
WARNING (gmm-init-model[5.5.891~1-37628]:InitAmGmm():gmm-init-model.cc:83) Very small count for state 829: 64; corresponding phone list: 84 85 86 87 
WARNING (gmm-init-model[5.5.891~1-37628]:InitAmGmm():gmm-init-model.cc:83) Very small count for state 832: 96; corresponding phone list: 240 241 242 243 
WARNING (gmm-init-model[5.5.891~1-37628]:InitAmGmm():gmm-init-model.cc:83) Very small count for state 837: 70; corresponding phone list: 84 85 86 87 
WARNING (gmm-init-model[5.5.891~1-37628]:InitAmGmm():gmm-init-model.cc:83) Very small count for state 844: 18; corresponding phone list: 169 
WARNING (gmm-init-model[5.5.891~1-37628]:InitAmGmm():gmm-init-model.cc:83) Very small count for state 848: 95; corresponding phone list: 80 81 82 83 
WARNING (gmm-init-model[5.5.891~1-37628]:InitAmGmm():gmm-init-model.cc:83) Very small count for state 852: 16; corresponding phone list: 104 105 106 107 
WARNING (gmm-init-model[5.5.891~1-37628]:InitAmGmm():gmm-init-model.cc:83) Very small count for state 863: 38; corresponding phone list: 144 145 146 147 
WARNING (gmm-init-model[5.5.891~1-37628]:InitAmGmm():gmm-init-model.cc:83) Very small count for state 864: 15; corresponding phone list: 144 145 146 147 
WARNING (gmm-init-model[5.5.891~1-37628]:InitAmGmm():gmm-init-model.cc:83) Very small count for state 865: 68; corresponding phone list: 288 289 290 291 
WARNING (gmm-init-model[5.5.891~1-37628]:InitAmGmm():gmm-init-model.cc:83) Very small count for state 869: 30; corresponding phone list: 284 285 286 287 
WARNING (gmm-init-model[5.5.891~1-37628]:InitAmGmm():gmm-init-model.cc:83) Very small count for state 872: 81; corresponding phone list: 185 
WARNING (gmm-init-model[5.5.891~1-37628]:InitAmGmm():gmm-init-model.cc:83) Very small count for state 879: 97; corresponding phone list: 116 117 118 119 
WARNING (gmm-init-model[5.5.891~1-37628]:InitAmGmm():gmm-init-model.cc:83) Very small count for state 884: 64; corresponding phone list: 112 113 114 115 
WARNING (gmm-init-model[5.5.891~1-37628]:InitAmGmm():gmm-init-model.cc:83) Very small count for state 888: 57; corresponding phone list: 84 85 86 87 
WARNING (gmm-init-model[5.5.891~1-37628]:InitAmGmm():gmm-init-model.cc:83) Very small count for state 894: 68; corresponding phone list: 268 269 271 
WARNING (gmm-init-model[5.5.891~1-37628]:InitAmGmm():gmm-init-model.cc:83) Very small count for state 896: 78; corresponding phone list: 132 133 134 
WARNING (gmm-init-model[5.5.891~1-37628]:InitAmGmm():gmm-init-model.cc:83) Very small count for state 898: 66; corresponding phone list: 80 81 82 83 
WARNING (gmm-init-model[5.5.891~1-37628]:InitAmGmm():gmm-init-model.cc:83) Very small count for state 900: 91; corresponding phone list: 144 145 146 147 
WARNING (gmm-init-model[5.5.891~1-37628]:InitAmGmm():gmm-init-model.cc:83) Very small count for state 909: 66; corresponding phone list: 84 85 86 87 
WARNING (gmm-init-model[5.5.891~1-37628]:InitAmGmm():gmm-init-model.cc:83) Very small count for state 913: 24; corresponding phone list: 80 81 82 83 
WARNING (gmm-init-model[5.5.891~1-37628]:InitAmGmm():gmm-init-model.cc:83) Very small count for state 920: 36; corresponding phone list: 180 181 182 183 
WARNING (gmm-init-model[5.5.891~1-37628]:InitAmGmm():gmm-init-model.cc:83) Very small count for state 922: 15; corresponding phone list: 104 105 106 107 
WARNING (gmm-init-model[5.5.891~1-37628]:InitAmGmm():gmm-init-model.cc:83) Very small count for state 923: 35; corresponding phone list: 80 81 82 83 
WARNING (gmm-init-model[5.5.891~1-37628]:InitAmGmm():gmm-init-model.cc:83) Very small count for state 926: 68; corresponding phone list: 288 289 290 291 
WARNING (gmm-init-model[5.5.891~1-37628]:InitAmGmm():gmm-init-model.cc:83) Very small count for state 933: 70; corresponding phone list: 260 261 262 263 
WARNING (gmm-init-model[5.5.891~1-37628]:InitAmGmm():gmm-init-model.cc:83) Very small count for state 940: 58; corresponding phone list: 112 113 114 115 
WARNING (gmm-init-model[5.5.891~1-37628]:InitAmGmm():gmm-init-model.cc:83) Very small count for state 942: 36; corresponding phone list: 268 269 271 
WARNING (gmm-init-model[5.5.891~1-37628]:InitAmGmm():gmm-init-model.cc:83) Very small count for state 945: 84; corresponding phone list: 240 241 242 243 
WARNING (gmm-init-model[5.5.891~1-37628]:InitAmGmm():gmm-init-model.cc:83) Very small count for state 947: 52; corresponding phone list: 152 153 154 155 
WARNING (gmm-init-model[5.5.891~1-37628]:InitAmGmm():gmm-init-model.cc:83) Very small count for state 949: 48; corresponding phone list: 104 105 106 107 
WARNING (gmm-init-model[5.5.891~1-37628]:InitAmGmm():gmm-init-model.cc:83) Very small count for state 956: 31; corresponding phone list: 312 313 314 315 
WARNING (gmm-init-model[5.5.891~1-37628]:InitAmGmm():gmm-init-model.cc:83) Very small count for state 969: 99; corresponding phone list: 168 169 170 171 
WARNING (gmm-init-model[5.5.891~1-37628]:InitAmGmm():gmm-init-model.cc:83) Very small count for state 977: 81; corresponding phone list: 80 81 82 83 
WARNING (gmm-init-model[5.5.891~1-37628]:InitAmGmm():gmm-init-model.cc:83) Very small count for state 981: 44; corresponding phone list: 112 113 114 115 
WARNING (gmm-init-model[5.5.891~1-37628]:InitAmGmm():gmm-init-model.cc:83) Very small count for state 983: 87; corresponding phone list: 188 189 190 191 
WARNING (gmm-init-model[5.5.891~1-37628]:InitAmGmm():gmm-init-model.cc:83) Very small count for state 991: 62; corresponding phone list: 164 165 166 167 
WARNING (gmm-init-model[5.5.891~1-37628]:InitAmGmm():gmm-init-model.cc:83) Very small count for state 992: 16; corresponding phone list: 176 177 178 179 
WARNING (gmm-init-model[5.5.891~1-37628]:InitAmGmm():gmm-init-model.cc:83) Very small count for state 995: 50; corresponding phone list: 196 198 199 
WARNING (gmm-init-model[5.5.891~1-37628]:InitAmGmm():gmm-init-model.cc:83) Very small count for state 1000: 36; corresponding phone list: 160 161 162 163 
WARNING (gmm-init-model[5.5.891~1-37628]:InitAmGmm():gmm-init-model.cc:83) Very small count for state 1006: 83; corresponding phone list: 152 153 154 155 
WARNING (gmm-init-model[5.5.891~1-37628]:InitAmGmm():gmm-init-model.cc:83) Very small count for state 1007: 14; corresponding phone list: 152 153 154 155 
WARNING (gmm-init-model[5.5.891~1-37628]:InitAmGmm():gmm-init-model.cc:83) Very small count for state 1013: 87; corresponding phone list: 144 145 146 147 
WARNING (gmm-init-model[5.5.891~1-37628]:InitAmGmm():gmm-init-model.cc:83) Very small count for state 1014: 77; corresponding phone list: 196 197 198 199 
WARNING (gmm-init-model[5.5.891~1-37628]:InitAmGmm():gmm-init-model.cc:83) Very small count for state 1015: 85; corresponding phone list: 80 81 82 83 
WARNING (gmm-init-model[5.5.891~1-37628]:InitAmGmm():gmm-init-model.cc:83) Very small count for state 1022: 62; corresponding phone list: 84 85 86 87 
WARNING (gmm-init-model[5.5.891~1-37628]:InitAmGmm():gmm-init-model.cc:83) Very small count for state 1033: 70; corresponding phone list: 144 145 146 147 
WARNING (gmm-init-model[5.5.891~1-37628]:InitAmGmm():gmm-init-model.cc:83) Very small count for state 1035: 53; corresponding phone list: 168 169 170 171 
WARNING (gmm-init-model[5.5.891~1-37628]:InitAmGmm():gmm-init-model.cc:83) Very small count for state 1043: 46; corresponding phone list: 88 89 90 91 
WARNING (gmm-init-model[5.5.891~1-37628]:InitAmGmm():gmm-init-model.cc:83) Very small count for state 1046: 36; corresponding phone list: 88 89 90 91 
WARNING (gmm-init-model[5.5.891~1-37628]:InitAmGmm():gmm-init-model.cc:83) Very small count for state 1047: 92; corresponding phone list: 208 209 210 211 
WARNING (gmm-init-model[5.5.891~1-37628]:InitAmGmm():gmm-init-model.cc:83) Very small count for state 1050: 99; corresponding phone list: 80 81 82 83 
WARNING (gmm-init-model[5.5.891~1-37628]:InitAmGmm():gmm-init-model.cc:83) Very small count for state 1057: 98; corresponding phone list: 84 85 86 87 
WARNING (gmm-init-model[5.5.891~1-37628]:InitAmGmm():gmm-init-model.cc:83) Very small count for state 1065: 52; corresponding phone list: 276 277 278 279 
WARNING (gmm-init-model[5.5.891~1-37628]:InitAmGmm():gmm-init-model.cc:83) Very small count for state 1068: 98; corresponding phone list: 80 81 82 83 
WARNING (gmm-init-model[5.5.891~1-37628]:InitAmGmm():gmm-init-model.cc:83) Very small count for state 1079: 79; corresponding phone list: 80 81 82 83 
WARNING (gmm-init-model[5.5.891~1-37628]:InitAmGmm():gmm-init-model.cc:83) Very small count for state 1080: 90; corresponding phone list: 300 301 302 303 
WARNING (gmm-init-model[5.5.891~1-37628]:InitAmGmm():gmm-init-model.cc:83) Very small count for state 1091: 74; corresponding phone list: 328 329 330 331 
WARNING (gmm-init-model[5.5.891~1-37628]:InitAmGmm():gmm-init-model.cc:83) Very small count for state 1093: 27; corresponding phone list: 136 137 138 139 
WARNING (gmm-init-model[5.5.891~1-37628]:InitAmGmm():gmm-init-model.cc:83) Very small count for state 1094: 40; corresponding phone list: 196 197 198 199 
WARNING (gmm-init-model[5.5.891~1-37628]:InitAmGmm():gmm-init-model.cc:83) Very small count for state 1099: 26; corresponding phone list: 144 145 146 147 
WARNING (gmm-init-model[5.5.891~1-37628]:InitAmGmm():gmm-init-model.cc:83) Very small count for state 1105: 78; corresponding phone list: 161 162 163 
WARNING (gmm-init-model[5.5.891~1-37628]:InitAmGmm():gmm-init-model.cc:83) Very small count for state 1107: 62; corresponding phone list: 92 93 94 95 
WARNING (gmm-init-model[5.5.891~1-37628]:InitAmGmm():gmm-init-model.cc:83) Very small count for state 1108: 59; corresponding phone list: 132 133 134 135 
WARNING (gmm-init-model[5.5.891~1-37628]:InitAmGmm():gmm-init-model.cc:83) Very small count for state 1114: 81; corresponding phone list: 128 129 130 131 
WARNING (gmm-init-model[5.5.891~1-37628]:InitAmGmm():gmm-init-model.cc:83) Very small count for state 1123: 32; corresponding phone list: 184 185 186 187 
WARNING (gmm-init-model[5.5.891~1-37628]:InitAmGmm():gmm-init-model.cc:83) Very small count for state 1124: 18; corresponding phone list: 184 185 186 187 
WARNING (gmm-init-model[5.5.891~1-37628]:InitAmGmm():gmm-init-model.cc:83) Very small count for state 1125: 49; corresponding phone list: 184 185 186 187 
WARNING (gmm-init-model[5.5.891~1-37628]:InitAmGmm():gmm-init-model.cc:83) Very small count for state 1132: 96; corresponding phone list: 176 177 178 179 
WARNING (gmm-init-model[5.5.891~1-37628]:InitAmGmm():gmm-init-model.cc:83) Very small count for state 1133: 84; corresponding phone list: 320 321 322 323 
WARNING (gmm-init-model[5.5.891~1-37628]:InitAmGmm():gmm-init-model.cc:83) Very small count for state 1139: 55; corresponding phone list: 91 
WARNING (gmm-init-model[5.5.891~1-37628]:InitAmGmm():gmm-init-model.cc:83) Very small count for state 1140: 51; corresponding phone list: 84 85 86 87 
WARNING (gmm-init-model[5.5.891~1-37628]:InitAmGmm():gmm-init-model.cc:83) Very small count for state 1141: 37; corresponding phone list: 84 85 86 87 
WARNING (gmm-init-model[5.5.891~1-37628]:InitAmGmm():gmm-init-model.cc:83) Very small count for state 1149: 57; corresponding phone list: 146 
WARNING (gmm-init-model[5.5.891~1-37628]:InitAmGmm():gmm-init-model.cc:83) Very small count for state 1164: 93; corresponding phone list: 160 161 162 163 
WARNING (gmm-init-model[5.5.891~1-37628]:InitAmGmm():gmm-init-model.cc:83) Very small count for state 1172: 24; corresponding phone list: 160 161 162 163 
WARNING (gmm-init-model[5.5.891~1-37628]:InitAmGmm():gmm-init-model.cc:83) Very small count for state 1178: 67; corresponding phone list: 208 209 210 211 
WARNING (gmm-init-model[5.5.891~1-37628]:InitAmGmm():gmm-init-model.cc:83) Very small count for state 1182: 89; corresponding phone list: 220 221 222 223 
WARNING (gmm-init-model[5.5.891~1-37628]:InitAmGmm():gmm-init-model.cc:83) Very small count for state 1184: 47; corresponding phone list: 288 289 290 291 
WARNING (gmm-init-model[5.5.891~1-37628]:InitAmGmm():gmm-init-model.cc:83) Very small count for state 1186: 22; corresponding phone list: 180 181 183 
WARNING (gmm-init-model[5.5.891~1-37628]:InitAmGmm():gmm-init-model.cc:83) Very small count for state 1189: 89; corresponding phone list: 228 229 230 231 
WARNING (gmm-init-model[5.5.891~1-37628]:InitAmGmm():gmm-init-model.cc:83) Very small count for state 1194: 53; corresponding phone list: 280 281 282 283 
WARNING (gmm-init-model[5.5.891~1-37628]:InitAmGmm():gmm-init-model.cc:83) Very small count for state 1199: 20; corresponding phone list: 184 185 186 187 
WARNING (gmm-init-model[5.5.891~1-37628]:InitAmGmm():gmm-init-model.cc:83) Very small count for state 1216: 61; corresponding phone list: 84 85 86 87 
WARNING (gmm-init-model[5.5.891~1-37628]:InitAmGmm():gmm-init-model.cc:83) Very small count for state 1217: 65; corresponding phone list: 84 85 86 87 
WARNING (gmm-init-model[5.5.891~1-37628]:InitAmGmm():gmm-init-model.cc:83) Very small count for state 1226: 47; corresponding phone list: 164 165 166 167 
WARNING (gmm-init-model[5.5.891~1-37628]:InitAmGmm():gmm-init-model.cc:83) Very small count for state 1229: 60; corresponding phone list: 312 313 314 315 
WARNING (gmm-init-model[5.5.891~1-37628]:InitAmGmm():gmm-init-model.cc:83) Very small count for state 1240: 16; corresponding phone list: 100 101 102 103 
WARNING (gmm-init-model[5.5.891~1-37628]:InitAmGmm():gmm-init-model.cc:83) Very small count for state 1252: 92; corresponding phone list: 88 89 90 91 
WARNING (gmm-init-model[5.5.891~1-37628]:InitAmGmm():gmm-init-model.cc:83) Very small count for state 1253: 52; corresponding phone list: 152 153 154 155 
WARNING (gmm-init-model[5.5.891~1-37628]:InitAmGmm():gmm-init-model.cc:83) Very small count for state 1257: 85; corresponding phone list: 84 85 86 87 
WARNING (gmm-init-model[5.5.891~1-37628]:InitAmGmm():gmm-init-model.cc:83) Very small count for state 1260: 22; corresponding phone list: 292 294 295 
WARNING (gmm-init-model[5.5.891~1-37628]:InitAmGmm():gmm-init-model.cc:83) Very small count for state 1262: 43; corresponding phone list: 188 189 190 191 
WARNING (gmm-init-model[5.5.891~1-37628]:InitAmGmm():gmm-init-model.cc:83) Very small count for state 1286: 18; corresponding phone list: 144 145 146 147 
WARNING (gmm-init-model[5.5.891~1-37628]:InitAmGmm():gmm-init-model.cc:83) Very small count for state 1295: 48; corresponding phone list: 184 186 187 
WARNING (gmm-init-model[5.5.891~1-37628]:InitAmGmm():gmm-init-model.cc:83) Very small count for state 1302: 75; corresponding phone list: 164 165 166 167 
WARNING (gmm-init-model[5.5.891~1-37628]:InitAmGmm():gmm-init-model.cc:83) Very small count for state 1303: 80; corresponding phone list: 164 165 166 167 
WARNING (gmm-init-model[5.5.891~1-37628]:InitAmGmm():gmm-init-model.cc:83) Very small count for state 1306: 85; corresponding phone list: 104 105 106 107 
WARNING (gmm-init-model[5.5.891~1-37628]:InitAmGmm():gmm-init-model.cc:83) Very small count for state 1308: 88; corresponding phone list: 152 153 154 155 
WARNING (gmm-init-model[5.5.891~1-37628]:InitAmGmm():gmm-init-model.cc:83) Very small count for state 1317: 49; corresponding phone list: 84 85 86 87 
WARNING (gmm-init-model[5.5.891~1-37628]:InitAmGmm():gmm-init-model.cc:83) Very small count for state 1327: 36; corresponding phone list: 84 85 86 87 
WARNING (gmm-init-model[5.5.891~1-37628]:InitAmGmm():gmm-init-model.cc:83) Very small count for state 1330: 56; corresponding phone list: 116 117 118 119 
WARNING (gmm-init-model[5.5.891~1-37628]:InitAmGmm():gmm-init-model.cc:83) Very small count for state 1333: 91; corresponding phone list: 264 265 266 267 
WARNING (gmm-init-model[5.5.891~1-37628]:InitAmGmm():gmm-init-model.cc:83) Very small count for state 1338: 83; corresponding phone list: 144 145 146 147 
WARNING (gmm-init-model[5.5.891~1-37628]:InitAmGmm():gmm-init-model.cc:83) Very small count for state 1340: 22; corresponding phone list: 160 161 162 163 
WARNING (gmm-init-model[5.5.891~1-37628]:InitAmGmm():gmm-init-model.cc:83) Very small count for state 1341: 84; corresponding phone list: 160 161 162 163 
WARNING (gmm-init-model[5.5.891~1-37628]:InitAmGmm():gmm-init-model.cc:83) Very small count for state 1347: 54; corresponding phone list: 112 113 114 115 
WARNING (gmm-init-model[5.5.891~1-37628]:InitAmGmm():gmm-init-model.cc:83) Very small count for state 1348: 87; corresponding phone list: 256 257 258 259 
WARNING (gmm-init-model[5.5.891~1-37628]:InitAmGmm():gmm-init-model.cc:83) Very small count for state 1362: 69; corresponding phone list: 169 
WARNING (gmm-init-model[5.5.891~1-37628]:InitAmGmm():gmm-init-model.cc:83) Very small count for state 1367: 80; corresponding phone list: 340 341 342 343 
WARNING (gmm-init-model[5.5.891~1-37628]:InitAmGmm():gmm-init-model.cc:83) Very small count for state 1378: 62; corresponding phone list: 312 313 314 315 
WARNING (gmm-init-model[5.5.891~1-37628]:InitAmGmm():gmm-init-model.cc:83) Very small count for state 1384: 41; corresponding phone list: 296 297 298 299 
WARNING (gmm-init-model[5.5.891~1-37628]:InitAmGmm():gmm-init-model.cc:83) Very small count for state 1385: 61; corresponding phone list: 252 253 254 255 
WARNING (gmm-init-model[5.5.891~1-37628]:InitAmGmm():gmm-init-model.cc:83) Very small count for state 1389: 95; corresponding phone list: 112 113 114 115 
WARNING (gmm-init-model[5.5.891~1-37628]:InitAmGmm():gmm-init-model.cc:83) Very small count for state 1391: 78; corresponding phone list: 144 145 146 147 
WARNING (gmm-init-model[5.5.891~1-37628]:InitAmGmm():gmm-init-model.cc:83) Very small count for state 1394: 87; corresponding phone list: 168 169 170 171 
WARNING (gmm-init-model[5.5.891~1-37628]:InitAmGmm():gmm-init-model.cc:83) Very small count for state 1400: 85; corresponding phone list: 100 101 102 103 
WARNING (gmm-init-model[5.5.891~1-37628]:InitAmGmm():gmm-init-model.cc:83) Very small count for state 1416: 14; corresponding phone list: 292 
WARNING (gmm-init-model[5.5.891~1-37628]:InitAmGmm():gmm-init-model.cc:83) Very small count for state 1418: 85; corresponding phone list: 108 109 110 111 
WARNING (gmm-init-model[5.5.891~1-37628]:InitAmGmm():gmm-init-model.cc:83) Very small count for state 1421: 98; corresponding phone list: 188 189 190 191 
WARNING (gmm-init-model[5.5.891~1-37628]:InitAmGmm():gmm-init-model.cc:83) Very small count for state 1432: 47; corresponding phone list: 88 89 90 91 
WARNING (gmm-init-model[5.5.891~1-37628]:InitAmGmm():gmm-init-model.cc:83) Very small count for state 1462: 68; corresponding phone list: 146 
WARNING (gmm-init-model[5.5.891~1-37628]:InitAmGmm():gmm-init-model.cc:83) Very small count for state 1476: 76; corresponding phone list: 264 265 266 267 
WARNING (gmm-init-model[5.5.891~1-37628]:InitAmGmm():gmm-init-model.cc:83) Very small count for state 1478: 78; corresponding phone list: 292 
WARNING (gmm-init-model[5.5.891~1-37628]:InitAmGmm():gmm-init-model.cc:83) Very small count for state 1482: 35; corresponding phone list: 352 353 354 355 
WARNING (gmm-init-model[5.5.891~1-37628]:InitAmGmm():gmm-init-model.cc:83) Very small count for state 1493: 26; corresponding phone list: 304 305 306 307 
WARNING (gmm-init-model[5.5.891~1-37628]:InitAmGmm():gmm-init-model.cc:83) Very small count for state 1497: 84; corresponding phone list: 157 
WARNING (gmm-init-model[5.5.891~1-37628]:InitAmGmm():gmm-init-model.cc:83) Very small count for state 1498: 80; corresponding phone list: 156 157 158 159 
WARNING (gmm-init-model[5.5.891~1-37628]:InitAmGmm():gmm-init-model.cc:83) Very small count for state 1502: 14; corresponding phone list: 336 337 338 339 
WARNING (gmm-init-model[5.5.891~1-37628]:InitAmGmm():gmm-init-model.cc:83) Very small count for state 1503: 46; corresponding phone list: 280 281 282 283 
WARNING (gmm-init-model[5.5.891~1-37628]:InitAmGmm():gmm-init-model.cc:83) Very small count for state 1511: 99; corresponding phone list: 88 89 90 91 
WARNING (gmm-init-model[5.5.891~1-37628]:InitAmGmm():gmm-init-model.cc:83) Very small count for state 1512: 48; corresponding phone list: 140 141 142 143 
WARNING (gmm-init-model[5.5.891~1-37628]:InitAmGmm():gmm-init-model.cc:83) Very small count for state 1515: 48; corresponding phone list: 88 89 90 91 
WARNING (gmm-init-model[5.5.891~1-37628]:InitAmGmm():gmm-init-model.cc:83) Very small count for state 1517: 54; corresponding phone list: 300 301 302 303 
WARNING (gmm-init-model[5.5.891~1-37628]:InitAmGmm():gmm-init-model.cc:83) Very small count for state 1524: 74; corresponding phone list: 328 329 330 331 
WARNING (gmm-init-model[5.5.891~1-37628]:InitAmGmm():gmm-init-model.cc:83) Very small count for state 1531: 30; corresponding phone list: 88 89 90 91 
WARNING (gmm-init-model[5.5.891~1-37628]:InitAmGmm():gmm-init-model.cc:83) Very small count for state 1538: 71; corresponding phone list: 300 301 302 303 
WARNING (gmm-init-model[5.5.891~1-37628]:InitAmGmm():gmm-init-model.cc:83) Very small count for state 1550: 78; corresponding phone list: 128 129 130 131 
WARNING (gmm-init-model[5.5.891~1-37628]:InitAmGmm():gmm-init-model.cc:83) Very small count for state 1555: 51; corresponding phone list: 256 257 258 259 
WARNING (gmm-init-model[5.5.891~1-37628]:InitAmGmm():gmm-init-model.cc:83) Very small count for state 1569: 43; corresponding phone list: 108 109 110 111 
WARNING (gmm-init-model[5.5.891~1-37628]:InitAmGmm():gmm-init-model.cc:83) Very small count for state 1581: 34; corresponding phone list: 340 341 342 343 
WARNING (gmm-init-model[5.5.891~1-37628]:InitAmGmm():gmm-init-model.cc:83) Very small count for state 1582: 24; corresponding phone list: 344 345 346 347 
WARNING (gmm-init-model[5.5.891~1-37628]:InitAmGmm():gmm-init-model.cc:83) Very small count for state 1589: 30; corresponding phone list: 348 349 350 351 
WARNING (gmm-init-model[5.5.891~1-37628]:InitAmGmm():gmm-init-model.cc:83) Very small count for state 1600: 16; corresponding phone list: 300 301 302 303 
LOG (gmm-init-model[5.5.891~1-37628]:main():gmm-init-model.cc:306) Wrote model.
# Accounting: time=0 threads=1
# Ended (code 0) at Fri Mar 12 13:36:38 CET 2021, elapsed time 0 seconds
