# gunzip -c exp/tri5a/decode.si/depth_tmp.*.gz | steps/diagnostic/analyze_lattice_depth_stats.py exp/tri5a/graph exp/tri5a/decode.si/ali_frame_tmp.gz 
# Started at Fri Mar 12 15:52:46 CET 2021
#
The total amount of data analyzed assuming 100 frames per second is 0.5 hours
Overall, lattice depth (10,50,90-percentile)=(5,29,109) and mean=46.1
Nonsilence phones as a group account for 71.1% of frames, with lattice depth (10,50,90-percentile)=(4,27,100) and mean=42.2
Phone SIL accounts for 28.9% of frames, with lattice depth (10,50,90-percentile)=(8,37,133) and mean=55.6
Phone ei_E accounts for 3.7% of frames, with lattice depth (10,50,90-percentile)=(5,30,111) and mean=47.5
Phone ŋ_I accounts for 3.3% of frames, with lattice depth (10,50,90-percentile)=(1,4,15) and mean=8.5
Phone ŋ_E accounts for 3.2% of frames, with lattice depth (10,50,90-percentile)=(1,4,28) and mean=12.0
Phone aa_E accounts for 3.1% of frames, with lattice depth (10,50,90-percentile)=(5,26,91) and mean=40.2
Phone kk_B accounts for 2.4% of frames, with lattice depth (10,50,90-percentile)=(9,38,122) and mean=55.4
Phone ii_E accounts for 2.1% of frames, with lattice depth (10,50,90-percentile)=(8,30,98) and mean=44.0
Phone ɑ_E accounts for 2.0% of frames, with lattice depth (10,50,90-percentile)=(13,47,126) and mean=63.0
Phone nn_E accounts for 1.9% of frames, with lattice depth (10,50,90-percentile)=(6,33,90) and mean=47.4
Phone ai_E accounts for 1.8% of frames, with lattice depth (10,50,90-percentile)=(9,34,109) and mean=47.3
Phone pp_B accounts for 1.6% of frames, with lattice depth (10,50,90-percentile)=(5,31,114) and mean=48.8
Phone ss_B accounts for 1.5% of frames, with lattice depth (10,50,90-percentile)=(8,29,102) and mean=45.9
Phone tt_B accounts for 1.4% of frames, with lattice depth (10,50,90-percentile)=(8,37,119) and mean=52.6
Phone ai_I accounts for 1.3% of frames, with lattice depth (10,50,90-percentile)=(4,23,82) and mean=36.4
Phone k_B accounts for 1.3% of frames, with lattice depth (10,50,90-percentile)=(7,32,124) and mean=54.5
Phone rr_I accounts for 1.3% of frames, with lattice depth (10,50,90-percentile)=(3,23,101) and mean=40.7
Phone mm_B accounts for 1.2% of frames, with lattice depth (10,50,90-percentile)=(4,22,77) and mean=34.7
Phone an_I accounts for 1.2% of frames, with lattice depth (10,50,90-percentile)=(5,34,99) and mean=48.3
Phone aa_I accounts for 1.2% of frames, with lattice depth (10,50,90-percentile)=(2,14,82) and mean=35.3
Phone n_E accounts for 1.2% of frames, with lattice depth (10,50,90-percentile)=(8,31,108) and mean=46.3
Phone an_E accounts for 1.0% of frames, with lattice depth (10,50,90-percentile)=(3,22,74) and mean=31.8
Phone i_E accounts for 0.9% of frames, with lattice depth (10,50,90-percentile)=(9,42,93) and mean=47.7
Phone e_E accounts for 0.9% of frames, with lattice depth (10,50,90-percentile)=(6,33,116) and mean=50.1
Phone an_S accounts for 0.9% of frames, with lattice depth (10,50,90-percentile)=(5,24,99) and mean=40.2
Phone ii_I accounts for 0.8% of frames, with lattice depth (10,50,90-percentile)=(4,26,84) and mean=38.5
Phone ou_E accounts for 0.8% of frames, with lattice depth (10,50,90-percentile)=(5,26,100) and mean=39.8
Phone s_B accounts for 0.8% of frames, with lattice depth (10,50,90-percentile)=(6,24,92) and mean=37.4
Phone dd_B accounts for 0.8% of frames, with lattice depth (10,50,90-percentile)=(7,30,98) and mean=44.8
Phone ɑ̃_B accounts for 0.8% of frames, with lattice depth (10,50,90-percentile)=(9,34,113) and mean=50.4
Phone l_B accounts for 0.7% of frames, with lattice depth (10,50,90-percentile)=(13,36,94) and mean=55.0
Phone ww_I accounts for 0.7% of frames, with lattice depth (10,50,90-percentile)=(5,22,92) and mean=38.3
Phone t_B accounts for 0.7% of frames, with lattice depth (10,50,90-percentile)=(6,27,77) and mean=36.7
Phone ff_B accounts for 0.7% of frames, with lattice depth (10,50,90-percentile)=(11,49,114) and mean=58.3
Phone p_B accounts for 0.7% of frames, with lattice depth (10,50,90-percentile)=(9,44,155) and mean=65.1
Phone ou_I accounts for 0.6% of frames, with lattice depth (10,50,90-percentile)=(4,26,76) and mean=42.3
Phone ɑ_I accounts for 0.6% of frames, with lattice depth (10,50,90-percentile)=(6,35,115) and mean=51.1
Phone i_I accounts for 0.6% of frames, with lattice depth (10,50,90-percentile)=(2,28,123) and mean=46.7
Phone ei_I accounts for 0.6% of frames, with lattice depth (10,50,90-percentile)=(3,29,113) and mean=43.5
Phone yy_B accounts for 0.5% of frames, with lattice depth (10,50,90-percentile)=(3,16,51) and mean=23.2
Phone ll_B accounts for 0.5% of frames, with lattice depth (10,50,90-percentile)=(4,21,72) and mean=30.0
Phone ɑ̃_S accounts for 0.5% of frames, with lattice depth (10,50,90-percentile)=(10,39,128) and mean=58.8
Phone tt_I accounts for 0.5% of frames, with lattice depth (10,50,90-percentile)=(4,34,95) and mean=48.5
Phone nn_B accounts for 0.5% of frames, with lattice depth (10,50,90-percentile)=(5,20,88) and mean=35.6
Phone ɛ_E accounts for 0.5% of frames, with lattice depth (10,50,90-percentile)=(9,32,95) and mean=47.4
Phone ss_I accounts for 0.5% of frames, with lattice depth (10,50,90-percentile)=(2,23,89) and mean=36.7
# Accounting: time=1 threads=1
# Ended (code 0) at Fri Mar 12 15:52:47 CET 2021, elapsed time 1 seconds
