# lattice-depth-per-frame "ark:gunzip -c exp/tri5a/decode.si/lat.2.gz|" "ark,t:|gzip -c > exp/tri5a/decode.si/depth_tmp.2.gz" ark:- | lattice-best-path --acoustic-scale=0.1 ark:- ark:/dev/null "ark,t:|gzip -c >exp/tri5a/decode.si/ali_tmp.2.gz" 
# Started at Fri Mar 12 15:52:46 CET 2021
#
lattice-depth-per-frame 'ark:gunzip -c exp/tri5a/decode.si/lat.2.gz|' 'ark,t:|gzip -c > exp/tri5a/decode.si/depth_tmp.2.gz' ark:- 
lattice-best-path --acoustic-scale=0.1 ark:- ark:/dev/null 'ark,t:|gzip -c >exp/tri5a/decode.si/ali_tmp.2.gz' 
LOG (lattice-best-path[5.5.891~1-37628]:main():lattice-best-path.cc:99) For utterance 1041_0_l, best cost 128.83 + 3561.53 = 3690.36 over 654 frames.
LOG (lattice-best-path[5.5.891~1-37628]:main():lattice-best-path.cc:99) For utterance 1041_0_r, best cost 129.407 + 3629.33 = 3758.74 over 654 frames.
LOG (lattice-best-path[5.5.891~1-37628]:main():lattice-best-path.cc:99) For utterance 1041_100_l, best cost 27.255 + 569.042 = 596.297 over 87 frames.
LOG (lattice-best-path[5.5.891~1-37628]:main():lattice-best-path.cc:99) For utterance 1041_100_r, best cost 18.6556 + 583.572 = 602.228 over 87 frames.
LOG (lattice-best-path[5.5.891~1-37628]:main():lattice-best-path.cc:99) For utterance 1041_102_l, best cost 13.0083 + 162.805 = 175.814 over 29 frames.
LOG (lattice-best-path[5.5.891~1-37628]:main():lattice-best-path.cc:99) For utterance 1041_102_r, best cost 13.016 + 160.3 = 173.316 over 29 frames.
LOG (lattice-best-path[5.5.891~1-37628]:main():lattice-best-path.cc:99) For utterance 1041_104_l, best cost 71.3903 + 2114.4 = 2185.79 over 405 frames.
LOG (lattice-best-path[5.5.891~1-37628]:main():lattice-best-path.cc:99) For utterance 1041_104_r, best cost 54.3238 + 2185.64 = 2239.96 over 405 frames.
LOG (lattice-best-path[5.5.891~1-37628]:main():lattice-best-path.cc:99) For utterance 1041_106_l, best cost 44.5789 + 901.279 = 945.858 over 142 frames.
LOG (lattice-best-path[5.5.891~1-37628]:main():lattice-best-path.cc:99) For utterance 1041_106_r, best cost 40.9771 + 909.828 = 950.805 over 142 frames.
LOG (lattice-best-path[5.5.891~1-37628]:main():lattice-best-path.cc:99) For utterance 1041_108_l, best cost 56.7577 + 2301.88 = 2358.64 over 382 frames.
LOG (lattice-best-path[5.5.891~1-37628]:main():lattice-best-path.cc:99) For utterance 1041_108_r, best cost 80.4883 + 2380.41 = 2460.9 over 382 frames.
LOG (lattice-best-path[5.5.891~1-37628]:main():lattice-best-path.cc:99) For utterance 1041_10_l, best cost 47.8212 + 930.984 = 978.805 over 181 frames.
LOG (lattice-best-path[5.5.891~1-37628]:main():lattice-best-path.cc:99) For utterance 1041_10_r, best cost 48.5623 + 980.347 = 1028.91 over 181 frames.
LOG (lattice-best-path[5.5.891~1-37628]:main():lattice-best-path.cc:99) For utterance 1041_110_l, best cost 25.4107 + 513.609 = 539.019 over 98 frames.
LOG (lattice-best-path[5.5.891~1-37628]:main():lattice-best-path.cc:99) For utterance 1041_110_r, best cost 25.305 + 517.522 = 542.827 over 98 frames.
LOG (lattice-best-path[5.5.891~1-37628]:main():lattice-best-path.cc:99) For utterance 1041_112_l, best cost 46.0283 + 1329.43 = 1375.46 over 267 frames.
LOG (lattice-best-path[5.5.891~1-37628]:main():lattice-best-path.cc:99) For utterance 1041_112_r, best cost 63.6912 + 1341.38 = 1405.07 over 267 frames.
LOG (lattice-best-path[5.5.891~1-37628]:main():lattice-best-path.cc:99) For utterance 1041_113_l, best cost 64.1495 + 1959.02 = 2023.17 over 373 frames.
LOG (lattice-best-path[5.5.891~1-37628]:main():lattice-best-path.cc:99) For utterance 1041_113_r, best cost 67.4453 + 1985.88 = 2053.33 over 373 frames.
LOG (lattice-best-path[5.5.891~1-37628]:main():lattice-best-path.cc:99) For utterance 1041_115_l, best cost 31.877 + 563.124 = 595.001 over 98 frames.
LOG (lattice-best-path[5.5.891~1-37628]:main():lattice-best-path.cc:99) For utterance 1041_115_r, best cost 21.6044 + 580.955 = 602.56 over 98 frames.
LOG (lattice-best-path[5.5.891~1-37628]:main():lattice-best-path.cc:99) For utterance 1041_117_l, best cost 155.551 + 3200.15 = 3355.7 over 556 frames.
LOG (lattice-best-path[5.5.891~1-37628]:main():lattice-best-path.cc:99) For utterance 1041_117_r, best cost 153.891 + 3257.91 = 3411.8 over 556 frames.
LOG (lattice-best-path[5.5.891~1-37628]:main():lattice-best-path.cc:99) For utterance 1041_119_l, best cost 40.6891 + 1058.34 = 1099.03 over 200 frames.
LOG (lattice-best-path[5.5.891~1-37628]:main():lattice-best-path.cc:99) For utterance 1041_119_r, best cost 47.4423 + 1076.81 = 1124.25 over 200 frames.
LOG (lattice-best-path[5.5.891~1-37628]:main():lattice-best-path.cc:99) For utterance 1041_121_l, best cost 17.2558 + 376.305 = 393.561 over 65 frames.
LOG (lattice-best-path[5.5.891~1-37628]:main():lattice-best-path.cc:99) For utterance 1041_121_r, best cost 17.2236 + 380.471 = 397.695 over 65 frames.
LOG (lattice-best-path[5.5.891~1-37628]:main():lattice-best-path.cc:99) For utterance 1041_123_l, best cost 33.5007 + 603.971 = 637.472 over 97 frames.
LOG (lattice-best-path[5.5.891~1-37628]:main():lattice-best-path.cc:99) For utterance 1041_123_r, best cost 36.2417 + 597.473 = 633.714 over 97 frames.
LOG (lattice-best-path[5.5.891~1-37628]:main():lattice-best-path.cc:99) For utterance 1041_125_l, best cost 17.3554 + 295.172 = 312.528 over 60 frames.
LOG (lattice-best-path[5.5.891~1-37628]:main():lattice-best-path.cc:99) For utterance 1041_125_r, best cost 18.2925 + 295.589 = 313.881 over 60 frames.
LOG (lattice-best-path[5.5.891~1-37628]:main():lattice-best-path.cc:99) For utterance 1041_127_l, best cost 24.375 + 398.653 = 423.028 over 53 frames.
LOG (lattice-best-path[5.5.891~1-37628]:main():lattice-best-path.cc:99) For utterance 1041_127_r, best cost 21.1845 + 417.792 = 438.977 over 53 frames.
LOG (lattice-best-path[5.5.891~1-37628]:main():lattice-best-path.cc:99) For utterance 1041_129_l, best cost 27.6764 + 611.284 = 638.96 over 95 frames.
LOG (lattice-best-path[5.5.891~1-37628]:main():lattice-best-path.cc:99) For utterance 1041_129_r, best cost 38.7729 + 619.109 = 657.882 over 95 frames.
LOG (lattice-best-path[5.5.891~1-37628]:main():lattice-best-path.cc:99) For utterance 1041_12_l, best cost 33.5444 + 755.398 = 788.942 over 144 frames.
LOG (lattice-best-path[5.5.891~1-37628]:main():lattice-best-path.cc:99) For utterance 1041_12_r, best cost 39.4946 + 750.879 = 790.374 over 144 frames.
LOG (lattice-best-path[5.5.891~1-37628]:main():lattice-best-path.cc:99) For utterance 1041_131_l, best cost 75.6072 + 1595.85 = 1671.45 over 274 frames.
LOG (lattice-best-path[5.5.891~1-37628]:main():lattice-best-path.cc:99) For utterance 1041_131_r, best cost 72.8303 + 1638.69 = 1711.52 over 274 frames.
LOG (lattice-best-path[5.5.891~1-37628]:main():lattice-best-path.cc:99) For utterance 1041_133_l, best cost 64.7525 + 1789.02 = 1853.78 over 312 frames.
LOG (lattice-best-path[5.5.891~1-37628]:main():lattice-best-path.cc:99) For utterance 1041_133_r, best cost 67.447 + 1833.62 = 1901.07 over 312 frames.
LOG (lattice-best-path[5.5.891~1-37628]:main():lattice-best-path.cc:99) For utterance 1041_135_l, best cost 45.7729 + 693.817 = 739.59 over 146 frames.
LOG (lattice-best-path[5.5.891~1-37628]:main():lattice-best-path.cc:99) For utterance 1041_135_r, best cost 42.5815 + 713.342 = 755.923 over 146 frames.
LOG (lattice-best-path[5.5.891~1-37628]:main():lattice-best-path.cc:99) For utterance 1041_137_l, best cost 67.8085 + 1879.29 = 1947.1 over 337 frames.
LOG (lattice-best-path[5.5.891~1-37628]:main():lattice-best-path.cc:99) For utterance 1041_137_r, best cost 73.8404 + 1910.46 = 1984.3 over 337 frames.
LOG (lattice-best-path[5.5.891~1-37628]:main():lattice-best-path.cc:99) For utterance 1041_139_l, best cost 38.2263 + 909.753 = 947.979 over 147 frames.
LOG (lattice-best-path[5.5.891~1-37628]:main():lattice-best-path.cc:99) For utterance 1041_139_r, best cost 34.7688 + 953.732 = 988.501 over 147 frames.
LOG (lattice-best-path[5.5.891~1-37628]:main():lattice-best-path.cc:99) For utterance 1041_141_l, best cost 13.9581 + 297.16 = 311.118 over 49 frames.
LOG (lattice-best-path[5.5.891~1-37628]:main():lattice-best-path.cc:99) For utterance 1041_141_r, best cost 15.0206 + 298.726 = 313.747 over 49 frames.
LOG (lattice-best-path[5.5.891~1-37628]:main():lattice-best-path.cc:99) For utterance 1041_143_l, best cost 28.5424 + 731.198 = 759.741 over 98 frames.
LOG (lattice-best-path[5.5.891~1-37628]:main():lattice-best-path.cc:99) For utterance 1041_143_r, best cost 23.6477 + 745.196 = 768.844 over 98 frames.
LOG (lattice-best-path[5.5.891~1-37628]:main():lattice-best-path.cc:99) For utterance 1041_145_l, best cost 114.26 + 2903.27 = 3017.53 over 515 frames.
LOG (lattice-best-path[5.5.891~1-37628]:main():lattice-best-path.cc:99) For utterance 1041_145_r, best cost 107.207 + 2959.54 = 3066.75 over 515 frames.
LOG (lattice-best-path[5.5.891~1-37628]:main():lattice-best-path.cc:99) For utterance 1041_147_l, best cost 25.8779 + 579.027 = 604.905 over 96 frames.
LOG (lattice-best-path[5.5.891~1-37628]:main():lattice-best-path.cc:99) For utterance 1041_147_r, best cost 25.7868 + 590.347 = 616.134 over 96 frames.
LOG (lattice-best-path[5.5.891~1-37628]:main():lattice-best-path.cc:99) For utterance 1041_149_l, best cost 99.2281 + 2744.98 = 2844.21 over 558 frames.
LOG (lattice-best-path[5.5.891~1-37628]:main():lattice-best-path.cc:99) For utterance 1041_149_r, best cost 101.68 + 2790.15 = 2891.83 over 558 frames.
LOG (lattice-best-path[5.5.891~1-37628]:main():lattice-best-path.cc:99) For utterance 1041_14_l, best cost 100.434 + 1996.78 = 2097.21 over 371 frames.
LOG (lattice-best-path[5.5.891~1-37628]:main():lattice-best-path.cc:99) For utterance 1041_14_r, best cost 100.105 + 2068.81 = 2168.92 over 371 frames.
LOG (lattice-best-path[5.5.891~1-37628]:main():lattice-best-path.cc:99) For utterance 1041_151_l, best cost 54.5464 + 954.135 = 1008.68 over 172 frames.
LOG (lattice-best-path[5.5.891~1-37628]:main():lattice-best-path.cc:99) For utterance 1041_151_r, best cost 62.438 + 951.68 = 1014.12 over 172 frames.
LOG (lattice-best-path[5.5.891~1-37628]:main():lattice-best-path.cc:99) For utterance 1041_153_l, best cost 81.6236 + 3071.86 = 3153.49 over 535 frames.
LOG (lattice-best-path[5.5.891~1-37628]:main():lattice-best-path.cc:99) For utterance 1041_153_r, best cost 104.149 + 3080.98 = 3185.12 over 535 frames.
LOG (lattice-best-path[5.5.891~1-37628]:main():lattice-best-path.cc:99) For utterance 1041_155_l, best cost 91.1151 + 3029.87 = 3120.99 over 557 frames.
LOG (lattice-best-path[5.5.891~1-37628]:main():lattice-best-path.cc:99) For utterance 1041_155_r, best cost 89.0147 + 3092.28 = 3181.29 over 557 frames.
LOG (lattice-best-path[5.5.891~1-37628]:main():lattice-best-path.cc:99) For utterance 1041_157_l, best cost 73.2064 + 1663.64 = 1736.85 over 287 frames.
LOG (lattice-best-path[5.5.891~1-37628]:main():lattice-best-path.cc:99) For utterance 1041_157_r, best cost 73.6683 + 1697.08 = 1770.75 over 287 frames.
LOG (lattice-best-path[5.5.891~1-37628]:main():lattice-best-path.cc:99) For utterance 1041_159_l, best cost 26.5268 + 869.135 = 895.661 over 151 frames.
LOG (lattice-best-path[5.5.891~1-37628]:main():lattice-best-path.cc:99) For utterance 1041_159_r, best cost 26.3386 + 886.605 = 912.943 over 151 frames.
LOG (lattice-best-path[5.5.891~1-37628]:main():lattice-best-path.cc:99) For utterance 1041_161_l, best cost 69.1001 + 1547.97 = 1617.07 over 279 frames.
LOG (lattice-best-path[5.5.891~1-37628]:main():lattice-best-path.cc:99) For utterance 1041_161_r, best cost 69.4629 + 1535.9 = 1605.36 over 279 frames.
LOG (lattice-best-path[5.5.891~1-37628]:main():lattice-best-path.cc:99) For utterance 1041_163_l, best cost 78.3112 + 3052.87 = 3131.18 over 504 frames.
LOG (lattice-best-path[5.5.891~1-37628]:main():lattice-best-path.cc:99) For utterance 1041_163_r, best cost 132.796 + 3060.05 = 3192.84 over 504 frames.
LOG (lattice-best-path[5.5.891~1-37628]:main():lattice-best-path.cc:99) For utterance 1041_165_l, best cost 63.0286 + 1571.33 = 1634.35 over 278 frames.
LOG (lattice-best-path[5.5.891~1-37628]:main():lattice-best-path.cc:99) For utterance 1041_165_r, best cost 63.0941 + 1595.33 = 1658.43 over 278 frames.
LOG (lattice-best-path[5.5.891~1-37628]:main():lattice-best-path.cc:99) For utterance 1041_167_l, best cost 88.0852 + 1816.13 = 1904.21 over 315 frames.
LOG (lattice-best-path[5.5.891~1-37628]:main():lattice-best-path.cc:99) For utterance 1041_167_r, best cost 82.9427 + 1838.87 = 1921.81 over 315 frames.
LOG (lattice-best-path[5.5.891~1-37628]:main():lattice-best-path.cc:99) For utterance 1041_16_l, best cost 158.018 + 4064.04 = 4222.06 over 724 frames.
LOG (lattice-best-path[5.5.891~1-37628]:main():lattice-best-path.cc:99) For utterance 1041_16_r, best cost 115.764 + 4184.4 = 4300.16 over 724 frames.
LOG (lattice-best-path[5.5.891~1-37628]:main():lattice-best-path.cc:99) For utterance 1041_170_l, best cost 76.8159 + 1439.17 = 1515.99 over 214 frames.
LOG (lattice-best-path[5.5.891~1-37628]:main():lattice-best-path.cc:99) For utterance 1041_170_r, best cost 71.7449 + 1462.79 = 1534.53 over 214 frames.
LOG (lattice-best-path[5.5.891~1-37628]:main():lattice-best-path.cc:99) For utterance 1041_172_l, best cost 93.6999 + 2433.08 = 2526.78 over 404 frames.
LOG (lattice-best-path[5.5.891~1-37628]:main():lattice-best-path.cc:99) For utterance 1041_172_r, best cost 94.4867 + 2470.03 = 2564.52 over 404 frames.
LOG (lattice-best-path[5.5.891~1-37628]:main():lattice-best-path.cc:99) For utterance 1041_174_l, best cost 13.4845 + 211.869 = 225.353 over 35 frames.
LOG (lattice-best-path[5.5.891~1-37628]:main():lattice-best-path.cc:99) For utterance 1041_174_r, best cost 12.9069 + 219.294 = 232.201 over 35 frames.
LOG (lattice-best-path[5.5.891~1-37628]:main():lattice-best-path.cc:99) For utterance 1041_176_l, best cost 83.2701 + 2654.52 = 2737.79 over 452 frames.
LOG (lattice-best-path[5.5.891~1-37628]:main():lattice-best-path.cc:99) For utterance 1041_176_r, best cost 116.019 + 2664.06 = 2780.08 over 452 frames.
LOG (lattice-best-path[5.5.891~1-37628]:main():lattice-best-path.cc:99) For utterance 1041_177_l, best cost 97.3393 + 2386.4 = 2483.74 over 421 frames.
LOG (lattice-best-path[5.5.891~1-37628]:main():lattice-best-path.cc:99) For utterance 1041_177_r, best cost 99.4421 + 2454.59 = 2554.03 over 421 frames.
LOG (lattice-best-path[5.5.891~1-37628]:main():lattice-best-path.cc:99) For utterance 1041_178_l, best cost 122.494 + 3072.76 = 3195.25 over 561 frames.
LOG (lattice-best-path[5.5.891~1-37628]:main():lattice-best-path.cc:99) For utterance 1041_178_r, best cost 126.037 + 3167.01 = 3293.05 over 561 frames.
LOG (lattice-best-path[5.5.891~1-37628]:main():lattice-best-path.cc:99) For utterance 1041_180_l, best cost 58.3648 + 1322.68 = 1381.04 over 232 frames.
LOG (lattice-best-path[5.5.891~1-37628]:main():lattice-best-path.cc:99) For utterance 1041_180_r, best cost 69.2114 + 1331.63 = 1400.84 over 232 frames.
LOG (lattice-best-path[5.5.891~1-37628]:main():lattice-best-path.cc:99) For utterance 1041_182_l, best cost 38.308 + 709.792 = 748.1 over 119 frames.
LOG (lattice-best-path[5.5.891~1-37628]:main():lattice-best-path.cc:99) For utterance 1041_182_r, best cost 31.4116 + 724.179 = 755.591 over 119 frames.
LOG (lattice-best-path[5.5.891~1-37628]:main():lattice-best-path.cc:99) For utterance 1041_184_l, best cost 18.1421 + 498.827 = 516.969 over 79 frames.
LOG (lattice-best-path[5.5.891~1-37628]:main():lattice-best-path.cc:99) For utterance 1041_184_r, best cost 17.2202 + 511.094 = 528.314 over 79 frames.
LOG (lattice-best-path[5.5.891~1-37628]:main():lattice-best-path.cc:99) For utterance 1041_186_l, best cost 42.5758 + 770.191 = 812.767 over 129 frames.
LOG (lattice-best-path[5.5.891~1-37628]:main():lattice-best-path.cc:99) For utterance 1041_186_r, best cost 45.5447 + 748.576 = 794.12 over 129 frames.
LOG (lattice-best-path[5.5.891~1-37628]:main():lattice-best-path.cc:99) For utterance 1041_188_l, best cost 123.79 + 3275.37 = 3399.16 over 564 frames.
LOG (lattice-best-path[5.5.891~1-37628]:main():lattice-best-path.cc:99) For utterance 1041_188_r, best cost 112.18 + 3331.59 = 3443.77 over 564 frames.
LOG (lattice-best-path[5.5.891~1-37628]:main():lattice-best-path.cc:99) For utterance 1041_18_l, best cost 24.7547 + 560.455 = 585.21 over 85 frames.
LOG (lattice-best-path[5.5.891~1-37628]:main():lattice-best-path.cc:99) For utterance 1041_18_r, best cost 23.4071 + 572.3 = 595.707 over 85 frames.
LOG (lattice-best-path[5.5.891~1-37628]:main():lattice-best-path.cc:99) For utterance 1041_190_l, best cost 101.32 + 2096.7 = 2198.02 over 374 frames.
LOG (lattice-best-path[5.5.891~1-37628]:main():lattice-best-path.cc:99) For utterance 1041_190_r, best cost 107.804 + 2138.69 = 2246.5 over 374 frames.
LOG (lattice-best-path[5.5.891~1-37628]:main():lattice-best-path.cc:99) For utterance 1041_192_l, best cost 50.1533 + 1777.38 = 1827.53 over 288 frames.
LOG (lattice-best-path[5.5.891~1-37628]:main():lattice-best-path.cc:99) For utterance 1041_192_r, best cost 50.2448 + 1776.73 = 1826.98 over 288 frames.
LOG (lattice-best-path[5.5.891~1-37628]:main():lattice-best-path.cc:99) For utterance 1041_194_l, best cost 94.1906 + 2562.68 = 2656.87 over 447 frames.
LOG (lattice-best-path[5.5.891~1-37628]:main():lattice-best-path.cc:99) For utterance 1041_194_r, best cost 109.536 + 2567.86 = 2677.4 over 447 frames.
LOG (lattice-best-path[5.5.891~1-37628]:main():lattice-best-path.cc:99) For utterance 1041_196_l, best cost 82.1739 + 2296 = 2378.17 over 412 frames.
LOG (lattice-best-path[5.5.891~1-37628]:main():lattice-best-path.cc:99) For utterance 1041_196_r, best cost 92.6729 + 2355.79 = 2448.46 over 412 frames.
LOG (lattice-best-path[5.5.891~1-37628]:main():lattice-best-path.cc:99) For utterance 1041_198_l, best cost 89.969 + 1819.35 = 1909.32 over 294 frames.
LOG (lattice-best-path[5.5.891~1-37628]:main():lattice-best-path.cc:99) For utterance 1041_198_r, best cost 72.6421 + 1854.74 = 1927.38 over 294 frames.
LOG (lattice-best-path[5.5.891~1-37628]:main():lattice-best-path.cc:99) For utterance 1041_200_l, best cost 117.882 + 2010.37 = 2128.25 over 374 frames.
LOG (lattice-best-path[5.5.891~1-37628]:main():lattice-best-path.cc:99) For utterance 1041_200_r, best cost 115.984 + 2043.68 = 2159.67 over 374 frames.
LOG (lattice-best-path[5.5.891~1-37628]:main():lattice-best-path.cc:99) For utterance 1041_202_l, best cost 55.5094 + 1101.85 = 1157.36 over 180 frames.
LOG (lattice-best-path[5.5.891~1-37628]:main():lattice-best-path.cc:99) For utterance 1041_202_r, best cost 51.7591 + 1109.05 = 1160.81 over 180 frames.
LOG (lattice-best-path[5.5.891~1-37628]:main():lattice-best-path.cc:99) For utterance 1041_204_l, best cost 117.324 + 3425.94 = 3543.27 over 604 frames.
LOG (lattice-best-path[5.5.891~1-37628]:main():lattice-best-path.cc:99) For utterance 1041_204_r, best cost 118.663 + 3491.57 = 3610.23 over 604 frames.
LOG (lattice-best-path[5.5.891~1-37628]:main():lattice-best-path.cc:99) For utterance 1041_206_l, best cost 17.4199 + 497.958 = 515.378 over 80 frames.
LOG (lattice-best-path[5.5.891~1-37628]:main():lattice-best-path.cc:99) For utterance 1041_206_r, best cost 17.926 + 496.353 = 514.279 over 80 frames.
LOG (lattice-best-path[5.5.891~1-37628]:main():lattice-best-path.cc:99) For utterance 1041_208_l, best cost 84.8454 + 1856.08 = 1940.92 over 343 frames.
LOG (lattice-best-path[5.5.891~1-37628]:main():lattice-best-path.cc:99) For utterance 1041_208_r, best cost 75.0107 + 1906.6 = 1981.61 over 343 frames.
LOG (lattice-best-path[5.5.891~1-37628]:main():lattice-best-path.cc:99) For utterance 1041_20_l, best cost 87.1886 + 2307.13 = 2394.32 over 421 frames.
LOG (lattice-best-path[5.5.891~1-37628]:main():lattice-best-path.cc:99) For utterance 1041_20_r, best cost 115.84 + 2375.2 = 2491.04 over 421 frames.
LOG (lattice-best-path[5.5.891~1-37628]:main():lattice-best-path.cc:99) For utterance 1041_210_l, best cost 115.219 + 2192.66 = 2307.88 over 384 frames.
LOG (lattice-best-path[5.5.891~1-37628]:main():lattice-best-path.cc:99) For utterance 1041_210_r, best cost 104.579 + 2210.18 = 2314.76 over 384 frames.
LOG (lattice-best-path[5.5.891~1-37628]:main():lattice-best-path.cc:99) For utterance 1041_212_l, best cost 90.9769 + 2106.3 = 2197.28 over 359 frames.
LOG (lattice-best-path[5.5.891~1-37628]:main():lattice-best-path.cc:99) For utterance 1041_212_r, best cost 109.51 + 2113.09 = 2222.6 over 359 frames.
LOG (lattice-best-path[5.5.891~1-37628]:main():lattice-best-path.cc:99) For utterance 1041_214_l, best cost 29.3417 + 932.664 = 962.006 over 135 frames.
LOG (lattice-best-path[5.5.891~1-37628]:main():lattice-best-path.cc:99) For utterance 1041_214_r, best cost 30.4557 + 895.785 = 926.24 over 135 frames.
LOG (lattice-best-path[5.5.891~1-37628]:main():lattice-best-path.cc:99) For utterance 1041_216_l, best cost 76.295 + 2696.94 = 2773.23 over 535 frames.
LOG (lattice-best-path[5.5.891~1-37628]:main():lattice-best-path.cc:99) For utterance 1041_216_r, best cost 78.3739 + 2744.02 = 2822.39 over 535 frames.
LOG (lattice-best-path[5.5.891~1-37628]:main():lattice-best-path.cc:99) For utterance 1041_217_l, best cost 86.0652 + 2539.12 = 2625.18 over 440 frames.
LOG (lattice-best-path[5.5.891~1-37628]:main():lattice-best-path.cc:99) For utterance 1041_217_r, best cost 67.4621 + 2629.92 = 2697.38 over 440 frames.
LOG (lattice-best-path[5.5.891~1-37628]:main():lattice-best-path.cc:99) For utterance 1041_218_l, best cost 48.073 + 917.501 = 965.574 over 178 frames.
LOG (lattice-best-path[5.5.891~1-37628]:main():lattice-best-path.cc:99) For utterance 1041_218_r, best cost 46.8628 + 962.722 = 1009.58 over 178 frames.
LOG (lattice-best-path[5.5.891~1-37628]:main():lattice-best-path.cc:99) For utterance 1041_220_l, best cost 121.328 + 2928.36 = 3049.68 over 530 frames.
LOG (lattice-best-path[5.5.891~1-37628]:main():lattice-best-path.cc:99) For utterance 1041_220_r, best cost 134.665 + 3006.56 = 3141.23 over 530 frames.
LOG (lattice-best-path[5.5.891~1-37628]:main():lattice-best-path.cc:99) For utterance 1041_222_l, best cost 100.061 + 2589.01 = 2689.08 over 494 frames.
LOG (lattice-best-path[5.5.891~1-37628]:main():lattice-best-path.cc:99) For utterance 1041_222_r, best cost 106.337 + 2649.25 = 2755.59 over 494 frames.
LOG (lattice-best-path[5.5.891~1-37628]:main():lattice-best-path.cc:99) For utterance 1041_224_l, best cost 127.899 + 2946 = 3073.9 over 535 frames.
LOG (lattice-best-path[5.5.891~1-37628]:main():lattice-best-path.cc:99) For utterance 1041_224_r, best cost 139.826 + 2975.07 = 3114.9 over 535 frames.
LOG (lattice-best-path[5.5.891~1-37628]:main():lattice-best-path.cc:99) For utterance 1041_226_l, best cost 117.617 + 2423.99 = 2541.61 over 424 frames.
LOG (lattice-best-path[5.5.891~1-37628]:main():lattice-best-path.cc:99) For utterance 1041_226_r, best cost 113.455 + 2480.66 = 2594.12 over 424 frames.
LOG (lattice-best-path[5.5.891~1-37628]:main():lattice-best-path.cc:99) For utterance 1041_228_l, best cost 58.2744 + 1371.64 = 1429.92 over 225 frames.
LOG (lattice-best-path[5.5.891~1-37628]:main():lattice-best-path.cc:99) For utterance 1041_228_r, best cost 59.9426 + 1420.95 = 1480.89 over 225 frames.
LOG (lattice-best-path[5.5.891~1-37628]:main():lattice-best-path.cc:99) For utterance 1041_22_l, best cost 14.8361 + 454.529 = 469.365 over 100 frames.
LOG (lattice-best-path[5.5.891~1-37628]:main():lattice-best-path.cc:99) For utterance 1041_22_r, best cost 15.9489 + 467.01 = 482.959 over 100 frames.
LOG (lattice-best-path[5.5.891~1-37628]:main():lattice-best-path.cc:99) For utterance 1041_230_l, best cost 60.3339 + 1582.96 = 1643.3 over 279 frames.
LOG (lattice-best-path[5.5.891~1-37628]:main():lattice-best-path.cc:99) For utterance 1041_230_r, best cost 56.7307 + 1614.73 = 1671.46 over 279 frames.
LOG (lattice-best-path[5.5.891~1-37628]:main():lattice-best-path.cc:99) For utterance 1041_232_l, best cost 96.1305 + 3282.05 = 3378.18 over 572 frames.
LOG (lattice-best-path[5.5.891~1-37628]:main():lattice-best-path.cc:99) For utterance 1041_232_r, best cost 87.7358 + 3273.03 = 3360.77 over 572 frames.
LOG (lattice-best-path[5.5.891~1-37628]:main():lattice-best-path.cc:99) For utterance 1041_234_l, best cost 62.4054 + 1073.29 = 1135.69 over 173 frames.
LOG (lattice-best-path[5.5.891~1-37628]:main():lattice-best-path.cc:99) For utterance 1041_234_r, best cost 62.4557 + 1077.53 = 1139.98 over 173 frames.
LOG (lattice-best-path[5.5.891~1-37628]:main():lattice-best-path.cc:99) For utterance 1041_236_l, best cost 109.235 + 3673.25 = 3782.49 over 720 frames.
LOG (lattice-best-path[5.5.891~1-37628]:main():lattice-best-path.cc:99) For utterance 1041_236_r, best cost 101.15 + 3705.44 = 3806.59 over 720 frames.
LOG (lattice-best-path[5.5.891~1-37628]:main():lattice-best-path.cc:99) For utterance 1041_238_l, best cost 67.3699 + 1533.02 = 1600.39 over 226 frames.
LOG (lattice-best-path[5.5.891~1-37628]:main():lattice-best-path.cc:99) For utterance 1041_238_r, best cost 67.9696 + 1575.28 = 1643.25 over 226 frames.
LOG (lattice-best-path[5.5.891~1-37628]:main():lattice-best-path.cc:99) For utterance 1041_240_l, best cost 71.0069 + 1480.7 = 1551.7 over 263 frames.
LOG (lattice-best-path[5.5.891~1-37628]:main():lattice-best-path.cc:99) For utterance 1041_240_r, best cost 75.1019 + 1498.56 = 1573.67 over 263 frames.
LOG (lattice-best-path[5.5.891~1-37628]:main():lattice-best-path.cc:99) For utterance 1041_242_l, best cost 34.9022 + 914.317 = 949.22 over 146 frames.
LOG (lattice-best-path[5.5.891~1-37628]:main():lattice-best-path.cc:99) For utterance 1041_242_r, best cost 37.2918 + 922.377 = 959.669 over 146 frames.
LOG (lattice-best-path[5.5.891~1-37628]:main():lattice-best-path.cc:99) For utterance 1041_244_l, best cost 69.9923 + 1598.17 = 1668.16 over 246 frames.
LOG (lattice-best-path[5.5.891~1-37628]:main():lattice-best-path.cc:99) For utterance 1041_244_r, best cost 69.5953 + 1602.57 = 1672.17 over 246 frames.
LOG (lattice-best-path[5.5.891~1-37628]:main():lattice-best-path.cc:99) For utterance 1041_246_l, best cost 34.7566 + 761.758 = 796.515 over 138 frames.
LOG (lattice-best-path[5.5.891~1-37628]:main():lattice-best-path.cc:99) For utterance 1041_246_r, best cost 33.5176 + 770.158 = 803.676 over 138 frames.
LOG (lattice-best-path[5.5.891~1-37628]:main():lattice-best-path.cc:99) For utterance 1041_248_l, best cost 91.7611 + 2222.09 = 2313.85 over 363 frames.
LOG (lattice-best-path[5.5.891~1-37628]:main():lattice-best-path.cc:99) For utterance 1041_248_r, best cost 85.288 + 2265.36 = 2350.65 over 363 frames.
LOG (lattice-best-path[5.5.891~1-37628]:main():lattice-best-path.cc:99) For utterance 1041_24_l, best cost 41.7386 + 1430.04 = 1471.77 over 227 frames.
LOG (lattice-best-path[5.5.891~1-37628]:main():lattice-best-path.cc:99) For utterance 1041_24_r, best cost 57.3999 + 1445.75 = 1503.15 over 227 frames.
LOG (lattice-best-path[5.5.891~1-37628]:main():lattice-best-path.cc:99) For utterance 1041_250_l, best cost 38.2973 + 1241 = 1279.3 over 197 frames.
LOG (lattice-best-path[5.5.891~1-37628]:main():lattice-best-path.cc:99) For utterance 1041_250_r, best cost 53.8006 + 1233.25 = 1287.06 over 197 frames.
LOG (lattice-best-path[5.5.891~1-37628]:main():lattice-best-path.cc:99) For utterance 1041_252_l, best cost 17.3762 + 499.708 = 517.084 over 122 frames.
LOG (lattice-best-path[5.5.891~1-37628]:main():lattice-best-path.cc:99) For utterance 1041_252_r, best cost 36.8086 + 493.48 = 530.288 over 122 frames.
LOG (lattice-best-path[5.5.891~1-37628]:main():lattice-best-path.cc:99) For utterance 1041_254_l, best cost 64.2904 + 3143.65 = 3207.94 over 492 frames.
LOG (lattice-best-path[5.5.891~1-37628]:main():lattice-best-path.cc:99) For utterance 1041_254_r, best cost 68.0935 + 3178.97 = 3247.07 over 492 frames.
LOG (lattice-best-path[5.5.891~1-37628]:main():lattice-best-path.cc:99) For utterance 1041_255_l, best cost 119.842 + 4453.75 = 4573.59 over 781 frames.
LOG (lattice-best-path[5.5.891~1-37628]:main():lattice-best-path.cc:99) For utterance 1041_255_r, best cost 187.122 + 4431.59 = 4618.72 over 781 frames.
LOG (lattice-best-path[5.5.891~1-37628]:main():lattice-best-path.cc:99) For utterance 1041_257_l, best cost 130.696 + 2630 = 2760.69 over 450 frames.
LOG (lattice-best-path[5.5.891~1-37628]:main():lattice-best-path.cc:99) For utterance 1041_257_r, best cost 113.899 + 2663.59 = 2777.49 over 450 frames.
LOG (lattice-best-path[5.5.891~1-37628]:main():lattice-best-path.cc:99) For utterance 1041_259_l, best cost 87.8642 + 2394.3 = 2482.17 over 406 frames.
LOG (lattice-best-path[5.5.891~1-37628]:main():lattice-best-path.cc:99) For utterance 1041_259_r, best cost 87.3228 + 2439.14 = 2526.46 over 406 frames.
LOG (lattice-best-path[5.5.891~1-37628]:main():lattice-best-path.cc:99) For utterance 1041_261_l, best cost 16.0228 + 340.885 = 356.908 over 55 frames.
LOG (lattice-best-path[5.5.891~1-37628]:main():lattice-best-path.cc:99) For utterance 1041_261_r, best cost 16.4763 + 344.142 = 360.618 over 55 frames.
LOG (lattice-best-path[5.5.891~1-37628]:main():lattice-best-path.cc:99) For utterance 1041_263_l, best cost 122.014 + 2652.58 = 2774.6 over 442 frames.
LOG (lattice-best-path[5.5.891~1-37628]:main():lattice-best-path.cc:99) For utterance 1041_263_r, best cost 121.107 + 2631.81 = 2752.92 over 442 frames.
LOG (lattice-best-path[5.5.891~1-37628]:main():lattice-best-path.cc:99) For utterance 1041_265_l, best cost 101.877 + 2762.86 = 2864.74 over 503 frames.
LOG (lattice-best-path[5.5.891~1-37628]:main():lattice-best-path.cc:99) For utterance 1041_265_r, best cost 117.015 + 2790.75 = 2907.76 over 503 frames.
LOG (lattice-best-path[5.5.891~1-37628]:main():lattice-best-path.cc:99) For utterance 1041_267_l, best cost 28.9074 + 564.687 = 593.595 over 100 frames.
LOG (lattice-best-path[5.5.891~1-37628]:main():lattice-best-path.cc:99) For utterance 1041_267_r, best cost 29.9616 + 563.846 = 593.808 over 100 frames.
LOG (lattice-best-path[5.5.891~1-37628]:main():lattice-best-path.cc:99) For utterance 1041_269_l, best cost 47.8636 + 1094.51 = 1142.37 over 196 frames.
LOG (lattice-best-path[5.5.891~1-37628]:main():lattice-best-path.cc:99) For utterance 1041_269_r, best cost 52.2419 + 1073.73 = 1125.97 over 196 frames.
LOG (lattice-best-path[5.5.891~1-37628]:main():lattice-best-path.cc:99) For utterance 1041_26_l, best cost 70.1045 + 2351.57 = 2421.67 over 459 frames.
LOG (lattice-best-path[5.5.891~1-37628]:main():lattice-best-path.cc:99) For utterance 1041_26_r, best cost 67.0078 + 2450.3 = 2517.31 over 459 frames.
LOG (lattice-best-path[5.5.891~1-37628]:main():lattice-best-path.cc:99) For utterance 1041_271_l, best cost 102.666 + 2601.06 = 2703.72 over 455 frames.
LOG (lattice-best-path[5.5.891~1-37628]:main():lattice-best-path.cc:99) For utterance 1041_271_r, best cost 87.7715 + 2683.35 = 2771.12 over 455 frames.
LOG (lattice-best-path[5.5.891~1-37628]:main():lattice-best-path.cc:99) For utterance 1041_273_l, best cost 58.2119 + 1657.95 = 1716.17 over 259 frames.
LOG (lattice-best-path[5.5.891~1-37628]:main():lattice-best-path.cc:99) For utterance 1041_273_r, best cost 62.0753 + 1680.56 = 1742.64 over 259 frames.
LOG (lattice-best-path[5.5.891~1-37628]:main():lattice-best-path.cc:99) For utterance 1041_275_l, best cost 25.6543 + 1065.77 = 1091.42 over 175 frames.
LOG (lattice-best-path[5.5.891~1-37628]:main():lattice-best-path.cc:99) For utterance 1041_275_r, best cost 39.6788 + 1035.19 = 1074.87 over 175 frames.
LOG (lattice-best-path[5.5.891~1-37628]:main():lattice-best-path.cc:99) For utterance 1041_277_l, best cost 85.0292 + 2353.1 = 2438.13 over 402 frames.
LOG (lattice-best-path[5.5.891~1-37628]:main():lattice-best-path.cc:99) For utterance 1041_277_r, best cost 107.851 + 2370.09 = 2477.94 over 402 frames.
LOG (lattice-best-path[5.5.891~1-37628]:main():lattice-best-path.cc:99) For utterance 1041_279_l, best cost 43.4504 + 1129.52 = 1172.97 over 174 frames.
LOG (lattice-best-path[5.5.891~1-37628]:main():lattice-best-path.cc:99) For utterance 1041_279_r, best cost 46.6444 + 1132.6 = 1179.24 over 174 frames.
LOG (lattice-best-path[5.5.891~1-37628]:main():lattice-best-path.cc:99) For utterance 1041_281_l, best cost 73.6467 + 1842.15 = 1915.79 over 299 frames.
LOG (lattice-best-path[5.5.891~1-37628]:main():lattice-best-path.cc:99) For utterance 1041_281_r, best cost 73.7808 + 1851.45 = 1925.23 over 299 frames.
LOG (lattice-best-path[5.5.891~1-37628]:main():lattice-best-path.cc:99) For utterance 1041_283_l, best cost 102.518 + 1916.17 = 2018.69 over 351 frames.
LOG (lattice-best-path[5.5.891~1-37628]:main():lattice-best-path.cc:99) For utterance 1041_283_r, best cost 92.6105 + 1943.72 = 2036.33 over 351 frames.
LOG (lattice-best-path[5.5.891~1-37628]:main():lattice-best-path.cc:99) For utterance 1041_285_l, best cost 59.1868 + 1068.76 = 1127.95 over 195 frames.
LOG (lattice-best-path[5.5.891~1-37628]:main():lattice-best-path.cc:99) For utterance 1041_285_r, best cost 59.5766 + 1075.97 = 1135.55 over 195 frames.
LOG (lattice-best-path[5.5.891~1-37628]:main():lattice-best-path.cc:99) For utterance 1041_287_l, best cost 43.996 + 1395.58 = 1439.58 over 240 frames.
LOG (lattice-best-path[5.5.891~1-37628]:main():lattice-best-path.cc:99) For utterance 1041_287_r, best cost 52.6833 + 1370.79 = 1423.48 over 240 frames.
LOG (lattice-best-path[5.5.891~1-37628]:main():lattice-best-path.cc:99) For utterance 1041_289_l, best cost 60.1006 + 1643.2 = 1703.3 over 306 frames.
LOG (lattice-best-path[5.5.891~1-37628]:main():lattice-best-path.cc:99) For utterance 1041_289_r, best cost 63.5527 + 1671.77 = 1735.32 over 306 frames.
LOG (lattice-best-path[5.5.891~1-37628]:main():lattice-best-path.cc:99) For utterance 1041_28_l, best cost 70.6026 + 1871.4 = 1942 over 306 frames.
LOG (lattice-best-path[5.5.891~1-37628]:main():lattice-best-path.cc:99) For utterance 1041_28_r, best cost 71.5056 + 1940.06 = 2011.57 over 306 frames.
LOG (lattice-best-path[5.5.891~1-37628]:main():lattice-best-path.cc:99) For utterance 1041_291_l, best cost 23.6906 + 868.086 = 891.776 over 149 frames.
LOG (lattice-best-path[5.5.891~1-37628]:main():lattice-best-path.cc:99) For utterance 1041_291_r, best cost 34.26 + 858.656 = 892.916 over 149 frames.
LOG (lattice-best-path[5.5.891~1-37628]:main():lattice-best-path.cc:99) For utterance 1041_293_l, best cost 12.5508 + 362.004 = 374.555 over 93 frames.
LOG (lattice-best-path[5.5.891~1-37628]:main():lattice-best-path.cc:99) For utterance 1041_293_r, best cost 15.4673 + 369.749 = 385.216 over 93 frames.
LOG (lattice-best-path[5.5.891~1-37628]:main():lattice-best-path.cc:99) For utterance 1041_295_l, best cost 157.792 + 4128.52 = 4286.32 over 824 frames.
LOG (lattice-best-path[5.5.891~1-37628]:main():lattice-best-path.cc:99) For utterance 1041_295_r, best cost 165.714 + 4200.35 = 4366.07 over 824 frames.
LOG (lattice-best-path[5.5.891~1-37628]:main():lattice-best-path.cc:99) For utterance 1041_297_l, best cost 25.5024 + 470.635 = 496.137 over 86 frames.
LOG (lattice-best-path[5.5.891~1-37628]:main():lattice-best-path.cc:99) For utterance 1041_297_r, best cost 27.6472 + 480.162 = 507.809 over 86 frames.
LOG (lattice-best-path[5.5.891~1-37628]:main():lattice-best-path.cc:99) For utterance 1041_299_l, best cost 82.2471 + 1720.22 = 1802.46 over 311 frames.
LOG (lattice-best-path[5.5.891~1-37628]:main():lattice-best-path.cc:99) For utterance 1041_299_r, best cost 80.0144 + 1750.25 = 1830.26 over 311 frames.
LOG (lattice-best-path[5.5.891~1-37628]:main():lattice-best-path.cc:99) For utterance 1041_2_l, best cost 71.7125 + 1681.28 = 1752.99 over 284 frames.
LOG (lattice-best-path[5.5.891~1-37628]:main():lattice-best-path.cc:99) For utterance 1041_2_r, best cost 93.1522 + 1681.99 = 1775.14 over 284 frames.
LOG (lattice-best-path[5.5.891~1-37628]:main():lattice-best-path.cc:99) For utterance 1041_301_l, best cost 119.154 + 4407.12 = 4526.27 over 921 frames.
LOG (lattice-best-path[5.5.891~1-37628]:main():lattice-best-path.cc:99) For utterance 1041_301_r, best cost 112.661 + 4454.77 = 4567.43 over 921 frames.
LOG (lattice-best-path[5.5.891~1-37628]:main():lattice-best-path.cc:99) For utterance 1041_303_l, best cost 17.0022 + 587.833 = 604.835 over 107 frames.
LOG (lattice-best-path[5.5.891~1-37628]:main():lattice-best-path.cc:99) For utterance 1041_303_r, best cost 23.0535 + 600.602 = 623.655 over 107 frames.
LOG (lattice-best-path[5.5.891~1-37628]:main():lattice-best-path.cc:99) For utterance 1041_305_l, best cost 20.5268 + 539.71 = 560.237 over 102 frames.
LOG (lattice-best-path[5.5.891~1-37628]:main():lattice-best-path.cc:99) For utterance 1041_305_r, best cost 20.8589 + 547.388 = 568.247 over 102 frames.
LOG (lattice-best-path[5.5.891~1-37628]:main():lattice-best-path.cc:99) For utterance 1041_307_l, best cost 97.8143 + 3072.44 = 3170.25 over 613 frames.
LOG (lattice-best-path[5.5.891~1-37628]:main():lattice-best-path.cc:99) For utterance 1041_307_r, best cost 77.9841 + 3116.27 = 3194.26 over 613 frames.
LOG (lattice-best-path[5.5.891~1-37628]:main():lattice-best-path.cc:99) For utterance 1041_308_l, best cost 74.4527 + 2467.53 = 2541.98 over 483 frames.
LOG (lattice-best-path[5.5.891~1-37628]:main():lattice-best-path.cc:99) For utterance 1041_308_r, best cost 76.9344 + 2494.38 = 2571.31 over 483 frames.
LOG (lattice-best-path[5.5.891~1-37628]:main():lattice-best-path.cc:99) For utterance 1041_30_l, best cost 87.572 + 1962.74 = 2050.31 over 349 frames.
LOG (lattice-best-path[5.5.891~1-37628]:main():lattice-best-path.cc:99) For utterance 1041_30_r, best cost 88.6658 + 2042.11 = 2130.77 over 349 frames.
LOG (lattice-best-path[5.5.891~1-37628]:main():lattice-best-path.cc:99) For utterance 1041_310_l, best cost 102.162 + 2557.91 = 2660.07 over 497 frames.
LOG (lattice-best-path[5.5.891~1-37628]:main():lattice-best-path.cc:99) For utterance 1041_310_r, best cost 101.767 + 2536.21 = 2637.98 over 497 frames.
LOG (lattice-best-path[5.5.891~1-37628]:main():lattice-best-path.cc:99) For utterance 1041_312_l, best cost 56.832 + 1813.45 = 1870.28 over 355 frames.
LOG (lattice-best-path[5.5.891~1-37628]:main():lattice-best-path.cc:99) For utterance 1041_312_r, best cost 62.5633 + 1783.74 = 1846.31 over 355 frames.
LOG (lattice-best-path[5.5.891~1-37628]:main():lattice-best-path.cc:99) For utterance 1041_314_l, best cost 46.776 + 1621.01 = 1667.78 over 317 frames.
LOG (lattice-best-path[5.5.891~1-37628]:main():lattice-best-path.cc:99) For utterance 1041_314_r, best cost 72.578 + 1635.96 = 1708.54 over 317 frames.
LOG (lattice-best-path[5.5.891~1-37628]:main():lattice-best-path.cc:99) For utterance 1041_316_l, best cost 27.3557 + 518.268 = 545.623 over 105 frames.
LOG (lattice-best-path[5.5.891~1-37628]:main():lattice-best-path.cc:99) For utterance 1041_316_r, best cost 29.0425 + 523.885 = 552.927 over 105 frames.
LOG (lattice-best-path[5.5.891~1-37628]:main():lattice-best-path.cc:99) For utterance 1041_318_l, best cost 71.6678 + 3369.07 = 3440.73 over 665 frames.
LOG (lattice-best-path[5.5.891~1-37628]:main():lattice-best-path.cc:99) For utterance 1041_318_r, best cost 74.231 + 3383.71 = 3457.94 over 665 frames.
LOG (lattice-best-path[5.5.891~1-37628]:main():lattice-best-path.cc:99) For utterance 1041_320_l, best cost 35.5892 + 786.599 = 822.188 over 143 frames.
LOG (lattice-best-path[5.5.891~1-37628]:main():lattice-best-path.cc:99) For utterance 1041_320_r, best cost 37.7081 + 797.614 = 835.322 over 143 frames.
LOG (lattice-best-path[5.5.891~1-37628]:main():lattice-best-path.cc:99) For utterance 1041_322_l, best cost 17.0689 + 448.939 = 466.008 over 70 frames.
LOG (lattice-best-path[5.5.891~1-37628]:main():lattice-best-path.cc:99) For utterance 1041_322_r, best cost 17.1356 + 443.563 = 460.698 over 70 frames.
LOG (lattice-best-path[5.5.891~1-37628]:main():lattice-best-path.cc:99) For utterance 1041_324_l, best cost 114.377 + 3140.02 = 3254.4 over 635 frames.
LOG (lattice-best-path[5.5.891~1-37628]:main():lattice-best-path.cc:99) For utterance 1041_324_r, best cost 113.978 + 3168.33 = 3282.31 over 635 frames.
LOG (lattice-best-path[5.5.891~1-37628]:main():lattice-best-path.cc:99) For utterance 1041_326_l, best cost 17.1551 + 346.454 = 363.609 over 66 frames.
LOG (lattice-best-path[5.5.891~1-37628]:main():lattice-best-path.cc:99) For utterance 1041_326_r, best cost 18.3412 + 349.689 = 368.03 over 66 frames.
LOG (lattice-best-path[5.5.891~1-37628]:main():lattice-best-path.cc:99) For utterance 1041_328_l, best cost 58.2792 + 976.509 = 1034.79 over 167 frames.
LOG (lattice-best-path[5.5.891~1-37628]:main():lattice-best-path.cc:99) For utterance 1041_328_r, best cost 34.3368 + 1002.81 = 1037.14 over 167 frames.
LOG (lattice-best-path[5.5.891~1-37628]:main():lattice-best-path.cc:99) For utterance 1041_32_l, best cost 42.3353 + 1011.05 = 1053.39 over 162 frames.
LOG (lattice-best-path[5.5.891~1-37628]:main():lattice-best-path.cc:99) For utterance 1041_32_r, best cost 37.9285 + 1038.27 = 1076.2 over 162 frames.
LOG (lattice-best-path[5.5.891~1-37628]:main():lattice-best-path.cc:99) For utterance 1041_330_l, best cost 151.519 + 3215.08 = 3366.59 over 529 frames.
LOG (lattice-best-path[5.5.891~1-37628]:main():lattice-best-path.cc:99) For utterance 1041_330_r, best cost 148.671 + 3226.17 = 3374.84 over 529 frames.
LOG (lattice-best-path[5.5.891~1-37628]:main():lattice-best-path.cc:99) For utterance 1041_331_l, best cost 160.389 + 3469.73 = 3630.12 over 606 frames.
LOG (lattice-best-path[5.5.891~1-37628]:main():lattice-best-path.cc:99) For utterance 1041_331_r, best cost 146.908 + 3495.24 = 3642.15 over 606 frames.
LOG (lattice-best-path[5.5.891~1-37628]:main():lattice-best-path.cc:99) For utterance 1041_333_l, best cost 67.1882 + 1292.72 = 1359.91 over 222 frames.
LOG (lattice-best-path[5.5.891~1-37628]:main():lattice-best-path.cc:99) For utterance 1041_333_r, best cost 77.0277 + 1286.03 = 1363.06 over 222 frames.
LOG (lattice-best-path[5.5.891~1-37628]:main():lattice-best-path.cc:99) For utterance 1041_335_l, best cost 110.56 + 2824.09 = 2934.65 over 509 frames.
LOG (lattice-best-path[5.5.891~1-37628]:main():lattice-best-path.cc:99) For utterance 1041_335_r, best cost 104.512 + 2834.69 = 2939.2 over 509 frames.
LOG (lattice-best-path[5.5.891~1-37628]:main():lattice-best-path.cc:99) For utterance 1041_336_l, best cost 36.168 + 1061.09 = 1097.26 over 204 frames.
LOG (lattice-best-path[5.5.891~1-37628]:main():lattice-best-path.cc:99) For utterance 1041_336_r, best cost 24.3263 + 1081.21 = 1105.54 over 204 frames.
LOG (lattice-best-path[5.5.891~1-37628]:main():lattice-best-path.cc:99) For utterance 1041_338_l, best cost 57.4507 + 1248.26 = 1305.71 over 216 frames.
LOG (lattice-best-path[5.5.891~1-37628]:main():lattice-best-path.cc:99) For utterance 1041_338_r, best cost 56.1778 + 1247.23 = 1303.4 over 216 frames.
LOG (lattice-best-path[5.5.891~1-37628]:main():lattice-best-path.cc:99) For utterance 1041_340_l, best cost 91.8303 + 2311.2 = 2403.03 over 433 frames.
LOG (lattice-best-path[5.5.891~1-37628]:main():lattice-best-path.cc:99) For utterance 1041_340_r, best cost 92.5893 + 2339.29 = 2431.88 over 433 frames.
LOG (lattice-best-path[5.5.891~1-37628]:main():lattice-best-path.cc:99) For utterance 1041_342_l, best cost 94.3887 + 3816.14 = 3910.53 over 795 frames.
LOG (lattice-best-path[5.5.891~1-37628]:main():lattice-best-path.cc:99) For utterance 1041_342_r, best cost 93.4875 + 3830.03 = 3923.52 over 795 frames.
LOG (lattice-best-path[5.5.891~1-37628]:main():lattice-best-path.cc:99) For utterance 1041_344_l, best cost 25.5004 + 839.355 = 864.856 over 129 frames.
LOG (lattice-best-path[5.5.891~1-37628]:main():lattice-best-path.cc:99) For utterance 1041_344_r, best cost 28.2522 + 833.007 = 861.259 over 129 frames.
LOG (lattice-best-path[5.5.891~1-37628]:main():lattice-best-path.cc:99) For utterance 1041_346_l, best cost 160.581 + 3250.84 = 3411.42 over 592 frames.
LOG (lattice-best-path[5.5.891~1-37628]:main():lattice-best-path.cc:99) For utterance 1041_346_r, best cost 158.929 + 3236.11 = 3395.04 over 592 frames.
LOG (lattice-best-path[5.5.891~1-37628]:main():lattice-best-path.cc:99) For utterance 1041_347_l, best cost 158.171 + 3676.8 = 3834.97 over 700 frames.
LOG (lattice-best-path[5.5.891~1-37628]:main():lattice-best-path.cc:99) For utterance 1041_347_r, best cost 156.517 + 3689.04 = 3845.56 over 700 frames.
LOG (lattice-best-path[5.5.891~1-37628]:main():lattice-best-path.cc:99) For utterance 1041_348_l, best cost 93.7696 + 4409.12 = 4502.89 over 1001 frames.
LOG (lattice-best-path[5.5.891~1-37628]:main():lattice-best-path.cc:99) For utterance 1041_348_r, best cost 98.7357 + 4485.59 = 4584.32 over 1001 frames.
LOG (lattice-best-path[5.5.891~1-37628]:main():lattice-best-path.cc:99) For utterance 1041_349_l, best cost 12.6588 + 962.242 = 974.901 over 219 frames.
LOG (lattice-best-path[5.5.891~1-37628]:main():lattice-best-path.cc:99) For utterance 1041_349_r, best cost 8.24406 + 965.735 = 973.979 over 219 frames.
LOG (lattice-best-path[5.5.891~1-37628]:main():lattice-best-path.cc:99) For utterance 1041_34_l, best cost 96.2501 + 2460.31 = 2556.56 over 415 frames.
LOG (lattice-best-path[5.5.891~1-37628]:main():lattice-best-path.cc:99) For utterance 1041_34_r, best cost 85.8883 + 2484.71 = 2570.59 over 415 frames.
LOG (lattice-best-path[5.5.891~1-37628]:main():lattice-best-path.cc:99) For utterance 1041_350_l, best cost 63.124 + 3800.09 = 3863.22 over 783 frames.
LOG (lattice-best-path[5.5.891~1-37628]:main():lattice-best-path.cc:99) For utterance 1041_350_r, best cost 46.9893 + 3739.33 = 3786.32 over 783 frames.
LOG (lattice-best-path[5.5.891~1-37628]:main():lattice-best-path.cc:99) For utterance 1041_352_l, best cost 26.344 + 675.764 = 702.108 over 112 frames.
LOG (lattice-best-path[5.5.891~1-37628]:main():lattice-best-path.cc:99) For utterance 1041_352_r, best cost 26.3995 + 662.732 = 689.131 over 112 frames.
LOG (lattice-best-path[5.5.891~1-37628]:main():lattice-best-path.cc:99) For utterance 1041_354_l, best cost 77.7275 + 1472.05 = 1549.78 over 286 frames.
LOG (lattice-best-path[5.5.891~1-37628]:main():lattice-best-path.cc:99) For utterance 1041_354_r, best cost 64.3914 + 1456.47 = 1520.86 over 286 frames.
LOG (lattice-best-path[5.5.891~1-37628]:main():lattice-best-path.cc:99) For utterance 1041_356_l, best cost 57.9339 + 3699.75 = 3757.68 over 833 frames.
LOG (lattice-best-path[5.5.891~1-37628]:main():lattice-best-path.cc:99) For utterance 1041_356_r, best cost 57.4172 + 3697.37 = 3754.79 over 833 frames.
LOG (lattice-best-path[5.5.891~1-37628]:main():lattice-best-path.cc:99) For utterance 1041_357_l, best cost 90.9647 + 4020.44 = 4111.41 over 908 frames.
LOG (lattice-best-path[5.5.891~1-37628]:main():lattice-best-path.cc:99) For utterance 1041_357_r, best cost 64.8294 + 3974.45 = 4039.28 over 908 frames.
LOG (lattice-best-path[5.5.891~1-37628]:main():lattice-best-path.cc:99) For utterance 1041_358_l, best cost 85.6102 + 2574.08 = 2659.69 over 488 frames.
LOG (lattice-best-path[5.5.891~1-37628]:main():lattice-best-path.cc:99) For utterance 1041_358_r, best cost 75.6442 + 2531.6 = 2607.24 over 488 frames.
LOG (lattice-best-path[5.5.891~1-37628]:main():lattice-best-path.cc:99) For utterance 1041_360_l, best cost 87.8962 + 1840.28 = 1928.17 over 327 frames.
LOG (lattice-best-path[5.5.891~1-37628]:main():lattice-best-path.cc:99) For utterance 1041_360_r, best cost 92.0207 + 1823.77 = 1915.79 over 327 frames.
LOG (lattice-best-path[5.5.891~1-37628]:main():lattice-best-path.cc:99) For utterance 1041_362_l, best cost 17.7397 + 448.402 = 466.142 over 103 frames.
LOG (lattice-best-path[5.5.891~1-37628]:main():lattice-best-path.cc:99) For utterance 1041_362_r, best cost 18.0044 + 447.014 = 465.018 over 103 frames.
LOG (lattice-best-path[5.5.891~1-37628]:main():lattice-best-path.cc:99) For utterance 1041_364_l, best cost 77.9881 + 2227.15 = 2305.13 over 383 frames.
LOG (lattice-best-path[5.5.891~1-37628]:main():lattice-best-path.cc:99) For utterance 1041_364_r, best cost 78.3831 + 2235.57 = 2313.95 over 383 frames.
LOG (lattice-best-path[5.5.891~1-37628]:main():lattice-best-path.cc:99) For utterance 1041_366_l, best cost 44.5887 + 814.952 = 859.541 over 126 frames.
LOG (lattice-best-path[5.5.891~1-37628]:main():lattice-best-path.cc:99) For utterance 1041_366_r, best cost 43.0465 + 795.741 = 838.788 over 126 frames.
LOG (lattice-best-path[5.5.891~1-37628]:main():lattice-best-path.cc:99) For utterance 1041_368_l, best cost 90.6915 + 2242.8 = 2333.49 over 349 frames.
LOG (lattice-best-path[5.5.891~1-37628]:main():lattice-best-path.cc:99) For utterance 1041_368_r, best cost 86.8662 + 2243.76 = 2330.63 over 349 frames.
LOG (lattice-best-path[5.5.891~1-37628]:main():lattice-best-path.cc:99) For utterance 1041_36_l, best cost 45.2676 + 1247.06 = 1292.33 over 172 frames.
LOG (lattice-best-path[5.5.891~1-37628]:main():lattice-best-path.cc:99) For utterance 1041_36_r, best cost 46.1271 + 1279.17 = 1325.3 over 172 frames.
LOG (lattice-best-path[5.5.891~1-37628]:main():lattice-best-path.cc:99) For utterance 1041_370_l, best cost 75.1029 + 1871.41 = 1946.51 over 373 frames.
LOG (lattice-best-path[5.5.891~1-37628]:main():lattice-best-path.cc:99) For utterance 1041_370_r, best cost 65.9513 + 1890.39 = 1956.34 over 373 frames.
LOG (lattice-best-path[5.5.891~1-37628]:main():lattice-best-path.cc:99) For utterance 1041_371_l, best cost 97.9222 + 2395.36 = 2493.28 over 421 frames.
LOG (lattice-best-path[5.5.891~1-37628]:main():lattice-best-path.cc:99) For utterance 1041_371_r, best cost 111.124 + 2396.77 = 2507.9 over 421 frames.
LOG (lattice-best-path[5.5.891~1-37628]:main():lattice-best-path.cc:99) For utterance 1041_372_l, best cost 55.5829 + 1848.24 = 1903.82 over 348 frames.
LOG (lattice-best-path[5.5.891~1-37628]:main():lattice-best-path.cc:99) For utterance 1041_372_r, best cost 62.1178 + 1804 = 1866.11 over 348 frames.
LOG (lattice-best-path[5.5.891~1-37628]:main():lattice-best-path.cc:99) For utterance 1041_374_l, best cost 51.5162 + 1488.85 = 1540.37 over 250 frames.
LOG (lattice-best-path[5.5.891~1-37628]:main():lattice-best-path.cc:99) For utterance 1041_374_r, best cost 57.8839 + 1468.9 = 1526.79 over 250 frames.
LOG (lattice-best-path[5.5.891~1-37628]:main():lattice-best-path.cc:99) For utterance 1041_376_l, best cost 80.1647 + 2587.85 = 2668.02 over 481 frames.
LOG (lattice-best-path[5.5.891~1-37628]:main():lattice-best-path.cc:99) For utterance 1041_376_r, best cost 79.7973 + 2553.12 = 2632.92 over 481 frames.
LOG (lattice-best-path[5.5.891~1-37628]:main():lattice-best-path.cc:99) For utterance 1041_378_l, best cost 47.5877 + 785.695 = 833.282 over 126 frames.
LOG (lattice-best-path[5.5.891~1-37628]:main():lattice-best-path.cc:99) For utterance 1041_378_r, best cost 42.6241 + 788.086 = 830.71 over 126 frames.
LOG (lattice-best-path[5.5.891~1-37628]:main():lattice-best-path.cc:99) For utterance 1041_380_l, best cost 88.3458 + 2036.26 = 2124.6 over 332 frames.
LOG (lattice-best-path[5.5.891~1-37628]:main():lattice-best-path.cc:99) For utterance 1041_380_r, best cost 78.5576 + 2024.94 = 2103.5 over 332 frames.
LOG (lattice-best-path[5.5.891~1-37628]:main():lattice-best-path.cc:99) For utterance 1041_382_l, best cost 42.4385 + 1028.4 = 1070.84 over 201 frames.
LOG (lattice-best-path[5.5.891~1-37628]:main():lattice-best-path.cc:99) For utterance 1041_382_r, best cost 42.7735 + 1007.37 = 1050.14 over 201 frames.
LOG (lattice-best-path[5.5.891~1-37628]:main():lattice-best-path.cc:99) For utterance 1041_384_l, best cost 46.6862 + 839.221 = 885.907 over 141 frames.
LOG (lattice-best-path[5.5.891~1-37628]:main():lattice-best-path.cc:99) For utterance 1041_384_r, best cost 46.1938 + 846.429 = 892.622 over 141 frames.
LOG (lattice-best-path[5.5.891~1-37628]:main():lattice-best-path.cc:99) For utterance 1041_386_l, best cost 22.2862 + 1213.37 = 1235.66 over 289 frames.
LOG (lattice-best-path[5.5.891~1-37628]:main():lattice-best-path.cc:99) For utterance 1041_386_r, best cost 24.7479 + 1189.53 = 1214.27 over 289 frames.
LOG (lattice-best-path[5.5.891~1-37628]:main():lattice-best-path.cc:99) For utterance 1041_387_l, best cost 98.9066 + 3165.04 = 3263.95 over 688 frames.
LOG (lattice-best-path[5.5.891~1-37628]:main():lattice-best-path.cc:99) For utterance 1041_387_r, best cost 98.404 + 3138.55 = 3236.95 over 688 frames.
LOG (lattice-best-path[5.5.891~1-37628]:main():lattice-best-path.cc:99) For utterance 1041_388_l, best cost 91.6055 + 3630.74 = 3722.34 over 739 frames.
LOG (lattice-best-path[5.5.891~1-37628]:main():lattice-best-path.cc:99) For utterance 1041_388_r, best cost 90.7565 + 3553.31 = 3644.06 over 739 frames.
LOG (lattice-best-path[5.5.891~1-37628]:main():lattice-best-path.cc:99) For utterance 1041_389_l, best cost 85.8727 + 2438.81 = 2524.68 over 465 frames.
LOG (lattice-best-path[5.5.891~1-37628]:main():lattice-best-path.cc:99) For utterance 1041_389_r, best cost 89.644 + 2425.88 = 2515.52 over 465 frames.
LOG (lattice-best-path[5.5.891~1-37628]:main():lattice-best-path.cc:99) For utterance 1041_38_l, best cost 9.45455 + 118.581 = 128.035 over 20 frames.
LOG (lattice-best-path[5.5.891~1-37628]:main():lattice-best-path.cc:99) For utterance 1041_38_r, best cost 7.6524 + 123.852 = 131.504 over 20 frames.
LOG (lattice-best-path[5.5.891~1-37628]:main():lattice-best-path.cc:99) For utterance 1041_391_l, best cost 52.26 + 1489.91 = 1542.17 over 250 frames.
LOG (lattice-best-path[5.5.891~1-37628]:main():lattice-best-path.cc:99) For utterance 1041_391_r, best cost 58.3625 + 1466.34 = 1524.71 over 250 frames.
LOG (lattice-best-path[5.5.891~1-37628]:main():lattice-best-path.cc:99) For utterance 1041_393_l, best cost 42.2135 + 1066.54 = 1108.76 over 180 frames.
LOG (lattice-best-path[5.5.891~1-37628]:main():lattice-best-path.cc:99) For utterance 1041_393_r, best cost 54.4971 + 1048.13 = 1102.63 over 180 frames.
LOG (lattice-best-path[5.5.891~1-37628]:main():lattice-best-path.cc:99) For utterance 1041_395_l, best cost 121.679 + 3308.85 = 3430.53 over 566 frames.
LOG (lattice-best-path[5.5.891~1-37628]:main():lattice-best-path.cc:99) For utterance 1041_395_r, best cost 151.879 + 3295.92 = 3447.8 over 566 frames.
LOG (lattice-best-path[5.5.891~1-37628]:main():lattice-best-path.cc:99) For utterance 1041_396_l, best cost 145.14 + 3697.06 = 3842.2 over 669 frames.
LOG (lattice-best-path[5.5.891~1-37628]:main():lattice-best-path.cc:99) For utterance 1041_396_r, best cost 130.033 + 3725.92 = 3855.95 over 669 frames.
LOG (lattice-best-path[5.5.891~1-37628]:main():lattice-best-path.cc:99) For utterance 1041_397_l, best cost 14.4 + 1044.99 = 1059.39 over 217 frames.
LOG (lattice-best-path[5.5.891~1-37628]:main():lattice-best-path.cc:99) For utterance 1041_397_r, best cost 21.3823 + 1031.71 = 1053.09 over 217 frames.
LOG (lattice-best-path[5.5.891~1-37628]:main():lattice-best-path.cc:99) For utterance 1041_399_l, best cost 25.782 + 1198.99 = 1224.77 over 195 frames.
LOG (lattice-best-path[5.5.891~1-37628]:main():lattice-best-path.cc:99) For utterance 1041_399_r, best cost 25.85 + 1200.02 = 1225.87 over 195 frames.
LOG (lattice-best-path[5.5.891~1-37628]:main():lattice-best-path.cc:99) For utterance 1041_401_l, best cost 270.628 + 5930.2 = 6200.83 over 1065 frames.
LOG (lattice-best-path[5.5.891~1-37628]:main():lattice-best-path.cc:99) For utterance 1041_401_r, best cost 255.004 + 5954.23 = 6209.23 over 1065 frames.
LOG (lattice-best-path[5.5.891~1-37628]:main():lattice-best-path.cc:99) For utterance 1041_402_l, best cost 90.3179 + 3375.68 = 3465.99 over 673 frames.
LOG (lattice-best-path[5.5.891~1-37628]:main():lattice-best-path.cc:99) For utterance 1041_402_r, best cost 77.794 + 3334.42 = 3412.21 over 673 frames.
LOG (lattice-best-path[5.5.891~1-37628]:main():lattice-best-path.cc:99) For utterance 1041_403_l, best cost 49.391 + 1849.83 = 1899.22 over 353 frames.
LOG (lattice-best-path[5.5.891~1-37628]:main():lattice-best-path.cc:99) For utterance 1041_403_r, best cost 55.8846 + 1819.17 = 1875.05 over 353 frames.
LOG (lattice-best-path[5.5.891~1-37628]:main():lattice-best-path.cc:99) For utterance 1041_40_l, best cost 57.2043 + 2140.85 = 2198.05 over 350 frames.
LOG (lattice-best-path[5.5.891~1-37628]:main():lattice-best-path.cc:99) For utterance 1041_40_r, best cost 60.0602 + 2173.91 = 2233.97 over 350 frames.
LOG (lattice-best-path[5.5.891~1-37628]:main():lattice-best-path.cc:99) For utterance 1041_42_l, best cost 70.0739 + 1634.96 = 1705.03 over 276 frames.
LOG (lattice-best-path[5.5.891~1-37628]:main():lattice-best-path.cc:99) For utterance 1041_42_r, best cost 74.3164 + 1659.27 = 1733.58 over 276 frames.
LOG (lattice-best-path[5.5.891~1-37628]:main():lattice-best-path.cc:99) For utterance 1041_44_l, best cost 24.8012 + 389.719 = 414.52 over 71 frames.
LOG (lattice-best-path[5.5.891~1-37628]:main():lattice-best-path.cc:99) For utterance 1041_44_r, best cost 15.8358 + 402.507 = 418.343 over 71 frames.
LOG (lattice-best-path[5.5.891~1-37628]:main():lattice-best-path.cc:99) For utterance 1041_46_l, best cost 29.1927 + 607.173 = 636.366 over 96 frames.
LOG (lattice-best-path[5.5.891~1-37628]:main():lattice-best-path.cc:99) For utterance 1041_46_r, best cost 30.481 + 621.098 = 651.579 over 96 frames.
LOG (lattice-best-path[5.5.891~1-37628]:main():lattice-best-path.cc:99) For utterance 1041_48_l, best cost 9.01306 + 76.3086 = 85.3216 over 14 frames.
LOG (lattice-best-path[5.5.891~1-37628]:main():lattice-best-path.cc:99) For utterance 1041_48_r, best cost 10.836 + 79.7919 = 90.6279 over 14 frames.
LOG (lattice-best-path[5.5.891~1-37628]:main():lattice-best-path.cc:99) For utterance 1041_4_l, best cost 20.0396 + 312.486 = 332.526 over 50 frames.
LOG (lattice-best-path[5.5.891~1-37628]:main():lattice-best-path.cc:99) For utterance 1041_4_r, best cost 20.0592 + 323.394 = 343.453 over 50 frames.
LOG (lattice-best-path[5.5.891~1-37628]:main():lattice-best-path.cc:99) For utterance 1041_50_l, best cost 87.8314 + 1719.65 = 1807.48 over 285 frames.
LOG (lattice-best-path[5.5.891~1-37628]:main():lattice-best-path.cc:99) For utterance 1041_50_r, best cost 41.2181 + 1809.49 = 1850.71 over 285 frames.
LOG (lattice-best-path[5.5.891~1-37628]:main():lattice-best-path.cc:99) For utterance 1041_52_l, best cost 150.995 + 3948.55 = 4099.54 over 690 frames.
LOG (lattice-best-path[5.5.891~1-37628]:main():lattice-best-path.cc:99) For utterance 1041_52_r, best cost 146.467 + 4020.2 = 4166.67 over 690 frames.
LOG (lattice-best-path[5.5.891~1-37628]:main():lattice-best-path.cc:99) For utterance 1041_54_l, best cost 66.8545 + 1505.83 = 1572.69 over 242 frames.
LOG (lattice-best-path[5.5.891~1-37628]:main():lattice-best-path.cc:99) For utterance 1041_54_r, best cost 62.7205 + 1564.71 = 1627.43 over 242 frames.
LOG (lattice-best-path[5.5.891~1-37628]:main():lattice-best-path.cc:99) For utterance 1041_56_l, best cost 40.418 + 1934.87 = 1975.29 over 284 frames.
LOG (lattice-best-path[5.5.891~1-37628]:main():lattice-best-path.cc:99) For utterance 1041_56_r, best cost 56.7958 + 1932.94 = 1989.74 over 284 frames.
LOG (lattice-best-path[5.5.891~1-37628]:main():lattice-best-path.cc:99) For utterance 1041_58_l, best cost 14.0336 + 209.714 = 223.748 over 34 frames.
LOG (lattice-best-path[5.5.891~1-37628]:main():lattice-best-path.cc:99) For utterance 1041_58_r, best cost 14.0174 + 208.574 = 222.591 over 34 frames.
LOG (lattice-best-path[5.5.891~1-37628]:main():lattice-best-path.cc:99) For utterance 1041_60_l, best cost 195.183 + 4502 = 4697.18 over 746 frames.
LOG (lattice-best-path[5.5.891~1-37628]:main():lattice-best-path.cc:99) For utterance 1041_60_r, best cost 177.837 + 4594.75 = 4772.59 over 746 frames.
LOG (lattice-best-path[5.5.891~1-37628]:main():lattice-best-path.cc:99) For utterance 1041_61_l, best cost 60.5078 + 1868.75 = 1929.25 over 346 frames.
LOG (lattice-best-path[5.5.891~1-37628]:main():lattice-best-path.cc:99) For utterance 1041_61_r, best cost 73.539 + 1884.4 = 1957.94 over 346 frames.
LOG (lattice-best-path[5.5.891~1-37628]:main():lattice-best-path.cc:99) For utterance 1041_63_l, best cost 49.5853 + 837.189 = 886.774 over 139 frames.
LOG (lattice-best-path[5.5.891~1-37628]:main():lattice-best-path.cc:99) For utterance 1041_63_r, best cost 49.0558 + 855.587 = 904.643 over 139 frames.
LOG (lattice-best-path[5.5.891~1-37628]:main():lattice-best-path.cc:99) For utterance 1041_65_l, best cost 20.6245 + 417.033 = 437.657 over 71 frames.
LOG (lattice-best-path[5.5.891~1-37628]:main():lattice-best-path.cc:99) For utterance 1041_65_r, best cost 20.8174 + 419.404 = 440.222 over 71 frames.
LOG (lattice-best-path[5.5.891~1-37628]:main():lattice-best-path.cc:99) For utterance 1041_67_l, best cost 29.5438 + 534.848 = 564.392 over 94 frames.
LOG (lattice-best-path[5.5.891~1-37628]:main():lattice-best-path.cc:99) For utterance 1041_67_r, best cost 28.512 + 566.719 = 595.231 over 94 frames.
LOG (lattice-best-path[5.5.891~1-37628]:main():lattice-best-path.cc:99) For utterance 1041_69_l, best cost 57.4671 + 1579.79 = 1637.26 over 271 frames.
LOG (lattice-best-path[5.5.891~1-37628]:main():lattice-best-path.cc:99) For utterance 1041_69_r, best cost 59.6171 + 1615.91 = 1675.53 over 271 frames.
LOG (lattice-best-path[5.5.891~1-37628]:main():lattice-best-path.cc:99) For utterance 1041_6_l, best cost 28.4239 + 634.872 = 663.296 over 100 frames.
LOG (lattice-best-path[5.5.891~1-37628]:main():lattice-best-path.cc:99) For utterance 1041_6_r, best cost 15.7837 + 634.248 = 650.032 over 100 frames.
LOG (lattice-best-path[5.5.891~1-37628]:main():lattice-best-path.cc:99) For utterance 1041_71_l, best cost 103.328 + 2937.59 = 3040.92 over 498 frames.
LOG (lattice-best-path[5.5.891~1-37628]:main():lattice-best-path.cc:99) For utterance 1041_71_r, best cost 123.173 + 3003.25 = 3126.42 over 498 frames.
LOG (lattice-best-path[5.5.891~1-37628]:main():lattice-best-path.cc:99) For utterance 1041_73_l, best cost 14.4502 + 330.562 = 345.012 over 52 frames.
LOG (lattice-best-path[5.5.891~1-37628]:main():lattice-best-path.cc:99) For utterance 1041_73_r, best cost 14.505 + 341.398 = 355.903 over 52 frames.
LOG (lattice-best-path[5.5.891~1-37628]:main():lattice-best-path.cc:99) For utterance 1041_75_l, best cost 50.9558 + 846.834 = 897.789 over 146 frames.
LOG (lattice-best-path[5.5.891~1-37628]:main():lattice-best-path.cc:99) For utterance 1041_75_r, best cost 50.5574 + 854.483 = 905.04 over 146 frames.
LOG (lattice-best-path[5.5.891~1-37628]:main():lattice-best-path.cc:99) For utterance 1041_77_l, best cost 129.463 + 2864.85 = 2994.31 over 473 frames.
LOG (lattice-best-path[5.5.891~1-37628]:main():lattice-best-path.cc:99) For utterance 1041_77_r, best cost 111.4 + 2948.65 = 3060.05 over 473 frames.
LOG (lattice-best-path[5.5.891~1-37628]:main():lattice-best-path.cc:99) For utterance 1041_78_l, best cost 52.0602 + 1118.23 = 1170.3 over 190 frames.
LOG (lattice-best-path[5.5.891~1-37628]:main():lattice-best-path.cc:99) For utterance 1041_78_r, best cost 51.688 + 1153.55 = 1205.23 over 190 frames.
LOG (lattice-best-path[5.5.891~1-37628]:main():lattice-best-path.cc:99) For utterance 1041_80_l, best cost 90.7001 + 1819.91 = 1910.61 over 288 frames.
LOG (lattice-best-path[5.5.891~1-37628]:main():lattice-best-path.cc:99) For utterance 1041_80_r, best cost 87.6219 + 1874.73 = 1962.35 over 288 frames.
LOG (lattice-best-path[5.5.891~1-37628]:main():lattice-best-path.cc:99) For utterance 1041_82_l, best cost 107.514 + 2352.2 = 2459.72 over 383 frames.
LOG (lattice-best-path[5.5.891~1-37628]:main():lattice-best-path.cc:99) For utterance 1041_82_r, best cost 126.514 + 2359.05 = 2485.57 over 383 frames.
LOG (lattice-best-path[5.5.891~1-37628]:main():lattice-best-path.cc:99) For utterance 1041_84_l, best cost 8.74575 + 66.3132 = 75.059 over 10 frames.
LOG (lattice-best-path[5.5.891~1-37628]:main():lattice-best-path.cc:99) For utterance 1041_84_r, best cost 8.76008 + 64.5358 = 73.2959 over 10 frames.
LOG (lattice-best-path[5.5.891~1-37628]:main():lattice-best-path.cc:99) For utterance 1041_86_l, best cost 17.8319 + 339.423 = 357.255 over 67 frames.
LOG (lattice-best-path[5.5.891~1-37628]:main():lattice-best-path.cc:99) For utterance 1041_86_r, best cost 20.9651 + 340.477 = 361.442 over 67 frames.
LOG (lattice-best-path[5.5.891~1-37628]:main():lattice-best-path.cc:99) For utterance 1041_88_l, best cost 61.4699 + 1638.86 = 1700.33 over 251 frames.
LOG (lattice-best-path[5.5.891~1-37628]:main():lattice-best-path.cc:99) For utterance 1041_88_r, best cost 63.9244 + 1684.59 = 1748.51 over 251 frames.
LOG (lattice-best-path[5.5.891~1-37628]:main():lattice-best-path.cc:99) For utterance 1041_8_l, best cost 16.4984 + 800.547 = 817.045 over 138 frames.
LOG (lattice-best-path[5.5.891~1-37628]:main():lattice-best-path.cc:99) For utterance 1041_8_r, best cost 28.7082 + 819.447 = 848.155 over 138 frames.
LOG (lattice-best-path[5.5.891~1-37628]:main():lattice-best-path.cc:99) For utterance 1041_90_l, best cost 35.4585 + 695.387 = 730.845 over 142 frames.
LOG (lattice-best-path[5.5.891~1-37628]:main():lattice-best-path.cc:99) For utterance 1041_90_r, best cost 41.2724 + 697.139 = 738.411 over 142 frames.
LOG (lattice-best-path[5.5.891~1-37628]:main():lattice-best-path.cc:99) For utterance 1041_92_l, best cost 132.461 + 3277.13 = 3409.59 over 568 frames.
LOG (lattice-best-path[5.5.891~1-37628]:main():lattice-best-path.cc:99) For utterance 1041_92_r, best cost 123.872 + 3321.62 = 3445.49 over 568 frames.
LOG (lattice-best-path[5.5.891~1-37628]:main():lattice-best-path.cc:99) For utterance 1041_94_l, best cost 37.0735 + 738.361 = 775.435 over 122 frames.
LOG (lattice-best-path[5.5.891~1-37628]:main():lattice-best-path.cc:99) For utterance 1041_94_r, best cost 36.3267 + 759.451 = 795.777 over 122 frames.
LOG (lattice-best-path[5.5.891~1-37628]:main():lattice-best-path.cc:99) For utterance 1041_96_l, best cost 87.5542 + 2608.34 = 2695.9 over 421 frames.
LOG (lattice-best-path[5.5.891~1-37628]:main():lattice-best-path.cc:99) For utterance 1041_96_r, best cost 94.8742 + 2639.98 = 2734.86 over 421 frames.
LOG (lattice-depth-per-frame[5.5.891~1-37628]:main():lattice-depth-per-frame.cc:82) Done 430 lattices.
LOG (lattice-best-path[5.5.891~1-37628]:main():lattice-best-path.cc:99) For utterance 1041_98_l, best cost 43.0982 + 830.054 = 873.152 over 130 frames.
LOG (lattice-best-path[5.5.891~1-37628]:main():lattice-best-path.cc:99) For utterance 1041_98_r, best cost 33.6524 + 865.694 = 899.346 over 130 frames.
LOG (lattice-best-path[5.5.891~1-37628]:main():lattice-best-path.cc:124) Overall cost per frame is 5.79579 = 0.212235 [graph] + 5.58355 [acoustic] over 137768 frames.
LOG (lattice-best-path[5.5.891~1-37628]:main():lattice-best-path.cc:128) Done 430 lattices, failed for 0
# Accounting: time=0 threads=1
# Ended (code 0) at Fri Mar 12 15:52:46 CET 2021, elapsed time 0 seconds
