# build-tree --verbose=1 --max-leaves=2500 --cluster-thresh=-1 exp/tri3a/treeacc data/lang/phones/roots.int exp/tri3a/questions.qst data/lang/topo exp/tri3a/tree 
# Started at Fri Mar 12 17:50:37 CET 2021
#
build-tree --verbose=1 --max-leaves=2500 --cluster-thresh=-1 exp/tri3a/treeacc data/lang/phones/roots.int exp/tri3a/questions.qst data/lang/topo exp/tri3a/tree 
LOG (build-tree[5.5.891~1-37628]:main():build-tree.cc:104) Number of separate statistics is 8761
LOG (build-tree[5.5.891~1-37628]:BuildTree():build-tree.cc:161) BuildTree: before building trees, map has 49 leaves.
LOG (build-tree[5.5.891~1-37628]:SplitDecisionTree():build-tree-utils.cc:577) DoDecisionTreeSplit: split 817 times, #leaves now 866
LOG (build-tree[5.5.891~1-37628]:BuildTree():build-tree.cc:187) Setting clustering threshold to smallest split 300.027
VLOG[1] (build-tree[5.5.891~1-37628]:BuildTree():build-tree.cc:196) After decision tree split, num-leaves = 866, like-impr = 3.56992 per frame over 294877 frames.
VLOG[1] (build-tree[5.5.891~1-37628]:BuildTree():build-tree.cc:200) Including just phones that were split, improvement is 3.56992 per frame over 294877 frames.
LOG (build-tree[5.5.891~1-37628]:BuildTree():build-tree.cc:215) BuildTree: removed 171 leaves.
VLOG[1] (build-tree[5.5.891~1-37628]:ClusterEventMapToNClustersRestrictedByMap():build-tree-utils.cc:914) Number of non-empty clusters in map = 36
VLOG[1] (build-tree[5.5.891~1-37628]:ClusterEventMapToNClustersRestrictedByMap():build-tree-utils.cc:915) Number of non-empty clusters = 682
LOG (build-tree[5.5.891~1-37628]:BuildTree():build-tree.cc:231) BuildTree: Rounded num leaves to multiple of 8 by removing 7 leaves.
VLOG[1] (build-tree[5.5.891~1-37628]:BuildTree():build-tree.cc:256) Objf change due to clustering -0.13587 per frame.
VLOG[1] (build-tree[5.5.891~1-37628]:BuildTree():build-tree.cc:259) Normalizing over only split phones, this is: -0.13587 per frame.
VLOG[1] (build-tree[5.5.891~1-37628]:BuildTree():build-tree.cc:262) Num-leaves is now 688
VLOG[1] (build-tree[5.5.891~1-37628]:main():build-tree.cc:143) For pdf-id 2, low count 0
VLOG[1] (build-tree[5.5.891~1-37628]:main():build-tree.cc:143) For pdf-id 3, low count 0
VLOG[1] (build-tree[5.5.891~1-37628]:main():build-tree.cc:143) For pdf-id 4, low count 0
VLOG[1] (build-tree[5.5.891~1-37628]:main():build-tree.cc:143) For pdf-id 5, low count 0
VLOG[1] (build-tree[5.5.891~1-37628]:main():build-tree.cc:143) For pdf-id 6, low count 0
VLOG[1] (build-tree[5.5.891~1-37628]:main():build-tree.cc:143) For pdf-id 7, low count 0
VLOG[1] (build-tree[5.5.891~1-37628]:main():build-tree.cc:143) For pdf-id 8, low count 0
VLOG[1] (build-tree[5.5.891~1-37628]:main():build-tree.cc:143) For pdf-id 9, low count 0
VLOG[1] (build-tree[5.5.891~1-37628]:main():build-tree.cc:143) For pdf-id 10, low count 0
VLOG[1] (build-tree[5.5.891~1-37628]:main():build-tree.cc:143) For pdf-id 11, low count 0
VLOG[1] (build-tree[5.5.891~1-37628]:main():build-tree.cc:143) For pdf-id 12, low count 0
VLOG[1] (build-tree[5.5.891~1-37628]:main():build-tree.cc:143) For pdf-id 13, low count 0
VLOG[1] (build-tree[5.5.891~1-37628]:main():build-tree.cc:143) For pdf-id 14, low count 0
VLOG[1] (build-tree[5.5.891~1-37628]:main():build-tree.cc:143) For pdf-id 20, low count 98
VLOG[1] (build-tree[5.5.891~1-37628]:main():build-tree.cc:143) For pdf-id 33, low count 41
VLOG[1] (build-tree[5.5.891~1-37628]:main():build-tree.cc:143) For pdf-id 34, low count 43
VLOG[1] (build-tree[5.5.891~1-37628]:main():build-tree.cc:143) For pdf-id 35, low count 68
VLOG[1] (build-tree[5.5.891~1-37628]:main():build-tree.cc:143) For pdf-id 43, low count 97
VLOG[1] (build-tree[5.5.891~1-37628]:main():build-tree.cc:143) For pdf-id 44, low count 45
VLOG[1] (build-tree[5.5.891~1-37628]:main():build-tree.cc:143) For pdf-id 48, low count 64
VLOG[1] (build-tree[5.5.891~1-37628]:main():build-tree.cc:143) For pdf-id 61, low count 47
VLOG[1] (build-tree[5.5.891~1-37628]:main():build-tree.cc:143) For pdf-id 72, low count 41
VLOG[1] (build-tree[5.5.891~1-37628]:main():build-tree.cc:143) For pdf-id 76, low count 18
VLOG[1] (build-tree[5.5.891~1-37628]:main():build-tree.cc:143) For pdf-id 82, low count 91
VLOG[1] (build-tree[5.5.891~1-37628]:main():build-tree.cc:143) For pdf-id 86, low count 41
VLOG[1] (build-tree[5.5.891~1-37628]:main():build-tree.cc:143) For pdf-id 94, low count 85
VLOG[1] (build-tree[5.5.891~1-37628]:main():build-tree.cc:143) For pdf-id 101, low count 65
VLOG[1] (build-tree[5.5.891~1-37628]:main():build-tree.cc:143) For pdf-id 106, low count 39
VLOG[1] (build-tree[5.5.891~1-37628]:main():build-tree.cc:143) For pdf-id 108, low count 30
VLOG[1] (build-tree[5.5.891~1-37628]:main():build-tree.cc:143) For pdf-id 109, low count 85
VLOG[1] (build-tree[5.5.891~1-37628]:main():build-tree.cc:143) For pdf-id 110, low count 75
VLOG[1] (build-tree[5.5.891~1-37628]:main():build-tree.cc:143) For pdf-id 117, low count 75
VLOG[1] (build-tree[5.5.891~1-37628]:main():build-tree.cc:143) For pdf-id 124, low count 67
VLOG[1] (build-tree[5.5.891~1-37628]:main():build-tree.cc:143) For pdf-id 126, low count 60
VLOG[1] (build-tree[5.5.891~1-37628]:main():build-tree.cc:143) For pdf-id 130, low count 73
VLOG[1] (build-tree[5.5.891~1-37628]:main():build-tree.cc:143) For pdf-id 141, low count 77
VLOG[1] (build-tree[5.5.891~1-37628]:main():build-tree.cc:143) For pdf-id 144, low count 60
VLOG[1] (build-tree[5.5.891~1-37628]:main():build-tree.cc:143) For pdf-id 150, low count 42
VLOG[1] (build-tree[5.5.891~1-37628]:main():build-tree.cc:143) For pdf-id 154, low count 89
VLOG[1] (build-tree[5.5.891~1-37628]:main():build-tree.cc:143) For pdf-id 156, low count 31
VLOG[1] (build-tree[5.5.891~1-37628]:main():build-tree.cc:143) For pdf-id 165, low count 87
VLOG[1] (build-tree[5.5.891~1-37628]:main():build-tree.cc:143) For pdf-id 170, low count 19
VLOG[1] (build-tree[5.5.891~1-37628]:main():build-tree.cc:143) For pdf-id 172, low count 45
VLOG[1] (build-tree[5.5.891~1-37628]:main():build-tree.cc:143) For pdf-id 181, low count 71
VLOG[1] (build-tree[5.5.891~1-37628]:main():build-tree.cc:143) For pdf-id 188, low count 39
VLOG[1] (build-tree[5.5.891~1-37628]:main():build-tree.cc:143) For pdf-id 189, low count 43
VLOG[1] (build-tree[5.5.891~1-37628]:main():build-tree.cc:143) For pdf-id 190, low count 58
VLOG[1] (build-tree[5.5.891~1-37628]:main():build-tree.cc:143) For pdf-id 193, low count 53
VLOG[1] (build-tree[5.5.891~1-37628]:main():build-tree.cc:143) For pdf-id 196, low count 44
VLOG[1] (build-tree[5.5.891~1-37628]:main():build-tree.cc:143) For pdf-id 198, low count 54
VLOG[1] (build-tree[5.5.891~1-37628]:main():build-tree.cc:143) For pdf-id 199, low count 85
VLOG[1] (build-tree[5.5.891~1-37628]:main():build-tree.cc:143) For pdf-id 200, low count 24
VLOG[1] (build-tree[5.5.891~1-37628]:main():build-tree.cc:143) For pdf-id 201, low count 48
VLOG[1] (build-tree[5.5.891~1-37628]:main():build-tree.cc:143) For pdf-id 212, low count 32
VLOG[1] (build-tree[5.5.891~1-37628]:main():build-tree.cc:143) For pdf-id 220, low count 74
VLOG[1] (build-tree[5.5.891~1-37628]:main():build-tree.cc:143) For pdf-id 227, low count 53
VLOG[1] (build-tree[5.5.891~1-37628]:main():build-tree.cc:143) For pdf-id 231, low count 92
VLOG[1] (build-tree[5.5.891~1-37628]:main():build-tree.cc:143) For pdf-id 232, low count 66
VLOG[1] (build-tree[5.5.891~1-37628]:main():build-tree.cc:143) For pdf-id 233, low count 45
VLOG[1] (build-tree[5.5.891~1-37628]:main():build-tree.cc:143) For pdf-id 235, low count 59
VLOG[1] (build-tree[5.5.891~1-37628]:main():build-tree.cc:143) For pdf-id 239, low count 49
VLOG[1] (build-tree[5.5.891~1-37628]:main():build-tree.cc:143) For pdf-id 244, low count 70
VLOG[1] (build-tree[5.5.891~1-37628]:main():build-tree.cc:143) For pdf-id 246, low count 68
VLOG[1] (build-tree[5.5.891~1-37628]:main():build-tree.cc:143) For pdf-id 250, low count 29
VLOG[1] (build-tree[5.5.891~1-37628]:main():build-tree.cc:143) For pdf-id 252, low count 51
VLOG[1] (build-tree[5.5.891~1-37628]:main():build-tree.cc:143) For pdf-id 254, low count 77
VLOG[1] (build-tree[5.5.891~1-37628]:main():build-tree.cc:143) For pdf-id 258, low count 83
VLOG[1] (build-tree[5.5.891~1-37628]:main():build-tree.cc:143) For pdf-id 264, low count 43
VLOG[1] (build-tree[5.5.891~1-37628]:main():build-tree.cc:143) For pdf-id 272, low count 68
VLOG[1] (build-tree[5.5.891~1-37628]:main():build-tree.cc:143) For pdf-id 277, low count 53
VLOG[1] (build-tree[5.5.891~1-37628]:main():build-tree.cc:143) For pdf-id 280, low count 95
VLOG[1] (build-tree[5.5.891~1-37628]:main():build-tree.cc:143) For pdf-id 281, low count 55
VLOG[1] (build-tree[5.5.891~1-37628]:main():build-tree.cc:143) For pdf-id 282, low count 49
VLOG[1] (build-tree[5.5.891~1-37628]:main():build-tree.cc:143) For pdf-id 288, low count 87
VLOG[1] (build-tree[5.5.891~1-37628]:main():build-tree.cc:143) For pdf-id 291, low count 13
VLOG[1] (build-tree[5.5.891~1-37628]:main():build-tree.cc:143) For pdf-id 293, low count 91
VLOG[1] (build-tree[5.5.891~1-37628]:main():build-tree.cc:143) For pdf-id 300, low count 78
VLOG[1] (build-tree[5.5.891~1-37628]:main():build-tree.cc:143) For pdf-id 303, low count 41
VLOG[1] (build-tree[5.5.891~1-37628]:main():build-tree.cc:143) For pdf-id 304, low count 43
VLOG[1] (build-tree[5.5.891~1-37628]:main():build-tree.cc:143) For pdf-id 306, low count 47
VLOG[1] (build-tree[5.5.891~1-37628]:main():build-tree.cc:143) For pdf-id 308, low count 31
VLOG[1] (build-tree[5.5.891~1-37628]:main():build-tree.cc:143) For pdf-id 310, low count 92
VLOG[1] (build-tree[5.5.891~1-37628]:main():build-tree.cc:143) For pdf-id 311, low count 22
VLOG[1] (build-tree[5.5.891~1-37628]:main():build-tree.cc:143) For pdf-id 313, low count 84
VLOG[1] (build-tree[5.5.891~1-37628]:main():build-tree.cc:143) For pdf-id 317, low count 91
VLOG[1] (build-tree[5.5.891~1-37628]:main():build-tree.cc:143) For pdf-id 323, low count 95
VLOG[1] (build-tree[5.5.891~1-37628]:main():build-tree.cc:143) For pdf-id 324, low count 19
VLOG[1] (build-tree[5.5.891~1-37628]:main():build-tree.cc:143) For pdf-id 325, low count 34
VLOG[1] (build-tree[5.5.891~1-37628]:main():build-tree.cc:143) For pdf-id 333, low count 51
VLOG[1] (build-tree[5.5.891~1-37628]:main():build-tree.cc:143) For pdf-id 334, low count 90
VLOG[1] (build-tree[5.5.891~1-37628]:main():build-tree.cc:143) For pdf-id 337, low count 23
VLOG[1] (build-tree[5.5.891~1-37628]:main():build-tree.cc:143) For pdf-id 339, low count 50
VLOG[1] (build-tree[5.5.891~1-37628]:main():build-tree.cc:143) For pdf-id 340, low count 77
VLOG[1] (build-tree[5.5.891~1-37628]:main():build-tree.cc:143) For pdf-id 341, low count 53
VLOG[1] (build-tree[5.5.891~1-37628]:main():build-tree.cc:143) For pdf-id 344, low count 54
VLOG[1] (build-tree[5.5.891~1-37628]:main():build-tree.cc:143) For pdf-id 349, low count 82
VLOG[1] (build-tree[5.5.891~1-37628]:main():build-tree.cc:143) For pdf-id 352, low count 69
VLOG[1] (build-tree[5.5.891~1-37628]:main():build-tree.cc:143) For pdf-id 354, low count 48
VLOG[1] (build-tree[5.5.891~1-37628]:main():build-tree.cc:143) For pdf-id 356, low count 35
VLOG[1] (build-tree[5.5.891~1-37628]:main():build-tree.cc:143) For pdf-id 357, low count 79
VLOG[1] (build-tree[5.5.891~1-37628]:main():build-tree.cc:143) For pdf-id 358, low count 24
VLOG[1] (build-tree[5.5.891~1-37628]:main():build-tree.cc:143) For pdf-id 362, low count 88
VLOG[1] (build-tree[5.5.891~1-37628]:main():build-tree.cc:143) For pdf-id 363, low count 67
VLOG[1] (build-tree[5.5.891~1-37628]:main():build-tree.cc:143) For pdf-id 364, low count 41
VLOG[1] (build-tree[5.5.891~1-37628]:main():build-tree.cc:143) For pdf-id 370, low count 46
VLOG[1] (build-tree[5.5.891~1-37628]:main():build-tree.cc:143) For pdf-id 377, low count 95
VLOG[1] (build-tree[5.5.891~1-37628]:main():build-tree.cc:143) For pdf-id 386, low count 46
VLOG[1] (build-tree[5.5.891~1-37628]:main():build-tree.cc:143) For pdf-id 387, low count 50
VLOG[1] (build-tree[5.5.891~1-37628]:main():build-tree.cc:143) For pdf-id 390, low count 95
VLOG[1] (build-tree[5.5.891~1-37628]:main():build-tree.cc:143) For pdf-id 391, low count 30
VLOG[1] (build-tree[5.5.891~1-37628]:main():build-tree.cc:143) For pdf-id 392, low count 87
VLOG[1] (build-tree[5.5.891~1-37628]:main():build-tree.cc:143) For pdf-id 394, low count 44
VLOG[1] (build-tree[5.5.891~1-37628]:main():build-tree.cc:143) For pdf-id 400, low count 93
VLOG[1] (build-tree[5.5.891~1-37628]:main():build-tree.cc:143) For pdf-id 404, low count 55
VLOG[1] (build-tree[5.5.891~1-37628]:main():build-tree.cc:143) For pdf-id 407, low count 67
VLOG[1] (build-tree[5.5.891~1-37628]:main():build-tree.cc:143) For pdf-id 408, low count 29
VLOG[1] (build-tree[5.5.891~1-37628]:main():build-tree.cc:143) For pdf-id 409, low count 26
VLOG[1] (build-tree[5.5.891~1-37628]:main():build-tree.cc:143) For pdf-id 411, low count 28
VLOG[1] (build-tree[5.5.891~1-37628]:main():build-tree.cc:143) For pdf-id 420, low count 70
VLOG[1] (build-tree[5.5.891~1-37628]:main():build-tree.cc:143) For pdf-id 422, low count 29
VLOG[1] (build-tree[5.5.891~1-37628]:main():build-tree.cc:143) For pdf-id 424, low count 82
VLOG[1] (build-tree[5.5.891~1-37628]:main():build-tree.cc:143) For pdf-id 428, low count 75
VLOG[1] (build-tree[5.5.891~1-37628]:main():build-tree.cc:143) For pdf-id 440, low count 73
VLOG[1] (build-tree[5.5.891~1-37628]:main():build-tree.cc:143) For pdf-id 448, low count 77
VLOG[1] (build-tree[5.5.891~1-37628]:main():build-tree.cc:143) For pdf-id 449, low count 46
VLOG[1] (build-tree[5.5.891~1-37628]:main():build-tree.cc:143) For pdf-id 451, low count 31
VLOG[1] (build-tree[5.5.891~1-37628]:main():build-tree.cc:143) For pdf-id 453, low count 47
VLOG[1] (build-tree[5.5.891~1-37628]:main():build-tree.cc:143) For pdf-id 459, low count 12
VLOG[1] (build-tree[5.5.891~1-37628]:main():build-tree.cc:143) For pdf-id 461, low count 22
VLOG[1] (build-tree[5.5.891~1-37628]:main():build-tree.cc:143) For pdf-id 462, low count 83
VLOG[1] (build-tree[5.5.891~1-37628]:main():build-tree.cc:143) For pdf-id 477, low count 95
VLOG[1] (build-tree[5.5.891~1-37628]:main():build-tree.cc:143) For pdf-id 481, low count 65
VLOG[1] (build-tree[5.5.891~1-37628]:main():build-tree.cc:143) For pdf-id 487, low count 52
VLOG[1] (build-tree[5.5.891~1-37628]:main():build-tree.cc:143) For pdf-id 488, low count 84
VLOG[1] (build-tree[5.5.891~1-37628]:main():build-tree.cc:143) For pdf-id 489, low count 58
VLOG[1] (build-tree[5.5.891~1-37628]:main():build-tree.cc:143) For pdf-id 497, low count 22
VLOG[1] (build-tree[5.5.891~1-37628]:main():build-tree.cc:143) For pdf-id 523, low count 75
VLOG[1] (build-tree[5.5.891~1-37628]:main():build-tree.cc:143) For pdf-id 527, low count 96
VLOG[1] (build-tree[5.5.891~1-37628]:main():build-tree.cc:143) For pdf-id 543, low count 61
VLOG[1] (build-tree[5.5.891~1-37628]:main():build-tree.cc:143) For pdf-id 553, low count 46
VLOG[1] (build-tree[5.5.891~1-37628]:main():build-tree.cc:143) For pdf-id 564, low count 24
VLOG[1] (build-tree[5.5.891~1-37628]:main():build-tree.cc:143) For pdf-id 567, low count 81
VLOG[1] (build-tree[5.5.891~1-37628]:main():build-tree.cc:143) For pdf-id 575, low count 99
VLOG[1] (build-tree[5.5.891~1-37628]:main():build-tree.cc:143) For pdf-id 596, low count 26
VLOG[1] (build-tree[5.5.891~1-37628]:main():build-tree.cc:143) For pdf-id 612, low count 86
VLOG[1] (build-tree[5.5.891~1-37628]:main():build-tree.cc:143) For pdf-id 615, low count 81
VLOG[1] (build-tree[5.5.891~1-37628]:main():build-tree.cc:143) For pdf-id 628, low count 9
VLOG[1] (build-tree[5.5.891~1-37628]:main():build-tree.cc:143) For pdf-id 646, low count 45
VLOG[1] (build-tree[5.5.891~1-37628]:main():build-tree.cc:143) For pdf-id 678, low count 92
VLOG[1] (build-tree[5.5.891~1-37628]:main():build-tree.cc:143) For pdf-id 681, low count 19
WARNING (build-tree[5.5.891~1-37628]:main():build-tree.cc:185) Saw no stats for following phones: 1 2 3 4 7 8 9 10 11 12 13 14 15 16 17 18 19 20 21 22 23 24 25 26 27 28 29 30 31 32 33 34 35 36 37 38 39 40 41 42 43 44 45 46 47 48 49 50 51 52 53 54 55 56 57 58 59 60 61 62 63 64 65 66 67 68 69 70 71 72 73 74 75 83 91 99 103 111 123 127 143 147 151 155 160 171 179 195 196 197 199 201 203 206 
LOG (build-tree[5.5.891~1-37628]:main():build-tree.cc:189) Wrote tree
# Accounting: time=1 threads=1
# Ended (code 0) at Fri Mar 12 17:50:38 CET 2021, elapsed time 1 seconds
