# ali-to-post "ark:gunzip -c exp/tri2_ali/ali.1.gz|" ark:- | weight-silence-post 0.0 1:2:3:4:5:6:7:8:9:10:11:12:13:14:15:16:17:18:19:20:21:22:23:24:25:26:27:28:29:30:31:32:33:34:35:36:37:38:39:40:41:42:43:44:45:46:47:48:49:50:51:52:53:54:55:56:57:58:59:60:61:62:63:64:65:66:67:68:69:70:71:72:73:74:75 exp/tri2_ali/final.mdl ark:- ark:- | acc-lda --rand-prune=4.0 exp/tri2_ali/final.mdl "ark,s,cs:apply-cmvn  --utt2spk=ark:data/train/split2/1/utt2spk scp:data/train/split2/1/cmvn.scp scp:data/train/split2/1/feats.scp ark:- | splice-feats  ark:- ark:- |" ark,s,cs:- exp/tri3a/lda.1.acc 
# Started at Fri Mar 12 17:50:34 CET 2021
#
ali-to-post 'ark:gunzip -c exp/tri2_ali/ali.1.gz|' ark:- 
weight-silence-post 0.0 1:2:3:4:5:6:7:8:9:10:11:12:13:14:15:16:17:18:19:20:21:22:23:24:25:26:27:28:29:30:31:32:33:34:35:36:37:38:39:40:41:42:43:44:45:46:47:48:49:50:51:52:53:54:55:56:57:58:59:60:61:62:63:64:65:66:67:68:69:70:71:72:73:74:75 exp/tri2_ali/final.mdl ark:- ark:- 
acc-lda --rand-prune=4.0 exp/tri2_ali/final.mdl 'ark,s,cs:apply-cmvn  --utt2spk=ark:data/train/split2/1/utt2spk scp:data/train/split2/1/cmvn.scp scp:data/train/split2/1/feats.scp ark:- | splice-feats  ark:- ark:- |' ark,s,cs:- exp/tri3a/lda.1.acc 
splice-feats ark:- ark:- 
apply-cmvn --utt2spk=ark:data/train/split2/1/utt2spk scp:data/train/split2/1/cmvn.scp scp:data/train/split2/1/feats.scp ark:- 
WARNING (acc-lda[5.5.891~1-37628]:main():acc-lda.cc:77) No posteriors for utterance 1016_locuteur1_1016
WARNING (acc-lda[5.5.891~1-37628]:main():acc-lda.cc:77) No posteriors for utterance 1016_locuteur1_1029
WARNING (acc-lda[5.5.891~1-37628]:main():acc-lda.cc:77) No posteriors for utterance 1016_locuteur1_1048
WARNING (acc-lda[5.5.891~1-37628]:main():acc-lda.cc:77) No posteriors for utterance 1016_locuteur1_106
WARNING (acc-lda[5.5.891~1-37628]:main():acc-lda.cc:77) No posteriors for utterance 1016_locuteur1_107
WARNING (acc-lda[5.5.891~1-37628]:main():acc-lda.cc:77) No posteriors for utterance 1016_locuteur1_1081
WARNING (acc-lda[5.5.891~1-37628]:main():acc-lda.cc:77) No posteriors for utterance 1016_locuteur1_1094
LOG (acc-lda[5.5.891~1-37628]:main():acc-lda.cc:114) Done 100 utterances.
WARNING (acc-lda[5.5.891~1-37628]:main():acc-lda.cc:77) No posteriors for utterance 1016_locuteur1_1141
WARNING (acc-lda[5.5.891~1-37628]:main():acc-lda.cc:77) No posteriors for utterance 1016_locuteur1_1196
LOG (acc-lda[5.5.891~1-37628]:main():acc-lda.cc:114) Done 200 utterances.
WARNING (acc-lda[5.5.891~1-37628]:main():acc-lda.cc:77) No posteriors for utterance 1016_locuteur1_126
WARNING (acc-lda[5.5.891~1-37628]:main():acc-lda.cc:77) No posteriors for utterance 1016_locuteur1_1274
WARNING (acc-lda[5.5.891~1-37628]:main():acc-lda.cc:77) No posteriors for utterance 1016_locuteur1_130
LOG (acc-lda[5.5.891~1-37628]:main():acc-lda.cc:114) Done 300 utterances.
WARNING (acc-lda[5.5.891~1-37628]:main():acc-lda.cc:77) No posteriors for utterance 1016_locuteur1_146
WARNING (acc-lda[5.5.891~1-37628]:main():acc-lda.cc:77) No posteriors for utterance 1016_locuteur1_157
LOG (acc-lda[5.5.891~1-37628]:main():acc-lda.cc:114) Done 400 utterances.
WARNING (acc-lda[5.5.891~1-37628]:main():acc-lda.cc:77) No posteriors for utterance 1016_locuteur1_163
WARNING (acc-lda[5.5.891~1-37628]:main():acc-lda.cc:77) No posteriors for utterance 1016_locuteur1_164
WARNING (acc-lda[5.5.891~1-37628]:main():acc-lda.cc:77) No posteriors for utterance 1016_locuteur1_168
WARNING (acc-lda[5.5.891~1-37628]:main():acc-lda.cc:77) No posteriors for utterance 1016_locuteur1_175
WARNING (acc-lda[5.5.891~1-37628]:main():acc-lda.cc:77) No posteriors for utterance 1016_locuteur1_182
WARNING (acc-lda[5.5.891~1-37628]:main():acc-lda.cc:77) No posteriors for utterance 1016_locuteur1_183
WARNING (acc-lda[5.5.891~1-37628]:main():acc-lda.cc:77) No posteriors for utterance 1016_locuteur1_204
WARNING (acc-lda[5.5.891~1-37628]:main():acc-lda.cc:77) No posteriors for utterance 1016_locuteur1_241
WARNING (acc-lda[5.5.891~1-37628]:main():acc-lda.cc:77) No posteriors for utterance 1016_locuteur1_264
WARNING (acc-lda[5.5.891~1-37628]:main():acc-lda.cc:77) No posteriors for utterance 1016_locuteur1_27
LOG (acc-lda[5.5.891~1-37628]:main():acc-lda.cc:114) Done 500 utterances.
WARNING (acc-lda[5.5.891~1-37628]:main():acc-lda.cc:77) No posteriors for utterance 1016_locuteur1_317
WARNING (acc-lda[5.5.891~1-37628]:main():acc-lda.cc:77) No posteriors for utterance 1016_locuteur1_355
LOG (acc-lda[5.5.891~1-37628]:main():acc-lda.cc:114) Done 600 utterances.
WARNING (acc-lda[5.5.891~1-37628]:main():acc-lda.cc:77) No posteriors for utterance 1016_locuteur1_431
WARNING (acc-lda[5.5.891~1-37628]:main():acc-lda.cc:77) No posteriors for utterance 1016_locuteur1_435
WARNING (acc-lda[5.5.891~1-37628]:main():acc-lda.cc:77) No posteriors for utterance 1016_locuteur1_465
LOG (acc-lda[5.5.891~1-37628]:main():acc-lda.cc:114) Done 700 utterances.
WARNING (acc-lda[5.5.891~1-37628]:main():acc-lda.cc:77) No posteriors for utterance 1016_locuteur1_540
WARNING (acc-lda[5.5.891~1-37628]:main():acc-lda.cc:77) No posteriors for utterance 1016_locuteur1_56
WARNING (acc-lda[5.5.891~1-37628]:main():acc-lda.cc:77) No posteriors for utterance 1016_locuteur1_606
LOG (acc-lda[5.5.891~1-37628]:main():acc-lda.cc:114) Done 800 utterances.
WARNING (acc-lda[5.5.891~1-37628]:main():acc-lda.cc:77) No posteriors for utterance 1016_locuteur1_61
WARNING (acc-lda[5.5.891~1-37628]:main():acc-lda.cc:77) No posteriors for utterance 1016_locuteur1_664
WARNING (acc-lda[5.5.891~1-37628]:main():acc-lda.cc:77) No posteriors for utterance 1016_locuteur1_674
LOG (acc-lda[5.5.891~1-37628]:main():acc-lda.cc:114) Done 900 utterances.
WARNING (acc-lda[5.5.891~1-37628]:main():acc-lda.cc:77) No posteriors for utterance 1016_locuteur1_781
LOG (acc-lda[5.5.891~1-37628]:main():acc-lda.cc:114) Done 1000 utterances.
WARNING (acc-lda[5.5.891~1-37628]:main():acc-lda.cc:77) No posteriors for utterance 1016_locuteur1_877
WARNING (acc-lda[5.5.891~1-37628]:main():acc-lda.cc:77) No posteriors for utterance 1016_locuteur1_89
LOG (acc-lda[5.5.891~1-37628]:main():acc-lda.cc:114) Done 1100 utterances.
WARNING (acc-lda[5.5.891~1-37628]:main():acc-lda.cc:77) No posteriors for utterance 1016_locuteur1_98
WARNING (acc-lda[5.5.891~1-37628]:main():acc-lda.cc:77) No posteriors for utterance 1016_locuteur1_999
WARNING (acc-lda[5.5.891~1-37628]:main():acc-lda.cc:77) No posteriors for utterance 1016_locuteur2_102
WARNING (acc-lda[5.5.891~1-37628]:main():acc-lda.cc:77) No posteriors for utterance 1016_locuteur2_108
WARNING (acc-lda[5.5.891~1-37628]:main():acc-lda.cc:77) No posteriors for utterance 1016_locuteur2_172
WARNING (acc-lda[5.5.891~1-37628]:main():acc-lda.cc:77) No posteriors for utterance 1016_locuteur2_175
LOG (acc-lda[5.5.891~1-37628]:main():acc-lda.cc:114) Done 1200 utterances.
WARNING (acc-lda[5.5.891~1-37628]:main():acc-lda.cc:77) No posteriors for utterance 1016_locuteur2_218
WARNING (acc-lda[5.5.891~1-37628]:main():acc-lda.cc:77) No posteriors for utterance 1016_locuteur2_272
WARNING (acc-lda[5.5.891~1-37628]:main():acc-lda.cc:77) No posteriors for utterance 1016_locuteur2_280
LOG (acc-lda[5.5.891~1-37628]:main():acc-lda.cc:114) Done 1300 utterances.
WARNING (acc-lda[5.5.891~1-37628]:main():acc-lda.cc:77) No posteriors for utterance 1016_locuteur2_355
WARNING (acc-lda[5.5.891~1-37628]:main():acc-lda.cc:77) No posteriors for utterance 1016_locuteur2_374
WARNING (acc-lda[5.5.891~1-37628]:main():acc-lda.cc:77) No posteriors for utterance 1016_locuteur2_388
LOG (acc-lda[5.5.891~1-37628]:main():acc-lda.cc:114) Done 1400 utterances.
WARNING (acc-lda[5.5.891~1-37628]:main():acc-lda.cc:77) No posteriors for utterance 1016_locuteur2_448
WARNING (acc-lda[5.5.891~1-37628]:main():acc-lda.cc:77) No posteriors for utterance 1016_locuteur2_482
WARNING (acc-lda[5.5.891~1-37628]:main():acc-lda.cc:77) No posteriors for utterance 1016_locuteur2_517
WARNING (acc-lda[5.5.891~1-37628]:main():acc-lda.cc:77) No posteriors for utterance 1016_locuteur2_52
LOG (acc-lda[5.5.891~1-37628]:main():acc-lda.cc:114) Done 1500 utterances.
WARNING (acc-lda[5.5.891~1-37628]:main():acc-lda.cc:77) No posteriors for utterance 1016_locuteur2_664
LOG (acc-lda[5.5.891~1-37628]:main():acc-lda.cc:114) Done 1600 utterances.
WARNING (acc-lda[5.5.891~1-37628]:main():acc-lda.cc:77) No posteriors for utterance 1016_locuteur2_703
WARNING (acc-lda[5.5.891~1-37628]:main():acc-lda.cc:77) No posteriors for utterance 1016_locuteur2_722
WARNING (acc-lda[5.5.891~1-37628]:main():acc-lda.cc:77) No posteriors for utterance 1016_locuteur2_723
WARNING (acc-lda[5.5.891~1-37628]:main():acc-lda.cc:77) No posteriors for utterance 1016_locuteur2_762
LOG (acc-lda[5.5.891~1-37628]:main():acc-lda.cc:114) Done 1700 utterances.
WARNING (acc-lda[5.5.891~1-37628]:main():acc-lda.cc:77) No posteriors for utterance 1022_163
WARNING (acc-lda[5.5.891~1-37628]:main():acc-lda.cc:77) No posteriors for utterance 1022_172
LOG (acc-lda[5.5.891~1-37628]:main():acc-lda.cc:114) Done 1800 utterances.
WARNING (acc-lda[5.5.891~1-37628]:main():acc-lda.cc:77) No posteriors for utterance 1022_238
WARNING (acc-lda[5.5.891~1-37628]:main():acc-lda.cc:77) No posteriors for utterance 1022_262
LOG (acc-lda[5.5.891~1-37628]:main():acc-lda.cc:114) Done 1900 utterances.
WARNING (acc-lda[5.5.891~1-37628]:main():acc-lda.cc:77) No posteriors for utterance 1022_308
WARNING (acc-lda[5.5.891~1-37628]:main():acc-lda.cc:77) No posteriors for utterance 1022_346
LOG (acc-lda[5.5.891~1-37628]:main():acc-lda.cc:114) Done 2000 utterances.
WARNING (acc-lda[5.5.891~1-37628]:main():acc-lda.cc:77) No posteriors for utterance 1023_168
LOG (acc-lda[5.5.891~1-37628]:main():acc-lda.cc:114) Done 2100 utterances.
WARNING (acc-lda[5.5.891~1-37628]:main():acc-lda.cc:77) No posteriors for utterance 1023_241
WARNING (acc-lda[5.5.891~1-37628]:main():acc-lda.cc:77) No posteriors for utterance 1023_255
WARNING (acc-lda[5.5.891~1-37628]:main():acc-lda.cc:77) No posteriors for utterance 1023_275
LOG (acc-lda[5.5.891~1-37628]:main():acc-lda.cc:114) Done 2200 utterances.
WARNING (acc-lda[5.5.891~1-37628]:main():acc-lda.cc:77) No posteriors for utterance 1023_294
LOG (acc-lda[5.5.891~1-37628]:main():acc-lda.cc:114) Done 2300 utterances.
WARNING (acc-lda[5.5.891~1-37628]:main():acc-lda.cc:77) No posteriors for utterance 1023_473
LOG (acc-lda[5.5.891~1-37628]:main():acc-lda.cc:114) Done 2400 utterances.
WARNING (acc-lda[5.5.891~1-37628]:main():acc-lda.cc:77) No posteriors for utterance 1023_572
LOG (acc-lda[5.5.891~1-37628]:main():acc-lda.cc:114) Done 2500 utterances.
WARNING (acc-lda[5.5.891~1-37628]:main():acc-lda.cc:77) No posteriors for utterance 1023_638
WARNING (acc-lda[5.5.891~1-37628]:main():acc-lda.cc:77) No posteriors for utterance 1023_657
WARNING (acc-lda[5.5.891~1-37628]:main():acc-lda.cc:77) No posteriors for utterance 1023_665
LOG (acc-lda[5.5.891~1-37628]:main():acc-lda.cc:114) Done 2600 utterances.
WARNING (acc-lda[5.5.891~1-37628]:main():acc-lda.cc:77) No posteriors for utterance 1023_758
WARNING (acc-lda[5.5.891~1-37628]:main():acc-lda.cc:77) No posteriors for utterance 1023_767
WARNING (acc-lda[5.5.891~1-37628]:main():acc-lda.cc:77) No posteriors for utterance 1023_779
WARNING (acc-lda[5.5.891~1-37628]:main():acc-lda.cc:77) No posteriors for utterance 1023_794
WARNING (acc-lda[5.5.891~1-37628]:main():acc-lda.cc:77) No posteriors for utterance 1023_811
WARNING (acc-lda[5.5.891~1-37628]:main():acc-lda.cc:77) No posteriors for utterance 1023_820
WARNING (acc-lda[5.5.891~1-37628]:main():acc-lda.cc:77) No posteriors for utterance 1023_847
WARNING (acc-lda[5.5.891~1-37628]:main():acc-lda.cc:77) No posteriors for utterance 1023_853
WARNING (acc-lda[5.5.891~1-37628]:main():acc-lda.cc:77) No posteriors for utterance 1023_854
WARNING (acc-lda[5.5.891~1-37628]:main():acc-lda.cc:77) No posteriors for utterance 1023_859
LOG (acc-lda[5.5.891~1-37628]:main():acc-lda.cc:114) Done 2700 utterances.
WARNING (acc-lda[5.5.891~1-37628]:main():acc-lda.cc:77) No posteriors for utterance 1023_912
WARNING (acc-lda[5.5.891~1-37628]:main():acc-lda.cc:77) No posteriors for utterance 1023_918
WARNING (acc-lda[5.5.891~1-37628]:main():acc-lda.cc:77) No posteriors for utterance 1023_951
WARNING (acc-lda[5.5.891~1-37628]:main():acc-lda.cc:77) No posteriors for utterance 1023_968
LOG (acc-lda[5.5.891~1-37628]:main():acc-lda.cc:114) Done 2800 utterances.
WARNING (acc-lda[5.5.891~1-37628]:main():acc-lda.cc:77) No posteriors for utterance 1023_980
WARNING (acc-lda[5.5.891~1-37628]:main():acc-lda.cc:77) No posteriors for utterance 1023_994
WARNING (acc-lda[5.5.891~1-37628]:main():acc-lda.cc:77) No posteriors for utterance 1024_181
WARNING (acc-lda[5.5.891~1-37628]:main():acc-lda.cc:77) No posteriors for utterance 1024_184
LOG (acc-lda[5.5.891~1-37628]:main():acc-lda.cc:114) Done 2900 utterances.
WARNING (acc-lda[5.5.891~1-37628]:main():acc-lda.cc:77) No posteriors for utterance 1024_237
WARNING (acc-lda[5.5.891~1-37628]:main():acc-lda.cc:77) No posteriors for utterance 1024_303
LOG (acc-lda[5.5.891~1-37628]:main():acc-lda.cc:114) Done 3000 utterances.
WARNING (acc-lda[5.5.891~1-37628]:main():acc-lda.cc:77) No posteriors for utterance 1024_323
WARNING (acc-lda[5.5.891~1-37628]:main():acc-lda.cc:77) No posteriors for utterance 1024_341
WARNING (acc-lda[5.5.891~1-37628]:main():acc-lda.cc:77) No posteriors for utterance 1024_375
LOG (acc-lda[5.5.891~1-37628]:main():acc-lda.cc:114) Done 3100 utterances.
WARNING (acc-lda[5.5.891~1-37628]:main():acc-lda.cc:77) No posteriors for utterance 1024_460
LOG (acc-lda[5.5.891~1-37628]:main():acc-lda.cc:114) Done 3200 utterances.
WARNING (acc-lda[5.5.891~1-37628]:main():acc-lda.cc:77) No posteriors for utterance 1024_543
WARNING (acc-lda[5.5.891~1-37628]:main():acc-lda.cc:77) No posteriors for utterance 1024_566
WARNING (acc-lda[5.5.891~1-37628]:main():acc-lda.cc:77) No posteriors for utterance 1024_618
LOG (acc-lda[5.5.891~1-37628]:main():acc-lda.cc:114) Done 3300 utterances.
WARNING (acc-lda[5.5.891~1-37628]:main():acc-lda.cc:77) No posteriors for utterance 1024_667
WARNING (acc-lda[5.5.891~1-37628]:main():acc-lda.cc:77) No posteriors for utterance 1024_674
WARNING (acc-lda[5.5.891~1-37628]:main():acc-lda.cc:77) No posteriors for utterance 1024_89
LOG (acc-lda[5.5.891~1-37628]:main():acc-lda.cc:114) Done 3400 utterances.
WARNING (acc-lda[5.5.891~1-37628]:main():acc-lda.cc:77) No posteriors for utterance 1028_1104
LOG (acc-lda[5.5.891~1-37628]:main():acc-lda.cc:114) Done 3500 utterances.
WARNING (acc-lda[5.5.891~1-37628]:main():acc-lda.cc:77) No posteriors for utterance 1028_1162
WARNING (acc-lda[5.5.891~1-37628]:main():acc-lda.cc:77) No posteriors for utterance 1028_1172
LOG (acc-lda[5.5.891~1-37628]:main():acc-lda.cc:114) Done 3600 utterances.
WARNING (acc-lda[5.5.891~1-37628]:main():acc-lda.cc:77) No posteriors for utterance 1028_1297
LOG (acc-lda[5.5.891~1-37628]:main():acc-lda.cc:114) Done 3700 utterances.
WARNING (acc-lda[5.5.891~1-37628]:main():acc-lda.cc:77) No posteriors for utterance 1028_1328
WARNING (acc-lda[5.5.891~1-37628]:main():acc-lda.cc:77) No posteriors for utterance 1028_1351
WARNING (acc-lda[5.5.891~1-37628]:main():acc-lda.cc:77) No posteriors for utterance 1028_1407
WARNING (acc-lda[5.5.891~1-37628]:main():acc-lda.cc:77) No posteriors for utterance 1028_1411
LOG (acc-lda[5.5.891~1-37628]:main():acc-lda.cc:114) Done 3800 utterances.
WARNING (acc-lda[5.5.891~1-37628]:main():acc-lda.cc:77) No posteriors for utterance 1028_145
WARNING (acc-lda[5.5.891~1-37628]:main():acc-lda.cc:77) No posteriors for utterance 1028_1468
WARNING (acc-lda[5.5.891~1-37628]:main():acc-lda.cc:77) No posteriors for utterance 1028_1529
WARNING (acc-lda[5.5.891~1-37628]:main():acc-lda.cc:77) No posteriors for utterance 1028_153
LOG (acc-lda[5.5.891~1-37628]:main():acc-lda.cc:114) Done 3900 utterances.
WARNING (acc-lda[5.5.891~1-37628]:main():acc-lda.cc:77) No posteriors for utterance 1028_1575
WARNING (acc-lda[5.5.891~1-37628]:main():acc-lda.cc:77) No posteriors for utterance 1028_1605
WARNING (acc-lda[5.5.891~1-37628]:main():acc-lda.cc:77) No posteriors for utterance 1028_1617
LOG (acc-lda[5.5.891~1-37628]:main():acc-lda.cc:114) Done 4000 utterances.
LOG (acc-lda[5.5.891~1-37628]:main():acc-lda.cc:114) Done 4100 utterances.
WARNING (acc-lda[5.5.891~1-37628]:main():acc-lda.cc:77) No posteriors for utterance 1028_1757
WARNING (acc-lda[5.5.891~1-37628]:main():acc-lda.cc:77) No posteriors for utterance 1028_1763
LOG (acc-lda[5.5.891~1-37628]:main():acc-lda.cc:114) Done 4200 utterances.
WARNING (acc-lda[5.5.891~1-37628]:main():acc-lda.cc:77) No posteriors for utterance 1028_1886
LOG (acc-lda[5.5.891~1-37628]:main():acc-lda.cc:114) Done 4300 utterances.
WARNING (acc-lda[5.5.891~1-37628]:main():acc-lda.cc:77) No posteriors for utterance 1028_1945
LOG (acc-lda[5.5.891~1-37628]:main():acc-lda.cc:114) Done 4400 utterances.
WARNING (acc-lda[5.5.891~1-37628]:main():acc-lda.cc:77) No posteriors for utterance 1028_2070
WARNING (acc-lda[5.5.891~1-37628]:main():acc-lda.cc:77) No posteriors for utterance 1028_2076
WARNING (acc-lda[5.5.891~1-37628]:main():acc-lda.cc:77) No posteriors for utterance 1028_2113
LOG (acc-lda[5.5.891~1-37628]:main():acc-lda.cc:114) Done 4500 utterances.
LOG (acc-lda[5.5.891~1-37628]:main():acc-lda.cc:114) Done 4600 utterances.
LOG (acc-lda[5.5.891~1-37628]:main():acc-lda.cc:114) Done 4700 utterances.
WARNING (acc-lda[5.5.891~1-37628]:main():acc-lda.cc:77) No posteriors for utterance 1028_2352
WARNING (acc-lda[5.5.891~1-37628]:main():acc-lda.cc:77) No posteriors for utterance 1028_2365
WARNING (acc-lda[5.5.891~1-37628]:main():acc-lda.cc:77) No posteriors for utterance 1028_2399
LOG (acc-lda[5.5.891~1-37628]:main():acc-lda.cc:114) Done 4800 utterances.
LOG (acc-lda[5.5.891~1-37628]:main():acc-lda.cc:114) Done 4900 utterances.
LOG (acc-lda[5.5.891~1-37628]:main():acc-lda.cc:114) Done 5000 utterances.
LOG (acc-lda[5.5.891~1-37628]:main():acc-lda.cc:114) Done 5100 utterances.
WARNING (acc-lda[5.5.891~1-37628]:main():acc-lda.cc:77) No posteriors for utterance 1028_2838
WARNING (acc-lda[5.5.891~1-37628]:main():acc-lda.cc:77) No posteriors for utterance 1028_2839
WARNING (acc-lda[5.5.891~1-37628]:main():acc-lda.cc:77) No posteriors for utterance 1028_2860
LOG (acc-lda[5.5.891~1-37628]:main():acc-lda.cc:114) Done 5200 utterances.
WARNING (acc-lda[5.5.891~1-37628]:main():acc-lda.cc:77) No posteriors for utterance 1028_2885
LOG (acc-lda[5.5.891~1-37628]:main():acc-lda.cc:114) Done 5300 utterances.
WARNING (acc-lda[5.5.891~1-37628]:main():acc-lda.cc:77) No posteriors for utterance 1028_2973
WARNING (acc-lda[5.5.891~1-37628]:main():acc-lda.cc:77) No posteriors for utterance 1028_304
WARNING (acc-lda[5.5.891~1-37628]:main():acc-lda.cc:77) No posteriors for utterance 1028_3054
LOG (acc-lda[5.5.891~1-37628]:main():acc-lda.cc:114) Done 5400 utterances.
WARNING (acc-lda[5.5.891~1-37628]:main():acc-lda.cc:77) No posteriors for utterance 1028_309
LOG (acc-lda[5.5.891~1-37628]:main():acc-lda.cc:114) Done 5500 utterances.
WARNING (acc-lda[5.5.891~1-37628]:main():acc-lda.cc:77) No posteriors for utterance 1028_375
WARNING (acc-lda[5.5.891~1-37628]:main():acc-lda.cc:77) No posteriors for utterance 1028_378
WARNING (acc-lda[5.5.891~1-37628]:main():acc-lda.cc:77) No posteriors for utterance 1028_451
LOG (acc-lda[5.5.891~1-37628]:main():acc-lda.cc:114) Done 5600 utterances.
WARNING (acc-lda[5.5.891~1-37628]:main():acc-lda.cc:77) No posteriors for utterance 1028_486
WARNING (acc-lda[5.5.891~1-37628]:main():acc-lda.cc:77) No posteriors for utterance 1028_510
LOG (acc-lda[5.5.891~1-37628]:main():acc-lda.cc:114) Done 5700 utterances.
WARNING (acc-lda[5.5.891~1-37628]:main():acc-lda.cc:77) No posteriors for utterance 1028_650
WARNING (acc-lda[5.5.891~1-37628]:main():acc-lda.cc:77) No posteriors for utterance 1028_651
LOG (acc-lda[5.5.891~1-37628]:main():acc-lda.cc:114) Done 5800 utterances.
LOG (ali-to-post[5.5.891~1-37628]:main():ali-to-post.cc:73) Converted 6110 alignments.
LOG (acc-lda[5.5.891~1-37628]:main():acc-lda.cc:114) Done 5900 utterances.
LOG (weight-silence-post[5.5.891~1-37628]:main():weight-silence-post.cc:95) Done 6110 posteriors.
LOG (acc-lda[5.5.891~1-37628]:main():acc-lda.cc:114) Done 6000 utterances.
WARNING (acc-lda[5.5.891~1-37628]:main():acc-lda.cc:77) No posteriors for utterance 1028_909
LOG (apply-cmvn[5.5.891~1-37628]:main():apply-cmvn.cc:162) Applied cepstral mean normalization to 6258 utterances, errors on 0
WARNING (acc-lda[5.5.891~1-37628]:main():acc-lda.cc:77) No posteriors for utterance 1028_972
LOG (acc-lda[5.5.891~1-37628]:main():acc-lda.cc:114) Done 6100 utterances.
WARNING (acc-lda[5.5.891~1-37628]:main():acc-lda.cc:77) No posteriors for utterance 1028_993
LOG (acc-lda[5.5.891~1-37628]:main():acc-lda.cc:117) Done 6110 files, failed for 148
LOG (acc-lda[5.5.891~1-37628]:main():acc-lda.cc:122) Written statistics.
# Accounting: time=1 threads=1
# Ended (code 0) at Fri Mar 12 17:50:35 CET 2021, elapsed time 1 seconds
