# lattice-determinize-pruned --acoustic-scale=0.083333 --beam=4.0 "ark:gunzip -c exp/tri4a/decode/lat.tmp.2.gz|" ark:- | lattice-to-post --acoustic-scale=0.083333 ark:- ark:- | weight-silence-post 0.01 1:2:3:4:5:6:7:8:9:10:11:12:13:14:15:16:17:18:19:20:21:22:23:24:25:26:27:28:29:30:31:32:33:34:35:36:37:38:39:40:41:42:43:44:45:46:47:48:49:50:51:52:53:54:55:56:57:58:59:60:61:62:63:64:65:66:67:68:69:70:71:72:73:74:75 exp/tri4a/final.mdl ark:- ark:- | gmm-est-fmllr --fmllr-update-type=full --spk2utt=ark:data/test/split2/2/spk2utt exp/tri4a/final.mdl "ark,s,cs:apply-cmvn  --utt2spk=ark:data/test/split2/2/utt2spk scp:data/test/split2/2/cmvn.scp scp:data/test/split2/2/feats.scp ark:- | splice-feats  ark:- ark:- | transform-feats exp/tri4a/final.mat ark:- ark:- | transform-feats --utt2spk=ark:data/test/split2/2/utt2spk ark:exp/tri4a/decode/pre_trans.2 ark:- ark:- |" ark,s,cs:- ark:exp/tri4a/decode/trans_tmp.2 && compose-transforms --b-is-affine=true ark:exp/tri4a/decode/trans_tmp.2 ark:exp/tri4a/decode/pre_trans.2 ark:exp/tri4a/decode/trans.2 
# Started at Fri Mar 12 15:26:34 CET 2021
#
lattice-to-post --acoustic-scale=0.083333 ark:- ark:- 
lattice-determinize-pruned --acoustic-scale=0.083333 --beam=4.0 'ark:gunzip -c exp/tri4a/decode/lat.tmp.2.gz|' ark:- 
weight-silence-post 0.01 1:2:3:4:5:6:7:8:9:10:11:12:13:14:15:16:17:18:19:20:21:22:23:24:25:26:27:28:29:30:31:32:33:34:35:36:37:38:39:40:41:42:43:44:45:46:47:48:49:50:51:52:53:54:55:56:57:58:59:60:61:62:63:64:65:66:67:68:69:70:71:72:73:74:75 exp/tri4a/final.mdl ark:- ark:- 
gmm-est-fmllr --fmllr-update-type=full --spk2utt=ark:data/test/split2/2/spk2utt exp/tri4a/final.mdl 'ark,s,cs:apply-cmvn  --utt2spk=ark:data/test/split2/2/utt2spk scp:data/test/split2/2/cmvn.scp scp:data/test/split2/2/feats.scp ark:- | splice-feats  ark:- ark:- | transform-feats exp/tri4a/final.mat ark:- ark:- | transform-feats --utt2spk=ark:data/test/split2/2/utt2spk ark:exp/tri4a/decode/pre_trans.2 ark:- ark:- |' ark,s,cs:- ark:exp/tri4a/decode/trans_tmp.2 
transform-feats exp/tri4a/final.mat ark:- ark:- 
apply-cmvn --utt2spk=ark:data/test/split2/2/utt2spk scp:data/test/split2/2/cmvn.scp scp:data/test/split2/2/feats.scp ark:- 
transform-feats --utt2spk=ark:data/test/split2/2/utt2spk ark:exp/tri4a/decode/pre_trans.2 ark:- ark:- 
splice-feats ark:- ark:- 
LOG (apply-cmvn[5.5.891~1-37628]:main():apply-cmvn.cc:162) Applied cepstral mean normalization to 430 utterances, errors on 0
LOG (transform-feats[5.5.891~1-37628]:main():transform-feats.cc:158) Overall average [pseudo-]logdet is -90.7687 over 137768 frames.
LOG (transform-feats[5.5.891~1-37628]:main():transform-feats.cc:161) Applied transform to 430 utterances; 0 had errors.
LOG (transform-feats[5.5.891~1-37628]:main():transform-feats.cc:158) Overall average logdet is 2.59935 over 137768 frames.
LOG (transform-feats[5.5.891~1-37628]:main():transform-feats.cc:161) Applied transform to 430 utterances; 0 had errors.
LOG (lattice-determinize-pruned[5.5.891~1-37628]:main():lattice-determinize-pruned.cc:159) Average input-lattice depth (measured at at state level) is 90.8431, output depth is 23.501, over 137768 frames  (average num-frames = 320.391).
LOG (lattice-determinize-pruned[5.5.891~1-37628]:main():lattice-determinize-pruned.cc:164) Done 430 lattices, determinization finished earlier than specified by the beam (or output was empty) on 0 of these.
LOG (lattice-to-post[5.5.891~1-37628]:main():lattice-to-post.cc:106) Overall average log-like/frame is -4.50308 over 137768 frames.  Average acoustic like/frame is -4.42451
LOG (lattice-to-post[5.5.891~1-37628]:main():lattice-to-post.cc:110) Done 430 lattices.
LOG (weight-silence-post[5.5.891~1-37628]:main():weight-silence-post.cc:95) Done 430 posteriors.
LOG (gmm-est-fmllr[5.5.891~1-37628]:ComputeFmllrMatrixDiagGmmFull():fmllr-diag-gmm.cc:262) fMLLR objf improvement is 0.364169 per frame over 10429.6 frames.
LOG (gmm-est-fmllr[5.5.891~1-37628]:main():gmm-est-fmllr.cc:143) For speaker 1041, auxf-impr from fMLLR is 0.364169, over 10429.6 frames.
LOG (gmm-est-fmllr[5.5.891~1-37628]:main():gmm-est-fmllr.cc:188) Done 430 files, 0 with no posts, 0 with other errors.
LOG (gmm-est-fmllr[5.5.891~1-37628]:main():gmm-est-fmllr.cc:190) Overall fMLLR auxf impr per frame is 0.364169 over 10429.6 frames.
compose-transforms --b-is-affine=true ark:exp/tri4a/decode/trans_tmp.2 ark:exp/tri4a/decode/pre_trans.2 ark:exp/tri4a/decode/trans.2 
# Accounting: time=62 threads=1
# Ended (code 0) at Fri Mar 12 15:27:36 CET 2021, elapsed time 62 seconds
