# compute-mfcc-feats --write-utt2dur=ark,t:exp/make_mfcc/train/utt2dur.1 --verbose=2 --config=conf/mfcc.conf scp,p:exp/make_mfcc/train/wav_train.1.scp ark:- | copy-feats --write-num-frames=ark,t:exp/make_mfcc/train/utt2num_frames.1 --compress=true ark:- ark,scp:/home/el-yazid/kaldi/egs/cream/mfcc/raw_mfcc_train.1.ark,/home/el-yazid/kaldi/egs/cream/mfcc/raw_mfcc_train.1.scp 
# Started at Fri Mar 12 16:39:09 CET 2021
#
copy-feats --write-num-frames=ark,t:exp/make_mfcc/train/utt2num_frames.1 --compress=true ark:- ark,scp:/home/el-yazid/kaldi/egs/cream/mfcc/raw_mfcc_train.1.ark,/home/el-yazid/kaldi/egs/cream/mfcc/raw_mfcc_train.1.scp 
compute-mfcc-feats --write-utt2dur=ark,t:exp/make_mfcc/train/utt2dur.1 --verbose=2 --config=conf/mfcc.conf scp,p:exp/make_mfcc/train/wav_train.1.scp ark:- 
WARNING (compute-mfcc-feats[5.5.891~1-37628]:main():compute-mfcc-feats.cc:122) Channel not specified but you have data with 2 channels; defaulting to zero
VLOG[2] (compute-mfcc-feats[5.5.891~1-37628]:main():compute-mfcc-feats.cc:182) Processed features for key 1016_locuteur1_11
WARNING (compute-mfcc-feats[5.5.891~1-37628]:main():compute-mfcc-feats.cc:122) Channel not specified but you have data with 2 channels; defaulting to zero
VLOG[2] (compute-mfcc-feats[5.5.891~1-37628]:main():compute-mfcc-feats.cc:182) Processed features for key 1016_locuteur1_17
WARNING (compute-mfcc-feats[5.5.891~1-37628]:main():compute-mfcc-feats.cc:122) Channel not specified but you have data with 2 channels; defaulting to zero
VLOG[2] (compute-mfcc-feats[5.5.891~1-37628]:main():compute-mfcc-feats.cc:182) Processed features for key 1016_locuteur1_23
WARNING (compute-mfcc-feats[5.5.891~1-37628]:main():compute-mfcc-feats.cc:122) Channel not specified but you have data with 2 channels; defaulting to zero
VLOG[2] (compute-mfcc-feats[5.5.891~1-37628]:main():compute-mfcc-feats.cc:182) Processed features for key 1016_locuteur1_255
WARNING (compute-mfcc-feats[5.5.891~1-37628]:main():compute-mfcc-feats.cc:122) Channel not specified but you have data with 2 channels; defaulting to zero
VLOG[2] (compute-mfcc-feats[5.5.891~1-37628]:main():compute-mfcc-feats.cc:182) Processed features for key 1016_locuteur1_307
WARNING (compute-mfcc-feats[5.5.891~1-37628]:main():compute-mfcc-feats.cc:122) Channel not specified but you have data with 2 channels; defaulting to zero
VLOG[2] (compute-mfcc-feats[5.5.891~1-37628]:main():compute-mfcc-feats.cc:182) Processed features for key 1016_locuteur1_315
WARNING (compute-mfcc-feats[5.5.891~1-37628]:main():compute-mfcc-feats.cc:122) Channel not specified but you have data with 2 channels; defaulting to zero
VLOG[2] (compute-mfcc-feats[5.5.891~1-37628]:main():compute-mfcc-feats.cc:182) Processed features for key 1016_locuteur1_38
WARNING (compute-mfcc-feats[5.5.891~1-37628]:main():compute-mfcc-feats.cc:122) Channel not specified but you have data with 2 channels; defaulting to zero
VLOG[2] (compute-mfcc-feats[5.5.891~1-37628]:main():compute-mfcc-feats.cc:182) Processed features for key 1016_locuteur1_48
WARNING (compute-mfcc-feats[5.5.891~1-37628]:main():compute-mfcc-feats.cc:122) Channel not specified but you have data with 2 channels; defaulting to zero
VLOG[2] (compute-mfcc-feats[5.5.891~1-37628]:main():compute-mfcc-feats.cc:182) Processed features for key 1016_locuteur1_56
WARNING (compute-mfcc-feats[5.5.891~1-37628]:main():compute-mfcc-feats.cc:122) Channel not specified but you have data with 2 channels; defaulting to zero
LOG (compute-mfcc-feats[5.5.891~1-37628]:main():compute-mfcc-feats.cc:181) Processed 10 utterances
VLOG[2] (compute-mfcc-feats[5.5.891~1-37628]:main():compute-mfcc-feats.cc:182) Processed features for key 1016_locuteur2_114
WARNING (compute-mfcc-feats[5.5.891~1-37628]:main():compute-mfcc-feats.cc:122) Channel not specified but you have data with 2 channels; defaulting to zero
VLOG[2] (compute-mfcc-feats[5.5.891~1-37628]:main():compute-mfcc-feats.cc:182) Processed features for key 1016_locuteur2_131
WARNING (compute-mfcc-feats[5.5.891~1-37628]:main():compute-mfcc-feats.cc:122) Channel not specified but you have data with 2 channels; defaulting to zero
VLOG[2] (compute-mfcc-feats[5.5.891~1-37628]:main():compute-mfcc-feats.cc:182) Processed features for key 1016_locuteur2_151
WARNING (compute-mfcc-feats[5.5.891~1-37628]:main():compute-mfcc-feats.cc:122) Channel not specified but you have data with 2 channels; defaulting to zero
VLOG[2] (compute-mfcc-feats[5.5.891~1-37628]:main():compute-mfcc-feats.cc:182) Processed features for key 1016_locuteur2_193
WARNING (compute-mfcc-feats[5.5.891~1-37628]:main():compute-mfcc-feats.cc:122) Channel not specified but you have data with 2 channels; defaulting to zero
VLOG[2] (compute-mfcc-feats[5.5.891~1-37628]:main():compute-mfcc-feats.cc:182) Processed features for key 1016_locuteur2_20
WARNING (compute-mfcc-feats[5.5.891~1-37628]:main():compute-mfcc-feats.cc:122) Channel not specified but you have data with 2 channels; defaulting to zero
VLOG[2] (compute-mfcc-feats[5.5.891~1-37628]:main():compute-mfcc-feats.cc:182) Processed features for key 1016_locuteur2_23
WARNING (compute-mfcc-feats[5.5.891~1-37628]:main():compute-mfcc-feats.cc:122) Channel not specified but you have data with 2 channels; defaulting to zero
VLOG[2] (compute-mfcc-feats[5.5.891~1-37628]:main():compute-mfcc-feats.cc:182) Processed features for key 1016_locuteur2_259
WARNING (compute-mfcc-feats[5.5.891~1-37628]:main():compute-mfcc-feats.cc:122) Channel not specified but you have data with 2 channels; defaulting to zero
VLOG[2] (compute-mfcc-feats[5.5.891~1-37628]:main():compute-mfcc-feats.cc:182) Processed features for key 1016_locuteur2_37
WARNING (compute-mfcc-feats[5.5.891~1-37628]:main():compute-mfcc-feats.cc:122) Channel not specified but you have data with 2 channels; defaulting to zero
VLOG[2] (compute-mfcc-feats[5.5.891~1-37628]:main():compute-mfcc-feats.cc:182) Processed features for key 1016_locuteur2_41
WARNING (compute-mfcc-feats[5.5.891~1-37628]:main():compute-mfcc-feats.cc:122) Channel not specified but you have data with 2 channels; defaulting to zero
VLOG[2] (compute-mfcc-feats[5.5.891~1-37628]:main():compute-mfcc-feats.cc:182) Processed features for key 1016_locuteur2_49
WARNING (compute-mfcc-feats[5.5.891~1-37628]:main():compute-mfcc-feats.cc:122) Channel not specified but you have data with 2 channels; defaulting to zero
LOG (compute-mfcc-feats[5.5.891~1-37628]:main():compute-mfcc-feats.cc:181) Processed 20 utterances
VLOG[2] (compute-mfcc-feats[5.5.891~1-37628]:main():compute-mfcc-feats.cc:182) Processed features for key 1022_11
WARNING (compute-mfcc-feats[5.5.891~1-37628]:main():compute-mfcc-feats.cc:122) Channel not specified but you have data with 2 channels; defaulting to zero
VLOG[2] (compute-mfcc-feats[5.5.891~1-37628]:main():compute-mfcc-feats.cc:182) Processed features for key 1022_32
WARNING (compute-mfcc-feats[5.5.891~1-37628]:main():compute-mfcc-feats.cc:122) Channel not specified but you have data with 2 channels; defaulting to zero
VLOG[2] (compute-mfcc-feats[5.5.891~1-37628]:main():compute-mfcc-feats.cc:182) Processed features for key 1022_50
WARNING (compute-mfcc-feats[5.5.891~1-37628]:main():compute-mfcc-feats.cc:122) Channel not specified but you have data with 2 channels; defaulting to zero
VLOG[2] (compute-mfcc-feats[5.5.891~1-37628]:main():compute-mfcc-feats.cc:182) Processed features for key 1022_52
WARNING (compute-mfcc-feats[5.5.891~1-37628]:main():compute-mfcc-feats.cc:122) Channel not specified but you have data with 2 channels; defaulting to zero
VLOG[2] (compute-mfcc-feats[5.5.891~1-37628]:main():compute-mfcc-feats.cc:182) Processed features for key 1022_54
WARNING (compute-mfcc-feats[5.5.891~1-37628]:main():compute-mfcc-feats.cc:122) Channel not specified but you have data with 2 channels; defaulting to zero
VLOG[2] (compute-mfcc-feats[5.5.891~1-37628]:main():compute-mfcc-feats.cc:182) Processed features for key 1022_55
WARNING (compute-mfcc-feats[5.5.891~1-37628]:main():compute-mfcc-feats.cc:122) Channel not specified but you have data with 2 channels; defaulting to zero
VLOG[2] (compute-mfcc-feats[5.5.891~1-37628]:main():compute-mfcc-feats.cc:182) Processed features for key 1022_85
WARNING (compute-mfcc-feats[5.5.891~1-37628]:main():compute-mfcc-feats.cc:122) Channel not specified but you have data with 2 channels; defaulting to zero
VLOG[2] (compute-mfcc-feats[5.5.891~1-37628]:main():compute-mfcc-feats.cc:182) Processed features for key 1022_9
WARNING (compute-mfcc-feats[5.5.891~1-37628]:main():compute-mfcc-feats.cc:122) Channel not specified but you have data with 2 channels; defaulting to zero
VLOG[2] (compute-mfcc-feats[5.5.891~1-37628]:main():compute-mfcc-feats.cc:182) Processed features for key 1022_93
WARNING (compute-mfcc-feats[5.5.891~1-37628]:main():compute-mfcc-feats.cc:122) Channel not specified but you have data with 2 channels; defaulting to zero
VLOG[2] (compute-mfcc-feats[5.5.891~1-37628]:main():compute-mfcc-feats.cc:182) Processed features for key 1022_95
WARNING (compute-mfcc-feats[5.5.891~1-37628]:main():compute-mfcc-feats.cc:122) Channel not specified but you have data with 2 channels; defaulting to zero
LOG (compute-mfcc-feats[5.5.891~1-37628]:main():compute-mfcc-feats.cc:181) Processed 30 utterances
VLOG[2] (compute-mfcc-feats[5.5.891~1-37628]:main():compute-mfcc-feats.cc:182) Processed features for key 1023_107
WARNING (compute-mfcc-feats[5.5.891~1-37628]:main():compute-mfcc-feats.cc:122) Channel not specified but you have data with 2 channels; defaulting to zero
VLOG[2] (compute-mfcc-feats[5.5.891~1-37628]:main():compute-mfcc-feats.cc:182) Processed features for key 1023_125
WARNING (compute-mfcc-feats[5.5.891~1-37628]:main():compute-mfcc-feats.cc:122) Channel not specified but you have data with 2 channels; defaulting to zero
VLOG[2] (compute-mfcc-feats[5.5.891~1-37628]:main():compute-mfcc-feats.cc:182) Processed features for key 1023_135
WARNING (compute-mfcc-feats[5.5.891~1-37628]:main():compute-mfcc-feats.cc:122) Channel not specified but you have data with 2 channels; defaulting to zero
VLOG[2] (compute-mfcc-feats[5.5.891~1-37628]:main():compute-mfcc-feats.cc:182) Processed features for key 1023_144
WARNING (compute-mfcc-feats[5.5.891~1-37628]:main():compute-mfcc-feats.cc:122) Channel not specified but you have data with 2 channels; defaulting to zero
VLOG[2] (compute-mfcc-feats[5.5.891~1-37628]:main():compute-mfcc-feats.cc:182) Processed features for key 1023_16
WARNING (compute-mfcc-feats[5.5.891~1-37628]:main():compute-mfcc-feats.cc:122) Channel not specified but you have data with 2 channels; defaulting to zero
VLOG[2] (compute-mfcc-feats[5.5.891~1-37628]:main():compute-mfcc-feats.cc:182) Processed features for key 1023_26
WARNING (compute-mfcc-feats[5.5.891~1-37628]:main():compute-mfcc-feats.cc:122) Channel not specified but you have data with 2 channels; defaulting to zero
VLOG[2] (compute-mfcc-feats[5.5.891~1-37628]:main():compute-mfcc-feats.cc:182) Processed features for key 1023_36
WARNING (compute-mfcc-feats[5.5.891~1-37628]:main():compute-mfcc-feats.cc:122) Channel not specified but you have data with 2 channels; defaulting to zero
VLOG[2] (compute-mfcc-feats[5.5.891~1-37628]:main():compute-mfcc-feats.cc:182) Processed features for key 1023_40
WARNING (compute-mfcc-feats[5.5.891~1-37628]:main():compute-mfcc-feats.cc:122) Channel not specified but you have data with 2 channels; defaulting to zero
VLOG[2] (compute-mfcc-feats[5.5.891~1-37628]:main():compute-mfcc-feats.cc:182) Processed features for key 1023_52
WARNING (compute-mfcc-feats[5.5.891~1-37628]:main():compute-mfcc-feats.cc:122) Channel not specified but you have data with 2 channels; defaulting to zero
VLOG[2] (compute-mfcc-feats[5.5.891~1-37628]:main():compute-mfcc-feats.cc:182) Processed features for key 1023_54
WARNING (compute-mfcc-feats[5.5.891~1-37628]:main():compute-mfcc-feats.cc:122) Channel not specified but you have data with 2 channels; defaulting to zero
LOG (compute-mfcc-feats[5.5.891~1-37628]:main():compute-mfcc-feats.cc:181) Processed 40 utterances
VLOG[2] (compute-mfcc-feats[5.5.891~1-37628]:main():compute-mfcc-feats.cc:182) Processed features for key 1024_102
WARNING (compute-mfcc-feats[5.5.891~1-37628]:main():compute-mfcc-feats.cc:122) Channel not specified but you have data with 2 channels; defaulting to zero
VLOG[2] (compute-mfcc-feats[5.5.891~1-37628]:main():compute-mfcc-feats.cc:182) Processed features for key 1024_108
WARNING (compute-mfcc-feats[5.5.891~1-37628]:main():compute-mfcc-feats.cc:122) Channel not specified but you have data with 2 channels; defaulting to zero
VLOG[2] (compute-mfcc-feats[5.5.891~1-37628]:main():compute-mfcc-feats.cc:182) Processed features for key 1024_38
WARNING (compute-mfcc-feats[5.5.891~1-37628]:main():compute-mfcc-feats.cc:122) Channel not specified but you have data with 2 channels; defaulting to zero
VLOG[2] (compute-mfcc-feats[5.5.891~1-37628]:main():compute-mfcc-feats.cc:182) Processed features for key 1024_55
WARNING (compute-mfcc-feats[5.5.891~1-37628]:main():compute-mfcc-feats.cc:122) Channel not specified but you have data with 2 channels; defaulting to zero
VLOG[2] (compute-mfcc-feats[5.5.891~1-37628]:main():compute-mfcc-feats.cc:182) Processed features for key 1024_59
WARNING (compute-mfcc-feats[5.5.891~1-37628]:main():compute-mfcc-feats.cc:122) Channel not specified but you have data with 2 channels; defaulting to zero
VLOG[2] (compute-mfcc-feats[5.5.891~1-37628]:main():compute-mfcc-feats.cc:182) Processed features for key 1024_61
WARNING (compute-mfcc-feats[5.5.891~1-37628]:main():compute-mfcc-feats.cc:122) Channel not specified but you have data with 2 channels; defaulting to zero
VLOG[2] (compute-mfcc-feats[5.5.891~1-37628]:main():compute-mfcc-feats.cc:182) Processed features for key 1024_65
WARNING (compute-mfcc-feats[5.5.891~1-37628]:main():compute-mfcc-feats.cc:122) Channel not specified but you have data with 2 channels; defaulting to zero
VLOG[2] (compute-mfcc-feats[5.5.891~1-37628]:main():compute-mfcc-feats.cc:182) Processed features for key 1024_67
WARNING (compute-mfcc-feats[5.5.891~1-37628]:main():compute-mfcc-feats.cc:122) Channel not specified but you have data with 2 channels; defaulting to zero
VLOG[2] (compute-mfcc-feats[5.5.891~1-37628]:main():compute-mfcc-feats.cc:182) Processed features for key 1024_69
WARNING (compute-mfcc-feats[5.5.891~1-37628]:main():compute-mfcc-feats.cc:122) Channel not specified but you have data with 2 channels; defaulting to zero
VLOG[2] (compute-mfcc-feats[5.5.891~1-37628]:main():compute-mfcc-feats.cc:182) Processed features for key 1024_87
WARNING (compute-mfcc-feats[5.5.891~1-37628]:main():compute-mfcc-feats.cc:122) Channel not specified but you have data with 2 channels; defaulting to zero
LOG (compute-mfcc-feats[5.5.891~1-37628]:main():compute-mfcc-feats.cc:181) Processed 50 utterances
VLOG[2] (compute-mfcc-feats[5.5.891~1-37628]:main():compute-mfcc-feats.cc:182) Processed features for key 1028_117
WARNING (compute-mfcc-feats[5.5.891~1-37628]:main():compute-mfcc-feats.cc:122) Channel not specified but you have data with 2 channels; defaulting to zero
VLOG[2] (compute-mfcc-feats[5.5.891~1-37628]:main():compute-mfcc-feats.cc:182) Processed features for key 1028_141
WARNING (compute-mfcc-feats[5.5.891~1-37628]:main():compute-mfcc-feats.cc:122) Channel not specified but you have data with 2 channels; defaulting to zero
VLOG[2] (compute-mfcc-feats[5.5.891~1-37628]:main():compute-mfcc-feats.cc:182) Processed features for key 1028_164
WARNING (compute-mfcc-feats[5.5.891~1-37628]:main():compute-mfcc-feats.cc:122) Channel not specified but you have data with 2 channels; defaulting to zero
VLOG[2] (compute-mfcc-feats[5.5.891~1-37628]:main():compute-mfcc-feats.cc:182) Processed features for key 1028_36
WARNING (compute-mfcc-feats[5.5.891~1-37628]:main():compute-mfcc-feats.cc:122) Channel not specified but you have data with 2 channels; defaulting to zero
VLOG[2] (compute-mfcc-feats[5.5.891~1-37628]:main():compute-mfcc-feats.cc:182) Processed features for key 1028_38
WARNING (compute-mfcc-feats[5.5.891~1-37628]:main():compute-mfcc-feats.cc:122) Channel not specified but you have data with 2 channels; defaulting to zero
VLOG[2] (compute-mfcc-feats[5.5.891~1-37628]:main():compute-mfcc-feats.cc:182) Processed features for key 1028_40
WARNING (compute-mfcc-feats[5.5.891~1-37628]:main():compute-mfcc-feats.cc:122) Channel not specified but you have data with 2 channels; defaulting to zero
VLOG[2] (compute-mfcc-feats[5.5.891~1-37628]:main():compute-mfcc-feats.cc:182) Processed features for key 1028_44
WARNING (compute-mfcc-feats[5.5.891~1-37628]:main():compute-mfcc-feats.cc:122) Channel not specified but you have data with 2 channels; defaulting to zero
VLOG[2] (compute-mfcc-feats[5.5.891~1-37628]:main():compute-mfcc-feats.cc:182) Processed features for key 1028_67
WARNING (compute-mfcc-feats[5.5.891~1-37628]:main():compute-mfcc-feats.cc:122) Channel not specified but you have data with 2 channels; defaulting to zero
VLOG[2] (compute-mfcc-feats[5.5.891~1-37628]:main():compute-mfcc-feats.cc:182) Processed features for key 1028_69
WARNING (compute-mfcc-feats[5.5.891~1-37628]:main():compute-mfcc-feats.cc:122) Channel not specified but you have data with 2 channels; defaulting to zero
VLOG[2] (compute-mfcc-feats[5.5.891~1-37628]:main():compute-mfcc-feats.cc:182) Processed features for key 1028_77
WARNING (compute-mfcc-feats[5.5.891~1-37628]:main():compute-mfcc-feats.cc:122) Channel not specified but you have data with 2 channels; defaulting to zero
LOG (compute-mfcc-feats[5.5.891~1-37628]:main():compute-mfcc-feats.cc:181) Processed 60 utterances
VLOG[2] (compute-mfcc-feats[5.5.891~1-37628]:main():compute-mfcc-feats.cc:182) Processed features for key 1029_122
WARNING (compute-mfcc-feats[5.5.891~1-37628]:main():compute-mfcc-feats.cc:122) Channel not specified but you have data with 2 channels; defaulting to zero
VLOG[2] (compute-mfcc-feats[5.5.891~1-37628]:main():compute-mfcc-feats.cc:182) Processed features for key 1029_126
WARNING (compute-mfcc-feats[5.5.891~1-37628]:main():compute-mfcc-feats.cc:122) Channel not specified but you have data with 2 channels; defaulting to zero
VLOG[2] (compute-mfcc-feats[5.5.891~1-37628]:main():compute-mfcc-feats.cc:182) Processed features for key 1029_137
WARNING (compute-mfcc-feats[5.5.891~1-37628]:main():compute-mfcc-feats.cc:122) Channel not specified but you have data with 2 channels; defaulting to zero
VLOG[2] (compute-mfcc-feats[5.5.891~1-37628]:main():compute-mfcc-feats.cc:182) Processed features for key 1029_157
WARNING (compute-mfcc-feats[5.5.891~1-37628]:main():compute-mfcc-feats.cc:122) Channel not specified but you have data with 2 channels; defaulting to zero
VLOG[2] (compute-mfcc-feats[5.5.891~1-37628]:main():compute-mfcc-feats.cc:182) Processed features for key 1029_191
WARNING (compute-mfcc-feats[5.5.891~1-37628]:main():compute-mfcc-feats.cc:122) Channel not specified but you have data with 2 channels; defaulting to zero
VLOG[2] (compute-mfcc-feats[5.5.891~1-37628]:main():compute-mfcc-feats.cc:182) Processed features for key 1029_82
WARNING (compute-mfcc-feats[5.5.891~1-37628]:main():compute-mfcc-feats.cc:122) Channel not specified but you have data with 2 channels; defaulting to zero
VLOG[2] (compute-mfcc-feats[5.5.891~1-37628]:main():compute-mfcc-feats.cc:182) Processed features for key 1029_84
WARNING (compute-mfcc-feats[5.5.891~1-37628]:main():compute-mfcc-feats.cc:122) Channel not specified but you have data with 2 channels; defaulting to zero
VLOG[2] (compute-mfcc-feats[5.5.891~1-37628]:main():compute-mfcc-feats.cc:182) Processed features for key 1029_88
WARNING (compute-mfcc-feats[5.5.891~1-37628]:main():compute-mfcc-feats.cc:122) Channel not specified but you have data with 2 channels; defaulting to zero
VLOG[2] (compute-mfcc-feats[5.5.891~1-37628]:main():compute-mfcc-feats.cc:182) Processed features for key 1029_92
WARNING (compute-mfcc-feats[5.5.891~1-37628]:main():compute-mfcc-feats.cc:122) Channel not specified but you have data with 2 channels; defaulting to zero
VLOG[2] (compute-mfcc-feats[5.5.891~1-37628]:main():compute-mfcc-feats.cc:182) Processed features for key 1029_94
WARNING (compute-mfcc-feats[5.5.891~1-37628]:main():compute-mfcc-feats.cc:122) Channel not specified but you have data with 2 channels; defaulting to zero
LOG (compute-mfcc-feats[5.5.891~1-37628]:main():compute-mfcc-feats.cc:181) Processed 70 utterances
VLOG[2] (compute-mfcc-feats[5.5.891~1-37628]:main():compute-mfcc-feats.cc:182) Processed features for key 1032_103
WARNING (compute-mfcc-feats[5.5.891~1-37628]:main():compute-mfcc-feats.cc:122) Channel not specified but you have data with 2 channels; defaulting to zero
VLOG[2] (compute-mfcc-feats[5.5.891~1-37628]:main():compute-mfcc-feats.cc:182) Processed features for key 1032_111
WARNING (compute-mfcc-feats[5.5.891~1-37628]:main():compute-mfcc-feats.cc:122) Channel not specified but you have data with 2 channels; defaulting to zero
VLOG[2] (compute-mfcc-feats[5.5.891~1-37628]:main():compute-mfcc-feats.cc:182) Processed features for key 1032_20
WARNING (compute-mfcc-feats[5.5.891~1-37628]:main():compute-mfcc-feats.cc:122) Channel not specified but you have data with 2 channels; defaulting to zero
VLOG[2] (compute-mfcc-feats[5.5.891~1-37628]:main():compute-mfcc-feats.cc:182) Processed features for key 1032_22
WARNING (compute-mfcc-feats[5.5.891~1-37628]:main():compute-mfcc-feats.cc:122) Channel not specified but you have data with 2 channels; defaulting to zero
VLOG[2] (compute-mfcc-feats[5.5.891~1-37628]:main():compute-mfcc-feats.cc:182) Processed features for key 1032_29
WARNING (compute-mfcc-feats[5.5.891~1-37628]:main():compute-mfcc-feats.cc:122) Channel not specified but you have data with 2 channels; defaulting to zero
VLOG[2] (compute-mfcc-feats[5.5.891~1-37628]:main():compute-mfcc-feats.cc:182) Processed features for key 1032_45
WARNING (compute-mfcc-feats[5.5.891~1-37628]:main():compute-mfcc-feats.cc:122) Channel not specified but you have data with 2 channels; defaulting to zero
VLOG[2] (compute-mfcc-feats[5.5.891~1-37628]:main():compute-mfcc-feats.cc:182) Processed features for key 1032_55
WARNING (compute-mfcc-feats[5.5.891~1-37628]:main():compute-mfcc-feats.cc:122) Channel not specified but you have data with 2 channels; defaulting to zero
VLOG[2] (compute-mfcc-feats[5.5.891~1-37628]:main():compute-mfcc-feats.cc:182) Processed features for key 1032_57
WARNING (compute-mfcc-feats[5.5.891~1-37628]:main():compute-mfcc-feats.cc:122) Channel not specified but you have data with 2 channels; defaulting to zero
VLOG[2] (compute-mfcc-feats[5.5.891~1-37628]:main():compute-mfcc-feats.cc:182) Processed features for key 1032_83
WARNING (compute-mfcc-feats[5.5.891~1-37628]:main():compute-mfcc-feats.cc:122) Channel not specified but you have data with 2 channels; defaulting to zero
VLOG[2] (compute-mfcc-feats[5.5.891~1-37628]:main():compute-mfcc-feats.cc:182) Processed features for key 1032_87
WARNING (compute-mfcc-feats[5.5.891~1-37628]:main():compute-mfcc-feats.cc:122) Channel not specified but you have data with 2 channels; defaulting to zero
LOG (compute-mfcc-feats[5.5.891~1-37628]:main():compute-mfcc-feats.cc:181) Processed 80 utterances
VLOG[2] (compute-mfcc-feats[5.5.891~1-37628]:main():compute-mfcc-feats.cc:182) Processed features for key 1036_110
WARNING (compute-mfcc-feats[5.5.891~1-37628]:main():compute-mfcc-feats.cc:122) Channel not specified but you have data with 2 channels; defaulting to zero
VLOG[2] (compute-mfcc-feats[5.5.891~1-37628]:main():compute-mfcc-feats.cc:182) Processed features for key 1036_132
WARNING (compute-mfcc-feats[5.5.891~1-37628]:main():compute-mfcc-feats.cc:122) Channel not specified but you have data with 2 channels; defaulting to zero
VLOG[2] (compute-mfcc-feats[5.5.891~1-37628]:main():compute-mfcc-feats.cc:182) Processed features for key 1036_27
WARNING (compute-mfcc-feats[5.5.891~1-37628]:main():compute-mfcc-feats.cc:122) Channel not specified but you have data with 2 channels; defaulting to zero
VLOG[2] (compute-mfcc-feats[5.5.891~1-37628]:main():compute-mfcc-feats.cc:182) Processed features for key 1036_35
WARNING (compute-mfcc-feats[5.5.891~1-37628]:main():compute-mfcc-feats.cc:122) Channel not specified but you have data with 2 channels; defaulting to zero
VLOG[2] (compute-mfcc-feats[5.5.891~1-37628]:main():compute-mfcc-feats.cc:182) Processed features for key 1036_39
WARNING (compute-mfcc-feats[5.5.891~1-37628]:main():compute-mfcc-feats.cc:122) Channel not specified but you have data with 2 channels; defaulting to zero
VLOG[2] (compute-mfcc-feats[5.5.891~1-37628]:main():compute-mfcc-feats.cc:182) Processed features for key 1036_61
WARNING (compute-mfcc-feats[5.5.891~1-37628]:main():compute-mfcc-feats.cc:122) Channel not specified but you have data with 2 channels; defaulting to zero
VLOG[2] (compute-mfcc-feats[5.5.891~1-37628]:main():compute-mfcc-feats.cc:182) Processed features for key 1036_65
WARNING (compute-mfcc-feats[5.5.891~1-37628]:main():compute-mfcc-feats.cc:122) Channel not specified but you have data with 2 channels; defaulting to zero
VLOG[2] (compute-mfcc-feats[5.5.891~1-37628]:main():compute-mfcc-feats.cc:182) Processed features for key 1036_85
WARNING (compute-mfcc-feats[5.5.891~1-37628]:main():compute-mfcc-feats.cc:122) Channel not specified but you have data with 2 channels; defaulting to zero
VLOG[2] (compute-mfcc-feats[5.5.891~1-37628]:main():compute-mfcc-feats.cc:182) Processed features for key 1036_91
WARNING (compute-mfcc-feats[5.5.891~1-37628]:main():compute-mfcc-feats.cc:122) Channel not specified but you have data with 2 channels; defaulting to zero
VLOG[2] (compute-mfcc-feats[5.5.891~1-37628]:main():compute-mfcc-feats.cc:182) Processed features for key 1036_99
WARNING (compute-mfcc-feats[5.5.891~1-37628]:main():compute-mfcc-feats.cc:122) Channel not specified but you have data with 2 channels; defaulting to zero
LOG (compute-mfcc-feats[5.5.891~1-37628]:main():compute-mfcc-feats.cc:181) Processed 90 utterances
VLOG[2] (compute-mfcc-feats[5.5.891~1-37628]:main():compute-mfcc-feats.cc:182) Processed features for key 1037_125
WARNING (compute-mfcc-feats[5.5.891~1-37628]:main():compute-mfcc-feats.cc:122) Channel not specified but you have data with 2 channels; defaulting to zero
VLOG[2] (compute-mfcc-feats[5.5.891~1-37628]:main():compute-mfcc-feats.cc:182) Processed features for key 1037_135
WARNING (compute-mfcc-feats[5.5.891~1-37628]:main():compute-mfcc-feats.cc:122) Channel not specified but you have data with 2 channels; defaulting to zero
VLOG[2] (compute-mfcc-feats[5.5.891~1-37628]:main():compute-mfcc-feats.cc:182) Processed features for key 1037_151
WARNING (compute-mfcc-feats[5.5.891~1-37628]:main():compute-mfcc-feats.cc:122) Channel not specified but you have data with 2 channels; defaulting to zero
VLOG[2] (compute-mfcc-feats[5.5.891~1-37628]:main():compute-mfcc-feats.cc:182) Processed features for key 1037_157
WARNING (compute-mfcc-feats[5.5.891~1-37628]:main():compute-mfcc-feats.cc:122) Channel not specified but you have data with 2 channels; defaulting to zero
VLOG[2] (compute-mfcc-feats[5.5.891~1-37628]:main():compute-mfcc-feats.cc:182) Processed features for key 1037_52
WARNING (compute-mfcc-feats[5.5.891~1-37628]:main():compute-mfcc-feats.cc:122) Channel not specified but you have data with 2 channels; defaulting to zero
VLOG[2] (compute-mfcc-feats[5.5.891~1-37628]:main():compute-mfcc-feats.cc:182) Processed features for key 1037_80
WARNING (compute-mfcc-feats[5.5.891~1-37628]:main():compute-mfcc-feats.cc:122) Channel not specified but you have data with 2 channels; defaulting to zero
VLOG[2] (compute-mfcc-feats[5.5.891~1-37628]:main():compute-mfcc-feats.cc:182) Processed features for key 1037_84
WARNING (compute-mfcc-feats[5.5.891~1-37628]:main():compute-mfcc-feats.cc:122) Channel not specified but you have data with 2 channels; defaulting to zero
VLOG[2] (compute-mfcc-feats[5.5.891~1-37628]:main():compute-mfcc-feats.cc:182) Processed features for key 1037_86
WARNING (compute-mfcc-feats[5.5.891~1-37628]:main():compute-mfcc-feats.cc:122) Channel not specified but you have data with 2 channels; defaulting to zero
VLOG[2] (compute-mfcc-feats[5.5.891~1-37628]:main():compute-mfcc-feats.cc:182) Processed features for key 1037_88
WARNING (compute-mfcc-feats[5.5.891~1-37628]:main():compute-mfcc-feats.cc:122) Channel not specified but you have data with 2 channels; defaulting to zero
VLOG[2] (compute-mfcc-feats[5.5.891~1-37628]:main():compute-mfcc-feats.cc:182) Processed features for key 1037_92
LOG (compute-mfcc-feats[5.5.891~1-37628]:main():compute-mfcc-feats.cc:185)  Done 99 out of 99 utterances.
LOG (copy-feats[5.5.891~1-37628]:main():copy-feats.cc:143) Copied 99 feature matrices.
# Accounting: time=1 threads=1
# Ended (code 0) at Fri Mar 12 16:39:10 CET 2021, elapsed time 1 seconds
