# ali-to-post "ark:gunzip -c exp/tri3a_ali/pre_ali.1.gz|" ark:- | weight-silence-post 0.0 1:2:3:4:5:6:7:8:9:10:11:12:13:14:15:16:17:18:19:20:21:22:23:24:25:26:27:28:29:30:31:32:33:34:35:36:37:38:39:40:41:42:43:44:45:46:47:48:49:50:51:52:53:54:55:56:57:58:59:60:61:62:63:64:65:66:67:68:69:70:71:72:73:74:75 exp/tri3a/final.mdl ark:- ark:- | gmm-est-fmllr --fmllr-update-type=full --spk2utt=ark:data/train/split2/1/spk2utt exp/tri3a/final.mdl "ark,s,cs:apply-cmvn  --utt2spk=ark:data/train/split2/1/utt2spk scp:data/train/split2/1/cmvn.scp scp:data/train/split2/1/feats.scp ark:- | splice-feats  ark:- ark:- | transform-feats exp/tri3a/final.mat ark:- ark:- |" ark,s,cs:- ark:exp/tri3a_ali/trans.1 
# Started at Fri Mar 12 14:58:09 CET 2021
#
ali-to-post 'ark:gunzip -c exp/tri3a_ali/pre_ali.1.gz|' ark:- 
weight-silence-post 0.0 1:2:3:4:5:6:7:8:9:10:11:12:13:14:15:16:17:18:19:20:21:22:23:24:25:26:27:28:29:30:31:32:33:34:35:36:37:38:39:40:41:42:43:44:45:46:47:48:49:50:51:52:53:54:55:56:57:58:59:60:61:62:63:64:65:66:67:68:69:70:71:72:73:74:75 exp/tri3a/final.mdl ark:- ark:- 
gmm-est-fmllr --fmllr-update-type=full --spk2utt=ark:data/train/split2/1/spk2utt exp/tri3a/final.mdl 'ark,s,cs:apply-cmvn  --utt2spk=ark:data/train/split2/1/utt2spk scp:data/train/split2/1/cmvn.scp scp:data/train/split2/1/feats.scp ark:- | splice-feats  ark:- ark:- | transform-feats exp/tri3a/final.mat ark:- ark:- |' ark,s,cs:- ark:exp/tri3a_ali/trans.1 
apply-cmvn --utt2spk=ark:data/train/split2/1/utt2spk scp:data/train/split2/1/cmvn.scp scp:data/train/split2/1/feats.scp ark:- 
transform-feats exp/tri3a/final.mat ark:- ark:- 
splice-feats ark:- ark:- 
WARNING (gmm-est-fmllr[5.5.891~1-37628]:main():gmm-est-fmllr.cc:118) Did not find posteriors for utterance 1016_locuteur1_125_l
WARNING (gmm-est-fmllr[5.5.891~1-37628]:main():gmm-est-fmllr.cc:118) Did not find posteriors for utterance 1016_locuteur1_125_r
LOG (gmm-est-fmllr[5.5.891~1-37628]:ComputeFmllrMatrixDiagGmmFull():fmllr-diag-gmm.cc:262) fMLLR objf improvement is 0.45208 per frame over 59631 frames.
LOG (gmm-est-fmllr[5.5.891~1-37628]:main():gmm-est-fmllr.cc:143) For speaker 1016_locuteur1, auxf-impr from fMLLR is 0.45208, over 59631 frames.
LOG (gmm-est-fmllr[5.5.891~1-37628]:ComputeFmllrMatrixDiagGmmFull():fmllr-diag-gmm.cc:262) fMLLR objf improvement is 0.446194 per frame over 34608 frames.
LOG (gmm-est-fmllr[5.5.891~1-37628]:main():gmm-est-fmllr.cc:143) For speaker 1016_locuteur2, auxf-impr from fMLLR is 0.446194, over 34608 frames.
LOG (gmm-est-fmllr[5.5.891~1-37628]:ComputeFmllrMatrixDiagGmmFull():fmllr-diag-gmm.cc:262) fMLLR objf improvement is 0.630507 per frame over 13414 frames.
LOG (gmm-est-fmllr[5.5.891~1-37628]:main():gmm-est-fmllr.cc:143) For speaker 1022, auxf-impr from fMLLR is 0.630507, over 13414 frames.
LOG (gmm-est-fmllr[5.5.891~1-37628]:ComputeFmllrMatrixDiagGmmFull():fmllr-diag-gmm.cc:262) fMLLR objf improvement is 0.458123 per frame over 35121 frames.
LOG (gmm-est-fmllr[5.5.891~1-37628]:main():gmm-est-fmllr.cc:143) For speaker 1023, auxf-impr from fMLLR is 0.458123, over 35121 frames.
WARNING (gmm-est-fmllr[5.5.891~1-37628]:main():gmm-est-fmllr.cc:118) Did not find posteriors for utterance 1024_185_l
WARNING (gmm-est-fmllr[5.5.891~1-37628]:main():gmm-est-fmllr.cc:118) Did not find posteriors for utterance 1024_185_r
LOG (ali-to-post[5.5.891~1-37628]:main():ali-to-post.cc:73) Converted 1140 alignments.
LOG (weight-silence-post[5.5.891~1-37628]:main():weight-silence-post.cc:95) Done 1140 posteriors.
LOG (apply-cmvn[5.5.891~1-37628]:main():apply-cmvn.cc:162) Applied cepstral mean normalization to 1144 utterances, errors on 0
LOG (transform-feats[5.5.891~1-37628]:main():transform-feats.cc:158) Overall average [pseudo-]logdet is -90.7687 over 245538 frames.
LOG (transform-feats[5.5.891~1-37628]:main():transform-feats.cc:161) Applied transform to 1144 utterances; 0 had errors.
LOG (gmm-est-fmllr[5.5.891~1-37628]:ComputeFmllrMatrixDiagGmmFull():fmllr-diag-gmm.cc:262) fMLLR objf improvement is 0.437724 per frame over 34335 frames.
LOG (gmm-est-fmllr[5.5.891~1-37628]:main():gmm-est-fmllr.cc:143) For speaker 1024, auxf-impr from fMLLR is 0.437724, over 34335 frames.
LOG (gmm-est-fmllr[5.5.891~1-37628]:main():gmm-est-fmllr.cc:188) Done 1140 files, 4 with no posts, 0 with other errors.
LOG (gmm-est-fmllr[5.5.891~1-37628]:main():gmm-est-fmllr.cc:190) Overall fMLLR auxf impr per frame is 0.462859 over 177109 frames.
# Accounting: time=4 threads=1
# Ended (code 0) at Fri Mar 12 14:58:13 CET 2021, elapsed time 4 seconds
