# ali-to-post "ark:gunzip -c exp/tri3a_ali/pre_ali.2.gz|" ark:- | weight-silence-post 0.0 1:2:3:4:5:6:7:8:9:10:11:12:13:14:15:16:17:18:19:20:21:22:23:24:25:26:27:28:29:30:31:32:33:34:35:36:37:38:39:40:41:42:43:44:45:46:47:48:49:50:51:52:53:54:55:56:57:58:59:60:61:62:63:64:65:66:67:68:69:70:71:72:73:74:75 exp/tri3a/final.mdl ark:- ark:- | gmm-est-fmllr --fmllr-update-type=full --spk2utt=ark:data/train/split2/2/spk2utt exp/tri3a/final.mdl "ark,s,cs:apply-cmvn  --utt2spk=ark:data/train/split2/2/utt2spk scp:data/train/split2/2/cmvn.scp scp:data/train/split2/2/feats.scp ark:- | splice-feats  ark:- ark:- | transform-feats exp/tri3a/final.mat ark:- ark:- |" ark,s,cs:- ark:exp/tri3a_ali/trans.2 
# Started at Fri Mar 12 14:58:09 CET 2021
#
ali-to-post 'ark:gunzip -c exp/tri3a_ali/pre_ali.2.gz|' ark:- 
weight-silence-post 0.0 1:2:3:4:5:6:7:8:9:10:11:12:13:14:15:16:17:18:19:20:21:22:23:24:25:26:27:28:29:30:31:32:33:34:35:36:37:38:39:40:41:42:43:44:45:46:47:48:49:50:51:52:53:54:55:56:57:58:59:60:61:62:63:64:65:66:67:68:69:70:71:72:73:74:75 exp/tri3a/final.mdl ark:- ark:- 
gmm-est-fmllr --fmllr-update-type=full --spk2utt=ark:data/train/split2/2/spk2utt exp/tri3a/final.mdl 'ark,s,cs:apply-cmvn  --utt2spk=ark:data/train/split2/2/utt2spk scp:data/train/split2/2/cmvn.scp scp:data/train/split2/2/feats.scp ark:- | splice-feats  ark:- ark:- | transform-feats exp/tri3a/final.mat ark:- ark:- |' ark,s,cs:- ark:exp/tri3a_ali/trans.2 
transform-feats exp/tri3a/final.mat ark:- ark:- 
apply-cmvn --utt2spk=ark:data/train/split2/2/utt2spk scp:data/train/split2/2/cmvn.scp scp:data/train/split2/2/feats.scp ark:- 
splice-feats ark:- ark:- 
WARNING (gmm-est-fmllr[5.5.891~1-37628]:main():gmm-est-fmllr.cc:118) Did not find posteriors for utterance 1028_280_l
WARNING (gmm-est-fmllr[5.5.891~1-37628]:main():gmm-est-fmllr.cc:118) Did not find posteriors for utterance 1028_280_r
WARNING (gmm-est-fmllr[5.5.891~1-37628]:main():gmm-est-fmllr.cc:118) Did not find posteriors for utterance 1028_344_l
WARNING (gmm-est-fmllr[5.5.891~1-37628]:main():gmm-est-fmllr.cc:118) Did not find posteriors for utterance 1028_344_r
WARNING (gmm-est-fmllr[5.5.891~1-37628]:main():gmm-est-fmllr.cc:118) Did not find posteriors for utterance 1028_365_l
WARNING (gmm-est-fmllr[5.5.891~1-37628]:main():gmm-est-fmllr.cc:118) Did not find posteriors for utterance 1028_365_r
WARNING (gmm-est-fmllr[5.5.891~1-37628]:main():gmm-est-fmllr.cc:118) Did not find posteriors for utterance 1028_379_l
WARNING (gmm-est-fmllr[5.5.891~1-37628]:main():gmm-est-fmllr.cc:118) Did not find posteriors for utterance 1028_379_r
WARNING (gmm-est-fmllr[5.5.891~1-37628]:main():gmm-est-fmllr.cc:118) Did not find posteriors for utterance 1028_402_l
WARNING (gmm-est-fmllr[5.5.891~1-37628]:main():gmm-est-fmllr.cc:118) Did not find posteriors for utterance 1028_402_r
WARNING (gmm-est-fmllr[5.5.891~1-37628]:main():gmm-est-fmllr.cc:118) Did not find posteriors for utterance 1028_422_l
WARNING (gmm-est-fmllr[5.5.891~1-37628]:main():gmm-est-fmllr.cc:118) Did not find posteriors for utterance 1028_422_r
WARNING (gmm-est-fmllr[5.5.891~1-37628]:main():gmm-est-fmllr.cc:118) Did not find posteriors for utterance 1028_433_l
WARNING (gmm-est-fmllr[5.5.891~1-37628]:main():gmm-est-fmllr.cc:118) Did not find posteriors for utterance 1028_433_r
WARNING (gmm-est-fmllr[5.5.891~1-37628]:main():gmm-est-fmllr.cc:118) Did not find posteriors for utterance 1028_445_l
WARNING (gmm-est-fmllr[5.5.891~1-37628]:main():gmm-est-fmllr.cc:118) Did not find posteriors for utterance 1028_445_r
WARNING (gmm-est-fmllr[5.5.891~1-37628]:main():gmm-est-fmllr.cc:118) Did not find posteriors for utterance 1028_450_l
WARNING (gmm-est-fmllr[5.5.891~1-37628]:main():gmm-est-fmllr.cc:118) Did not find posteriors for utterance 1028_450_r
WARNING (gmm-est-fmllr[5.5.891~1-37628]:main():gmm-est-fmllr.cc:118) Did not find posteriors for utterance 1028_451_l
WARNING (gmm-est-fmllr[5.5.891~1-37628]:main():gmm-est-fmllr.cc:118) Did not find posteriors for utterance 1028_451_r
LOG (gmm-est-fmllr[5.5.891~1-37628]:ComputeFmllrMatrixDiagGmmFull():fmllr-diag-gmm.cc:262) fMLLR objf improvement is 0.215837 per frame over 130580 frames.
LOG (gmm-est-fmllr[5.5.891~1-37628]:main():gmm-est-fmllr.cc:143) For speaker 1028, auxf-impr from fMLLR is 0.215837, over 130580 frames.
WARNING (gmm-est-fmllr[5.5.891~1-37628]:main():gmm-est-fmllr.cc:118) Did not find posteriors for utterance 1029_181_l
WARNING (gmm-est-fmllr[5.5.891~1-37628]:main():gmm-est-fmllr.cc:118) Did not find posteriors for utterance 1029_181_r
LOG (gmm-est-fmllr[5.5.891~1-37628]:ComputeFmllrMatrixDiagGmmFull():fmllr-diag-gmm.cc:262) fMLLR objf improvement is 0.290088 per frame over 63005 frames.
LOG (gmm-est-fmllr[5.5.891~1-37628]:main():gmm-est-fmllr.cc:143) For speaker 1029, auxf-impr from fMLLR is 0.290088, over 63005 frames.
LOG (gmm-est-fmllr[5.5.891~1-37628]:ComputeFmllrMatrixDiagGmmFull():fmllr-diag-gmm.cc:262) fMLLR objf improvement is 0.346443 per frame over 49291 frames.
LOG (gmm-est-fmllr[5.5.891~1-37628]:main():gmm-est-fmllr.cc:143) For speaker 1032, auxf-impr from fMLLR is 0.346443, over 49291 frames.
WARNING (gmm-est-fmllr[5.5.891~1-37628]:main():gmm-est-fmllr.cc:118) Did not find posteriors for utterance 1036_454_l
WARNING (gmm-est-fmllr[5.5.891~1-37628]:main():gmm-est-fmllr.cc:118) Did not find posteriors for utterance 1036_454_r
LOG (ali-to-post[5.5.891~1-37628]:main():ali-to-post.cc:73) Converted 1478 alignments.
LOG (weight-silence-post[5.5.891~1-37628]:main():weight-silence-post.cc:95) Done 1478 posteriors.
LOG (apply-cmvn[5.5.891~1-37628]:main():apply-cmvn.cc:162) Applied cepstral mean normalization to 1502 utterances, errors on 0
LOG (transform-feats[5.5.891~1-37628]:main():transform-feats.cc:158) Overall average [pseudo-]logdet is -90.7687 over 491692 frames.
LOG (transform-feats[5.5.891~1-37628]:main():transform-feats.cc:161) Applied transform to 1502 utterances; 0 had errors.
LOG (gmm-est-fmllr[5.5.891~1-37628]:ComputeFmllrMatrixDiagGmmFull():fmllr-diag-gmm.cc:262) fMLLR objf improvement is 0.38023 per frame over 101724 frames.
LOG (gmm-est-fmllr[5.5.891~1-37628]:main():gmm-est-fmllr.cc:143) For speaker 1036, auxf-impr from fMLLR is 0.38023, over 101724 frames.
LOG (gmm-est-fmllr[5.5.891~1-37628]:main():gmm-est-fmllr.cc:188) Done 1478 files, 24 with no posts, 0 with other errors.
LOG (gmm-est-fmllr[5.5.891~1-37628]:main():gmm-est-fmllr.cc:190) Overall fMLLR auxf impr per frame is 0.296622 over 344600 frames.
# Accounting: time=7 threads=1
# Ended (code 0) at Fri Mar 12 14:58:16 CET 2021, elapsed time 7 seconds
