# gunzip -c exp/mono/decode/depth_tmp.*.gz | steps/diagnostic/analyze_lattice_depth_stats.py exp/mono/graph exp/mono/decode/ali_frame_tmp.gz 
# Started at Fri Mar 12 16:40:09 CET 2021
#
The total amount of data analyzed assuming 100 frames per second is 0.0 hours
Overall, lattice depth (10,50,90-percentile)=(51,545,2133) and mean=1020.2
Nonsilence phones as a group account for 60.9% of frames, with lattice depth (10,50,90-percentile)=(59,441,1897) and mean=903.3
Phone SIL accounts for 39.1% of frames, with lattice depth (10,50,90-percentile)=(38,575,5301) and mean=1201.9
Phone aa_E accounts for 9.4% of frames, with lattice depth (10,50,90-percentile)=(64,701,5576) and mean=1387.6
Phone kk_B accounts for 5.5% of frames, with lattice depth (10,50,90-percentile)=(51,165,2491) and mean=907.3
Phone nn_E accounts for 4.6% of frames, with lattice depth (10,50,90-percentile)=(54,251,3015) and mean=925.3
Phone aa_B accounts for 4.1% of frames, with lattice depth (10,50,90-percentile)=(33,568,830) and mean=498.8
Phone ii_E accounts for 3.4% of frames, with lattice depth (10,50,90-percentile)=(42,260,991) and mean=433.8
Phone an_I accounts for 3.1% of frames, with lattice depth (10,50,90-percentile)=(27,606,902) and mean=488.9
Phone aa_I accounts for 2.5% of frames, with lattice depth (10,50,90-percentile)=(65,345,1664) and mean=520.9
Phone an_B accounts for 2.5% of frames, with lattice depth (10,50,90-percentile)=(208,251,4570) and mean=1260.8
Phone nn_B accounts for 2.3% of frames, with lattice depth (10,50,90-percentile)=(30,106,1678) and mean=630.3
Phone ss_B accounts for 1.6% of frames, with lattice depth (10,50,90-percentile)=(180,1009,6043) and mean=2832.3
Phone tt_B accounts for 1.5% of frames, with lattice depth (10,50,90-percentile)=(11,226,244) and mean=176.2
Phone tt_I accounts for 1.5% of frames, with lattice depth (10,50,90-percentile)=(642,855,864) and mean=766.8
Phone on_S accounts for 1.3% of frames, with lattice depth (10,50,90-percentile)=(1342,1544,1654) and mean=1507.8
Phone ii_I accounts for 1.2% of frames, with lattice depth (10,50,90-percentile)=(323,416,1384) and mean=798.5
Phone ss_I accounts for 1.1% of frames, with lattice depth (10,50,90-percentile)=(501,972,1534) and mean=1041.7
Phone pp_B accounts for 1.1% of frames, with lattice depth (10,50,90-percentile)=(33,142,2264) and mean=616.8
Phone dd_B accounts for 1.0% of frames, with lattice depth (10,50,90-percentile)=(61,1413,1454) and mean=1078.7
Phone pp_I accounts for 0.9% of frames, with lattice depth (10,50,90-percentile)=(67,206,384) and mean=222.0
Phone on_I accounts for 0.9% of frames, with lattice depth (10,50,90-percentile)=(263,272,967) and mean=481.4
Phone yy_I accounts for 0.8% of frames, with lattice depth (10,50,90-percentile)=(838,982,1470) and mean=1126.3
Phone ai_B accounts for 0.8% of frames, with lattice depth (10,50,90-percentile)=(369,384,996) and mean=627.0
Phone ll_B accounts for 0.8% of frames, with lattice depth (10,50,90-percentile)=(437,840,5609) and mean=1591.4
Phone jj_B accounts for 0.7% of frames, with lattice depth (10,50,90-percentile)=(550,557,567) and mean=558.9
Phone vv_E accounts for 0.7% of frames, with lattice depth (10,50,90-percentile)=(416,416,416) and mean=416.0
Phone ou_S accounts for 0.6% of frames, with lattice depth (10,50,90-percentile)=(26,38,807) and mean=281.9
# Accounting: time=0 threads=1
# Ended (code 0) at Fri Mar 12 16:40:09 CET 2021, elapsed time 0 seconds
