# lattice-best-path --lm-scale=9 --word-symbol-table=exp/mono/graph/words.txt "ark:gunzip -c exp/mono/decode/lat.*.gz|" ark,t:exp/mono/decode/scoring/9.tra 
# Started at Fri Mar 12 16:40:09 CET 2021
#
lattice-best-path --lm-scale=9 --word-symbol-table=exp/mono/graph/words.txt 'ark:gunzip -c exp/mono/decode/lat.*.gz|' ark,t:exp/mono/decode/scoring/9.tra 
LOG (lattice-best-path[5.5.891~1-37628]:main():lattice-best-path.cc:99) For utterance 1041_100, best cost 164.374 + 8866.51 = 9030.88 over 87 frames.
1041_100 adan direksyon 
LOG (lattice-best-path[5.5.891~1-37628]:main():lattice-best-path.cc:99) For utterance 1041_106, best cost 303.81 + 14239.8 = 14543.6 over 142 frames.
1041_106 ka moun kapab ké 
LOG (lattice-best-path[5.5.891~1-37628]:main():lattice-best-path.cc:99) For utterance 1041_108, best cost 528.003 + 36896.8 = 37424.8 over 382 frames.
1041_108 ka tann an ké ou ka tann an kay téré 
LOG (lattice-best-path[5.5.891~1-37628]:main():lattice-best-path.cc:99) For utterance 1041_42, best cost 349.533 + 26635.4 = 26985 over 276 frames.
1041_42 ni plas an lè jou rivé 
LOG (lattice-best-path[5.5.891~1-37628]:main():lattice-best-path.cc:99) For utterance 1041_50, best cost 375.014 + 28107.5 = 28482.6 over 285 frames.
1041_50 gras ké diw poukwa ou pa ay 
LOG (lattice-best-path[5.5.891~1-37628]:main():lattice-best-path.cc:99) For utterance 1041_56, best cost 538.607 + 28785.6 = 29324.2 over 284 frames.
1041_56 té ka la on on kapab ké on on 
LOG (lattice-best-path[5.5.891~1-37628]:main():lattice-best-path.cc:99) For utterance 1041_67, best cost 155.411 + 9019.04 = 9174.45 over 94 frames.
1041_67 ou ka di 
LOG (lattice-best-path[5.5.891~1-37628]:main():lattice-best-path.cc:99) For utterance 1041_71, best cost 798.546 + 48001.8 = 48800.3 over 498 frames.
1041_71 on on ni plas an la sa sa ka ka an ka kay 
LOG (lattice-best-path[5.5.891~1-37628]:main():lattice-best-path.cc:99) For utterance 1041_82, best cost 604.157 + 37550.9 = 38155 over 383 frames.
1041_82 ni an pa ka respékté la avan adan saw ka tann 
LOG (lattice-best-path[5.5.891~1-37628]:main():lattice-best-path.cc:99) For utterance 1041_88, best cost 453.729 + 25400.3 = 25854 over 251 frames.
1041_88 ka fè sa la sa kwa laplipa 
LOG (lattice-best-path[5.5.891~1-37628]:main():lattice-best-path.cc:124) Overall cost per frame is 99.8415 = 1.59254 [graph] + 98.249 [acoustic] over 2682 frames.
LOG (lattice-best-path[5.5.891~1-37628]:main():lattice-best-path.cc:128) Done 10 lattices, failed for 0
# Accounting: time=1 threads=1
# Ended (code 0) at Fri Mar 12 16:40:10 CET 2021, elapsed time 1 seconds
