# lattice-best-path --lm-scale=8 --word-symbol-table=exp/mono/graph/words.txt "ark:gunzip -c exp/mono/decode/lat.*.gz|" ark,t:exp/mono/decode/scoring/8.tra 
# Started at Fri Mar 12 16:40:09 CET 2021
#
lattice-best-path --lm-scale=8 --word-symbol-table=exp/mono/graph/words.txt 'ark:gunzip -c exp/mono/decode/lat.*.gz|' ark,t:exp/mono/decode/scoring/8.tra 
LOG (lattice-best-path[5.5.891~1-37628]:main():lattice-best-path.cc:99) For utterance 1041_100, best cost 204.098 + 8805.08 = 9009.18 over 87 frames.
1041_100 an an ivèr yo 
LOG (lattice-best-path[5.5.891~1-37628]:main():lattice-best-path.cc:99) For utterance 1041_106, best cost 270.053 + 14239.8 = 14509.9 over 142 frames.
1041_106 ka moun kapab ké 
LOG (lattice-best-path[5.5.891~1-37628]:main():lattice-best-path.cc:99) For utterance 1041_108, best cost 509.925 + 36856 = 37365.9 over 382 frames.
1041_108 ka tann ou ka nou kont anfèt an kay téré 
LOG (lattice-best-path[5.5.891~1-37628]:main():lattice-best-path.cc:99) For utterance 1041_42, best cost 310.696 + 26635.4 = 26946.1 over 276 frames.
1041_42 ni plas an lè jou rivé 
LOG (lattice-best-path[5.5.891~1-37628]:main():lattice-best-path.cc:99) For utterance 1041_50, best cost 360.244 + 28078.2 = 28438.4 over 285 frames.
1041_50 gras apré midi la ou pa ay 
LOG (lattice-best-path[5.5.891~1-37628]:main():lattice-best-path.cc:99) For utterance 1041_56, best cost 478.762 + 28785.6 = 29264.3 over 284 frames.
1041_56 té ka la on on kapab ké on on 
LOG (lattice-best-path[5.5.891~1-37628]:main():lattice-best-path.cc:99) For utterance 1041_67, best cost 138.143 + 9019.04 = 9157.19 over 94 frames.
1041_67 ou ka di 
LOG (lattice-best-path[5.5.891~1-37628]:main():lattice-best-path.cc:99) For utterance 1041_71, best cost 740.222 + 47971.1 = 48711.3 over 498 frames.
1041_71 on on ni plas an la sa sa ka ka moun ka kay 
LOG (lattice-best-path[5.5.891~1-37628]:main():lattice-best-path.cc:99) For utterance 1041_82, best cost 576.978 + 37507.2 = 38084.2 over 383 frames.
1041_82 ni an pa ka sé pou la avan adan saw ka tann 
LOG (lattice-best-path[5.5.891~1-37628]:main():lattice-best-path.cc:99) For utterance 1041_88, best cost 527.272 + 25270.2 = 25797.5 over 251 frames.
1041_88 ka pansé ké i sòti la sa kwa aktyèlman an ka 
LOG (lattice-best-path[5.5.891~1-37628]:main():lattice-best-path.cc:124) Overall cost per frame is 99.6585 = 1.53482 [graph] + 98.1237 [acoustic] over 2682 frames.
LOG (lattice-best-path[5.5.891~1-37628]:main():lattice-best-path.cc:128) Done 10 lattices, failed for 0
# Accounting: time=1 threads=1
# Ended (code 0) at Fri Mar 12 16:40:10 CET 2021, elapsed time 1 seconds
