# lattice-best-path --lm-scale=14 --word-symbol-table=exp/mono/graph/words.txt "ark:gunzip -c exp/mono/decode/lat.*.gz|" ark,t:exp/mono/decode/scoring/14.tra 
# Started at Fri Mar 12 16:40:09 CET 2021
#
lattice-best-path --lm-scale=14 --word-symbol-table=exp/mono/graph/words.txt 'ark:gunzip -c exp/mono/decode/lat.*.gz|' ark,t:exp/mono/decode/scoring/14.tra 
LOG (lattice-best-path[5.5.891~1-37628]:main():lattice-best-path.cc:99) For utterance 1041_100, best cost 255.693 + 8866.51 = 9122.2 over 87 frames.
1041_100 adan direksyon 
LOG (lattice-best-path[5.5.891~1-37628]:main():lattice-best-path.cc:99) For utterance 1041_106, best cost 428.911 + 14277.8 = 14706.7 over 142 frames.
1041_106 ka tann kapab ké 
LOG (lattice-best-path[5.5.891~1-37628]:main():lattice-best-path.cc:99) For utterance 1041_108, best cost 701.481 + 37011.8 = 37713.2 over 382 frames.
1041_108 ka tann an pa ka tann an ka gadé 
LOG (lattice-best-path[5.5.891~1-37628]:main():lattice-best-path.cc:99) For utterance 1041_42, best cost 531.627 + 26646.2 = 27177.9 over 276 frames.
1041_42 ni plas an ka vin 
LOG (lattice-best-path[5.5.891~1-37628]:main():lattice-best-path.cc:99) For utterance 1041_50, best cost 583.355 + 28107.5 = 28690.9 over 285 frames.
1041_50 gras ké diw poukwa ou pa ay 
LOG (lattice-best-path[5.5.891~1-37628]:main():lattice-best-path.cc:99) For utterance 1041_56, best cost 512.008 + 29027.3 = 29539.3 over 284 frames.
1041_56 tou sa an ka kado apa 
LOG (lattice-best-path[5.5.891~1-37628]:main():lattice-best-path.cc:99) For utterance 1041_67, best cost 241.751 + 9019.04 = 9260.79 over 94 frames.
1041_67 ou ka di 
LOG (lattice-best-path[5.5.891~1-37628]:main():lattice-best-path.cc:99) For utterance 1041_71, best cost 990.333 + 48198.4 = 49188.7 over 498 frames.
1041_71 on on youniti kon la sa sa an ka menm ki 
LOG (lattice-best-path[5.5.891~1-37628]:main():lattice-best-path.cc:99) For utterance 1041_82, best cost 840.764 + 37625 = 38465.8 over 383 frames.
1041_82 ni sé konsa an la avan adan pa ka tann 
LOG (lattice-best-path[5.5.891~1-37628]:main():lattice-best-path.cc:99) For utterance 1041_88, best cost 519.446 + 25570.1 = 26089.6 over 251 frames.
1041_88 sé on mask a laplipa 
LOG (lattice-best-path[5.5.891~1-37628]:main():lattice-best-path.cc:124) Overall cost per frame is 100.654 = 2.09 [graph] + 98.5644 [acoustic] over 2682 frames.
LOG (lattice-best-path[5.5.891~1-37628]:main():lattice-best-path.cc:128) Done 10 lattices, failed for 0
# Accounting: time=1 threads=1
# Ended (code 0) at Fri Mar 12 16:40:10 CET 2021, elapsed time 1 seconds
