# lattice-best-path --lm-scale=11 --word-symbol-table=exp/mono/graph/words.txt "ark:gunzip -c exp/mono/decode/lat.*.gz|" ark,t:exp/mono/decode/scoring/11.tra 
# Started at Fri Mar 12 16:40:09 CET 2021
#
lattice-best-path --lm-scale=11 --word-symbol-table=exp/mono/graph/words.txt 'ark:gunzip -c exp/mono/decode/lat.*.gz|' ark,t:exp/mono/decode/scoring/11.tra 
LOG (lattice-best-path[5.5.891~1-37628]:main():lattice-best-path.cc:99) For utterance 1041_100, best cost 200.902 + 8866.51 = 9067.41 over 87 frames.
1041_100 adan direksyon 
LOG (lattice-best-path[5.5.891~1-37628]:main():lattice-best-path.cc:99) For utterance 1041_106, best cost 371.323 + 14239.8 = 14611.1 over 142 frames.
1041_106 ka moun kapab ké 
LOG (lattice-best-path[5.5.891~1-37628]:main():lattice-best-path.cc:99) For utterance 1041_108, best cost 645.337 + 36896.8 = 37542.2 over 382 frames.
1041_108 ka tann an ké ou ka tann an kay téré 
LOG (lattice-best-path[5.5.891~1-37628]:main():lattice-best-path.cc:99) For utterance 1041_42, best cost 427.207 + 26635.4 = 27062.6 over 276 frames.
1041_42 ni plas an lè jou rivé 
LOG (lattice-best-path[5.5.891~1-37628]:main():lattice-best-path.cc:99) For utterance 1041_50, best cost 458.351 + 28107.5 = 28565.9 over 285 frames.
1041_50 gras ké diw poukwa ou pa ay 
LOG (lattice-best-path[5.5.891~1-37628]:main():lattice-best-path.cc:99) For utterance 1041_56, best cost 438.111 + 28982.2 = 29420.3 over 284 frames.
1041_56 té ka konstaté kado apa 
LOG (lattice-best-path[5.5.891~1-37628]:main():lattice-best-path.cc:99) For utterance 1041_67, best cost 189.947 + 9019.04 = 9208.99 over 94 frames.
1041_67 ou ka di 
LOG (lattice-best-path[5.5.891~1-37628]:main():lattice-best-path.cc:99) For utterance 1041_71, best cost 933.961 + 48039.7 = 48973.7 over 498 frames.
1041_71 on on ni plas an la sa sa an ka an ka kay 
LOG (lattice-best-path[5.5.891~1-37628]:main():lattice-best-path.cc:99) For utterance 1041_82, best cost 685.698 + 37594.8 = 38280.5 over 383 frames.
1041_82 ni sé konsa an la avan adan saw ka tann 
LOG (lattice-best-path[5.5.891~1-37628]:main():lattice-best-path.cc:99) For utterance 1041_88, best cost 509.854 + 25441.8 = 25951.7 over 251 frames.
1041_88 ka fè sa la sa koumansé entrigé mwen 
LOG (lattice-best-path[5.5.891~1-37628]:main():lattice-best-path.cc:124) Overall cost per frame is 100.181 = 1.81234 [graph] + 98.3683 [acoustic] over 2682 frames.
LOG (lattice-best-path[5.5.891~1-37628]:main():lattice-best-path.cc:128) Done 10 lattices, failed for 0
# Accounting: time=1 threads=1
# Ended (code 0) at Fri Mar 12 16:40:10 CET 2021, elapsed time 1 seconds
