# lattice-best-path --lm-scale=12 --word-symbol-table=exp/mono/graph/words.txt "ark:gunzip -c exp/mono/decode/lat.*.gz|" ark,t:exp/mono/decode/scoring/12.tra 
# Started at Fri Mar 12 16:40:09 CET 2021
#
lattice-best-path --lm-scale=12 --word-symbol-table=exp/mono/graph/words.txt 'ark:gunzip -c exp/mono/decode/lat.*.gz|' ark,t:exp/mono/decode/scoring/12.tra 
LOG (lattice-best-path[5.5.891~1-37628]:main():lattice-best-path.cc:99) For utterance 1041_100, best cost 219.166 + 8866.51 = 9085.67 over 87 frames.
1041_100 adan direksyon 
LOG (lattice-best-path[5.5.891~1-37628]:main():lattice-best-path.cc:99) For utterance 1041_106, best cost 405.08 + 14239.8 = 14644.9 over 142 frames.
1041_106 ka moun kapab ké 
LOG (lattice-best-path[5.5.891~1-37628]:main():lattice-best-path.cc:99) For utterance 1041_108, best cost 704.004 + 36896.8 = 37600.8 over 382 frames.
1041_108 ka tann an ké ou ka tann an kay téré 
LOG (lattice-best-path[5.5.891~1-37628]:main():lattice-best-path.cc:99) For utterance 1041_42, best cost 466.044 + 26635.4 = 27101.5 over 276 frames.
1041_42 ni plas an lè jou rivé 
LOG (lattice-best-path[5.5.891~1-37628]:main():lattice-best-path.cc:99) For utterance 1041_50, best cost 500.019 + 28107.5 = 28607.6 over 285 frames.
1041_50 gras ké diw poukwa ou pa ay 
LOG (lattice-best-path[5.5.891~1-37628]:main():lattice-best-path.cc:99) For utterance 1041_56, best cost 477.94 + 28982.2 = 29460.2 over 284 frames.
1041_56 té ka konstaté kado apa 
LOG (lattice-best-path[5.5.891~1-37628]:main():lattice-best-path.cc:99) For utterance 1041_67, best cost 207.215 + 9019.04 = 9226.26 over 94 frames.
1041_67 ou ka di 
LOG (lattice-best-path[5.5.891~1-37628]:main():lattice-best-path.cc:99) For utterance 1041_71, best cost 848.857 + 48198.4 = 49047.2 over 498 frames.
1041_71 on on youniti kon la sa sa an ka menm ki 
LOG (lattice-best-path[5.5.891~1-37628]:main():lattice-best-path.cc:99) For utterance 1041_82, best cost 748.035 + 37594.8 = 38342.8 over 383 frames.
1041_82 ni sé konsa an la avan adan saw ka tann 
LOG (lattice-best-path[5.5.891~1-37628]:main():lattice-best-path.cc:99) For utterance 1041_88, best cost 556.204 + 25441.8 = 25998 over 251 frames.
1041_88 ka fè sa la sa koumansé entrigé mwen 
LOG (lattice-best-path[5.5.891~1-37628]:main():lattice-best-path.cc:124) Overall cost per frame is 100.341 = 1.91371 [graph] + 98.4274 [acoustic] over 2682 frames.
LOG (lattice-best-path[5.5.891~1-37628]:main():lattice-best-path.cc:128) Done 10 lattices, failed for 0
# Accounting: time=1 threads=1
# Ended (code 0) at Fri Mar 12 16:40:10 CET 2021, elapsed time 1 seconds
