# lattice-best-path --lm-scale=10 --word-symbol-table=exp/mono/graph/words.txt "ark:gunzip -c exp/mono/decode/lat.*.gz|" ark,t:exp/mono/decode/scoring/10.tra 
# Started at Fri Mar 12 16:40:09 CET 2021
#
lattice-best-path --lm-scale=10 --word-symbol-table=exp/mono/graph/words.txt 'ark:gunzip -c exp/mono/decode/lat.*.gz|' ark,t:exp/mono/decode/scoring/10.tra 
LOG (lattice-best-path[5.5.891~1-37628]:main():lattice-best-path.cc:99) For utterance 1041_100, best cost 182.638 + 8866.51 = 9049.15 over 87 frames.
1041_100 adan direksyon 
LOG (lattice-best-path[5.5.891~1-37628]:main():lattice-best-path.cc:99) For utterance 1041_106, best cost 337.567 + 14239.8 = 14577.4 over 142 frames.
1041_106 ka moun kapab ké 
LOG (lattice-best-path[5.5.891~1-37628]:main():lattice-best-path.cc:99) For utterance 1041_108, best cost 586.67 + 36896.8 = 37483.5 over 382 frames.
1041_108 ka tann an ké ou ka tann an kay téré 
LOG (lattice-best-path[5.5.891~1-37628]:main():lattice-best-path.cc:99) For utterance 1041_42, best cost 388.37 + 26635.4 = 27023.8 over 276 frames.
1041_42 ni plas an lè jou rivé 
LOG (lattice-best-path[5.5.891~1-37628]:main():lattice-best-path.cc:99) For utterance 1041_50, best cost 416.682 + 28107.5 = 28524.2 over 285 frames.
1041_50 gras ké diw poukwa ou pa ay 
LOG (lattice-best-path[5.5.891~1-37628]:main():lattice-best-path.cc:99) For utterance 1041_56, best cost 443.871 + 28932.5 = 29376.4 over 284 frames.
1041_56 té ka konstaté aktyèlman abon an 
LOG (lattice-best-path[5.5.891~1-37628]:main():lattice-best-path.cc:99) For utterance 1041_67, best cost 172.679 + 9019.04 = 9191.72 over 94 frames.
1041_67 ou ka di 
LOG (lattice-best-path[5.5.891~1-37628]:main():lattice-best-path.cc:99) For utterance 1041_71, best cost 849.056 + 48039.7 = 48888.8 over 498 frames.
1041_71 on on ni plas an la sa sa an ka an ka kay 
LOG (lattice-best-path[5.5.891~1-37628]:main():lattice-best-path.cc:99) For utterance 1041_82, best cost 623.362 + 37594.8 = 38218.2 over 383 frames.
1041_82 ni sé konsa an la avan adan saw ka tann 
LOG (lattice-best-path[5.5.891~1-37628]:main():lattice-best-path.cc:99) For utterance 1041_88, best cost 504.143 + 25400.3 = 25904.4 over 251 frames.
1041_88 ka fè sa la sa kwa laplipa 
LOG (lattice-best-path[5.5.891~1-37628]:main():lattice-best-path.cc:124) Overall cost per frame is 100.014 = 1.67973 [graph] + 98.3342 [acoustic] over 2682 frames.
LOG (lattice-best-path[5.5.891~1-37628]:main():lattice-best-path.cc:128) Done 10 lattices, failed for 0
# Accounting: time=1 threads=1
# Ended (code 0) at Fri Mar 12 16:40:10 CET 2021, elapsed time 1 seconds
