# lattice-best-path --lm-scale=14 --word-symbol-table=exp/tri4a/graph/words.txt "ark:gunzip -c exp/tri4a/decode.si/lat.*.gz|" ark,t:exp/tri4a/decode.si/scoring/14.tra 
# Started at Fri Mar 12 16:42:32 CET 2021
#
lattice-best-path --lm-scale=14 --word-symbol-table=exp/tri4a/graph/words.txt 'ark:gunzip -c exp/tri4a/decode.si/lat.*.gz|' ark,t:exp/tri4a/decode.si/scoring/14.tra 
LOG (lattice-best-path[5.5.891~1-37628]:main():lattice-best-path.cc:99) For utterance 1041_100, best cost 220.269 + 5550.15 = 5770.42 over 87 frames.
1041_100 men kon 
LOG (lattice-best-path[5.5.891~1-37628]:main():lattice-best-path.cc:99) For utterance 1041_106, best cost 359.171 + 8999.88 = 9359.05 over 142 frames.
1041_106 ké ou ka palé 
LOG (lattice-best-path[5.5.891~1-37628]:main():lattice-best-path.cc:99) For utterance 1041_108, best cost 719.381 + 23957.9 = 24677.2 over 382 frames.
1041_108 ka tann an ka mwen ou ka anvi 
LOG (lattice-best-path[5.5.891~1-37628]:main():lattice-best-path.cc:99) For utterance 1041_42, best cost 387.159 + 17193.2 = 17580.3 over 276 frames.
1041_42 ki kanmen ki 
LOG (lattice-best-path[5.5.891~1-37628]:main():lattice-best-path.cc:99) For utterance 1041_50, best cost 481.209 + 17800 = 18281.2 over 285 frames.
1041_50 ké diw poukwa ou pa ay 
LOG (lattice-best-path[5.5.891~1-37628]:main():lattice-best-path.cc:99) For utterance 1041_56, best cost 560.068 + 19068.8 = 19628.8 over 284 frames.
1041_56 pétèt adan apré adan 
LOG (lattice-best-path[5.5.891~1-37628]:main():lattice-best-path.cc:99) For utterance 1041_67, best cost 241.451 + 5590.02 = 5831.47 over 94 frames.
1041_67 ou ka tann 
LOG (lattice-best-path[5.5.891~1-37628]:main():lattice-best-path.cc:99) For utterance 1041_71, best cost 963.023 + 30452.6 = 31415.6 over 498 frames.
1041_71 abon an atandan sa tou sa an ka poukwa ou pa ay 
LOG (lattice-best-path[5.5.891~1-37628]:main():lattice-best-path.cc:99) For utterance 1041_82, best cost 821.666 + 23666.1 = 24487.8 over 383 frames.
1041_82 té ka sesi poukwa ou pa ay pou sa ka tann 
LOG (lattice-best-path[5.5.891~1-37628]:main():lattice-best-path.cc:99) For utterance 1041_88, best cost 567.372 + 16435.5 = 17002.9 over 251 frames.
1041_88 tou sa an pa ka tann ou ka 
LOG (lattice-best-path[5.5.891~1-37628]:main():lattice-best-path.cc:124) Overall cost per frame is 64.89 = 1.98388 [graph] + 62.9061 [acoustic] over 2682 frames.
LOG (lattice-best-path[5.5.891~1-37628]:main():lattice-best-path.cc:128) Done 10 lattices, failed for 0
# Accounting: time=0 threads=1
# Ended (code 0) at Fri Mar 12 16:42:32 CET 2021, elapsed time 0 seconds
