# lattice-best-path --lm-scale=10 --word-symbol-table=exp/tri4a/graph/words.txt "ark:gunzip -c exp/tri4a/decode.si/lat.*.gz|" ark,t:exp/tri4a/decode.si/scoring/10.tra 
# Started at Fri Mar 12 16:42:32 CET 2021
#
lattice-best-path --lm-scale=10 --word-symbol-table=exp/tri4a/graph/words.txt 'ark:gunzip -c exp/tri4a/decode.si/lat.*.gz|' ark,t:exp/tri4a/decode.si/scoring/10.tra 
LOG (lattice-best-path[5.5.891~1-37628]:main():lattice-best-path.cc:99) For utterance 1041_100, best cost 186.648 + 5510.63 = 5697.28 over 87 frames.
1041_100 men ou 
LOG (lattice-best-path[5.5.891~1-37628]:main():lattice-best-path.cc:99) For utterance 1041_106, best cost 256.55 + 8999.88 = 9256.43 over 142 frames.
1041_106 ké ou ka palé 
LOG (lattice-best-path[5.5.891~1-37628]:main():lattice-best-path.cc:99) For utterance 1041_108, best cost 591.86 + 23871.6 = 24463.5 over 382 frames.
1041_108 ka tann an mévèy santé manjé diw poukwa ka di 
LOG (lattice-best-path[5.5.891~1-37628]:main():lattice-best-path.cc:99) For utterance 1041_42, best cost 322.024 + 17142.2 = 17464.2 over 276 frames.
1041_42 ni matyè kon 
LOG (lattice-best-path[5.5.891~1-37628]:main():lattice-best-path.cc:99) For utterance 1041_50, best cost 381.879 + 17749.3 = 18131.2 over 285 frames.
1041_50 zot ké diw poukwa ou pa ay 
LOG (lattice-best-path[5.5.891~1-37628]:main():lattice-best-path.cc:99) For utterance 1041_56, best cost 498.555 + 18967.5 = 19466.1 over 284 frames.
1041_56 pa ay pou nou ka pé pa ka tann 
LOG (lattice-best-path[5.5.891~1-37628]:main():lattice-best-path.cc:99) For utterance 1041_67, best cost 172.465 + 5590.02 = 5762.48 over 94 frames.
1041_67 ou ka tann 
LOG (lattice-best-path[5.5.891~1-37628]:main():lattice-best-path.cc:99) For utterance 1041_71, best cost 737.948 + 30385 = 31122.9 over 498 frames.
1041_71 abon an atandan sa tout sa ka ka poukwa ou pa ay 
LOG (lattice-best-path[5.5.891~1-37628]:main():lattice-best-path.cc:99) For utterance 1041_82, best cost 674.742 + 23567 = 24241.8 over 383 frames.
1041_82 té ka sijè tout moun la ka tou sa ka tann 
LOG (lattice-best-path[5.5.891~1-37628]:main():lattice-best-path.cc:99) For utterance 1041_88, best cost 515.695 + 16313.2 = 16828.9 over 251 frames.
1041_88 ka dansé si sé pa ka sa koumansé 
LOG (lattice-best-path[5.5.891~1-37628]:main():lattice-best-path.cc:124) Overall cost per frame is 64.2933 = 1.61759 [graph] + 62.6757 [acoustic] over 2682 frames.
LOG (lattice-best-path[5.5.891~1-37628]:main():lattice-best-path.cc:128) Done 10 lattices, failed for 0
# Accounting: time=0 threads=1
# Ended (code 0) at Fri Mar 12 16:42:32 CET 2021, elapsed time 0 seconds
