# lattice-best-path --lm-scale=16 --word-symbol-table=exp/tri4a/graph/words.txt "ark:gunzip -c exp/tri4a/decode.si/lat.*.gz|" ark,t:exp/tri4a/decode.si/scoring/16.tra 
# Started at Fri Mar 12 16:42:32 CET 2021
#
lattice-best-path --lm-scale=16 --word-symbol-table=exp/tri4a/graph/words.txt 'ark:gunzip -c exp/tri4a/decode.si/lat.*.gz|' ark,t:exp/tri4a/decode.si/scoring/16.tra 
LOG (lattice-best-path[5.5.891~1-37628]:main():lattice-best-path.cc:99) For utterance 1041_100, best cost 251.736 + 5550.15 = 5801.89 over 87 frames.
1041_100 men kon 
LOG (lattice-best-path[5.5.891~1-37628]:main():lattice-best-path.cc:99) For utterance 1041_106, best cost 410.481 + 8999.88 = 9410.36 over 142 frames.
1041_106 ké ou ka palé 
LOG (lattice-best-path[5.5.891~1-37628]:main():lattice-best-path.cc:99) For utterance 1041_108, best cost 776.584 + 24001.6 = 24778.2 over 382 frames.
1041_108 ka tann an pa ka tann ou ka anvi 
LOG (lattice-best-path[5.5.891~1-37628]:main():lattice-best-path.cc:99) For utterance 1041_42, best cost 442.468 + 17193.2 = 17635.6 over 276 frames.
1041_42 ki kanmen ki 
LOG (lattice-best-path[5.5.891~1-37628]:main():lattice-best-path.cc:99) For utterance 1041_50, best cost 549.953 + 17800 = 18350 over 285 frames.
1041_50 ké diw poukwa ou pa ay 
LOG (lattice-best-path[5.5.891~1-37628]:main():lattice-best-path.cc:99) For utterance 1041_56, best cost 598.127 + 19108.9 = 19707 over 284 frames.
1041_56 pétèt adan apré an 
LOG (lattice-best-path[5.5.891~1-37628]:main():lattice-best-path.cc:99) For utterance 1041_67, best cost 275.944 + 5590.02 = 5865.96 over 94 frames.
1041_67 ou ka tann 
LOG (lattice-best-path[5.5.891~1-37628]:main():lattice-best-path.cc:99) For utterance 1041_71, best cost 1025.62 + 30521.7 = 31547.3 over 498 frames.
1041_71 abon an atandan sa tout sa poukwa ou pa ay 
LOG (lattice-best-path[5.5.891~1-37628]:main():lattice-best-path.cc:99) For utterance 1041_82, best cost 729.273 + 23852.5 = 24581.8 over 383 frames.
1041_82 té ka sesi poukwa ou pa ka tann 
LOG (lattice-best-path[5.5.891~1-37628]:main():lattice-best-path.cc:99) For utterance 1041_88, best cost 648.425 + 16435.5 = 17084 over 251 frames.
1041_88 tou sa an pa ka tann ou ka 
LOG (lattice-best-path[5.5.891~1-37628]:main():lattice-best-path.cc:124) Overall cost per frame is 65.1611 = 2.12849 [graph] + 63.0326 [acoustic] over 2682 frames.
LOG (lattice-best-path[5.5.891~1-37628]:main():lattice-best-path.cc:128) Done 10 lattices, failed for 0
# Accounting: time=0 threads=1
# Ended (code 0) at Fri Mar 12 16:42:32 CET 2021, elapsed time 0 seconds
