# lattice-best-path --lm-scale=7 --word-symbol-table=exp/tri4a/graph/words.txt "ark:gunzip -c exp/tri4a/decode.si/lat.*.gz|" ark,t:exp/tri4a/decode.si/scoring/7.tra 
# Started at Fri Mar 12 16:42:32 CET 2021
#
lattice-best-path --lm-scale=7 --word-symbol-table=exp/tri4a/graph/words.txt 'ark:gunzip -c exp/tri4a/decode.si/lat.*.gz|' ark,t:exp/tri4a/decode.si/scoring/7.tra 
LOG (lattice-best-path[5.5.891~1-37628]:main():lattice-best-path.cc:99) For utterance 1041_100, best cost 130.653 + 5510.63 = 5641.29 over 87 frames.
1041_100 men ou 
LOG (lattice-best-path[5.5.891~1-37628]:main():lattice-best-path.cc:99) For utterance 1041_106, best cost 240.027 + 8938.6 = 9178.63 over 142 frames.
1041_106 ké ou ka palé sa 
LOG (lattice-best-path[5.5.891~1-37628]:main():lattice-best-path.cc:99) For utterance 1041_108, best cost 438.479 + 23846.3 = 24284.8 over 382 frames.
1041_108 ka tann an mévèy santé manjé dé poukwa ka di 
LOG (lattice-best-path[5.5.891~1-37628]:main():lattice-best-path.cc:99) For utterance 1041_42, best cost 309.824 + 17036.6 = 17346.4 over 276 frames.
1041_42 nou pèp ki kanmen ki dè dévlopman 
LOG (lattice-best-path[5.5.891~1-37628]:main():lattice-best-path.cc:99) For utterance 1041_50, best cost 275.683 + 17738.8 = 18014.5 over 285 frames.
1041_50 mè ké diw poukwa ou pa ay 
LOG (lattice-best-path[5.5.891~1-37628]:main():lattice-best-path.cc:99) For utterance 1041_56, best cost 379.345 + 18931.9 = 19311.3 over 284 frames.
1041_56 pé pa ay fè moun té ka pé pa ka tann 
LOG (lattice-best-path[5.5.891~1-37628]:main():lattice-best-path.cc:99) For utterance 1041_67, best cost 134.098 + 5575.02 = 5709.11 over 94 frames.
1041_67 an pa ka tann 
LOG (lattice-best-path[5.5.891~1-37628]:main():lattice-best-path.cc:99) For utterance 1041_71, best cost 568.369 + 30332.4 = 30900.8 over 498 frames.
1041_71 abon ni tou sa an ka sa tout sa ka ka poukwa ou pa ay 
LOG (lattice-best-path[5.5.891~1-37628]:main():lattice-best-path.cc:99) For utterance 1041_82, best cost 472.32 + 23567 = 24039.3 over 383 frames.
1041_82 té ka sijè tout moun la ka tou sa ka tann 
LOG (lattice-best-path[5.5.891~1-37628]:main():lattice-best-path.cc:99) For utterance 1041_88, best cost 420.13 + 16247.1 = 16667.2 over 251 frames.
1041_88 ka dansé si sé paské la sa pou nou ka 
LOG (lattice-best-path[5.5.891~1-37628]:main():lattice-best-path.cc:124) Overall cost per frame is 63.7932 = 1.25613 [graph] + 62.5371 [acoustic] over 2682 frames.
LOG (lattice-best-path[5.5.891~1-37628]:main():lattice-best-path.cc:128) Done 10 lattices, failed for 0
# Accounting: time=0 threads=1
# Ended (code 0) at Fri Mar 12 16:42:32 CET 2021, elapsed time 0 seconds
