# lattice-best-path --lm-scale=12 --word-symbol-table=exp/tri2/graph/words.txt "ark:gunzip -c exp/tri2/decode/lat.*.gz|" ark,t:exp/tri2/decode/scoring/12.tra 
# Started at Fri Mar 12 16:41:09 CET 2021
#
lattice-best-path --lm-scale=12 --word-symbol-table=exp/tri2/graph/words.txt 'ark:gunzip -c exp/tri2/decode/lat.*.gz|' ark,t:exp/tri2/decode/scoring/12.tra 
LOG (lattice-best-path[5.5.891~1-37628]:main():lattice-best-path.cc:99) For utterance 1041_100, best cost 207.749 + 8911.08 = 9118.83 over 87 frames.
1041_100 kanmem plis 
LOG (lattice-best-path[5.5.891~1-37628]:main():lattice-best-path.cc:99) For utterance 1041_106, best cost 341.584 + 14416.5 = 14758.1 over 142 frames.
1041_106 ou ka tann ou ka tann 
LOG (lattice-best-path[5.5.891~1-37628]:main():lattice-best-path.cc:99) For utterance 1041_108, best cost 643.292 + 37303.5 = 37946.8 over 382 frames.
1041_108 ka tann an vou kont anfèt poukwa ou pa tréné 
LOG (lattice-best-path[5.5.891~1-37628]:main():lattice-best-path.cc:99) For utterance 1041_42, best cost 481.711 + 26939.9 = 27421.6 over 276 frames.
1041_42 nou mérité kanmem plis jodijou 
LOG (lattice-best-path[5.5.891~1-37628]:main():lattice-best-path.cc:99) For utterance 1041_50, best cost 580.286 + 28299.3 = 28879.6 over 285 frames.
1041_50 mè pa ni matyè i té ka apré 
LOG (lattice-best-path[5.5.891~1-37628]:main():lattice-best-path.cc:99) For utterance 1041_56, best cost 687.253 + 29105.8 = 29793 over 284 frames.
1041_56 pé pa dè moun té ka préparé pa ka tann 
LOG (lattice-best-path[5.5.891~1-37628]:main():lattice-best-path.cc:99) For utterance 1041_67, best cost 203.129 + 9161.61 = 9364.74 over 94 frames.
1041_67 ou ka di 
LOG (lattice-best-path[5.5.891~1-37628]:main():lattice-best-path.cc:99) For utterance 1041_71, best cost 994.691 + 48544.2 = 49538.9 over 498 frames.
1041_71 an on mond la mask sa sa an ka an pa ka di 
LOG (lattice-best-path[5.5.891~1-37628]:main():lattice-best-path.cc:99) For utterance 1041_82, best cost 759.158 + 38008.6 = 38767.7 over 383 frames.
1041_82 gato la ka sent tou sa an ka konprann saw ka tann 
LOG (lattice-best-path[5.5.891~1-37628]:main():lattice-best-path.cc:99) For utterance 1041_88, best cost 697.468 + 25433.1 = 26130.6 over 251 frames.
1041_88 alò tou sa la sa kwa sa ki ka 
LOG (lattice-best-path[5.5.891~1-37628]:main():lattice-best-path.cc:124) Overall cost per frame is 101.312 = 2.08662 [graph] + 99.2258 [acoustic] over 2682 frames.
LOG (lattice-best-path[5.5.891~1-37628]:main():lattice-best-path.cc:128) Done 10 lattices, failed for 0
# Accounting: time=0 threads=1
# Ended (code 0) at Fri Mar 12 16:41:09 CET 2021, elapsed time 0 seconds
