# lattice-best-path --lm-scale=14 --word-symbol-table=exp/tri2/graph/words.txt "ark:gunzip -c exp/tri2/decode/lat.*.gz|" ark,t:exp/tri2/decode/scoring/14.tra 
# Started at Fri Mar 12 16:41:09 CET 2021
#
lattice-best-path --lm-scale=14 --word-symbol-table=exp/tri2/graph/words.txt 'ark:gunzip -c exp/tri2/decode/lat.*.gz|' ark,t:exp/tri2/decode/scoring/14.tra 
LOG (lattice-best-path[5.5.891~1-37628]:main():lattice-best-path.cc:99) For utterance 1041_100, best cost 242.374 + 8911.08 = 9153.45 over 87 frames.
1041_100 kanmem plis 
LOG (lattice-best-path[5.5.891~1-37628]:main():lattice-best-path.cc:99) For utterance 1041_106, best cost 383.351 + 14430 = 14813.3 over 142 frames.
1041_106 ka tann ou ka tann 
LOG (lattice-best-path[5.5.891~1-37628]:main():lattice-best-path.cc:99) For utterance 1041_108, best cost 750.507 + 37303.5 = 38054.1 over 382 frames.
1041_108 ka tann an vou kont anfèt poukwa ou pa tréné 
LOG (lattice-best-path[5.5.891~1-37628]:main():lattice-best-path.cc:99) For utterance 1041_42, best cost 561.996 + 26939.9 = 27501.9 over 276 frames.
1041_42 nou mérité kanmem plis jodijou 
LOG (lattice-best-path[5.5.891~1-37628]:main():lattice-best-path.cc:99) For utterance 1041_50, best cost 677.001 + 28299.3 = 28976.3 over 285 frames.
1041_50 mè pa ni matyè i té ka apré 
LOG (lattice-best-path[5.5.891~1-37628]:main():lattice-best-path.cc:99) For utterance 1041_56, best cost 633.747 + 29252.4 = 29886.1 over 284 frames.
1041_56 pétèt ka konstaté aktyèlman an pa ka tann 
LOG (lattice-best-path[5.5.891~1-37628]:main():lattice-best-path.cc:99) For utterance 1041_67, best cost 236.984 + 9161.61 = 9398.59 over 94 frames.
1041_67 ou ka di 
LOG (lattice-best-path[5.5.891~1-37628]:main():lattice-best-path.cc:99) For utterance 1041_71, best cost 1160.47 + 48544.2 = 49704.6 over 498 frames.
1041_71 an on mond la mask sa sa an ka an pa ka di 
LOG (lattice-best-path[5.5.891~1-37628]:main():lattice-best-path.cc:99) For utterance 1041_82, best cost 885.685 + 38008.6 = 38894.3 over 383 frames.
1041_82 gato la ka sent tou sa an ka konprann saw ka tann 
LOG (lattice-best-path[5.5.891~1-37628]:main():lattice-best-path.cc:99) For utterance 1041_88, best cost 607.665 + 25628.5 = 26236.2 over 251 frames.
1041_88 lapolis té ka sa koumansé entrigé mwen 
LOG (lattice-best-path[5.5.891~1-37628]:main():lattice-best-path.cc:124) Overall cost per frame is 101.648 = 2.28926 [graph] + 99.3583 [acoustic] over 2682 frames.
LOG (lattice-best-path[5.5.891~1-37628]:main():lattice-best-path.cc:128) Done 10 lattices, failed for 0
# Accounting: time=0 threads=1
# Ended (code 0) at Fri Mar 12 16:41:09 CET 2021, elapsed time 0 seconds
