# lattice-best-path --lm-scale=13 --word-symbol-table=exp/tri2/graph/words.txt "ark:gunzip -c exp/tri2/decode/lat.*.gz|" ark,t:exp/tri2/decode/scoring/13.tra 
# Started at Fri Mar 12 16:41:09 CET 2021
#
lattice-best-path --lm-scale=13 --word-symbol-table=exp/tri2/graph/words.txt 'ark:gunzip -c exp/tri2/decode/lat.*.gz|' ark,t:exp/tri2/decode/scoring/13.tra 
LOG (lattice-best-path[5.5.891~1-37628]:main():lattice-best-path.cc:99) For utterance 1041_100, best cost 225.062 + 8911.08 = 9136.14 over 87 frames.
1041_100 kanmem plis 
LOG (lattice-best-path[5.5.891~1-37628]:main():lattice-best-path.cc:99) For utterance 1041_106, best cost 355.969 + 14430 = 14785.9 over 142 frames.
1041_106 ka tann ou ka tann 
LOG (lattice-best-path[5.5.891~1-37628]:main():lattice-best-path.cc:99) For utterance 1041_108, best cost 696.899 + 37303.5 = 38000.4 over 382 frames.
1041_108 ka tann an vou kont anfèt poukwa ou pa tréné 
LOG (lattice-best-path[5.5.891~1-37628]:main():lattice-best-path.cc:99) For utterance 1041_42, best cost 521.854 + 26939.9 = 27461.7 over 276 frames.
1041_42 nou mérité kanmem plis jodijou 
LOG (lattice-best-path[5.5.891~1-37628]:main():lattice-best-path.cc:99) For utterance 1041_50, best cost 628.643 + 28299.3 = 28928 over 285 frames.
1041_50 mè pa ni matyè i té ka apré 
LOG (lattice-best-path[5.5.891~1-37628]:main():lattice-best-path.cc:99) For utterance 1041_56, best cost 588.479 + 29252.4 = 29840.9 over 284 frames.
1041_56 pétèt ka konstaté aktyèlman an pa ka tann 
LOG (lattice-best-path[5.5.891~1-37628]:main():lattice-best-path.cc:99) For utterance 1041_67, best cost 220.057 + 9161.61 = 9381.67 over 94 frames.
1041_67 ou ka di 
LOG (lattice-best-path[5.5.891~1-37628]:main():lattice-best-path.cc:99) For utterance 1041_71, best cost 1077.58 + 48544.2 = 49621.7 over 498 frames.
1041_71 an on mond la mask sa sa an ka an pa ka di 
LOG (lattice-best-path[5.5.891~1-37628]:main():lattice-best-path.cc:99) For utterance 1041_82, best cost 822.421 + 38008.6 = 38831 over 383 frames.
1041_82 gato la ka sent tou sa an ka konprann saw ka tann 
LOG (lattice-best-path[5.5.891~1-37628]:main():lattice-best-path.cc:99) For utterance 1041_88, best cost 755.59 + 25433.1 = 26188.7 over 251 frames.
1041_88 alò tou sa la sa kwa sa ki ka 
LOG (lattice-best-path[5.5.891~1-37628]:main():lattice-best-path.cc:124) Overall cost per frame is 101.483 = 2.19708 [graph] + 99.2855 [acoustic] over 2682 frames.
LOG (lattice-best-path[5.5.891~1-37628]:main():lattice-best-path.cc:128) Done 10 lattices, failed for 0
# Accounting: time=0 threads=1
# Ended (code 0) at Fri Mar 12 16:41:09 CET 2021, elapsed time 0 seconds
