# lattice-best-path --lm-scale=9 --word-symbol-table=exp/tri2/graph/words.txt "ark:gunzip -c exp/tri2/decode/lat.*.gz|" ark,t:exp/tri2/decode/scoring/9.tra 
# Started at Fri Mar 12 16:41:09 CET 2021
#
lattice-best-path --lm-scale=9 --word-symbol-table=exp/tri2/graph/words.txt 'ark:gunzip -c exp/tri2/decode/lat.*.gz|' ark,t:exp/tri2/decode/scoring/9.tra 
LOG (lattice-best-path[5.5.891~1-37628]:main():lattice-best-path.cc:99) For utterance 1041_100, best cost 229.347 + 8827.96 = 9057.31 over 87 frames.
1041_100 an mè dé sa 
LOG (lattice-best-path[5.5.891~1-37628]:main():lattice-best-path.cc:99) For utterance 1041_106, best cost 325.847 + 14341.4 = 14667.3 over 142 frames.
1041_106 ou ka tann ou ka profité sa 
LOG (lattice-best-path[5.5.891~1-37628]:main():lattice-best-path.cc:99) For utterance 1041_108, best cost 658.88 + 37119.4 = 37778.3 over 382 frames.
1041_108 ka tann an ké ou ka manman ou ka an pa tréné 
LOG (lattice-best-path[5.5.891~1-37628]:main():lattice-best-path.cc:99) For utterance 1041_42, best cost 393.53 + 26896.9 = 27290.5 over 276 frames.
1041_42 ni ki kanmen ki jodijou 
LOG (lattice-best-path[5.5.891~1-37628]:main():lattice-best-path.cc:99) For utterance 1041_50, best cost 512.926 + 28208.5 = 28721.4 over 285 frames.
1041_50 kilti kont kè gwoka la ou pé pa apré 
LOG (lattice-best-path[5.5.891~1-37628]:main():lattice-best-path.cc:99) For utterance 1041_56, best cost 549.38 + 29065.9 = 29615.3 over 284 frames.
1041_56 pé pa pé moun té ka préparé pa ka tann 
LOG (lattice-best-path[5.5.891~1-37628]:main():lattice-best-path.cc:99) For utterance 1041_67, best cost 152.347 + 9161.61 = 9313.96 over 94 frames.
1041_67 ou ka di 
LOG (lattice-best-path[5.5.891~1-37628]:main():lattice-best-path.cc:99) For utterance 1041_71, best cost 895.064 + 48365.3 = 49260.3 over 498 frames.
1041_71 an on mond la an ka sé sa pou sa ka ka an ka ka di 
LOG (lattice-best-path[5.5.891~1-37628]:main():lattice-best-path.cc:99) For utterance 1041_82, best cost 907.833 + 37625 = 38532.8 over 383 frames.
1041_82 dé gadé sé ka dansé si ja achté aw an pa ka di sa ka tann 
LOG (lattice-best-path[5.5.891~1-37628]:main():lattice-best-path.cc:99) For utterance 1041_88, best cost 523.101 + 25433.1 = 25956.2 over 251 frames.
1041_88 alò tou sa la sa kwa sa ki ka 
LOG (lattice-best-path[5.5.891~1-37628]:main():lattice-best-path.cc:124) Overall cost per frame is 100.743 = 1.91956 [graph] + 98.8237 [acoustic] over 2682 frames.
LOG (lattice-best-path[5.5.891~1-37628]:main():lattice-best-path.cc:128) Done 10 lattices, failed for 0
# Accounting: time=0 threads=1
# Ended (code 0) at Fri Mar 12 16:41:09 CET 2021, elapsed time 0 seconds
