# lattice-best-path --lm-scale=17 --word-symbol-table=exp/tri2/graph/words.txt "ark:gunzip -c exp/tri2/decode/lat.*.gz|" ark,t:exp/tri2/decode/scoring/17.tra 
# Started at Fri Mar 12 16:41:09 CET 2021
#
lattice-best-path --lm-scale=17 --word-symbol-table=exp/tri2/graph/words.txt 'ark:gunzip -c exp/tri2/decode/lat.*.gz|' ark,t:exp/tri2/decode/scoring/17.tra 
LOG (lattice-best-path[5.5.891~1-37628]:main():lattice-best-path.cc:99) For utterance 1041_100, best cost 294.311 + 8911.08 = 9205.39 over 87 frames.
1041_100 kanmem plis 
LOG (lattice-best-path[5.5.891~1-37628]:main():lattice-best-path.cc:99) For utterance 1041_106, best cost 465.498 + 14430 = 14895.5 over 142 frames.
1041_106 ka tann ou ka tann 
LOG (lattice-best-path[5.5.891~1-37628]:main():lattice-best-path.cc:99) For utterance 1041_108, best cost 911.33 + 37303.5 = 38214.9 over 382 frames.
1041_108 ka tann an vou kont anfèt poukwa ou pa tréné 
LOG (lattice-best-path[5.5.891~1-37628]:main():lattice-best-path.cc:99) For utterance 1041_42, best cost 682.424 + 26939.9 = 27622.3 over 276 frames.
1041_42 nou mérité kanmem plis jodijou 
LOG (lattice-best-path[5.5.891~1-37628]:main():lattice-best-path.cc:99) For utterance 1041_50, best cost 774.384 + 28338.9 = 29113.2 over 285 frames.
1041_50 mè pa ni matyè i té ka préparé 
LOG (lattice-best-path[5.5.891~1-37628]:main():lattice-best-path.cc:99) For utterance 1041_56, best cost 769.55 + 29252.4 = 30021.9 over 284 frames.
1041_56 pétèt ka konstaté aktyèlman an pa ka tann 
LOG (lattice-best-path[5.5.891~1-37628]:main():lattice-best-path.cc:99) For utterance 1041_67, best cost 287.766 + 9161.61 = 9449.38 over 94 frames.
1041_67 ou ka di 
LOG (lattice-best-path[5.5.891~1-37628]:main():lattice-best-path.cc:99) For utterance 1041_71, best cost 1237.24 + 48701.4 = 49938.7 over 498 frames.
1041_71 an on mond la sa sa an ka an pa ka di 
LOG (lattice-best-path[5.5.891~1-37628]:main():lattice-best-path.cc:99) For utterance 1041_82, best cost 1075.47 + 38008.6 = 39084 over 383 frames.
1041_82 gato la ka sent tou sa an ka konprann saw ka tann 
LOG (lattice-best-path[5.5.891~1-37628]:main():lattice-best-path.cc:99) For utterance 1041_88, best cost 551.122 + 25808.8 = 26359.9 over 251 frames.
1041_88 lapolis té ka konprann 
LOG (lattice-best-path[5.5.891~1-37628]:main():lattice-best-path.cc:124) Overall cost per frame is 102.127 = 2.6283 [graph] + 99.4989 [acoustic] over 2682 frames.
LOG (lattice-best-path[5.5.891~1-37628]:main():lattice-best-path.cc:128) Done 10 lattices, failed for 0
# Accounting: time=0 threads=1
# Ended (code 0) at Fri Mar 12 16:41:09 CET 2021, elapsed time 0 seconds
