# lattice-best-path --lm-scale=8 --word-symbol-table=exp/tri2/graph/words.txt "ark:gunzip -c exp/tri2/decode/lat.*.gz|" ark,t:exp/tri2/decode/scoring/8.tra 
# Started at Fri Mar 12 16:41:09 CET 2021
#
lattice-best-path --lm-scale=8 --word-symbol-table=exp/tri2/graph/words.txt 'ark:gunzip -c exp/tri2/decode/lat.*.gz|' ark,t:exp/tri2/decode/scoring/8.tra 
LOG (lattice-best-path[5.5.891~1-37628]:main():lattice-best-path.cc:99) For utterance 1041_100, best cost 203.864 + 8827.96 = 9031.83 over 87 frames.
1041_100 an mè dé sa 
LOG (lattice-best-path[5.5.891~1-37628]:main():lattice-best-path.cc:99) For utterance 1041_106, best cost 289.642 + 14341.4 = 14631.1 over 142 frames.
1041_106 ou ka tann ou ka profité sa 
LOG (lattice-best-path[5.5.891~1-37628]:main():lattice-best-path.cc:99) For utterance 1041_108, best cost 585.671 + 37119.4 = 37705.1 over 382 frames.
1041_108 ka tann an ké ou ka manman ou ka an pa tréné 
LOG (lattice-best-path[5.5.891~1-37628]:main():lattice-best-path.cc:99) For utterance 1041_42, best cost 386.666 + 26859 = 27245.6 over 276 frames.
1041_42 ni plas adan ki jodijou 
LOG (lattice-best-path[5.5.891~1-37628]:main():lattice-best-path.cc:99) For utterance 1041_50, best cost 455.934 + 28208.5 = 28664.4 over 285 frames.
1041_50 kilti kont kè gwoka la ou pé pa apré 
LOG (lattice-best-path[5.5.891~1-37628]:main():lattice-best-path.cc:99) For utterance 1041_56, best cost 542.327 + 29007.5 = 29549.8 over 284 frames.
1041_56 pé pa pé an kont kè fransè pa ka tann 
LOG (lattice-best-path[5.5.891~1-37628]:main():lattice-best-path.cc:99) For utterance 1041_67, best cost 135.42 + 9161.61 = 9297.03 over 94 frames.
1041_67 ou ka di 
LOG (lattice-best-path[5.5.891~1-37628]:main():lattice-best-path.cc:99) For utterance 1041_71, best cost 894.914 + 48258.6 = 49153.5 over 498 frames.
1041_71 an on sèl mond ka an ka sé sa pou sa ka ka an ka ka miss 
LOG (lattice-best-path[5.5.891~1-37628]:main():lattice-best-path.cc:99) For utterance 1041_82, best cost 837.486 + 37592.3 = 38429.8 over 383 frames.
1041_82 dé gadé sé ka dansé si ou ja achté aw an pa ka di sa ka tann 
LOG (lattice-best-path[5.5.891~1-37628]:main():lattice-best-path.cc:99) For utterance 1041_88, best cost 497.279 + 25398.4 = 25895.6 over 251 frames.
1041_88 a léfiji tou sa la sa kwa sa ki ka 
LOG (lattice-best-path[5.5.891~1-37628]:main():lattice-best-path.cc:124) Overall cost per frame is 100.523 = 1.8006 [graph] + 98.7228 [acoustic] over 2682 frames.
LOG (lattice-best-path[5.5.891~1-37628]:main():lattice-best-path.cc:128) Done 10 lattices, failed for 0
# Accounting: time=0 threads=1
# Ended (code 0) at Fri Mar 12 16:41:09 CET 2021, elapsed time 0 seconds
