# gmm-latgen-faster --max-active=7000 --beam=13.0 --lattice-beam=6.0 --acoustic-scale=0.083333 --allow-partial=true --word-symbol-table=exp/tri3a/graph/words.txt exp/tri3a/final.mdl exp/tri3a/graph/HCLG.fst "ark,s,cs:apply-cmvn  --utt2spk=ark:data/test/split2/1/utt2spk scp:data/test/split2/1/cmvn.scp scp:data/test/split2/1/feats.scp ark:- | splice-feats  ark:- ark:- | transform-feats exp/tri3a/final.mat ark:- ark:- |" "ark:|gzip -c > exp/tri3a/decode/lat.1.gz" 
# Started at Fri Mar 12 14:33:33 CET 2021
#
gmm-latgen-faster --max-active=7000 --beam=13.0 --lattice-beam=6.0 --acoustic-scale=0.083333 --allow-partial=true --word-symbol-table=exp/tri3a/graph/words.txt exp/tri3a/final.mdl exp/tri3a/graph/HCLG.fst 'ark,s,cs:apply-cmvn  --utt2spk=ark:data/test/split2/1/utt2spk scp:data/test/split2/1/cmvn.scp scp:data/test/split2/1/feats.scp ark:- | splice-feats  ark:- ark:- | transform-feats exp/tri3a/final.mat ark:- ark:- |' 'ark:|gzip -c > exp/tri3a/decode/lat.1.gz' 
splice-feats ark:- ark:- 
transform-feats exp/tri3a/final.mat ark:- ark:- 
apply-cmvn --utt2spk=ark:data/test/split2/1/utt2spk scp:data/test/split2/1/cmvn.scp scp:data/test/split2/1/feats.scp ark:- 
1037_101_l é 
LOG (gmm-latgen-faster[5.5.891~1-37628]:DecodeUtteranceLatticeFaster():decoder-wrappers.cc:375) Log-like per frame for utterance 1037_101_l is -4.49717 over 122 frames.
1037_101_r 
LOG (gmm-latgen-faster[5.5.891~1-37628]:DecodeUtteranceLatticeFaster():decoder-wrappers.cc:375) Log-like per frame for utterance 1037_101_r is -4.55016 over 122 frames.
1037_103_l 
LOG (gmm-latgen-faster[5.5.891~1-37628]:DecodeUtteranceLatticeFaster():decoder-wrappers.cc:375) Log-like per frame for utterance 1037_103_l is -4.75502 over 138 frames.
1037_103_r 
LOG (gmm-latgen-faster[5.5.891~1-37628]:DecodeUtteranceLatticeFaster():decoder-wrappers.cc:375) Log-like per frame for utterance 1037_103_r is -4.77515 over 138 frames.
1037_105_l tout aprézan 
LOG (gmm-latgen-faster[5.5.891~1-37628]:DecodeUtteranceLatticeFaster():decoder-wrappers.cc:375) Log-like per frame for utterance 1037_105_l is -5.06118 over 395 frames.
1037_105_r tout an afrik 
LOG (gmm-latgen-faster[5.5.891~1-37628]:DecodeUtteranceLatticeFaster():decoder-wrappers.cc:375) Log-like per frame for utterance 1037_105_r is -5.03937 over 395 frames.
1037_107_l 
LOG (gmm-latgen-faster[5.5.891~1-37628]:DecodeUtteranceLatticeFaster():decoder-wrappers.cc:375) Log-like per frame for utterance 1037_107_l is -4.80591 over 174 frames.
1037_107_r 
LOG (gmm-latgen-faster[5.5.891~1-37628]:DecodeUtteranceLatticeFaster():decoder-wrappers.cc:375) Log-like per frame for utterance 1037_107_r is -4.86921 over 174 frames.
1037_109_l é 
LOG (gmm-latgen-faster[5.5.891~1-37628]:DecodeUtteranceLatticeFaster():decoder-wrappers.cc:375) Log-like per frame for utterance 1037_109_l is -4.67297 over 708 frames.
1037_109_r é 
LOG (gmm-latgen-faster[5.5.891~1-37628]:DecodeUtteranceLatticeFaster():decoder-wrappers.cc:375) Log-like per frame for utterance 1037_109_r is -4.76032 over 708 frames.
1037_111_l gwadeloup aprézan 
LOG (gmm-latgen-faster[5.5.891~1-37628]:DecodeUtteranceLatticeFaster():decoder-wrappers.cc:375) Log-like per frame for utterance 1037_111_l is -5.05001 over 98 frames.
1037_111_r gwadeloup aprézan 
LOG (gmm-latgen-faster[5.5.891~1-37628]:DecodeUtteranceLatticeFaster():decoder-wrappers.cc:375) Log-like per frame for utterance 1037_111_r is -5.05267 over 98 frames.
1037_113_l é tou 
LOG (gmm-latgen-faster[5.5.891~1-37628]:DecodeUtteranceLatticeFaster():decoder-wrappers.cc:375) Log-like per frame for utterance 1037_113_l is -5.37134 over 398 frames.
1037_113_r 
LOG (gmm-latgen-faster[5.5.891~1-37628]:DecodeUtteranceLatticeFaster():decoder-wrappers.cc:375) Log-like per frame for utterance 1037_113_r is -5.34409 over 398 frames.
1037_115_l 
LOG (gmm-latgen-faster[5.5.891~1-37628]:DecodeUtteranceLatticeFaster():decoder-wrappers.cc:375) Log-like per frame for utterance 1037_115_l is -4.92458 over 225 frames.
1037_115_r 
LOG (gmm-latgen-faster[5.5.891~1-37628]:DecodeUtteranceLatticeFaster():decoder-wrappers.cc:375) Log-like per frame for utterance 1037_115_r is -5.01798 over 225 frames.
1037_117_l 
LOG (gmm-latgen-faster[5.5.891~1-37628]:DecodeUtteranceLatticeFaster():decoder-wrappers.cc:375) Log-like per frame for utterance 1037_117_l is -5.60966 over 105 frames.
1037_117_r 
LOG (gmm-latgen-faster[5.5.891~1-37628]:DecodeUtteranceLatticeFaster():decoder-wrappers.cc:375) Log-like per frame for utterance 1037_117_r is -5.54096 over 105 frames.
1037_119_l 
LOG (gmm-latgen-faster[5.5.891~1-37628]:DecodeUtteranceLatticeFaster():decoder-wrappers.cc:375) Log-like per frame for utterance 1037_119_l is -4.79646 over 222 frames.
1037_119_r 
LOG (gmm-latgen-faster[5.5.891~1-37628]:DecodeUtteranceLatticeFaster():decoder-wrappers.cc:375) Log-like per frame for utterance 1037_119_r is -4.77873 over 222 frames.
1037_11_l é sé vrè 
LOG (gmm-latgen-faster[5.5.891~1-37628]:DecodeUtteranceLatticeFaster():decoder-wrappers.cc:375) Log-like per frame for utterance 1037_11_l is -4.78703 over 298 frames.
1037_11_r é sé vrè 
LOG (gmm-latgen-faster[5.5.891~1-37628]:DecodeUtteranceLatticeFaster():decoder-wrappers.cc:375) Log-like per frame for utterance 1037_11_r is -4.79751 over 298 frames.
1037_121_l dé la tou pré 
LOG (gmm-latgen-faster[5.5.891~1-37628]:DecodeUtteranceLatticeFaster():decoder-wrappers.cc:375) Log-like per frame for utterance 1037_121_l is -5.09107 over 794 frames.
1037_121_r bon la tou pré 
LOG (gmm-latgen-faster[5.5.891~1-37628]:DecodeUtteranceLatticeFaster():decoder-wrappers.cc:375) Log-like per frame for utterance 1037_121_r is -5.11847 over 794 frames.
1037_123_l 
LOG (gmm-latgen-faster[5.5.891~1-37628]:DecodeUtteranceLatticeFaster():decoder-wrappers.cc:375) Log-like per frame for utterance 1037_123_l is -5.20748 over 60 frames.
1037_123_r 
LOG (gmm-latgen-faster[5.5.891~1-37628]:DecodeUtteranceLatticeFaster():decoder-wrappers.cc:375) Log-like per frame for utterance 1037_123_r is -5.05897 over 60 frames.
1037_125_l ka profité 
LOG (gmm-latgen-faster[5.5.891~1-37628]:DecodeUtteranceLatticeFaster():decoder-wrappers.cc:375) Log-like per frame for utterance 1037_125_l is -5.26515 over 152 frames.
1037_125_r ka profité 
LOG (gmm-latgen-faster[5.5.891~1-37628]:DecodeUtteranceLatticeFaster():decoder-wrappers.cc:375) Log-like per frame for utterance 1037_125_r is -5.27515 over 152 frames.
1037_127_l bat 
LOG (gmm-latgen-faster[5.5.891~1-37628]:DecodeUtteranceLatticeFaster():decoder-wrappers.cc:375) Log-like per frame for utterance 1037_127_l is -4.69643 over 729 frames.
1037_127_r bat 
LOG (gmm-latgen-faster[5.5.891~1-37628]:DecodeUtteranceLatticeFaster():decoder-wrappers.cc:375) Log-like per frame for utterance 1037_127_r is -4.72168 over 729 frames.
1037_129_l a a tout sa ki 
LOG (gmm-latgen-faster[5.5.891~1-37628]:DecodeUtteranceLatticeFaster():decoder-wrappers.cc:375) Log-like per frame for utterance 1037_129_l is -4.976 over 395 frames.
1037_129_r a a tout sa ki 
LOG (gmm-latgen-faster[5.5.891~1-37628]:DecodeUtteranceLatticeFaster():decoder-wrappers.cc:375) Log-like per frame for utterance 1037_129_r is -5.01435 over 395 frames.
1037_131_l ou pa kra kra 
LOG (gmm-latgen-faster[5.5.891~1-37628]:DecodeUtteranceLatticeFaster():decoder-wrappers.cc:375) Log-like per frame for utterance 1037_131_l is -4.53523 over 438 frames.
1037_131_r ou pa ka 
LOG (gmm-latgen-faster[5.5.891~1-37628]:DecodeUtteranceLatticeFaster():decoder-wrappers.cc:375) Log-like per frame for utterance 1037_131_r is -4.56858 over 438 frames.
1037_133_l kwa 
LOG (gmm-latgen-faster[5.5.891~1-37628]:DecodeUtteranceLatticeFaster():decoder-wrappers.cc:375) Log-like per frame for utterance 1037_133_l is -5.03983 over 654 frames.
1037_133_r é 
LOG (gmm-latgen-faster[5.5.891~1-37628]:DecodeUtteranceLatticeFaster():decoder-wrappers.cc:375) Log-like per frame for utterance 1037_133_r is -5.1167 over 654 frames.
1037_135_l ka fè 
LOG (gmm-latgen-faster[5.5.891~1-37628]:DecodeUtteranceLatticeFaster():decoder-wrappers.cc:375) Log-like per frame for utterance 1037_135_l is -5.32207 over 245 frames.
1037_135_r ka fè 
LOG (gmm-latgen-faster[5.5.891~1-37628]:DecodeUtteranceLatticeFaster():decoder-wrappers.cc:375) Log-like per frame for utterance 1037_135_r is -5.30931 over 245 frames.
1037_137_l tout moun la sa 
LOG (gmm-latgen-faster[5.5.891~1-37628]:DecodeUtteranceLatticeFaster():decoder-wrappers.cc:375) Log-like per frame for utterance 1037_137_l is -4.97419 over 430 frames.
1037_137_r tout moun la sa 
LOG (gmm-latgen-faster[5.5.891~1-37628]:DecodeUtteranceLatticeFaster():decoder-wrappers.cc:375) Log-like per frame for utterance 1037_137_r is -5.00696 over 430 frames.
1037_139_l 
LOG (gmm-latgen-faster[5.5.891~1-37628]:DecodeUtteranceLatticeFaster():decoder-wrappers.cc:375) Log-like per frame for utterance 1037_139_l is -5.37461 over 57 frames.
1037_139_r 
LOG (gmm-latgen-faster[5.5.891~1-37628]:DecodeUtteranceLatticeFaster():decoder-wrappers.cc:375) Log-like per frame for utterance 1037_139_r is -5.36502 over 57 frames.
1037_13_l lè sa té rèd 
LOG (gmm-latgen-faster[5.5.891~1-37628]:DecodeUtteranceLatticeFaster():decoder-wrappers.cc:375) Log-like per frame for utterance 1037_13_l is -4.61009 over 318 frames.
1037_13_r lè sa té rèd 
LOG (gmm-latgen-faster[5.5.891~1-37628]:DecodeUtteranceLatticeFaster():decoder-wrappers.cc:375) Log-like per frame for utterance 1037_13_r is -4.657 over 318 frames.
1037_141_l tou sa 
LOG (gmm-latgen-faster[5.5.891~1-37628]:DecodeUtteranceLatticeFaster():decoder-wrappers.cc:375) Log-like per frame for utterance 1037_141_l is -4.94667 over 444 frames.
1037_141_r tou sa 
LOG (gmm-latgen-faster[5.5.891~1-37628]:DecodeUtteranceLatticeFaster():decoder-wrappers.cc:375) Log-like per frame for utterance 1037_141_r is -4.94057 over 444 frames.
1037_143_l sé é 
LOG (gmm-latgen-faster[5.5.891~1-37628]:DecodeUtteranceLatticeFaster():decoder-wrappers.cc:375) Log-like per frame for utterance 1037_143_l is -4.1194 over 130 frames.
1037_143_r sé é 
LOG (gmm-latgen-faster[5.5.891~1-37628]:DecodeUtteranceLatticeFaster():decoder-wrappers.cc:375) Log-like per frame for utterance 1037_143_r is -4.17042 over 130 frames.
1037_145_l 
LOG (gmm-latgen-faster[5.5.891~1-37628]:DecodeUtteranceLatticeFaster():decoder-wrappers.cc:375) Log-like per frame for utterance 1037_145_l is -4.45811 over 128 frames.
1037_145_r 
LOG (gmm-latgen-faster[5.5.891~1-37628]:DecodeUtteranceLatticeFaster():decoder-wrappers.cc:375) Log-like per frame for utterance 1037_145_r is -4.40226 over 128 frames.
1037_147_l la 
LOG (gmm-latgen-faster[5.5.891~1-37628]:DecodeUtteranceLatticeFaster():decoder-wrappers.cc:375) Log-like per frame for utterance 1037_147_l is -4.8536 over 321 frames.
1037_147_r é 
LOG (gmm-latgen-faster[5.5.891~1-37628]:DecodeUtteranceLatticeFaster():decoder-wrappers.cc:375) Log-like per frame for utterance 1037_147_r is -4.88636 over 321 frames.
1037_149_l 
LOG (gmm-latgen-faster[5.5.891~1-37628]:DecodeUtteranceLatticeFaster():decoder-wrappers.cc:375) Log-like per frame for utterance 1037_149_l is -5.17851 over 66 frames.
1037_149_r 
LOG (gmm-latgen-faster[5.5.891~1-37628]:DecodeUtteranceLatticeFaster():decoder-wrappers.cc:375) Log-like per frame for utterance 1037_149_r is -5.1862 over 66 frames.
1037_151_l 
LOG (gmm-latgen-faster[5.5.891~1-37628]:DecodeUtteranceLatticeFaster():decoder-wrappers.cc:375) Log-like per frame for utterance 1037_151_l is -4.96514 over 208 frames.
1037_151_r é 
LOG (gmm-latgen-faster[5.5.891~1-37628]:DecodeUtteranceLatticeFaster():decoder-wrappers.cc:375) Log-like per frame for utterance 1037_151_r is -4.97152 over 208 frames.
1037_153_l an ké kout a 
LOG (gmm-latgen-faster[5.5.891~1-37628]:DecodeUtteranceLatticeFaster():decoder-wrappers.cc:375) Log-like per frame for utterance 1037_153_l is -4.48963 over 556 frames.
1037_153_r an ké kout a 
LOG (gmm-latgen-faster[5.5.891~1-37628]:DecodeUtteranceLatticeFaster():decoder-wrappers.cc:375) Log-like per frame for utterance 1037_153_r is -4.52994 over 556 frames.
1037_155_l sa vini on jan 
LOG (gmm-latgen-faster[5.5.891~1-37628]:DecodeUtteranceLatticeFaster():decoder-wrappers.cc:375) Log-like per frame for utterance 1037_155_l is -4.9064 over 278 frames.
1037_155_r 
LOG (gmm-latgen-faster[5.5.891~1-37628]:DecodeUtteranceLatticeFaster():decoder-wrappers.cc:375) Log-like per frame for utterance 1037_155_r is -4.90317 over 278 frames.
1037_157_l 
LOG (gmm-latgen-faster[5.5.891~1-37628]:DecodeUtteranceLatticeFaster():decoder-wrappers.cc:375) Log-like per frame for utterance 1037_157_l is -5.12381 over 217 frames.
1037_157_r 
LOG (gmm-latgen-faster[5.5.891~1-37628]:DecodeUtteranceLatticeFaster():decoder-wrappers.cc:375) Log-like per frame for utterance 1037_157_r is -5.24748 over 217 frames.
1037_159_l 
LOG (gmm-latgen-faster[5.5.891~1-37628]:DecodeUtteranceLatticeFaster():decoder-wrappers.cc:375) Log-like per frame for utterance 1037_159_l is -5.38 over 80 frames.
1037_159_r 
LOG (gmm-latgen-faster[5.5.891~1-37628]:DecodeUtteranceLatticeFaster():decoder-wrappers.cc:375) Log-like per frame for utterance 1037_159_r is -5.33357 over 80 frames.
1037_15_l é 
LOG (gmm-latgen-faster[5.5.891~1-37628]:DecodeUtteranceLatticeFaster():decoder-wrappers.cc:375) Log-like per frame for utterance 1037_15_l is -4.76794 over 158 frames.
1037_15_r é 
LOG (gmm-latgen-faster[5.5.891~1-37628]:DecodeUtteranceLatticeFaster():decoder-wrappers.cc:375) Log-like per frame for utterance 1037_15_r is -4.7808 over 158 frames.
1037_161_l 
LOG (gmm-latgen-faster[5.5.891~1-37628]:DecodeUtteranceLatticeFaster():decoder-wrappers.cc:375) Log-like per frame for utterance 1037_161_l is -4.21491 over 67 frames.
1037_161_r 
LOG (gmm-latgen-faster[5.5.891~1-37628]:DecodeUtteranceLatticeFaster():decoder-wrappers.cc:375) Log-like per frame for utterance 1037_161_r is -4.24961 over 67 frames.
1037_163_l 
LOG (gmm-latgen-faster[5.5.891~1-37628]:DecodeUtteranceLatticeFaster():decoder-wrappers.cc:375) Log-like per frame for utterance 1037_163_l is -4.77546 over 246 frames.
1037_163_r 
LOG (gmm-latgen-faster[5.5.891~1-37628]:DecodeUtteranceLatticeFaster():decoder-wrappers.cc:375) Log-like per frame for utterance 1037_163_r is -4.80718 over 246 frames.
1037_17_l nou ka viv bon 
LOG (gmm-latgen-faster[5.5.891~1-37628]:DecodeUtteranceLatticeFaster():decoder-wrappers.cc:375) Log-like per frame for utterance 1037_17_l is -4.50191 over 200 frames.
1037_17_r nou ka viv bon 
LOG (gmm-latgen-faster[5.5.891~1-37628]:DecodeUtteranceLatticeFaster():decoder-wrappers.cc:375) Log-like per frame for utterance 1037_17_r is -4.41703 over 200 frames.
1037_19_l o é an prizon 
LOG (gmm-latgen-faster[5.5.891~1-37628]:DecodeUtteranceLatticeFaster():decoder-wrappers.cc:375) Log-like per frame for utterance 1037_19_l is -4.8518 over 612 frames.
1037_19_r pa mèm ka konet son kès o é an prizon 
LOG (gmm-latgen-faster[5.5.891~1-37628]:DecodeUtteranceLatticeFaster():decoder-wrappers.cc:375) Log-like per frame for utterance 1037_19_r is -4.88077 over 612 frames.
1037_1_l kok 
LOG (gmm-latgen-faster[5.5.891~1-37628]:DecodeUtteranceLatticeFaster():decoder-wrappers.cc:375) Log-like per frame for utterance 1037_1_l is -4.41643 over 260 frames.
1037_1_r fout 
LOG (gmm-latgen-faster[5.5.891~1-37628]:DecodeUtteranceLatticeFaster():decoder-wrappers.cc:375) Log-like per frame for utterance 1037_1_r is -4.44515 over 260 frames.
1037_21_l tout 
LOG (gmm-latgen-faster[5.5.891~1-37628]:DecodeUtteranceLatticeFaster():decoder-wrappers.cc:375) Log-like per frame for utterance 1037_21_l is -5.45937 over 40 frames.
1037_21_r tout 
LOG (gmm-latgen-faster[5.5.891~1-37628]:DecodeUtteranceLatticeFaster():decoder-wrappers.cc:375) Log-like per frame for utterance 1037_21_r is -5.24926 over 40 frames.
1037_23_l é 
LOG (gmm-latgen-faster[5.5.891~1-37628]:DecodeUtteranceLatticeFaster():decoder-wrappers.cc:375) Log-like per frame for utterance 1037_23_l is -4.56259 over 210 frames.
1037_23_r é 
LOG (gmm-latgen-faster[5.5.891~1-37628]:DecodeUtteranceLatticeFaster():decoder-wrappers.cc:375) Log-like per frame for utterance 1037_23_r is -4.63139 over 210 frames.
1037_24_l ou pa ka fè 
LOG (gmm-latgen-faster[5.5.891~1-37628]:DecodeUtteranceLatticeFaster():decoder-wrappers.cc:375) Log-like per frame for utterance 1037_24_l is -4.88958 over 456 frames.
1037_24_r ou pa ka fè 
LOG (gmm-latgen-faster[5.5.891~1-37628]:DecodeUtteranceLatticeFaster():decoder-wrappers.cc:375) Log-like per frame for utterance 1037_24_r is -4.89074 over 456 frames.
1037_26_l bon 
LOG (gmm-latgen-faster[5.5.891~1-37628]:DecodeUtteranceLatticeFaster():decoder-wrappers.cc:375) Log-like per frame for utterance 1037_26_l is -4.89348 over 337 frames.
1037_26_r ou pa ka 
LOG (gmm-latgen-faster[5.5.891~1-37628]:DecodeUtteranceLatticeFaster():decoder-wrappers.cc:375) Log-like per frame for utterance 1037_26_r is -4.88374 over 337 frames.
1037_28_l 
LOG (gmm-latgen-faster[5.5.891~1-37628]:DecodeUtteranceLatticeFaster():decoder-wrappers.cc:375) Log-like per frame for utterance 1037_28_l is -3.64175 over 74 frames.
1037_28_r 
LOG (gmm-latgen-faster[5.5.891~1-37628]:DecodeUtteranceLatticeFaster():decoder-wrappers.cc:375) Log-like per frame for utterance 1037_28_r is -3.75255 over 74 frames.
1037_30_l 
LOG (gmm-latgen-faster[5.5.891~1-37628]:DecodeUtteranceLatticeFaster():decoder-wrappers.cc:375) Log-like per frame for utterance 1037_30_l is -5.44524 over 48 frames.
1037_30_r 
LOG (gmm-latgen-faster[5.5.891~1-37628]:DecodeUtteranceLatticeFaster():decoder-wrappers.cc:375) Log-like per frame for utterance 1037_30_r is -5.37211 over 48 frames.
1037_32_l ki pa la 
LOG (gmm-latgen-faster[5.5.891~1-37628]:DecodeUtteranceLatticeFaster():decoder-wrappers.cc:375) Log-like per frame for utterance 1037_32_l is -5.07813 over 674 frames.
1037_32_r ki pa la 
LOG (gmm-latgen-faster[5.5.891~1-37628]:DecodeUtteranceLatticeFaster():decoder-wrappers.cc:375) Log-like per frame for utterance 1037_32_r is -5.10954 over 674 frames.
1037_34_l 
LOG (gmm-latgen-faster[5.5.891~1-37628]:DecodeUtteranceLatticeFaster():decoder-wrappers.cc:375) Log-like per frame for utterance 1037_34_l is -4.96762 over 124 frames.
1037_34_r 
LOG (gmm-latgen-faster[5.5.891~1-37628]:DecodeUtteranceLatticeFaster():decoder-wrappers.cc:375) Log-like per frame for utterance 1037_34_r is -5.02035 over 124 frames.
1037_36_l 
LOG (gmm-latgen-faster[5.5.891~1-37628]:DecodeUtteranceLatticeFaster():decoder-wrappers.cc:375) Log-like per frame for utterance 1037_36_l is -5.33974 over 51 frames.
1037_36_r 
LOG (gmm-latgen-faster[5.5.891~1-37628]:DecodeUtteranceLatticeFaster():decoder-wrappers.cc:375) Log-like per frame for utterance 1037_36_r is -5.33226 over 51 frames.
1037_38_l dèkwa-la 
LOG (gmm-latgen-faster[5.5.891~1-37628]:DecodeUtteranceLatticeFaster():decoder-wrappers.cc:375) Log-like per frame for utterance 1037_38_l is -4.43919 over 142 frames.
1037_38_r desklav 
LOG (gmm-latgen-faster[5.5.891~1-37628]:DecodeUtteranceLatticeFaster():decoder-wrappers.cc:375) Log-like per frame for utterance 1037_38_r is -4.41712 over 142 frames.
1037_3_l a a 
LOG (gmm-latgen-faster[5.5.891~1-37628]:DecodeUtteranceLatticeFaster():decoder-wrappers.cc:375) Log-like per frame for utterance 1037_3_l is -4.26214 over 84 frames.
1037_3_r 
LOG (gmm-latgen-faster[5.5.891~1-37628]:DecodeUtteranceLatticeFaster():decoder-wrappers.cc:375) Log-like per frame for utterance 1037_3_r is -4.26972 over 84 frames.
1037_40_l é é 
LOG (gmm-latgen-faster[5.5.891~1-37628]:DecodeUtteranceLatticeFaster():decoder-wrappers.cc:375) Log-like per frame for utterance 1037_40_l is -5.08679 over 650 frames.
1037_40_r é tout é 
LOG (gmm-latgen-faster[5.5.891~1-37628]:DecodeUtteranceLatticeFaster():decoder-wrappers.cc:375) Log-like per frame for utterance 1037_40_r is -5.06659 over 650 frames.
1037_42_l kon dè pat 
LOG (gmm-latgen-faster[5.5.891~1-37628]:DecodeUtteranceLatticeFaster():decoder-wrappers.cc:375) Log-like per frame for utterance 1037_42_l is -4.94147 over 262 frames.
1037_42_r é 
LOG (gmm-latgen-faster[5.5.891~1-37628]:DecodeUtteranceLatticeFaster():decoder-wrappers.cc:375) Log-like per frame for utterance 1037_42_r is -4.95076 over 262 frames.
1037_44_l 
LOG (gmm-latgen-faster[5.5.891~1-37628]:DecodeUtteranceLatticeFaster():decoder-wrappers.cc:375) Log-like per frame for utterance 1037_44_l is -5.62482 over 76 frames.
1037_44_r 
LOG (gmm-latgen-faster[5.5.891~1-37628]:DecodeUtteranceLatticeFaster():decoder-wrappers.cc:375) Log-like per frame for utterance 1037_44_r is -5.61059 over 76 frames.
1037_46_l é 
LOG (gmm-latgen-faster[5.5.891~1-37628]:DecodeUtteranceLatticeFaster():decoder-wrappers.cc:375) Log-like per frame for utterance 1037_46_l is -5.00501 over 204 frames.
1037_46_r é 
LOG (gmm-latgen-faster[5.5.891~1-37628]:DecodeUtteranceLatticeFaster():decoder-wrappers.cc:375) Log-like per frame for utterance 1037_46_r is -4.9708 over 204 frames.
1037_48_l 
LOG (gmm-latgen-faster[5.5.891~1-37628]:DecodeUtteranceLatticeFaster():decoder-wrappers.cc:375) Log-like per frame for utterance 1037_48_l is -5.61128 over 132 frames.
1037_48_r 
LOG (gmm-latgen-faster[5.5.891~1-37628]:DecodeUtteranceLatticeFaster():decoder-wrappers.cc:375) Log-like per frame for utterance 1037_48_r is -5.65635 over 132 frames.
1037_50_l 
LOG (gmm-latgen-faster[5.5.891~1-37628]:DecodeUtteranceLatticeFaster():decoder-wrappers.cc:375) Log-like per frame for utterance 1037_50_l is -4.83599 over 170 frames.
1037_50_r 
LOG (gmm-latgen-faster[5.5.891~1-37628]:DecodeUtteranceLatticeFaster():decoder-wrappers.cc:375) Log-like per frame for utterance 1037_50_r is -4.88645 over 170 frames.
1037_52_l an kaz préparé 
LOG (gmm-latgen-faster[5.5.891~1-37628]:DecodeUtteranceLatticeFaster():decoder-wrappers.cc:375) Log-like per frame for utterance 1037_52_l is -5.14425 over 332 frames.
1037_52_r an kaz préparé 
LOG (gmm-latgen-faster[5.5.891~1-37628]:DecodeUtteranceLatticeFaster():decoder-wrappers.cc:375) Log-like per frame for utterance 1037_52_r is -5.161 over 332 frames.
1037_54_l ka fè an afrik 
LOG (gmm-latgen-faster[5.5.891~1-37628]:DecodeUtteranceLatticeFaster():decoder-wrappers.cc:375) Log-like per frame for utterance 1037_54_l is -4.9272 over 701 frames.
1037_54_r ka fè an afrik 
LOG (gmm-latgen-faster[5.5.891~1-37628]:DecodeUtteranceLatticeFaster():decoder-wrappers.cc:375) Log-like per frame for utterance 1037_54_r is -4.93953 over 701 frames.
1037_56_l 
LOG (gmm-latgen-faster[5.5.891~1-37628]:DecodeUtteranceLatticeFaster():decoder-wrappers.cc:375) Log-like per frame for utterance 1037_56_l is -4.98639 over 233 frames.
1037_56_r 
LOG (gmm-latgen-faster[5.5.891~1-37628]:DecodeUtteranceLatticeFaster():decoder-wrappers.cc:375) Log-like per frame for utterance 1037_56_r is -4.97517 over 233 frames.
1037_58_l 
LOG (gmm-latgen-faster[5.5.891~1-37628]:DecodeUtteranceLatticeFaster():decoder-wrappers.cc:375) Log-like per frame for utterance 1037_58_l is -5.16584 over 176 frames.
1037_58_r 
LOG (gmm-latgen-faster[5.5.891~1-37628]:DecodeUtteranceLatticeFaster():decoder-wrappers.cc:375) Log-like per frame for utterance 1037_58_r is -5.16197 over 176 frames.
1037_5_l marie-galantais 
LOG (gmm-latgen-faster[5.5.891~1-37628]:DecodeUtteranceLatticeFaster():decoder-wrappers.cc:375) Log-like per frame for utterance 1037_5_l is -4.77069 over 444 frames.
1037_5_r marie-galantais 
LOG (gmm-latgen-faster[5.5.891~1-37628]:DecodeUtteranceLatticeFaster():decoder-wrappers.cc:375) Log-like per frame for utterance 1037_5_r is -4.74572 over 444 frames.
1037_60_l tou sa pa té plis 
LOG (gmm-latgen-faster[5.5.891~1-37628]:DecodeUtteranceLatticeFaster():decoder-wrappers.cc:375) Log-like per frame for utterance 1037_60_l is -5.30606 over 177 frames.
1037_60_r tou sa pa té plis 
LOG (gmm-latgen-faster[5.5.891~1-37628]:DecodeUtteranceLatticeFaster():decoder-wrappers.cc:375) Log-like per frame for utterance 1037_60_r is -5.2873 over 177 frames.
1037_62_l kon pa ékzanp desklav 
LOG (gmm-latgen-faster[5.5.891~1-37628]:DecodeUtteranceLatticeFaster():decoder-wrappers.cc:375) Log-like per frame for utterance 1037_62_l is -5.0905 over 236 frames.
1037_62_r kon pa ékzanp 
LOG (gmm-latgen-faster[5.5.891~1-37628]:DecodeUtteranceLatticeFaster():decoder-wrappers.cc:375) Log-like per frame for utterance 1037_62_r is -5.11852 over 236 frames.
1037_64_l an an pé 
LOG (gmm-latgen-faster[5.5.891~1-37628]:DecodeUtteranceLatticeFaster():decoder-wrappers.cc:375) Log-like per frame for utterance 1037_64_l is -5.25548 over 491 frames.
1037_64_r an an pé 
LOG (gmm-latgen-faster[5.5.891~1-37628]:DecodeUtteranceLatticeFaster():decoder-wrappers.cc:375) Log-like per frame for utterance 1037_64_r is -5.20362 over 491 frames.
1037_66_l ou 
LOG (gmm-latgen-faster[5.5.891~1-37628]:DecodeUtteranceLatticeFaster():decoder-wrappers.cc:375) Log-like per frame for utterance 1037_66_l is -4.70047 over 49 frames.
1037_66_r ou 
LOG (gmm-latgen-faster[5.5.891~1-37628]:DecodeUtteranceLatticeFaster():decoder-wrappers.cc:375) Log-like per frame for utterance 1037_66_r is -4.63394 over 49 frames.
1037_68_l é tout é 
LOG (gmm-latgen-faster[5.5.891~1-37628]:DecodeUtteranceLatticeFaster():decoder-wrappers.cc:375) Log-like per frame for utterance 1037_68_l is -5.02914 over 285 frames.
1037_68_r é tout é 
LOG (gmm-latgen-faster[5.5.891~1-37628]:DecodeUtteranceLatticeFaster():decoder-wrappers.cc:375) Log-like per frame for utterance 1037_68_r is -4.97597 over 285 frames.
1037_70_l ou pa trè trè trè èvè-i i té la la 
LOG (gmm-latgen-faster[5.5.891~1-37628]:RebuildRepository():determinize-lattice-pruned.cc:287) Rebuilding repository.
LOG (gmm-latgen-faster[5.5.891~1-37628]:DecodeUtteranceLatticeFaster():decoder-wrappers.cc:375) Log-like per frame for utterance 1037_70_l is -4.65592 over 1062 frames.
1037_70_r ou pa trè trè trè trè péyi la la 
LOG (gmm-latgen-faster[5.5.891~1-37628]:DecodeUtteranceLatticeFaster():decoder-wrappers.cc:375) Log-like per frame for utterance 1037_70_r is -4.66814 over 1062 frames.
1037_71_l sa vlé di ké 
LOG (gmm-latgen-faster[5.5.891~1-37628]:DecodeUtteranceLatticeFaster():decoder-wrappers.cc:375) Log-like per frame for utterance 1037_71_l is -4.09848 over 238 frames.
1037_71_r sa vlé di ké 
LOG (gmm-latgen-faster[5.5.891~1-37628]:DecodeUtteranceLatticeFaster():decoder-wrappers.cc:375) Log-like per frame for utterance 1037_71_r is -4.0362 over 238 frames.
1037_72_l 
LOG (gmm-latgen-faster[5.5.891~1-37628]:DecodeUtteranceLatticeFaster():decoder-wrappers.cc:375) Log-like per frame for utterance 1037_72_l is -4.80462 over 352 frames.
1037_72_r 
LOG (gmm-latgen-faster[5.5.891~1-37628]:DecodeUtteranceLatticeFaster():decoder-wrappers.cc:375) Log-like per frame for utterance 1037_72_r is -4.92347 over 352 frames.
1037_74_l é o nivo 
LOG (gmm-latgen-faster[5.5.891~1-37628]:DecodeUtteranceLatticeFaster():decoder-wrappers.cc:375) Log-like per frame for utterance 1037_74_l is -4.79019 over 329 frames.
1037_74_r é o nivo 
LOG (gmm-latgen-faster[5.5.891~1-37628]:DecodeUtteranceLatticeFaster():decoder-wrappers.cc:375) Log-like per frame for utterance 1037_74_r is -4.81282 over 329 frames.
1037_76_l moun la ka préparé a sa ka ka bat 
LOG (gmm-latgen-faster[5.5.891~1-37628]:DecodeUtteranceLatticeFaster():decoder-wrappers.cc:375) Log-like per frame for utterance 1037_76_l is -4.9147 over 681 frames.
1037_76_r moun la ka préparé a sa ka ka bat 
LOG (gmm-latgen-faster[5.5.891~1-37628]:DecodeUtteranceLatticeFaster():decoder-wrappers.cc:375) Log-like per frame for utterance 1037_76_r is -4.94414 over 681 frames.
1037_78_l moun la ka 
LOG (gmm-latgen-faster[5.5.891~1-37628]:DecodeUtteranceLatticeFaster():decoder-wrappers.cc:375) Log-like per frame for utterance 1037_78_l is -5.39584 over 345 frames.
1037_78_r 
LOG (gmm-latgen-faster[5.5.891~1-37628]:DecodeUtteranceLatticeFaster():decoder-wrappers.cc:375) Log-like per frame for utterance 1037_78_r is -5.46186 over 345 frames.
1037_7_l é é pwa 
LOG (gmm-latgen-faster[5.5.891~1-37628]:DecodeUtteranceLatticeFaster():decoder-wrappers.cc:375) Log-like per frame for utterance 1037_7_l is -4.74805 over 462 frames.
1037_7_r nou pa ka di 
LOG (gmm-latgen-faster[5.5.891~1-37628]:DecodeUtteranceLatticeFaster():decoder-wrappers.cc:375) Log-like per frame for utterance 1037_7_r is -4.70896 over 462 frames.
1037_80_l 
LOG (gmm-latgen-faster[5.5.891~1-37628]:DecodeUtteranceLatticeFaster():decoder-wrappers.cc:375) Log-like per frame for utterance 1037_80_l is -4.93484 over 158 frames.
1037_80_r donk 
LOG (gmm-latgen-faster[5.5.891~1-37628]:DecodeUtteranceLatticeFaster():decoder-wrappers.cc:375) Log-like per frame for utterance 1037_80_r is -4.89826 over 158 frames.
1037_82_l moun la ka bat i té ka dansé pou ou mardi gra préféré pou nou séré 
LOG (gmm-latgen-faster[5.5.891~1-37628]:DecodeUtteranceLatticeFaster():decoder-wrappers.cc:375) Log-like per frame for utterance 1037_82_l is -4.77241 over 725 frames.
1037_82_r moun la ka bat é bat an atandan mardi gra pou rèd pou nou séré 
LOG (gmm-latgen-faster[5.5.891~1-37628]:DecodeUtteranceLatticeFaster():decoder-wrappers.cc:375) Log-like per frame for utterance 1037_82_r is -4.75696 over 725 frames.
1037_84_l 
LOG (gmm-latgen-faster[5.5.891~1-37628]:DecodeUtteranceLatticeFaster():decoder-wrappers.cc:375) Log-like per frame for utterance 1037_84_l is -5.20408 over 221 frames.
1037_84_r 
LOG (gmm-latgen-faster[5.5.891~1-37628]:DecodeUtteranceLatticeFaster():decoder-wrappers.cc:375) Log-like per frame for utterance 1037_84_r is -5.2227 over 221 frames.
1037_86_l rété pann an 
LOG (gmm-latgen-faster[5.5.891~1-37628]:DecodeUtteranceLatticeFaster():decoder-wrappers.cc:375) Log-like per frame for utterance 1037_86_l is -4.9801 over 286 frames.
1037_86_r pétèt an 
LOG (gmm-latgen-faster[5.5.891~1-37628]:DecodeUtteranceLatticeFaster():decoder-wrappers.cc:375) Log-like per frame for utterance 1037_86_r is -4.98211 over 286 frames.
1037_88_l ou pa ka 
LOG (gmm-latgen-faster[5.5.891~1-37628]:DecodeUtteranceLatticeFaster():decoder-wrappers.cc:375) Log-like per frame for utterance 1037_88_l is -5.44099 over 487 frames.
1037_88_r ou pa ka 
LOG (gmm-latgen-faster[5.5.891~1-37628]:DecodeUtteranceLatticeFaster():decoder-wrappers.cc:375) Log-like per frame for utterance 1037_88_r is -5.44607 over 487 frames.
1037_90_l 
LOG (gmm-latgen-faster[5.5.891~1-37628]:DecodeUtteranceLatticeFaster():decoder-wrappers.cc:375) Log-like per frame for utterance 1037_90_l is -4.8404 over 243 frames.
1037_90_r 
LOG (gmm-latgen-faster[5.5.891~1-37628]:DecodeUtteranceLatticeFaster():decoder-wrappers.cc:375) Log-like per frame for utterance 1037_90_r is -4.84364 over 243 frames.
1037_92_l é 
LOG (gmm-latgen-faster[5.5.891~1-37628]:DecodeUtteranceLatticeFaster():decoder-wrappers.cc:375) Log-like per frame for utterance 1037_92_l is -4.96638 over 187 frames.
1037_92_r é 
LOG (gmm-latgen-faster[5.5.891~1-37628]:DecodeUtteranceLatticeFaster():decoder-wrappers.cc:375) Log-like per frame for utterance 1037_92_r is -4.97241 over 187 frames.
1037_94_l é yonou tou plat 
LOG (gmm-latgen-faster[5.5.891~1-37628]:DecodeUtteranceLatticeFaster():decoder-wrappers.cc:375) Log-like per frame for utterance 1037_94_l is -4.16884 over 348 frames.
1037_94_r é yonou tou plat 
LOG (gmm-latgen-faster[5.5.891~1-37628]:DecodeUtteranceLatticeFaster():decoder-wrappers.cc:375) Log-like per frame for utterance 1037_94_r is -4.23651 over 348 frames.
1037_96_l 
LOG (gmm-latgen-faster[5.5.891~1-37628]:DecodeUtteranceLatticeFaster():decoder-wrappers.cc:375) Log-like per frame for utterance 1037_96_l is -3.60107 over 58 frames.
1037_96_r 
LOG (gmm-latgen-faster[5.5.891~1-37628]:DecodeUtteranceLatticeFaster():decoder-wrappers.cc:375) Log-like per frame for utterance 1037_96_r is -3.8064 over 58 frames.
LOG (apply-cmvn[5.5.891~1-37628]:main():apply-cmvn.cc:162) Applied cepstral mean normalization to 168 utterances, errors on 0
1037_98_l an frans 
LOG (gmm-latgen-faster[5.5.891~1-37628]:DecodeUtteranceLatticeFaster():decoder-wrappers.cc:375) Log-like per frame for utterance 1037_98_l is -4.78269 over 377 frames.
1037_98_r an frans 
LOG (gmm-latgen-faster[5.5.891~1-37628]:DecodeUtteranceLatticeFaster():decoder-wrappers.cc:375) Log-like per frame for utterance 1037_98_r is -4.8358 over 377 frames.
1037_99_l ou té ka la ka bat 
LOG (gmm-latgen-faster[5.5.891~1-37628]:DecodeUtteranceLatticeFaster():decoder-wrappers.cc:375) Log-like per frame for utterance 1037_99_l is -4.85699 over 1229 frames.
LOG (transform-feats[5.5.891~1-37628]:main():transform-feats.cc:158) Overall average [pseudo-]logdet is -90.7687 over 51642 frames.
LOG (transform-feats[5.5.891~1-37628]:main():transform-feats.cc:161) Applied transform to 168 utterances; 0 had errors.
1037_99_r an pa sav 
LOG (gmm-latgen-faster[5.5.891~1-37628]:DecodeUtteranceLatticeFaster():decoder-wrappers.cc:375) Log-like per frame for utterance 1037_99_r is -4.88702 over 1229 frames.
1037_9_l 
LOG (gmm-latgen-faster[5.5.891~1-37628]:DecodeUtteranceLatticeFaster():decoder-wrappers.cc:375) Log-like per frame for utterance 1037_9_l is -4.07369 over 49 frames.
1037_9_r 
LOG (gmm-latgen-faster[5.5.891~1-37628]:DecodeUtteranceLatticeFaster():decoder-wrappers.cc:375) Log-like per frame for utterance 1037_9_r is -3.93261 over 49 frames.
LOG (gmm-latgen-faster[5.5.891~1-37628]:main():gmm-latgen-faster.cc:176) Time taken 643.175s: real-time factor assuming 100 frames/sec is 1.24545
LOG (gmm-latgen-faster[5.5.891~1-37628]:main():gmm-latgen-faster.cc:179) Done 168 utterances, failed for 0
LOG (gmm-latgen-faster[5.5.891~1-37628]:main():gmm-latgen-faster.cc:181) Overall log-likelihood per frame is -4.8919 over 51642 frames.
# Accounting: time=643 threads=1
# Ended (code 0) at Fri Mar 12 14:44:16 CET 2021, elapsed time 643 seconds
