# lattice-depth-per-frame "ark:gunzip -c exp/tri3a/decode/lat.2.gz|" "ark,t:|gzip -c > exp/tri3a/decode/depth_tmp.2.gz" ark:- | lattice-best-path --acoustic-scale=0.1 ark:- ark:/dev/null "ark,t:|gzip -c >exp/tri3a/decode/ali_tmp.2.gz" 
# Started at Fri Mar 12 14:57:44 CET 2021
#
lattice-best-path --acoustic-scale=0.1 ark:- ark:/dev/null 'ark,t:|gzip -c >exp/tri3a/decode/ali_tmp.2.gz' 
lattice-depth-per-frame 'ark:gunzip -c exp/tri3a/decode/lat.2.gz|' 'ark,t:|gzip -c > exp/tri3a/decode/depth_tmp.2.gz' ark:- 
LOG (lattice-best-path[5.5.891~1-37628]:main():lattice-best-path.cc:99) For utterance 1041_0_l, best cost 36.2597 + 3440.09 = 3476.35 over 654 frames.
LOG (lattice-best-path[5.5.891~1-37628]:main():lattice-best-path.cc:99) For utterance 1041_0_r, best cost 35.2688 + 3503.56 = 3538.83 over 654 frames.
LOG (lattice-best-path[5.5.891~1-37628]:main():lattice-best-path.cc:99) For utterance 1041_100_l, best cost 11.4076 + 528.485 = 539.893 over 87 frames.
LOG (lattice-best-path[5.5.891~1-37628]:main():lattice-best-path.cc:99) For utterance 1041_100_r, best cost 11.4076 + 526.992 = 538.4 over 87 frames.
LOG (lattice-best-path[5.5.891~1-37628]:main():lattice-best-path.cc:99) For utterance 1041_102_l, best cost 9.359 + 157.106 = 166.465 over 29 frames.
LOG (lattice-best-path[5.5.891~1-37628]:main():lattice-best-path.cc:99) For utterance 1041_102_r, best cost 11.8685 + 150.287 = 162.155 over 29 frames.
LOG (lattice-best-path[5.5.891~1-37628]:main():lattice-best-path.cc:99) For utterance 1041_104_l, best cost 21.304 + 2022.73 = 2044.03 over 405 frames.
LOG (lattice-best-path[5.5.891~1-37628]:main():lattice-best-path.cc:99) For utterance 1041_104_r, best cost 22.0628 + 2053.39 = 2075.46 over 405 frames.
LOG (lattice-best-path[5.5.891~1-37628]:main():lattice-best-path.cc:99) For utterance 1041_106_l, best cost 10.7713 + 863.806 = 874.577 over 142 frames.
LOG (lattice-best-path[5.5.891~1-37628]:main():lattice-best-path.cc:99) For utterance 1041_106_r, best cost 10.7713 + 863.927 = 874.698 over 142 frames.
LOG (lattice-best-path[5.5.891~1-37628]:main():lattice-best-path.cc:99) For utterance 1041_108_l, best cost 25.8304 + 2212.61 = 2238.44 over 382 frames.
LOG (lattice-best-path[5.5.891~1-37628]:main():lattice-best-path.cc:99) For utterance 1041_108_r, best cost 29.0694 + 2278.14 = 2307.21 over 382 frames.
LOG (lattice-best-path[5.5.891~1-37628]:main():lattice-best-path.cc:99) For utterance 1041_10_l, best cost 27.536 + 912.516 = 940.052 over 181 frames.
LOG (lattice-best-path[5.5.891~1-37628]:main():lattice-best-path.cc:99) For utterance 1041_10_r, best cost 26.5765 + 945.466 = 972.042 over 181 frames.
LOG (lattice-best-path[5.5.891~1-37628]:main():lattice-best-path.cc:99) For utterance 1041_110_l, best cost 9.70361 + 487.052 = 496.755 over 98 frames.
LOG (lattice-best-path[5.5.891~1-37628]:main():lattice-best-path.cc:99) For utterance 1041_110_r, best cost 9.90591 + 482.313 = 492.219 over 98 frames.
LOG (lattice-best-path[5.5.891~1-37628]:main():lattice-best-path.cc:99) For utterance 1041_112_l, best cost 16.8774 + 1280.12 = 1296.99 over 267 frames.
LOG (lattice-best-path[5.5.891~1-37628]:main():lattice-best-path.cc:99) For utterance 1041_112_r, best cost 14.6807 + 1316.51 = 1331.19 over 267 frames.
LOG (lattice-best-path[5.5.891~1-37628]:main():lattice-best-path.cc:99) For utterance 1041_113_l, best cost 23.134 + 1882.3 = 1905.43 over 373 frames.
LOG (lattice-best-path[5.5.891~1-37628]:main():lattice-best-path.cc:99) For utterance 1041_113_r, best cost 23.3617 + 1910.65 = 1934.01 over 373 frames.
LOG (lattice-best-path[5.5.891~1-37628]:main():lattice-best-path.cc:99) For utterance 1041_115_l, best cost 11.6369 + 552.84 = 564.476 over 98 frames.
LOG (lattice-best-path[5.5.891~1-37628]:main():lattice-best-path.cc:99) For utterance 1041_115_r, best cost 11.5226 + 556.169 = 567.692 over 98 frames.
LOG (lattice-best-path[5.5.891~1-37628]:main():lattice-best-path.cc:99) For utterance 1041_117_l, best cost 35.9395 + 3098.64 = 3134.57 over 556 frames.
LOG (lattice-best-path[5.5.891~1-37628]:main():lattice-best-path.cc:99) For utterance 1041_117_r, best cost 33.9813 + 3147.17 = 3181.15 over 556 frames.
LOG (lattice-best-path[5.5.891~1-37628]:main():lattice-best-path.cc:99) For utterance 1041_119_l, best cost 27.0863 + 1033.97 = 1061.06 over 200 frames.
LOG (lattice-best-path[5.5.891~1-37628]:main():lattice-best-path.cc:99) For utterance 1041_119_r, best cost 24.5088 + 1045.78 = 1070.29 over 200 frames.
LOG (lattice-best-path[5.5.891~1-37628]:main():lattice-best-path.cc:99) For utterance 1041_121_l, best cost 9.59784 + 361.4 = 370.998 over 65 frames.
LOG (lattice-best-path[5.5.891~1-37628]:main():lattice-best-path.cc:99) For utterance 1041_121_r, best cost 9.59784 + 363.185 = 372.782 over 65 frames.
LOG (lattice-best-path[5.5.891~1-37628]:main():lattice-best-path.cc:99) For utterance 1041_123_l, best cost 8.81424 + 585.668 = 594.482 over 97 frames.
LOG (lattice-best-path[5.5.891~1-37628]:main():lattice-best-path.cc:99) For utterance 1041_123_r, best cost 14.2161 + 579.99 = 594.206 over 97 frames.
LOG (lattice-best-path[5.5.891~1-37628]:main():lattice-best-path.cc:99) For utterance 1041_125_l, best cost 8.63727 + 291.829 = 300.466 over 60 frames.
LOG (lattice-best-path[5.5.891~1-37628]:main():lattice-best-path.cc:99) For utterance 1041_125_r, best cost 8.63204 + 292.409 = 301.041 over 60 frames.
LOG (lattice-best-path[5.5.891~1-37628]:main():lattice-best-path.cc:99) For utterance 1041_127_l, best cost 8.59727 + 374.791 = 383.388 over 53 frames.
LOG (lattice-best-path[5.5.891~1-37628]:main():lattice-best-path.cc:99) For utterance 1041_127_r, best cost 8.7993 + 378.866 = 387.666 over 53 frames.
LOG (lattice-best-path[5.5.891~1-37628]:main():lattice-best-path.cc:99) For utterance 1041_129_l, best cost 8.91196 + 609.796 = 618.708 over 95 frames.
LOG (lattice-best-path[5.5.891~1-37628]:main():lattice-best-path.cc:99) For utterance 1041_129_r, best cost 8.91196 + 622.698 = 631.61 over 95 frames.
LOG (lattice-best-path[5.5.891~1-37628]:main():lattice-best-path.cc:99) For utterance 1041_12_l, best cost 22.4336 + 742.527 = 764.96 over 144 frames.
LOG (lattice-best-path[5.5.891~1-37628]:main():lattice-best-path.cc:99) For utterance 1041_12_r, best cost 22.4465 + 741.259 = 763.706 over 144 frames.
LOG (lattice-best-path[5.5.891~1-37628]:main():lattice-best-path.cc:99) For utterance 1041_131_l, best cost 14.9056 + 1551.28 = 1566.19 over 274 frames.
LOG (lattice-best-path[5.5.891~1-37628]:main():lattice-best-path.cc:99) For utterance 1041_131_r, best cost 18.0561 + 1570.6 = 1588.66 over 274 frames.
LOG (lattice-best-path[5.5.891~1-37628]:main():lattice-best-path.cc:99) For utterance 1041_133_l, best cost 19.5875 + 1726.3 = 1745.89 over 312 frames.
LOG (lattice-best-path[5.5.891~1-37628]:main():lattice-best-path.cc:99) For utterance 1041_133_r, best cost 22.2498 + 1748.3 = 1770.55 over 312 frames.
LOG (lattice-best-path[5.5.891~1-37628]:main():lattice-best-path.cc:99) For utterance 1041_135_l, best cost 18.0813 + 673.184 = 691.265 over 146 frames.
LOG (lattice-best-path[5.5.891~1-37628]:main():lattice-best-path.cc:99) For utterance 1041_135_r, best cost 10.7042 + 683.43 = 694.134 over 146 frames.
LOG (lattice-best-path[5.5.891~1-37628]:main():lattice-best-path.cc:99) For utterance 1041_137_l, best cost 22.1401 + 1798.99 = 1821.13 over 337 frames.
LOG (lattice-best-path[5.5.891~1-37628]:main():lattice-best-path.cc:99) For utterance 1041_137_r, best cost 24.8098 + 1824.43 = 1849.24 over 337 frames.
LOG (lattice-best-path[5.5.891~1-37628]:main():lattice-best-path.cc:99) For utterance 1041_139_l, best cost 19.1079 + 873.777 = 892.885 over 147 frames.
LOG (lattice-best-path[5.5.891~1-37628]:main():lattice-best-path.cc:99) For utterance 1041_139_r, best cost 19.1056 + 903.351 = 922.457 over 147 frames.
LOG (lattice-best-path[5.5.891~1-37628]:main():lattice-best-path.cc:99) For utterance 1041_141_l, best cost 9.61677 + 289.083 = 298.7 over 49 frames.
LOG (lattice-best-path[5.5.891~1-37628]:main():lattice-best-path.cc:99) For utterance 1041_141_r, best cost 9.56793 + 289.442 = 299.01 over 49 frames.
LOG (lattice-best-path[5.5.891~1-37628]:main():lattice-best-path.cc:99) For utterance 1041_143_l, best cost 11.9022 + 673.341 = 685.243 over 98 frames.
LOG (lattice-best-path[5.5.891~1-37628]:main():lattice-best-path.cc:99) For utterance 1041_143_r, best cost 11.4693 + 686.215 = 697.685 over 98 frames.
LOG (lattice-best-path[5.5.891~1-37628]:main():lattice-best-path.cc:99) For utterance 1041_145_l, best cost 42.6479 + 2780.83 = 2823.48 over 515 frames.
LOG (lattice-best-path[5.5.891~1-37628]:main():lattice-best-path.cc:99) For utterance 1041_145_r, best cost 38.3037 + 2822.75 = 2861.05 over 515 frames.
LOG (lattice-best-path[5.5.891~1-37628]:main():lattice-best-path.cc:99) For utterance 1041_147_l, best cost 17.3777 + 543.123 = 560.5 over 96 frames.
LOG (lattice-best-path[5.5.891~1-37628]:main():lattice-best-path.cc:99) For utterance 1041_147_r, best cost 17.3737 + 557.907 = 575.281 over 96 frames.
LOG (lattice-best-path[5.5.891~1-37628]:main():lattice-best-path.cc:99) For utterance 1041_149_l, best cost 44.5901 + 2676.64 = 2721.23 over 558 frames.
LOG (lattice-best-path[5.5.891~1-37628]:main():lattice-best-path.cc:99) For utterance 1041_149_r, best cost 41.5103 + 2705.25 = 2746.76 over 558 frames.
LOG (lattice-best-path[5.5.891~1-37628]:main():lattice-best-path.cc:99) For utterance 1041_14_l, best cost 36.7805 + 1938 = 1974.78 over 371 frames.
LOG (lattice-best-path[5.5.891~1-37628]:main():lattice-best-path.cc:99) For utterance 1041_14_r, best cost 28.5478 + 2006.5 = 2035.05 over 371 frames.
LOG (lattice-best-path[5.5.891~1-37628]:main():lattice-best-path.cc:99) For utterance 1041_151_l, best cost 17.5848 + 944.515 = 962.099 over 172 frames.
LOG (lattice-best-path[5.5.891~1-37628]:main():lattice-best-path.cc:99) For utterance 1041_151_r, best cost 19.0676 + 939.531 = 958.599 over 172 frames.
LOG (lattice-best-path[5.5.891~1-37628]:main():lattice-best-path.cc:99) For utterance 1041_153_l, best cost 43.6431 + 2920.46 = 2964.1 over 535 frames.
LOG (lattice-best-path[5.5.891~1-37628]:main():lattice-best-path.cc:99) For utterance 1041_153_r, best cost 44.7387 + 2944.17 = 2988.91 over 535 frames.
LOG (lattice-best-path[5.5.891~1-37628]:main():lattice-best-path.cc:99) For utterance 1041_155_l, best cost 31.5111 + 2908.04 = 2939.55 over 557 frames.
LOG (lattice-best-path[5.5.891~1-37628]:main():lattice-best-path.cc:99) For utterance 1041_155_r, best cost 31.5206 + 2955.05 = 2986.57 over 557 frames.
LOG (lattice-best-path[5.5.891~1-37628]:main():lattice-best-path.cc:99) For utterance 1041_157_l, best cost 25.8547 + 1618.74 = 1644.59 over 287 frames.
LOG (lattice-best-path[5.5.891~1-37628]:main():lattice-best-path.cc:99) For utterance 1041_157_r, best cost 26.1401 + 1645.73 = 1671.87 over 287 frames.
LOG (lattice-best-path[5.5.891~1-37628]:main():lattice-best-path.cc:99) For utterance 1041_159_l, best cost 15.2331 + 834.452 = 849.685 over 151 frames.
LOG (lattice-best-path[5.5.891~1-37628]:main():lattice-best-path.cc:99) For utterance 1041_159_r, best cost 11.956 + 849.124 = 861.08 over 151 frames.
LOG (lattice-best-path[5.5.891~1-37628]:main():lattice-best-path.cc:99) For utterance 1041_161_l, best cost 26.8389 + 1516.79 = 1543.63 over 279 frames.
LOG (lattice-best-path[5.5.891~1-37628]:main():lattice-best-path.cc:99) For utterance 1041_161_r, best cost 28.5327 + 1510.75 = 1539.28 over 279 frames.
LOG (lattice-best-path[5.5.891~1-37628]:main():lattice-best-path.cc:99) For utterance 1041_163_l, best cost 20.1723 + 2923.83 = 2944.01 over 504 frames.
LOG (lattice-best-path[5.5.891~1-37628]:main():lattice-best-path.cc:99) For utterance 1041_163_r, best cost 20.1776 + 2971.76 = 2991.94 over 504 frames.
LOG (lattice-best-path[5.5.891~1-37628]:main():lattice-best-path.cc:99) For utterance 1041_165_l, best cost 24.6629 + 1500.8 = 1525.46 over 278 frames.
LOG (lattice-best-path[5.5.891~1-37628]:main():lattice-best-path.cc:99) For utterance 1041_165_r, best cost 25.5429 + 1516.2 = 1541.74 over 278 frames.
LOG (lattice-best-path[5.5.891~1-37628]:main():lattice-best-path.cc:99) For utterance 1041_167_l, best cost 22.2053 + 1776 = 1798.2 over 315 frames.
LOG (lattice-best-path[5.5.891~1-37628]:main():lattice-best-path.cc:99) For utterance 1041_167_r, best cost 22.4211 + 1783.71 = 1806.14 over 315 frames.
LOG (lattice-best-path[5.5.891~1-37628]:main():lattice-best-path.cc:99) For utterance 1041_16_l, best cost 52.8784 + 3947.99 = 4000.87 over 724 frames.
LOG (lattice-best-path[5.5.891~1-37628]:main():lattice-best-path.cc:99) For utterance 1041_16_r, best cost 56.6903 + 4007.4 = 4064.09 over 724 frames.
LOG (lattice-best-path[5.5.891~1-37628]:main():lattice-best-path.cc:99) For utterance 1041_170_l, best cost 19.9352 + 1359.25 = 1379.19 over 214 frames.
LOG (lattice-best-path[5.5.891~1-37628]:main():lattice-best-path.cc:99) For utterance 1041_170_r, best cost 19.934 + 1385.64 = 1405.58 over 214 frames.
LOG (lattice-best-path[5.5.891~1-37628]:main():lattice-best-path.cc:99) For utterance 1041_172_l, best cost 22.5158 + 2308.6 = 2331.12 over 404 frames.
LOG (lattice-best-path[5.5.891~1-37628]:main():lattice-best-path.cc:99) For utterance 1041_172_r, best cost 22.5077 + 2328.03 = 2350.53 over 404 frames.
LOG (lattice-best-path[5.5.891~1-37628]:main():lattice-best-path.cc:99) For utterance 1041_174_l, best cost 8.53017 + 198.306 = 206.837 over 35 frames.
LOG (lattice-best-path[5.5.891~1-37628]:main():lattice-best-path.cc:99) For utterance 1041_174_r, best cost 8.53017 + 204.135 = 212.665 over 35 frames.
LOG (lattice-best-path[5.5.891~1-37628]:main():lattice-best-path.cc:99) For utterance 1041_176_l, best cost 22.532 + 2583.11 = 2605.65 over 452 frames.
LOG (lattice-best-path[5.5.891~1-37628]:main():lattice-best-path.cc:99) For utterance 1041_176_r, best cost 25.1512 + 2617.59 = 2642.75 over 452 frames.
LOG (lattice-best-path[5.5.891~1-37628]:main():lattice-best-path.cc:99) For utterance 1041_177_l, best cost 26.628 + 2291.65 = 2318.28 over 421 frames.
LOG (lattice-best-path[5.5.891~1-37628]:main():lattice-best-path.cc:99) For utterance 1041_177_r, best cost 26.7107 + 2341.8 = 2368.51 over 421 frames.
LOG (lattice-best-path[5.5.891~1-37628]:main():lattice-best-path.cc:99) For utterance 1041_178_l, best cost 30.8047 + 3029.54 = 3060.35 over 561 frames.
LOG (lattice-best-path[5.5.891~1-37628]:main():lattice-best-path.cc:99) For utterance 1041_178_r, best cost 28.8967 + 3111.85 = 3140.75 over 561 frames.
LOG (lattice-best-path[5.5.891~1-37628]:main():lattice-best-path.cc:99) For utterance 1041_180_l, best cost 25.9299 + 1265.84 = 1291.77 over 232 frames.
LOG (lattice-best-path[5.5.891~1-37628]:main():lattice-best-path.cc:99) For utterance 1041_180_r, best cost 16.09 + 1289.52 = 1305.61 over 232 frames.
LOG (lattice-best-path[5.5.891~1-37628]:main():lattice-best-path.cc:99) For utterance 1041_182_l, best cost 11.5798 + 689.872 = 701.452 over 119 frames.
LOG (lattice-best-path[5.5.891~1-37628]:main():lattice-best-path.cc:99) For utterance 1041_182_r, best cost 11.601 + 693.015 = 704.616 over 119 frames.
LOG (lattice-best-path[5.5.891~1-37628]:main():lattice-best-path.cc:99) For utterance 1041_184_l, best cost 9.29847 + 455.131 = 464.429 over 79 frames.
LOG (lattice-best-path[5.5.891~1-37628]:main():lattice-best-path.cc:99) For utterance 1041_184_r, best cost 9.28008 + 464.598 = 473.878 over 79 frames.
LOG (lattice-best-path[5.5.891~1-37628]:main():lattice-best-path.cc:99) For utterance 1041_186_l, best cost 20.0156 + 757.042 = 777.058 over 129 frames.
LOG (lattice-best-path[5.5.891~1-37628]:main():lattice-best-path.cc:99) For utterance 1041_186_r, best cost 18.2254 + 751.797 = 770.022 over 129 frames.
LOG (lattice-best-path[5.5.891~1-37628]:main():lattice-best-path.cc:99) For utterance 1041_188_l, best cost 46.1255 + 3130.23 = 3176.35 over 564 frames.
LOG (lattice-best-path[5.5.891~1-37628]:main():lattice-best-path.cc:99) For utterance 1041_188_r, best cost 46.8733 + 3190.46 = 3237.33 over 564 frames.
LOG (lattice-best-path[5.5.891~1-37628]:main():lattice-best-path.cc:99) For utterance 1041_18_l, best cost 11.8428 + 542.518 = 554.361 over 85 frames.
LOG (lattice-best-path[5.5.891~1-37628]:main():lattice-best-path.cc:99) For utterance 1041_18_r, best cost 11.6299 + 551.147 = 562.777 over 85 frames.
LOG (lattice-best-path[5.5.891~1-37628]:main():lattice-best-path.cc:99) For utterance 1041_190_l, best cost 22.1264 + 2039.46 = 2061.59 over 374 frames.
LOG (lattice-best-path[5.5.891~1-37628]:main():lattice-best-path.cc:99) For utterance 1041_190_r, best cost 19.9314 + 2069.17 = 2089.1 over 374 frames.
LOG (lattice-best-path[5.5.891~1-37628]:main():lattice-best-path.cc:99) For utterance 1041_192_l, best cost 15.067 + 1711.34 = 1726.41 over 288 frames.
LOG (lattice-best-path[5.5.891~1-37628]:main():lattice-best-path.cc:99) For utterance 1041_192_r, best cost 12.4202 + 1720.14 = 1732.56 over 288 frames.
LOG (lattice-best-path[5.5.891~1-37628]:main():lattice-best-path.cc:99) For utterance 1041_194_l, best cost 39.5784 + 2476.62 = 2516.2 over 447 frames.
LOG (lattice-best-path[5.5.891~1-37628]:main():lattice-best-path.cc:99) For utterance 1041_194_r, best cost 40.9091 + 2504.2 = 2545.11 over 447 frames.
LOG (lattice-best-path[5.5.891~1-37628]:main():lattice-best-path.cc:99) For utterance 1041_196_l, best cost 36.0049 + 2208.35 = 2244.35 over 412 frames.
LOG (lattice-best-path[5.5.891~1-37628]:main():lattice-best-path.cc:99) For utterance 1041_196_r, best cost 27.6255 + 2264.8 = 2292.43 over 412 frames.
LOG (lattice-best-path[5.5.891~1-37628]:main():lattice-best-path.cc:99) For utterance 1041_198_l, best cost 23.1897 + 1763.67 = 1786.86 over 294 frames.
LOG (lattice-best-path[5.5.891~1-37628]:main():lattice-best-path.cc:99) For utterance 1041_198_r, best cost 23.1759 + 1771.86 = 1795.04 over 294 frames.
LOG (lattice-best-path[5.5.891~1-37628]:main():lattice-best-path.cc:99) For utterance 1041_200_l, best cost 29.0463 + 1992.03 = 2021.07 over 374 frames.
LOG (lattice-best-path[5.5.891~1-37628]:main():lattice-best-path.cc:99) For utterance 1041_200_r, best cost 47.7236 + 2005.63 = 2053.36 over 374 frames.
LOG (lattice-best-path[5.5.891~1-37628]:main():lattice-best-path.cc:99) For utterance 1041_202_l, best cost 14.4599 + 1063.26 = 1077.72 over 180 frames.
LOG (lattice-best-path[5.5.891~1-37628]:main():lattice-best-path.cc:99) For utterance 1041_202_r, best cost 14.4587 + 1060.65 = 1075.1 over 180 frames.
LOG (lattice-best-path[5.5.891~1-37628]:main():lattice-best-path.cc:99) For utterance 1041_204_l, best cost 52.4219 + 3277.31 = 3329.73 over 604 frames.
LOG (lattice-best-path[5.5.891~1-37628]:main():lattice-best-path.cc:99) For utterance 1041_204_r, best cost 49.3102 + 3331.22 = 3380.53 over 604 frames.
LOG (lattice-best-path[5.5.891~1-37628]:main():lattice-best-path.cc:99) For utterance 1041_206_l, best cost 9.14866 + 474.581 = 483.73 over 80 frames.
LOG (lattice-best-path[5.5.891~1-37628]:main():lattice-best-path.cc:99) For utterance 1041_206_r, best cost 9.13546 + 476.333 = 485.469 over 80 frames.
LOG (lattice-best-path[5.5.891~1-37628]:main():lattice-best-path.cc:99) For utterance 1041_208_l, best cost 22.0628 + 1816.48 = 1838.54 over 343 frames.
LOG (lattice-best-path[5.5.891~1-37628]:main():lattice-best-path.cc:99) For utterance 1041_208_r, best cost 22.0209 + 1842.43 = 1864.45 over 343 frames.
LOG (lattice-best-path[5.5.891~1-37628]:main():lattice-best-path.cc:99) For utterance 1041_20_l, best cost 56.525 + 2259.97 = 2316.49 over 421 frames.
LOG (lattice-best-path[5.5.891~1-37628]:main():lattice-best-path.cc:99) For utterance 1041_20_r, best cost 33.4016 + 2345.72 = 2379.12 over 421 frames.
LOG (lattice-best-path[5.5.891~1-37628]:main():lattice-best-path.cc:99) For utterance 1041_210_l, best cost 45.562 + 2134.8 = 2180.37 over 384 frames.
LOG (lattice-best-path[5.5.891~1-37628]:main():lattice-best-path.cc:99) For utterance 1041_210_r, best cost 37.7567 + 2143.68 = 2181.43 over 384 frames.
LOG (lattice-best-path[5.5.891~1-37628]:main():lattice-best-path.cc:99) For utterance 1041_212_l, best cost 34.8949 + 2020.58 = 2055.48 over 359 frames.
LOG (lattice-best-path[5.5.891~1-37628]:main():lattice-best-path.cc:99) For utterance 1041_212_r, best cost 39.016 + 2042.64 = 2081.66 over 359 frames.
LOG (lattice-best-path[5.5.891~1-37628]:main():lattice-best-path.cc:99) For utterance 1041_214_l, best cost 13.3397 + 874.879 = 888.218 over 135 frames.
LOG (lattice-best-path[5.5.891~1-37628]:main():lattice-best-path.cc:99) For utterance 1041_214_r, best cost 14.2901 + 844.734 = 859.024 over 135 frames.
LOG (lattice-best-path[5.5.891~1-37628]:main():lattice-best-path.cc:99) For utterance 1041_216_l, best cost 27.9974 + 2629.53 = 2657.53 over 535 frames.
LOG (lattice-best-path[5.5.891~1-37628]:main():lattice-best-path.cc:99) For utterance 1041_216_r, best cost 31.6454 + 2644.53 = 2676.18 over 535 frames.
LOG (lattice-best-path[5.5.891~1-37628]:main():lattice-best-path.cc:99) For utterance 1041_217_l, best cost 28.178 + 2428.43 = 2456.61 over 440 frames.
LOG (lattice-best-path[5.5.891~1-37628]:main():lattice-best-path.cc:99) For utterance 1041_217_r, best cost 27.2586 + 2486.77 = 2514.03 over 440 frames.
LOG (lattice-best-path[5.5.891~1-37628]:main():lattice-best-path.cc:99) For utterance 1041_218_l, best cost 18.564 + 924.2 = 942.764 over 178 frames.
LOG (lattice-best-path[5.5.891~1-37628]:main():lattice-best-path.cc:99) For utterance 1041_218_r, best cost 18.5411 + 958.245 = 976.787 over 178 frames.
LOG (lattice-best-path[5.5.891~1-37628]:main():lattice-best-path.cc:99) For utterance 1041_220_l, best cost 41.9189 + 2836.77 = 2878.69 over 530 frames.
LOG (lattice-best-path[5.5.891~1-37628]:main():lattice-best-path.cc:99) For utterance 1041_220_r, best cost 48.878 + 2906.22 = 2955.1 over 530 frames.
LOG (lattice-best-path[5.5.891~1-37628]:main():lattice-best-path.cc:99) For utterance 1041_222_l, best cost 25.8167 + 2480.39 = 2506.2 over 494 frames.
LOG (lattice-best-path[5.5.891~1-37628]:main():lattice-best-path.cc:99) For utterance 1041_222_r, best cost 32.5447 + 2516.13 = 2548.67 over 494 frames.
LOG (lattice-best-path[5.5.891~1-37628]:main():lattice-best-path.cc:99) For utterance 1041_224_l, best cost 33.4293 + 2886.9 = 2920.33 over 535 frames.
LOG (lattice-best-path[5.5.891~1-37628]:main():lattice-best-path.cc:99) For utterance 1041_224_r, best cost 41.0826 + 2901.12 = 2942.21 over 535 frames.
LOG (lattice-best-path[5.5.891~1-37628]:main():lattice-best-path.cc:99) For utterance 1041_226_l, best cost 42.2096 + 2382.21 = 2424.42 over 424 frames.
LOG (lattice-best-path[5.5.891~1-37628]:main():lattice-best-path.cc:99) For utterance 1041_226_r, best cost 36.3616 + 2425.94 = 2462.31 over 424 frames.
LOG (lattice-best-path[5.5.891~1-37628]:main():lattice-best-path.cc:99) For utterance 1041_228_l, best cost 31.5694 + 1306.31 = 1337.88 over 225 frames.
LOG (lattice-best-path[5.5.891~1-37628]:main():lattice-best-path.cc:99) For utterance 1041_228_r, best cost 28.5837 + 1349.51 = 1378.1 over 225 frames.
LOG (lattice-best-path[5.5.891~1-37628]:main():lattice-best-path.cc:99) For utterance 1041_22_l, best cost 16.8048 + 427.573 = 444.377 over 100 frames.
LOG (lattice-best-path[5.5.891~1-37628]:main():lattice-best-path.cc:99) For utterance 1041_22_r, best cost 10.3927 + 433.038 = 443.43 over 100 frames.
LOG (lattice-best-path[5.5.891~1-37628]:main():lattice-best-path.cc:99) For utterance 1041_230_l, best cost 27.912 + 1484.98 = 1512.89 over 279 frames.
LOG (lattice-best-path[5.5.891~1-37628]:main():lattice-best-path.cc:99) For utterance 1041_230_r, best cost 24.6483 + 1518.77 = 1543.42 over 279 frames.
LOG (lattice-best-path[5.5.891~1-37628]:main():lattice-best-path.cc:99) For utterance 1041_232_l, best cost 43.6132 + 3135.78 = 3179.4 over 572 frames.
LOG (lattice-best-path[5.5.891~1-37628]:main():lattice-best-path.cc:99) For utterance 1041_232_r, best cost 44.6589 + 3119.37 = 3164.03 over 572 frames.
LOG (lattice-best-path[5.5.891~1-37628]:main():lattice-best-path.cc:99) For utterance 1041_234_l, best cost 16.2971 + 1044.36 = 1060.66 over 173 frames.
LOG (lattice-best-path[5.5.891~1-37628]:main():lattice-best-path.cc:99) For utterance 1041_234_r, best cost 16.3012 + 1047.89 = 1064.19 over 173 frames.
LOG (lattice-best-path[5.5.891~1-37628]:main():lattice-best-path.cc:99) For utterance 1041_236_l, best cost 48.3559 + 3551.84 = 3600.19 over 720 frames.
LOG (lattice-best-path[5.5.891~1-37628]:main():lattice-best-path.cc:99) For utterance 1041_236_r, best cost 47.2626 + 3566.16 = 3613.42 over 720 frames.
LOG (lattice-best-path[5.5.891~1-37628]:main():lattice-best-path.cc:99) For utterance 1041_238_l, best cost 19.9679 + 1442.91 = 1462.88 over 226 frames.
LOG (lattice-best-path[5.5.891~1-37628]:main():lattice-best-path.cc:99) For utterance 1041_238_r, best cost 20.9322 + 1469.93 = 1490.86 over 226 frames.
LOG (lattice-best-path[5.5.891~1-37628]:main():lattice-best-path.cc:99) For utterance 1041_240_l, best cost 28.0752 + 1439.15 = 1467.22 over 263 frames.
LOG (lattice-best-path[5.5.891~1-37628]:main():lattice-best-path.cc:99) For utterance 1041_240_r, best cost 27.965 + 1463.13 = 1491.09 over 263 frames.
LOG (lattice-best-path[5.5.891~1-37628]:main():lattice-best-path.cc:99) For utterance 1041_242_l, best cost 14.3583 + 865.641 = 879.999 over 146 frames.
LOG (lattice-best-path[5.5.891~1-37628]:main():lattice-best-path.cc:99) For utterance 1041_242_r, best cost 15.2141 + 874.011 = 889.225 over 146 frames.
LOG (lattice-best-path[5.5.891~1-37628]:main():lattice-best-path.cc:99) For utterance 1041_244_l, best cost 23.1582 + 1521.06 = 1544.21 over 246 frames.
LOG (lattice-best-path[5.5.891~1-37628]:main():lattice-best-path.cc:99) For utterance 1041_244_r, best cost 23.1754 + 1528.83 = 1552 over 246 frames.
LOG (lattice-best-path[5.5.891~1-37628]:main():lattice-best-path.cc:99) For utterance 1041_246_l, best cost 11.6495 + 718.821 = 730.47 over 138 frames.
LOG (lattice-best-path[5.5.891~1-37628]:main():lattice-best-path.cc:99) For utterance 1041_246_r, best cost 11.6472 + 722.85 = 734.497 over 138 frames.
LOG (lattice-best-path[5.5.891~1-37628]:main():lattice-best-path.cc:99) For utterance 1041_248_l, best cost 29.4773 + 2136.6 = 2166.08 over 363 frames.
LOG (lattice-best-path[5.5.891~1-37628]:main():lattice-best-path.cc:99) For utterance 1041_248_r, best cost 29.456 + 2164.45 = 2193.91 over 363 frames.
LOG (lattice-best-path[5.5.891~1-37628]:main():lattice-best-path.cc:99) For utterance 1041_24_l, best cost 23.4517 + 1349.75 = 1373.21 over 227 frames.
LOG (lattice-best-path[5.5.891~1-37628]:main():lattice-best-path.cc:99) For utterance 1041_24_r, best cost 23.2317 + 1373.24 = 1396.48 over 227 frames.
LOG (lattice-best-path[5.5.891~1-37628]:main():lattice-best-path.cc:99) For utterance 1041_250_l, best cost 12.9183 + 1132.39 = 1145.3 over 197 frames.
LOG (lattice-best-path[5.5.891~1-37628]:main():lattice-best-path.cc:99) For utterance 1041_250_r, best cost 12.9091 + 1126.13 = 1139.04 over 197 frames.
LOG (lattice-best-path[5.5.891~1-37628]:main():lattice-best-path.cc:99) For utterance 1041_252_l, best cost 6.91807 + 454.371 = 461.289 over 122 frames.
LOG (lattice-best-path[5.5.891~1-37628]:main():lattice-best-path.cc:99) For utterance 1041_252_r, best cost 6.92839 + 462.86 = 469.789 over 122 frames.
LOG (lattice-best-path[5.5.891~1-37628]:main():lattice-best-path.cc:99) For utterance 1041_254_l, best cost 26.5176 + 2963.83 = 2990.35 over 492 frames.
LOG (lattice-best-path[5.5.891~1-37628]:main():lattice-best-path.cc:99) For utterance 1041_254_r, best cost 28.3995 + 3015.47 = 3043.87 over 492 frames.
LOG (lattice-best-path[5.5.891~1-37628]:main():lattice-best-path.cc:99) For utterance 1041_255_l, best cost 65.4753 + 4253.84 = 4319.31 over 781 frames.
LOG (lattice-best-path[5.5.891~1-37628]:main():lattice-best-path.cc:99) For utterance 1041_255_r, best cost 67.4228 + 4284.52 = 4351.95 over 781 frames.
LOG (lattice-best-path[5.5.891~1-37628]:main():lattice-best-path.cc:99) For utterance 1041_257_l, best cost 24.3064 + 2563.99 = 2588.29 over 450 frames.
LOG (lattice-best-path[5.5.891~1-37628]:main():lattice-best-path.cc:99) For utterance 1041_257_r, best cost 23.2776 + 2589.93 = 2613.21 over 450 frames.
LOG (lattice-best-path[5.5.891~1-37628]:main():lattice-best-path.cc:99) For utterance 1041_259_l, best cost 24.2073 + 2285.72 = 2309.93 over 406 frames.
LOG (lattice-best-path[5.5.891~1-37628]:main():lattice-best-path.cc:99) For utterance 1041_259_r, best cost 24.2293 + 2320.14 = 2344.37 over 406 frames.
LOG (lattice-best-path[5.5.891~1-37628]:main():lattice-best-path.cc:99) For utterance 1041_261_l, best cost 12.136 + 323.099 = 335.235 over 55 frames.
LOG (lattice-best-path[5.5.891~1-37628]:main():lattice-best-path.cc:99) For utterance 1041_261_r, best cost 12.1349 + 326.33 = 338.464 over 55 frames.
LOG (lattice-best-path[5.5.891~1-37628]:main():lattice-best-path.cc:99) For utterance 1041_263_l, best cost 31.2444 + 2568.75 = 2599.99 over 442 frames.
LOG (lattice-best-path[5.5.891~1-37628]:main():lattice-best-path.cc:99) For utterance 1041_263_r, best cost 32.0602 + 2562.82 = 2594.88 over 442 frames.
LOG (lattice-best-path[5.5.891~1-37628]:main():lattice-best-path.cc:99) For utterance 1041_265_l, best cost 38.4623 + 2656.68 = 2695.14 over 503 frames.
LOG (lattice-best-path[5.5.891~1-37628]:main():lattice-best-path.cc:99) For utterance 1041_265_r, best cost 44.2732 + 2690.52 = 2734.79 over 503 frames.
LOG (lattice-best-path[5.5.891~1-37628]:main():lattice-best-path.cc:99) For utterance 1041_267_l, best cost 9.01525 + 549.766 = 558.781 over 100 frames.
LOG (lattice-best-path[5.5.891~1-37628]:main():lattice-best-path.cc:99) For utterance 1041_267_r, best cost 9.0233 + 557.895 = 566.918 over 100 frames.
LOG (lattice-best-path[5.5.891~1-37628]:main():lattice-best-path.cc:99) For utterance 1041_269_l, best cost 21.5446 + 1057.6 = 1079.15 over 196 frames.
LOG (lattice-best-path[5.5.891~1-37628]:main():lattice-best-path.cc:99) For utterance 1041_269_r, best cost 21.6125 + 1045.06 = 1066.67 over 196 frames.
LOG (lattice-best-path[5.5.891~1-37628]:main():lattice-best-path.cc:99) For utterance 1041_26_l, best cost 24.3298 + 2229.97 = 2254.3 over 459 frames.
LOG (lattice-best-path[5.5.891~1-37628]:main():lattice-best-path.cc:99) For utterance 1041_26_r, best cost 27.3035 + 2301.12 = 2328.42 over 459 frames.
LOG (lattice-best-path[5.5.891~1-37628]:main():lattice-best-path.cc:99) For utterance 1041_271_l, best cost 43.7874 + 2511.17 = 2554.96 over 455 frames.
LOG (lattice-best-path[5.5.891~1-37628]:main():lattice-best-path.cc:99) For utterance 1041_271_r, best cost 33.3694 + 2567.96 = 2601.33 over 455 frames.
LOG (lattice-best-path[5.5.891~1-37628]:main():lattice-best-path.cc:99) For utterance 1041_273_l, best cost 28.8935 + 1606.18 = 1635.07 over 259 frames.
LOG (lattice-best-path[5.5.891~1-37628]:main():lattice-best-path.cc:99) For utterance 1041_273_r, best cost 27.8746 + 1629.76 = 1657.64 over 259 frames.
LOG (lattice-best-path[5.5.891~1-37628]:main():lattice-best-path.cc:99) For utterance 1041_275_l, best cost 13.2542 + 991.79 = 1005.04 over 175 frames.
LOG (lattice-best-path[5.5.891~1-37628]:main():lattice-best-path.cc:99) For utterance 1041_275_r, best cost 13.2606 + 970.789 = 984.049 over 175 frames.
LOG (lattice-best-path[5.5.891~1-37628]:main():lattice-best-path.cc:99) For utterance 1041_277_l, best cost 67.8988 + 2241.71 = 2309.61 over 402 frames.
LOG (lattice-best-path[5.5.891~1-37628]:main():lattice-best-path.cc:99) For utterance 1041_277_r, best cost 64.5272 + 2270.48 = 2335 over 402 frames.
LOG (lattice-best-path[5.5.891~1-37628]:main():lattice-best-path.cc:99) For utterance 1041_279_l, best cost 17.141 + 1067.09 = 1084.23 over 174 frames.
LOG (lattice-best-path[5.5.891~1-37628]:main():lattice-best-path.cc:99) For utterance 1041_279_r, best cost 17.1399 + 1075.85 = 1092.99 over 174 frames.
LOG (lattice-best-path[5.5.891~1-37628]:main():lattice-best-path.cc:99) For utterance 1041_281_l, best cost 25.5898 + 1738.89 = 1764.48 over 299 frames.
LOG (lattice-best-path[5.5.891~1-37628]:main():lattice-best-path.cc:99) For utterance 1041_281_r, best cost 21.6639 + 1747.54 = 1769.21 over 299 frames.
LOG (lattice-best-path[5.5.891~1-37628]:main():lattice-best-path.cc:99) For utterance 1041_283_l, best cost 29.2337 + 1902.06 = 1931.3 over 351 frames.
LOG (lattice-best-path[5.5.891~1-37628]:main():lattice-best-path.cc:99) For utterance 1041_283_r, best cost 23.0513 + 1913.71 = 1936.76 over 351 frames.
LOG (lattice-best-path[5.5.891~1-37628]:main():lattice-best-path.cc:99) For utterance 1041_285_l, best cost 47.0427 + 1046.03 = 1093.07 over 195 frames.
LOG (lattice-best-path[5.5.891~1-37628]:main():lattice-best-path.cc:99) For utterance 1041_285_r, best cost 47.0668 + 1054.19 = 1101.25 over 195 frames.
LOG (lattice-best-path[5.5.891~1-37628]:main():lattice-best-path.cc:99) For utterance 1041_287_l, best cost 16.5098 + 1299.8 = 1316.31 over 240 frames.
LOG (lattice-best-path[5.5.891~1-37628]:main():lattice-best-path.cc:99) For utterance 1041_287_r, best cost 16.3296 + 1288 = 1304.33 over 240 frames.
LOG (lattice-best-path[5.5.891~1-37628]:main():lattice-best-path.cc:99) For utterance 1041_289_l, best cost 14.6711 + 1601.47 = 1616.15 over 306 frames.
LOG (lattice-best-path[5.5.891~1-37628]:main():lattice-best-path.cc:99) For utterance 1041_289_r, best cost 14.6935 + 1624.61 = 1639.3 over 306 frames.
LOG (lattice-best-path[5.5.891~1-37628]:main():lattice-best-path.cc:99) For utterance 1041_28_l, best cost 41.4264 + 1782.49 = 1823.92 over 306 frames.
LOG (lattice-best-path[5.5.891~1-37628]:main():lattice-best-path.cc:99) For utterance 1041_28_r, best cost 25.8343 + 1845.28 = 1871.11 over 306 frames.
LOG (lattice-best-path[5.5.891~1-37628]:main():lattice-best-path.cc:99) For utterance 1041_291_l, best cost 14.3684 + 808.866 = 823.234 over 149 frames.
LOG (lattice-best-path[5.5.891~1-37628]:main():lattice-best-path.cc:99) For utterance 1041_291_r, best cost 14.3546 + 811.845 = 826.199 over 149 frames.
LOG (lattice-best-path[5.5.891~1-37628]:main():lattice-best-path.cc:99) For utterance 1041_293_l, best cost 8.77595 + 364.871 = 373.647 over 93 frames.
LOG (lattice-best-path[5.5.891~1-37628]:main():lattice-best-path.cc:99) For utterance 1041_293_r, best cost 8.7655 + 373.499 = 382.265 over 93 frames.
LOG (lattice-best-path[5.5.891~1-37628]:main():lattice-best-path.cc:99) For utterance 1041_295_l, best cost 57.2804 + 4049.35 = 4106.63 over 824 frames.
LOG (lattice-best-path[5.5.891~1-37628]:main():lattice-best-path.cc:99) For utterance 1041_295_r, best cost 54.4127 + 4116.33 = 4170.75 over 824 frames.
LOG (lattice-best-path[5.5.891~1-37628]:main():lattice-best-path.cc:99) For utterance 1041_297_l, best cost 8.73754 + 458.146 = 466.883 over 86 frames.
LOG (lattice-best-path[5.5.891~1-37628]:main():lattice-best-path.cc:99) For utterance 1041_297_r, best cost 8.73754 + 463.811 = 472.548 over 86 frames.
LOG (lattice-best-path[5.5.891~1-37628]:main():lattice-best-path.cc:99) For utterance 1041_299_l, best cost 29.6448 + 1671.85 = 1701.49 over 311 frames.
LOG (lattice-best-path[5.5.891~1-37628]:main():lattice-best-path.cc:99) For utterance 1041_299_r, best cost 29.6184 + 1685.62 = 1715.24 over 311 frames.
LOG (lattice-best-path[5.5.891~1-37628]:main():lattice-best-path.cc:99) For utterance 1041_2_l, best cost 29.7691 + 1629.67 = 1659.44 over 284 frames.
LOG (lattice-best-path[5.5.891~1-37628]:main():lattice-best-path.cc:99) For utterance 1041_2_r, best cost 27.0974 + 1647.99 = 1675.08 over 284 frames.
LOG (lattice-best-path[5.5.891~1-37628]:main():lattice-best-path.cc:99) For utterance 1041_301_l, best cost 45.6645 + 4254.36 = 4300.02 over 921 frames.
LOG (lattice-best-path[5.5.891~1-37628]:main():lattice-best-path.cc:99) For utterance 1041_301_r, best cost 45.6822 + 4305.94 = 4351.63 over 921 frames.
LOG (lattice-best-path[5.5.891~1-37628]:main():lattice-best-path.cc:99) For utterance 1041_303_l, best cost 13.4393 + 569.756 = 583.195 over 107 frames.
LOG (lattice-best-path[5.5.891~1-37628]:main():lattice-best-path.cc:99) For utterance 1041_303_r, best cost 13.4393 + 584.394 = 597.834 over 107 frames.
LOG (lattice-best-path[5.5.891~1-37628]:main():lattice-best-path.cc:99) For utterance 1041_305_l, best cost 9.03565 + 516.155 = 525.191 over 102 frames.
LOG (lattice-best-path[5.5.891~1-37628]:main():lattice-best-path.cc:99) For utterance 1041_305_r, best cost 9.0408 + 526.843 = 535.884 over 102 frames.
LOG (lattice-best-path[5.5.891~1-37628]:main():lattice-best-path.cc:99) For utterance 1041_307_l, best cost 53.003 + 3012.55 = 3065.55 over 613 frames.
LOG (lattice-best-path[5.5.891~1-37628]:main():lattice-best-path.cc:99) For utterance 1041_307_r, best cost 43.3609 + 3038.91 = 3082.27 over 613 frames.
LOG (lattice-best-path[5.5.891~1-37628]:main():lattice-best-path.cc:99) For utterance 1041_308_l, best cost 50.6548 + 2296.36 = 2347.02 over 483 frames.
LOG (lattice-best-path[5.5.891~1-37628]:main():lattice-best-path.cc:99) For utterance 1041_308_r, best cost 49.9072 + 2341.09 = 2390.99 over 483 frames.
LOG (lattice-best-path[5.5.891~1-37628]:main():lattice-best-path.cc:99) For utterance 1041_30_l, best cost 31.6555 + 1918 = 1949.65 over 349 frames.
LOG (lattice-best-path[5.5.891~1-37628]:main():lattice-best-path.cc:99) For utterance 1041_30_r, best cost 21.1224 + 1976.64 = 1997.76 over 349 frames.
LOG (lattice-best-path[5.5.891~1-37628]:main():lattice-best-path.cc:99) For utterance 1041_310_l, best cost 34.7868 + 2483.52 = 2518.31 over 497 frames.
LOG (lattice-best-path[5.5.891~1-37628]:main():lattice-best-path.cc:99) For utterance 1041_310_r, best cost 34.1106 + 2492.29 = 2526.4 over 497 frames.
LOG (lattice-best-path[5.5.891~1-37628]:main():lattice-best-path.cc:99) For utterance 1041_312_l, best cost 19.8924 + 1762.63 = 1782.52 over 355 frames.
LOG (lattice-best-path[5.5.891~1-37628]:main():lattice-best-path.cc:99) For utterance 1041_312_r, best cost 21.2192 + 1749.96 = 1771.17 over 355 frames.
LOG (lattice-best-path[5.5.891~1-37628]:main():lattice-best-path.cc:99) For utterance 1041_314_l, best cost 27.4313 + 1543.59 = 1571.02 over 317 frames.
LOG (lattice-best-path[5.5.891~1-37628]:main():lattice-best-path.cc:99) For utterance 1041_314_r, best cost 33.9127 + 1567.6 = 1601.51 over 317 frames.
LOG (lattice-best-path[5.5.891~1-37628]:main():lattice-best-path.cc:99) For utterance 1041_316_l, best cost 9.71075 + 495.053 = 504.764 over 105 frames.
LOG (lattice-best-path[5.5.891~1-37628]:main():lattice-best-path.cc:99) For utterance 1041_316_r, best cost 9.72395 + 496.774 = 506.498 over 105 frames.
LOG (lattice-best-path[5.5.891~1-37628]:main():lattice-best-path.cc:99) For utterance 1041_318_l, best cost 31.2314 + 3168.66 = 3199.89 over 665 frames.
LOG (lattice-best-path[5.5.891~1-37628]:main():lattice-best-path.cc:99) For utterance 1041_318_r, best cost 39.6201 + 3184.19 = 3223.81 over 665 frames.
LOG (lattice-best-path[5.5.891~1-37628]:main():lattice-best-path.cc:99) For utterance 1041_320_l, best cost 15.6253 + 766.392 = 782.018 over 143 frames.
LOG (lattice-best-path[5.5.891~1-37628]:main():lattice-best-path.cc:99) For utterance 1041_320_r, best cost 15.631 + 770.659 = 786.29 over 143 frames.
LOG (lattice-best-path[5.5.891~1-37628]:main():lattice-best-path.cc:99) For utterance 1041_322_l, best cost 7.76015 + 431.151 = 438.911 over 70 frames.
LOG (lattice-best-path[5.5.891~1-37628]:main():lattice-best-path.cc:99) For utterance 1041_322_r, best cost 8.72857 + 425.043 = 433.771 over 70 frames.
LOG (lattice-best-path[5.5.891~1-37628]:main():lattice-best-path.cc:99) For utterance 1041_324_l, best cost 46.7107 + 3085.77 = 3132.48 over 635 frames.
LOG (lattice-best-path[5.5.891~1-37628]:main():lattice-best-path.cc:99) For utterance 1041_324_r, best cost 51.7764 + 3109.55 = 3161.32 over 635 frames.
LOG (lattice-best-path[5.5.891~1-37628]:main():lattice-best-path.cc:99) For utterance 1041_326_l, best cost 21.2695 + 335.643 = 356.913 over 66 frames.
LOG (lattice-best-path[5.5.891~1-37628]:main():lattice-best-path.cc:99) For utterance 1041_326_r, best cost 8.67912 + 349.159 = 357.838 over 66 frames.
LOG (lattice-best-path[5.5.891~1-37628]:main():lattice-best-path.cc:99) For utterance 1041_328_l, best cost 8.25982 + 971.42 = 979.68 over 167 frames.
LOG (lattice-best-path[5.5.891~1-37628]:main():lattice-best-path.cc:99) For utterance 1041_328_r, best cost 15.6116 + 966.924 = 982.536 over 167 frames.
LOG (lattice-best-path[5.5.891~1-37628]:main():lattice-best-path.cc:99) For utterance 1041_32_l, best cost 23.3403 + 969.353 = 992.693 over 162 frames.
LOG (lattice-best-path[5.5.891~1-37628]:main():lattice-best-path.cc:99) For utterance 1041_32_r, best cost 20.5415 + 987.658 = 1008.2 over 162 frames.
LOG (lattice-best-path[5.5.891~1-37628]:main():lattice-best-path.cc:99) For utterance 1041_330_l, best cost 65.5442 + 3158.64 = 3224.18 over 529 frames.
LOG (lattice-best-path[5.5.891~1-37628]:main():lattice-best-path.cc:99) For utterance 1041_330_r, best cost 54.0229 + 3194.83 = 3248.86 over 529 frames.
LOG (lattice-best-path[5.5.891~1-37628]:main():lattice-best-path.cc:99) For utterance 1041_331_l, best cost 53.9925 + 3376.16 = 3430.15 over 606 frames.
LOG (lattice-best-path[5.5.891~1-37628]:main():lattice-best-path.cc:99) For utterance 1041_331_r, best cost 53.3825 + 3395.13 = 3448.51 over 606 frames.
LOG (lattice-best-path[5.5.891~1-37628]:main():lattice-best-path.cc:99) For utterance 1041_333_l, best cost 17.4166 + 1260.2 = 1277.62 over 222 frames.
LOG (lattice-best-path[5.5.891~1-37628]:main():lattice-best-path.cc:99) For utterance 1041_333_r, best cost 20.0501 + 1259.03 = 1279.08 over 222 frames.
LOG (lattice-best-path[5.5.891~1-37628]:main():lattice-best-path.cc:99) For utterance 1041_335_l, best cost 33.344 + 2735.25 = 2768.6 over 509 frames.
LOG (lattice-best-path[5.5.891~1-37628]:main():lattice-best-path.cc:99) For utterance 1041_335_r, best cost 35.9907 + 2748.25 = 2784.24 over 509 frames.
LOG (lattice-best-path[5.5.891~1-37628]:main():lattice-best-path.cc:99) For utterance 1041_336_l, best cost 16.0029 + 1015.22 = 1031.22 over 204 frames.
LOG (lattice-best-path[5.5.891~1-37628]:main():lattice-best-path.cc:99) For utterance 1041_336_r, best cost 16.0098 + 1021.35 = 1037.36 over 204 frames.
LOG (lattice-best-path[5.5.891~1-37628]:main():lattice-best-path.cc:99) For utterance 1041_338_l, best cost 19.9715 + 1226.43 = 1246.4 over 216 frames.
LOG (lattice-best-path[5.5.891~1-37628]:main():lattice-best-path.cc:99) For utterance 1041_338_r, best cost 14.853 + 1239.92 = 1254.78 over 216 frames.
LOG (lattice-best-path[5.5.891~1-37628]:main():lattice-best-path.cc:99) For utterance 1041_340_l, best cost 47.6372 + 2275.3 = 2322.93 over 433 frames.
LOG (lattice-best-path[5.5.891~1-37628]:main():lattice-best-path.cc:99) For utterance 1041_340_r, best cost 49.4432 + 2294.04 = 2343.48 over 433 frames.
LOG (lattice-best-path[5.5.891~1-37628]:main():lattice-best-path.cc:99) For utterance 1041_342_l, best cost 50.5412 + 3642.47 = 3693.01 over 795 frames.
LOG (lattice-best-path[5.5.891~1-37628]:main():lattice-best-path.cc:99) For utterance 1041_342_r, best cost 50.5973 + 3678.42 = 3729.02 over 795 frames.
LOG (lattice-best-path[5.5.891~1-37628]:main():lattice-best-path.cc:99) For utterance 1041_344_l, best cost 13.3276 + 793.752 = 807.08 over 129 frames.
LOG (lattice-best-path[5.5.891~1-37628]:main():lattice-best-path.cc:99) For utterance 1041_344_r, best cost 13.3035 + 789.242 = 802.546 over 129 frames.
LOG (lattice-best-path[5.5.891~1-37628]:main():lattice-best-path.cc:99) For utterance 1041_346_l, best cost 46.6896 + 3182.41 = 3229.1 over 592 frames.
LOG (lattice-best-path[5.5.891~1-37628]:main():lattice-best-path.cc:99) For utterance 1041_346_r, best cost 42.6824 + 3174.89 = 3217.57 over 592 frames.
LOG (lattice-best-path[5.5.891~1-37628]:main():lattice-best-path.cc:99) For utterance 1041_347_l, best cost 61.3287 + 3606.83 = 3668.16 over 700 frames.
LOG (lattice-best-path[5.5.891~1-37628]:main():lattice-best-path.cc:99) For utterance 1041_347_r, best cost 59.2908 + 3603.91 = 3663.2 over 700 frames.
LOG (lattice-best-path[5.5.891~1-37628]:main():lattice-best-path.cc:99) For utterance 1041_348_l, best cost 54.7953 + 4299.08 = 4353.87 over 1001 frames.
LOG (lattice-best-path[5.5.891~1-37628]:main():lattice-best-path.cc:99) For utterance 1041_348_r, best cost 54.4698 + 4399.96 = 4454.43 over 1001 frames.
LOG (lattice-best-path[5.5.891~1-37628]:main():lattice-best-path.cc:99) For utterance 1041_349_l, best cost 11.9585 + 902.43 = 914.388 over 219 frames.
LOG (lattice-best-path[5.5.891~1-37628]:main():lattice-best-path.cc:99) For utterance 1041_349_r, best cost 11.9553 + 915.241 = 927.196 over 219 frames.
LOG (lattice-best-path[5.5.891~1-37628]:main():lattice-best-path.cc:99) For utterance 1041_34_l, best cost 27.1071 + 2387.03 = 2414.14 over 415 frames.
LOG (lattice-best-path[5.5.891~1-37628]:main():lattice-best-path.cc:99) For utterance 1041_34_r, best cost 26.298 + 2389.2 = 2415.5 over 415 frames.
LOG (lattice-best-path[5.5.891~1-37628]:main():lattice-best-path.cc:99) For utterance 1041_350_l, best cost 39.522 + 3552.05 = 3591.57 over 783 frames.
LOG (lattice-best-path[5.5.891~1-37628]:main():lattice-best-path.cc:99) For utterance 1041_350_r, best cost 34.5259 + 3496.13 = 3530.66 over 783 frames.
LOG (lattice-best-path[5.5.891~1-37628]:main():lattice-best-path.cc:99) For utterance 1041_352_l, best cost 8.94164 + 649.557 = 658.498 over 112 frames.
LOG (lattice-best-path[5.5.891~1-37628]:main():lattice-best-path.cc:99) For utterance 1041_352_r, best cost 8.93641 + 641.438 = 650.375 over 112 frames.
LOG (lattice-best-path[5.5.891~1-37628]:main():lattice-best-path.cc:99) For utterance 1041_354_l, best cost 21.9143 + 1449.65 = 1471.56 over 286 frames.
LOG (lattice-best-path[5.5.891~1-37628]:main():lattice-best-path.cc:99) For utterance 1041_354_r, best cost 21.92 + 1431.96 = 1453.88 over 286 frames.
LOG (lattice-best-path[5.5.891~1-37628]:main():lattice-best-path.cc:99) For utterance 1041_356_l, best cost 32.9399 + 3538.74 = 3571.68 over 833 frames.
LOG (lattice-best-path[5.5.891~1-37628]:main():lattice-best-path.cc:99) For utterance 1041_356_r, best cost 29.5994 + 3544.1 = 3573.7 over 833 frames.
LOG (lattice-best-path[5.5.891~1-37628]:main():lattice-best-path.cc:99) For utterance 1041_357_l, best cost 34.719 + 3929.96 = 3964.67 over 908 frames.
LOG (lattice-best-path[5.5.891~1-37628]:main():lattice-best-path.cc:99) For utterance 1041_357_r, best cost 34.6782 + 3901.35 = 3936.03 over 908 frames.
LOG (lattice-best-path[5.5.891~1-37628]:main():lattice-best-path.cc:99) For utterance 1041_358_l, best cost 26.1835 + 2458.66 = 2484.85 over 488 frames.
LOG (lattice-best-path[5.5.891~1-37628]:main():lattice-best-path.cc:99) For utterance 1041_358_r, best cost 26.1999 + 2434.39 = 2460.59 over 488 frames.
LOG (lattice-best-path[5.5.891~1-37628]:main():lattice-best-path.cc:99) For utterance 1041_360_l, best cost 20.4305 + 1776.95 = 1797.38 over 327 frames.
LOG (lattice-best-path[5.5.891~1-37628]:main():lattice-best-path.cc:99) For utterance 1041_360_r, best cost 20.4316 + 1758.63 = 1779.06 over 327 frames.
LOG (lattice-best-path[5.5.891~1-37628]:main():lattice-best-path.cc:99) For utterance 1041_362_l, best cost 9.95229 + 426.846 = 436.798 over 103 frames.
LOG (lattice-best-path[5.5.891~1-37628]:main():lattice-best-path.cc:99) For utterance 1041_362_r, best cost 12.5037 + 421.249 = 433.753 over 103 frames.
LOG (lattice-best-path[5.5.891~1-37628]:main():lattice-best-path.cc:99) For utterance 1041_364_l, best cost 32.0994 + 2152.91 = 2185.01 over 383 frames.
LOG (lattice-best-path[5.5.891~1-37628]:main():lattice-best-path.cc:99) For utterance 1041_364_r, best cost 35.6606 + 2165.88 = 2201.54 over 383 frames.
LOG (lattice-best-path[5.5.891~1-37628]:main():lattice-best-path.cc:99) For utterance 1041_366_l, best cost 21.052 + 773.331 = 794.383 over 126 frames.
LOG (lattice-best-path[5.5.891~1-37628]:main():lattice-best-path.cc:99) For utterance 1041_366_r, best cost 21.5916 + 754.247 = 775.839 over 126 frames.
LOG (lattice-best-path[5.5.891~1-37628]:main():lattice-best-path.cc:99) For utterance 1041_368_l, best cost 26.354 + 2159.06 = 2185.42 over 349 frames.
LOG (lattice-best-path[5.5.891~1-37628]:main():lattice-best-path.cc:99) For utterance 1041_368_r, best cost 29.5351 + 2159.28 = 2188.82 over 349 frames.
LOG (lattice-best-path[5.5.891~1-37628]:main():lattice-best-path.cc:99) For utterance 1041_36_l, best cost 25.1951 + 1141.06 = 1166.25 over 172 frames.
LOG (lattice-best-path[5.5.891~1-37628]:main():lattice-best-path.cc:99) For utterance 1041_36_r, best cost 17.1353 + 1178.6 = 1195.73 over 172 frames.
LOG (lattice-best-path[5.5.891~1-37628]:main():lattice-best-path.cc:99) For utterance 1041_370_l, best cost 20.6852 + 1829.74 = 1850.42 over 373 frames.
LOG (lattice-best-path[5.5.891~1-37628]:main():lattice-best-path.cc:99) For utterance 1041_370_r, best cost 20.6771 + 1846.62 = 1867.3 over 373 frames.
LOG (lattice-best-path[5.5.891~1-37628]:main():lattice-best-path.cc:99) For utterance 1041_371_l, best cost 21.8269 + 2341.93 = 2363.76 over 421 frames.
LOG (lattice-best-path[5.5.891~1-37628]:main():lattice-best-path.cc:99) For utterance 1041_371_r, best cost 21.7719 + 2350.76 = 2372.53 over 421 frames.
LOG (lattice-best-path[5.5.891~1-37628]:main():lattice-best-path.cc:99) For utterance 1041_372_l, best cost 16.7881 + 1780.32 = 1797.11 over 348 frames.
LOG (lattice-best-path[5.5.891~1-37628]:main():lattice-best-path.cc:99) For utterance 1041_372_r, best cost 21.002 + 1767.74 = 1788.75 over 348 frames.
LOG (lattice-best-path[5.5.891~1-37628]:main():lattice-best-path.cc:99) For utterance 1041_374_l, best cost 17.9814 + 1438.22 = 1456.2 over 250 frames.
LOG (lattice-best-path[5.5.891~1-37628]:main():lattice-best-path.cc:99) For utterance 1041_374_r, best cost 30.3477 + 1421.03 = 1451.37 over 250 frames.
LOG (lattice-best-path[5.5.891~1-37628]:main():lattice-best-path.cc:99) For utterance 1041_376_l, best cost 32.2849 + 2539.01 = 2571.29 over 481 frames.
LOG (lattice-best-path[5.5.891~1-37628]:main():lattice-best-path.cc:99) For utterance 1041_376_r, best cost 35.1902 + 2527.06 = 2562.25 over 481 frames.
LOG (lattice-best-path[5.5.891~1-37628]:main():lattice-best-path.cc:99) For utterance 1041_378_l, best cost 12.6197 + 765.215 = 777.835 over 126 frames.
LOG (lattice-best-path[5.5.891~1-37628]:main():lattice-best-path.cc:99) For utterance 1041_378_r, best cost 13.0861 + 760.891 = 773.977 over 126 frames.
LOG (lattice-best-path[5.5.891~1-37628]:main():lattice-best-path.cc:99) For utterance 1041_380_l, best cost 23.7244 + 1944.63 = 1968.35 over 332 frames.
LOG (lattice-best-path[5.5.891~1-37628]:main():lattice-best-path.cc:99) For utterance 1041_380_r, best cost 23.6986 + 1928.38 = 1952.08 over 332 frames.
LOG (lattice-best-path[5.5.891~1-37628]:main():lattice-best-path.cc:99) For utterance 1041_382_l, best cost 15.2968 + 996.978 = 1012.27 over 201 frames.
LOG (lattice-best-path[5.5.891~1-37628]:main():lattice-best-path.cc:99) For utterance 1041_382_r, best cost 17.1045 + 975.85 = 992.954 over 201 frames.
LOG (lattice-best-path[5.5.891~1-37628]:main():lattice-best-path.cc:99) For utterance 1041_384_l, best cost 17.2786 + 814.055 = 831.334 over 141 frames.
LOG (lattice-best-path[5.5.891~1-37628]:main():lattice-best-path.cc:99) For utterance 1041_384_r, best cost 11.6676 + 825.503 = 837.171 over 141 frames.
LOG (lattice-best-path[5.5.891~1-37628]:main():lattice-best-path.cc:99) For utterance 1041_386_l, best cost 17.861 + 1190.13 = 1207.99 over 289 frames.
LOG (lattice-best-path[5.5.891~1-37628]:main():lattice-best-path.cc:99) For utterance 1041_386_r, best cost 17.7582 + 1158.68 = 1176.44 over 289 frames.
LOG (lattice-best-path[5.5.891~1-37628]:main():lattice-best-path.cc:99) For utterance 1041_387_l, best cost 43.3897 + 3046.96 = 3090.35 over 688 frames.
LOG (lattice-best-path[5.5.891~1-37628]:main():lattice-best-path.cc:99) For utterance 1041_387_r, best cost 45.1421 + 3036.77 = 3081.91 over 688 frames.
LOG (lattice-best-path[5.5.891~1-37628]:main():lattice-best-path.cc:99) For utterance 1041_388_l, best cost 49.6322 + 3451.41 = 3501.04 over 739 frames.
LOG (lattice-best-path[5.5.891~1-37628]:main():lattice-best-path.cc:99) For utterance 1041_388_r, best cost 42.33 + 3388.71 = 3431.04 over 739 frames.
LOG (lattice-best-path[5.5.891~1-37628]:main():lattice-best-path.cc:99) For utterance 1041_389_l, best cost 31.0234 + 2390.99 = 2422.01 over 465 frames.
LOG (lattice-best-path[5.5.891~1-37628]:main():lattice-best-path.cc:99) For utterance 1041_389_r, best cost 27.4497 + 2396.13 = 2423.58 over 465 frames.
LOG (lattice-best-path[5.5.891~1-37628]:main():lattice-best-path.cc:99) For utterance 1041_38_l, best cost 7.58221 + 116.812 = 124.394 over 20 frames.
LOG (lattice-best-path[5.5.891~1-37628]:main():lattice-best-path.cc:99) For utterance 1041_38_r, best cost 7.58221 + 118.289 = 125.871 over 20 frames.
LOG (lattice-best-path[5.5.891~1-37628]:main():lattice-best-path.cc:99) For utterance 1041_391_l, best cost 27.249 + 1423.85 = 1451.1 over 250 frames.
LOG (lattice-best-path[5.5.891~1-37628]:main():lattice-best-path.cc:99) For utterance 1041_391_r, best cost 27.2443 + 1416.95 = 1444.2 over 250 frames.
LOG (lattice-best-path[5.5.891~1-37628]:main():lattice-best-path.cc:99) For utterance 1041_393_l, best cost 12.8629 + 1024.59 = 1037.45 over 180 frames.
LOG (lattice-best-path[5.5.891~1-37628]:main():lattice-best-path.cc:99) For utterance 1041_393_r, best cost 12.8617 + 1014.59 = 1027.46 over 180 frames.
LOG (lattice-best-path[5.5.891~1-37628]:main():lattice-best-path.cc:99) For utterance 1041_395_l, best cost 32.4275 + 3213.53 = 3245.95 over 566 frames.
LOG (lattice-best-path[5.5.891~1-37628]:main():lattice-best-path.cc:99) For utterance 1041_395_r, best cost 30.8477 + 3233.4 = 3264.25 over 566 frames.
LOG (lattice-best-path[5.5.891~1-37628]:main():lattice-best-path.cc:99) For utterance 1041_396_l, best cost 59.5048 + 3571.76 = 3631.26 over 669 frames.
LOG (lattice-best-path[5.5.891~1-37628]:main():lattice-best-path.cc:99) For utterance 1041_396_r, best cost 57.9964 + 3598.06 = 3656.05 over 669 frames.
LOG (lattice-best-path[5.5.891~1-37628]:main():lattice-best-path.cc:99) For utterance 1041_397_l, best cost 8.83197 + 984.655 = 993.487 over 217 frames.
LOG (lattice-best-path[5.5.891~1-37628]:main():lattice-best-path.cc:99) For utterance 1041_397_r, best cost 8.82681 + 980.802 = 989.629 over 217 frames.
LOG (lattice-best-path[5.5.891~1-37628]:main():lattice-best-path.cc:99) For utterance 1041_399_l, best cost 17.5191 + 1140.25 = 1157.77 over 195 frames.
LOG (lattice-best-path[5.5.891~1-37628]:main():lattice-best-path.cc:99) For utterance 1041_399_r, best cost 20.1048 + 1141.82 = 1161.93 over 195 frames.
LOG (lattice-best-path[5.5.891~1-37628]:main():lattice-best-path.cc:99) For utterance 1041_401_l, best cost 78.7987 + 5823.27 = 5902.07 over 1065 frames.
LOG (lattice-best-path[5.5.891~1-37628]:main():lattice-best-path.cc:99) For utterance 1041_401_r, best cost 73.626 + 5837.48 = 5911.11 over 1065 frames.
LOG (lattice-best-path[5.5.891~1-37628]:main():lattice-best-path.cc:99) For utterance 1041_402_l, best cost 35.8091 + 3239.86 = 3275.67 over 673 frames.
LOG (lattice-best-path[5.5.891~1-37628]:main():lattice-best-path.cc:99) For utterance 1041_402_r, best cost 41.2017 + 3194.08 = 3235.28 over 673 frames.
LOG (lattice-best-path[5.5.891~1-37628]:main():lattice-best-path.cc:99) For utterance 1041_403_l, best cost 16.3243 + 1757.97 = 1774.3 over 353 frames.
LOG (lattice-best-path[5.5.891~1-37628]:main():lattice-best-path.cc:99) For utterance 1041_403_r, best cost 16.2909 + 1741.1 = 1757.39 over 353 frames.
LOG (lattice-best-path[5.5.891~1-37628]:main():lattice-best-path.cc:99) For utterance 1041_40_l, best cost 18.954 + 2000.96 = 2019.91 over 350 frames.
LOG (lattice-best-path[5.5.891~1-37628]:main():lattice-best-path.cc:99) For utterance 1041_40_r, best cost 18.9528 + 2027.98 = 2046.93 over 350 frames.
LOG (lattice-best-path[5.5.891~1-37628]:main():lattice-best-path.cc:99) For utterance 1041_42_l, best cost 29.7718 + 1586.38 = 1616.15 over 276 frames.
LOG (lattice-best-path[5.5.891~1-37628]:main():lattice-best-path.cc:99) For utterance 1041_42_r, best cost 28.8535 + 1610.05 = 1638.91 over 276 frames.
LOG (lattice-best-path[5.5.891~1-37628]:main():lattice-best-path.cc:99) For utterance 1041_44_l, best cost 8.73257 + 380.751 = 389.483 over 71 frames.
LOG (lattice-best-path[5.5.891~1-37628]:main():lattice-best-path.cc:99) For utterance 1041_44_r, best cost 8.72735 + 378.188 = 386.915 over 71 frames.
LOG (lattice-best-path[5.5.891~1-37628]:main():lattice-best-path.cc:99) For utterance 1041_46_l, best cost 13.1827 + 580.406 = 593.588 over 96 frames.
LOG (lattice-best-path[5.5.891~1-37628]:main():lattice-best-path.cc:99) For utterance 1041_46_r, best cost 13.1563 + 593.743 = 606.899 over 96 frames.
LOG (lattice-best-path[5.5.891~1-37628]:main():lattice-best-path.cc:99) For utterance 1041_48_l, best cost 5.52757 + 73.8298 = 79.3574 over 14 frames.
LOG (lattice-best-path[5.5.891~1-37628]:main():lattice-best-path.cc:99) For utterance 1041_48_r, best cost 5.52479 + 79.6746 = 85.1994 over 14 frames.
LOG (lattice-best-path[5.5.891~1-37628]:main():lattice-best-path.cc:99) For utterance 1041_4_l, best cost 8.58608 + 294.577 = 303.163 over 50 frames.
LOG (lattice-best-path[5.5.891~1-37628]:main():lattice-best-path.cc:99) For utterance 1041_4_r, best cost 8.58608 + 298.987 = 307.573 over 50 frames.
LOG (lattice-best-path[5.5.891~1-37628]:main():lattice-best-path.cc:99) For utterance 1041_50_l, best cost 32.1304 + 1670.19 = 1702.32 over 285 frames.
LOG (lattice-best-path[5.5.891~1-37628]:main():lattice-best-path.cc:99) For utterance 1041_50_r, best cost 34.993 + 1692.14 = 1727.13 over 285 frames.
LOG (lattice-best-path[5.5.891~1-37628]:main():lattice-best-path.cc:99) For utterance 1041_52_l, best cost 43.7736 + 3795.5 = 3839.27 over 690 frames.
LOG (lattice-best-path[5.5.891~1-37628]:main():lattice-best-path.cc:99) For utterance 1041_52_r, best cost 39.9193 + 3859.35 = 3899.27 over 690 frames.
LOG (lattice-best-path[5.5.891~1-37628]:main():lattice-best-path.cc:99) For utterance 1041_54_l, best cost 30.8638 + 1439.95 = 1470.81 over 242 frames.
LOG (lattice-best-path[5.5.891~1-37628]:main():lattice-best-path.cc:99) For utterance 1041_54_r, best cost 12.4685 + 1496.87 = 1509.33 over 242 frames.
LOG (lattice-best-path[5.5.891~1-37628]:main():lattice-best-path.cc:99) For utterance 1041_56_l, best cost 24.8547 + 1767.89 = 1792.74 over 284 frames.
LOG (lattice-best-path[5.5.891~1-37628]:main():lattice-best-path.cc:99) For utterance 1041_56_r, best cost 24.666 + 1774.42 = 1799.09 over 284 frames.
LOG (lattice-best-path[5.5.891~1-37628]:main():lattice-best-path.cc:99) For utterance 1041_58_l, best cost 5.88763 + 207.516 = 213.403 over 34 frames.
LOG (lattice-best-path[5.5.891~1-37628]:main():lattice-best-path.cc:99) For utterance 1041_58_r, best cost 5.8785 + 206.972 = 212.85 over 34 frames.
LOG (lattice-best-path[5.5.891~1-37628]:main():lattice-best-path.cc:99) For utterance 1041_60_l, best cost 73.2982 + 4302.86 = 4376.16 over 746 frames.
LOG (lattice-best-path[5.5.891~1-37628]:main():lattice-best-path.cc:99) For utterance 1041_60_r, best cost 64.3558 + 4359.75 = 4424.11 over 746 frames.
LOG (lattice-best-path[5.5.891~1-37628]:main():lattice-best-path.cc:99) For utterance 1041_61_l, best cost 30.5553 + 1781.53 = 1812.09 over 346 frames.
LOG (lattice-best-path[5.5.891~1-37628]:main():lattice-best-path.cc:99) For utterance 1041_61_r, best cost 30.5124 + 1805.57 = 1836.08 over 346 frames.
LOG (lattice-best-path[5.5.891~1-37628]:main():lattice-best-path.cc:99) For utterance 1041_63_l, best cost 11.6872 + 818.771 = 830.458 over 139 frames.
LOG (lattice-best-path[5.5.891~1-37628]:main():lattice-best-path.cc:99) For utterance 1041_63_r, best cost 11.6728 + 828.604 = 840.277 over 139 frames.
LOG (lattice-best-path[5.5.891~1-37628]:main():lattice-best-path.cc:99) For utterance 1041_65_l, best cost 11.3813 + 398.189 = 409.57 over 71 frames.
LOG (lattice-best-path[5.5.891~1-37628]:main():lattice-best-path.cc:99) For utterance 1041_65_r, best cost 11.8074 + 401.152 = 412.959 over 71 frames.
LOG (lattice-best-path[5.5.891~1-37628]:main():lattice-best-path.cc:99) For utterance 1041_67_l, best cost 16.0358 + 530.053 = 546.089 over 94 frames.
LOG (lattice-best-path[5.5.891~1-37628]:main():lattice-best-path.cc:99) For utterance 1041_67_r, best cost 14.4369 + 560.198 = 574.635 over 94 frames.
LOG (lattice-best-path[5.5.891~1-37628]:main():lattice-best-path.cc:99) For utterance 1041_69_l, best cost 25.2597 + 1533.93 = 1559.19 over 271 frames.
LOG (lattice-best-path[5.5.891~1-37628]:main():lattice-best-path.cc:99) For utterance 1041_69_r, best cost 25.168 + 1558.75 = 1583.92 over 271 frames.
LOG (lattice-best-path[5.5.891~1-37628]:main():lattice-best-path.cc:99) For utterance 1041_6_l, best cost 11.6715 + 608.127 = 619.799 over 100 frames.
LOG (lattice-best-path[5.5.891~1-37628]:main():lattice-best-path.cc:99) For utterance 1041_6_r, best cost 11.6589 + 606.209 = 617.868 over 100 frames.
LOG (lattice-best-path[5.5.891~1-37628]:main():lattice-best-path.cc:99) For utterance 1041_71_l, best cost 31.5323 + 2838.5 = 2870.04 over 498 frames.
LOG (lattice-best-path[5.5.891~1-37628]:main():lattice-best-path.cc:99) For utterance 1041_71_r, best cost 34.2008 + 2890.11 = 2924.31 over 498 frames.
LOG (lattice-best-path[5.5.891~1-37628]:main():lattice-best-path.cc:99) For utterance 1041_73_l, best cost 8.63863 + 318.043 = 326.681 over 52 frames.
LOG (lattice-best-path[5.5.891~1-37628]:main():lattice-best-path.cc:99) For utterance 1041_73_r, best cost 8.6334 + 323.443 = 332.076 over 52 frames.
LOG (lattice-best-path[5.5.891~1-37628]:main():lattice-best-path.cc:99) For utterance 1041_75_l, best cost 14.3595 + 835.135 = 849.494 over 146 frames.
LOG (lattice-best-path[5.5.891~1-37628]:main():lattice-best-path.cc:99) For utterance 1041_75_r, best cost 14.3606 + 842.219 = 856.579 over 146 frames.
LOG (lattice-best-path[5.5.891~1-37628]:main():lattice-best-path.cc:99) For utterance 1041_77_l, best cost 34.344 + 2751.31 = 2785.66 over 473 frames.
LOG (lattice-best-path[5.5.891~1-37628]:main():lattice-best-path.cc:99) For utterance 1041_77_r, best cost 31.676 + 2800.06 = 2831.73 over 473 frames.
LOG (lattice-best-path[5.5.891~1-37628]:main():lattice-best-path.cc:99) For utterance 1041_78_l, best cost 13.2886 + 1109.53 = 1122.82 over 190 frames.
LOG (lattice-best-path[5.5.891~1-37628]:main():lattice-best-path.cc:99) For utterance 1041_78_r, best cost 13.2794 + 1133.7 = 1146.98 over 190 frames.
LOG (lattice-best-path[5.5.891~1-37628]:main():lattice-best-path.cc:99) For utterance 1041_80_l, best cost 22.9981 + 1759.67 = 1782.67 over 288 frames.
LOG (lattice-best-path[5.5.891~1-37628]:main():lattice-best-path.cc:99) For utterance 1041_80_r, best cost 22.9849 + 1795.79 = 1818.78 over 288 frames.
LOG (lattice-best-path[5.5.891~1-37628]:main():lattice-best-path.cc:99) For utterance 1041_82_l, best cost 40.549 + 2250.3 = 2290.85 over 383 frames.
LOG (lattice-best-path[5.5.891~1-37628]:main():lattice-best-path.cc:99) For utterance 1041_82_r, best cost 40.55 + 2269.65 = 2310.2 over 383 frames.
LOG (lattice-best-path[5.5.891~1-37628]:main():lattice-best-path.cc:99) For utterance 1041_84_l, best cost 5.47072 + 63.1557 = 68.6264 over 10 frames.
LOG (lattice-best-path[5.5.891~1-37628]:main():lattice-best-path.cc:99) For utterance 1041_84_r, best cost 5.47072 + 61.7255 = 67.1962 over 10 frames.
LOG (lattice-best-path[5.5.891~1-37628]:main():lattice-best-path.cc:99) For utterance 1041_86_l, best cost 12.2779 + 327.368 = 339.646 over 67 frames.
LOG (lattice-best-path[5.5.891~1-37628]:main():lattice-best-path.cc:99) For utterance 1041_86_r, best cost 12.2779 + 323.767 = 336.044 over 67 frames.
LOG (lattice-best-path[5.5.891~1-37628]:main():lattice-best-path.cc:99) For utterance 1041_88_l, best cost 33.261 + 1550.15 = 1583.41 over 251 frames.
LOG (lattice-best-path[5.5.891~1-37628]:main():lattice-best-path.cc:99) For utterance 1041_88_r, best cost 27.6271 + 1585.75 = 1613.38 over 251 frames.
LOG (lattice-best-path[5.5.891~1-37628]:main():lattice-best-path.cc:99) For utterance 1041_8_l, best cost 14.0021 + 761.068 = 775.07 over 138 frames.
LOG (lattice-best-path[5.5.891~1-37628]:main():lattice-best-path.cc:99) For utterance 1041_8_r, best cost 14.8758 + 780.486 = 795.361 over 138 frames.
LOG (lattice-best-path[5.5.891~1-37628]:main():lattice-best-path.cc:99) For utterance 1041_90_l, best cost 17.823 + 682.881 = 700.704 over 142 frames.
LOG (lattice-best-path[5.5.891~1-37628]:main():lattice-best-path.cc:99) For utterance 1041_90_r, best cost 17.7498 + 690.767 = 708.517 over 142 frames.
LOG (lattice-best-path[5.5.891~1-37628]:main():lattice-best-path.cc:99) For utterance 1041_92_l, best cost 41.5044 + 3181.26 = 3222.77 over 568 frames.
LOG (lattice-best-path[5.5.891~1-37628]:main():lattice-best-path.cc:99) For utterance 1041_92_r, best cost 47.7038 + 3219.86 = 3267.56 over 568 frames.
LOG (lattice-best-path[5.5.891~1-37628]:main():lattice-best-path.cc:99) For utterance 1041_94_l, best cost 9.35597 + 732.519 = 741.875 over 122 frames.
LOG (lattice-best-path[5.5.891~1-37628]:main():lattice-best-path.cc:99) For utterance 1041_94_r, best cost 12.0181 + 737.309 = 749.327 over 122 frames.
LOG (lattice-depth-per-frame[5.5.891~1-37628]:main():lattice-depth-per-frame.cc:82) Done 430 lattices.
LOG (lattice-best-path[5.5.891~1-37628]:main():lattice-best-path.cc:99) For utterance 1041_96_l, best cost 36.7409 + 2475.94 = 2512.68 over 421 frames.
LOG (lattice-best-path[5.5.891~1-37628]:main():lattice-best-path.cc:99) For utterance 1041_96_r, best cost 22.0443 + 2524.1 = 2546.15 over 421 frames.
LOG (lattice-best-path[5.5.891~1-37628]:main():lattice-best-path.cc:99) For utterance 1041_98_l, best cost 11.6243 + 797.69 = 809.315 over 130 frames.
LOG (lattice-best-path[5.5.891~1-37628]:main():lattice-best-path.cc:99) For utterance 1041_98_r, best cost 11.6277 + 813.97 = 825.598 over 130 frames.
LOG (lattice-best-path[5.5.891~1-37628]:main():lattice-best-path.cc:124) Overall cost per frame is 5.45921 = 0.0791848 [graph] + 5.38003 [acoustic] over 137768 frames.
LOG (lattice-best-path[5.5.891~1-37628]:main():lattice-best-path.cc:128) Done 430 lattices, failed for 0
# Accounting: time=2 threads=1
# Ended (code 0) at Fri Mar 12 14:57:46 CET 2021, elapsed time 2 seconds
