# lattice-depth-per-frame "ark:gunzip -c exp/tri4a/decode.si/lat.1.gz|" "ark,t:|gzip -c > exp/tri4a/decode.si/depth_tmp.1.gz" ark:- | lattice-best-path --acoustic-scale=0.1 ark:- ark:/dev/null "ark,t:|gzip -c >exp/tri4a/decode.si/ali_tmp.1.gz" 
# Started at Fri Mar 12 15:06:09 CET 2021
#
lattice-depth-per-frame 'ark:gunzip -c exp/tri4a/decode.si/lat.1.gz|' 'ark,t:|gzip -c > exp/tri4a/decode.si/depth_tmp.1.gz' ark:- 
lattice-best-path --acoustic-scale=0.1 ark:- ark:/dev/null 'ark,t:|gzip -c >exp/tri4a/decode.si/ali_tmp.1.gz' 
LOG (lattice-best-path[5.5.891~1-37628]:main():lattice-best-path.cc:99) For utterance 1037_101_l, best cost 11.8402 + 642.743 = 654.583 over 122 frames.
LOG (lattice-best-path[5.5.891~1-37628]:main():lattice-best-path.cc:99) For utterance 1037_101_r, best cost 9.12383 + 649.88 = 659.004 over 122 frames.
LOG (lattice-best-path[5.5.891~1-37628]:main():lattice-best-path.cc:99) For utterance 1037_103_l, best cost 13.3972 + 780.217 = 793.614 over 138 frames.
LOG (lattice-best-path[5.5.891~1-37628]:main():lattice-best-path.cc:99) For utterance 1037_103_r, best cost 11.1681 + 781.365 = 792.533 over 138 frames.
LOG (lattice-best-path[5.5.891~1-37628]:main():lattice-best-path.cc:99) For utterance 1037_105_l, best cost 47.4288 + 2353.21 = 2400.64 over 395 frames.
LOG (lattice-best-path[5.5.891~1-37628]:main():lattice-best-path.cc:99) For utterance 1037_105_r, best cost 47.5283 + 2343.21 = 2390.73 over 395 frames.
LOG (lattice-best-path[5.5.891~1-37628]:main():lattice-best-path.cc:99) For utterance 1037_107_l, best cost 14.0415 + 988.788 = 1002.83 over 174 frames.
LOG (lattice-best-path[5.5.891~1-37628]:main():lattice-best-path.cc:99) For utterance 1037_107_r, best cost 12.733 + 999.019 = 1011.75 over 174 frames.
LOG (lattice-best-path[5.5.891~1-37628]:main():lattice-best-path.cc:99) For utterance 1037_109_l, best cost 60.2449 + 3916.08 = 3976.32 over 708 frames.
LOG (lattice-best-path[5.5.891~1-37628]:main():lattice-best-path.cc:99) For utterance 1037_109_r, best cost 60.3125 + 3991.26 = 4051.57 over 708 frames.
LOG (lattice-best-path[5.5.891~1-37628]:main():lattice-best-path.cc:99) For utterance 1037_111_l, best cost 20.177 + 572.948 = 593.125 over 98 frames.
LOG (lattice-best-path[5.5.891~1-37628]:main():lattice-best-path.cc:99) For utterance 1037_111_r, best cost 28.2074 + 561.294 = 589.501 over 98 frames.
LOG (lattice-best-path[5.5.891~1-37628]:main():lattice-best-path.cc:99) For utterance 1037_113_l, best cost 67.4978 + 2486.13 = 2553.63 over 398 frames.
LOG (lattice-best-path[5.5.891~1-37628]:main():lattice-best-path.cc:99) For utterance 1037_113_r, best cost 60.5215 + 2482.47 = 2543 over 398 frames.
LOG (lattice-best-path[5.5.891~1-37628]:main():lattice-best-path.cc:99) For utterance 1037_115_l, best cost 30.8773 + 1297.78 = 1328.66 over 225 frames.
LOG (lattice-best-path[5.5.891~1-37628]:main():lattice-best-path.cc:99) For utterance 1037_115_r, best cost 28.1532 + 1328.38 = 1356.53 over 225 frames.
LOG (lattice-best-path[5.5.891~1-37628]:main():lattice-best-path.cc:99) For utterance 1037_117_l, best cost 11.4957 + 696.671 = 708.167 over 105 frames.
LOG (lattice-best-path[5.5.891~1-37628]:main():lattice-best-path.cc:99) For utterance 1037_117_r, best cost 11.4957 + 687.739 = 699.235 over 105 frames.
LOG (lattice-best-path[5.5.891~1-37628]:main():lattice-best-path.cc:99) For utterance 1037_119_l, best cost 24.8254 + 1242.95 = 1267.77 over 222 frames.
LOG (lattice-best-path[5.5.891~1-37628]:main():lattice-best-path.cc:99) For utterance 1037_119_r, best cost 24.8397 + 1240.71 = 1265.55 over 222 frames.
LOG (lattice-best-path[5.5.891~1-37628]:main():lattice-best-path.cc:99) For utterance 1037_11_l, best cost 29.7266 + 1673.96 = 1703.69 over 298 frames.
LOG (lattice-best-path[5.5.891~1-37628]:main():lattice-best-path.cc:99) For utterance 1037_11_r, best cost 28.9678 + 1684.08 = 1713.05 over 298 frames.
LOG (lattice-best-path[5.5.891~1-37628]:main():lattice-best-path.cc:99) For utterance 1037_121_l, best cost 50.8221 + 4784.07 = 4834.89 over 794 frames.
LOG (lattice-best-path[5.5.891~1-37628]:main():lattice-best-path.cc:99) For utterance 1037_121_r, best cost 67.9288 + 4784.3 = 4852.22 over 794 frames.
LOG (lattice-best-path[5.5.891~1-37628]:main():lattice-best-path.cc:99) For utterance 1037_123_l, best cost 11.3223 + 370.142 = 381.464 over 60 frames.
LOG (lattice-best-path[5.5.891~1-37628]:main():lattice-best-path.cc:99) For utterance 1037_123_r, best cost 11.3223 + 360.762 = 372.084 over 60 frames.
LOG (lattice-best-path[5.5.891~1-37628]:main():lattice-best-path.cc:99) For utterance 1037_125_l, best cost 38.1012 + 912.987 = 951.088 over 152 frames.
LOG (lattice-best-path[5.5.891~1-37628]:main():lattice-best-path.cc:99) For utterance 1037_125_r, best cost 37.7668 + 916.591 = 954.358 over 152 frames.
LOG (lattice-best-path[5.5.891~1-37628]:main():lattice-best-path.cc:99) For utterance 1037_127_l, best cost 51.9019 + 4015.47 = 4067.37 over 729 frames.
LOG (lattice-best-path[5.5.891~1-37628]:main():lattice-best-path.cc:99) For utterance 1037_127_r, best cost 55.8737 + 4039.98 = 4095.86 over 729 frames.
LOG (lattice-best-path[5.5.891~1-37628]:main():lattice-best-path.cc:99) For utterance 1037_129_l, best cost 51.072 + 2300.23 = 2351.31 over 395 frames.
LOG (lattice-best-path[5.5.891~1-37628]:main():lattice-best-path.cc:99) For utterance 1037_129_r, best cost 46.7028 + 2320.4 = 2367.1 over 395 frames.
LOG (lattice-best-path[5.5.891~1-37628]:main():lattice-best-path.cc:99) For utterance 1037_131_l, best cost 62.6586 + 2273.75 = 2336.41 over 438 frames.
LOG (lattice-best-path[5.5.891~1-37628]:main():lattice-best-path.cc:99) For utterance 1037_131_r, best cost 56.8707 + 2300.87 = 2357.74 over 438 frames.
LOG (lattice-best-path[5.5.891~1-37628]:main():lattice-best-path.cc:99) For utterance 1037_133_l, best cost 83.2578 + 3871.77 = 3955.03 over 654 frames.
LOG (lattice-best-path[5.5.891~1-37628]:main():lattice-best-path.cc:99) For utterance 1037_133_r, best cost 66.5173 + 3964.95 = 4031.46 over 654 frames.
LOG (lattice-best-path[5.5.891~1-37628]:main():lattice-best-path.cc:99) For utterance 1037_135_l, best cost 26.5934 + 1540.94 = 1567.53 over 245 frames.
LOG (lattice-best-path[5.5.891~1-37628]:main():lattice-best-path.cc:99) For utterance 1037_135_r, best cost 32.1068 + 1531.35 = 1563.45 over 245 frames.
LOG (lattice-best-path[5.5.891~1-37628]:main():lattice-best-path.cc:99) For utterance 1037_137_l, best cost 68.7142 + 2472.43 = 2541.14 over 430 frames.
LOG (lattice-best-path[5.5.891~1-37628]:main():lattice-best-path.cc:99) For utterance 1037_137_r, best cost 45.2202 + 2513.8 = 2559.02 over 430 frames.
LOG (lattice-best-path[5.5.891~1-37628]:main():lattice-best-path.cc:99) For utterance 1037_139_l, best cost 8.7829 + 359.644 = 368.427 over 57 frames.
LOG (lattice-best-path[5.5.891~1-37628]:main():lattice-best-path.cc:99) For utterance 1037_139_r, best cost 8.80687 + 357.361 = 366.168 over 57 frames.
LOG (lattice-best-path[5.5.891~1-37628]:main():lattice-best-path.cc:99) For utterance 1037_13_l, best cost 41.0461 + 1693.57 = 1734.62 over 318 frames.
LOG (lattice-best-path[5.5.891~1-37628]:main():lattice-best-path.cc:99) For utterance 1037_13_r, best cost 41.0628 + 1710.05 = 1751.11 over 318 frames.
LOG (lattice-best-path[5.5.891~1-37628]:main():lattice-best-path.cc:99) For utterance 1037_141_l, best cost 50.4689 + 2586.88 = 2637.35 over 444 frames.
LOG (lattice-best-path[5.5.891~1-37628]:main():lattice-best-path.cc:99) For utterance 1037_141_r, best cost 49.4657 + 2592.33 = 2641.79 over 444 frames.
LOG (lattice-best-path[5.5.891~1-37628]:main():lattice-best-path.cc:99) For utterance 1037_143_l, best cost 21.3122 + 631.271 = 652.583 over 130 frames.
LOG (lattice-best-path[5.5.891~1-37628]:main():lattice-best-path.cc:99) For utterance 1037_143_r, best cost 21.3025 + 638.235 = 659.537 over 130 frames.
LOG (lattice-best-path[5.5.891~1-37628]:main():lattice-best-path.cc:99) For utterance 1037_145_l, best cost 10.5195 + 691.554 = 702.074 over 128 frames.
LOG (lattice-best-path[5.5.891~1-37628]:main():lattice-best-path.cc:99) For utterance 1037_145_r, best cost 10.5573 + 686.851 = 697.408 over 128 frames.
LOG (lattice-best-path[5.5.891~1-37628]:main():lattice-best-path.cc:99) For utterance 1037_147_l, best cost 36.0965 + 1829.54 = 1865.64 over 321 frames.
LOG (lattice-best-path[5.5.891~1-37628]:main():lattice-best-path.cc:99) For utterance 1037_147_r, best cost 36.3045 + 1842.17 = 1878.48 over 321 frames.
LOG (lattice-best-path[5.5.891~1-37628]:main():lattice-best-path.cc:99) For utterance 1037_149_l, best cost 10.4768 + 396.334 = 406.81 over 66 frames.
LOG (lattice-best-path[5.5.891~1-37628]:main():lattice-best-path.cc:99) For utterance 1037_149_r, best cost 22.1955 + 382.388 = 404.584 over 66 frames.
LOG (lattice-best-path[5.5.891~1-37628]:main():lattice-best-path.cc:99) For utterance 1037_151_l, best cost 45.165 + 1171.26 = 1216.43 over 208 frames.
LOG (lattice-best-path[5.5.891~1-37628]:main():lattice-best-path.cc:99) For utterance 1037_151_r, best cost 33.5239 + 1186.65 = 1220.18 over 208 frames.
LOG (lattice-best-path[5.5.891~1-37628]:main():lattice-best-path.cc:99) For utterance 1037_153_l, best cost 70.4578 + 2900.18 = 2970.64 over 556 frames.
LOG (lattice-best-path[5.5.891~1-37628]:main():lattice-best-path.cc:99) For utterance 1037_153_r, best cost 78.0988 + 2926.24 = 3004.34 over 556 frames.
LOG (lattice-best-path[5.5.891~1-37628]:main():lattice-best-path.cc:99) For utterance 1037_155_l, best cost 46.6566 + 1588.39 = 1635.05 over 278 frames.
LOG (lattice-best-path[5.5.891~1-37628]:main():lattice-best-path.cc:99) For utterance 1037_155_r, best cost 32.7516 + 1606.13 = 1638.88 over 278 frames.
LOG (lattice-best-path[5.5.891~1-37628]:main():lattice-best-path.cc:99) For utterance 1037_157_l, best cost 27.4333 + 1304.87 = 1332.3 over 217 frames.
LOG (lattice-best-path[5.5.891~1-37628]:main():lattice-best-path.cc:99) For utterance 1037_157_r, best cost 14.7017 + 1345.88 = 1360.58 over 217 frames.
LOG (lattice-best-path[5.5.891~1-37628]:main():lattice-best-path.cc:99) For utterance 1037_159_l, best cost 12.2546 + 501.536 = 513.791 over 80 frames.
LOG (lattice-best-path[5.5.891~1-37628]:main():lattice-best-path.cc:99) For utterance 1037_159_r, best cost 17.9276 + 489.845 = 507.772 over 80 frames.
LOG (lattice-best-path[5.5.891~1-37628]:main():lattice-best-path.cc:99) For utterance 1037_15_l, best cost 23.7269 + 884.104 = 907.831 over 158 frames.
LOG (lattice-best-path[5.5.891~1-37628]:main():lattice-best-path.cc:99) For utterance 1037_15_r, best cost 26.3598 + 882.481 = 908.841 over 158 frames.
LOG (lattice-best-path[5.5.891~1-37628]:main():lattice-best-path.cc:99) For utterance 1037_161_l, best cost 9.75395 + 327.088 = 336.842 over 67 frames.
LOG (lattice-best-path[5.5.891~1-37628]:main():lattice-best-path.cc:99) For utterance 1037_161_r, best cost 9.75395 + 331.985 = 341.739 over 67 frames.
LOG (lattice-best-path[5.5.891~1-37628]:main():lattice-best-path.cc:99) For utterance 1037_163_l, best cost 25.4204 + 1361.15 = 1386.57 over 246 frames.
LOG (lattice-best-path[5.5.891~1-37628]:main():lattice-best-path.cc:99) For utterance 1037_163_r, best cost 25.7432 + 1374.24 = 1399.99 over 246 frames.
LOG (lattice-best-path[5.5.891~1-37628]:main():lattice-best-path.cc:99) For utterance 1037_17_l, best cost 33.5814 + 1031.17 = 1064.76 over 200 frames.
LOG (lattice-best-path[5.5.891~1-37628]:main():lattice-best-path.cc:99) For utterance 1037_17_r, best cost 33.6277 + 1009.32 = 1042.95 over 200 frames.
LOG (lattice-best-path[5.5.891~1-37628]:main():lattice-best-path.cc:99) For utterance 1037_19_l, best cost 93.0971 + 3429.06 = 3522.16 over 612 frames.
LOG (lattice-best-path[5.5.891~1-37628]:main():lattice-best-path.cc:99) For utterance 1037_19_r, best cost 95.7154 + 3460.84 = 3556.56 over 612 frames.
LOG (lattice-best-path[5.5.891~1-37628]:main():lattice-best-path.cc:99) For utterance 1037_1_l, best cost 26.064 + 1346.03 = 1372.09 over 260 frames.
LOG (lattice-best-path[5.5.891~1-37628]:main():lattice-best-path.cc:99) For utterance 1037_1_r, best cost 29.2256 + 1355.8 = 1385.03 over 260 frames.
LOG (lattice-best-path[5.5.891~1-37628]:main():lattice-best-path.cc:99) For utterance 1037_21_l, best cost 14.894 + 239.372 = 254.266 over 40 frames.
LOG (lattice-best-path[5.5.891~1-37628]:main():lattice-best-path.cc:99) For utterance 1037_21_r, best cost 15.7563 + 229.542 = 245.298 over 40 frames.
LOG (lattice-best-path[5.5.891~1-37628]:main():lattice-best-path.cc:99) For utterance 1037_23_l, best cost 30.4506 + 1106.85 = 1137.3 over 210 frames.
LOG (lattice-best-path[5.5.891~1-37628]:main():lattice-best-path.cc:99) For utterance 1037_23_r, best cost 30.4515 + 1123.89 = 1154.34 over 210 frames.
LOG (lattice-best-path[5.5.891~1-37628]:main():lattice-best-path.cc:99) For utterance 1037_24_l, best cost 42.7349 + 2621.96 = 2664.7 over 456 frames.
LOG (lattice-best-path[5.5.891~1-37628]:main():lattice-best-path.cc:99) For utterance 1037_24_r, best cost 31.498 + 2633.61 = 2665.11 over 456 frames.
LOG (lattice-best-path[5.5.891~1-37628]:main():lattice-best-path.cc:99) For utterance 1037_26_l, best cost 51.218 + 1925.55 = 1976.76 over 337 frames.
LOG (lattice-best-path[5.5.891~1-37628]:main():lattice-best-path.cc:99) For utterance 1037_26_r, best cost 50.7273 + 1920.84 = 1971.57 over 337 frames.
LOG (lattice-best-path[5.5.891~1-37628]:main():lattice-best-path.cc:99) For utterance 1037_28_l, best cost 6.25566 + 325.044 = 331.3 over 74 frames.
LOG (lattice-best-path[5.5.891~1-37628]:main():lattice-best-path.cc:99) For utterance 1037_28_r, best cost 6.22625 + 335.63 = 341.856 over 74 frames.
LOG (lattice-best-path[5.5.891~1-37628]:main():lattice-best-path.cc:99) For utterance 1037_30_l, best cost 8.54609 + 302.61 = 311.156 over 48 frames.
LOG (lattice-best-path[5.5.891~1-37628]:main():lattice-best-path.cc:99) For utterance 1037_30_r, best cost 8.54609 + 297.63 = 306.176 over 48 frames.
LOG (lattice-best-path[5.5.891~1-37628]:main():lattice-best-path.cc:99) For utterance 1037_32_l, best cost 58.6312 + 4059.5 = 4118.13 over 674 frames.
LOG (lattice-best-path[5.5.891~1-37628]:main():lattice-best-path.cc:99) For utterance 1037_32_r, best cost 55.9529 + 4086.03 = 4141.98 over 674 frames.
LOG (lattice-best-path[5.5.891~1-37628]:main():lattice-best-path.cc:99) For utterance 1037_34_l, best cost 11.7153 + 724.999 = 736.714 over 124 frames.
LOG (lattice-best-path[5.5.891~1-37628]:main():lattice-best-path.cc:99) For utterance 1037_34_r, best cost 14.4314 + 730.138 = 744.569 over 124 frames.
LOG (lattice-best-path[5.5.891~1-37628]:main():lattice-best-path.cc:99) For utterance 1037_36_l, best cost 9.10082 + 320.047 = 329.147 over 51 frames.
LOG (lattice-best-path[5.5.891~1-37628]:main():lattice-best-path.cc:99) For utterance 1037_36_r, best cost 8.55203 + 319.304 = 327.856 over 51 frames.
LOG (lattice-best-path[5.5.891~1-37628]:main():lattice-best-path.cc:99) For utterance 1037_38_l, best cost 21.485 + 720.486 = 741.971 over 142 frames.
LOG (lattice-best-path[5.5.891~1-37628]:main():lattice-best-path.cc:99) For utterance 1037_38_r, best cost 21.4876 + 717.884 = 739.372 over 142 frames.
LOG (lattice-best-path[5.5.891~1-37628]:main():lattice-best-path.cc:99) For utterance 1037_3_l, best cost 6.39517 + 419.98 = 426.375 over 84 frames.
LOG (lattice-best-path[5.5.891~1-37628]:main():lattice-best-path.cc:99) For utterance 1037_3_r, best cost 6.38782 + 426.209 = 432.597 over 84 frames.
LOG (lattice-best-path[5.5.891~1-37628]:main():lattice-best-path.cc:99) For utterance 1037_40_l, best cost 74.089 + 3882.59 = 3956.68 over 650 frames.
LOG (lattice-best-path[5.5.891~1-37628]:main():lattice-best-path.cc:99) For utterance 1037_40_r, best cost 72.3909 + 3871.07 = 3943.46 over 650 frames.
LOG (lattice-best-path[5.5.891~1-37628]:main():lattice-best-path.cc:99) For utterance 1037_42_l, best cost 29.393 + 1523.5 = 1552.89 over 262 frames.
LOG (lattice-best-path[5.5.891~1-37628]:main():lattice-best-path.cc:99) For utterance 1037_42_r, best cost 42.674 + 1510.94 = 1553.61 over 262 frames.
LOG (lattice-best-path[5.5.891~1-37628]:main():lattice-best-path.cc:99) For utterance 1037_44_l, best cost 12.4651 + 500.65 = 513.115 over 76 frames.
LOG (lattice-best-path[5.5.891~1-37628]:main():lattice-best-path.cc:99) For utterance 1037_44_r, best cost 12.4444 + 497.916 = 510.36 over 76 frames.
LOG (lattice-best-path[5.5.891~1-37628]:main():lattice-best-path.cc:99) For utterance 1037_46_l, best cost 19.0072 + 1214.33 = 1233.34 over 204 frames.
LOG (lattice-best-path[5.5.891~1-37628]:main():lattice-best-path.cc:99) For utterance 1037_46_r, best cost 20.1776 + 1207.33 = 1227.51 over 204 frames.
LOG (lattice-best-path[5.5.891~1-37628]:main():lattice-best-path.cc:99) For utterance 1037_48_l, best cost 17.1272 + 865.427 = 882.554 over 132 frames.
LOG (lattice-best-path[5.5.891~1-37628]:main():lattice-best-path.cc:99) For utterance 1037_48_r, best cost 17.3881 + 870.004 = 887.392 over 132 frames.
LOG (lattice-best-path[5.5.891~1-37628]:main():lattice-best-path.cc:99) For utterance 1037_50_l, best cost 24.0001 + 961.668 = 985.668 over 170 frames.
LOG (lattice-best-path[5.5.891~1-37628]:main():lattice-best-path.cc:99) For utterance 1037_50_r, best cost 23.9958 + 969.42 = 993.416 over 170 frames.
LOG (lattice-best-path[5.5.891~1-37628]:main():lattice-best-path.cc:99) For utterance 1037_52_l, best cost 39.9068 + 2009.83 = 2049.74 over 332 frames.
LOG (lattice-best-path[5.5.891~1-37628]:main():lattice-best-path.cc:99) For utterance 1037_52_r, best cost 42.7575 + 2011 = 2053.75 over 332 frames.
LOG (lattice-best-path[5.5.891~1-37628]:main():lattice-best-path.cc:99) For utterance 1037_54_l, best cost 68.7132 + 4079.85 = 4148.56 over 701 frames.
LOG (lattice-best-path[5.5.891~1-37628]:main():lattice-best-path.cc:99) For utterance 1037_54_r, best cost 54.2174 + 4123.4 = 4177.61 over 701 frames.
LOG (lattice-best-path[5.5.891~1-37628]:main():lattice-best-path.cc:99) For utterance 1037_56_l, best cost 27.7572 + 1355.56 = 1383.32 over 233 frames.
LOG (lattice-best-path[5.5.891~1-37628]:main():lattice-best-path.cc:99) For utterance 1037_56_r, best cost 32.9503 + 1348.1 = 1381.05 over 233 frames.
LOG (lattice-best-path[5.5.891~1-37628]:main():lattice-best-path.cc:99) For utterance 1037_58_l, best cost 19.1308 + 1071.07 = 1090.2 over 176 frames.
LOG (lattice-best-path[5.5.891~1-37628]:main():lattice-best-path.cc:99) For utterance 1037_58_r, best cost 31.0887 + 1058.36 = 1089.45 over 176 frames.
LOG (lattice-best-path[5.5.891~1-37628]:main():lattice-best-path.cc:99) For utterance 1037_5_l, best cost 39.7381 + 2498.08 = 2537.81 over 444 frames.
LOG (lattice-best-path[5.5.891~1-37628]:main():lattice-best-path.cc:99) For utterance 1037_5_r, best cost 42.582 + 2480.63 = 2523.21 over 444 frames.
LOG (lattice-best-path[5.5.891~1-37628]:main():lattice-best-path.cc:99) For utterance 1037_60_l, best cost 39.4975 + 1072.37 = 1111.86 over 177 frames.
LOG (lattice-best-path[5.5.891~1-37628]:main():lattice-best-path.cc:99) For utterance 1037_60_r, best cost 44.682 + 1062.45 = 1107.13 over 177 frames.
LOG (lattice-best-path[5.5.891~1-37628]:main():lattice-best-path.cc:99) For utterance 1037_62_l, best cost 31.8418 + 1410.18 = 1442.02 over 236 frames.
LOG (lattice-best-path[5.5.891~1-37628]:main():lattice-best-path.cc:99) For utterance 1037_62_r, best cost 43.2061 + 1411.63 = 1454.84 over 236 frames.
LOG (lattice-best-path[5.5.891~1-37628]:main():lattice-best-path.cc:99) For utterance 1037_64_l, best cost 88.265 + 2976.09 = 3064.35 over 491 frames.
LOG (lattice-best-path[5.5.891~1-37628]:main():lattice-best-path.cc:99) For utterance 1037_64_r, best cost 90.9229 + 2951.97 = 3042.9 over 491 frames.
LOG (lattice-best-path[5.5.891~1-37628]:main():lattice-best-path.cc:99) For utterance 1037_66_l, best cost 15.6627 + 259.433 = 275.095 over 49 frames.
LOG (lattice-best-path[5.5.891~1-37628]:main():lattice-best-path.cc:99) For utterance 1037_66_r, best cost 15.6627 + 256.13 = 271.793 over 49 frames.
LOG (lattice-best-path[5.5.891~1-37628]:main():lattice-best-path.cc:99) For utterance 1037_68_l, best cost 52.9035 + 1655.84 = 1708.74 over 285 frames.
LOG (lattice-best-path[5.5.891~1-37628]:main():lattice-best-path.cc:99) For utterance 1037_68_r, best cost 50.2942 + 1644.41 = 1694.71 over 285 frames.
LOG (lattice-best-path[5.5.891~1-37628]:main():lattice-best-path.cc:99) For utterance 1037_70_l, best cost 141.978 + 5754.55 = 5896.53 over 1062 frames.
LOG (lattice-best-path[5.5.891~1-37628]:main():lattice-best-path.cc:99) For utterance 1037_70_r, best cost 141.963 + 5757.91 = 5899.87 over 1062 frames.
LOG (lattice-best-path[5.5.891~1-37628]:main():lattice-best-path.cc:99) For utterance 1037_71_l, best cost 23.441 + 1139.89 = 1163.34 over 238 frames.
LOG (lattice-best-path[5.5.891~1-37628]:main():lattice-best-path.cc:99) For utterance 1037_71_r, best cost 35.395 + 1114.89 = 1150.29 over 238 frames.
LOG (lattice-best-path[5.5.891~1-37628]:main():lattice-best-path.cc:99) For utterance 1037_72_l, best cost 29.8408 + 1994.24 = 2024.08 over 352 frames.
LOG (lattice-best-path[5.5.891~1-37628]:main():lattice-best-path.cc:99) For utterance 1037_72_r, best cost 53.9392 + 2017.02 = 2070.96 over 352 frames.
LOG (lattice-best-path[5.5.891~1-37628]:main():lattice-best-path.cc:99) For utterance 1037_74_l, best cost 50.0004 + 1828.6 = 1878.61 over 329 frames.
LOG (lattice-best-path[5.5.891~1-37628]:main():lattice-best-path.cc:99) For utterance 1037_74_r, best cost 50.7799 + 1837.61 = 1888.39 over 329 frames.
LOG (lattice-best-path[5.5.891~1-37628]:main():lattice-best-path.cc:99) For utterance 1037_76_l, best cost 88.5163 + 3908.2 = 3996.72 over 681 frames.
LOG (lattice-best-path[5.5.891~1-37628]:main():lattice-best-path.cc:99) For utterance 1037_76_r, best cost 95.9589 + 3930.91 = 4026.87 over 681 frames.
LOG (lattice-best-path[5.5.891~1-37628]:main():lattice-best-path.cc:99) For utterance 1037_78_l, best cost 34.1066 + 2184.29 = 2218.39 over 345 frames.
LOG (lattice-best-path[5.5.891~1-37628]:main():lattice-best-path.cc:99) For utterance 1037_78_r, best cost 23.6963 + 2233.34 = 2257.04 over 345 frames.
LOG (lattice-best-path[5.5.891~1-37628]:main():lattice-best-path.cc:99) For utterance 1037_7_l, best cost 50.2799 + 2561.28 = 2611.56 over 462 frames.
LOG (lattice-best-path[5.5.891~1-37628]:main():lattice-best-path.cc:99) For utterance 1037_7_r, best cost 50.1457 + 2543.69 = 2593.84 over 462 frames.
LOG (lattice-best-path[5.5.891~1-37628]:main():lattice-best-path.cc:99) For utterance 1037_80_l, best cost 19.833 + 902.679 = 922.512 over 158 frames.
LOG (lattice-best-path[5.5.891~1-37628]:main():lattice-best-path.cc:99) For utterance 1037_80_r, best cost 19.8283 + 899.149 = 918.977 over 158 frames.
LOG (lattice-best-path[5.5.891~1-37628]:main():lattice-best-path.cc:99) For utterance 1037_82_l, best cost 104.208 + 4034.06 = 4138.27 over 725 frames.
LOG (lattice-best-path[5.5.891~1-37628]:main():lattice-best-path.cc:99) For utterance 1037_82_r, best cost 121.605 + 4007.93 = 4129.54 over 725 frames.
LOG (lattice-best-path[5.5.891~1-37628]:main():lattice-best-path.cc:99) For utterance 1037_84_l, best cost 31.6359 + 1342.02 = 1373.65 over 221 frames.
LOG (lattice-best-path[5.5.891~1-37628]:main():lattice-best-path.cc:99) For utterance 1037_84_r, best cost 31.8251 + 1347.41 = 1379.24 over 221 frames.
LOG (lattice-best-path[5.5.891~1-37628]:main():lattice-best-path.cc:99) For utterance 1037_86_l, best cost 45.4273 + 1655.23 = 1700.65 over 286 frames.
LOG (lattice-best-path[5.5.891~1-37628]:main():lattice-best-path.cc:99) For utterance 1037_86_r, best cost 28.8695 + 1678.79 = 1707.66 over 286 frames.
LOG (lattice-best-path[5.5.891~1-37628]:main():lattice-best-path.cc:99) For utterance 1037_88_l, best cost 39.2526 + 3145.87 = 3185.13 over 487 frames.
LOG (lattice-best-path[5.5.891~1-37628]:main():lattice-best-path.cc:99) For utterance 1037_88_r, best cost 39.2125 + 3146.35 = 3185.56 over 487 frames.
LOG (lattice-best-path[5.5.891~1-37628]:main():lattice-best-path.cc:99) For utterance 1037_90_l, best cost 20.9366 + 1376.53 = 1397.47 over 243 frames.
LOG (lattice-best-path[5.5.891~1-37628]:main():lattice-best-path.cc:99) For utterance 1037_90_r, best cost 20.9398 + 1382.12 = 1403.06 over 243 frames.
LOG (lattice-best-path[5.5.891~1-37628]:main():lattice-best-path.cc:99) For utterance 1037_92_l, best cost 26.9925 + 1083.54 = 1110.53 over 187 frames.
LOG (lattice-best-path[5.5.891~1-37628]:main():lattice-best-path.cc:99) For utterance 1037_92_r, best cost 26.3604 + 1085.39 = 1111.75 over 187 frames.
LOG (lattice-best-path[5.5.891~1-37628]:main():lattice-best-path.cc:99) For utterance 1037_94_l, best cost 48.3504 + 1675.05 = 1723.4 over 348 frames.
LOG (lattice-best-path[5.5.891~1-37628]:main():lattice-best-path.cc:99) For utterance 1037_94_r, best cost 27.7908 + 1723.08 = 1750.87 over 348 frames.
LOG (lattice-best-path[5.5.891~1-37628]:main():lattice-best-path.cc:99) For utterance 1037_96_l, best cost 6.02844 + 246.36 = 252.389 over 58 frames.
LOG (lattice-best-path[5.5.891~1-37628]:main():lattice-best-path.cc:99) For utterance 1037_96_r, best cost 6.04125 + 256.619 = 262.66 over 58 frames.
LOG (lattice-best-path[5.5.891~1-37628]:main():lattice-best-path.cc:99) For utterance 1037_98_l, best cost 28.7734 + 2099 = 2127.77 over 377 frames.
LOG (lattice-best-path[5.5.891~1-37628]:main():lattice-best-path.cc:99) For utterance 1037_98_r, best cost 31.4015 + 2128.22 = 2159.62 over 377 frames.
LOG (lattice-best-path[5.5.891~1-37628]:main():lattice-best-path.cc:99) For utterance 1037_99_l, best cost 118.351 + 7005.8 = 7124.15 over 1229 frames.
LOG (lattice-depth-per-frame[5.5.891~1-37628]:main():lattice-depth-per-frame.cc:82) Done 168 lattices.
LOG (lattice-best-path[5.5.891~1-37628]:main():lattice-best-path.cc:99) For utterance 1037_99_r, best cost 114.138 + 7048.55 = 7162.69 over 1229 frames.
LOG (lattice-best-path[5.5.891~1-37628]:main():lattice-best-path.cc:99) For utterance 1037_9_l, best cost 5.95098 + 227.716 = 233.667 over 49 frames.
LOG (lattice-best-path[5.5.891~1-37628]:main():lattice-best-path.cc:99) For utterance 1037_9_r, best cost 5.95098 + 220.592 = 226.543 over 49 frames.
LOG (lattice-best-path[5.5.891~1-37628]:main():lattice-best-path.cc:124) Overall cost per frame is 5.84598 = 0.12174 [graph] + 5.72424 [acoustic] over 51642 frames.
LOG (lattice-best-path[5.5.891~1-37628]:main():lattice-best-path.cc:128) Done 168 lattices, failed for 0
# Accounting: time=1 threads=1
# Ended (code 0) at Fri Mar 12 15:06:10 CET 2021, elapsed time 1 seconds
