# gmm-latgen-faster --max-active=7000 --beam=13.0 --lattice-beam=6.0 --acoustic-scale=0.083333 --allow-partial=true --word-symbol-table=exp/tri1/graph/words.txt exp/tri1/final.mdl exp/tri1/graph/HCLG.fst "ark,s,cs:apply-cmvn  --utt2spk=ark:data/test/split1/1/utt2spk scp:data/test/split1/1/cmvn.scp scp:data/test/split1/1/feats.scp ark:- | add-deltas  ark:- ark:- |" "ark:|gzip -c > exp/tri1/decode/lat.1.gz" 
# Started at Fri Mar 12 16:40:21 CET 2021
#
gmm-latgen-faster --max-active=7000 --beam=13.0 --lattice-beam=6.0 --acoustic-scale=0.083333 --allow-partial=true --word-symbol-table=exp/tri1/graph/words.txt exp/tri1/final.mdl exp/tri1/graph/HCLG.fst 'ark,s,cs:apply-cmvn  --utt2spk=ark:data/test/split1/1/utt2spk scp:data/test/split1/1/cmvn.scp scp:data/test/split1/1/feats.scp ark:- | add-deltas  ark:- ark:- |' 'ark:|gzip -c > exp/tri1/decode/lat.1.gz' 
add-deltas ark:- ark:- 
apply-cmvn --utt2spk=ark:data/test/split1/1/utt2spk scp:data/test/split1/1/cmvn.scp scp:data/test/split1/1/feats.scp ark:- 
1041_100 en i té ka 
LOG (gmm-latgen-faster[5.5.891~1-37628]:DecodeUtteranceLatticeFaster():decoder-wrappers.cc:375) Log-like per frame for utterance 1041_100 is -8.75895 over 87 frames.
1041_106 kon kon yo ka palé 
LOG (gmm-latgen-faster[5.5.891~1-37628]:DecodeUtteranceLatticeFaster():decoder-wrappers.cc:375) Log-like per frame for utterance 1041_106 is -8.68725 over 142 frames.
1041_108 ka tann an pòté plent poukwa ou pa ay pòté 
LOG (gmm-latgen-faster[5.5.891~1-37628]:DecodeUtteranceLatticeFaster():decoder-wrappers.cc:375) Log-like per frame for utterance 1041_108 is -8.27002 over 382 frames.
LOG (apply-cmvn[5.5.891~1-37628]:main():apply-cmvn.cc:162) Applied cepstral mean normalization to 10 utterances, errors on 0
1041_42 ni ki kanmen ki jodijou 
LOG (gmm-latgen-faster[5.5.891~1-37628]:DecodeUtteranceLatticeFaster():decoder-wrappers.cc:375) Log-like per frame for utterance 1041_42 is -8.2455 over 276 frames.
1041_50 gro kado ki di mwen sé pou ay 
LOG (gmm-latgen-faster[5.5.891~1-37628]:DecodeUtteranceLatticeFaster():decoder-wrappers.cc:375) Log-like per frame for utterance 1041_50 is -8.44692 over 285 frames.
1041_56 ou ka tann té ka fè sela kontan 
LOG (gmm-latgen-faster[5.5.891~1-37628]:DecodeUtteranceLatticeFaster():decoder-wrappers.cc:375) Log-like per frame for utterance 1041_56 is -8.74673 over 284 frames.
1041_67 an ka di 
LOG (gmm-latgen-faster[5.5.891~1-37628]:DecodeUtteranceLatticeFaster():decoder-wrappers.cc:375) Log-like per frame for utterance 1041_67 is -8.31426 over 94 frames.
1041_71 an senten ka tann la daprè tou sa an ka konprann ka di 
LOG (gmm-latgen-faster[5.5.891~1-37628]:DecodeUtteranceLatticeFaster():decoder-wrappers.cc:375) Log-like per frame for utterance 1041_71 is -8.28688 over 498 frames.
1041_82 youniti kon la sent tou sa an ka konprann saw ka tann 
LOG (gmm-latgen-faster[5.5.891~1-37628]:DecodeUtteranceLatticeFaster():decoder-wrappers.cc:375) Log-like per frame for utterance 1041_82 is -8.42121 over 383 frames.
1041_88 nou té ka sa koumansé entrigé mwen 
LOG (gmm-latgen-faster[5.5.891~1-37628]:DecodeUtteranceLatticeFaster():decoder-wrappers.cc:375) Log-like per frame for utterance 1041_88 is -8.67667 over 251 frames.
LOG (gmm-latgen-faster[5.5.891~1-37628]:main():gmm-latgen-faster.cc:176) Time taken 17.7492s: real-time factor assuming 100 frames/sec is 0.66179
LOG (gmm-latgen-faster[5.5.891~1-37628]:main():gmm-latgen-faster.cc:179) Done 10 utterances, failed for 0
LOG (gmm-latgen-faster[5.5.891~1-37628]:main():gmm-latgen-faster.cc:181) Overall log-likelihood per frame is -8.43905 over 2682 frames.
# Accounting: time=17 threads=1
# Ended (code 0) at Fri Mar 12 16:40:38 CET 2021, elapsed time 17 seconds
