# lattice-best-path --lm-scale=8 --word-symbol-table=exp/tri5a/graph/words.txt "ark:gunzip -c exp/tri5a/decode/lat.*.gz|" ark,t:exp/tri5a/decode/scoring/8.tra 
# Started at Fri Mar 12 16:44:32 CET 2021
#
lattice-best-path --lm-scale=8 --word-symbol-table=exp/tri5a/graph/words.txt 'ark:gunzip -c exp/tri5a/decode/lat.*.gz|' ark,t:exp/tri5a/decode/scoring/8.tra 
LOG (lattice-best-path[5.5.891~1-37628]:main():lattice-best-path.cc:99) For utterance 1041_100, best cost 187.951 + 5145.02 = 5332.98 over 87 frames.
1041_100 adan ni timoun 
LOG (lattice-best-path[5.5.891~1-37628]:main():lattice-best-path.cc:99) For utterance 1041_106, best cost 248.909 + 8827.66 = 9076.57 over 142 frames.
1041_106 ou ka tann ou ka sa 
LOG (lattice-best-path[5.5.891~1-37628]:main():lattice-best-path.cc:99) For utterance 1041_108, best cost 428.105 + 23409.6 = 23837.7 over 382 frames.
1041_108 ka tann ou pa ay pòté plent poukwa ou pa ay 
LOG (lattice-best-path[5.5.891~1-37628]:main():lattice-best-path.cc:99) For utterance 1041_42, best cost 366.705 + 16606.1 = 16972.8 over 276 frames.
1041_42 plis ki kanmen ki ou miss 
LOG (lattice-best-path[5.5.891~1-37628]:main():lattice-best-path.cc:99) For utterance 1041_50, best cost 353.748 + 17659.1 = 18012.8 over 285 frames.
1041_50 ka matinik gwadloup ou pa ay 
LOG (lattice-best-path[5.5.891~1-37628]:main():lattice-best-path.cc:99) For utterance 1041_56, best cost 438.578 + 18303.1 = 18741.7 over 284 frames.
1041_56 kay kon an té ka pé pa ka tann 
LOG (lattice-best-path[5.5.891~1-37628]:main():lattice-best-path.cc:99) For utterance 1041_67, best cost 152.169 + 5495.34 = 5647.51 over 94 frames.
1041_67 an pa ka tann 
LOG (lattice-best-path[5.5.891~1-37628]:main():lattice-best-path.cc:99) For utterance 1041_71, best cost 715.905 + 29702.9 = 30418.8 over 498 frames.
1041_71 abon an ni plas sa sé pou sa ka ka poukwa ou pa ki 
LOG (lattice-best-path[5.5.891~1-37628]:main():lattice-best-path.cc:99) For utterance 1041_82, best cost 552.353 + 22909 = 23461.3 over 383 frames.
1041_82 dé sòs a kaz jiska la ka pa ka tann 
LOG (lattice-best-path[5.5.891~1-37628]:main():lattice-best-path.cc:99) For utterance 1041_88, best cost 355.704 + 16055.4 = 16411.1 over 251 frames.
1041_88 tou sa sé paské an son kès 
LOG (lattice-best-path[5.5.891~1-37628]:main():lattice-best-path.cc:124) Overall cost per frame is 62.6075 = 1.4169 [graph] + 61.1906 [acoustic] over 2682 frames.
LOG (lattice-best-path[5.5.891~1-37628]:main():lattice-best-path.cc:128) Done 10 lattices, failed for 0
# Accounting: time=1 threads=1
# Ended (code 0) at Fri Mar 12 16:44:33 CET 2021, elapsed time 1 seconds
