# lattice-best-path --lm-scale=9 --word-symbol-table=exp/tri5a/graph/words.txt "ark:gunzip -c exp/tri5a/decode/lat.*.gz|" ark,t:exp/tri5a/decode/scoring/9.tra 
# Started at Fri Mar 12 16:44:32 CET 2021
#
lattice-best-path --lm-scale=9 --word-symbol-table=exp/tri5a/graph/words.txt 'ark:gunzip -c exp/tri5a/decode/lat.*.gz|' ark,t:exp/tri5a/decode/scoring/9.tra 
LOG (lattice-best-path[5.5.891~1-37628]:main():lattice-best-path.cc:99) For utterance 1041_100, best cost 140.983 + 5209.63 = 5350.62 over 87 frames.
1041_100 adan on 
LOG (lattice-best-path[5.5.891~1-37628]:main():lattice-best-path.cc:99) For utterance 1041_106, best cost 280.023 + 8827.66 = 9107.69 over 142 frames.
1041_106 ou ka tann ou ka sa 
LOG (lattice-best-path[5.5.891~1-37628]:main():lattice-best-path.cc:99) For utterance 1041_108, best cost 481.618 + 23409.6 = 23891.2 over 382 frames.
1041_108 ka tann ou pa ay pòté plent poukwa ou pa ay 
LOG (lattice-best-path[5.5.891~1-37628]:main():lattice-best-path.cc:99) For utterance 1041_42, best cost 366.167 + 16650 = 17016.2 over 276 frames.
1041_42 plis ki kanmen ki oubliyé sa 
LOG (lattice-best-path[5.5.891~1-37628]:main():lattice-best-path.cc:99) For utterance 1041_50, best cost 397.967 + 17659.1 = 18057.1 over 285 frames.
1041_50 ka matinik gwadloup ou pa ay 
LOG (lattice-best-path[5.5.891~1-37628]:main():lattice-best-path.cc:99) For utterance 1041_56, best cost 442.409 + 18352.1 = 18794.5 over 284 frames.
1041_56 kay kon té ka pé pa ka tann 
LOG (lattice-best-path[5.5.891~1-37628]:main():lattice-best-path.cc:99) For utterance 1041_67, best cost 171.19 + 5495.34 = 5666.53 over 94 frames.
1041_67 an pa ka tann 
LOG (lattice-best-path[5.5.891~1-37628]:main():lattice-best-path.cc:99) For utterance 1041_71, best cost 751.673 + 29756.1 = 30507.8 over 498 frames.
1041_71 abon an ni plas sa tout sa ka ka poukwa ou pa ki 
LOG (lattice-best-path[5.5.891~1-37628]:main():lattice-best-path.cc:99) For utterance 1041_82, best cost 584.128 + 22944.1 = 23528.3 over 383 frames.
1041_82 dè sè ka jiska la ka pa ka tann 
LOG (lattice-best-path[5.5.891~1-37628]:main():lattice-best-path.cc:99) For utterance 1041_88, best cost 400.167 + 16055.4 = 16455.6 over 251 frames.
1041_88 tou sa sé paské an son kès 
LOG (lattice-best-path[5.5.891~1-37628]:main():lattice-best-path.cc:124) Overall cost per frame is 62.7798 = 1.49751 [graph] + 61.2823 [acoustic] over 2682 frames.
LOG (lattice-best-path[5.5.891~1-37628]:main():lattice-best-path.cc:128) Done 10 lattices, failed for 0
# Accounting: time=1 threads=1
# Ended (code 0) at Fri Mar 12 16:44:33 CET 2021, elapsed time 1 seconds
