# lattice-best-path --lm-scale=12 --word-symbol-table=exp/tri5a/graph/words.txt "ark:gunzip -c exp/tri5a/decode/lat.*.gz|" ark,t:exp/tri5a/decode/scoring/12.tra 
# Started at Fri Mar 12 16:44:32 CET 2021
#
lattice-best-path --lm-scale=12 --word-symbol-table=exp/tri5a/graph/words.txt 'ark:gunzip -c exp/tri5a/decode/lat.*.gz|' ark,t:exp/tri5a/decode/scoring/12.tra 
LOG (lattice-best-path[5.5.891~1-37628]:main():lattice-best-path.cc:99) For utterance 1041_100, best cost 187.978 + 5209.63 = 5397.61 over 87 frames.
1041_100 adan on 
LOG (lattice-best-path[5.5.891~1-37628]:main():lattice-best-path.cc:99) For utterance 1041_106, best cost 360.937 + 8838.01 = 9198.95 over 142 frames.
1041_106 ka tann ou ka sa 
LOG (lattice-best-path[5.5.891~1-37628]:main():lattice-best-path.cc:99) For utterance 1041_108, best cost 642.158 + 23409.6 = 24051.7 over 382 frames.
1041_108 ka tann ou pa ay pòté plent poukwa ou pa ay 
LOG (lattice-best-path[5.5.891~1-37628]:main():lattice-best-path.cc:99) For utterance 1041_42, best cost 442.45 + 16692.5 = 17135 over 276 frames.
1041_42 ki kanmen ki oubliyé sa 
LOG (lattice-best-path[5.5.891~1-37628]:main():lattice-best-path.cc:99) For utterance 1041_50, best cost 488.19 + 17696.6 = 18184.8 over 285 frames.
1041_50 ka ké diw poukwa ou pa ay 
LOG (lattice-best-path[5.5.891~1-37628]:main():lattice-best-path.cc:99) For utterance 1041_56, best cost 545.941 + 18394 = 18939.9 over 284 frames.
1041_56 kay kon yo ka pé pa ka tann 
LOG (lattice-best-path[5.5.891~1-37628]:main():lattice-best-path.cc:99) For utterance 1041_67, best cost 228.254 + 5495.34 = 5723.6 over 94 frames.
1041_67 an pa ka tann 
LOG (lattice-best-path[5.5.891~1-37628]:main():lattice-best-path.cc:99) For utterance 1041_71, best cost 932.521 + 29813.1 = 30745.7 over 498 frames.
1041_71 abon ni plas sa tout sa ka ké ou ka ki 
LOG (lattice-best-path[5.5.891~1-37628]:main():lattice-best-path.cc:99) For utterance 1041_82, best cost 757.555 + 22963.9 = 23721.5 over 383 frames.
1041_82 dé ou ka jiska la ka pa ka tann 
LOG (lattice-best-path[5.5.891~1-37628]:main():lattice-best-path.cc:99) For utterance 1041_88, best cost 375.417 + 16196.6 = 16572 over 251 frames.
1041_88 tou sa an pa ka tann 
LOG (lattice-best-path[5.5.891~1-37628]:main():lattice-best-path.cc:124) Overall cost per frame is 63.2627 = 1.84989 [graph] + 61.4129 [acoustic] over 2682 frames.
LOG (lattice-best-path[5.5.891~1-37628]:main():lattice-best-path.cc:128) Done 10 lattices, failed for 0
# Accounting: time=0 threads=1
# Ended (code 0) at Fri Mar 12 16:44:32 CET 2021, elapsed time 0 seconds
