# lattice-best-path --lm-scale=10 --word-symbol-table=exp/tri5a/graph/words.txt "ark:gunzip -c exp/tri5a/decode/lat.*.gz|" ark,t:exp/tri5a/decode/scoring/10.tra 
# Started at Fri Mar 12 16:44:32 CET 2021
#
lattice-best-path --lm-scale=10 --word-symbol-table=exp/tri5a/graph/words.txt 'ark:gunzip -c exp/tri5a/decode/lat.*.gz|' ark,t:exp/tri5a/decode/scoring/10.tra 
LOG (lattice-best-path[5.5.891~1-37628]:main():lattice-best-path.cc:99) For utterance 1041_100, best cost 156.648 + 5209.63 = 5366.28 over 87 frames.
1041_100 adan on 
LOG (lattice-best-path[5.5.891~1-37628]:main():lattice-best-path.cc:99) For utterance 1041_106, best cost 300.78 + 8838.01 = 9138.79 over 142 frames.
1041_106 ka tann ou ka sa 
LOG (lattice-best-path[5.5.891~1-37628]:main():lattice-best-path.cc:99) For utterance 1041_108, best cost 535.131 + 23409.6 = 23944.7 over 382 frames.
1041_108 ka tann ou pa ay pòté plent poukwa ou pa ay 
LOG (lattice-best-path[5.5.891~1-37628]:main():lattice-best-path.cc:99) For utterance 1041_42, best cost 406.852 + 16650 = 17056.9 over 276 frames.
1041_42 plis ki kanmen ki oubliyé sa 
LOG (lattice-best-path[5.5.891~1-37628]:main():lattice-best-path.cc:99) For utterance 1041_50, best cost 442.185 + 17659.1 = 18101.3 over 285 frames.
1041_50 ka matinik gwadloup ou pa ay 
LOG (lattice-best-path[5.5.891~1-37628]:main():lattice-best-path.cc:99) For utterance 1041_56, best cost 491.565 + 18352.1 = 18843.6 over 284 frames.
1041_56 kay kon té ka pé pa ka tann 
LOG (lattice-best-path[5.5.891~1-37628]:main():lattice-best-path.cc:99) For utterance 1041_67, best cost 190.212 + 5495.34 = 5685.56 over 94 frames.
1041_67 an pa ka tann 
LOG (lattice-best-path[5.5.891~1-37628]:main():lattice-best-path.cc:99) For utterance 1041_71, best cost 799.665 + 29790.5 = 30590.2 over 498 frames.
1041_71 abon an ni plas sa tout sa ka ké ou ka ki 
LOG (lattice-best-path[5.5.891~1-37628]:main():lattice-best-path.cc:99) For utterance 1041_82, best cost 649.031 + 22944.1 = 23593.2 over 383 frames.
1041_82 dè sè ka jiska la ka pa ka tann 
LOG (lattice-best-path[5.5.891~1-37628]:main():lattice-best-path.cc:99) For utterance 1041_88, best cost 444.63 + 16055.4 = 16500 over 251 frames.
1041_88 tou sa sé paské an son kès 
LOG (lattice-best-path[5.5.891~1-37628]:main():lattice-best-path.cc:124) Overall cost per frame is 62.9458 = 1.64679 [graph] + 61.299 [acoustic] over 2682 frames.
LOG (lattice-best-path[5.5.891~1-37628]:main():lattice-best-path.cc:128) Done 10 lattices, failed for 0
# Accounting: time=1 threads=1
# Ended (code 0) at Fri Mar 12 16:44:33 CET 2021, elapsed time 1 seconds
