# lattice-best-path --lm-scale=11 --word-symbol-table=exp/tri5a/graph/words.txt "ark:gunzip -c exp/tri5a/decode/lat.*.gz|" ark,t:exp/tri5a/decode/scoring/11.tra 
# Started at Fri Mar 12 16:44:32 CET 2021
#
lattice-best-path --lm-scale=11 --word-symbol-table=exp/tri5a/graph/words.txt 'ark:gunzip -c exp/tri5a/decode/lat.*.gz|' ark,t:exp/tri5a/decode/scoring/11.tra 
LOG (lattice-best-path[5.5.891~1-37628]:main():lattice-best-path.cc:99) For utterance 1041_100, best cost 172.313 + 5209.63 = 5381.95 over 87 frames.
1041_100 adan on 
LOG (lattice-best-path[5.5.891~1-37628]:main():lattice-best-path.cc:99) For utterance 1041_106, best cost 330.858 + 8838.01 = 9168.87 over 142 frames.
1041_106 ka tann ou ka sa 
LOG (lattice-best-path[5.5.891~1-37628]:main():lattice-best-path.cc:99) For utterance 1041_108, best cost 588.644 + 23409.6 = 23998.2 over 382 frames.
1041_108 ka tann ou pa ay pòté plent poukwa ou pa ay 
LOG (lattice-best-path[5.5.891~1-37628]:main():lattice-best-path.cc:99) For utterance 1041_42, best cost 447.537 + 16650 = 17097.6 over 276 frames.
1041_42 plis ki kanmen ki oubliyé sa 
LOG (lattice-best-path[5.5.891~1-37628]:main():lattice-best-path.cc:99) For utterance 1041_50, best cost 447.507 + 17696.6 = 18144.1 over 285 frames.
1041_50 ka ké diw poukwa ou pa ay 
LOG (lattice-best-path[5.5.891~1-37628]:main():lattice-best-path.cc:99) For utterance 1041_56, best cost 540.722 + 18352.1 = 18892.8 over 284 frames.
1041_56 kay kon té ka pé pa ka tann 
LOG (lattice-best-path[5.5.891~1-37628]:main():lattice-best-path.cc:99) For utterance 1041_67, best cost 209.233 + 5495.34 = 5704.58 over 94 frames.
1041_67 an pa ka tann 
LOG (lattice-best-path[5.5.891~1-37628]:main():lattice-best-path.cc:99) For utterance 1041_71, best cost 854.81 + 29813.1 = 30667.9 over 498 frames.
1041_71 abon ni plas sa tout sa ka ké ou ka ki 
LOG (lattice-best-path[5.5.891~1-37628]:main():lattice-best-path.cc:99) For utterance 1041_82, best cost 713.934 + 22944.1 = 23658.1 over 383 frames.
1041_82 dè sè ka jiska la ka pa ka tann 
LOG (lattice-best-path[5.5.891~1-37628]:main():lattice-best-path.cc:99) For utterance 1041_88, best cost 344.133 + 16196.6 = 16540.7 over 251 frames.
1041_88 tou sa an pa ka tann 
LOG (lattice-best-path[5.5.891~1-37628]:main():lattice-best-path.cc:124) Overall cost per frame is 63.1077 = 1.73367 [graph] + 61.374 [acoustic] over 2682 frames.
LOG (lattice-best-path[5.5.891~1-37628]:main():lattice-best-path.cc:128) Done 10 lattices, failed for 0
# Accounting: time=0 threads=1
# Ended (code 0) at Fri Mar 12 16:44:33 CET 2021, elapsed time 0 seconds
