# gmm-acc-stats-ali exp/mono/21.mdl "ark,s,cs:apply-cmvn  --utt2spk=ark:data/train/split2/1/utt2spk scp:data/train/split2/1/cmvn.scp scp:data/train/split2/1/feats.scp ark:- | add-deltas  ark:- ark:- |" "ark:gunzip -c exp/mono/ali.1.gz|" exp/mono/21.1.acc 
# Started at Fri Mar 12 13:04:37 CET 2021
#
gmm-acc-stats-ali exp/mono/21.mdl 'ark,s,cs:apply-cmvn  --utt2spk=ark:data/train/split2/1/utt2spk scp:data/train/split2/1/cmvn.scp scp:data/train/split2/1/feats.scp ark:- | add-deltas  ark:- ark:- |' 'ark:gunzip -c exp/mono/ali.1.gz|' exp/mono/21.1.acc 
add-deltas ark:- ark:- 
apply-cmvn --utt2spk=ark:data/train/split2/1/utt2spk scp:data/train/split2/1/cmvn.scp scp:data/train/split2/1/feats.scp ark:- 
WARNING (gmm-acc-stats-ali[5.5.891~1-37628]:main():gmm-acc-stats-ali.cc:79) No alignment for utterance 1016_locuteur1_125_l
WARNING (gmm-acc-stats-ali[5.5.891~1-37628]:main():gmm-acc-stats-ali.cc:79) No alignment for utterance 1016_locuteur1_125_r
LOG (gmm-acc-stats-ali[5.5.891~1-37628]:main():gmm-acc-stats-ali.cc:105) Processed 50 utterances; for utterance 1016_locuteur1_142_r avg. like is -93.7213 over 159 frames.
WARNING (gmm-acc-stats-ali[5.5.891~1-37628]:main():gmm-acc-stats-ali.cc:79) No alignment for utterance 1016_locuteur1_151_r
LOG (gmm-acc-stats-ali[5.5.891~1-37628]:main():gmm-acc-stats-ali.cc:105) Processed 100 utterances; for utterance 1016_locuteur1_186_l avg. like is -91.7753 over 58 frames.
LOG (gmm-acc-stats-ali[5.5.891~1-37628]:main():gmm-acc-stats-ali.cc:105) Processed 150 utterances; for utterance 1016_locuteur1_231_l avg. like is -91.6083 over 48 frames.
LOG (gmm-acc-stats-ali[5.5.891~1-37628]:main():gmm-acc-stats-ali.cc:105) Processed 200 utterances; for utterance 1016_locuteur1_273_l avg. like is -95.3815 over 242 frames.
LOG (gmm-acc-stats-ali[5.5.891~1-37628]:main():gmm-acc-stats-ali.cc:105) Processed 250 utterances; for utterance 1016_locuteur1_318_l avg. like is -90.4209 over 95 frames.
LOG (gmm-acc-stats-ali[5.5.891~1-37628]:main():gmm-acc-stats-ali.cc:105) Processed 300 utterances; for utterance 1016_locuteur1_73_l avg. like is -91.865 over 201 frames.
LOG (gmm-acc-stats-ali[5.5.891~1-37628]:main():gmm-acc-stats-ali.cc:105) Processed 350 utterances; for utterance 1016_locuteur2_110_l avg. like is -93.6295 over 300 frames.
LOG (gmm-acc-stats-ali[5.5.891~1-37628]:main():gmm-acc-stats-ali.cc:105) Processed 400 utterances; for utterance 1016_locuteur2_161_l avg. like is -90.0699 over 55 frames.
LOG (gmm-acc-stats-ali[5.5.891~1-37628]:main():gmm-acc-stats-ali.cc:105) Processed 450 utterances; for utterance 1016_locuteur2_20_l avg. like is -91.4067 over 388 frames.
LOG (gmm-acc-stats-ali[5.5.891~1-37628]:main():gmm-acc-stats-ali.cc:105) Processed 500 utterances; for utterance 1016_locuteur2_264_l avg. like is -94.3761 over 195 frames.
LOG (gmm-acc-stats-ali[5.5.891~1-37628]:main():gmm-acc-stats-ali.cc:105) Processed 550 utterances; for utterance 1016_locuteur2_71_l avg. like is -89.6417 over 193 frames.
WARNING (gmm-acc-stats-ali[5.5.891~1-37628]:main():gmm-acc-stats-ali.cc:79) No alignment for utterance 1016_locuteur2_8_l
WARNING (gmm-acc-stats-ali[5.5.891~1-37628]:main():gmm-acc-stats-ali.cc:79) No alignment for utterance 1016_locuteur2_8_r
LOG (gmm-acc-stats-ali[5.5.891~1-37628]:main():gmm-acc-stats-ali.cc:105) Processed 600 utterances; for utterance 1022_28_l avg. like is -96.9767 over 191 frames.
LOG (gmm-acc-stats-ali[5.5.891~1-37628]:main():gmm-acc-stats-ali.cc:105) Processed 650 utterances; for utterance 1022_73_l avg. like is -100.402 over 98 frames.
LOG (gmm-acc-stats-ali[5.5.891~1-37628]:main():gmm-acc-stats-ali.cc:105) Processed 700 utterances; for utterance 1023_119_l avg. like is -101.084 over 141 frames.
LOG (gmm-acc-stats-ali[5.5.891~1-37628]:main():gmm-acc-stats-ali.cc:105) Processed 750 utterances; for utterance 1023_160_l avg. like is -101.653 over 301 frames.
LOG (gmm-acc-stats-ali[5.5.891~1-37628]:main():gmm-acc-stats-ali.cc:105) Processed 800 utterances; for utterance 1023_204_l avg. like is -103.039 over 121 frames.
LOG (gmm-acc-stats-ali[5.5.891~1-37628]:main():gmm-acc-stats-ali.cc:105) Processed 850 utterances; for utterance 1023_249_l avg. like is -98.5159 over 311 frames.
LOG (gmm-acc-stats-ali[5.5.891~1-37628]:main():gmm-acc-stats-ali.cc:105) Processed 900 utterances; for utterance 1023_60_l avg. like is -91.9571 over 238 frames.
LOG (gmm-acc-stats-ali[5.5.891~1-37628]:main():gmm-acc-stats-ali.cc:105) Processed 950 utterances; for utterance 1024_100_l avg. like is -95.3061 over 67 frames.
LOG (gmm-acc-stats-ali[5.5.891~1-37628]:main():gmm-acc-stats-ali.cc:105) Processed 1000 utterances; for utterance 1024_147_l avg. like is -102.069 over 177 frames.
WARNING (gmm-acc-stats-ali[5.5.891~1-37628]:main():gmm-acc-stats-ali.cc:79) No alignment for utterance 1024_185_l
WARNING (gmm-acc-stats-ali[5.5.891~1-37628]:main():gmm-acc-stats-ali.cc:79) No alignment for utterance 1024_185_r
LOG (gmm-acc-stats-ali[5.5.891~1-37628]:main():gmm-acc-stats-ali.cc:105) Processed 1050 utterances; for utterance 1024_22_l avg. like is -89.6504 over 497 frames.
LOG (gmm-acc-stats-ali[5.5.891~1-37628]:main():gmm-acc-stats-ali.cc:105) Processed 1100 utterances; for utterance 1024_67_l avg. like is -95.7388 over 277 frames.
LOG (apply-cmvn[5.5.891~1-37628]:main():apply-cmvn.cc:162) Applied cepstral mean normalization to 1144 utterances, errors on 0
LOG (gmm-acc-stats-ali[5.5.891~1-37628]:main():gmm-acc-stats-ali.cc:112) Done 1137 files, 7 with errors.
LOG (gmm-acc-stats-ali[5.5.891~1-37628]:main():gmm-acc-stats-ali.cc:115) Overall avg like per frame (Gaussian only) = -94.9385 over 244373 frames.
LOG (gmm-acc-stats-ali[5.5.891~1-37628]:main():gmm-acc-stats-ali.cc:123) Written accs.
# Accounting: time=0 threads=1
# Ended (code 0) at Fri Mar 12 13:04:37 CET 2021, elapsed time 0 seconds
