# lattice-depth-per-frame "ark:gunzip -c exp/tri2/decode/lat.1.gz|" "ark,t:|gzip -c > exp/tri2/decode/depth_tmp.1.gz" ark:- | lattice-best-path --acoustic-scale=0.1 ark:- ark:/dev/null "ark,t:|gzip -c >exp/tri2/decode/ali_tmp.1.gz" 
# Started at Fri Mar 12 16:41:08 CET 2021
#
lattice-depth-per-frame 'ark:gunzip -c exp/tri2/decode/lat.1.gz|' 'ark,t:|gzip -c > exp/tri2/decode/depth_tmp.1.gz' ark:- 
lattice-best-path --acoustic-scale=0.1 ark:- ark:/dev/null 'ark,t:|gzip -c >exp/tri2/decode/ali_tmp.1.gz' 
LOG (lattice-best-path[5.5.891~1-37628]:main():lattice-best-path.cc:99) For utterance 1041_100, best cost 25.483 + 882.796 = 908.279 over 87 frames.
LOG (lattice-best-path[5.5.891~1-37628]:main():lattice-best-path.cc:99) For utterance 1041_106, best cost 28.4653 + 1441.65 = 1470.12 over 142 frames.
LOG (lattice-best-path[5.5.891~1-37628]:main():lattice-best-path.cc:99) For utterance 1041_108, best cost 53.6077 + 3730.36 = 3783.96 over 382 frames.
LOG (lattice-best-path[5.5.891~1-37628]:main():lattice-best-path.cc:99) For utterance 1041_42, best cost 43.7255 + 2689.69 = 2733.42 over 276 frames.
LOG (lattice-best-path[5.5.891~1-37628]:main():lattice-best-path.cc:99) For utterance 1041_50, best cost 56.9918 + 2820.85 = 2877.84 over 285 frames.
LOG (lattice-best-path[5.5.891~1-37628]:main():lattice-best-path.cc:99) For utterance 1041_56, best cost 61.0422 + 2906.59 = 2967.63 over 284 frames.
LOG (lattice-best-path[5.5.891~1-37628]:main():lattice-best-path.cc:99) For utterance 1041_67, best cost 16.9274 + 916.161 = 933.088 over 94 frames.
LOG (lattice-best-path[5.5.891~1-37628]:main():lattice-best-path.cc:99) For utterance 1041_71, best cost 99.4515 + 4836.53 = 4935.98 over 498 frames.
LOG (lattice-best-path[5.5.891~1-37628]:main():lattice-best-path.cc:99) For utterance 1041_82, best cost 87.6324 + 3774.76 = 3862.39 over 383 frames.
LOG (lattice-depth-per-frame[5.5.891~1-37628]:main():lattice-depth-per-frame.cc:82) Done 10 lattices.
LOG (lattice-best-path[5.5.891~1-37628]:main():lattice-best-path.cc:99) For utterance 1041_88, best cost 58.1223 + 2543.31 = 2601.43 over 251 frames.
LOG (lattice-best-path[5.5.891~1-37628]:main():lattice-best-path.cc:124) Overall cost per frame is 10.0948 = 0.198154 [graph] + 9.89661 [acoustic] over 2682 frames.
LOG (lattice-best-path[5.5.891~1-37628]:main():lattice-best-path.cc:128) Done 10 lattices, failed for 0
# Accounting: time=1 threads=1
# Ended (code 0) at Fri Mar 12 16:41:09 CET 2021, elapsed time 1 seconds
