# ali-to-post "ark:gunzip -c exp/tri5a_ali/pre_ali.1.gz|" ark:- | weight-silence-post 0.0 1:2:3:4:5:6:7:8:9:10:11:12:13:14:15:16:17:18:19:20:21:22:23:24:25:26:27:28:29:30:31:32:33:34:35:36:37:38:39:40:41:42:43:44:45:46:47:48:49:50:51:52:53:54:55:56:57:58:59:60:61:62:63:64:65:66:67:68:69:70 exp/tri5a/final.alimdl ark:- ark:- | gmm-post-to-gpost exp/tri5a/final.alimdl "ark,s,cs:apply-cmvn  --utt2spk=ark:data/train/split1/1/utt2spk scp:data/train/split1/1/cmvn.scp scp:data/train/split1/1/feats.scp ark:- | splice-feats  ark:- ark:- | transform-feats exp/tri5a/final.mat ark:- ark:- |" ark:- ark:- | gmm-est-fmllr-gpost --fmllr-update-type=full --spk2utt=ark:data/train/split1/1/spk2utt exp/tri5a/final.mdl "ark,s,cs:apply-cmvn  --utt2spk=ark:data/train/split1/1/utt2spk scp:data/train/split1/1/cmvn.scp scp:data/train/split1/1/feats.scp ark:- | splice-feats  ark:- ark:- | transform-feats exp/tri5a/final.mat ark:- ark:- |" ark,s,cs:- ark:exp/tri5a_ali/trans.1 
# Started at Fri Mar 12 16:44:33 CET 2021
#
ali-to-post 'ark:gunzip -c exp/tri5a_ali/pre_ali.1.gz|' ark:- 
weight-silence-post 0.0 1:2:3:4:5:6:7:8:9:10:11:12:13:14:15:16:17:18:19:20:21:22:23:24:25:26:27:28:29:30:31:32:33:34:35:36:37:38:39:40:41:42:43:44:45:46:47:48:49:50:51:52:53:54:55:56:57:58:59:60:61:62:63:64:65:66:67:68:69:70 exp/tri5a/final.alimdl ark:- ark:- 
gmm-post-to-gpost exp/tri5a/final.alimdl 'ark,s,cs:apply-cmvn  --utt2spk=ark:data/train/split1/1/utt2spk scp:data/train/split1/1/cmvn.scp scp:data/train/split1/1/feats.scp ark:- | splice-feats  ark:- ark:- | transform-feats exp/tri5a/final.mat ark:- ark:- |' ark:- ark:- 
gmm-est-fmllr-gpost --fmllr-update-type=full --spk2utt=ark:data/train/split1/1/spk2utt exp/tri5a/final.mdl 'ark,s,cs:apply-cmvn  --utt2spk=ark:data/train/split1/1/utt2spk scp:data/train/split1/1/cmvn.scp scp:data/train/split1/1/feats.scp ark:- | splice-feats  ark:- ark:- | transform-feats exp/tri5a/final.mat ark:- ark:- |' ark,s,cs:- ark:exp/tri5a_ali/trans.1 
splice-feats ark:- ark:- 
transform-feats exp/tri5a/final.mat ark:- ark:- 
splice-feats ark:- ark:- 
apply-cmvn --utt2spk=ark:data/train/split1/1/utt2spk scp:data/train/split1/1/cmvn.scp scp:data/train/split1/1/feats.scp ark:- 
apply-cmvn --utt2spk=ark:data/train/split1/1/utt2spk scp:data/train/split1/1/cmvn.scp scp:data/train/split1/1/feats.scp ark:- 
transform-feats exp/tri5a/final.mat ark:- ark:- 
LOG (gmm-est-fmllr-gpost[5.5.891~1-37628]:ComputeFmllrMatrixDiagGmmFull():fmllr-diag-gmm.cc:262) fMLLR objf improvement is 14.0317 per frame over 1497 frames.
LOG (gmm-est-fmllr-gpost[5.5.891~1-37628]:main():gmm-est-fmllr-gpost.cc:141) For speaker 1016_locuteur1, auxf-impr from fMLLR is 14.0317, over 1497 frames.

LOG (gmm-est-fmllr-gpost[5.5.891~1-37628]:ComputeFmllrMatrixDiagGmmFull():fmllr-diag-gmm.cc:262) fMLLR objf improvement is 12.7895 per frame over 1899 frames.
LOG (gmm-est-fmllr-gpost[5.5.891~1-37628]:main():gmm-est-fmllr-gpost.cc:141) For speaker 1016_locuteur2, auxf-impr from fMLLR is 12.7895, over 1899 frames.

LOG (gmm-est-fmllr-gpost[5.5.891~1-37628]:ComputeFmllrMatrixDiagGmmFull():fmllr-diag-gmm.cc:262) fMLLR objf improvement is 13.2222 per frame over 1338 frames.
LOG (gmm-est-fmllr-gpost[5.5.891~1-37628]:main():gmm-est-fmllr-gpost.cc:141) For speaker 1022, auxf-impr from fMLLR is 13.2222, over 1338 frames.

LOG (gmm-est-fmllr-gpost[5.5.891~1-37628]:ComputeFmllrMatrixDiagGmmFull():fmllr-diag-gmm.cc:262) fMLLR objf improvement is 22.8572 per frame over 1000 frames.
LOG (gmm-est-fmllr-gpost[5.5.891~1-37628]:main():gmm-est-fmllr-gpost.cc:141) For speaker 1023, auxf-impr from fMLLR is 22.8572, over 1000 frames.

LOG (gmm-est-fmllr-gpost[5.5.891~1-37628]:ComputeFmllrMatrixDiagGmmFull():fmllr-diag-gmm.cc:262) fMLLR objf improvement is 8.90623 per frame over 2393 frames.
LOG (gmm-est-fmllr-gpost[5.5.891~1-37628]:main():gmm-est-fmllr-gpost.cc:141) For speaker 1024, auxf-impr from fMLLR is 8.90623, over 2393 frames.

LOG (gmm-est-fmllr-gpost[5.5.891~1-37628]:ComputeFmllrMatrixDiagGmmFull():fmllr-diag-gmm.cc:262) fMLLR objf improvement is 11.0835 per frame over 2161 frames.
LOG (gmm-est-fmllr-gpost[5.5.891~1-37628]:main():gmm-est-fmllr-gpost.cc:141) For speaker 1028, auxf-impr from fMLLR is 11.0835, over 2161 frames.

LOG (ali-to-post[5.5.891~1-37628]:main():ali-to-post.cc:73) Converted 99 alignments.
LOG (gmm-est-fmllr-gpost[5.5.891~1-37628]:ComputeFmllrMatrixDiagGmmFull():fmllr-diag-gmm.cc:262) fMLLR objf improvement is 10.1105 per frame over 2272 frames.
LOG (gmm-est-fmllr-gpost[5.5.891~1-37628]:main():gmm-est-fmllr-gpost.cc:141) For speaker 1029, auxf-impr from fMLLR is 10.1105, over 2272 frames.

LOG (gmm-est-fmllr-gpost[5.5.891~1-37628]:ComputeFmllrMatrixDiagGmmFull():fmllr-diag-gmm.cc:262) fMLLR objf improvement is 7.34219 per frame over 2990 frames.
LOG (gmm-est-fmllr-gpost[5.5.891~1-37628]:main():gmm-est-fmllr-gpost.cc:141) For speaker 1032, auxf-impr from fMLLR is 7.34219, over 2990 frames.

LOG (weight-silence-post[5.5.891~1-37628]:main():weight-silence-post.cc:95) Done 99 posteriors.
LOG (apply-cmvn[5.5.891~1-37628]:main():apply-cmvn.cc:162) Applied cepstral mean normalization to 99 utterances, errors on 0
LOG (gmm-est-fmllr-gpost[5.5.891~1-37628]:ComputeFmllrMatrixDiagGmmFull():fmllr-diag-gmm.cc:262) fMLLR objf improvement is 8.38869 per frame over 2671 frames.
LOG (gmm-est-fmllr-gpost[5.5.891~1-37628]:main():gmm-est-fmllr-gpost.cc:141) For speaker 1036, auxf-impr from fMLLR is 8.38869, over 2671 frames.

LOG (apply-cmvn[5.5.891~1-37628]:main():apply-cmvn.cc:162) Applied cepstral mean normalization to 99 utterances, errors on 0
LOG (transform-feats[5.5.891~1-37628]:main():transform-feats.cc:158) Overall average [pseudo-]logdet is -69.1217 over 25328 frames.
LOG (transform-feats[5.5.891~1-37628]:main():transform-feats.cc:161) Applied transform to 99 utterances; 0 had errors.
LOG (gmm-post-to-gpost[5.5.891~1-37628]:main():gmm-post-to-gpost.cc:124) Done 99 files, 0 with no posteriors, 0 with other errors.
LOG (gmm-post-to-gpost[5.5.891~1-37628]:main():gmm-post-to-gpost.cc:128) Overall avg like per frame (Gaussian only) = -52.7707 over 20243 frames.
LOG (gmm-post-to-gpost[5.5.891~1-37628]:main():gmm-post-to-gpost.cc:131) Done converting post to gpost
LOG (transform-feats[5.5.891~1-37628]:main():transform-feats.cc:158) Overall average [pseudo-]logdet is -69.1217 over 25328 frames.
LOG (transform-feats[5.5.891~1-37628]:main():transform-feats.cc:161) Applied transform to 99 utterances; 0 had errors.
LOG (gmm-est-fmllr-gpost[5.5.891~1-37628]:ComputeFmllrMatrixDiagGmmFull():fmllr-diag-gmm.cc:262) fMLLR objf improvement is 10.2911 per frame over 2022 frames.
LOG (gmm-est-fmllr-gpost[5.5.891~1-37628]:main():gmm-est-fmllr-gpost.cc:141) For speaker 1037, auxf-impr from fMLLR is 10.2911, over 2022 frames.

LOG (gmm-est-fmllr-gpost[5.5.891~1-37628]:main():gmm-est-fmllr-gpost.cc:186) Done 99 files, 0 with no gposts, 0 with other errors.
LOG (gmm-est-fmllr-gpost[5.5.891~1-37628]:main():gmm-est-fmllr-gpost.cc:188) Overall fMLLR auxf impr per frame is 10.8306 over 20243 frames.
# Accounting: time=1 threads=1
# Ended (code 0) at Fri Mar 12 16:44:34 CET 2021, elapsed time 1 seconds
