# lattice-depth-per-frame "ark:gunzip -c exp/tri2/decode/lat.1.gz|" "ark,t:|gzip -c > exp/tri2/decode/depth_tmp.1.gz" ark:- | lattice-best-path --acoustic-scale=0.1 ark:- ark:/dev/null "ark,t:|gzip -c >exp/tri2/decode/ali_tmp.1.gz" 
# Started at Fri Mar 12 14:31:05 CET 2021
#
lattice-best-path --acoustic-scale=0.1 ark:- ark:/dev/null 'ark,t:|gzip -c >exp/tri2/decode/ali_tmp.1.gz' 
lattice-depth-per-frame 'ark:gunzip -c exp/tri2/decode/lat.1.gz|' 'ark,t:|gzip -c > exp/tri2/decode/depth_tmp.1.gz' ark:- 
LOG (lattice-best-path[5.5.891~1-37628]:main():lattice-best-path.cc:99) For utterance 1037_101_l, best cost 11.5322 + 1130.37 = 1141.91 over 122 frames.
LOG (lattice-best-path[5.5.891~1-37628]:main():lattice-best-path.cc:99) For utterance 1037_101_r, best cost 12.9809 + 1127.28 = 1140.26 over 122 frames.
LOG (lattice-best-path[5.5.891~1-37628]:main():lattice-best-path.cc:99) For utterance 1037_103_l, best cost 17.2 + 1277.22 = 1294.42 over 138 frames.
LOG (lattice-best-path[5.5.891~1-37628]:main():lattice-best-path.cc:99) For utterance 1037_103_r, best cost 12.166 + 1288.73 = 1300.9 over 138 frames.
LOG (lattice-best-path[5.5.891~1-37628]:main():lattice-best-path.cc:99) For utterance 1037_105_l, best cost 51.0437 + 3841.03 = 3892.08 over 395 frames.
LOG (lattice-best-path[5.5.891~1-37628]:main():lattice-best-path.cc:99) For utterance 1037_105_r, best cost 53.1122 + 3832.52 = 3885.63 over 395 frames.
LOG (lattice-best-path[5.5.891~1-37628]:main():lattice-best-path.cc:99) For utterance 1037_107_l, best cost 14.1323 + 1651.68 = 1665.81 over 174 frames.
LOG (lattice-best-path[5.5.891~1-37628]:main():lattice-best-path.cc:99) For utterance 1037_107_r, best cost 14.9248 + 1665.19 = 1680.11 over 174 frames.
LOG (lattice-best-path[5.5.891~1-37628]:main():lattice-best-path.cc:99) For utterance 1037_109_l, best cost 75.4679 + 6602.06 = 6677.53 over 708 frames.
LOG (lattice-best-path[5.5.891~1-37628]:main():lattice-best-path.cc:99) For utterance 1037_109_r, best cost 78.4814 + 6645.53 = 6724.01 over 708 frames.
LOG (lattice-best-path[5.5.891~1-37628]:main():lattice-best-path.cc:99) For utterance 1037_111_l, best cost 7.98437 + 984.751 = 992.735 over 98 frames.
LOG (lattice-best-path[5.5.891~1-37628]:main():lattice-best-path.cc:99) For utterance 1037_111_r, best cost 24.5855 + 970.086 = 994.671 over 98 frames.
LOG (lattice-best-path[5.5.891~1-37628]:main():lattice-best-path.cc:99) For utterance 1037_113_l, best cost 37.7226 + 4020.02 = 4057.74 over 398 frames.
LOG (lattice-best-path[5.5.891~1-37628]:main():lattice-best-path.cc:99) For utterance 1037_113_r, best cost 36.8366 + 4010.16 = 4047 over 398 frames.
LOG (lattice-best-path[5.5.891~1-37628]:main():lattice-best-path.cc:99) For utterance 1037_115_l, best cost 43.6679 + 2113.2 = 2156.87 over 225 frames.
LOG (lattice-best-path[5.5.891~1-37628]:main():lattice-best-path.cc:99) For utterance 1037_115_r, best cost 24.7118 + 2147.91 = 2172.62 over 225 frames.
LOG (lattice-best-path[5.5.891~1-37628]:main():lattice-best-path.cc:99) For utterance 1037_117_l, best cost 18.6063 + 1053.26 = 1071.87 over 105 frames.
LOG (lattice-best-path[5.5.891~1-37628]:main():lattice-best-path.cc:99) For utterance 1037_117_r, best cost 18.6528 + 1044.81 = 1063.46 over 105 frames.
LOG (lattice-best-path[5.5.891~1-37628]:main():lattice-best-path.cc:99) For utterance 1037_119_l, best cost 14.6112 + 2047.43 = 2062.04 over 222 frames.
LOG (lattice-best-path[5.5.891~1-37628]:main():lattice-best-path.cc:99) For utterance 1037_119_r, best cost 14.5978 + 2055.07 = 2069.67 over 222 frames.
LOG (lattice-best-path[5.5.891~1-37628]:main():lattice-best-path.cc:99) For utterance 1037_11_l, best cost 35.9046 + 2819.64 = 2855.54 over 298 frames.
LOG (lattice-best-path[5.5.891~1-37628]:main():lattice-best-path.cc:99) For utterance 1037_11_r, best cost 39.2729 + 2819.55 = 2858.83 over 298 frames.
LOG (lattice-best-path[5.5.891~1-37628]:main():lattice-best-path.cc:99) For utterance 1037_121_l, best cost 53.1153 + 7833.09 = 7886.2 over 794 frames.
LOG (lattice-best-path[5.5.891~1-37628]:main():lattice-best-path.cc:99) For utterance 1037_121_r, best cost 64.8175 + 7836.86 = 7901.68 over 794 frames.
LOG (lattice-best-path[5.5.891~1-37628]:main():lattice-best-path.cc:99) For utterance 1037_123_l, best cost 15.4112 + 580.963 = 596.375 over 60 frames.
LOG (lattice-best-path[5.5.891~1-37628]:main():lattice-best-path.cc:99) For utterance 1037_123_r, best cost 15.3051 + 572.781 = 588.086 over 60 frames.
LOG (lattice-best-path[5.5.891~1-37628]:main():lattice-best-path.cc:99) For utterance 1037_125_l, best cost 28.8924 + 1491.98 = 1520.88 over 152 frames.
LOG (lattice-best-path[5.5.891~1-37628]:main():lattice-best-path.cc:99) For utterance 1037_125_r, best cost 22.0688 + 1498.74 = 1520.81 over 152 frames.
LOG (lattice-best-path[5.5.891~1-37628]:main():lattice-best-path.cc:99) For utterance 1037_127_l, best cost 48.9788 + 6848.82 = 6897.8 over 729 frames.
LOG (lattice-best-path[5.5.891~1-37628]:main():lattice-best-path.cc:99) For utterance 1037_127_r, best cost 45.6794 + 6864.39 = 6910.06 over 729 frames.
LOG (lattice-best-path[5.5.891~1-37628]:main():lattice-best-path.cc:99) For utterance 1037_129_l, best cost 81.8475 + 3803.57 = 3885.42 over 395 frames.
LOG (lattice-best-path[5.5.891~1-37628]:main():lattice-best-path.cc:99) For utterance 1037_129_r, best cost 79.372 + 3793.89 = 3873.26 over 395 frames.
LOG (lattice-best-path[5.5.891~1-37628]:main():lattice-best-path.cc:99) For utterance 1037_131_l, best cost 35.403 + 4024.06 = 4059.46 over 438 frames.
LOG (lattice-best-path[5.5.891~1-37628]:main():lattice-best-path.cc:99) For utterance 1037_131_r, best cost 39.3763 + 4019.84 = 4059.22 over 438 frames.
LOG (lattice-best-path[5.5.891~1-37628]:main():lattice-best-path.cc:99) For utterance 1037_133_l, best cost 70.0354 + 6335.27 = 6405.3 over 654 frames.
LOG (lattice-best-path[5.5.891~1-37628]:main():lattice-best-path.cc:99) For utterance 1037_133_r, best cost 70.0852 + 6394.19 = 6464.28 over 654 frames.
LOG (lattice-best-path[5.5.891~1-37628]:main():lattice-best-path.cc:99) For utterance 1037_135_l, best cost 32.2535 + 2468.28 = 2500.53 over 245 frames.
LOG (lattice-best-path[5.5.891~1-37628]:main():lattice-best-path.cc:99) For utterance 1037_135_r, best cost 32.3052 + 2458.57 = 2490.87 over 245 frames.
LOG (lattice-best-path[5.5.891~1-37628]:main():lattice-best-path.cc:99) For utterance 1037_137_l, best cost 53.1144 + 4170.93 = 4224.05 over 430 frames.
LOG (lattice-best-path[5.5.891~1-37628]:main():lattice-best-path.cc:99) For utterance 1037_137_r, best cost 100.76 + 4130.75 = 4231.51 over 430 frames.
LOG (lattice-best-path[5.5.891~1-37628]:main():lattice-best-path.cc:99) For utterance 1037_139_l, best cost 12.998 + 579.639 = 592.637 over 57 frames.
LOG (lattice-best-path[5.5.891~1-37628]:main():lattice-best-path.cc:99) For utterance 1037_139_r, best cost 16.8887 + 570.367 = 587.255 over 57 frames.
LOG (lattice-best-path[5.5.891~1-37628]:main():lattice-best-path.cc:99) For utterance 1037_13_l, best cost 37.9006 + 2971.89 = 3009.8 over 318 frames.
LOG (lattice-best-path[5.5.891~1-37628]:main():lattice-best-path.cc:99) For utterance 1037_13_r, best cost 52.0874 + 2970.55 = 3022.64 over 318 frames.
LOG (lattice-best-path[5.5.891~1-37628]:main():lattice-best-path.cc:99) For utterance 1037_141_l, best cost 54.8966 + 4258.85 = 4313.75 over 444 frames.
LOG (lattice-best-path[5.5.891~1-37628]:main():lattice-best-path.cc:99) For utterance 1037_141_r, best cost 49.0018 + 4248.09 = 4297.09 over 444 frames.
LOG (lattice-best-path[5.5.891~1-37628]:main():lattice-best-path.cc:99) For utterance 1037_143_l, best cost 20.1464 + 1153.81 = 1173.96 over 130 frames.
LOG (lattice-best-path[5.5.891~1-37628]:main():lattice-best-path.cc:99) For utterance 1037_143_r, best cost 19.7682 + 1147.69 = 1167.46 over 130 frames.
LOG (lattice-best-path[5.5.891~1-37628]:main():lattice-best-path.cc:99) For utterance 1037_145_l, best cost 16.2595 + 1162.36 = 1178.62 over 128 frames.
LOG (lattice-best-path[5.5.891~1-37628]:main():lattice-best-path.cc:99) For utterance 1037_145_r, best cost 16.3626 + 1154.33 = 1170.69 over 128 frames.
LOG (lattice-best-path[5.5.891~1-37628]:main():lattice-best-path.cc:99) For utterance 1037_147_l, best cost 38.999 + 3036.78 = 3075.78 over 321 frames.
LOG (lattice-best-path[5.5.891~1-37628]:main():lattice-best-path.cc:99) For utterance 1037_147_r, best cost 40.6159 + 3038.82 = 3079.44 over 321 frames.
LOG (lattice-best-path[5.5.891~1-37628]:main():lattice-best-path.cc:99) For utterance 1037_149_l, best cost 10.3078 + 644.77 = 655.077 over 66 frames.
LOG (lattice-best-path[5.5.891~1-37628]:main():lattice-best-path.cc:99) For utterance 1037_149_r, best cost 10.3078 + 647.397 = 657.704 over 66 frames.
LOG (lattice-best-path[5.5.891~1-37628]:main():lattice-best-path.cc:99) For utterance 1037_151_l, best cost 16.2883 + 1982.91 = 1999.2 over 208 frames.
LOG (lattice-best-path[5.5.891~1-37628]:main():lattice-best-path.cc:99) For utterance 1037_151_r, best cost 16.2894 + 1984.33 = 2000.62 over 208 frames.
LOG (lattice-best-path[5.5.891~1-37628]:main():lattice-best-path.cc:99) For utterance 1037_153_l, best cost 49.2823 + 5056.38 = 5105.66 over 556 frames.
LOG (lattice-best-path[5.5.891~1-37628]:main():lattice-best-path.cc:99) For utterance 1037_153_r, best cost 49.3188 + 5095.61 = 5144.93 over 556 frames.
LOG (lattice-best-path[5.5.891~1-37628]:main():lattice-best-path.cc:99) For utterance 1037_155_l, best cost 38.2569 + 2632.32 = 2670.58 over 278 frames.
LOG (lattice-best-path[5.5.891~1-37628]:main():lattice-best-path.cc:99) For utterance 1037_155_r, best cost 40.9498 + 2633.39 = 2674.34 over 278 frames.
LOG (lattice-best-path[5.5.891~1-37628]:main():lattice-best-path.cc:99) For utterance 1037_157_l, best cost 31.8394 + 2114.12 = 2145.96 over 217 frames.
LOG (lattice-best-path[5.5.891~1-37628]:main():lattice-best-path.cc:99) For utterance 1037_157_r, best cost 35.5524 + 2135.41 = 2170.96 over 217 frames.
LOG (lattice-best-path[5.5.891~1-37628]:main():lattice-best-path.cc:99) For utterance 1037_159_l, best cost 19.0372 + 793.719 = 812.756 over 80 frames.
LOG (lattice-best-path[5.5.891~1-37628]:main():lattice-best-path.cc:99) For utterance 1037_159_r, best cost 12.0367 + 795.181 = 807.218 over 80 frames.
LOG (lattice-best-path[5.5.891~1-37628]:main():lattice-best-path.cc:99) For utterance 1037_15_l, best cost 21.2669 + 1468.81 = 1490.07 over 158 frames.
LOG (lattice-best-path[5.5.891~1-37628]:main():lattice-best-path.cc:99) For utterance 1037_15_r, best cost 21.1211 + 1474.94 = 1496.06 over 158 frames.
LOG (lattice-best-path[5.5.891~1-37628]:main():lattice-best-path.cc:99) For utterance 1037_161_l, best cost 8.59456 + 563.401 = 571.996 over 67 frames.
LOG (lattice-best-path[5.5.891~1-37628]:main():lattice-best-path.cc:99) For utterance 1037_161_r, best cost 8.59456 + 576.753 = 585.347 over 67 frames.
LOG (lattice-best-path[5.5.891~1-37628]:main():lattice-best-path.cc:99) For utterance 1037_163_l, best cost 19.5853 + 2297.49 = 2317.08 over 246 frames.
LOG (lattice-best-path[5.5.891~1-37628]:main():lattice-best-path.cc:99) For utterance 1037_163_r, best cost 20.697 + 2310.6 = 2331.29 over 246 frames.
LOG (lattice-best-path[5.5.891~1-37628]:main():lattice-best-path.cc:99) For utterance 1037_17_l, best cost 46.2052 + 1846.14 = 1892.35 over 200 frames.
LOG (lattice-best-path[5.5.891~1-37628]:main():lattice-best-path.cc:99) For utterance 1037_17_r, best cost 48.5744 + 1820.49 = 1869.07 over 200 frames.
LOG (lattice-best-path[5.5.891~1-37628]:main():lattice-best-path.cc:99) For utterance 1037_19_l, best cost 98.7075 + 5755.78 = 5854.49 over 612 frames.
LOG (lattice-best-path[5.5.891~1-37628]:main():lattice-best-path.cc:99) For utterance 1037_19_r, best cost 108.733 + 5785.69 = 5894.43 over 612 frames.
LOG (lattice-best-path[5.5.891~1-37628]:main():lattice-best-path.cc:99) For utterance 1037_1_l, best cost 28.6629 + 2340.71 = 2369.38 over 260 frames.
LOG (lattice-best-path[5.5.891~1-37628]:main():lattice-best-path.cc:99) For utterance 1037_1_r, best cost 29.573 + 2356.63 = 2386.21 over 260 frames.
LOG (lattice-best-path[5.5.891~1-37628]:main():lattice-best-path.cc:99) For utterance 1037_21_l, best cost 12.9068 + 389.918 = 402.825 over 40 frames.
LOG (lattice-best-path[5.5.891~1-37628]:main():lattice-best-path.cc:99) For utterance 1037_21_r, best cost 15.1292 + 382.757 = 397.886 over 40 frames.
LOG (lattice-best-path[5.5.891~1-37628]:main():lattice-best-path.cc:99) For utterance 1037_23_l, best cost 27.822 + 1925.85 = 1953.67 over 210 frames.
LOG (lattice-best-path[5.5.891~1-37628]:main():lattice-best-path.cc:99) For utterance 1037_23_r, best cost 30.423 + 1927.48 = 1957.9 over 210 frames.
LOG (lattice-best-path[5.5.891~1-37628]:main():lattice-best-path.cc:99) For utterance 1037_24_l, best cost 27.4937 + 4452.78 = 4480.28 over 456 frames.
LOG (lattice-best-path[5.5.891~1-37628]:main():lattice-best-path.cc:99) For utterance 1037_24_r, best cost 46.8624 + 4411.44 = 4458.3 over 456 frames.
LOG (lattice-best-path[5.5.891~1-37628]:main():lattice-best-path.cc:99) For utterance 1037_26_l, best cost 27.2486 + 3225.61 = 3252.86 over 337 frames.
LOG (lattice-best-path[5.5.891~1-37628]:main():lattice-best-path.cc:99) For utterance 1037_26_r, best cost 48.0341 + 3189.93 = 3237.96 over 337 frames.
LOG (lattice-best-path[5.5.891~1-37628]:main():lattice-best-path.cc:99) For utterance 1037_28_l, best cost 6.31414 + 613.779 = 620.093 over 74 frames.
LOG (lattice-best-path[5.5.891~1-37628]:main():lattice-best-path.cc:99) For utterance 1037_28_r, best cost 6.31414 + 631.63 = 637.944 over 74 frames.
LOG (lattice-best-path[5.5.891~1-37628]:main():lattice-best-path.cc:99) For utterance 1037_30_l, best cost 8.52238 + 484.082 = 492.604 over 48 frames.
LOG (lattice-best-path[5.5.891~1-37628]:main():lattice-best-path.cc:99) For utterance 1037_30_r, best cost 8.52238 + 478.988 = 487.51 over 48 frames.
LOG (lattice-best-path[5.5.891~1-37628]:main():lattice-best-path.cc:99) For utterance 1037_32_l, best cost 79.468 + 6612.33 = 6691.8 over 674 frames.
LOG (lattice-best-path[5.5.891~1-37628]:main():lattice-best-path.cc:99) For utterance 1037_32_r, best cost 49.3582 + 6660.4 = 6709.76 over 674 frames.
LOG (lattice-best-path[5.5.891~1-37628]:main():lattice-best-path.cc:99) For utterance 1037_34_l, best cost 14.364 + 1203.93 = 1218.29 over 124 frames.
LOG (lattice-best-path[5.5.891~1-37628]:main():lattice-best-path.cc:99) For utterance 1037_34_r, best cost 14.3806 + 1211.07 = 1225.45 over 124 frames.
LOG (lattice-best-path[5.5.891~1-37628]:main():lattice-best-path.cc:99) For utterance 1037_36_l, best cost 9.17197 + 500.904 = 510.076 over 51 frames.
LOG (lattice-best-path[5.5.891~1-37628]:main():lattice-best-path.cc:99) For utterance 1037_36_r, best cost 9.18091 + 499.143 = 508.324 over 51 frames.
LOG (lattice-best-path[5.5.891~1-37628]:main():lattice-best-path.cc:99) For utterance 1037_38_l, best cost 15.6251 + 1289.08 = 1304.7 over 142 frames.
LOG (lattice-best-path[5.5.891~1-37628]:main():lattice-best-path.cc:99) For utterance 1037_38_r, best cost 15.6361 + 1279.06 = 1294.7 over 142 frames.
LOG (lattice-best-path[5.5.891~1-37628]:main():lattice-best-path.cc:99) For utterance 1037_3_l, best cost 9.34911 + 724.503 = 733.852 over 84 frames.
LOG (lattice-best-path[5.5.891~1-37628]:main():lattice-best-path.cc:99) For utterance 1037_3_r, best cost 6.43385 + 726.054 = 732.487 over 84 frames.
LOG (lattice-best-path[5.5.891~1-37628]:main():lattice-best-path.cc:99) For utterance 1037_40_l, best cost 64.9188 + 6334.72 = 6399.64 over 650 frames.
LOG (lattice-best-path[5.5.891~1-37628]:main():lattice-best-path.cc:99) For utterance 1037_40_r, best cost 64.8666 + 6329.61 = 6394.47 over 650 frames.
LOG (lattice-best-path[5.5.891~1-37628]:main():lattice-best-path.cc:99) For utterance 1037_42_l, best cost 43.3013 + 2495.13 = 2538.43 over 262 frames.
LOG (lattice-best-path[5.5.891~1-37628]:main():lattice-best-path.cc:99) For utterance 1037_42_r, best cost 41.1566 + 2506.67 = 2547.83 over 262 frames.
LOG (lattice-best-path[5.5.891~1-37628]:main():lattice-best-path.cc:99) For utterance 1037_44_l, best cost 12.318 + 786.504 = 798.822 over 76 frames.
LOG (lattice-best-path[5.5.891~1-37628]:main():lattice-best-path.cc:99) For utterance 1037_44_r, best cost 11.3529 + 788.142 = 799.495 over 76 frames.
LOG (lattice-best-path[5.5.891~1-37628]:main():lattice-best-path.cc:99) For utterance 1037_46_l, best cost 17.194 + 1978.57 = 1995.76 over 204 frames.
LOG (lattice-best-path[5.5.891~1-37628]:main():lattice-best-path.cc:99) For utterance 1037_46_r, best cost 16.3517 + 1977.32 = 1993.67 over 204 frames.
LOG (lattice-best-path[5.5.891~1-37628]:main():lattice-best-path.cc:99) For utterance 1037_48_l, best cost 17.1063 + 1364.9 = 1382.01 over 132 frames.
LOG (lattice-best-path[5.5.891~1-37628]:main():lattice-best-path.cc:99) For utterance 1037_48_r, best cost 17.1063 + 1370.96 = 1388.06 over 132 frames.
LOG (lattice-best-path[5.5.891~1-37628]:main():lattice-best-path.cc:99) For utterance 1037_50_l, best cost 15.4947 + 1617.54 = 1633.03 over 170 frames.
LOG (lattice-best-path[5.5.891~1-37628]:main():lattice-best-path.cc:99) For utterance 1037_50_r, best cost 18.151 + 1626.74 = 1644.9 over 170 frames.
LOG (lattice-best-path[5.5.891~1-37628]:main():lattice-best-path.cc:99) For utterance 1037_52_l, best cost 31.9856 + 3264.38 = 3296.36 over 332 frames.
LOG (lattice-best-path[5.5.891~1-37628]:main():lattice-best-path.cc:99) For utterance 1037_52_r, best cost 31.8443 + 3261.41 = 3293.25 over 332 frames.
LOG (lattice-best-path[5.5.891~1-37628]:main():lattice-best-path.cc:99) For utterance 1037_54_l, best cost 78.8337 + 6728.95 = 6807.78 over 701 frames.
LOG (lattice-best-path[5.5.891~1-37628]:main():lattice-best-path.cc:99) For utterance 1037_54_r, best cost 75.6497 + 6752.41 = 6828.06 over 701 frames.
LOG (lattice-best-path[5.5.891~1-37628]:main():lattice-best-path.cc:99) For utterance 1037_56_l, best cost 25.4931 + 2240.84 = 2266.33 over 233 frames.
LOG (lattice-best-path[5.5.891~1-37628]:main():lattice-best-path.cc:99) For utterance 1037_56_r, best cost 25.3536 + 2237.89 = 2263.25 over 233 frames.
LOG (lattice-best-path[5.5.891~1-37628]:main():lattice-best-path.cc:99) For utterance 1037_58_l, best cost 32.3016 + 1728.05 = 1760.35 over 176 frames.
LOG (lattice-best-path[5.5.891~1-37628]:main():lattice-best-path.cc:99) For utterance 1037_58_r, best cost 29.5687 + 1736.11 = 1765.68 over 176 frames.
LOG (lattice-best-path[5.5.891~1-37628]:main():lattice-best-path.cc:99) For utterance 1037_5_l, best cost 43.7193 + 4150.05 = 4193.77 over 444 frames.
LOG (lattice-best-path[5.5.891~1-37628]:main():lattice-best-path.cc:99) For utterance 1037_5_r, best cost 42.8449 + 4151.45 = 4194.3 over 444 frames.
LOG (lattice-best-path[5.5.891~1-37628]:main():lattice-best-path.cc:99) For utterance 1037_60_l, best cost 40.396 + 1734.17 = 1774.57 over 177 frames.
LOG (lattice-best-path[5.5.891~1-37628]:main():lattice-best-path.cc:99) For utterance 1037_60_r, best cost 37.4326 + 1741.35 = 1778.78 over 177 frames.
LOG (lattice-best-path[5.5.891~1-37628]:main():lattice-best-path.cc:99) For utterance 1037_62_l, best cost 49.4638 + 2283.01 = 2332.47 over 236 frames.
LOG (lattice-best-path[5.5.891~1-37628]:main():lattice-best-path.cc:99) For utterance 1037_62_r, best cost 42.1203 + 2305.26 = 2347.38 over 236 frames.
LOG (lattice-best-path[5.5.891~1-37628]:main():lattice-best-path.cc:99) For utterance 1037_64_l, best cost 90.8509 + 4865.37 = 4956.22 over 491 frames.
LOG (lattice-best-path[5.5.891~1-37628]:main():lattice-best-path.cc:99) For utterance 1037_64_r, best cost 87.8414 + 4837.49 = 4925.33 over 491 frames.
LOG (lattice-best-path[5.5.891~1-37628]:main():lattice-best-path.cc:99) For utterance 1037_66_l, best cost 8.63821 + 469.142 = 477.78 over 49 frames.
LOG (lattice-best-path[5.5.891~1-37628]:main():lattice-best-path.cc:99) For utterance 1037_66_r, best cost 10.3128 + 458.118 = 468.431 over 49 frames.
LOG (lattice-best-path[5.5.891~1-37628]:main():lattice-best-path.cc:99) For utterance 1037_68_l, best cost 65.4704 + 2724.13 = 2789.6 over 285 frames.
LOG (lattice-best-path[5.5.891~1-37628]:main():lattice-best-path.cc:99) For utterance 1037_68_r, best cost 59.666 + 2709.13 = 2768.8 over 285 frames.
LOG (lattice-best-path[5.5.891~1-37628]:main():lattice-best-path.cc:99) For utterance 1037_70_l, best cost 109.398 + 9944.96 = 10054.4 over 1062 frames.
LOG (lattice-best-path[5.5.891~1-37628]:main():lattice-best-path.cc:99) For utterance 1037_70_r, best cost 144.245 + 9914.97 = 10059.2 over 1062 frames.
LOG (lattice-best-path[5.5.891~1-37628]:main():lattice-best-path.cc:99) For utterance 1037_71_l, best cost 23.4004 + 2088.34 = 2111.74 over 238 frames.
LOG (lattice-best-path[5.5.891~1-37628]:main():lattice-best-path.cc:99) For utterance 1037_71_r, best cost 28.2076 + 2067.04 = 2095.25 over 238 frames.
LOG (lattice-best-path[5.5.891~1-37628]:main():lattice-best-path.cc:99) For utterance 1037_72_l, best cost 37.6646 + 3366 = 3403.67 over 352 frames.
LOG (lattice-best-path[5.5.891~1-37628]:main():lattice-best-path.cc:99) For utterance 1037_72_r, best cost 24.2974 + 3425.67 = 3449.96 over 352 frames.
LOG (lattice-best-path[5.5.891~1-37628]:main():lattice-best-path.cc:99) For utterance 1037_74_l, best cost 33.6791 + 3109.6 = 3143.27 over 329 frames.
LOG (lattice-best-path[5.5.891~1-37628]:main():lattice-best-path.cc:99) For utterance 1037_74_r, best cost 33.5707 + 3115.36 = 3148.93 over 329 frames.
LOG (lattice-best-path[5.5.891~1-37628]:main():lattice-best-path.cc:99) For utterance 1037_76_l, best cost 89.2619 + 6538.69 = 6627.95 over 681 frames.
LOG (lattice-best-path[5.5.891~1-37628]:main():lattice-best-path.cc:99) For utterance 1037_76_r, best cost 102.986 + 6533.21 = 6636.2 over 681 frames.
LOG (lattice-best-path[5.5.891~1-37628]:main():lattice-best-path.cc:99) For utterance 1037_78_l, best cost 22.4832 + 3499.38 = 3521.86 over 345 frames.
LOG (lattice-best-path[5.5.891~1-37628]:main():lattice-best-path.cc:99) For utterance 1037_78_r, best cost 19.6626 + 3525.62 = 3545.28 over 345 frames.
LOG (lattice-best-path[5.5.891~1-37628]:main():lattice-best-path.cc:99) For utterance 1037_7_l, best cost 52.7103 + 4325.85 = 4378.56 over 462 frames.
LOG (lattice-best-path[5.5.891~1-37628]:main():lattice-best-path.cc:99) For utterance 1037_7_r, best cost 47.6421 + 4330.18 = 4377.82 over 462 frames.
LOG (lattice-best-path[5.5.891~1-37628]:main():lattice-best-path.cc:99) For utterance 1037_80_l, best cost 24.9797 + 1527.24 = 1552.22 over 158 frames.
LOG (lattice-best-path[5.5.891~1-37628]:main():lattice-best-path.cc:99) For utterance 1037_80_r, best cost 23.1693 + 1523.01 = 1546.18 over 158 frames.
LOG (lattice-best-path[5.5.891~1-37628]:main():lattice-best-path.cc:99) For utterance 1037_82_l, best cost 107.31 + 6865.2 = 6972.5 over 725 frames.
LOG (lattice-best-path[5.5.891~1-37628]:main():lattice-best-path.cc:99) For utterance 1037_82_r, best cost 110.013 + 6852.02 = 6962.03 over 725 frames.
LOG (lattice-best-path[5.5.891~1-37628]:main():lattice-best-path.cc:99) For utterance 1037_84_l, best cost 19.989 + 2180.32 = 2200.31 over 221 frames.
LOG (lattice-best-path[5.5.891~1-37628]:main():lattice-best-path.cc:99) For utterance 1037_84_r, best cost 19.9901 + 2187.67 = 2207.66 over 221 frames.
LOG (lattice-best-path[5.5.891~1-37628]:main():lattice-best-path.cc:99) For utterance 1037_86_l, best cost 67.8282 + 2748.84 = 2816.66 over 286 frames.
LOG (lattice-best-path[5.5.891~1-37628]:main():lattice-best-path.cc:99) For utterance 1037_86_r, best cost 57.4329 + 2754.83 = 2812.26 over 286 frames.
LOG (lattice-best-path[5.5.891~1-37628]:main():lattice-best-path.cc:99) For utterance 1037_88_l, best cost 38.7308 + 4963.61 = 5002.34 over 487 frames.
LOG (lattice-best-path[5.5.891~1-37628]:main():lattice-best-path.cc:99) For utterance 1037_88_r, best cost 38.631 + 4970.05 = 5008.68 over 487 frames.
LOG (lattice-best-path[5.5.891~1-37628]:main():lattice-best-path.cc:99) For utterance 1037_90_l, best cost 25.1974 + 2279.97 = 2305.17 over 243 frames.
LOG (lattice-best-path[5.5.891~1-37628]:main():lattice-best-path.cc:99) For utterance 1037_90_r, best cost 15.2434 + 2298.46 = 2313.7 over 243 frames.
LOG (lattice-best-path[5.5.891~1-37628]:main():lattice-best-path.cc:99) For utterance 1037_92_l, best cost 32.28 + 1787.09 = 1819.37 over 187 frames.
LOG (lattice-best-path[5.5.891~1-37628]:main():lattice-best-path.cc:99) For utterance 1037_92_r, best cost 33.5001 + 1792.26 = 1825.76 over 187 frames.
LOG (lattice-best-path[5.5.891~1-37628]:main():lattice-best-path.cc:99) For utterance 1037_94_l, best cost 39.7764 + 3103.28 = 3143.06 over 348 frames.
LOG (lattice-best-path[5.5.891~1-37628]:main():lattice-best-path.cc:99) For utterance 1037_94_r, best cost 36.0497 + 3112 = 3148.05 over 348 frames.
LOG (lattice-best-path[5.5.891~1-37628]:main():lattice-best-path.cc:99) For utterance 1037_96_l, best cost 6.10845 + 478.536 = 484.644 over 58 frames.
LOG (lattice-best-path[5.5.891~1-37628]:main():lattice-best-path.cc:99) For utterance 1037_96_r, best cost 6.10845 + 489.36 = 495.468 over 58 frames.
LOG (lattice-best-path[5.5.891~1-37628]:main():lattice-best-path.cc:99) For utterance 1037_98_l, best cost 33.9105 + 3588.61 = 3622.52 over 377 frames.
LOG (lattice-best-path[5.5.891~1-37628]:main():lattice-best-path.cc:99) For utterance 1037_98_r, best cost 39.5847 + 3596.08 = 3635.66 over 377 frames.
LOG (lattice-best-path[5.5.891~1-37628]:main():lattice-best-path.cc:99) For utterance 1037_99_l, best cost 122.16 + 11733.6 = 11855.7 over 1229 frames.
LOG (lattice-depth-per-frame[5.5.891~1-37628]:main():lattice-depth-per-frame.cc:82) Done 168 lattices.
LOG (lattice-best-path[5.5.891~1-37628]:main():lattice-best-path.cc:99) For utterance 1037_99_r, best cost 116.924 + 11754.5 = 11871.5 over 1229 frames.
LOG (lattice-best-path[5.5.891~1-37628]:main():lattice-best-path.cc:99) For utterance 1037_9_l, best cost 5.98437 + 415.402 = 421.386 over 49 frames.
LOG (lattice-best-path[5.5.891~1-37628]:main():lattice-best-path.cc:99) For utterance 1037_9_r, best cost 5.98833 + 414.086 = 420.075 over 49 frames.
LOG (lattice-best-path[5.5.891~1-37628]:main():lattice-best-path.cc:124) Overall cost per frame is 9.67244 = 0.120957 [graph] + 9.55148 [acoustic] over 51642 frames.
LOG (lattice-best-path[5.5.891~1-37628]:main():lattice-best-path.cc:128) Done 168 lattices, failed for 0
# Accounting: time=1 threads=1
# Ended (code 0) at Fri Mar 12 14:31:06 CET 2021, elapsed time 1 seconds
