# lattice-depth-per-frame "ark:gunzip -c exp/tri2/decode/lat.2.gz|" "ark,t:|gzip -c > exp/tri2/decode/depth_tmp.2.gz" ark:- | lattice-best-path --acoustic-scale=0.1 ark:- ark:/dev/null "ark,t:|gzip -c >exp/tri2/decode/ali_tmp.2.gz" 
# Started at Fri Mar 12 14:31:05 CET 2021
#
lattice-depth-per-frame 'ark:gunzip -c exp/tri2/decode/lat.2.gz|' 'ark,t:|gzip -c > exp/tri2/decode/depth_tmp.2.gz' ark:- 
lattice-best-path --acoustic-scale=0.1 ark:- ark:/dev/null 'ark,t:|gzip -c >exp/tri2/decode/ali_tmp.2.gz' 
LOG (lattice-best-path[5.5.891~1-37628]:main():lattice-best-path.cc:99) For utterance 1041_0_l, best cost 49.1531 + 5906.35 = 5955.5 over 654 frames.
LOG (lattice-best-path[5.5.891~1-37628]:main():lattice-best-path.cc:99) For utterance 1041_0_r, best cost 48.4785 + 5970.89 = 6019.37 over 654 frames.
LOG (lattice-best-path[5.5.891~1-37628]:main():lattice-best-path.cc:99) For utterance 1041_100_l, best cost 11.3581 + 863.59 = 874.948 over 87 frames.
LOG (lattice-best-path[5.5.891~1-37628]:main():lattice-best-path.cc:99) For utterance 1041_100_r, best cost 11.3604 + 860.307 = 871.667 over 87 frames.
LOG (lattice-best-path[5.5.891~1-37628]:main():lattice-best-path.cc:99) For utterance 1041_102_l, best cost 9.39265 + 270.706 = 280.098 over 29 frames.
LOG (lattice-best-path[5.5.891~1-37628]:main():lattice-best-path.cc:99) For utterance 1041_102_r, best cost 9.39611 + 268.418 = 277.814 over 29 frames.
LOG (lattice-best-path[5.5.891~1-37628]:main():lattice-best-path.cc:99) For utterance 1041_104_l, best cost 25.2283 + 3574.07 = 3599.3 over 405 frames.
LOG (lattice-best-path[5.5.891~1-37628]:main():lattice-best-path.cc:99) For utterance 1041_104_r, best cost 29.799 + 3600.52 = 3630.32 over 405 frames.
LOG (lattice-best-path[5.5.891~1-37628]:main():lattice-best-path.cc:99) For utterance 1041_106_l, best cost 13.3331 + 1423.41 = 1436.74 over 142 frames.
LOG (lattice-best-path[5.5.891~1-37628]:main():lattice-best-path.cc:99) For utterance 1041_106_r, best cost 13.3343 + 1431.65 = 1444.98 over 142 frames.
LOG (lattice-best-path[5.5.891~1-37628]:main():lattice-best-path.cc:99) For utterance 1041_108_l, best cost 38.5333 + 3634.75 = 3673.29 over 382 frames.
LOG (lattice-best-path[5.5.891~1-37628]:main():lattice-best-path.cc:99) For utterance 1041_108_r, best cost 36.2033 + 3690.66 = 3726.86 over 382 frames.
LOG (lattice-best-path[5.5.891~1-37628]:main():lattice-best-path.cc:99) For utterance 1041_10_l, best cost 11.8316 + 1598.58 = 1610.41 over 181 frames.
LOG (lattice-best-path[5.5.891~1-37628]:main():lattice-best-path.cc:99) For utterance 1041_10_r, best cost 14.488 + 1627.63 = 1642.12 over 181 frames.
LOG (lattice-best-path[5.5.891~1-37628]:main():lattice-best-path.cc:99) For utterance 1041_110_l, best cost 9.98363 + 855.696 = 865.68 over 98 frames.
LOG (lattice-best-path[5.5.891~1-37628]:main():lattice-best-path.cc:99) For utterance 1041_110_r, best cost 12.6107 + 857.416 = 870.027 over 98 frames.
LOG (lattice-best-path[5.5.891~1-37628]:main():lattice-best-path.cc:99) For utterance 1041_112_l, best cost 16.5747 + 2322.94 = 2339.51 over 267 frames.
LOG (lattice-best-path[5.5.891~1-37628]:main():lattice-best-path.cc:99) For utterance 1041_112_r, best cost 16.5571 + 2346.11 = 2362.66 over 267 frames.
LOG (lattice-best-path[5.5.891~1-37628]:main():lattice-best-path.cc:99) For utterance 1041_113_l, best cost 42.8341 + 3318.46 = 3361.3 over 373 frames.
LOG (lattice-best-path[5.5.891~1-37628]:main():lattice-best-path.cc:99) For utterance 1041_113_r, best cost 41.7972 + 3354.85 = 3396.65 over 373 frames.
LOG (lattice-best-path[5.5.891~1-37628]:main():lattice-best-path.cc:99) For utterance 1041_115_l, best cost 11.6132 + 936.724 = 948.338 over 98 frames.
LOG (lattice-best-path[5.5.891~1-37628]:main():lattice-best-path.cc:99) For utterance 1041_115_r, best cost 12.4433 + 934.349 = 946.792 over 98 frames.
LOG (lattice-best-path[5.5.891~1-37628]:main():lattice-best-path.cc:99) For utterance 1041_117_l, best cost 48.222 + 5229.22 = 5277.45 over 556 frames.
LOG (lattice-best-path[5.5.891~1-37628]:main():lattice-best-path.cc:99) For utterance 1041_117_r, best cost 51.0291 + 5273.89 = 5324.92 over 556 frames.
LOG (lattice-best-path[5.5.891~1-37628]:main():lattice-best-path.cc:99) For utterance 1041_119_l, best cost 27.9408 + 1774.93 = 1802.87 over 200 frames.
LOG (lattice-best-path[5.5.891~1-37628]:main():lattice-best-path.cc:99) For utterance 1041_119_r, best cost 29.7951 + 1785.16 = 1814.95 over 200 frames.
LOG (lattice-best-path[5.5.891~1-37628]:main():lattice-best-path.cc:99) For utterance 1041_121_l, best cost 9.62665 + 601.09 = 610.716 over 65 frames.
LOG (lattice-best-path[5.5.891~1-37628]:main():lattice-best-path.cc:99) For utterance 1041_121_r, best cost 9.61444 + 603.282 = 612.896 over 65 frames.
LOG (lattice-best-path[5.5.891~1-37628]:main():lattice-best-path.cc:99) For utterance 1041_123_l, best cost 10.4573 + 967.196 = 977.654 over 97 frames.
LOG (lattice-best-path[5.5.891~1-37628]:main():lattice-best-path.cc:99) For utterance 1041_123_r, best cost 19.7123 + 957.2 = 976.912 over 97 frames.
LOG (lattice-best-path[5.5.891~1-37628]:main():lattice-best-path.cc:99) For utterance 1041_125_l, best cost 8.56482 + 512.95 = 521.515 over 60 frames.
LOG (lattice-best-path[5.5.891~1-37628]:main():lattice-best-path.cc:99) For utterance 1041_125_r, best cost 8.56482 + 510.869 = 519.434 over 60 frames.
LOG (lattice-best-path[5.5.891~1-37628]:main():lattice-best-path.cc:99) For utterance 1041_127_l, best cost 8.53852 + 571.064 = 579.603 over 53 frames.
LOG (lattice-best-path[5.5.891~1-37628]:main():lattice-best-path.cc:99) For utterance 1041_127_r, best cost 8.53852 + 576.45 = 584.989 over 53 frames.
LOG (lattice-best-path[5.5.891~1-37628]:main():lattice-best-path.cc:99) For utterance 1041_129_l, best cost 11.5035 + 972.967 = 984.47 over 95 frames.
LOG (lattice-best-path[5.5.891~1-37628]:main():lattice-best-path.cc:99) For utterance 1041_129_r, best cost 11.4436 + 990.151 = 1001.59 over 95 frames.
LOG (lattice-best-path[5.5.891~1-37628]:main():lattice-best-path.cc:99) For utterance 1041_12_l, best cost 31.5142 + 1283.8 = 1315.32 over 144 frames.
LOG (lattice-best-path[5.5.891~1-37628]:main():lattice-best-path.cc:99) For utterance 1041_12_r, best cost 14.8154 + 1290.4 = 1305.22 over 144 frames.
LOG (lattice-best-path[5.5.891~1-37628]:main():lattice-best-path.cc:99) For utterance 1041_131_l, best cost 24.7852 + 2609.16 = 2633.95 over 274 frames.
LOG (lattice-best-path[5.5.891~1-37628]:main():lattice-best-path.cc:99) For utterance 1041_131_r, best cost 26.0736 + 2636 = 2662.07 over 274 frames.
LOG (lattice-best-path[5.5.891~1-37628]:main():lattice-best-path.cc:99) For utterance 1041_133_l, best cost 27.4529 + 2920.75 = 2948.2 over 312 frames.
LOG (lattice-best-path[5.5.891~1-37628]:main():lattice-best-path.cc:99) For utterance 1041_133_r, best cost 21.1731 + 2956.27 = 2977.45 over 312 frames.
LOG (lattice-best-path[5.5.891~1-37628]:main():lattice-best-path.cc:99) For utterance 1041_135_l, best cost 26.7943 + 1231.77 = 1258.57 over 146 frames.
LOG (lattice-best-path[5.5.891~1-37628]:main():lattice-best-path.cc:99) For utterance 1041_135_r, best cost 13.1702 + 1250.22 = 1263.39 over 146 frames.
LOG (lattice-best-path[5.5.891~1-37628]:main():lattice-best-path.cc:99) For utterance 1041_137_l, best cost 22.5581 + 3081.01 = 3103.57 over 337 frames.
LOG (lattice-best-path[5.5.891~1-37628]:main():lattice-best-path.cc:99) For utterance 1041_137_r, best cost 20.5122 + 3107.13 = 3127.64 over 337 frames.
LOG (lattice-best-path[5.5.891~1-37628]:main():lattice-best-path.cc:99) For utterance 1041_139_l, best cost 20.0218 + 1419.61 = 1439.63 over 147 frames.
LOG (lattice-best-path[5.5.891~1-37628]:main():lattice-best-path.cc:99) For utterance 1041_139_r, best cost 20.002 + 1448.94 = 1468.94 over 147 frames.
LOG (lattice-best-path[5.5.891~1-37628]:main():lattice-best-path.cc:99) For utterance 1041_141_l, best cost 8.65432 + 472.327 = 480.982 over 49 frames.
LOG (lattice-best-path[5.5.891~1-37628]:main():lattice-best-path.cc:99) For utterance 1041_141_r, best cost 8.64437 + 468.434 = 477.079 over 49 frames.
LOG (lattice-best-path[5.5.891~1-37628]:main():lattice-best-path.cc:99) For utterance 1041_143_l, best cost 11.4277 + 1056.22 = 1067.64 over 98 frames.
LOG (lattice-best-path[5.5.891~1-37628]:main():lattice-best-path.cc:99) For utterance 1041_143_r, best cost 11.4277 + 1067.73 = 1079.16 over 98 frames.
LOG (lattice-best-path[5.5.891~1-37628]:main():lattice-best-path.cc:99) For utterance 1041_145_l, best cost 34.242 + 4803.52 = 4837.76 over 515 frames.
LOG (lattice-best-path[5.5.891~1-37628]:main():lattice-best-path.cc:99) For utterance 1041_145_r, best cost 42.7054 + 4830.32 = 4873.02 over 515 frames.
LOG (lattice-best-path[5.5.891~1-37628]:main():lattice-best-path.cc:99) For utterance 1041_147_l, best cost 17.2842 + 905.407 = 922.691 over 96 frames.
LOG (lattice-best-path[5.5.891~1-37628]:main():lattice-best-path.cc:99) For utterance 1041_147_r, best cost 18.1631 + 919.806 = 937.969 over 96 frames.
LOG (lattice-best-path[5.5.891~1-37628]:main():lattice-best-path.cc:99) For utterance 1041_149_l, best cost 38.192 + 4872.24 = 4910.43 over 558 frames.
LOG (lattice-best-path[5.5.891~1-37628]:main():lattice-best-path.cc:99) For utterance 1041_149_r, best cost 36.1492 + 4890.4 = 4926.55 over 558 frames.
LOG (lattice-best-path[5.5.891~1-37628]:main():lattice-best-path.cc:99) For utterance 1041_14_l, best cost 46.9087 + 3365.21 = 3412.12 over 371 frames.
LOG (lattice-best-path[5.5.891~1-37628]:main():lattice-best-path.cc:99) For utterance 1041_14_r, best cost 42.1298 + 3415.98 = 3458.11 over 371 frames.
LOG (lattice-best-path[5.5.891~1-37628]:main():lattice-best-path.cc:99) For utterance 1041_151_l, best cost 27.6701 + 1603.19 = 1630.86 over 172 frames.
LOG (lattice-best-path[5.5.891~1-37628]:main():lattice-best-path.cc:99) For utterance 1041_151_r, best cost 27.7934 + 1603.53 = 1631.32 over 172 frames.
LOG (lattice-best-path[5.5.891~1-37628]:main():lattice-best-path.cc:99) For utterance 1041_153_l, best cost 45.0386 + 4964.95 = 5009.99 over 535 frames.
LOG (lattice-best-path[5.5.891~1-37628]:main():lattice-best-path.cc:99) For utterance 1041_153_r, best cost 42.3231 + 4972.4 = 5014.72 over 535 frames.
LOG (lattice-best-path[5.5.891~1-37628]:main():lattice-best-path.cc:99) For utterance 1041_155_l, best cost 36.63 + 5047.72 = 5084.35 over 557 frames.
LOG (lattice-best-path[5.5.891~1-37628]:main():lattice-best-path.cc:99) For utterance 1041_155_r, best cost 39.0846 + 5091.54 = 5130.63 over 557 frames.
LOG (lattice-best-path[5.5.891~1-37628]:main():lattice-best-path.cc:99) For utterance 1041_157_l, best cost 28.5417 + 2704.56 = 2733.1 over 287 frames.
LOG (lattice-best-path[5.5.891~1-37628]:main():lattice-best-path.cc:99) For utterance 1041_157_r, best cost 30.4624 + 2726.66 = 2757.12 over 287 frames.
LOG (lattice-best-path[5.5.891~1-37628]:main():lattice-best-path.cc:99) For utterance 1041_159_l, best cost 16.9137 + 1404.11 = 1421.02 over 151 frames.
LOG (lattice-best-path[5.5.891~1-37628]:main():lattice-best-path.cc:99) For utterance 1041_159_r, best cost 19.9834 + 1413.36 = 1433.34 over 151 frames.
LOG (lattice-best-path[5.5.891~1-37628]:main():lattice-best-path.cc:99) For utterance 1041_161_l, best cost 27.2733 + 2589.51 = 2616.79 over 279 frames.
LOG (lattice-best-path[5.5.891~1-37628]:main():lattice-best-path.cc:99) For utterance 1041_161_r, best cost 24.6761 + 2590.74 = 2615.41 over 279 frames.
LOG (lattice-best-path[5.5.891~1-37628]:main():lattice-best-path.cc:99) For utterance 1041_163_l, best cost 29.1129 + 4836.82 = 4865.94 over 504 frames.
LOG (lattice-best-path[5.5.891~1-37628]:main():lattice-best-path.cc:99) For utterance 1041_163_r, best cost 33.9214 + 4868.88 = 4902.8 over 504 frames.
LOG (lattice-best-path[5.5.891~1-37628]:main():lattice-best-path.cc:99) For utterance 1041_165_l, best cost 39.6588 + 2558.72 = 2598.38 over 278 frames.
LOG (lattice-best-path[5.5.891~1-37628]:main():lattice-best-path.cc:99) For utterance 1041_165_r, best cost 40.5159 + 2575.18 = 2615.69 over 278 frames.
LOG (lattice-best-path[5.5.891~1-37628]:main():lattice-best-path.cc:99) For utterance 1041_167_l, best cost 20.5518 + 2989.37 = 3009.92 over 315 frames.
LOG (lattice-best-path[5.5.891~1-37628]:main():lattice-best-path.cc:99) For utterance 1041_167_r, best cost 22.5867 + 2988.3 = 3010.89 over 315 frames.
LOG (lattice-best-path[5.5.891~1-37628]:main():lattice-best-path.cc:99) For utterance 1041_16_l, best cost 65.4835 + 6708.35 = 6773.83 over 724 frames.
LOG (lattice-best-path[5.5.891~1-37628]:main():lattice-best-path.cc:99) For utterance 1041_16_r, best cost 64.0288 + 6761.49 = 6825.52 over 724 frames.
LOG (lattice-best-path[5.5.891~1-37628]:main():lattice-best-path.cc:99) For utterance 1041_170_l, best cost 19.9658 + 2166.81 = 2186.77 over 214 frames.
LOG (lattice-best-path[5.5.891~1-37628]:main():lattice-best-path.cc:99) For utterance 1041_170_r, best cost 19.9586 + 2182.75 = 2202.71 over 214 frames.
LOG (lattice-best-path[5.5.891~1-37628]:main():lattice-best-path.cc:99) For utterance 1041_172_l, best cost 33.9196 + 3833.39 = 3867.31 over 404 frames.
LOG (lattice-best-path[5.5.891~1-37628]:main():lattice-best-path.cc:99) For utterance 1041_172_r, best cost 33.2838 + 3866.85 = 3900.14 over 404 frames.
LOG (lattice-best-path[5.5.891~1-37628]:main():lattice-best-path.cc:99) For utterance 1041_174_l, best cost 9.39946 + 327.11 = 336.51 over 35 frames.
LOG (lattice-best-path[5.5.891~1-37628]:main():lattice-best-path.cc:99) For utterance 1041_174_r, best cost 9.39946 + 333.16 = 342.559 over 35 frames.
LOG (lattice-best-path[5.5.891~1-37628]:main():lattice-best-path.cc:99) For utterance 1041_176_l, best cost 27.8236 + 4304.08 = 4331.91 over 452 frames.
LOG (lattice-best-path[5.5.891~1-37628]:main():lattice-best-path.cc:99) For utterance 1041_176_r, best cost 30.896 + 4332.62 = 4363.52 over 452 frames.
LOG (lattice-best-path[5.5.891~1-37628]:main():lattice-best-path.cc:99) For utterance 1041_177_l, best cost 32.5954 + 3898.53 = 3931.12 over 421 frames.
LOG (lattice-best-path[5.5.891~1-37628]:main():lattice-best-path.cc:99) For utterance 1041_177_r, best cost 32.6214 + 3949.97 = 3982.59 over 421 frames.
LOG (lattice-best-path[5.5.891~1-37628]:main():lattice-best-path.cc:99) For utterance 1041_178_l, best cost 25.4479 + 5219.79 = 5245.23 over 561 frames.
LOG (lattice-best-path[5.5.891~1-37628]:main():lattice-best-path.cc:99) For utterance 1041_178_r, best cost 33.0305 + 5283.89 = 5316.92 over 561 frames.
LOG (lattice-best-path[5.5.891~1-37628]:main():lattice-best-path.cc:99) For utterance 1041_180_l, best cost 22.478 + 2154.78 = 2177.25 over 232 frames.
LOG (lattice-best-path[5.5.891~1-37628]:main():lattice-best-path.cc:99) For utterance 1041_180_r, best cost 26.3758 + 2160.99 = 2187.36 over 232 frames.
LOG (lattice-best-path[5.5.891~1-37628]:main():lattice-best-path.cc:99) For utterance 1041_182_l, best cost 11.5135 + 1147.76 = 1159.27 over 119 frames.
LOG (lattice-best-path[5.5.891~1-37628]:main():lattice-best-path.cc:99) For utterance 1041_182_r, best cost 11.5211 + 1155.76 = 1167.28 over 119 frames.
LOG (lattice-best-path[5.5.891~1-37628]:main():lattice-best-path.cc:99) For utterance 1041_184_l, best cost 9.28175 + 752.776 = 762.058 over 79 frames.
LOG (lattice-best-path[5.5.891~1-37628]:main():lattice-best-path.cc:99) For utterance 1041_184_r, best cost 9.27724 + 756.488 = 765.765 over 79 frames.
LOG (lattice-best-path[5.5.891~1-37628]:main():lattice-best-path.cc:99) For utterance 1041_186_l, best cost 22.4122 + 1242.12 = 1264.54 over 129 frames.
LOG (lattice-best-path[5.5.891~1-37628]:main():lattice-best-path.cc:99) For utterance 1041_186_r, best cost 20.9284 + 1235.95 = 1256.88 over 129 frames.
LOG (lattice-best-path[5.5.891~1-37628]:main():lattice-best-path.cc:99) For utterance 1041_188_l, best cost 62.14 + 5313.6 = 5375.74 over 564 frames.
LOG (lattice-best-path[5.5.891~1-37628]:main():lattice-best-path.cc:99) For utterance 1041_188_r, best cost 52.1109 + 5359.96 = 5412.07 over 564 frames.
LOG (lattice-best-path[5.5.891~1-37628]:main():lattice-best-path.cc:99) For utterance 1041_18_l, best cost 11.5606 + 871.737 = 883.298 over 85 frames.
LOG (lattice-best-path[5.5.891~1-37628]:main():lattice-best-path.cc:99) For utterance 1041_18_r, best cost 11.5144 + 878.179 = 889.693 over 85 frames.
LOG (lattice-best-path[5.5.891~1-37628]:main():lattice-best-path.cc:99) For utterance 1041_190_l, best cost 34.8053 + 3488.9 = 3523.71 over 374 frames.
LOG (lattice-best-path[5.5.891~1-37628]:main():lattice-best-path.cc:99) For utterance 1041_190_r, best cost 26.1016 + 3512.8 = 3538.91 over 374 frames.
LOG (lattice-best-path[5.5.891~1-37628]:main():lattice-best-path.cc:99) For utterance 1041_192_l, best cost 30.2266 + 2811.84 = 2842.07 over 288 frames.
LOG (lattice-best-path[5.5.891~1-37628]:main():lattice-best-path.cc:99) For utterance 1041_192_r, best cost 31.6682 + 2822.67 = 2854.34 over 288 frames.
LOG (lattice-best-path[5.5.891~1-37628]:main():lattice-best-path.cc:99) For utterance 1041_194_l, best cost 33.2011 + 4218.37 = 4251.57 over 447 frames.
LOG (lattice-best-path[5.5.891~1-37628]:main():lattice-best-path.cc:99) For utterance 1041_194_r, best cost 41.1542 + 4237.59 = 4278.75 over 447 frames.
LOG (lattice-best-path[5.5.891~1-37628]:main():lattice-best-path.cc:99) For utterance 1041_196_l, best cost 42.894 + 3799 = 3841.89 over 412 frames.
LOG (lattice-best-path[5.5.891~1-37628]:main():lattice-best-path.cc:99) For utterance 1041_196_r, best cost 37.4871 + 3852.17 = 3889.66 over 412 frames.
LOG (lattice-best-path[5.5.891~1-37628]:main():lattice-best-path.cc:99) For utterance 1041_198_l, best cost 23.2467 + 2890.26 = 2913.5 over 294 frames.
LOG (lattice-best-path[5.5.891~1-37628]:main():lattice-best-path.cc:99) For utterance 1041_198_r, best cost 26.4117 + 2896.99 = 2923.4 over 294 frames.
LOG (lattice-best-path[5.5.891~1-37628]:main():lattice-best-path.cc:99) For utterance 1041_200_l, best cost 43.3937 + 3430.93 = 3474.32 over 374 frames.
LOG (lattice-best-path[5.5.891~1-37628]:main():lattice-best-path.cc:99) For utterance 1041_200_r, best cost 41.3634 + 3455.97 = 3497.33 over 374 frames.
LOG (lattice-best-path[5.5.891~1-37628]:main():lattice-best-path.cc:99) For utterance 1041_202_l, best cost 20.9655 + 1757.5 = 1778.47 over 180 frames.
LOG (lattice-best-path[5.5.891~1-37628]:main():lattice-best-path.cc:99) For utterance 1041_202_r, best cost 18.2804 + 1757.03 = 1775.31 over 180 frames.
LOG (lattice-best-path[5.5.891~1-37628]:main():lattice-best-path.cc:99) For utterance 1041_204_l, best cost 42.7486 + 5593.56 = 5636.3 over 604 frames.
LOG (lattice-best-path[5.5.891~1-37628]:main():lattice-best-path.cc:99) For utterance 1041_204_r, best cost 43.6842 + 5625.97 = 5669.66 over 604 frames.
LOG (lattice-best-path[5.5.891~1-37628]:main():lattice-best-path.cc:99) For utterance 1041_206_l, best cost 9.05688 + 778.819 = 787.876 over 80 frames.
LOG (lattice-best-path[5.5.891~1-37628]:main():lattice-best-path.cc:99) For utterance 1041_206_r, best cost 9.03473 + 779.839 = 788.873 over 80 frames.
LOG (lattice-best-path[5.5.891~1-37628]:main():lattice-best-path.cc:99) For utterance 1041_208_l, best cost 21.9759 + 3171.47 = 3193.44 over 343 frames.
LOG (lattice-best-path[5.5.891~1-37628]:main():lattice-best-path.cc:99) For utterance 1041_208_r, best cost 21.0747 + 3198.78 = 3219.85 over 343 frames.
LOG (lattice-best-path[5.5.891~1-37628]:main():lattice-best-path.cc:99) For utterance 1041_20_l, best cost 52.6105 + 3875.58 = 3928.19 over 421 frames.
LOG (lattice-best-path[5.5.891~1-37628]:main():lattice-best-path.cc:99) For utterance 1041_20_r, best cost 35.0808 + 3944.47 = 3979.55 over 421 frames.
LOG (lattice-best-path[5.5.891~1-37628]:main():lattice-best-path.cc:99) For utterance 1041_210_l, best cost 46.4439 + 3571.84 = 3618.29 over 384 frames.
LOG (lattice-best-path[5.5.891~1-37628]:main():lattice-best-path.cc:99) For utterance 1041_210_r, best cost 39.6361 + 3591.53 = 3631.17 over 384 frames.
LOG (lattice-best-path[5.5.891~1-37628]:main():lattice-best-path.cc:99) For utterance 1041_212_l, best cost 33.1529 + 3379.33 = 3412.48 over 359 frames.
LOG (lattice-best-path[5.5.891~1-37628]:main():lattice-best-path.cc:99) For utterance 1041_212_r, best cost 52.6049 + 3379.92 = 3432.53 over 359 frames.
LOG (lattice-best-path[5.5.891~1-37628]:main():lattice-best-path.cc:99) For utterance 1041_214_l, best cost 13.2726 + 1392.02 = 1405.29 over 135 frames.
LOG (lattice-best-path[5.5.891~1-37628]:main():lattice-best-path.cc:99) For utterance 1041_214_r, best cost 13.2738 + 1369.97 = 1383.25 over 135 frames.
LOG (lattice-best-path[5.5.891~1-37628]:main():lattice-best-path.cc:99) For utterance 1041_216_l, best cost 43.1143 + 4667.64 = 4710.75 over 535 frames.
LOG (lattice-best-path[5.5.891~1-37628]:main():lattice-best-path.cc:99) For utterance 1041_216_r, best cost 34.0755 + 4693.06 = 4727.13 over 535 frames.
LOG (lattice-best-path[5.5.891~1-37628]:main():lattice-best-path.cc:99) For utterance 1041_217_l, best cost 26.812 + 4116.87 = 4143.68 over 440 frames.
LOG (lattice-best-path[5.5.891~1-37628]:main():lattice-best-path.cc:99) For utterance 1041_217_r, best cost 32.0886 + 4144.42 = 4176.51 over 440 frames.
LOG (lattice-best-path[5.5.891~1-37628]:main():lattice-best-path.cc:99) For utterance 1041_218_l, best cost 25.0066 + 1607.71 = 1632.71 over 178 frames.
LOG (lattice-best-path[5.5.891~1-37628]:main():lattice-best-path.cc:99) For utterance 1041_218_r, best cost 18.5839 + 1648.13 = 1666.72 over 178 frames.
LOG (lattice-best-path[5.5.891~1-37628]:main():lattice-best-path.cc:99) For utterance 1041_220_l, best cost 52.7966 + 4878.1 = 4930.9 over 530 frames.
LOG (lattice-best-path[5.5.891~1-37628]:main():lattice-best-path.cc:99) For utterance 1041_220_r, best cost 52.8472 + 4932.31 = 4985.15 over 530 frames.
LOG (lattice-best-path[5.5.891~1-37628]:main():lattice-best-path.cc:99) For utterance 1041_222_l, best cost 40.7718 + 4370.43 = 4411.2 over 494 frames.
LOG (lattice-best-path[5.5.891~1-37628]:main():lattice-best-path.cc:99) For utterance 1041_222_r, best cost 35.4806 + 4420.56 = 4456.04 over 494 frames.
LOG (lattice-best-path[5.5.891~1-37628]:main():lattice-best-path.cc:99) For utterance 1041_224_l, best cost 36.2372 + 4939.75 = 4975.98 over 535 frames.
LOG (lattice-best-path[5.5.891~1-37628]:main():lattice-best-path.cc:99) For utterance 1041_224_r, best cost 34.754 + 4976.92 = 5011.67 over 535 frames.
LOG (lattice-best-path[5.5.891~1-37628]:main():lattice-best-path.cc:99) For utterance 1041_226_l, best cost 50.3484 + 3991.92 = 4042.27 over 424 frames.
LOG (lattice-best-path[5.5.891~1-37628]:main():lattice-best-path.cc:99) For utterance 1041_226_r, best cost 50.6324 + 4037.48 = 4088.11 over 424 frames.
LOG (lattice-best-path[5.5.891~1-37628]:main():lattice-best-path.cc:99) For utterance 1041_228_l, best cost 29.4174 + 2178.16 = 2207.57 over 225 frames.
LOG (lattice-best-path[5.5.891~1-37628]:main():lattice-best-path.cc:99) For utterance 1041_228_r, best cost 29.6581 + 2205.96 = 2235.62 over 225 frames.
LOG (lattice-best-path[5.5.891~1-37628]:main():lattice-best-path.cc:99) For utterance 1041_22_l, best cost 10.0719 + 791.167 = 801.238 over 100 frames.
LOG (lattice-best-path[5.5.891~1-37628]:main():lattice-best-path.cc:99) For utterance 1041_22_r, best cost 10.0809 + 796.259 = 806.34 over 100 frames.
LOG (lattice-best-path[5.5.891~1-37628]:main():lattice-best-path.cc:99) For utterance 1041_230_l, best cost 22.9551 + 2557.08 = 2580.04 over 279 frames.
LOG (lattice-best-path[5.5.891~1-37628]:main():lattice-best-path.cc:99) For utterance 1041_230_r, best cost 22.9278 + 2583.6 = 2606.53 over 279 frames.
LOG (lattice-best-path[5.5.891~1-37628]:main():lattice-best-path.cc:99) For utterance 1041_232_l, best cost 47.4083 + 5311.82 = 5359.23 over 572 frames.
LOG (lattice-best-path[5.5.891~1-37628]:main():lattice-best-path.cc:99) For utterance 1041_232_r, best cost 46.5518 + 5307.12 = 5353.67 over 572 frames.
LOG (lattice-best-path[5.5.891~1-37628]:main():lattice-best-path.cc:99) For utterance 1041_234_l, best cost 16.2432 + 1696.87 = 1713.11 over 173 frames.
LOG (lattice-best-path[5.5.891~1-37628]:main():lattice-best-path.cc:99) For utterance 1041_234_r, best cost 13.5895 + 1715.21 = 1728.8 over 173 frames.
LOG (lattice-best-path[5.5.891~1-37628]:main():lattice-best-path.cc:99) For utterance 1041_236_l, best cost 53.4028 + 6367.67 = 6421.08 over 720 frames.
LOG (lattice-best-path[5.5.891~1-37628]:main():lattice-best-path.cc:99) For utterance 1041_236_r, best cost 55.881 + 6356.58 = 6412.46 over 720 frames.
LOG (lattice-best-path[5.5.891~1-37628]:main():lattice-best-path.cc:99) For utterance 1041_238_l, best cost 19.9791 + 2273.86 = 2293.84 over 226 frames.
LOG (lattice-best-path[5.5.891~1-37628]:main():lattice-best-path.cc:99) For utterance 1041_238_r, best cost 20.8936 + 2301.25 = 2322.15 over 226 frames.
LOG (lattice-best-path[5.5.891~1-37628]:main():lattice-best-path.cc:99) For utterance 1041_240_l, best cost 30.7486 + 2442.33 = 2473.08 over 263 frames.
LOG (lattice-best-path[5.5.891~1-37628]:main():lattice-best-path.cc:99) For utterance 1041_240_r, best cost 31.8197 + 2464.93 = 2496.75 over 263 frames.
LOG (lattice-best-path[5.5.891~1-37628]:main():lattice-best-path.cc:99) For utterance 1041_242_l, best cost 14.3256 + 1417.89 = 1432.22 over 146 frames.
LOG (lattice-best-path[5.5.891~1-37628]:main():lattice-best-path.cc:99) For utterance 1041_242_r, best cost 16.977 + 1423.21 = 1440.19 over 146 frames.
LOG (lattice-best-path[5.5.891~1-37628]:main():lattice-best-path.cc:99) For utterance 1041_244_l, best cost 20.7552 + 2456.26 = 2477.01 over 246 frames.
LOG (lattice-best-path[5.5.891~1-37628]:main():lattice-best-path.cc:99) For utterance 1041_244_r, best cost 23.3822 + 2475.14 = 2498.52 over 246 frames.
LOG (lattice-best-path[5.5.891~1-37628]:main():lattice-best-path.cc:99) For utterance 1041_246_l, best cost 11.6137 + 1263.23 = 1274.85 over 138 frames.
LOG (lattice-best-path[5.5.891~1-37628]:main():lattice-best-path.cc:99) For utterance 1041_246_r, best cost 15.1508 + 1259.3 = 1274.45 over 138 frames.
LOG (lattice-best-path[5.5.891~1-37628]:main():lattice-best-path.cc:99) For utterance 1041_248_l, best cost 29.6113 + 3511.5 = 3541.12 over 363 frames.
LOG (lattice-best-path[5.5.891~1-37628]:main():lattice-best-path.cc:99) For utterance 1041_248_r, best cost 26.9216 + 3548.6 = 3575.53 over 363 frames.
LOG (lattice-best-path[5.5.891~1-37628]:main():lattice-best-path.cc:99) For utterance 1041_24_l, best cost 20.7628 + 2216.87 = 2237.63 over 227 frames.
LOG (lattice-best-path[5.5.891~1-37628]:main():lattice-best-path.cc:99) For utterance 1041_24_r, best cost 33.2479 + 2219.15 = 2252.4 over 227 frames.
LOG (lattice-best-path[5.5.891~1-37628]:main():lattice-best-path.cc:99) For utterance 1041_250_l, best cost 17.6461 + 1879.76 = 1897.41 over 197 frames.
LOG (lattice-best-path[5.5.891~1-37628]:main():lattice-best-path.cc:99) For utterance 1041_250_r, best cost 15.866 + 1880.02 = 1895.88 over 197 frames.
LOG (lattice-best-path[5.5.891~1-37628]:main():lattice-best-path.cc:99) For utterance 1041_252_l, best cost 6.9312 + 935.892 = 942.824 over 122 frames.
LOG (lattice-best-path[5.5.891~1-37628]:main():lattice-best-path.cc:99) For utterance 1041_252_r, best cost 6.94005 + 928.68 = 935.62 over 122 frames.
LOG (lattice-best-path[5.5.891~1-37628]:main():lattice-best-path.cc:99) For utterance 1041_254_l, best cost 31.089 + 4881.04 = 4912.13 over 492 frames.
LOG (lattice-best-path[5.5.891~1-37628]:main():lattice-best-path.cc:99) For utterance 1041_254_r, best cost 31.0878 + 4926.47 = 4957.55 over 492 frames.
LOG (lattice-best-path[5.5.891~1-37628]:main():lattice-best-path.cc:99) For utterance 1041_255_l, best cost 78.2073 + 7213.32 = 7291.52 over 781 frames.
LOG (lattice-best-path[5.5.891~1-37628]:main():lattice-best-path.cc:99) For utterance 1041_255_r, best cost 79.1348 + 7260.42 = 7339.55 over 781 frames.
LOG (lattice-best-path[5.5.891~1-37628]:main():lattice-best-path.cc:99) For utterance 1041_257_l, best cost 37.2226 + 4314.64 = 4351.86 over 450 frames.
LOG (lattice-best-path[5.5.891~1-37628]:main():lattice-best-path.cc:99) For utterance 1041_257_r, best cost 32.6825 + 4339.65 = 4372.33 over 450 frames.
LOG (lattice-best-path[5.5.891~1-37628]:main():lattice-best-path.cc:99) For utterance 1041_259_l, best cost 20.4746 + 3860.35 = 3880.83 over 406 frames.
LOG (lattice-best-path[5.5.891~1-37628]:main():lattice-best-path.cc:99) For utterance 1041_259_r, best cost 25.818 + 3888.99 = 3914.81 over 406 frames.
LOG (lattice-best-path[5.5.891~1-37628]:main():lattice-best-path.cc:99) For utterance 1041_261_l, best cost 11.2582 + 538.351 = 549.609 over 55 frames.
LOG (lattice-best-path[5.5.891~1-37628]:main():lattice-best-path.cc:99) For utterance 1041_261_r, best cost 14.7622 + 539.047 = 553.809 over 55 frames.
LOG (lattice-best-path[5.5.891~1-37628]:main():lattice-best-path.cc:99) For utterance 1041_263_l, best cost 36.779 + 4303.46 = 4340.24 over 442 frames.
LOG (lattice-best-path[5.5.891~1-37628]:main():lattice-best-path.cc:99) For utterance 1041_263_r, best cost 34.0314 + 4286.12 = 4320.15 over 442 frames.
LOG (lattice-best-path[5.5.891~1-37628]:main():lattice-best-path.cc:99) For utterance 1041_265_l, best cost 44.8272 + 4592.68 = 4637.5 over 503 frames.
LOG (lattice-best-path[5.5.891~1-37628]:main():lattice-best-path.cc:99) For utterance 1041_265_r, best cost 45.7167 + 4620.03 = 4665.75 over 503 frames.
LOG (lattice-best-path[5.5.891~1-37628]:main():lattice-best-path.cc:99) For utterance 1041_267_l, best cost 18.4991 + 921.68 = 940.179 over 100 frames.
LOG (lattice-best-path[5.5.891~1-37628]:main():lattice-best-path.cc:99) For utterance 1041_267_r, best cost 18.5229 + 922.455 = 940.978 over 100 frames.
LOG (lattice-best-path[5.5.891~1-37628]:main():lattice-best-path.cc:99) For utterance 1041_269_l, best cost 22.3575 + 1824.37 = 1846.73 over 196 frames.
LOG (lattice-best-path[5.5.891~1-37628]:main():lattice-best-path.cc:99) For utterance 1041_269_r, best cost 22.4121 + 1806.57 = 1828.98 over 196 frames.
LOG (lattice-best-path[5.5.891~1-37628]:main():lattice-best-path.cc:99) For utterance 1041_26_l, best cost 27.6546 + 3986.54 = 4014.2 over 459 frames.
LOG (lattice-best-path[5.5.891~1-37628]:main():lattice-best-path.cc:99) For utterance 1041_26_r, best cost 23.9925 + 4045.9 = 4069.9 over 459 frames.
LOG (lattice-best-path[5.5.891~1-37628]:main():lattice-best-path.cc:99) For utterance 1041_271_l, best cost 40.1093 + 4258.85 = 4298.96 over 455 frames.
LOG (lattice-best-path[5.5.891~1-37628]:main():lattice-best-path.cc:99) For utterance 1041_271_r, best cost 30.2952 + 4312.91 = 4343.21 over 455 frames.
LOG (lattice-best-path[5.5.891~1-37628]:main():lattice-best-path.cc:99) For utterance 1041_273_l, best cost 23.7026 + 2563.2 = 2586.9 over 259 frames.
LOG (lattice-best-path[5.5.891~1-37628]:main():lattice-best-path.cc:99) For utterance 1041_273_r, best cost 40.7373 + 2568.66 = 2609.4 over 259 frames.
LOG (lattice-best-path[5.5.891~1-37628]:main():lattice-best-path.cc:99) For utterance 1041_275_l, best cost 10.5757 + 1634.31 = 1644.89 over 175 frames.
LOG (lattice-best-path[5.5.891~1-37628]:main():lattice-best-path.cc:99) For utterance 1041_275_r, best cost 13.0822 + 1615.78 = 1628.86 over 175 frames.
LOG (lattice-best-path[5.5.891~1-37628]:main():lattice-best-path.cc:99) For utterance 1041_277_l, best cost 72.1263 + 3766.41 = 3838.53 over 402 frames.
LOG (lattice-best-path[5.5.891~1-37628]:main():lattice-best-path.cc:99) For utterance 1041_277_r, best cost 57.3731 + 3827.74 = 3885.11 over 402 frames.
LOG (lattice-best-path[5.5.891~1-37628]:main():lattice-best-path.cc:99) For utterance 1041_279_l, best cost 17.1174 + 1739.38 = 1756.5 over 174 frames.
LOG (lattice-best-path[5.5.891~1-37628]:main():lattice-best-path.cc:99) For utterance 1041_279_r, best cost 17.1029 + 1740.85 = 1757.95 over 174 frames.
LOG (lattice-best-path[5.5.891~1-37628]:main():lattice-best-path.cc:99) For utterance 1041_281_l, best cost 18.1135 + 2879.01 = 2897.12 over 299 frames.
LOG (lattice-best-path[5.5.891~1-37628]:main():lattice-best-path.cc:99) For utterance 1041_281_r, best cost 18.1181 + 2875.21 = 2893.33 over 299 frames.
LOG (lattice-best-path[5.5.891~1-37628]:main():lattice-best-path.cc:99) For utterance 1041_283_l, best cost 56.6749 + 3258.25 = 3314.92 over 351 frames.
LOG (lattice-best-path[5.5.891~1-37628]:main():lattice-best-path.cc:99) For utterance 1041_283_r, best cost 34.2016 + 3289.64 = 3323.84 over 351 frames.
LOG (lattice-best-path[5.5.891~1-37628]:main():lattice-best-path.cc:99) For utterance 1041_285_l, best cost 35.2671 + 1813.84 = 1849.11 over 195 frames.
LOG (lattice-best-path[5.5.891~1-37628]:main():lattice-best-path.cc:99) For utterance 1041_285_r, best cost 35.6443 + 1821.48 = 1857.13 over 195 frames.
LOG (lattice-best-path[5.5.891~1-37628]:main():lattice-best-path.cc:99) For utterance 1041_287_l, best cost 16.4238 + 2213.96 = 2230.39 over 240 frames.
LOG (lattice-best-path[5.5.891~1-37628]:main():lattice-best-path.cc:99) For utterance 1041_287_r, best cost 19.474 + 2192.39 = 2211.87 over 240 frames.
LOG (lattice-best-path[5.5.891~1-37628]:main():lattice-best-path.cc:99) For utterance 1041_289_l, best cost 22.1473 + 2777.79 = 2799.94 over 306 frames.
LOG (lattice-best-path[5.5.891~1-37628]:main():lattice-best-path.cc:99) For utterance 1041_289_r, best cost 22.0282 + 2797.38 = 2819.41 over 306 frames.
LOG (lattice-best-path[5.5.891~1-37628]:main():lattice-best-path.cc:99) For utterance 1041_28_l, best cost 36.1227 + 2929.55 = 2965.68 over 306 frames.
LOG (lattice-best-path[5.5.891~1-37628]:main():lattice-best-path.cc:99) For utterance 1041_28_r, best cost 29.3761 + 2979.08 = 3008.46 over 306 frames.
LOG (lattice-best-path[5.5.891~1-37628]:main():lattice-best-path.cc:99) For utterance 1041_291_l, best cost 17.0106 + 1386.81 = 1403.82 over 149 frames.
LOG (lattice-best-path[5.5.891~1-37628]:main():lattice-best-path.cc:99) For utterance 1041_291_r, best cost 17.011 + 1395.98 = 1413 over 149 frames.
LOG (lattice-best-path[5.5.891~1-37628]:main():lattice-best-path.cc:99) For utterance 1041_293_l, best cost 8.70529 + 729.505 = 738.21 over 93 frames.
LOG (lattice-best-path[5.5.891~1-37628]:main():lattice-best-path.cc:99) For utterance 1041_293_r, best cost 8.71027 + 739.329 = 748.04 over 93 frames.
LOG (lattice-best-path[5.5.891~1-37628]:main():lattice-best-path.cc:99) For utterance 1041_295_l, best cost 45.5234 + 7226.71 = 7272.23 over 824 frames.
LOG (lattice-best-path[5.5.891~1-37628]:main():lattice-best-path.cc:99) For utterance 1041_295_r, best cost 50.0857 + 7267.95 = 7318.04 over 824 frames.
LOG (lattice-best-path[5.5.891~1-37628]:main():lattice-best-path.cc:99) For utterance 1041_297_l, best cost 8.68748 + 778.245 = 786.932 over 86 frames.
LOG (lattice-best-path[5.5.891~1-37628]:main():lattice-best-path.cc:99) For utterance 1041_297_r, best cost 8.68748 + 783.592 = 792.279 over 86 frames.
LOG (lattice-best-path[5.5.891~1-37628]:main():lattice-best-path.cc:99) For utterance 1041_299_l, best cost 29.6229 + 2868.84 = 2898.47 over 311 frames.
LOG (lattice-best-path[5.5.891~1-37628]:main():lattice-best-path.cc:99) For utterance 1041_299_r, best cost 29.6851 + 2889.49 = 2919.18 over 311 frames.
LOG (lattice-best-path[5.5.891~1-37628]:main():lattice-best-path.cc:99) For utterance 1041_2_l, best cost 28.4623 + 2706.6 = 2735.06 over 284 frames.
LOG (lattice-best-path[5.5.891~1-37628]:main():lattice-best-path.cc:99) For utterance 1041_2_r, best cost 27.005 + 2727.48 = 2754.49 over 284 frames.
LOG (lattice-best-path[5.5.891~1-37628]:main():lattice-best-path.cc:99) For utterance 1041_301_l, best cost 53.697 + 7841.6 = 7895.3 over 921 frames.
LOG (lattice-best-path[5.5.891~1-37628]:main():lattice-best-path.cc:99) For utterance 1041_301_r, best cost 57.0234 + 7890.8 = 7947.82 over 921 frames.
LOG (lattice-best-path[5.5.891~1-37628]:main():lattice-best-path.cc:99) For utterance 1041_303_l, best cost 13.3631 + 986.182 = 999.545 over 107 frames.
LOG (lattice-best-path[5.5.891~1-37628]:main():lattice-best-path.cc:99) For utterance 1041_303_r, best cost 13.3619 + 992.831 = 1006.19 over 107 frames.
LOG (lattice-best-path[5.5.891~1-37628]:main():lattice-best-path.cc:99) For utterance 1041_305_l, best cost 9.04346 + 914.253 = 923.297 over 102 frames.
LOG (lattice-best-path[5.5.891~1-37628]:main():lattice-best-path.cc:99) For utterance 1041_305_r, best cost 9.04346 + 920.967 = 930.011 over 102 frames.
LOG (lattice-best-path[5.5.891~1-37628]:main():lattice-best-path.cc:99) For utterance 1041_307_l, best cost 49.3159 + 5409.96 = 5459.28 over 613 frames.
LOG (lattice-best-path[5.5.891~1-37628]:main():lattice-best-path.cc:99) For utterance 1041_307_r, best cost 62.7095 + 5380.98 = 5443.69 over 613 frames.
LOG (lattice-best-path[5.5.891~1-37628]:main():lattice-best-path.cc:99) For utterance 1041_308_l, best cost 40.3973 + 4103.07 = 4143.47 over 483 frames.
LOG (lattice-best-path[5.5.891~1-37628]:main():lattice-best-path.cc:99) For utterance 1041_308_r, best cost 44.7239 + 4124.25 = 4168.97 over 483 frames.
LOG (lattice-best-path[5.5.891~1-37628]:main():lattice-best-path.cc:99) For utterance 1041_30_l, best cost 21.7429 + 3242.68 = 3264.42 over 349 frames.
LOG (lattice-best-path[5.5.891~1-37628]:main():lattice-best-path.cc:99) For utterance 1041_30_r, best cost 21.6392 + 3291.92 = 3313.56 over 349 frames.
LOG (lattice-best-path[5.5.891~1-37628]:main():lattice-best-path.cc:99) For utterance 1041_310_l, best cost 50.0028 + 4425.17 = 4475.17 over 497 frames.
LOG (lattice-best-path[5.5.891~1-37628]:main():lattice-best-path.cc:99) For utterance 1041_310_r, best cost 53.3796 + 4430.89 = 4484.27 over 497 frames.
LOG (lattice-best-path[5.5.891~1-37628]:main():lattice-best-path.cc:99) For utterance 1041_312_l, best cost 33.2611 + 3136.74 = 3170 over 355 frames.
LOG (lattice-best-path[5.5.891~1-37628]:main():lattice-best-path.cc:99) For utterance 1041_312_r, best cost 33.2912 + 3106.76 = 3140.05 over 355 frames.
LOG (lattice-best-path[5.5.891~1-37628]:main():lattice-best-path.cc:99) For utterance 1041_314_l, best cost 35.3943 + 2754.18 = 2789.58 over 317 frames.
LOG (lattice-best-path[5.5.891~1-37628]:main():lattice-best-path.cc:99) For utterance 1041_314_r, best cost 33.4158 + 2793.98 = 2827.39 over 317 frames.
LOG (lattice-best-path[5.5.891~1-37628]:main():lattice-best-path.cc:99) For utterance 1041_316_l, best cost 8.83888 + 915.454 = 924.292 over 105 frames.
LOG (lattice-best-path[5.5.891~1-37628]:main():lattice-best-path.cc:99) For utterance 1041_316_r, best cost 8.83888 + 912.736 = 921.575 over 105 frames.
LOG (lattice-best-path[5.5.891~1-37628]:main():lattice-best-path.cc:99) For utterance 1041_318_l, best cost 32.0154 + 5730.08 = 5762.1 over 665 frames.
LOG (lattice-best-path[5.5.891~1-37628]:main():lattice-best-path.cc:99) For utterance 1041_318_r, best cost 31.9673 + 5774.04 = 5806 over 665 frames.
LOG (lattice-best-path[5.5.891~1-37628]:main():lattice-best-path.cc:99) For utterance 1041_320_l, best cost 15.5506 + 1301.53 = 1317.08 over 143 frames.
LOG (lattice-best-path[5.5.891~1-37628]:main():lattice-best-path.cc:99) For utterance 1041_320_r, best cost 15.5494 + 1299.59 = 1315.14 over 143 frames.
LOG (lattice-best-path[5.5.891~1-37628]:main():lattice-best-path.cc:99) For utterance 1041_322_l, best cost 7.69208 + 703.95 = 711.642 over 70 frames.
LOG (lattice-best-path[5.5.891~1-37628]:main():lattice-best-path.cc:99) For utterance 1041_322_r, best cost 7.69208 + 699.711 = 707.403 over 70 frames.
LOG (lattice-best-path[5.5.891~1-37628]:main():lattice-best-path.cc:99) For utterance 1041_324_l, best cost 57.8505 + 5528.04 = 5585.89 over 635 frames.
LOG (lattice-best-path[5.5.891~1-37628]:main():lattice-best-path.cc:99) For utterance 1041_324_r, best cost 54.3352 + 5576.6 = 5630.94 over 635 frames.
LOG (lattice-best-path[5.5.891~1-37628]:main():lattice-best-path.cc:99) For utterance 1041_326_l, best cost 16.9194 + 597.041 = 613.96 over 66 frames.
LOG (lattice-best-path[5.5.891~1-37628]:main():lattice-best-path.cc:99) For utterance 1041_326_r, best cost 16.9343 + 599.376 = 616.31 over 66 frames.
LOG (lattice-best-path[5.5.891~1-37628]:main():lattice-best-path.cc:99) For utterance 1041_328_l, best cost 24.5599 + 1610.37 = 1634.93 over 167 frames.
LOG (lattice-best-path[5.5.891~1-37628]:main():lattice-best-path.cc:99) For utterance 1041_328_r, best cost 15.5691 + 1617.77 = 1633.34 over 167 frames.
LOG (lattice-best-path[5.5.891~1-37628]:main():lattice-best-path.cc:99) For utterance 1041_32_l, best cost 26.6958 + 1557.67 = 1584.37 over 162 frames.
LOG (lattice-best-path[5.5.891~1-37628]:main():lattice-best-path.cc:99) For utterance 1041_32_r, best cost 29.3628 + 1578.14 = 1607.5 over 162 frames.
LOG (lattice-best-path[5.5.891~1-37628]:main():lattice-best-path.cc:99) For utterance 1041_330_l, best cost 73.378 + 5181.11 = 5254.49 over 529 frames.
LOG (lattice-best-path[5.5.891~1-37628]:main():lattice-best-path.cc:99) For utterance 1041_330_r, best cost 69.431 + 5210 = 5279.43 over 529 frames.
LOG (lattice-best-path[5.5.891~1-37628]:main():lattice-best-path.cc:99) For utterance 1041_331_l, best cost 52.6828 + 5741.69 = 5794.37 over 606 frames.
LOG (lattice-best-path[5.5.891~1-37628]:main():lattice-best-path.cc:99) For utterance 1041_331_r, best cost 67.7168 + 5725.56 = 5793.28 over 606 frames.
LOG (lattice-best-path[5.5.891~1-37628]:main():lattice-best-path.cc:99) For utterance 1041_333_l, best cost 17.4324 + 2141.93 = 2159.36 over 222 frames.
LOG (lattice-best-path[5.5.891~1-37628]:main():lattice-best-path.cc:99) For utterance 1041_333_r, best cost 17.4267 + 2147.12 = 2164.55 over 222 frames.
LOG (lattice-best-path[5.5.891~1-37628]:main():lattice-best-path.cc:99) For utterance 1041_335_l, best cost 36.9112 + 4755.18 = 4792.09 over 509 frames.
LOG (lattice-best-path[5.5.891~1-37628]:main():lattice-best-path.cc:99) For utterance 1041_335_r, best cost 49.9328 + 4737.2 = 4787.13 over 509 frames.
LOG (lattice-best-path[5.5.891~1-37628]:main():lattice-best-path.cc:99) For utterance 1041_336_l, best cost 28.119 + 1787.33 = 1815.45 over 204 frames.
LOG (lattice-best-path[5.5.891~1-37628]:main():lattice-best-path.cc:99) For utterance 1041_336_r, best cost 27.9833 + 1797.39 = 1825.37 over 204 frames.
LOG (lattice-best-path[5.5.891~1-37628]:main():lattice-best-path.cc:99) For utterance 1041_338_l, best cost 41.1945 + 2059.24 = 2100.43 over 216 frames.
LOG (lattice-best-path[5.5.891~1-37628]:main():lattice-best-path.cc:99) For utterance 1041_338_r, best cost 31.3766 + 2066.5 = 2097.88 over 216 frames.
LOG (lattice-best-path[5.5.891~1-37628]:main():lattice-best-path.cc:99) For utterance 1041_340_l, best cost 65.3163 + 3924.28 = 3989.59 over 433 frames.
LOG (lattice-best-path[5.5.891~1-37628]:main():lattice-best-path.cc:99) For utterance 1041_340_r, best cost 57.0658 + 3977.69 = 4034.76 over 433 frames.
LOG (lattice-best-path[5.5.891~1-37628]:main():lattice-best-path.cc:99) For utterance 1041_342_l, best cost 45.3466 + 6719.8 = 6765.15 over 795 frames.
LOG (lattice-best-path[5.5.891~1-37628]:main():lattice-best-path.cc:99) For utterance 1041_342_r, best cost 48.3018 + 6731.91 = 6780.21 over 795 frames.
LOG (lattice-best-path[5.5.891~1-37628]:main():lattice-best-path.cc:99) For utterance 1041_344_l, best cost 13.2602 + 1297.57 = 1310.83 over 129 frames.
LOG (lattice-best-path[5.5.891~1-37628]:main():lattice-best-path.cc:99) For utterance 1041_344_r, best cost 14.2408 + 1293.25 = 1307.49 over 129 frames.
LOG (lattice-best-path[5.5.891~1-37628]:main():lattice-best-path.cc:99) For utterance 1041_346_l, best cost 29.3801 + 5462.13 = 5491.51 over 592 frames.
LOG (lattice-best-path[5.5.891~1-37628]:main():lattice-best-path.cc:99) For utterance 1041_346_r, best cost 47.8025 + 5432.1 = 5479.9 over 592 frames.
LOG (lattice-best-path[5.5.891~1-37628]:main():lattice-best-path.cc:99) For utterance 1041_347_l, best cost 62.807 + 6344.18 = 6406.99 over 700 frames.
LOG (lattice-best-path[5.5.891~1-37628]:main():lattice-best-path.cc:99) For utterance 1041_347_r, best cost 87.4605 + 6309.09 = 6396.55 over 700 frames.
LOG (lattice-best-path[5.5.891~1-37628]:main():lattice-best-path.cc:99) For utterance 1041_348_l, best cost 61.046 + 8268.9 = 8329.94 over 1001 frames.
LOG (lattice-best-path[5.5.891~1-37628]:main():lattice-best-path.cc:99) For utterance 1041_348_r, best cost 63.0083 + 8331.72 = 8394.73 over 1001 frames.
LOG (lattice-best-path[5.5.891~1-37628]:main():lattice-best-path.cc:99) For utterance 1041_349_l, best cost 9.09413 + 1742.28 = 1751.38 over 219 frames.
LOG (lattice-best-path[5.5.891~1-37628]:main():lattice-best-path.cc:99) For utterance 1041_349_r, best cost 9.11089 + 1760.01 = 1769.12 over 219 frames.
LOG (lattice-best-path[5.5.891~1-37628]:main():lattice-best-path.cc:99) For utterance 1041_34_l, best cost 46.2417 + 3935.32 = 3981.56 over 415 frames.
LOG (lattice-best-path[5.5.891~1-37628]:main():lattice-best-path.cc:99) For utterance 1041_34_r, best cost 38.2885 + 3952.53 = 3990.82 over 415 frames.
LOG (lattice-best-path[5.5.891~1-37628]:main():lattice-best-path.cc:99) For utterance 1041_350_l, best cost 32.8668 + 6501.53 = 6534.4 over 783 frames.
LOG (lattice-best-path[5.5.891~1-37628]:main():lattice-best-path.cc:99) For utterance 1041_350_r, best cost 34.8708 + 6454.09 = 6488.96 over 783 frames.
LOG (lattice-best-path[5.5.891~1-37628]:main():lattice-best-path.cc:99) For utterance 1041_352_l, best cost 17.2582 + 1075.02 = 1092.28 over 112 frames.
LOG (lattice-best-path[5.5.891~1-37628]:main():lattice-best-path.cc:99) For utterance 1041_352_r, best cost 17.261 + 1069.72 = 1086.98 over 112 frames.
LOG (lattice-best-path[5.5.891~1-37628]:main():lattice-best-path.cc:99) For utterance 1041_354_l, best cost 45.4901 + 2537.83 = 2583.32 over 286 frames.
LOG (lattice-best-path[5.5.891~1-37628]:main():lattice-best-path.cc:99) For utterance 1041_354_r, best cost 47.9386 + 2513.64 = 2561.58 over 286 frames.
LOG (lattice-best-path[5.5.891~1-37628]:main():lattice-best-path.cc:99) For utterance 1041_356_l, best cost 31.5116 + 6813.58 = 6845.1 over 833 frames.
LOG (lattice-best-path[5.5.891~1-37628]:main():lattice-best-path.cc:99) For utterance 1041_356_r, best cost 31.1608 + 6822.56 = 6853.72 over 833 frames.
LOG (lattice-best-path[5.5.891~1-37628]:main():lattice-best-path.cc:99) For utterance 1041_357_l, best cost 38.0856 + 7506.26 = 7544.35 over 908 frames.
LOG (lattice-best-path[5.5.891~1-37628]:main():lattice-best-path.cc:99) For utterance 1041_357_r, best cost 38.1675 + 7470.05 = 7508.22 over 908 frames.
LOG (lattice-best-path[5.5.891~1-37628]:main():lattice-best-path.cc:99) For utterance 1041_358_l, best cost 52.1074 + 4348.52 = 4400.63 over 488 frames.
LOG (lattice-best-path[5.5.891~1-37628]:main():lattice-best-path.cc:99) For utterance 1041_358_r, best cost 61.9707 + 4298.63 = 4360.6 over 488 frames.
LOG (lattice-best-path[5.5.891~1-37628]:main():lattice-best-path.cc:99) For utterance 1041_360_l, best cost 31.775 + 3039.46 = 3071.24 over 327 frames.
LOG (lattice-best-path[5.5.891~1-37628]:main():lattice-best-path.cc:99) For utterance 1041_360_r, best cost 41.0382 + 3005.18 = 3046.22 over 327 frames.
LOG (lattice-best-path[5.5.891~1-37628]:main():lattice-best-path.cc:99) For utterance 1041_362_l, best cost 16.2152 + 815.114 = 831.329 over 103 frames.
LOG (lattice-best-path[5.5.891~1-37628]:main():lattice-best-path.cc:99) For utterance 1041_362_r, best cost 16.1617 + 814.193 = 830.354 over 103 frames.
LOG (lattice-best-path[5.5.891~1-37628]:main():lattice-best-path.cc:99) For utterance 1041_364_l, best cost 48.2562 + 3599.13 = 3647.39 over 383 frames.
LOG (lattice-best-path[5.5.891~1-37628]:main():lattice-best-path.cc:99) For utterance 1041_364_r, best cost 52.9056 + 3606.33 = 3659.23 over 383 frames.
LOG (lattice-best-path[5.5.891~1-37628]:main():lattice-best-path.cc:99) For utterance 1041_366_l, best cost 13.2854 + 1258.11 = 1271.39 over 126 frames.
LOG (lattice-best-path[5.5.891~1-37628]:main():lattice-best-path.cc:99) For utterance 1041_366_r, best cost 13.2589 + 1241.42 = 1254.68 over 126 frames.
LOG (lattice-best-path[5.5.891~1-37628]:main():lattice-best-path.cc:99) For utterance 1041_368_l, best cost 29.2921 + 3505.32 = 3534.61 over 349 frames.
LOG (lattice-best-path[5.5.891~1-37628]:main():lattice-best-path.cc:99) For utterance 1041_368_r, best cost 33.1087 + 3500.92 = 3534.02 over 349 frames.
LOG (lattice-best-path[5.5.891~1-37628]:main():lattice-best-path.cc:99) For utterance 1041_36_l, best cost 17.2937 + 1782.45 = 1799.74 over 172 frames.
LOG (lattice-best-path[5.5.891~1-37628]:main():lattice-best-path.cc:99) For utterance 1041_36_r, best cost 14.4642 + 1820.66 = 1835.12 over 172 frames.
LOG (lattice-best-path[5.5.891~1-37628]:main():lattice-best-path.cc:99) For utterance 1041_370_l, best cost 39.1849 + 3247.13 = 3286.32 over 373 frames.
LOG (lattice-best-path[5.5.891~1-37628]:main():lattice-best-path.cc:99) For utterance 1041_370_r, best cost 24.4725 + 3277.81 = 3302.28 over 373 frames.
LOG (lattice-best-path[5.5.891~1-37628]:main():lattice-best-path.cc:99) For utterance 1041_371_l, best cost 39.5618 + 3946.86 = 3986.43 over 421 frames.
LOG (lattice-best-path[5.5.891~1-37628]:main():lattice-best-path.cc:99) For utterance 1041_371_r, best cost 39.6612 + 3950.41 = 3990.07 over 421 frames.
LOG (lattice-best-path[5.5.891~1-37628]:main():lattice-best-path.cc:99) For utterance 1041_372_l, best cost 36.2486 + 3080.06 = 3116.3 over 348 frames.
LOG (lattice-best-path[5.5.891~1-37628]:main():lattice-best-path.cc:99) For utterance 1041_372_r, best cost 30.1937 + 3092.33 = 3122.52 over 348 frames.
LOG (lattice-best-path[5.5.891~1-37628]:main():lattice-best-path.cc:99) For utterance 1041_374_l, best cost 32.3904 + 2397.44 = 2429.83 over 250 frames.
LOG (lattice-best-path[5.5.891~1-37628]:main():lattice-best-path.cc:99) For utterance 1041_374_r, best cost 24.3711 + 2387.55 = 2411.92 over 250 frames.
LOG (lattice-best-path[5.5.891~1-37628]:main():lattice-best-path.cc:99) For utterance 1041_376_l, best cost 29.2274 + 4391.5 = 4420.72 over 481 frames.
LOG (lattice-best-path[5.5.891~1-37628]:main():lattice-best-path.cc:99) For utterance 1041_376_r, best cost 29.0783 + 4374.38 = 4403.46 over 481 frames.
LOG (lattice-best-path[5.5.891~1-37628]:main():lattice-best-path.cc:99) For utterance 1041_378_l, best cost 15.2565 + 1249.95 = 1265.21 over 126 frames.
LOG (lattice-best-path[5.5.891~1-37628]:main():lattice-best-path.cc:99) For utterance 1041_378_r, best cost 12.6022 + 1256.37 = 1268.97 over 126 frames.
LOG (lattice-best-path[5.5.891~1-37628]:main():lattice-best-path.cc:99) For utterance 1041_380_l, best cost 37.6358 + 3205.12 = 3242.76 over 332 frames.
LOG (lattice-best-path[5.5.891~1-37628]:main():lattice-best-path.cc:99) For utterance 1041_380_r, best cost 47.0071 + 3173.1 = 3220.11 over 332 frames.
LOG (lattice-best-path[5.5.891~1-37628]:main():lattice-best-path.cc:99) For utterance 1041_382_l, best cost 18.5087 + 1776.71 = 1795.22 over 201 frames.
LOG (lattice-best-path[5.5.891~1-37628]:main():lattice-best-path.cc:99) For utterance 1041_382_r, best cost 21.9552 + 1744.42 = 1766.38 over 201 frames.
LOG (lattice-best-path[5.5.891~1-37628]:main():lattice-best-path.cc:99) For utterance 1041_384_l, best cost 16.1598 + 1379.9 = 1396.06 over 141 frames.
LOG (lattice-best-path[5.5.891~1-37628]:main():lattice-best-path.cc:99) For utterance 1041_384_r, best cost 23.5404 + 1368.92 = 1392.46 over 141 frames.
LOG (lattice-best-path[5.5.891~1-37628]:main():lattice-best-path.cc:99) For utterance 1041_386_l, best cost 20.8272 + 2298 = 2318.83 over 289 frames.
LOG (lattice-best-path[5.5.891~1-37628]:main():lattice-best-path.cc:99) For utterance 1041_386_r, best cost 21.7041 + 2276.15 = 2297.86 over 289 frames.
LOG (lattice-best-path[5.5.891~1-37628]:main():lattice-best-path.cc:99) For utterance 1041_387_l, best cost 43.336 + 5707.92 = 5751.26 over 688 frames.
LOG (lattice-best-path[5.5.891~1-37628]:main():lattice-best-path.cc:99) For utterance 1041_387_r, best cost 39.4303 + 5697.71 = 5737.14 over 688 frames.
LOG (lattice-best-path[5.5.891~1-37628]:main():lattice-best-path.cc:99) For utterance 1041_388_l, best cost 32.239 + 6341.99 = 6374.23 over 739 frames.
LOG (lattice-best-path[5.5.891~1-37628]:main():lattice-best-path.cc:99) For utterance 1041_388_r, best cost 36.7012 + 6287.97 = 6324.67 over 739 frames.
LOG (lattice-best-path[5.5.891~1-37628]:main():lattice-best-path.cc:99) For utterance 1041_389_l, best cost 57.6505 + 4173.93 = 4231.58 over 465 frames.
LOG (lattice-best-path[5.5.891~1-37628]:main():lattice-best-path.cc:99) For utterance 1041_389_r, best cost 35.2132 + 4213.42 = 4248.63 over 465 frames.
LOG (lattice-best-path[5.5.891~1-37628]:main():lattice-best-path.cc:99) For utterance 1041_38_l, best cost 7.48729 + 192.769 = 200.256 over 20 frames.
LOG (lattice-best-path[5.5.891~1-37628]:main():lattice-best-path.cc:99) For utterance 1041_38_r, best cost 7.47509 + 195.047 = 202.522 over 20 frames.
LOG (lattice-best-path[5.5.891~1-37628]:main():lattice-best-path.cc:99) For utterance 1041_391_l, best cost 32.5453 + 2374.85 = 2407.4 over 250 frames.
LOG (lattice-best-path[5.5.891~1-37628]:main():lattice-best-path.cc:99) For utterance 1041_391_r, best cost 32.6342 + 2365.29 = 2397.92 over 250 frames.
LOG (lattice-best-path[5.5.891~1-37628]:main():lattice-best-path.cc:99) For utterance 1041_393_l, best cost 26.5999 + 1699.56 = 1726.16 over 180 frames.
LOG (lattice-best-path[5.5.891~1-37628]:main():lattice-best-path.cc:99) For utterance 1041_393_r, best cost 23.3438 + 1687.72 = 1711.07 over 180 frames.
LOG (lattice-best-path[5.5.891~1-37628]:main():lattice-best-path.cc:99) For utterance 1041_395_l, best cost 31.0006 + 5400.79 = 5431.79 over 566 frames.
LOG (lattice-best-path[5.5.891~1-37628]:main():lattice-best-path.cc:99) For utterance 1041_395_r, best cost 42.202 + 5394.36 = 5436.56 over 566 frames.
LOG (lattice-best-path[5.5.891~1-37628]:main():lattice-best-path.cc:99) For utterance 1041_396_l, best cost 56.6014 + 6176.1 = 6232.7 over 669 frames.
LOG (lattice-best-path[5.5.891~1-37628]:main():lattice-best-path.cc:99) For utterance 1041_396_r, best cost 48.6602 + 6183.72 = 6232.38 over 669 frames.
LOG (lattice-best-path[5.5.891~1-37628]:main():lattice-best-path.cc:99) For utterance 1041_397_l, best cost 13.6059 + 1808.99 = 1822.59 over 217 frames.
LOG (lattice-best-path[5.5.891~1-37628]:main():lattice-best-path.cc:99) For utterance 1041_397_r, best cost 11.6694 + 1793.51 = 1805.18 over 217 frames.
LOG (lattice-best-path[5.5.891~1-37628]:main():lattice-best-path.cc:99) For utterance 1041_399_l, best cost 16.6162 + 1881.52 = 1898.13 over 195 frames.
LOG (lattice-best-path[5.5.891~1-37628]:main():lattice-best-path.cc:99) For utterance 1041_399_r, best cost 16.6162 + 1881.59 = 1898.21 over 195 frames.
LOG (lattice-best-path[5.5.891~1-37628]:main():lattice-best-path.cc:99) For utterance 1041_401_l, best cost 118.024 + 9907.74 = 10025.8 over 1065 frames.
LOG (lattice-best-path[5.5.891~1-37628]:main():lattice-best-path.cc:99) For utterance 1041_401_r, best cost 96.554 + 9951.28 = 10047.8 over 1065 frames.
LOG (lattice-best-path[5.5.891~1-37628]:main():lattice-best-path.cc:99) For utterance 1041_402_l, best cost 29.5581 + 5880.94 = 5910.5 over 673 frames.
LOG (lattice-best-path[5.5.891~1-37628]:main():lattice-best-path.cc:99) For utterance 1041_402_r, best cost 40.5909 + 5822.34 = 5862.94 over 673 frames.
LOG (lattice-best-path[5.5.891~1-37628]:main():lattice-best-path.cc:99) For utterance 1041_403_l, best cost 16.7723 + 3104.73 = 3121.5 over 353 frames.
LOG (lattice-best-path[5.5.891~1-37628]:main():lattice-best-path.cc:99) For utterance 1041_403_r, best cost 16.7515 + 3088.29 = 3105.04 over 353 frames.
LOG (lattice-best-path[5.5.891~1-37628]:main():lattice-best-path.cc:99) For utterance 1041_40_l, best cost 20.7787 + 3303.71 = 3324.49 over 350 frames.
LOG (lattice-best-path[5.5.891~1-37628]:main():lattice-best-path.cc:99) For utterance 1041_40_r, best cost 18.1162 + 3326.56 = 3344.67 over 350 frames.
LOG (lattice-best-path[5.5.891~1-37628]:main():lattice-best-path.cc:99) For utterance 1041_42_l, best cost 32.1346 + 2614.95 = 2647.08 over 276 frames.
LOG (lattice-best-path[5.5.891~1-37628]:main():lattice-best-path.cc:99) For utterance 1041_42_r, best cost 25.9764 + 2664.47 = 2690.45 over 276 frames.
LOG (lattice-best-path[5.5.891~1-37628]:main():lattice-best-path.cc:99) For utterance 1041_44_l, best cost 10.3242 + 653.467 = 663.791 over 71 frames.
LOG (lattice-best-path[5.5.891~1-37628]:main():lattice-best-path.cc:99) For utterance 1041_44_r, best cost 17.8712 + 643.737 = 661.609 over 71 frames.
LOG (lattice-best-path[5.5.891~1-37628]:main():lattice-best-path.cc:99) For utterance 1041_46_l, best cost 8.99119 + 950.056 = 959.047 over 96 frames.
LOG (lattice-best-path[5.5.891~1-37628]:main():lattice-best-path.cc:99) For utterance 1041_46_r, best cost 11.6159 + 957.935 = 969.551 over 96 frames.
LOG (lattice-best-path[5.5.891~1-37628]:main():lattice-best-path.cc:99) For utterance 1041_48_l, best cost 5.56933 + 131.808 = 137.378 over 14 frames.
LOG (lattice-best-path[5.5.891~1-37628]:main():lattice-best-path.cc:99) For utterance 1041_48_r, best cost 5.56933 + 135.407 = 140.977 over 14 frames.
LOG (lattice-best-path[5.5.891~1-37628]:main():lattice-best-path.cc:99) For utterance 1041_4_l, best cost 8.52791 + 480.68 = 489.208 over 50 frames.
LOG (lattice-best-path[5.5.891~1-37628]:main():lattice-best-path.cc:99) For utterance 1041_4_r, best cost 8.52791 + 485.009 = 493.537 over 50 frames.
LOG (lattice-best-path[5.5.891~1-37628]:main():lattice-best-path.cc:99) For utterance 1041_50_l, best cost 26.2054 + 2779.59 = 2805.79 over 285 frames.
LOG (lattice-best-path[5.5.891~1-37628]:main():lattice-best-path.cc:99) For utterance 1041_50_r, best cost 26.1454 + 2801.87 = 2828.02 over 285 frames.
LOG (lattice-best-path[5.5.891~1-37628]:main():lattice-best-path.cc:99) For utterance 1041_52_l, best cost 45.4832 + 6454.58 = 6500.06 over 690 frames.
LOG (lattice-best-path[5.5.891~1-37628]:main():lattice-best-path.cc:99) For utterance 1041_52_r, best cost 41.5115 + 6516.43 = 6557.95 over 690 frames.
LOG (lattice-best-path[5.5.891~1-37628]:main():lattice-best-path.cc:99) For utterance 1041_54_l, best cost 29.1382 + 2377.88 = 2407.02 over 242 frames.
LOG (lattice-best-path[5.5.891~1-37628]:main():lattice-best-path.cc:99) For utterance 1041_54_r, best cost 35.2605 + 2412.15 = 2447.41 over 242 frames.
LOG (lattice-best-path[5.5.891~1-37628]:main():lattice-best-path.cc:99) For utterance 1041_56_l, best cost 17.5479 + 2862.78 = 2880.33 over 284 frames.
LOG (lattice-best-path[5.5.891~1-37628]:main():lattice-best-path.cc:99) For utterance 1041_56_r, best cost 17.5698 + 2887.9 = 2905.47 over 284 frames.
LOG (lattice-best-path[5.5.891~1-37628]:main():lattice-best-path.cc:99) For utterance 1041_58_l, best cost 10.1581 + 328.786 = 338.945 over 34 frames.
LOG (lattice-best-path[5.5.891~1-37628]:main():lattice-best-path.cc:99) For utterance 1041_58_r, best cost 5.88529 + 329.001 = 334.886 over 34 frames.
LOG (lattice-best-path[5.5.891~1-37628]:main():lattice-best-path.cc:99) For utterance 1041_60_l, best cost 83.6521 + 7120.83 = 7204.48 over 746 frames.
LOG (lattice-best-path[5.5.891~1-37628]:main():lattice-best-path.cc:99) For utterance 1041_60_r, best cost 60.4958 + 7208.11 = 7268.6 over 746 frames.
LOG (lattice-best-path[5.5.891~1-37628]:main():lattice-best-path.cc:99) For utterance 1041_61_l, best cost 39.5876 + 3134.49 = 3174.07 over 346 frames.
LOG (lattice-best-path[5.5.891~1-37628]:main():lattice-best-path.cc:99) For utterance 1041_61_r, best cost 35.0978 + 3152.12 = 3187.22 over 346 frames.
LOG (lattice-best-path[5.5.891~1-37628]:main():lattice-best-path.cc:99) For utterance 1041_63_l, best cost 14.5237 + 1349.84 = 1364.37 over 139 frames.
LOG (lattice-best-path[5.5.891~1-37628]:main():lattice-best-path.cc:99) For utterance 1041_63_r, best cost 14.5272 + 1353.14 = 1367.67 over 139 frames.
LOG (lattice-best-path[5.5.891~1-37628]:main():lattice-best-path.cc:99) For utterance 1041_65_l, best cost 16.8699 + 660.312 = 677.182 over 71 frames.
LOG (lattice-best-path[5.5.891~1-37628]:main():lattice-best-path.cc:99) For utterance 1041_65_r, best cost 16.865 + 660.594 = 677.459 over 71 frames.
LOG (lattice-best-path[5.5.891~1-37628]:main():lattice-best-path.cc:99) For utterance 1041_67_l, best cost 14.5139 + 900.717 = 915.231 over 94 frames.
LOG (lattice-best-path[5.5.891~1-37628]:main():lattice-best-path.cc:99) For utterance 1041_67_r, best cost 20.2247 + 924.133 = 944.357 over 94 frames.
LOG (lattice-best-path[5.5.891~1-37628]:main():lattice-best-path.cc:99) For utterance 1041_69_l, best cost 19.0792 + 2573.37 = 2592.45 over 271 frames.
LOG (lattice-best-path[5.5.891~1-37628]:main():lattice-best-path.cc:99) For utterance 1041_69_r, best cost 19.0742 + 2610.32 = 2629.39 over 271 frames.
LOG (lattice-best-path[5.5.891~1-37628]:main():lattice-best-path.cc:99) For utterance 1041_6_l, best cost 11.5958 + 983.972 = 995.568 over 100 frames.
LOG (lattice-best-path[5.5.891~1-37628]:main():lattice-best-path.cc:99) For utterance 1041_6_r, best cost 10.4982 + 985.306 = 995.804 over 100 frames.
LOG (lattice-best-path[5.5.891~1-37628]:main():lattice-best-path.cc:99) For utterance 1041_71_l, best cost 32.8042 + 4794.69 = 4827.49 over 498 frames.
LOG (lattice-best-path[5.5.891~1-37628]:main():lattice-best-path.cc:99) For utterance 1041_71_r, best cost 32.7897 + 4855 = 4887.79 over 498 frames.
LOG (lattice-best-path[5.5.891~1-37628]:main():lattice-best-path.cc:99) For utterance 1041_73_l, best cost 8.5878 + 515.959 = 524.547 over 52 frames.
LOG (lattice-best-path[5.5.891~1-37628]:main():lattice-best-path.cc:99) For utterance 1041_73_r, best cost 8.57444 + 518.223 = 526.797 over 52 frames.
LOG (lattice-best-path[5.5.891~1-37628]:main():lattice-best-path.cc:99) For utterance 1041_75_l, best cost 14.3218 + 1400.54 = 1414.86 over 146 frames.
LOG (lattice-best-path[5.5.891~1-37628]:main():lattice-best-path.cc:99) For utterance 1041_75_r, best cost 14.3264 + 1406.04 = 1420.36 over 146 frames.
LOG (lattice-best-path[5.5.891~1-37628]:main():lattice-best-path.cc:99) For utterance 1041_77_l, best cost 30.9067 + 4588.28 = 4619.19 over 473 frames.
LOG (lattice-best-path[5.5.891~1-37628]:main():lattice-best-path.cc:99) For utterance 1041_77_r, best cost 28.2162 + 4631.24 = 4659.46 over 473 frames.
LOG (lattice-best-path[5.5.891~1-37628]:main():lattice-best-path.cc:99) For utterance 1041_78_l, best cost 21.1542 + 1843.25 = 1864.4 over 190 frames.
LOG (lattice-best-path[5.5.891~1-37628]:main():lattice-best-path.cc:99) For utterance 1041_78_r, best cost 12.3155 + 1873.4 = 1885.72 over 190 frames.
LOG (lattice-best-path[5.5.891~1-37628]:main():lattice-best-path.cc:99) For utterance 1041_80_l, best cost 37.8175 + 2868.69 = 2906.51 over 288 frames.
LOG (lattice-best-path[5.5.891~1-37628]:main():lattice-best-path.cc:99) For utterance 1041_80_r, best cost 29.1589 + 2899.21 = 2928.37 over 288 frames.
LOG (lattice-best-path[5.5.891~1-37628]:main():lattice-best-path.cc:99) For utterance 1041_82_l, best cost 47.7862 + 3722.57 = 3770.35 over 383 frames.
LOG (lattice-best-path[5.5.891~1-37628]:main():lattice-best-path.cc:99) For utterance 1041_82_r, best cost 47.3089 + 3740.12 = 3787.43 over 383 frames.
LOG (lattice-best-path[5.5.891~1-37628]:main():lattice-best-path.cc:99) For utterance 1041_84_l, best cost 8.3978 + 98.4454 = 106.843 over 10 frames.
LOG (lattice-best-path[5.5.891~1-37628]:main():lattice-best-path.cc:99) For utterance 1041_84_r, best cost 5.48697 + 98.6016 = 104.089 over 10 frames.
LOG (lattice-best-path[5.5.891~1-37628]:main():lattice-best-path.cc:99) For utterance 1041_86_l, best cost 12.1747 + 589.818 = 601.993 over 67 frames.
LOG (lattice-best-path[5.5.891~1-37628]:main():lattice-best-path.cc:99) For utterance 1041_86_r, best cost 12.2551 + 589.255 = 601.51 over 67 frames.
LOG (lattice-best-path[5.5.891~1-37628]:main():lattice-best-path.cc:99) For utterance 1041_88_l, best cost 21.1262 + 2513.48 = 2534.6 over 251 frames.
LOG (lattice-best-path[5.5.891~1-37628]:main():lattice-best-path.cc:99) For utterance 1041_88_r, best cost 25.3818 + 2553.64 = 2579.02 over 251 frames.
LOG (lattice-best-path[5.5.891~1-37628]:main():lattice-best-path.cc:99) For utterance 1041_8_l, best cost 19.1428 + 1275.46 = 1294.61 over 138 frames.
LOG (lattice-best-path[5.5.891~1-37628]:main():lattice-best-path.cc:99) For utterance 1041_8_r, best cost 20.3488 + 1289.99 = 1310.34 over 138 frames.
LOG (lattice-best-path[5.5.891~1-37628]:main():lattice-best-path.cc:99) For utterance 1041_90_l, best cost 22.2885 + 1239.84 = 1262.13 over 142 frames.
LOG (lattice-best-path[5.5.891~1-37628]:main():lattice-best-path.cc:99) For utterance 1041_90_r, best cost 12.9754 + 1249.97 = 1262.95 over 142 frames.
LOG (lattice-best-path[5.5.891~1-37628]:main():lattice-best-path.cc:99) For utterance 1041_92_l, best cost 47.2447 + 5392.88 = 5440.12 over 568 frames.
LOG (lattice-best-path[5.5.891~1-37628]:main():lattice-best-path.cc:99) For utterance 1041_92_r, best cost 32.3858 + 5448.26 = 5480.65 over 568 frames.
LOG (lattice-best-path[5.5.891~1-37628]:main():lattice-best-path.cc:99) For utterance 1041_94_l, best cost 11.7604 + 1206.67 = 1218.43 over 122 frames.
LOG (lattice-best-path[5.5.891~1-37628]:main():lattice-best-path.cc:99) For utterance 1041_94_r, best cost 14.403 + 1215 = 1229.4 over 122 frames.
LOG (lattice-best-path[5.5.891~1-37628]:main():lattice-best-path.cc:99) For utterance 1041_96_l, best cost 26.5517 + 4098.78 = 4125.33 over 421 frames.
LOG (lattice-depth-per-frame[5.5.891~1-37628]:main():lattice-depth-per-frame.cc:82) Done 430 lattices.
LOG (lattice-best-path[5.5.891~1-37628]:main():lattice-best-path.cc:99) For utterance 1041_96_r, best cost 36.2457 + 4113.25 = 4149.5 over 421 frames.
LOG (lattice-best-path[5.5.891~1-37628]:main():lattice-best-path.cc:99) For utterance 1041_98_l, best cost 11.5785 + 1275.11 = 1286.69 over 130 frames.
LOG (lattice-best-path[5.5.891~1-37628]:main():lattice-best-path.cc:99) For utterance 1041_98_r, best cost 11.5773 + 1296.16 = 1307.74 over 130 frames.
LOG (lattice-best-path[5.5.891~1-37628]:main():lattice-best-path.cc:124) Overall cost per frame is 9.30942 = 0.0895906 [graph] + 9.21983 [acoustic] over 137768 frames.
LOG (lattice-best-path[5.5.891~1-37628]:main():lattice-best-path.cc:128) Done 430 lattices, failed for 0
# Accounting: time=2 threads=1
# Ended (code 0) at Fri Mar 12 14:31:07 CET 2021, elapsed time 2 seconds
