# compute-mfcc-feats --write-utt2dur=ark,t:./data/train/log/utt2dur.2 --verbose=2 --config=conf/mfcc.conf scp,p:./data/train/log/wav_train.2.scp ark:- | copy-feats --write-num-frames=ark,t:./data/train/log/utt2num_frames.2 --compress=true ark:- ark,scp:/home/el-yazid/kaldi/egs/cream/./data/train/data/raw_mfcc_train.2.ark,/home/el-yazid/kaldi/egs/cream/./data/train/data/raw_mfcc_train.2.scp 
# Started at Mon Mar  8 17:00:10 CET 2021
#
copy-feats --write-num-frames=ark,t:./data/train/log/utt2num_frames.2 --compress=true ark:- ark,scp:/home/el-yazid/kaldi/egs/cream/./data/train/data/raw_mfcc_train.2.ark,/home/el-yazid/kaldi/egs/cream/./data/train/data/raw_mfcc_train.2.scp 
compute-mfcc-feats --write-utt2dur=ark,t:./data/train/log/utt2dur.2 --verbose=2 --config=conf/mfcc.conf scp,p:./data/train/log/wav_train.2.scp ark:- 
WARNING (compute-mfcc-feats[5.5.891~1-37628]:main():compute-mfcc-feats.cc:122) Channel not specified but you have data with 2 channels; defaulting to zero
VLOG[2] (compute-mfcc-feats[5.5.891~1-37628]:main():compute-mfcc-feats.cc:182) Processed features for key 1022_85
WARNING (compute-mfcc-feats[5.5.891~1-37628]:main():compute-mfcc-feats.cc:122) Channel not specified but you have data with 2 channels; defaulting to zero
VLOG[2] (compute-mfcc-feats[5.5.891~1-37628]:main():compute-mfcc-feats.cc:182) Processed features for key 1022_9
WARNING (compute-mfcc-feats[5.5.891~1-37628]:main():compute-mfcc-feats.cc:122) Channel not specified but you have data with 2 channels; defaulting to zero
VLOG[2] (compute-mfcc-feats[5.5.891~1-37628]:main():compute-mfcc-feats.cc:182) Processed features for key 1022_93
WARNING (compute-mfcc-feats[5.5.891~1-37628]:main():compute-mfcc-feats.cc:122) Channel not specified but you have data with 2 channels; defaulting to zero
VLOG[2] (compute-mfcc-feats[5.5.891~1-37628]:main():compute-mfcc-feats.cc:182) Processed features for key 1022_95
WARNING (compute-mfcc-feats[5.5.891~1-37628]:main():compute-mfcc-feats.cc:122) Channel not specified but you have data with 2 channels; defaulting to zero
VLOG[2] (compute-mfcc-feats[5.5.891~1-37628]:main():compute-mfcc-feats.cc:182) Processed features for key 1023_107
WARNING (compute-mfcc-feats[5.5.891~1-37628]:main():compute-mfcc-feats.cc:122) Channel not specified but you have data with 2 channels; defaulting to zero
VLOG[2] (compute-mfcc-feats[5.5.891~1-37628]:main():compute-mfcc-feats.cc:182) Processed features for key 1023_125
WARNING (compute-mfcc-feats[5.5.891~1-37628]:main():compute-mfcc-feats.cc:122) Channel not specified but you have data with 2 channels; defaulting to zero
VLOG[2] (compute-mfcc-feats[5.5.891~1-37628]:main():compute-mfcc-feats.cc:182) Processed features for key 1023_135
WARNING (compute-mfcc-feats[5.5.891~1-37628]:main():compute-mfcc-feats.cc:122) Channel not specified but you have data with 2 channels; defaulting to zero
VLOG[2] (compute-mfcc-feats[5.5.891~1-37628]:main():compute-mfcc-feats.cc:182) Processed features for key 1023_144
WARNING (compute-mfcc-feats[5.5.891~1-37628]:main():compute-mfcc-feats.cc:122) Channel not specified but you have data with 2 channels; defaulting to zero
VLOG[2] (compute-mfcc-feats[5.5.891~1-37628]:main():compute-mfcc-feats.cc:182) Processed features for key 1023_16
WARNING (compute-mfcc-feats[5.5.891~1-37628]:main():compute-mfcc-feats.cc:122) Channel not specified but you have data with 2 channels; defaulting to zero
LOG (compute-mfcc-feats[5.5.891~1-37628]:main():compute-mfcc-feats.cc:181) Processed 10 utterances
VLOG[2] (compute-mfcc-feats[5.5.891~1-37628]:main():compute-mfcc-feats.cc:182) Processed features for key 1023_26
WARNING (compute-mfcc-feats[5.5.891~1-37628]:main():compute-mfcc-feats.cc:122) Channel not specified but you have data with 2 channels; defaulting to zero
VLOG[2] (compute-mfcc-feats[5.5.891~1-37628]:main():compute-mfcc-feats.cc:182) Processed features for key 1023_36
WARNING (compute-mfcc-feats[5.5.891~1-37628]:main():compute-mfcc-feats.cc:122) Channel not specified but you have data with 2 channels; defaulting to zero
VLOG[2] (compute-mfcc-feats[5.5.891~1-37628]:main():compute-mfcc-feats.cc:182) Processed features for key 1023_40
WARNING (compute-mfcc-feats[5.5.891~1-37628]:main():compute-mfcc-feats.cc:122) Channel not specified but you have data with 2 channels; defaulting to zero
VLOG[2] (compute-mfcc-feats[5.5.891~1-37628]:main():compute-mfcc-feats.cc:182) Processed features for key 1023_52
WARNING (compute-mfcc-feats[5.5.891~1-37628]:main():compute-mfcc-feats.cc:122) Channel not specified but you have data with 2 channels; defaulting to zero
VLOG[2] (compute-mfcc-feats[5.5.891~1-37628]:main():compute-mfcc-feats.cc:182) Processed features for key 1023_54
WARNING (compute-mfcc-feats[5.5.891~1-37628]:main():compute-mfcc-feats.cc:122) Channel not specified but you have data with 2 channels; defaulting to zero
VLOG[2] (compute-mfcc-feats[5.5.891~1-37628]:main():compute-mfcc-feats.cc:182) Processed features for key 1024_102
WARNING (compute-mfcc-feats[5.5.891~1-37628]:main():compute-mfcc-feats.cc:122) Channel not specified but you have data with 2 channels; defaulting to zero
VLOG[2] (compute-mfcc-feats[5.5.891~1-37628]:main():compute-mfcc-feats.cc:182) Processed features for key 1024_108
WARNING (compute-mfcc-feats[5.5.891~1-37628]:main():compute-mfcc-feats.cc:122) Channel not specified but you have data with 2 channels; defaulting to zero
VLOG[2] (compute-mfcc-feats[5.5.891~1-37628]:main():compute-mfcc-feats.cc:182) Processed features for key 1024_38
WARNING (compute-mfcc-feats[5.5.891~1-37628]:main():compute-mfcc-feats.cc:122) Channel not specified but you have data with 2 channels; defaulting to zero
VLOG[2] (compute-mfcc-feats[5.5.891~1-37628]:main():compute-mfcc-feats.cc:182) Processed features for key 1024_55
WARNING (compute-mfcc-feats[5.5.891~1-37628]:main():compute-mfcc-feats.cc:122) Channel not specified but you have data with 2 channels; defaulting to zero
VLOG[2] (compute-mfcc-feats[5.5.891~1-37628]:main():compute-mfcc-feats.cc:182) Processed features for key 1024_59
WARNING (compute-mfcc-feats[5.5.891~1-37628]:main():compute-mfcc-feats.cc:122) Channel not specified but you have data with 2 channels; defaulting to zero
LOG (compute-mfcc-feats[5.5.891~1-37628]:main():compute-mfcc-feats.cc:181) Processed 20 utterances
VLOG[2] (compute-mfcc-feats[5.5.891~1-37628]:main():compute-mfcc-feats.cc:182) Processed features for key 1024_61
WARNING (compute-mfcc-feats[5.5.891~1-37628]:main():compute-mfcc-feats.cc:122) Channel not specified but you have data with 2 channels; defaulting to zero
VLOG[2] (compute-mfcc-feats[5.5.891~1-37628]:main():compute-mfcc-feats.cc:182) Processed features for key 1024_65
WARNING (compute-mfcc-feats[5.5.891~1-37628]:main():compute-mfcc-feats.cc:122) Channel not specified but you have data with 2 channels; defaulting to zero
VLOG[2] (compute-mfcc-feats[5.5.891~1-37628]:main():compute-mfcc-feats.cc:182) Processed features for key 1024_67
WARNING (compute-mfcc-feats[5.5.891~1-37628]:main():compute-mfcc-feats.cc:122) Channel not specified but you have data with 2 channels; defaulting to zero
VLOG[2] (compute-mfcc-feats[5.5.891~1-37628]:main():compute-mfcc-feats.cc:182) Processed features for key 1024_69
WARNING (compute-mfcc-feats[5.5.891~1-37628]:main():compute-mfcc-feats.cc:122) Channel not specified but you have data with 2 channels; defaulting to zero
VLOG[2] (compute-mfcc-feats[5.5.891~1-37628]:main():compute-mfcc-feats.cc:182) Processed features for key 1024_87
WARNING (compute-mfcc-feats[5.5.891~1-37628]:main():compute-mfcc-feats.cc:122) Channel not specified but you have data with 2 channels; defaulting to zero
VLOG[2] (compute-mfcc-feats[5.5.891~1-37628]:main():compute-mfcc-feats.cc:182) Processed features for key 1028_117
LOG (compute-mfcc-feats[5.5.891~1-37628]:main():compute-mfcc-feats.cc:185)  Done 25 out of 25 utterances.
LOG (copy-feats[5.5.891~1-37628]:main():copy-feats.cc:143) Copied 25 feature matrices.
# Accounting: time=0 threads=1
# Ended (code 0) at Mon Mar  8 17:00:10 CET 2021, elapsed time 0 seconds
