gmm-init-model --write-occs=exp/tri3a/1.occs exp/tri3a/tree exp/tri3a/treeacc data/lang/topo exp/tri3a/1.mdl 
LOG (gmm-init-model[5.5.891~1-37628]:main():gmm-init-model.cc:271) Number of separate statistics is 3930
WARNING (gmm-init-model[5.5.891~1-37628]:InitAmGmm():gmm-init-model.cc:55) Tree has pdf-id 2 with no stats; corresponding phone list: 11 12 13 14 15 
WARNING (gmm-init-model[5.5.891~1-37628]:InitAmGmm():gmm-init-model.cc:55) Tree has pdf-id 3 with no stats; corresponding phone list: 16 17 18 19 20 
WARNING (gmm-init-model[5.5.891~1-37628]:InitAmGmm():gmm-init-model.cc:55) Tree has pdf-id 4 with no stats; corresponding phone list: 21 22 23 24 25 
WARNING (gmm-init-model[5.5.891~1-37628]:InitAmGmm():gmm-init-model.cc:55) Tree has pdf-id 5 with no stats; corresponding phone list: 26 27 28 29 30 
WARNING (gmm-init-model[5.5.891~1-37628]:InitAmGmm():gmm-init-model.cc:55) Tree has pdf-id 6 with no stats; corresponding phone list: 31 32 33 34 35 
WARNING (gmm-init-model[5.5.891~1-37628]:InitAmGmm():gmm-init-model.cc:55) Tree has pdf-id 7 with no stats; corresponding phone list: 36 37 38 39 40 
WARNING (gmm-init-model[5.5.891~1-37628]:InitAmGmm():gmm-init-model.cc:55) Tree has pdf-id 8 with no stats; corresponding phone list: 41 42 43 44 45 
WARNING (gmm-init-model[5.5.891~1-37628]:InitAmGmm():gmm-init-model.cc:55) Tree has pdf-id 9 with no stats; corresponding phone list: 46 47 48 49 50 
WARNING (gmm-init-model[5.5.891~1-37628]:InitAmGmm():gmm-init-model.cc:55) Tree has pdf-id 10 with no stats; corresponding phone list: 51 52 53 54 55 
WARNING (gmm-init-model[5.5.891~1-37628]:InitAmGmm():gmm-init-model.cc:55) Tree has pdf-id 11 with no stats; corresponding phone list: 56 57 58 59 60 
WARNING (gmm-init-model[5.5.891~1-37628]:InitAmGmm():gmm-init-model.cc:55) Tree has pdf-id 12 with no stats; corresponding phone list: 61 62 63 64 65 
WARNING (gmm-init-model[5.5.891~1-37628]:InitAmGmm():gmm-init-model.cc:55) Tree has pdf-id 13 with no stats; corresponding phone list: 66 67 68 69 70 
WARNING (gmm-init-model[5.5.891~1-37628]:InitAmGmm():gmm-init-model.cc:55) Tree has pdf-id 45 with no stats; corresponding phone list: 195 196 197 198 
WARNING (gmm-init-model[5.5.891~1-37628]:InitAmGmm():gmm-init-model.cc:55) Tree has pdf-id 46 with no stats; corresponding phone list: 199 200 201 202 
WARNING (gmm-init-model[5.5.891~1-37628]:InitAmGmm():gmm-init-model.cc:55) Tree has pdf-id 48 with no stats; corresponding phone list: 207 208 209 210 
WARNING (gmm-init-model[5.5.891~1-37628]:InitAmGmm():gmm-init-model.cc:83) Very small count for state 14: 31; corresponding phone list: 71 72 73 74 
WARNING (gmm-init-model[5.5.891~1-37628]:InitAmGmm():gmm-init-model.cc:83) Very small count for state 15: 26; corresponding phone list: 75 76 77 78 
WARNING (gmm-init-model[5.5.891~1-37628]:InitAmGmm():gmm-init-model.cc:83) Very small count for state 17: 24; corresponding phone list: 83 84 85 86 
WARNING (gmm-init-model[5.5.891~1-37628]:InitAmGmm():gmm-init-model.cc:83) Very small count for state 19: 87; corresponding phone list: 91 92 93 94 
WARNING (gmm-init-model[5.5.891~1-37628]:InitAmGmm():gmm-init-model.cc:83) Very small count for state 20: 46; corresponding phone list: 95 96 97 98 
WARNING (gmm-init-model[5.5.891~1-37628]:InitAmGmm():gmm-init-model.cc:83) Very small count for state 21: 42; corresponding phone list: 99 100 101 102 
WARNING (gmm-init-model[5.5.891~1-37628]:InitAmGmm():gmm-init-model.cc:83) Very small count for state 22: 38; corresponding phone list: 103 104 105 106 
WARNING (gmm-init-model[5.5.891~1-37628]:InitAmGmm():gmm-init-model.cc:83) Very small count for state 23: 48; corresponding phone list: 107 108 109 110 
WARNING (gmm-init-model[5.5.891~1-37628]:InitAmGmm():gmm-init-model.cc:83) Very small count for state 29: 78; corresponding phone list: 131 132 133 134 
WARNING (gmm-init-model[5.5.891~1-37628]:InitAmGmm():gmm-init-model.cc:83) Very small count for state 31: 40; corresponding phone list: 139 140 141 142 
WARNING (gmm-init-model[5.5.891~1-37628]:InitAmGmm():gmm-init-model.cc:83) Very small count for state 33: 71; corresponding phone list: 147 148 149 150 
WARNING (gmm-init-model[5.5.891~1-37628]:InitAmGmm():gmm-init-model.cc:83) Very small count for state 35: 23; corresponding phone list: 155 156 157 158 
WARNING (gmm-init-model[5.5.891~1-37628]:InitAmGmm():gmm-init-model.cc:83) Very small count for state 37: 53; corresponding phone list: 163 164 165 166 
WARNING (gmm-init-model[5.5.891~1-37628]:InitAmGmm():gmm-init-model.cc:83) Very small count for state 38: 48; corresponding phone list: 167 168 169 170 
WARNING (gmm-init-model[5.5.891~1-37628]:InitAmGmm():gmm-init-model.cc:83) Very small count for state 40: 49; corresponding phone list: 175 176 177 178 
WARNING (gmm-init-model[5.5.891~1-37628]:InitAmGmm():gmm-init-model.cc:83) Very small count for state 41: 37; corresponding phone list: 179 180 181 182 
WARNING (gmm-init-model[5.5.891~1-37628]:InitAmGmm():gmm-init-model.cc:83) Very small count for state 42: 61; corresponding phone list: 183 184 185 186 
WARNING (gmm-init-model[5.5.891~1-37628]:InitAmGmm():gmm-init-model.cc:83) Very small count for state 43: 12; corresponding phone list: 187 188 189 190 
WARNING (gmm-init-model[5.5.891~1-37628]:InitAmGmm():gmm-init-model.cc:83) Very small count for state 44: 3; corresponding phone list: 191 192 193 194 
WARNING (gmm-init-model[5.5.891~1-37628]:InitAmGmm():gmm-init-model.cc:83) Very small count for state 47: 12; corresponding phone list: 203 204 205 206 
WARNING (gmm-init-model[5.5.891~1-37628]:InitAmGmm():gmm-init-model.cc:83) Very small count for state 49: 61; corresponding phone list: 6 7 8 9 10 
WARNING (gmm-init-model[5.5.891~1-37628]:InitAmGmm():gmm-init-model.cc:83) Very small count for state 50: 30; corresponding phone list: 71 72 73 74 
WARNING (gmm-init-model[5.5.891~1-37628]:InitAmGmm():gmm-init-model.cc:83) Very small count for state 53: 21; corresponding phone list: 79 80 81 82 
WARNING (gmm-init-model[5.5.891~1-37628]:InitAmGmm():gmm-init-model.cc:83) Very small count for state 56: 75; corresponding phone list: 175 176 177 178 
WARNING (gmm-init-model[5.5.891~1-37628]:InitAmGmm():gmm-init-model.cc:83) Very small count for state 57: 89; corresponding phone list: 163 164 165 166 
WARNING (gmm-init-model[5.5.891~1-37628]:InitAmGmm():gmm-init-model.cc:83) Very small count for state 58: 63; corresponding phone list: 103 104 105 106 
WARNING (gmm-init-model[5.5.891~1-37628]:InitAmGmm():gmm-init-model.cc:83) Very small count for state 60: 31; corresponding phone list: 179 180 181 182 
WARNING (gmm-init-model[5.5.891~1-37628]:InitAmGmm():gmm-init-model.cc:83) Very small count for state 62: 85; corresponding phone list: 139 140 141 142 
WARNING (gmm-init-model[5.5.891~1-37628]:InitAmGmm():gmm-init-model.cc:83) Very small count for state 63: 61; corresponding phone list: 179 180 181 182 
WARNING (gmm-init-model[5.5.891~1-37628]:InitAmGmm():gmm-init-model.cc:83) Very small count for state 66: 46; corresponding phone list: 163 164 165 166 
WARNING (gmm-init-model[5.5.891~1-37628]:InitAmGmm():gmm-init-model.cc:83) Very small count for state 67: 79; corresponding phone list: 107 108 109 110 
WARNING (gmm-init-model[5.5.891~1-37628]:InitAmGmm():gmm-init-model.cc:83) Very small count for state 68: 59; corresponding phone list: 103 104 105 106 
WARNING (gmm-init-model[5.5.891~1-37628]:InitAmGmm():gmm-init-model.cc:83) Very small count for state 69: 38; corresponding phone list: 84 
WARNING (gmm-init-model[5.5.891~1-37628]:InitAmGmm():gmm-init-model.cc:83) Very small count for state 70: 30; corresponding phone list: 103 104 105 106 
WARNING (gmm-init-model[5.5.891~1-37628]:InitAmGmm():gmm-init-model.cc:83) Very small count for state 71: 74; corresponding phone list: 111 112 113 114 
WARNING (gmm-init-model[5.5.891~1-37628]:InitAmGmm():gmm-init-model.cc:83) Very small count for state 72: 66; corresponding phone list: 74 
WARNING (gmm-init-model[5.5.891~1-37628]:InitAmGmm():gmm-init-model.cc:83) Very small count for state 74: 88; corresponding phone list: 83 85 86 
WARNING (gmm-init-model[5.5.891~1-37628]:InitAmGmm():gmm-init-model.cc:83) Very small count for state 77: 45; corresponding phone list: 107 108 109 110 
WARNING (gmm-init-model[5.5.891~1-37628]:InitAmGmm():gmm-init-model.cc:83) Very small count for state 79: 27; corresponding phone list: 147 148 149 150 
WARNING (gmm-init-model[5.5.891~1-37628]:InitAmGmm():gmm-init-model.cc:83) Very small count for state 80: 58; corresponding phone list: 107 108 109 110 
WARNING (gmm-init-model[5.5.891~1-37628]:InitAmGmm():gmm-init-model.cc:83) Very small count for state 81: 50; corresponding phone list: 103 104 105 106 
WARNING (gmm-init-model[5.5.891~1-37628]:InitAmGmm():gmm-init-model.cc:83) Very small count for state 82: 68; corresponding phone list: 103 104 105 106 
WARNING (gmm-init-model[5.5.891~1-37628]:InitAmGmm():gmm-init-model.cc:83) Very small count for state 83: 69; corresponding phone list: 95 96 97 98 
WARNING (gmm-init-model[5.5.891~1-37628]:InitAmGmm():gmm-init-model.cc:83) Very small count for state 84: 34; corresponding phone list: 95 96 97 98 
WARNING (gmm-init-model[5.5.891~1-37628]:InitAmGmm():gmm-init-model.cc:83) Very small count for state 85: 18; corresponding phone list: 91 92 93 94 
WARNING (gmm-init-model[5.5.891~1-37628]:InitAmGmm():gmm-init-model.cc:83) Very small count for state 89: 46; corresponding phone list: 107 108 109 110 
WARNING (gmm-init-model[5.5.891~1-37628]:InitAmGmm():gmm-init-model.cc:83) Very small count for state 90: 36; corresponding phone list: 167 168 169 170 
WARNING (gmm-init-model[5.5.891~1-37628]:InitAmGmm():gmm-init-model.cc:83) Very small count for state 92: 60; corresponding phone list: 131 132 133 134 
WARNING (gmm-init-model[5.5.891~1-37628]:InitAmGmm():gmm-init-model.cc:83) Very small count for state 93: 24; corresponding phone list: 155 156 157 158 
WARNING (gmm-init-model[5.5.891~1-37628]:InitAmGmm():gmm-init-model.cc:83) Very small count for state 94: 36; corresponding phone list: 103 104 105 106 
WARNING (gmm-init-model[5.5.891~1-37628]:InitAmGmm():gmm-init-model.cc:83) Very small count for state 96: 24; corresponding phone list: 131 132 133 134 
WARNING (gmm-init-model[5.5.891~1-37628]:InitAmGmm():gmm-init-model.cc:83) Very small count for state 98: 15; corresponding phone list: 107 108 109 110 
WARNING (gmm-init-model[5.5.891~1-37628]:InitAmGmm():gmm-init-model.cc:83) Very small count for state 103: 23; corresponding phone list: 127 128 129 130 
WARNING (gmm-init-model[5.5.891~1-37628]:InitAmGmm():gmm-init-model.cc:83) Very small count for state 107: 39; corresponding phone list: 147 148 149 150 
WARNING (gmm-init-model[5.5.891~1-37628]:InitAmGmm():gmm-init-model.cc:83) Very small count for state 111: 76; corresponding phone list: 83 85 86 
WARNING (gmm-init-model[5.5.891~1-37628]:InitAmGmm():gmm-init-model.cc:83) Very small count for state 113: 96; corresponding phone list: 107 108 109 110 
WARNING (gmm-init-model[5.5.891~1-37628]:InitAmGmm():gmm-init-model.cc:83) Very small count for state 116: 38; corresponding phone list: 107 108 109 110 
WARNING (gmm-init-model[5.5.891~1-37628]:InitAmGmm():gmm-init-model.cc:83) Very small count for state 120: 41; corresponding phone list: 147 148 149 150 
WARNING (gmm-init-model[5.5.891~1-37628]:InitAmGmm():gmm-init-model.cc:83) Very small count for state 121: 23; corresponding phone list: 71 72 73 
WARNING (gmm-init-model[5.5.891~1-37628]:InitAmGmm():gmm-init-model.cc:83) Very small count for state 125: 57; corresponding phone list: 155 156 157 158 
WARNING (gmm-init-model[5.5.891~1-37628]:InitAmGmm():gmm-init-model.cc:83) Very small count for state 127: 70; corresponding phone list: 175 176 177 178 
WARNING (gmm-init-model[5.5.891~1-37628]:InitAmGmm():gmm-init-model.cc:83) Very small count for state 134: 88; corresponding phone list: 91 92 93 94 
WARNING (gmm-init-model[5.5.891~1-37628]:InitAmGmm():gmm-init-model.cc:83) Very small count for state 140: 39; corresponding phone list: 155 156 157 158 
LOG (gmm-init-model[5.5.891~1-37628]:main():gmm-init-model.cc:306) Wrote model.
