# ali-to-post "ark:gunzip -c exp/tri3a/ali.1.gz|" ark:- | weight-silence-post 0.0 1:2:3:4:5:6:7:8:9:10:11:12:13:14:15:16:17:18:19:20:21:22:23:24:25:26:27:28:29:30:31:32:33:34:35:36:37:38:39:40:41:42:43:44:45:46:47:48:49:50:51:52:53:54:55:56:57:58:59:60:61:62:63:64:65:66:67:68:69:70 exp/tri3a/4.mdl ark:- ark:- | gmm-acc-mllt --rand-prune=4.0 exp/tri3a/4.mdl "ark,s,cs:apply-cmvn  --utt2spk=ark:data/train/split1/1/utt2spk scp:data/train/split1/1/cmvn.scp scp:data/train/split1/1/feats.scp ark:- | splice-feats  ark:- ark:- | transform-feats exp/tri3a/2.mat ark:- ark:- |" ark:- exp/tri3a/4.1.macc 
# Started at Fri Mar 12 16:41:15 CET 2021
#
ali-to-post 'ark:gunzip -c exp/tri3a/ali.1.gz|' ark:- 
weight-silence-post 0.0 1:2:3:4:5:6:7:8:9:10:11:12:13:14:15:16:17:18:19:20:21:22:23:24:25:26:27:28:29:30:31:32:33:34:35:36:37:38:39:40:41:42:43:44:45:46:47:48:49:50:51:52:53:54:55:56:57:58:59:60:61:62:63:64:65:66:67:68:69:70 exp/tri3a/4.mdl ark:- ark:- 
gmm-acc-mllt --rand-prune=4.0 exp/tri3a/4.mdl 'ark,s,cs:apply-cmvn  --utt2spk=ark:data/train/split1/1/utt2spk scp:data/train/split1/1/cmvn.scp scp:data/train/split1/1/feats.scp ark:- | splice-feats  ark:- ark:- | transform-feats exp/tri3a/2.mat ark:- ark:- |' ark:- exp/tri3a/4.1.macc 
apply-cmvn --utt2spk=ark:data/train/split1/1/utt2spk scp:data/train/split1/1/cmvn.scp scp:data/train/split1/1/feats.scp ark:- 
transform-feats exp/tri3a/2.mat ark:- ark:- 
splice-feats ark:- ark:- 
LOG (gmm-acc-mllt[5.5.891~1-37628]:main():gmm-acc-mllt.cc:108) Average like for this file is -58.2752 over 102 frames.
LOG (gmm-acc-mllt[5.5.891~1-37628]:main():gmm-acc-mllt.cc:108) Average like for this file is -58.6069 over 230 frames.
LOG (gmm-acc-mllt[5.5.891~1-37628]:main():gmm-acc-mllt.cc:108) Average like for this file is -47.6391 over 262 frames.
LOG (gmm-acc-mllt[5.5.891~1-37628]:main():gmm-acc-mllt.cc:108) Average like for this file is -55.8573 over 259 frames.
LOG (gmm-acc-mllt[5.5.891~1-37628]:main():gmm-acc-mllt.cc:108) Average like for this file is -60.4193 over 79 frames.
LOG (gmm-acc-mllt[5.5.891~1-37628]:main():gmm-acc-mllt.cc:108) Average like for this file is -55.2941 over 129 frames.
LOG (gmm-acc-mllt[5.5.891~1-37628]:main():gmm-acc-mllt.cc:108) Average like for this file is -54.1065 over 271 frames.
LOG (gmm-acc-mllt[5.5.891~1-37628]:main():gmm-acc-mllt.cc:108) Average like for this file is -53.3044 over 63 frames.
LOG (gmm-acc-mllt[5.5.891~1-37628]:main():gmm-acc-mllt.cc:108) Average like for this file is -58.9217 over 94 frames.
LOG (gmm-acc-mllt[5.5.891~1-37628]:main():gmm-acc-mllt.cc:108) Average like for this file is -57.9558 over 124 frames.
LOG (gmm-acc-mllt[5.5.891~1-37628]:main():gmm-acc-mllt.cc:114) Avg like per frame so far is -55.1918
LOG (gmm-acc-mllt[5.5.891~1-37628]:main():gmm-acc-mllt.cc:108) Average like for this file is -55.8705 over 501 frames.
LOG (gmm-acc-mllt[5.5.891~1-37628]:main():gmm-acc-mllt.cc:108) Average like for this file is -61.8999 over 149 frames.
LOG (gmm-acc-mllt[5.5.891~1-37628]:main():gmm-acc-mllt.cc:108) Average like for this file is -53.0905 over 160 frames.
LOG (gmm-acc-mllt[5.5.891~1-37628]:main():gmm-acc-mllt.cc:108) Average like for this file is -52.8534 over 233 frames.
LOG (gmm-acc-mllt[5.5.891~1-37628]:main():gmm-acc-mllt.cc:108) Average like for this file is -59.4553 over 152 frames.
LOG (gmm-acc-mllt[5.5.891~1-37628]:main():gmm-acc-mllt.cc:108) Average like for this file is -54.8488 over 84 frames.
LOG (gmm-acc-mllt[5.5.891~1-37628]:main():gmm-acc-mllt.cc:108) Average like for this file is -58.4808 over 171 frames.
LOG (gmm-acc-mllt[5.5.891~1-37628]:main():gmm-acc-mllt.cc:108) Average like for this file is -58.9242 over 201 frames.
LOG (gmm-acc-mllt[5.5.891~1-37628]:main():gmm-acc-mllt.cc:108) Average like for this file is -61.207 over 126 frames.
LOG (gmm-acc-mllt[5.5.891~1-37628]:main():gmm-acc-mllt.cc:108) Average like for this file is -61.3602 over 129 frames.
LOG (gmm-acc-mllt[5.5.891~1-37628]:main():gmm-acc-mllt.cc:114) Avg like per frame so far is -56.3126
LOG (gmm-acc-mllt[5.5.891~1-37628]:main():gmm-acc-mllt.cc:108) Average like for this file is -56.9734 over 191 frames.
LOG (gmm-acc-mllt[5.5.891~1-37628]:main():gmm-acc-mllt.cc:108) Average like for this file is -61.2224 over 86 frames.
LOG (gmm-acc-mllt[5.5.891~1-37628]:main():gmm-acc-mllt.cc:108) Average like for this file is -62.6178 over 105 frames.
LOG (gmm-acc-mllt[5.5.891~1-37628]:main():gmm-acc-mllt.cc:108) Average like for this file is -50.4966 over 147 frames.
LOG (gmm-acc-mllt[5.5.891~1-37628]:main():gmm-acc-mllt.cc:108) Average like for this file is -60.526 over 163 frames.
LOG (gmm-acc-mllt[5.5.891~1-37628]:main():gmm-acc-mllt.cc:108) Average like for this file is -62.0861 over 198 frames.
LOG (gmm-acc-mllt[5.5.891~1-37628]:main():gmm-acc-mllt.cc:108) Average like for this file is -59.1837 over 102 frames.
LOG (gmm-acc-mllt[5.5.891~1-37628]:main():gmm-acc-mllt.cc:108) Average like for this file is -62.3061 over 106 frames.
LOG (gmm-acc-mllt[5.5.891~1-37628]:main():gmm-acc-mllt.cc:108) Average like for this file is -64.503 over 119 frames.
LOG (gmm-acc-mllt[5.5.891~1-37628]:main():gmm-acc-mllt.cc:108) Average like for this file is -57.4283 over 102 frames.
LOG (gmm-acc-mllt[5.5.891~1-37628]:main():gmm-acc-mllt.cc:114) Avg like per frame so far is -57.1811
LOG (gmm-acc-mllt[5.5.891~1-37628]:main():gmm-acc-mllt.cc:108) Average like for this file is -57.805 over 122 frames.
LOG (gmm-acc-mllt[5.5.891~1-37628]:main():gmm-acc-mllt.cc:108) Average like for this file is -62.3291 over 125 frames.
LOG (gmm-acc-mllt[5.5.891~1-37628]:main():gmm-acc-mllt.cc:108) Average like for this file is -59.8909 over 119 frames.
LOG (gmm-acc-mllt[5.5.891~1-37628]:main():gmm-acc-mllt.cc:108) Average like for this file is -58.6144 over 59 frames.
LOG (gmm-acc-mllt[5.5.891~1-37628]:main():gmm-acc-mllt.cc:108) Average like for this file is -57.7541 over 85 frames.
LOG (gmm-acc-mllt[5.5.891~1-37628]:main():gmm-acc-mllt.cc:108) Average like for this file is -54.2396 over 110 frames.
LOG (gmm-acc-mllt[5.5.891~1-37628]:main():gmm-acc-mllt.cc:108) Average like for this file is -60.5827 over 62 frames.
LOG (gmm-acc-mllt[5.5.891~1-37628]:main():gmm-acc-mllt.cc:108) Average like for this file is -54.8025 over 122 frames.
LOG (gmm-acc-mllt[5.5.891~1-37628]:main():gmm-acc-mllt.cc:108) Average like for this file is -60.2208 over 88 frames.
LOG (gmm-acc-mllt[5.5.891~1-37628]:main():gmm-acc-mllt.cc:108) Average like for this file is -49.9157 over 228 frames.
LOG (gmm-acc-mllt[5.5.891~1-37628]:main():gmm-acc-mllt.cc:114) Avg like per frame so far is -57.0777
LOG (gmm-acc-mllt[5.5.891~1-37628]:main():gmm-acc-mllt.cc:108) Average like for this file is -59.4339 over 210 frames.
LOG (gmm-acc-mllt[5.5.891~1-37628]:main():gmm-acc-mllt.cc:108) Average like for this file is -58.7475 over 199 frames.
LOG (gmm-acc-mllt[5.5.891~1-37628]:main():gmm-acc-mllt.cc:108) Average like for this file is -58.2323 over 172 frames.
LOG (gmm-acc-mllt[5.5.891~1-37628]:main():gmm-acc-mllt.cc:108) Average like for this file is -58.2995 over 211 frames.
LOG (gmm-acc-mllt[5.5.891~1-37628]:main():gmm-acc-mllt.cc:108) Average like for this file is -60.8475 over 102 frames.
LOG (gmm-acc-mllt[5.5.891~1-37628]:main():gmm-acc-mllt.cc:108) Average like for this file is -54.4764 over 426 frames.
LOG (gmm-acc-mllt[5.5.891~1-37628]:main():gmm-acc-mllt.cc:108) Average like for this file is -57.4169 over 269 frames.
LOG (gmm-acc-mllt[5.5.891~1-37628]:main():gmm-acc-mllt.cc:108) Average like for this file is -59.9563 over 235 frames.
LOG (gmm-acc-mllt[5.5.891~1-37628]:main():gmm-acc-mllt.cc:108) Average like for this file is -57.5245 over 337 frames.
LOG (gmm-acc-mllt[5.5.891~1-37628]:main():gmm-acc-mllt.cc:108) Average like for this file is -54.2184 over 207 frames.
LOG (gmm-acc-mllt[5.5.891~1-37628]:main():gmm-acc-mllt.cc:114) Avg like per frame so far is -57.1841
LOG (gmm-acc-mllt[5.5.891~1-37628]:main():gmm-acc-mllt.cc:108) Average like for this file is -56.082 over 509 frames.
LOG (gmm-acc-mllt[5.5.891~1-37628]:main():gmm-acc-mllt.cc:108) Average like for this file is -60.6958 over 189 frames.
LOG (gmm-acc-mllt[5.5.891~1-37628]:main():gmm-acc-mllt.cc:108) Average like for this file is -58.0565 over 103 frames.
LOG (gmm-acc-mllt[5.5.891~1-37628]:main():gmm-acc-mllt.cc:108) Average like for this file is -41.7113 over 136 frames.
LOG (gmm-acc-mllt[5.5.891~1-37628]:main():gmm-acc-mllt.cc:108) Average like for this file is -55.7519 over 148 frames.
LOG (gmm-acc-mllt[5.5.891~1-37628]:main():gmm-acc-mllt.cc:108) Average like for this file is -52.799 over 209 frames.
LOG (gmm-acc-mllt[5.5.891~1-37628]:main():gmm-acc-mllt.cc:108) Average like for this file is -53.3127 over 199 frames.
LOG (gmm-acc-mllt[5.5.891~1-37628]:main():gmm-acc-mllt.cc:108) Average like for this file is -57.6445 over 247 frames.
LOG (gmm-acc-mllt[5.5.891~1-37628]:main():gmm-acc-mllt.cc:108) Average like for this file is -60.2142 over 256 frames.
LOG (gmm-acc-mllt[5.5.891~1-37628]:main():gmm-acc-mllt.cc:108) Average like for this file is -59.5636 over 285 frames.
LOG (gmm-acc-mllt[5.5.891~1-37628]:main():gmm-acc-mllt.cc:114) Avg like per frame so far is -56.9726
LOG (gmm-acc-mllt[5.5.891~1-37628]:main():gmm-acc-mllt.cc:108) Average like for this file is -55.9045 over 297 frames.
LOG (gmm-acc-mllt[5.5.891~1-37628]:main():gmm-acc-mllt.cc:108) Average like for this file is -50.8907 over 297 frames.
LOG (gmm-acc-mllt[5.5.891~1-37628]:main():gmm-acc-mllt.cc:108) Average like for this file is -44.3801 over 133 frames.
LOG (gmm-acc-mllt[5.5.891~1-37628]:main():gmm-acc-mllt.cc:108) Average like for this file is -52.312 over 388 frames.
LOG (gmm-acc-mllt[5.5.891~1-37628]:main():gmm-acc-mllt.cc:108) Average like for this file is -58.991 over 140 frames.
LOG (gmm-acc-mllt[5.5.891~1-37628]:main():gmm-acc-mllt.cc:108) Average like for this file is -51.252 over 335 frames.
LOG (gmm-acc-mllt[5.5.891~1-37628]:main():gmm-acc-mllt.cc:108) Average like for this file is -49.9046 over 186 frames.
LOG (gmm-acc-mllt[5.5.891~1-37628]:main():gmm-acc-mllt.cc:108) Average like for this file is -54.1706 over 109 frames.
LOG (gmm-acc-mllt[5.5.891~1-37628]:main():gmm-acc-mllt.cc:108) Average like for this file is -56.9258 over 99 frames.
LOG (gmm-acc-mllt[5.5.891~1-37628]:main():gmm-acc-mllt.cc:108) Average like for this file is -58.8936 over 373 frames.
LOG (gmm-acc-mllt[5.5.891~1-37628]:main():gmm-acc-mllt.cc:114) Avg like per frame so far is -56.3441
LOG (gmm-acc-mllt[5.5.891~1-37628]:main():gmm-acc-mllt.cc:108) Average like for this file is -54.9302 over 369 frames.
LOG (gmm-acc-mllt[5.5.891~1-37628]:main():gmm-acc-mllt.cc:108) Average like for this file is -60.545 over 253 frames.
LOG (gmm-acc-mllt[5.5.891~1-37628]:main():gmm-acc-mllt.cc:108) Average like for this file is -58.9673 over 280 frames.
LOG (ali-to-post[5.5.891~1-37628]:main():ali-to-post.cc:73) Converted 99 alignments.
LOG (gmm-acc-mllt[5.5.891~1-37628]:main():gmm-acc-mllt.cc:108) Average like for this file is -54.3762 over 414 frames.
LOG (gmm-acc-mllt[5.5.891~1-37628]:main():gmm-acc-mllt.cc:108) Average like for this file is -59.8893 over 544 frames.
LOG (gmm-acc-mllt[5.5.891~1-37628]:main():gmm-acc-mllt.cc:108) Average like for this file is -57.992 over 297 frames.
LOG (gmm-acc-mllt[5.5.891~1-37628]:main():gmm-acc-mllt.cc:108) Average like for this file is -58.4463 over 183 frames.
LOG (gmm-acc-mllt[5.5.891~1-37628]:main():gmm-acc-mllt.cc:108) Average like for this file is -55.327 over 157 frames.
LOG (gmm-acc-mllt[5.5.891~1-37628]:main():gmm-acc-mllt.cc:108) Average like for this file is -61.0044 over 121 frames.
LOG (gmm-acc-mllt[5.5.891~1-37628]:main():gmm-acc-mllt.cc:108) Average like for this file is -49.6698 over 348 frames.
LOG (gmm-acc-mllt[5.5.891~1-37628]:main():gmm-acc-mllt.cc:114) Avg like per frame so far is -56.4285
LOG (gmm-acc-mllt[5.5.891~1-37628]:main():gmm-acc-mllt.cc:108) Average like for this file is -47.7434 over 124 frames.
LOG (gmm-acc-mllt[5.5.891~1-37628]:main():gmm-acc-mllt.cc:108) Average like for this file is -41.0205 over 314 frames.
LOG (gmm-acc-mllt[5.5.891~1-37628]:main():gmm-acc-mllt.cc:108) Average like for this file is -49.0023 over 398 frames.
LOG (gmm-acc-mllt[5.5.891~1-37628]:main():gmm-acc-mllt.cc:108) Average like for this file is -53.2308 over 193 frames.
LOG (weight-silence-post[5.5.891~1-37628]:main():weight-silence-post.cc:95) Done 99 posteriors.
LOG (gmm-acc-mllt[5.5.891~1-37628]:main():gmm-acc-mllt.cc:108) Average like for this file is -53.3301 over 260 frames.
LOG (gmm-acc-mllt[5.5.891~1-37628]:main():gmm-acc-mllt.cc:108) Average like for this file is -49.0657 over 448 frames.
LOG (gmm-acc-mllt[5.5.891~1-37628]:main():gmm-acc-mllt.cc:108) Average like for this file is -49.9297 over 297 frames.
LOG (gmm-acc-mllt[5.5.891~1-37628]:main():gmm-acc-mllt.cc:108) Average like for this file is -49.3024 over 195 frames.
LOG (gmm-acc-mllt[5.5.891~1-37628]:main():gmm-acc-mllt.cc:108) Average like for this file is -55.7582 over 78 frames.
LOG (gmm-acc-mllt[5.5.891~1-37628]:main():gmm-acc-mllt.cc:108) Average like for this file is -55.0826 over 144 frames.
LOG (gmm-acc-mllt[5.5.891~1-37628]:main():gmm-acc-mllt.cc:114) Avg like per frame so far is -55.4951
LOG (gmm-acc-mllt[5.5.891~1-37628]:main():gmm-acc-mllt.cc:108) Average like for this file is -58.59 over 220 frames.
LOG (apply-cmvn[5.5.891~1-37628]:main():apply-cmvn.cc:162) Applied cepstral mean normalization to 99 utterances, errors on 0
LOG (gmm-acc-mllt[5.5.891~1-37628]:main():gmm-acc-mllt.cc:108) Average like for this file is -58.4759 over 131 frames.
LOG (gmm-acc-mllt[5.5.891~1-37628]:main():gmm-acc-mllt.cc:108) Average like for this file is -52.5674 over 187 frames.
LOG (gmm-acc-mllt[5.5.891~1-37628]:main():gmm-acc-mllt.cc:108) Average like for this file is -59.0826 over 259 frames.
LOG (gmm-acc-mllt[5.5.891~1-37628]:main():gmm-acc-mllt.cc:108) Average like for this file is -59.8113 over 113 frames.
LOG (gmm-acc-mllt[5.5.891~1-37628]:main():gmm-acc-mllt.cc:108) Average like for this file is -58.9329 over 157 frames.
LOG (gmm-acc-mllt[5.5.891~1-37628]:main():gmm-acc-mllt.cc:108) Average like for this file is -58.0966 over 227 frames.
LOG (transform-feats[5.5.891~1-37628]:main():transform-feats.cc:158) Overall average [pseudo-]logdet is -71.7715 over 25328 frames.
LOG (transform-feats[5.5.891~1-37628]:main():transform-feats.cc:161) Applied transform to 99 utterances; 0 had errors.
LOG (gmm-acc-mllt[5.5.891~1-37628]:main():gmm-acc-mllt.cc:108) Average like for this file is -59.6253 over 475 frames.
LOG (gmm-acc-mllt[5.5.891~1-37628]:main():gmm-acc-mllt.cc:108) Average like for this file is -55.119 over 107 frames.
LOG (gmm-acc-mllt[5.5.891~1-37628]:main():gmm-acc-mllt.cc:119) Done 99 files, 0 with no posteriors, 0 with other errors.
LOG (gmm-acc-mllt[5.5.891~1-37628]:main():gmm-acc-mllt.cc:123) Overall avg like per frame (Gaussian only) = -55.7415 over 20257 frames.
LOG (gmm-acc-mllt[5.5.891~1-37628]:main():gmm-acc-mllt.cc:127) Written accs.
# Accounting: time=0 threads=1
# Ended (code 0) at Fri Mar 12 16:41:15 CET 2021, elapsed time 0 seconds
