# ali-to-post "ark:gunzip -c exp/tri3a/ali.1.gz|" ark:- | weight-silence-post 0.0 1:2:3:4:5:6:7:8:9:10:11:12:13:14:15:16:17:18:19:20:21:22:23:24:25:26:27:28:29:30:31:32:33:34:35:36:37:38:39:40:41:42:43:44:45:46:47:48:49:50:51:52:53:54:55:56:57:58:59:60:61:62:63:64:65:66:67:68:69:70 exp/tri3a/2.mdl ark:- ark:- | gmm-acc-mllt --rand-prune=4.0 exp/tri3a/2.mdl "ark,s,cs:apply-cmvn  --utt2spk=ark:data/train/split1/1/utt2spk scp:data/train/split1/1/cmvn.scp scp:data/train/split1/1/feats.scp ark:- | splice-feats  ark:- ark:- | transform-feats exp/tri3a/0.mat ark:- ark:- |" ark:- exp/tri3a/2.1.macc 
# Started at Fri Mar 12 16:41:14 CET 2021
#
ali-to-post 'ark:gunzip -c exp/tri3a/ali.1.gz|' ark:- 
weight-silence-post 0.0 1:2:3:4:5:6:7:8:9:10:11:12:13:14:15:16:17:18:19:20:21:22:23:24:25:26:27:28:29:30:31:32:33:34:35:36:37:38:39:40:41:42:43:44:45:46:47:48:49:50:51:52:53:54:55:56:57:58:59:60:61:62:63:64:65:66:67:68:69:70 exp/tri3a/2.mdl ark:- ark:- 
gmm-acc-mllt --rand-prune=4.0 exp/tri3a/2.mdl 'ark,s,cs:apply-cmvn  --utt2spk=ark:data/train/split1/1/utt2spk scp:data/train/split1/1/cmvn.scp scp:data/train/split1/1/feats.scp ark:- | splice-feats  ark:- ark:- | transform-feats exp/tri3a/0.mat ark:- ark:- |' ark:- exp/tri3a/2.1.macc 
transform-feats exp/tri3a/0.mat ark:- ark:- 
apply-cmvn --utt2spk=ark:data/train/split1/1/utt2spk scp:data/train/split1/1/cmvn.scp scp:data/train/split1/1/feats.scp ark:- 
splice-feats ark:- ark:- 
LOG (gmm-acc-mllt[5.5.891~1-37628]:main():gmm-acc-mllt.cc:108) Average like for this file is -58.3726 over 102 frames.
LOG (gmm-acc-mllt[5.5.891~1-37628]:main():gmm-acc-mllt.cc:108) Average like for this file is -58.6098 over 230 frames.
LOG (gmm-acc-mllt[5.5.891~1-37628]:main():gmm-acc-mllt.cc:108) Average like for this file is -48.0176 over 262 frames.
LOG (gmm-acc-mllt[5.5.891~1-37628]:main():gmm-acc-mllt.cc:108) Average like for this file is -55.8508 over 259 frames.
LOG (gmm-acc-mllt[5.5.891~1-37628]:main():gmm-acc-mllt.cc:108) Average like for this file is -60.5099 over 79 frames.
LOG (gmm-acc-mllt[5.5.891~1-37628]:main():gmm-acc-mllt.cc:108) Average like for this file is -55.5494 over 129 frames.
LOG (gmm-acc-mllt[5.5.891~1-37628]:main():gmm-acc-mllt.cc:108) Average like for this file is -54.3068 over 271 frames.
LOG (gmm-acc-mllt[5.5.891~1-37628]:main():gmm-acc-mllt.cc:108) Average like for this file is -53.7067 over 63 frames.
LOG (gmm-acc-mllt[5.5.891~1-37628]:main():gmm-acc-mllt.cc:108) Average like for this file is -59.0736 over 94 frames.
LOG (gmm-acc-mllt[5.5.891~1-37628]:main():gmm-acc-mllt.cc:108) Average like for this file is -57.8691 over 124 frames.
LOG (gmm-acc-mllt[5.5.891~1-37628]:main():gmm-acc-mllt.cc:114) Avg like per frame so far is -55.3352
LOG (gmm-acc-mllt[5.5.891~1-37628]:main():gmm-acc-mllt.cc:108) Average like for this file is -56.3054 over 501 frames.
LOG (gmm-acc-mllt[5.5.891~1-37628]:main():gmm-acc-mllt.cc:108) Average like for this file is -62.1219 over 149 frames.
LOG (gmm-acc-mllt[5.5.891~1-37628]:main():gmm-acc-mllt.cc:108) Average like for this file is -53.507 over 160 frames.
LOG (gmm-acc-mllt[5.5.891~1-37628]:main():gmm-acc-mllt.cc:108) Average like for this file is -53.1567 over 233 frames.
LOG (gmm-acc-mllt[5.5.891~1-37628]:main():gmm-acc-mllt.cc:108) Average like for this file is -59.5592 over 152 frames.
LOG (gmm-acc-mllt[5.5.891~1-37628]:main():gmm-acc-mllt.cc:108) Average like for this file is -54.5139 over 84 frames.
LOG (gmm-acc-mllt[5.5.891~1-37628]:main():gmm-acc-mllt.cc:108) Average like for this file is -58.3027 over 171 frames.
LOG (gmm-acc-mllt[5.5.891~1-37628]:main():gmm-acc-mllt.cc:108) Average like for this file is -58.8957 over 201 frames.
LOG (gmm-acc-mllt[5.5.891~1-37628]:main():gmm-acc-mllt.cc:108) Average like for this file is -61.189 over 126 frames.
LOG (gmm-acc-mllt[5.5.891~1-37628]:main():gmm-acc-mllt.cc:108) Average like for this file is -61.7025 over 129 frames.
LOG (gmm-acc-mllt[5.5.891~1-37628]:main():gmm-acc-mllt.cc:114) Avg like per frame so far is -56.4868
LOG (gmm-acc-mllt[5.5.891~1-37628]:main():gmm-acc-mllt.cc:108) Average like for this file is -57.1094 over 191 frames.
LOG (gmm-acc-mllt[5.5.891~1-37628]:main():gmm-acc-mllt.cc:108) Average like for this file is -61.4774 over 86 frames.
LOG (gmm-acc-mllt[5.5.891~1-37628]:main():gmm-acc-mllt.cc:108) Average like for this file is -63.0576 over 105 frames.
LOG (gmm-acc-mllt[5.5.891~1-37628]:main():gmm-acc-mllt.cc:108) Average like for this file is -51.6989 over 147 frames.
LOG (gmm-acc-mllt[5.5.891~1-37628]:main():gmm-acc-mllt.cc:108) Average like for this file is -61.4035 over 163 frames.
LOG (gmm-acc-mllt[5.5.891~1-37628]:main():gmm-acc-mllt.cc:108) Average like for this file is -62.0735 over 198 frames.
LOG (gmm-acc-mllt[5.5.891~1-37628]:main():gmm-acc-mllt.cc:108) Average like for this file is -59.6892 over 102 frames.
LOG (gmm-acc-mllt[5.5.891~1-37628]:main():gmm-acc-mllt.cc:108) Average like for this file is -61.8511 over 106 frames.
LOG (gmm-acc-mllt[5.5.891~1-37628]:main():gmm-acc-mllt.cc:108) Average like for this file is -64.6534 over 119 frames.
LOG (gmm-acc-mllt[5.5.891~1-37628]:main():gmm-acc-mllt.cc:108) Average like for this file is -57.6905 over 102 frames.
LOG (gmm-acc-mllt[5.5.891~1-37628]:main():gmm-acc-mllt.cc:114) Avg like per frame so far is -57.4028
LOG (gmm-acc-mllt[5.5.891~1-37628]:main():gmm-acc-mllt.cc:108) Average like for this file is -57.8073 over 122 frames.
LOG (gmm-acc-mllt[5.5.891~1-37628]:main():gmm-acc-mllt.cc:108) Average like for this file is -62.7019 over 125 frames.
LOG (gmm-acc-mllt[5.5.891~1-37628]:main():gmm-acc-mllt.cc:108) Average like for this file is -60.0798 over 119 frames.
LOG (gmm-acc-mllt[5.5.891~1-37628]:main():gmm-acc-mllt.cc:108) Average like for this file is -58.2718 over 59 frames.
LOG (gmm-acc-mllt[5.5.891~1-37628]:main():gmm-acc-mllt.cc:108) Average like for this file is -57.9736 over 85 frames.
LOG (gmm-acc-mllt[5.5.891~1-37628]:main():gmm-acc-mllt.cc:108) Average like for this file is -54.2547 over 110 frames.
LOG (gmm-acc-mllt[5.5.891~1-37628]:main():gmm-acc-mllt.cc:108) Average like for this file is -60.5054 over 62 frames.
LOG (gmm-acc-mllt[5.5.891~1-37628]:main():gmm-acc-mllt.cc:108) Average like for this file is -55.7943 over 122 frames.
LOG (gmm-acc-mllt[5.5.891~1-37628]:main():gmm-acc-mllt.cc:108) Average like for this file is -60.7057 over 88 frames.
LOG (gmm-acc-mllt[5.5.891~1-37628]:main():gmm-acc-mllt.cc:108) Average like for this file is -50.3075 over 228 frames.
LOG (gmm-acc-mllt[5.5.891~1-37628]:main():gmm-acc-mllt.cc:114) Avg like per frame so far is -57.311
LOG (gmm-acc-mllt[5.5.891~1-37628]:main():gmm-acc-mllt.cc:108) Average like for this file is -59.8248 over 210 frames.
LOG (gmm-acc-mllt[5.5.891~1-37628]:main():gmm-acc-mllt.cc:108) Average like for this file is -58.9511 over 199 frames.
LOG (gmm-acc-mllt[5.5.891~1-37628]:main():gmm-acc-mllt.cc:108) Average like for this file is -58.5788 over 172 frames.
LOG (gmm-acc-mllt[5.5.891~1-37628]:main():gmm-acc-mllt.cc:108) Average like for this file is -58.8026 over 211 frames.
LOG (gmm-acc-mllt[5.5.891~1-37628]:main():gmm-acc-mllt.cc:108) Average like for this file is -60.9811 over 102 frames.
LOG (gmm-acc-mllt[5.5.891~1-37628]:main():gmm-acc-mllt.cc:108) Average like for this file is -54.8438 over 426 frames.
LOG (gmm-acc-mllt[5.5.891~1-37628]:main():gmm-acc-mllt.cc:108) Average like for this file is -57.9283 over 269 frames.
LOG (gmm-acc-mllt[5.5.891~1-37628]:main():gmm-acc-mllt.cc:108) Average like for this file is -60.3353 over 235 frames.
LOG (gmm-acc-mllt[5.5.891~1-37628]:main():gmm-acc-mllt.cc:108) Average like for this file is -57.8212 over 337 frames.
LOG (gmm-acc-mllt[5.5.891~1-37628]:main():gmm-acc-mllt.cc:108) Average like for this file is -54.4309 over 207 frames.
LOG (gmm-acc-mllt[5.5.891~1-37628]:main():gmm-acc-mllt.cc:114) Avg like per frame so far is -57.4506
LOG (gmm-acc-mllt[5.5.891~1-37628]:main():gmm-acc-mllt.cc:108) Average like for this file is -56.8295 over 509 frames.
LOG (gmm-acc-mllt[5.5.891~1-37628]:main():gmm-acc-mllt.cc:108) Average like for this file is -61.0389 over 189 frames.
LOG (gmm-acc-mllt[5.5.891~1-37628]:main():gmm-acc-mllt.cc:108) Average like for this file is -58.0132 over 103 frames.
LOG (gmm-acc-mllt[5.5.891~1-37628]:main():gmm-acc-mllt.cc:108) Average like for this file is -45.6922 over 136 frames.
LOG (gmm-acc-mllt[5.5.891~1-37628]:main():gmm-acc-mllt.cc:108) Average like for this file is -55.5291 over 148 frames.
LOG (gmm-acc-mllt[5.5.891~1-37628]:main():gmm-acc-mllt.cc:108) Average like for this file is -54.1254 over 209 frames.
LOG (gmm-acc-mllt[5.5.891~1-37628]:main():gmm-acc-mllt.cc:108) Average like for this file is -54.0464 over 199 frames.
LOG (gmm-acc-mllt[5.5.891~1-37628]:main():gmm-acc-mllt.cc:108) Average like for this file is -58.5317 over 247 frames.
LOG (gmm-acc-mllt[5.5.891~1-37628]:main():gmm-acc-mllt.cc:108) Average like for this file is -61.0578 over 256 frames.
LOG (gmm-acc-mllt[5.5.891~1-37628]:main():gmm-acc-mllt.cc:108) Average like for this file is -60.1911 over 285 frames.
LOG (gmm-acc-mllt[5.5.891~1-37628]:main():gmm-acc-mllt.cc:114) Avg like per frame so far is -57.3691
LOG (gmm-acc-mllt[5.5.891~1-37628]:main():gmm-acc-mllt.cc:108) Average like for this file is -56.4903 over 297 frames.
LOG (gmm-acc-mllt[5.5.891~1-37628]:main():gmm-acc-mllt.cc:108) Average like for this file is -52.5085 over 297 frames.
LOG (gmm-acc-mllt[5.5.891~1-37628]:main():gmm-acc-mllt.cc:108) Average like for this file is -44.5487 over 133 frames.
LOG (gmm-acc-mllt[5.5.891~1-37628]:main():gmm-acc-mllt.cc:108) Average like for this file is -52.536 over 388 frames.
LOG (gmm-acc-mllt[5.5.891~1-37628]:main():gmm-acc-mllt.cc:108) Average like for this file is -59.7745 over 140 frames.
LOG (gmm-acc-mllt[5.5.891~1-37628]:main():gmm-acc-mllt.cc:108) Average like for this file is -52.0587 over 335 frames.
LOG (gmm-acc-mllt[5.5.891~1-37628]:main():gmm-acc-mllt.cc:108) Average like for this file is -51.1961 over 186 frames.
LOG (gmm-acc-mllt[5.5.891~1-37628]:main():gmm-acc-mllt.cc:108) Average like for this file is -54.8474 over 109 frames.
LOG (gmm-acc-mllt[5.5.891~1-37628]:main():gmm-acc-mllt.cc:108) Average like for this file is -57.0151 over 99 frames.
LOG (gmm-acc-mllt[5.5.891~1-37628]:main():gmm-acc-mllt.cc:108) Average like for this file is -58.94 over 373 frames.
LOG (gmm-acc-mllt[5.5.891~1-37628]:main():gmm-acc-mllt.cc:114) Avg like per frame so far is -56.783
LOG (ali-to-post[5.5.891~1-37628]:main():ali-to-post.cc:73) Converted 99 alignments.
LOG (gmm-acc-mllt[5.5.891~1-37628]:main():gmm-acc-mllt.cc:108) Average like for this file is -55.114 over 369 frames.
LOG (gmm-acc-mllt[5.5.891~1-37628]:main():gmm-acc-mllt.cc:108) Average like for this file is -61.0303 over 253 frames.
LOG (gmm-acc-mllt[5.5.891~1-37628]:main():gmm-acc-mllt.cc:108) Average like for this file is -59.2504 over 280 frames.
LOG (gmm-acc-mllt[5.5.891~1-37628]:main():gmm-acc-mllt.cc:108) Average like for this file is -55.4254 over 414 frames.
LOG (gmm-acc-mllt[5.5.891~1-37628]:main():gmm-acc-mllt.cc:108) Average like for this file is -60.0994 over 544 frames.
LOG (gmm-acc-mllt[5.5.891~1-37628]:main():gmm-acc-mllt.cc:108) Average like for this file is -58.3141 over 297 frames.
LOG (gmm-acc-mllt[5.5.891~1-37628]:main():gmm-acc-mllt.cc:108) Average like for this file is -59.3461 over 183 frames.
LOG (gmm-acc-mllt[5.5.891~1-37628]:main():gmm-acc-mllt.cc:108) Average like for this file is -55.8655 over 157 frames.
LOG (gmm-acc-mllt[5.5.891~1-37628]:main():gmm-acc-mllt.cc:108) Average like for this file is -61.3338 over 121 frames.
LOG (gmm-acc-mllt[5.5.891~1-37628]:main():gmm-acc-mllt.cc:108) Average like for this file is -49.995 over 348 frames.
LOG (gmm-acc-mllt[5.5.891~1-37628]:main():gmm-acc-mllt.cc:114) Avg like per frame so far is -56.8683
LOG (gmm-acc-mllt[5.5.891~1-37628]:main():gmm-acc-mllt.cc:108) Average like for this file is -47.7475 over 124 frames.
LOG (gmm-acc-mllt[5.5.891~1-37628]:main():gmm-acc-mllt.cc:108) Average like for this file is -41.7228 over 314 frames.
LOG (gmm-acc-mllt[5.5.891~1-37628]:main():gmm-acc-mllt.cc:108) Average like for this file is -49.8786 over 398 frames.
LOG (gmm-acc-mllt[5.5.891~1-37628]:main():gmm-acc-mllt.cc:108) Average like for this file is -53.2819 over 193 frames.
LOG (weight-silence-post[5.5.891~1-37628]:main():weight-silence-post.cc:95) Done 99 posteriors.
LOG (gmm-acc-mllt[5.5.891~1-37628]:main():gmm-acc-mllt.cc:108) Average like for this file is -53.5486 over 260 frames.
LOG (gmm-acc-mllt[5.5.891~1-37628]:main():gmm-acc-mllt.cc:108) Average like for this file is -49.374 over 448 frames.
LOG (gmm-acc-mllt[5.5.891~1-37628]:main():gmm-acc-mllt.cc:108) Average like for this file is -50.5502 over 297 frames.
LOG (gmm-acc-mllt[5.5.891~1-37628]:main():gmm-acc-mllt.cc:108) Average like for this file is -49.4791 over 195 frames.
LOG (gmm-acc-mllt[5.5.891~1-37628]:main():gmm-acc-mllt.cc:108) Average like for this file is -55.607 over 78 frames.
LOG (gmm-acc-mllt[5.5.891~1-37628]:main():gmm-acc-mllt.cc:108) Average like for this file is -55.7209 over 144 frames.
LOG (gmm-acc-mllt[5.5.891~1-37628]:main():gmm-acc-mllt.cc:114) Avg like per frame so far is -55.9346
LOG (gmm-acc-mllt[5.5.891~1-37628]:main():gmm-acc-mllt.cc:108) Average like for this file is -59.0695 over 220 frames.
LOG (apply-cmvn[5.5.891~1-37628]:main():apply-cmvn.cc:162) Applied cepstral mean normalization to 99 utterances, errors on 0
LOG (gmm-acc-mllt[5.5.891~1-37628]:main():gmm-acc-mllt.cc:108) Average like for this file is -58.582 over 131 frames.
LOG (gmm-acc-mllt[5.5.891~1-37628]:main():gmm-acc-mllt.cc:108) Average like for this file is -53.1225 over 187 frames.
LOG (gmm-acc-mllt[5.5.891~1-37628]:main():gmm-acc-mllt.cc:108) Average like for this file is -59.5653 over 259 frames.
LOG (gmm-acc-mllt[5.5.891~1-37628]:main():gmm-acc-mllt.cc:108) Average like for this file is -60.712 over 113 frames.
LOG (gmm-acc-mllt[5.5.891~1-37628]:main():gmm-acc-mllt.cc:108) Average like for this file is -58.7734 over 157 frames.
LOG (gmm-acc-mllt[5.5.891~1-37628]:main():gmm-acc-mllt.cc:108) Average like for this file is -58.166 over 227 frames.
LOG (transform-feats[5.5.891~1-37628]:main():transform-feats.cc:158) Overall average [pseudo-]logdet is -72.182 over 25328 frames.
LOG (transform-feats[5.5.891~1-37628]:main():transform-feats.cc:161) Applied transform to 99 utterances; 0 had errors.
LOG (gmm-acc-mllt[5.5.891~1-37628]:main():gmm-acc-mllt.cc:108) Average like for this file is -59.8299 over 475 frames.
LOG (gmm-acc-mllt[5.5.891~1-37628]:main():gmm-acc-mllt.cc:108) Average like for this file is -55.3281 over 107 frames.
LOG (gmm-acc-mllt[5.5.891~1-37628]:main():gmm-acc-mllt.cc:119) Done 99 files, 0 with no posteriors, 0 with other errors.
LOG (gmm-acc-mllt[5.5.891~1-37628]:main():gmm-acc-mllt.cc:123) Overall avg like per frame (Gaussian only) = -56.168 over 20257 frames.
LOG (gmm-acc-mllt[5.5.891~1-37628]:main():gmm-acc-mllt.cc:127) Written accs.
# Accounting: time=0 threads=1
# Ended (code 0) at Fri Mar 12 16:41:14 CET 2021, elapsed time 0 seconds
