# gmm-acc-stats-ali exp/tri2/6.mdl "ark,s,cs:apply-cmvn  --utt2spk=ark:data/train/split2/1/utt2spk scp:data/train/split2/1/cmvn.scp scp:data/train/split2/1/feats.scp ark:- | add-deltas  ark:- ark:- |" "ark,s,cs:gunzip -c exp/tri2/ali.1.gz|" exp/tri2/6.1.acc 
# Started at Fri Mar 12 17:44:41 CET 2021
#
gmm-acc-stats-ali exp/tri2/6.mdl 'ark,s,cs:apply-cmvn  --utt2spk=ark:data/train/split2/1/utt2spk scp:data/train/split2/1/cmvn.scp scp:data/train/split2/1/feats.scp ark:- | add-deltas  ark:- ark:- |' 'ark,s,cs:gunzip -c exp/tri2/ali.1.gz|' exp/tri2/6.1.acc 
apply-cmvn --utt2spk=ark:data/train/split2/1/utt2spk scp:data/train/split2/1/cmvn.scp scp:data/train/split2/1/feats.scp ark:- 
add-deltas ark:- ark:- 
WARNING (gmm-acc-stats-ali[5.5.891~1-37628]:main():gmm-acc-stats-ali.cc:79) No alignment for utterance 1016_locuteur1_1016
WARNING (gmm-acc-stats-ali[5.5.891~1-37628]:main():gmm-acc-stats-ali.cc:79) No alignment for utterance 1016_locuteur1_1029
WARNING (gmm-acc-stats-ali[5.5.891~1-37628]:main():gmm-acc-stats-ali.cc:79) No alignment for utterance 1016_locuteur1_1048
LOG (gmm-acc-stats-ali[5.5.891~1-37628]:main():gmm-acc-stats-ali.cc:105) Processed 50 utterances; for utterance 1016_locuteur1_1050 avg. like is -92.7676 over 12 frames.
WARNING (gmm-acc-stats-ali[5.5.891~1-37628]:main():gmm-acc-stats-ali.cc:79) No alignment for utterance 1016_locuteur1_106
WARNING (gmm-acc-stats-ali[5.5.891~1-37628]:main():gmm-acc-stats-ali.cc:79) No alignment for utterance 1016_locuteur1_107
WARNING (gmm-acc-stats-ali[5.5.891~1-37628]:main():gmm-acc-stats-ali.cc:79) No alignment for utterance 1016_locuteur1_1081
WARNING (gmm-acc-stats-ali[5.5.891~1-37628]:main():gmm-acc-stats-ali.cc:79) No alignment for utterance 1016_locuteur1_1094
LOG (gmm-acc-stats-ali[5.5.891~1-37628]:main():gmm-acc-stats-ali.cc:105) Processed 100 utterances; for utterance 1016_locuteur1_1116 avg. like is -90.5394 over 17 frames.
WARNING (gmm-acc-stats-ali[5.5.891~1-37628]:main():gmm-acc-stats-ali.cc:79) No alignment for utterance 1016_locuteur1_1141
LOG (gmm-acc-stats-ali[5.5.891~1-37628]:main():gmm-acc-stats-ali.cc:105) Processed 150 utterances; for utterance 1016_locuteur1_1166 avg. like is -94.9343 over 13 frames.
WARNING (gmm-acc-stats-ali[5.5.891~1-37628]:main():gmm-acc-stats-ali.cc:79) No alignment for utterance 1016_locuteur1_1196
LOG (gmm-acc-stats-ali[5.5.891~1-37628]:main():gmm-acc-stats-ali.cc:105) Processed 200 utterances; for utterance 1016_locuteur1_1219 avg. like is -94.4417 over 27 frames.
WARNING (gmm-acc-stats-ali[5.5.891~1-37628]:main():gmm-acc-stats-ali.cc:79) No alignment for utterance 1016_locuteur1_126
LOG (gmm-acc-stats-ali[5.5.891~1-37628]:main():gmm-acc-stats-ali.cc:105) Processed 250 utterances; for utterance 1016_locuteur1_1272 avg. like is -100.903 over 15 frames.
WARNING (gmm-acc-stats-ali[5.5.891~1-37628]:main():gmm-acc-stats-ali.cc:79) No alignment for utterance 1016_locuteur1_1274
WARNING (gmm-acc-stats-ali[5.5.891~1-37628]:main():gmm-acc-stats-ali.cc:79) No alignment for utterance 1016_locuteur1_130
LOG (gmm-acc-stats-ali[5.5.891~1-37628]:main():gmm-acc-stats-ali.cc:105) Processed 300 utterances; for utterance 1016_locuteur1_1334 avg. like is -97.4669 over 12 frames.
LOG (gmm-acc-stats-ali[5.5.891~1-37628]:main():gmm-acc-stats-ali.cc:105) Processed 350 utterances; for utterance 1016_locuteur1_1391 avg. like is -98.7413 over 24 frames.
WARNING (gmm-acc-stats-ali[5.5.891~1-37628]:main():gmm-acc-stats-ali.cc:79) No alignment for utterance 1016_locuteur1_146
WARNING (gmm-acc-stats-ali[5.5.891~1-37628]:main():gmm-acc-stats-ali.cc:79) No alignment for utterance 1016_locuteur1_157
LOG (gmm-acc-stats-ali[5.5.891~1-37628]:main():gmm-acc-stats-ali.cc:105) Processed 400 utterances; for utterance 1016_locuteur1_16 avg. like is -94.1774 over 13 frames.
WARNING (gmm-acc-stats-ali[5.5.891~1-37628]:main():gmm-acc-stats-ali.cc:79) No alignment for utterance 1016_locuteur1_163
WARNING (gmm-acc-stats-ali[5.5.891~1-37628]:main():gmm-acc-stats-ali.cc:79) No alignment for utterance 1016_locuteur1_164
WARNING (gmm-acc-stats-ali[5.5.891~1-37628]:main():gmm-acc-stats-ali.cc:79) No alignment for utterance 1016_locuteur1_168
WARNING (gmm-acc-stats-ali[5.5.891~1-37628]:main():gmm-acc-stats-ali.cc:79) No alignment for utterance 1016_locuteur1_175
WARNING (gmm-acc-stats-ali[5.5.891~1-37628]:main():gmm-acc-stats-ali.cc:79) No alignment for utterance 1016_locuteur1_182
WARNING (gmm-acc-stats-ali[5.5.891~1-37628]:main():gmm-acc-stats-ali.cc:79) No alignment for utterance 1016_locuteur1_183
WARNING (gmm-acc-stats-ali[5.5.891~1-37628]:main():gmm-acc-stats-ali.cc:79) No alignment for utterance 1016_locuteur1_204
LOG (gmm-acc-stats-ali[5.5.891~1-37628]:main():gmm-acc-stats-ali.cc:105) Processed 450 utterances; for utterance 1016_locuteur1_230 avg. like is -85.3075 over 6 frames.
WARNING (gmm-acc-stats-ali[5.5.891~1-37628]:main():gmm-acc-stats-ali.cc:79) No alignment for utterance 1016_locuteur1_241
WARNING (gmm-acc-stats-ali[5.5.891~1-37628]:main():gmm-acc-stats-ali.cc:79) No alignment for utterance 1016_locuteur1_264
WARNING (gmm-acc-stats-ali[5.5.891~1-37628]:main():gmm-acc-stats-ali.cc:79) No alignment for utterance 1016_locuteur1_27
LOG (gmm-acc-stats-ali[5.5.891~1-37628]:main():gmm-acc-stats-ali.cc:105) Processed 500 utterances; for utterance 1016_locuteur1_286 avg. like is -89.4707 over 32 frames.
WARNING (gmm-acc-stats-ali[5.5.891~1-37628]:main():gmm-acc-stats-ali.cc:79) No alignment for utterance 1016_locuteur1_317
LOG (gmm-acc-stats-ali[5.5.891~1-37628]:main():gmm-acc-stats-ali.cc:105) Processed 550 utterances; for utterance 1016_locuteur1_338 avg. like is -82.4011 over 34 frames.
WARNING (gmm-acc-stats-ali[5.5.891~1-37628]:main():gmm-acc-stats-ali.cc:79) No alignment for utterance 1016_locuteur1_355
LOG (gmm-acc-stats-ali[5.5.891~1-37628]:main():gmm-acc-stats-ali.cc:105) Processed 600 utterances; for utterance 1016_locuteur1_393 avg. like is -94.6895 over 20 frames.
WARNING (gmm-acc-stats-ali[5.5.891~1-37628]:main():gmm-acc-stats-ali.cc:79) No alignment for utterance 1016_locuteur1_431
WARNING (gmm-acc-stats-ali[5.5.891~1-37628]:main():gmm-acc-stats-ali.cc:79) No alignment for utterance 1016_locuteur1_435
LOG (gmm-acc-stats-ali[5.5.891~1-37628]:main():gmm-acc-stats-ali.cc:105) Processed 650 utterances; for utterance 1016_locuteur1_442 avg. like is -94.6731 over 9 frames.
WARNING (gmm-acc-stats-ali[5.5.891~1-37628]:main():gmm-acc-stats-ali.cc:79) No alignment for utterance 1016_locuteur1_465
LOG (gmm-acc-stats-ali[5.5.891~1-37628]:main():gmm-acc-stats-ali.cc:105) Processed 700 utterances; for utterance 1016_locuteur1_5 avg. like is -84.8802 over 36 frames.
WARNING (gmm-acc-stats-ali[5.5.891~1-37628]:main():gmm-acc-stats-ali.cc:79) No alignment for utterance 1016_locuteur1_540
LOG (gmm-acc-stats-ali[5.5.891~1-37628]:main():gmm-acc-stats-ali.cc:105) Processed 750 utterances; for utterance 1016_locuteur1_557 avg. like is -81.6878 over 31 frames.
WARNING (gmm-acc-stats-ali[5.5.891~1-37628]:main():gmm-acc-stats-ali.cc:79) No alignment for utterance 1016_locuteur1_56
WARNING (gmm-acc-stats-ali[5.5.891~1-37628]:main():gmm-acc-stats-ali.cc:79) No alignment for utterance 1016_locuteur1_606
LOG (gmm-acc-stats-ali[5.5.891~1-37628]:main():gmm-acc-stats-ali.cc:105) Processed 800 utterances; for utterance 1016_locuteur1_608 avg. like is -84.4146 over 5 frames.
WARNING (gmm-acc-stats-ali[5.5.891~1-37628]:main():gmm-acc-stats-ali.cc:79) No alignment for utterance 1016_locuteur1_61
LOG (gmm-acc-stats-ali[5.5.891~1-37628]:main():gmm-acc-stats-ali.cc:105) Processed 850 utterances; for utterance 1016_locuteur1_657 avg. like is -88.6685 over 61 frames.
WARNING (gmm-acc-stats-ali[5.5.891~1-37628]:main():gmm-acc-stats-ali.cc:79) No alignment for utterance 1016_locuteur1_664
WARNING (gmm-acc-stats-ali[5.5.891~1-37628]:main():gmm-acc-stats-ali.cc:79) No alignment for utterance 1016_locuteur1_674
LOG (gmm-acc-stats-ali[5.5.891~1-37628]:main():gmm-acc-stats-ali.cc:105) Processed 900 utterances; for utterance 1016_locuteur1_709 avg. like is -88.2549 over 7 frames.
LOG (gmm-acc-stats-ali[5.5.891~1-37628]:main():gmm-acc-stats-ali.cc:105) Processed 950 utterances; for utterance 1016_locuteur1_780 avg. like is -95.8545 over 22 frames.
WARNING (gmm-acc-stats-ali[5.5.891~1-37628]:main():gmm-acc-stats-ali.cc:79) No alignment for utterance 1016_locuteur1_781
LOG (gmm-acc-stats-ali[5.5.891~1-37628]:main():gmm-acc-stats-ali.cc:105) Processed 1000 utterances; for utterance 1016_locuteur1_835 avg. like is -95.7941 over 14 frames.
WARNING (gmm-acc-stats-ali[5.5.891~1-37628]:main():gmm-acc-stats-ali.cc:79) No alignment for utterance 1016_locuteur1_877
LOG (gmm-acc-stats-ali[5.5.891~1-37628]:main():gmm-acc-stats-ali.cc:105) Processed 1050 utterances; for utterance 1016_locuteur1_887 avg. like is -91.3947 over 13 frames.
WARNING (gmm-acc-stats-ali[5.5.891~1-37628]:main():gmm-acc-stats-ali.cc:79) No alignment for utterance 1016_locuteur1_89
LOG (gmm-acc-stats-ali[5.5.891~1-37628]:main():gmm-acc-stats-ali.cc:105) Processed 1100 utterances; for utterance 1016_locuteur1_953 avg. like is -99.909 over 17 frames.
WARNING (gmm-acc-stats-ali[5.5.891~1-37628]:main():gmm-acc-stats-ali.cc:79) No alignment for utterance 1016_locuteur1_98
WARNING (gmm-acc-stats-ali[5.5.891~1-37628]:main():gmm-acc-stats-ali.cc:79) No alignment for utterance 1016_locuteur1_999
WARNING (gmm-acc-stats-ali[5.5.891~1-37628]:main():gmm-acc-stats-ali.cc:79) No alignment for utterance 1016_locuteur2_102
WARNING (gmm-acc-stats-ali[5.5.891~1-37628]:main():gmm-acc-stats-ali.cc:79) No alignment for utterance 1016_locuteur2_108
LOG (gmm-acc-stats-ali[5.5.891~1-37628]:main():gmm-acc-stats-ali.cc:105) Processed 1150 utterances; for utterance 1016_locuteur2_112 avg. like is -99.4281 over 17 frames.
WARNING (gmm-acc-stats-ali[5.5.891~1-37628]:main():gmm-acc-stats-ali.cc:79) No alignment for utterance 1016_locuteur2_172
WARNING (gmm-acc-stats-ali[5.5.891~1-37628]:main():gmm-acc-stats-ali.cc:79) No alignment for utterance 1016_locuteur2_175
LOG (gmm-acc-stats-ali[5.5.891~1-37628]:main():gmm-acc-stats-ali.cc:105) Processed 1200 utterances; for utterance 1016_locuteur2_179 avg. like is -97.4772 over 14 frames.
WARNING (gmm-acc-stats-ali[5.5.891~1-37628]:main():gmm-acc-stats-ali.cc:79) No alignment for utterance 1016_locuteur2_218
LOG (gmm-acc-stats-ali[5.5.891~1-37628]:main():gmm-acc-stats-ali.cc:105) Processed 1250 utterances; for utterance 1016_locuteur2_245 avg. like is -90.6082 over 71 frames.
WARNING (gmm-acc-stats-ali[5.5.891~1-37628]:main():gmm-acc-stats-ali.cc:79) No alignment for utterance 1016_locuteur2_272
WARNING (gmm-acc-stats-ali[5.5.891~1-37628]:main():gmm-acc-stats-ali.cc:79) No alignment for utterance 1016_locuteur2_280
LOG (gmm-acc-stats-ali[5.5.891~1-37628]:main():gmm-acc-stats-ali.cc:105) Processed 1300 utterances; for utterance 1016_locuteur2_312 avg. like is -91.4851 over 68 frames.
WARNING (gmm-acc-stats-ali[5.5.891~1-37628]:main():gmm-acc-stats-ali.cc:79) No alignment for utterance 1016_locuteur2_355
LOG (gmm-acc-stats-ali[5.5.891~1-37628]:main():gmm-acc-stats-ali.cc:105) Processed 1350 utterances; for utterance 1016_locuteur2_368 avg. like is -97.9354 over 11 frames.
WARNING (gmm-acc-stats-ali[5.5.891~1-37628]:main():gmm-acc-stats-ali.cc:79) No alignment for utterance 1016_locuteur2_374
WARNING (gmm-acc-stats-ali[5.5.891~1-37628]:main():gmm-acc-stats-ali.cc:79) No alignment for utterance 1016_locuteur2_388
LOG (gmm-acc-stats-ali[5.5.891~1-37628]:main():gmm-acc-stats-ali.cc:105) Processed 1400 utterances; for utterance 1016_locuteur2_428 avg. like is -89.7629 over 45 frames.
WARNING (gmm-acc-stats-ali[5.5.891~1-37628]:main():gmm-acc-stats-ali.cc:79) No alignment for utterance 1016_locuteur2_448
WARNING (gmm-acc-stats-ali[5.5.891~1-37628]:main():gmm-acc-stats-ali.cc:79) No alignment for utterance 1016_locuteur2_482
LOG (gmm-acc-stats-ali[5.5.891~1-37628]:main():gmm-acc-stats-ali.cc:105) Processed 1450 utterances; for utterance 1016_locuteur2_496 avg. like is -103.012 over 14 frames.
WARNING (gmm-acc-stats-ali[5.5.891~1-37628]:main():gmm-acc-stats-ali.cc:79) No alignment for utterance 1016_locuteur2_517
WARNING (gmm-acc-stats-ali[5.5.891~1-37628]:main():gmm-acc-stats-ali.cc:79) No alignment for utterance 1016_locuteur2_52
LOG (gmm-acc-stats-ali[5.5.891~1-37628]:main():gmm-acc-stats-ali.cc:105) Processed 1500 utterances; for utterance 1016_locuteur2_555 avg. like is -91.0253 over 58 frames.
LOG (gmm-acc-stats-ali[5.5.891~1-37628]:main():gmm-acc-stats-ali.cc:105) Processed 1550 utterances; for utterance 1016_locuteur2_619 avg. like is -90.2968 over 5 frames.
WARNING (gmm-acc-stats-ali[5.5.891~1-37628]:main():gmm-acc-stats-ali.cc:79) No alignment for utterance 1016_locuteur2_664
LOG (gmm-acc-stats-ali[5.5.891~1-37628]:main():gmm-acc-stats-ali.cc:105) Processed 1600 utterances; for utterance 1016_locuteur2_698 avg. like is -103.999 over 10 frames.
WARNING (gmm-acc-stats-ali[5.5.891~1-37628]:main():gmm-acc-stats-ali.cc:79) No alignment for utterance 1016_locuteur2_703
WARNING (gmm-acc-stats-ali[5.5.891~1-37628]:main():gmm-acc-stats-ali.cc:79) No alignment for utterance 1016_locuteur2_722
WARNING (gmm-acc-stats-ali[5.5.891~1-37628]:main():gmm-acc-stats-ali.cc:79) No alignment for utterance 1016_locuteur2_723
WARNING (gmm-acc-stats-ali[5.5.891~1-37628]:main():gmm-acc-stats-ali.cc:79) No alignment for utterance 1016_locuteur2_762
LOG (gmm-acc-stats-ali[5.5.891~1-37628]:main():gmm-acc-stats-ali.cc:105) Processed 1650 utterances; for utterance 1016_locuteur2_766 avg. like is -88.5314 over 24 frames.
LOG (gmm-acc-stats-ali[5.5.891~1-37628]:main():gmm-acc-stats-ali.cc:105) Processed 1700 utterances; for utterance 1016_locuteur2_822 avg. like is -87.7828 over 13 frames.
LOG (gmm-acc-stats-ali[5.5.891~1-37628]:main():gmm-acc-stats-ali.cc:105) Processed 1750 utterances; for utterance 1022_130 avg. like is -83.1081 over 37 frames.
WARNING (gmm-acc-stats-ali[5.5.891~1-37628]:main():gmm-acc-stats-ali.cc:79) No alignment for utterance 1022_163
WARNING (gmm-acc-stats-ali[5.5.891~1-37628]:main():gmm-acc-stats-ali.cc:79) No alignment for utterance 1022_172
LOG (gmm-acc-stats-ali[5.5.891~1-37628]:main():gmm-acc-stats-ali.cc:105) Processed 1800 utterances; for utterance 1022_185 avg. like is -93.1463 over 45 frames.
WARNING (gmm-acc-stats-ali[5.5.891~1-37628]:main():gmm-acc-stats-ali.cc:79) No alignment for utterance 1022_238
LOG (gmm-acc-stats-ali[5.5.891~1-37628]:main():gmm-acc-stats-ali.cc:105) Processed 1850 utterances; for utterance 1022_241 avg. like is -106.949 over 13 frames.
WARNING (gmm-acc-stats-ali[5.5.891~1-37628]:main():gmm-acc-stats-ali.cc:79) No alignment for utterance 1022_262
LOG (gmm-acc-stats-ali[5.5.891~1-37628]:main():gmm-acc-stats-ali.cc:105) Processed 1900 utterances; for utterance 1022_299 avg. like is -86.8012 over 58 frames.
WARNING (gmm-acc-stats-ali[5.5.891~1-37628]:main():gmm-acc-stats-ali.cc:79) No alignment for utterance 1022_308
WARNING (gmm-acc-stats-ali[5.5.891~1-37628]:main():gmm-acc-stats-ali.cc:79) No alignment for utterance 1022_346
LOG (gmm-acc-stats-ali[5.5.891~1-37628]:main():gmm-acc-stats-ali.cc:105) Processed 1950 utterances; for utterance 1022_355 avg. like is -73.183 over 4 frames.
LOG (gmm-acc-stats-ali[5.5.891~1-37628]:main():gmm-acc-stats-ali.cc:105) Processed 2000 utterances; for utterance 1022_82 avg. like is -98.7956 over 12 frames.
LOG (gmm-acc-stats-ali[5.5.891~1-37628]:main():gmm-acc-stats-ali.cc:105) Processed 2050 utterances; for utterance 1023_109 avg. like is -90.4166 over 63 frames.
WARNING (gmm-acc-stats-ali[5.5.891~1-37628]:main():gmm-acc-stats-ali.cc:79) No alignment for utterance 1023_168
LOG (gmm-acc-stats-ali[5.5.891~1-37628]:main():gmm-acc-stats-ali.cc:105) Processed 2100 utterances; for utterance 1023_169 avg. like is -99.7921 over 32 frames.
LOG (gmm-acc-stats-ali[5.5.891~1-37628]:main():gmm-acc-stats-ali.cc:105) Processed 2150 utterances; for utterance 1023_223 avg. like is -87.7956 over 12 frames.
WARNING (gmm-acc-stats-ali[5.5.891~1-37628]:main():gmm-acc-stats-ali.cc:79) No alignment for utterance 1023_241
WARNING (gmm-acc-stats-ali[5.5.891~1-37628]:main():gmm-acc-stats-ali.cc:79) No alignment for utterance 1023_255
WARNING (gmm-acc-stats-ali[5.5.891~1-37628]:main():gmm-acc-stats-ali.cc:79) No alignment for utterance 1023_275
LOG (gmm-acc-stats-ali[5.5.891~1-37628]:main():gmm-acc-stats-ali.cc:105) Processed 2200 utterances; for utterance 1023_284 avg. like is -95.3472 over 9 frames.
WARNING (gmm-acc-stats-ali[5.5.891~1-37628]:main():gmm-acc-stats-ali.cc:79) No alignment for utterance 1023_294
LOG (gmm-acc-stats-ali[5.5.891~1-37628]:main():gmm-acc-stats-ali.cc:105) Processed 2250 utterances; for utterance 1023_340 avg. like is -88.7502 over 36 frames.
LOG (gmm-acc-stats-ali[5.5.891~1-37628]:main():gmm-acc-stats-ali.cc:105) Processed 2300 utterances; for utterance 1023_400 avg. like is -88.528 over 81 frames.
LOG (gmm-acc-stats-ali[5.5.891~1-37628]:main():gmm-acc-stats-ali.cc:105) Processed 2350 utterances; for utterance 1023_464 avg. like is -95.6993 over 7 frames.
WARNING (gmm-acc-stats-ali[5.5.891~1-37628]:main():gmm-acc-stats-ali.cc:79) No alignment for utterance 1023_473
LOG (gmm-acc-stats-ali[5.5.891~1-37628]:main():gmm-acc-stats-ali.cc:105) Processed 2400 utterances; for utterance 1023_518 avg. like is -90.073 over 6 frames.
WARNING (gmm-acc-stats-ali[5.5.891~1-37628]:main():gmm-acc-stats-ali.cc:79) No alignment for utterance 1023_572
LOG (gmm-acc-stats-ali[5.5.891~1-37628]:main():gmm-acc-stats-ali.cc:105) Processed 2450 utterances; for utterance 1023_577 avg. like is -98.5304 over 26 frames.
LOG (gmm-acc-stats-ali[5.5.891~1-37628]:main():gmm-acc-stats-ali.cc:105) Processed 2500 utterances; for utterance 1023_632 avg. like is -93.033 over 61 frames.
WARNING (gmm-acc-stats-ali[5.5.891~1-37628]:main():gmm-acc-stats-ali.cc:79) No alignment for utterance 1023_638
WARNING (gmm-acc-stats-ali[5.5.891~1-37628]:main():gmm-acc-stats-ali.cc:79) No alignment for utterance 1023_657
WARNING (gmm-acc-stats-ali[5.5.891~1-37628]:main():gmm-acc-stats-ali.cc:79) No alignment for utterance 1023_665
LOG (gmm-acc-stats-ali[5.5.891~1-37628]:main():gmm-acc-stats-ali.cc:105) Processed 2550 utterances; for utterance 1023_691 avg. like is -100.846 over 15 frames.
LOG (gmm-acc-stats-ali[5.5.891~1-37628]:main():gmm-acc-stats-ali.cc:105) Processed 2600 utterances; for utterance 1023_744 avg. like is -95.4936 over 6 frames.
WARNING (gmm-acc-stats-ali[5.5.891~1-37628]:main():gmm-acc-stats-ali.cc:79) No alignment for utterance 1023_758
WARNING (gmm-acc-stats-ali[5.5.891~1-37628]:main():gmm-acc-stats-ali.cc:79) No alignment for utterance 1023_767
WARNING (gmm-acc-stats-ali[5.5.891~1-37628]:main():gmm-acc-stats-ali.cc:79) No alignment for utterance 1023_779
WARNING (gmm-acc-stats-ali[5.5.891~1-37628]:main():gmm-acc-stats-ali.cc:79) No alignment for utterance 1023_794
LOG (gmm-acc-stats-ali[5.5.891~1-37628]:main():gmm-acc-stats-ali.cc:105) Processed 2650 utterances; for utterance 1023_806 avg. like is -104.824 over 13 frames.
WARNING (gmm-acc-stats-ali[5.5.891~1-37628]:main():gmm-acc-stats-ali.cc:79) No alignment for utterance 1023_811
WARNING (gmm-acc-stats-ali[5.5.891~1-37628]:main():gmm-acc-stats-ali.cc:79) No alignment for utterance 1023_820
WARNING (gmm-acc-stats-ali[5.5.891~1-37628]:main():gmm-acc-stats-ali.cc:79) No alignment for utterance 1023_847
WARNING (gmm-acc-stats-ali[5.5.891~1-37628]:main():gmm-acc-stats-ali.cc:79) No alignment for utterance 1023_853
WARNING (gmm-acc-stats-ali[5.5.891~1-37628]:main():gmm-acc-stats-ali.cc:79) No alignment for utterance 1023_854
WARNING (gmm-acc-stats-ali[5.5.891~1-37628]:main():gmm-acc-stats-ali.cc:79) No alignment for utterance 1023_859
LOG (gmm-acc-stats-ali[5.5.891~1-37628]:main():gmm-acc-stats-ali.cc:105) Processed 2700 utterances; for utterance 1023_868 avg. like is -91.3706 over 15 frames.
WARNING (gmm-acc-stats-ali[5.5.891~1-37628]:main():gmm-acc-stats-ali.cc:79) No alignment for utterance 1023_912
WARNING (gmm-acc-stats-ali[5.5.891~1-37628]:main():gmm-acc-stats-ali.cc:79) No alignment for utterance 1023_918
LOG (gmm-acc-stats-ali[5.5.891~1-37628]:main():gmm-acc-stats-ali.cc:105) Processed 2750 utterances; for utterance 1023_920 avg. like is -88.8621 over 44 frames.
WARNING (gmm-acc-stats-ali[5.5.891~1-37628]:main():gmm-acc-stats-ali.cc:79) No alignment for utterance 1023_951
WARNING (gmm-acc-stats-ali[5.5.891~1-37628]:main():gmm-acc-stats-ali.cc:79) No alignment for utterance 1023_968
LOG (gmm-acc-stats-ali[5.5.891~1-37628]:main():gmm-acc-stats-ali.cc:105) Processed 2800 utterances; for utterance 1023_979 avg. like is -91.7553 over 36 frames.
WARNING (gmm-acc-stats-ali[5.5.891~1-37628]:main():gmm-acc-stats-ali.cc:79) No alignment for utterance 1023_980
WARNING (gmm-acc-stats-ali[5.5.891~1-37628]:main():gmm-acc-stats-ali.cc:79) No alignment for utterance 1023_994
LOG (gmm-acc-stats-ali[5.5.891~1-37628]:main():gmm-acc-stats-ali.cc:105) Processed 2850 utterances; for utterance 1024_137 avg. like is -88.2068 over 62 frames.
WARNING (gmm-acc-stats-ali[5.5.891~1-37628]:main():gmm-acc-stats-ali.cc:79) No alignment for utterance 1024_181
WARNING (gmm-acc-stats-ali[5.5.891~1-37628]:main():gmm-acc-stats-ali.cc:79) No alignment for utterance 1024_184
LOG (gmm-acc-stats-ali[5.5.891~1-37628]:main():gmm-acc-stats-ali.cc:105) Processed 2900 utterances; for utterance 1024_196 avg. like is -82.3722 over 36 frames.
WARNING (gmm-acc-stats-ali[5.5.891~1-37628]:main():gmm-acc-stats-ali.cc:79) No alignment for utterance 1024_237
LOG (gmm-acc-stats-ali[5.5.891~1-37628]:main():gmm-acc-stats-ali.cc:105) Processed 2950 utterances; for utterance 1024_249 avg. like is -88.6979 over 76 frames.
WARNING (gmm-acc-stats-ali[5.5.891~1-37628]:main():gmm-acc-stats-ali.cc:79) No alignment for utterance 1024_303
LOG (gmm-acc-stats-ali[5.5.891~1-37628]:main():gmm-acc-stats-ali.cc:105) Processed 3000 utterances; for utterance 1024_304 avg. like is -97.4435 over 12 frames.
WARNING (gmm-acc-stats-ali[5.5.891~1-37628]:main():gmm-acc-stats-ali.cc:79) No alignment for utterance 1024_323
WARNING (gmm-acc-stats-ali[5.5.891~1-37628]:main():gmm-acc-stats-ali.cc:79) No alignment for utterance 1024_341
LOG (gmm-acc-stats-ali[5.5.891~1-37628]:main():gmm-acc-stats-ali.cc:105) Processed 3050 utterances; for utterance 1024_36 avg. like is -83.8328 over 9 frames.
WARNING (gmm-acc-stats-ali[5.5.891~1-37628]:main():gmm-acc-stats-ali.cc:79) No alignment for utterance 1024_375
LOG (gmm-acc-stats-ali[5.5.891~1-37628]:main():gmm-acc-stats-ali.cc:105) Processed 3100 utterances; for utterance 1024_418 avg. like is -91.4888 over 53 frames.
WARNING (gmm-acc-stats-ali[5.5.891~1-37628]:main():gmm-acc-stats-ali.cc:79) No alignment for utterance 1024_460
LOG (gmm-acc-stats-ali[5.5.891~1-37628]:main():gmm-acc-stats-ali.cc:105) Processed 3150 utterances; for utterance 1024_472 avg. like is -93.8418 over 10 frames.
LOG (gmm-acc-stats-ali[5.5.891~1-37628]:main():gmm-acc-stats-ali.cc:105) Processed 3200 utterances; for utterance 1024_525 avg. like is -90.4674 over 22 frames.
WARNING (gmm-acc-stats-ali[5.5.891~1-37628]:main():gmm-acc-stats-ali.cc:79) No alignment for utterance 1024_543
WARNING (gmm-acc-stats-ali[5.5.891~1-37628]:main():gmm-acc-stats-ali.cc:79) No alignment for utterance 1024_566
LOG (gmm-acc-stats-ali[5.5.891~1-37628]:main():gmm-acc-stats-ali.cc:105) Processed 3250 utterances; for utterance 1024_584 avg. like is -94.4146 over 27 frames.
WARNING (gmm-acc-stats-ali[5.5.891~1-37628]:main():gmm-acc-stats-ali.cc:79) No alignment for utterance 1024_618
LOG (gmm-acc-stats-ali[5.5.891~1-37628]:main():gmm-acc-stats-ali.cc:105) Processed 3300 utterances; for utterance 1024_635 avg. like is -91.8894 over 31 frames.
WARNING (gmm-acc-stats-ali[5.5.891~1-37628]:main():gmm-acc-stats-ali.cc:79) No alignment for utterance 1024_667
WARNING (gmm-acc-stats-ali[5.5.891~1-37628]:main():gmm-acc-stats-ali.cc:79) No alignment for utterance 1024_674
LOG (gmm-acc-stats-ali[5.5.891~1-37628]:main():gmm-acc-stats-ali.cc:105) Processed 3350 utterances; for utterance 1024_694 avg. like is -102.315 over 81 frames.
WARNING (gmm-acc-stats-ali[5.5.891~1-37628]:main():gmm-acc-stats-ali.cc:79) No alignment for utterance 1024_89
LOG (gmm-acc-stats-ali[5.5.891~1-37628]:main():gmm-acc-stats-ali.cc:105) Processed 3400 utterances; for utterance 1028_1003 avg. like is -90.9524 over 34 frames.
LOG (gmm-acc-stats-ali[5.5.891~1-37628]:main():gmm-acc-stats-ali.cc:105) Processed 3450 utterances; for utterance 1028_1054 avg. like is -88.1481 over 41 frames.
WARNING (gmm-acc-stats-ali[5.5.891~1-37628]:main():gmm-acc-stats-ali.cc:79) No alignment for utterance 1028_1104
LOG (gmm-acc-stats-ali[5.5.891~1-37628]:main():gmm-acc-stats-ali.cc:105) Processed 3500 utterances; for utterance 1028_1107 avg. like is -80.693 over 24 frames.
LOG (gmm-acc-stats-ali[5.5.891~1-37628]:main():gmm-acc-stats-ali.cc:105) Processed 3550 utterances; for utterance 1028_116 avg. like is -85.129 over 7 frames.
WARNING (gmm-acc-stats-ali[5.5.891~1-37628]:main():gmm-acc-stats-ali.cc:79) No alignment for utterance 1028_1162
WARNING (gmm-acc-stats-ali[5.5.891~1-37628]:main():gmm-acc-stats-ali.cc:79) No alignment for utterance 1028_1172
LOG (gmm-acc-stats-ali[5.5.891~1-37628]:main():gmm-acc-stats-ali.cc:105) Processed 3600 utterances; for utterance 1028_1212 avg. like is -84.1779 over 37 frames.
LOG (gmm-acc-stats-ali[5.5.891~1-37628]:main():gmm-acc-stats-ali.cc:105) Processed 3650 utterances; for utterance 1028_1266 avg. like is -90.3466 over 19 frames.
WARNING (gmm-acc-stats-ali[5.5.891~1-37628]:main():gmm-acc-stats-ali.cc:79) No alignment for utterance 1028_1297
LOG (gmm-acc-stats-ali[5.5.891~1-37628]:main():gmm-acc-stats-ali.cc:105) Processed 3700 utterances; for utterance 1028_1319 avg. like is -83.5426 over 54 frames.
WARNING (gmm-acc-stats-ali[5.5.891~1-37628]:main():gmm-acc-stats-ali.cc:79) No alignment for utterance 1028_1328
WARNING (gmm-acc-stats-ali[5.5.891~1-37628]:main():gmm-acc-stats-ali.cc:79) No alignment for utterance 1028_1351
LOG (gmm-acc-stats-ali[5.5.891~1-37628]:main():gmm-acc-stats-ali.cc:105) Processed 3750 utterances; for utterance 1028_1373 avg. like is -99.2719 over 27 frames.
WARNING (gmm-acc-stats-ali[5.5.891~1-37628]:main():gmm-acc-stats-ali.cc:79) No alignment for utterance 1028_1407
WARNING (gmm-acc-stats-ali[5.5.891~1-37628]:main():gmm-acc-stats-ali.cc:79) No alignment for utterance 1028_1411
LOG (gmm-acc-stats-ali[5.5.891~1-37628]:main():gmm-acc-stats-ali.cc:105) Processed 3800 utterances; for utterance 1028_1428 avg. like is -92.0051 over 23 frames.
WARNING (gmm-acc-stats-ali[5.5.891~1-37628]:main():gmm-acc-stats-ali.cc:79) No alignment for utterance 1028_145
WARNING (gmm-acc-stats-ali[5.5.891~1-37628]:main():gmm-acc-stats-ali.cc:79) No alignment for utterance 1028_1468
LOG (gmm-acc-stats-ali[5.5.891~1-37628]:main():gmm-acc-stats-ali.cc:105) Processed 3850 utterances; for utterance 1028_1479 avg. like is -67.5505 over 52 frames.
WARNING (gmm-acc-stats-ali[5.5.891~1-37628]:main():gmm-acc-stats-ali.cc:79) No alignment for utterance 1028_1529
WARNING (gmm-acc-stats-ali[5.5.891~1-37628]:main():gmm-acc-stats-ali.cc:79) No alignment for utterance 1028_153
LOG (gmm-acc-stats-ali[5.5.891~1-37628]:main():gmm-acc-stats-ali.cc:105) Processed 3900 utterances; for utterance 1028_1531 avg. like is -95.711 over 21 frames.
WARNING (gmm-acc-stats-ali[5.5.891~1-37628]:main():gmm-acc-stats-ali.cc:79) No alignment for utterance 1028_1575
LOG (gmm-acc-stats-ali[5.5.891~1-37628]:main():gmm-acc-stats-ali.cc:105) Processed 3950 utterances; for utterance 1028_1584 avg. like is -89.683 over 19 frames.
WARNING (gmm-acc-stats-ali[5.5.891~1-37628]:main():gmm-acc-stats-ali.cc:79) No alignment for utterance 1028_1605
WARNING (gmm-acc-stats-ali[5.5.891~1-37628]:main():gmm-acc-stats-ali.cc:79) No alignment for utterance 1028_1617
LOG (gmm-acc-stats-ali[5.5.891~1-37628]:main():gmm-acc-stats-ali.cc:105) Processed 4000 utterances; for utterance 1028_1638 avg. like is -86.7582 over 44 frames.
LOG (gmm-acc-stats-ali[5.5.891~1-37628]:main():gmm-acc-stats-ali.cc:105) Processed 4050 utterances; for utterance 1028_1689 avg. like is -99.8631 over 22 frames.
LOG (gmm-acc-stats-ali[5.5.891~1-37628]:main():gmm-acc-stats-ali.cc:105) Processed 4100 utterances; for utterance 1028_1739 avg. like is -94.6019 over 19 frames.
WARNING (gmm-acc-stats-ali[5.5.891~1-37628]:main():gmm-acc-stats-ali.cc:79) No alignment for utterance 1028_1757
WARNING (gmm-acc-stats-ali[5.5.891~1-37628]:main():gmm-acc-stats-ali.cc:79) No alignment for utterance 1028_1763
LOG (gmm-acc-stats-ali[5.5.891~1-37628]:main():gmm-acc-stats-ali.cc:105) Processed 4150 utterances; for utterance 1028_1792 avg. like is -87.1974 over 16 frames.
LOG (gmm-acc-stats-ali[5.5.891~1-37628]:main():gmm-acc-stats-ali.cc:105) Processed 4200 utterances; for utterance 1028_1840 avg. like is -81.8242 over 11 frames.
WARNING (gmm-acc-stats-ali[5.5.891~1-37628]:main():gmm-acc-stats-ali.cc:79) No alignment for utterance 1028_1886
LOG (gmm-acc-stats-ali[5.5.891~1-37628]:main():gmm-acc-stats-ali.cc:105) Processed 4250 utterances; for utterance 1028_1892 avg. like is -97.3175 over 16 frames.
LOG (gmm-acc-stats-ali[5.5.891~1-37628]:main():gmm-acc-stats-ali.cc:105) Processed 4300 utterances; for utterance 1028_1940 avg. like is -73.7146 over 23 frames.
WARNING (gmm-acc-stats-ali[5.5.891~1-37628]:main():gmm-acc-stats-ali.cc:79) No alignment for utterance 1028_1945
LOG (gmm-acc-stats-ali[5.5.891~1-37628]:main():gmm-acc-stats-ali.cc:105) Processed 4350 utterances; for utterance 1028_1991 avg. like is -93.4187 over 50 frames.
LOG (gmm-acc-stats-ali[5.5.891~1-37628]:main():gmm-acc-stats-ali.cc:105) Processed 4400 utterances; for utterance 1028_2041 avg. like is -90.0508 over 27 frames.
WARNING (gmm-acc-stats-ali[5.5.891~1-37628]:main():gmm-acc-stats-ali.cc:79) No alignment for utterance 1028_2070
WARNING (gmm-acc-stats-ali[5.5.891~1-37628]:main():gmm-acc-stats-ali.cc:79) No alignment for utterance 1028_2076
LOG (gmm-acc-stats-ali[5.5.891~1-37628]:main():gmm-acc-stats-ali.cc:105) Processed 4450 utterances; for utterance 1028_2093 avg. like is -83.2859 over 15 frames.
WARNING (gmm-acc-stats-ali[5.5.891~1-37628]:main():gmm-acc-stats-ali.cc:79) No alignment for utterance 1028_2113
LOG (gmm-acc-stats-ali[5.5.891~1-37628]:main():gmm-acc-stats-ali.cc:105) Processed 4500 utterances; for utterance 1028_2146 avg. like is -90.846 over 54 frames.
LOG (gmm-acc-stats-ali[5.5.891~1-37628]:main():gmm-acc-stats-ali.cc:105) Processed 4550 utterances; for utterance 1028_2196 avg. like is -94.3002 over 11 frames.
LOG (gmm-acc-stats-ali[5.5.891~1-37628]:main():gmm-acc-stats-ali.cc:105) Processed 4600 utterances; for utterance 1028_2249 avg. like is -99.2907 over 57 frames.
LOG (gmm-acc-stats-ali[5.5.891~1-37628]:main():gmm-acc-stats-ali.cc:105) Processed 4650 utterances; for utterance 1028_2300 avg. like is -96.2979 over 58 frames.
LOG (gmm-acc-stats-ali[5.5.891~1-37628]:main():gmm-acc-stats-ali.cc:105) Processed 4700 utterances; for utterance 1028_235 avg. like is -82.1265 over 36 frames.
WARNING (gmm-acc-stats-ali[5.5.891~1-37628]:main():gmm-acc-stats-ali.cc:79) No alignment for utterance 1028_2352
WARNING (gmm-acc-stats-ali[5.5.891~1-37628]:main():gmm-acc-stats-ali.cc:79) No alignment for utterance 1028_2365
WARNING (gmm-acc-stats-ali[5.5.891~1-37628]:main():gmm-acc-stats-ali.cc:79) No alignment for utterance 1028_2399
LOG (gmm-acc-stats-ali[5.5.891~1-37628]:main():gmm-acc-stats-ali.cc:105) Processed 4750 utterances; for utterance 1028_2403 avg. like is -97.1423 over 32 frames.
LOG (gmm-acc-stats-ali[5.5.891~1-37628]:main():gmm-acc-stats-ali.cc:105) Processed 4800 utterances; for utterance 1028_2452 avg. like is -75.5403 over 80 frames.
LOG (gmm-acc-stats-ali[5.5.891~1-37628]:main():gmm-acc-stats-ali.cc:105) Processed 4850 utterances; for utterance 1028_2503 avg. like is -84.0959 over 26 frames.
LOG (gmm-acc-stats-ali[5.5.891~1-37628]:main():gmm-acc-stats-ali.cc:105) Processed 4900 utterances; for utterance 1028_2555 avg. like is -88.5036 over 13 frames.
LOG (gmm-acc-stats-ali[5.5.891~1-37628]:main():gmm-acc-stats-ali.cc:105) Processed 4950 utterances; for utterance 1028_2607 avg. like is -95.5247 over 50 frames.
LOG (gmm-acc-stats-ali[5.5.891~1-37628]:main():gmm-acc-stats-ali.cc:105) Processed 5000 utterances; for utterance 1028_2660 avg. like is -101.295 over 8 frames.
LOG (gmm-acc-stats-ali[5.5.891~1-37628]:main():gmm-acc-stats-ali.cc:105) Processed 5050 utterances; for utterance 1028_271 avg. like is -73.4832 over 68 frames.
LOG (gmm-acc-stats-ali[5.5.891~1-37628]:main():gmm-acc-stats-ali.cc:105) Processed 5100 utterances; for utterance 1028_276 avg. like is -99.1957 over 34 frames.
LOG (gmm-acc-stats-ali[5.5.891~1-37628]:main():gmm-acc-stats-ali.cc:105) Processed 5150 utterances; for utterance 1028_2809 avg. like is -91.7397 over 23 frames.
WARNING (gmm-acc-stats-ali[5.5.891~1-37628]:main():gmm-acc-stats-ali.cc:79) No alignment for utterance 1028_2838
WARNING (gmm-acc-stats-ali[5.5.891~1-37628]:main():gmm-acc-stats-ali.cc:79) No alignment for utterance 1028_2839
WARNING (gmm-acc-stats-ali[5.5.891~1-37628]:main():gmm-acc-stats-ali.cc:79) No alignment for utterance 1028_2860
LOG (gmm-acc-stats-ali[5.5.891~1-37628]:main():gmm-acc-stats-ali.cc:105) Processed 5200 utterances; for utterance 1028_2862 avg. like is -92.3565 over 15 frames.
WARNING (gmm-acc-stats-ali[5.5.891~1-37628]:main():gmm-acc-stats-ali.cc:79) No alignment for utterance 1028_2885
LOG (gmm-acc-stats-ali[5.5.891~1-37628]:main():gmm-acc-stats-ali.cc:105) Processed 5250 utterances; for utterance 1028_2915 avg. like is -97.5619 over 16 frames.
LOG (gmm-acc-stats-ali[5.5.891~1-37628]:main():gmm-acc-stats-ali.cc:105) Processed 5300 utterances; for utterance 1028_2965 avg. like is -91.466 over 32 frames.
WARNING (gmm-acc-stats-ali[5.5.891~1-37628]:main():gmm-acc-stats-ali.cc:79) No alignment for utterance 1028_2973
LOG (gmm-acc-stats-ali[5.5.891~1-37628]:main():gmm-acc-stats-ali.cc:105) Processed 5350 utterances; for utterance 1028_3013 avg. like is -93.9086 over 15 frames.
WARNING (gmm-acc-stats-ali[5.5.891~1-37628]:main():gmm-acc-stats-ali.cc:79) No alignment for utterance 1028_304
WARNING (gmm-acc-stats-ali[5.5.891~1-37628]:main():gmm-acc-stats-ali.cc:79) No alignment for utterance 1028_3054
LOG (gmm-acc-stats-ali[5.5.891~1-37628]:main():gmm-acc-stats-ali.cc:105) Processed 5400 utterances; for utterance 1028_3064 avg. like is -73.4616 over 29 frames.
WARNING (gmm-acc-stats-ali[5.5.891~1-37628]:main():gmm-acc-stats-ali.cc:79) No alignment for utterance 1028_309
LOG (gmm-acc-stats-ali[5.5.891~1-37628]:main():gmm-acc-stats-ali.cc:105) Processed 5450 utterances; for utterance 1028_3115 avg. like is -85.1314 over 85 frames.
LOG (gmm-acc-stats-ali[5.5.891~1-37628]:main():gmm-acc-stats-ali.cc:105) Processed 5500 utterances; for utterance 1028_355 avg. like is -100.415 over 9 frames.
WARNING (gmm-acc-stats-ali[5.5.891~1-37628]:main():gmm-acc-stats-ali.cc:79) No alignment for utterance 1028_375
WARNING (gmm-acc-stats-ali[5.5.891~1-37628]:main():gmm-acc-stats-ali.cc:79) No alignment for utterance 1028_378
LOG (gmm-acc-stats-ali[5.5.891~1-37628]:main():gmm-acc-stats-ali.cc:105) Processed 5550 utterances; for utterance 1028_408 avg. like is -87.0085 over 12 frames.
WARNING (gmm-acc-stats-ali[5.5.891~1-37628]:main():gmm-acc-stats-ali.cc:79) No alignment for utterance 1028_451
LOG (gmm-acc-stats-ali[5.5.891~1-37628]:main():gmm-acc-stats-ali.cc:105) Processed 5600 utterances; for utterance 1028_461 avg. like is -88.3111 over 37 frames.
WARNING (gmm-acc-stats-ali[5.5.891~1-37628]:main():gmm-acc-stats-ali.cc:79) No alignment for utterance 1028_486
WARNING (gmm-acc-stats-ali[5.5.891~1-37628]:main():gmm-acc-stats-ali.cc:79) No alignment for utterance 1028_510
LOG (gmm-acc-stats-ali[5.5.891~1-37628]:main():gmm-acc-stats-ali.cc:105) Processed 5650 utterances; for utterance 1028_513 avg. like is -105.513 over 18 frames.
LOG (gmm-acc-stats-ali[5.5.891~1-37628]:main():gmm-acc-stats-ali.cc:105) Processed 5700 utterances; for utterance 1028_569 avg. like is -90.2626 over 16 frames.
LOG (gmm-acc-stats-ali[5.5.891~1-37628]:main():gmm-acc-stats-ali.cc:105) Processed 5750 utterances; for utterance 1028_615 avg. like is -90.0815 over 60 frames.
WARNING (gmm-acc-stats-ali[5.5.891~1-37628]:main():gmm-acc-stats-ali.cc:79) No alignment for utterance 1028_650
WARNING (gmm-acc-stats-ali[5.5.891~1-37628]:main():gmm-acc-stats-ali.cc:79) No alignment for utterance 1028_651
LOG (gmm-acc-stats-ali[5.5.891~1-37628]:main():gmm-acc-stats-ali.cc:105) Processed 5800 utterances; for utterance 1028_667 avg. like is -84.7196 over 34 frames.
LOG (gmm-acc-stats-ali[5.5.891~1-37628]:main():gmm-acc-stats-ali.cc:105) Processed 5850 utterances; for utterance 1028_722 avg. like is -86.903 over 31 frames.
LOG (gmm-acc-stats-ali[5.5.891~1-37628]:main():gmm-acc-stats-ali.cc:105) Processed 5900 utterances; for utterance 1028_778 avg. like is -94.3514 over 61 frames.
LOG (gmm-acc-stats-ali[5.5.891~1-37628]:main():gmm-acc-stats-ali.cc:105) Processed 5950 utterances; for utterance 1028_828 avg. like is -93.3419 over 10 frames.
LOG (gmm-acc-stats-ali[5.5.891~1-37628]:main():gmm-acc-stats-ali.cc:105) Processed 6000 utterances; for utterance 1028_881 avg. like is -81.8736 over 25 frames.
WARNING (gmm-acc-stats-ali[5.5.891~1-37628]:main():gmm-acc-stats-ali.cc:79) No alignment for utterance 1028_909
LOG (gmm-acc-stats-ali[5.5.891~1-37628]:main():gmm-acc-stats-ali.cc:105) Processed 6050 utterances; for utterance 1028_934 avg. like is -98.485 over 15 frames.
LOG (apply-cmvn[5.5.891~1-37628]:main():apply-cmvn.cc:162) Applied cepstral mean normalization to 6258 utterances, errors on 0
WARNING (gmm-acc-stats-ali[5.5.891~1-37628]:main():gmm-acc-stats-ali.cc:79) No alignment for utterance 1028_972
LOG (gmm-acc-stats-ali[5.5.891~1-37628]:main():gmm-acc-stats-ali.cc:105) Processed 6100 utterances; for utterance 1028_988 avg. like is -80.5591 over 22 frames.
WARNING (gmm-acc-stats-ali[5.5.891~1-37628]:main():gmm-acc-stats-ali.cc:79) No alignment for utterance 1028_993
LOG (gmm-acc-stats-ali[5.5.891~1-37628]:main():gmm-acc-stats-ali.cc:112) Done 6110 files, 148 with errors.
LOG (gmm-acc-stats-ali[5.5.891~1-37628]:main():gmm-acc-stats-ali.cc:115) Overall avg like per frame (Gaussian only) = -90.4719 over 180984 frames.
LOG (gmm-acc-stats-ali[5.5.891~1-37628]:main():gmm-acc-stats-ali.cc:123) Written accs.
# Accounting: time=0 threads=1
# Ended (code 0) at Fri Mar 12 17:44:41 CET 2021, elapsed time 0 seconds
