# build-tree --verbose=1 --max-leaves=2500 --cluster-thresh=-1 exp/tri2/treeacc data/lang/phones/roots.int exp/tri2/questions.qst data/lang/topo exp/tri2/tree 
# Started at Fri Mar 12 17:44:35 CET 2021
#
build-tree --verbose=1 --max-leaves=2500 --cluster-thresh=-1 exp/tri2/treeacc data/lang/phones/roots.int exp/tri2/questions.qst data/lang/topo exp/tri2/tree 
LOG (build-tree[5.5.891~1-37628]:main():build-tree.cc:104) Number of separate statistics is 8779
LOG (build-tree[5.5.891~1-37628]:BuildTree():build-tree.cc:161) BuildTree: before building trees, map has 49 leaves.
LOG (build-tree[5.5.891~1-37628]:SplitDecisionTree():build-tree-utils.cc:577) DoDecisionTreeSplit: split 692 times, #leaves now 741
LOG (build-tree[5.5.891~1-37628]:BuildTree():build-tree.cc:187) Setting clustering threshold to smallest split 300.156
VLOG[1] (build-tree[5.5.891~1-37628]:BuildTree():build-tree.cc:196) After decision tree split, num-leaves = 741, like-impr = 3.85588 per frame over 294877 frames.
VLOG[1] (build-tree[5.5.891~1-37628]:BuildTree():build-tree.cc:200) Including just phones that were split, improvement is 3.85588 per frame over 294877 frames.
LOG (build-tree[5.5.891~1-37628]:BuildTree():build-tree.cc:215) BuildTree: removed 154 leaves.
VLOG[1] (build-tree[5.5.891~1-37628]:ClusterEventMapToNClustersRestrictedByMap():build-tree-utils.cc:914) Number of non-empty clusters in map = 36
VLOG[1] (build-tree[5.5.891~1-37628]:ClusterEventMapToNClustersRestrictedByMap():build-tree-utils.cc:915) Number of non-empty clusters = 574
LOG (build-tree[5.5.891~1-37628]:BuildTree():build-tree.cc:231) BuildTree: Rounded num leaves to multiple of 8 by removing 3 leaves.
VLOG[1] (build-tree[5.5.891~1-37628]:BuildTree():build-tree.cc:256) Objf change due to clustering -0.111864 per frame.
VLOG[1] (build-tree[5.5.891~1-37628]:BuildTree():build-tree.cc:259) Normalizing over only split phones, this is: -0.111864 per frame.
VLOG[1] (build-tree[5.5.891~1-37628]:BuildTree():build-tree.cc:262) Num-leaves is now 584
VLOG[1] (build-tree[5.5.891~1-37628]:main():build-tree.cc:143) For pdf-id 2, low count 0
VLOG[1] (build-tree[5.5.891~1-37628]:main():build-tree.cc:143) For pdf-id 3, low count 0
VLOG[1] (build-tree[5.5.891~1-37628]:main():build-tree.cc:143) For pdf-id 4, low count 0
VLOG[1] (build-tree[5.5.891~1-37628]:main():build-tree.cc:143) For pdf-id 5, low count 0
VLOG[1] (build-tree[5.5.891~1-37628]:main():build-tree.cc:143) For pdf-id 6, low count 0
VLOG[1] (build-tree[5.5.891~1-37628]:main():build-tree.cc:143) For pdf-id 7, low count 0
VLOG[1] (build-tree[5.5.891~1-37628]:main():build-tree.cc:143) For pdf-id 8, low count 0
VLOG[1] (build-tree[5.5.891~1-37628]:main():build-tree.cc:143) For pdf-id 9, low count 0
VLOG[1] (build-tree[5.5.891~1-37628]:main():build-tree.cc:143) For pdf-id 10, low count 0
VLOG[1] (build-tree[5.5.891~1-37628]:main():build-tree.cc:143) For pdf-id 11, low count 0
VLOG[1] (build-tree[5.5.891~1-37628]:main():build-tree.cc:143) For pdf-id 12, low count 0
VLOG[1] (build-tree[5.5.891~1-37628]:main():build-tree.cc:143) For pdf-id 13, low count 0
VLOG[1] (build-tree[5.5.891~1-37628]:main():build-tree.cc:143) For pdf-id 14, low count 0
VLOG[1] (build-tree[5.5.891~1-37628]:main():build-tree.cc:143) For pdf-id 21, low count 78
VLOG[1] (build-tree[5.5.891~1-37628]:main():build-tree.cc:143) For pdf-id 34, low count 43
VLOG[1] (build-tree[5.5.891~1-37628]:main():build-tree.cc:143) For pdf-id 37, low count 30
VLOG[1] (build-tree[5.5.891~1-37628]:main():build-tree.cc:143) For pdf-id 43, low count 25
VLOG[1] (build-tree[5.5.891~1-37628]:main():build-tree.cc:143) For pdf-id 44, low count 56
VLOG[1] (build-tree[5.5.891~1-37628]:main():build-tree.cc:143) For pdf-id 48, low count 65
VLOG[1] (build-tree[5.5.891~1-37628]:main():build-tree.cc:143) For pdf-id 53, low count 90
VLOG[1] (build-tree[5.5.891~1-37628]:main():build-tree.cc:143) For pdf-id 84, low count 89
VLOG[1] (build-tree[5.5.891~1-37628]:main():build-tree.cc:143) For pdf-id 87, low count 93
VLOG[1] (build-tree[5.5.891~1-37628]:main():build-tree.cc:143) For pdf-id 92, low count 36
VLOG[1] (build-tree[5.5.891~1-37628]:main():build-tree.cc:143) For pdf-id 113, low count 24
VLOG[1] (build-tree[5.5.891~1-37628]:main():build-tree.cc:143) For pdf-id 115, low count 33
VLOG[1] (build-tree[5.5.891~1-37628]:main():build-tree.cc:143) For pdf-id 117, low count 65
VLOG[1] (build-tree[5.5.891~1-37628]:main():build-tree.cc:143) For pdf-id 123, low count 60
VLOG[1] (build-tree[5.5.891~1-37628]:main():build-tree.cc:143) For pdf-id 138, low count 76
VLOG[1] (build-tree[5.5.891~1-37628]:main():build-tree.cc:143) For pdf-id 143, low count 71
VLOG[1] (build-tree[5.5.891~1-37628]:main():build-tree.cc:143) For pdf-id 146, low count 28
VLOG[1] (build-tree[5.5.891~1-37628]:main():build-tree.cc:143) For pdf-id 147, low count 93
VLOG[1] (build-tree[5.5.891~1-37628]:main():build-tree.cc:143) For pdf-id 150, low count 71
VLOG[1] (build-tree[5.5.891~1-37628]:main():build-tree.cc:143) For pdf-id 153, low count 68
VLOG[1] (build-tree[5.5.891~1-37628]:main():build-tree.cc:143) For pdf-id 171, low count 73
VLOG[1] (build-tree[5.5.891~1-37628]:main():build-tree.cc:143) For pdf-id 181, low count 89
VLOG[1] (build-tree[5.5.891~1-37628]:main():build-tree.cc:143) For pdf-id 183, low count 28
VLOG[1] (build-tree[5.5.891~1-37628]:main():build-tree.cc:143) For pdf-id 188, low count 91
VLOG[1] (build-tree[5.5.891~1-37628]:main():build-tree.cc:143) For pdf-id 191, low count 58
VLOG[1] (build-tree[5.5.891~1-37628]:main():build-tree.cc:143) For pdf-id 192, low count 79
VLOG[1] (build-tree[5.5.891~1-37628]:main():build-tree.cc:143) For pdf-id 194, low count 95
VLOG[1] (build-tree[5.5.891~1-37628]:main():build-tree.cc:143) For pdf-id 199, low count 48
VLOG[1] (build-tree[5.5.891~1-37628]:main():build-tree.cc:143) For pdf-id 201, low count 77
VLOG[1] (build-tree[5.5.891~1-37628]:main():build-tree.cc:143) For pdf-id 204, low count 50
VLOG[1] (build-tree[5.5.891~1-37628]:main():build-tree.cc:143) For pdf-id 208, low count 60
VLOG[1] (build-tree[5.5.891~1-37628]:main():build-tree.cc:143) For pdf-id 213, low count 45
VLOG[1] (build-tree[5.5.891~1-37628]:main():build-tree.cc:143) For pdf-id 214, low count 67
VLOG[1] (build-tree[5.5.891~1-37628]:main():build-tree.cc:143) For pdf-id 221, low count 63
VLOG[1] (build-tree[5.5.891~1-37628]:main():build-tree.cc:143) For pdf-id 224, low count 83
VLOG[1] (build-tree[5.5.891~1-37628]:main():build-tree.cc:143) For pdf-id 225, low count 72
VLOG[1] (build-tree[5.5.891~1-37628]:main():build-tree.cc:143) For pdf-id 226, low count 45
VLOG[1] (build-tree[5.5.891~1-37628]:main():build-tree.cc:143) For pdf-id 227, low count 85
VLOG[1] (build-tree[5.5.891~1-37628]:main():build-tree.cc:143) For pdf-id 229, low count 39
VLOG[1] (build-tree[5.5.891~1-37628]:main():build-tree.cc:143) For pdf-id 230, low count 42
VLOG[1] (build-tree[5.5.891~1-37628]:main():build-tree.cc:143) For pdf-id 240, low count 67
VLOG[1] (build-tree[5.5.891~1-37628]:main():build-tree.cc:143) For pdf-id 241, low count 68
VLOG[1] (build-tree[5.5.891~1-37628]:main():build-tree.cc:143) For pdf-id 243, low count 86
VLOG[1] (build-tree[5.5.891~1-37628]:main():build-tree.cc:143) For pdf-id 246, low count 80
VLOG[1] (build-tree[5.5.891~1-37628]:main():build-tree.cc:143) For pdf-id 250, low count 86
VLOG[1] (build-tree[5.5.891~1-37628]:main():build-tree.cc:143) For pdf-id 261, low count 55
VLOG[1] (build-tree[5.5.891~1-37628]:main():build-tree.cc:143) For pdf-id 265, low count 99
VLOG[1] (build-tree[5.5.891~1-37628]:main():build-tree.cc:143) For pdf-id 268, low count 95
VLOG[1] (build-tree[5.5.891~1-37628]:main():build-tree.cc:143) For pdf-id 272, low count 47
VLOG[1] (build-tree[5.5.891~1-37628]:main():build-tree.cc:143) For pdf-id 273, low count 54
VLOG[1] (build-tree[5.5.891~1-37628]:main():build-tree.cc:143) For pdf-id 278, low count 81
VLOG[1] (build-tree[5.5.891~1-37628]:main():build-tree.cc:143) For pdf-id 289, low count 45
VLOG[1] (build-tree[5.5.891~1-37628]:main():build-tree.cc:143) For pdf-id 300, low count 36
VLOG[1] (build-tree[5.5.891~1-37628]:main():build-tree.cc:143) For pdf-id 307, low count 88
VLOG[1] (build-tree[5.5.891~1-37628]:main():build-tree.cc:143) For pdf-id 309, low count 74
VLOG[1] (build-tree[5.5.891~1-37628]:main():build-tree.cc:143) For pdf-id 311, low count 70
VLOG[1] (build-tree[5.5.891~1-37628]:main():build-tree.cc:143) For pdf-id 313, low count 38
VLOG[1] (build-tree[5.5.891~1-37628]:main():build-tree.cc:143) For pdf-id 316, low count 91
VLOG[1] (build-tree[5.5.891~1-37628]:main():build-tree.cc:143) For pdf-id 317, low count 24
VLOG[1] (build-tree[5.5.891~1-37628]:main():build-tree.cc:143) For pdf-id 321, low count 63
VLOG[1] (build-tree[5.5.891~1-37628]:main():build-tree.cc:143) For pdf-id 322, low count 97
VLOG[1] (build-tree[5.5.891~1-37628]:main():build-tree.cc:143) For pdf-id 338, low count 83
VLOG[1] (build-tree[5.5.891~1-37628]:main():build-tree.cc:143) For pdf-id 352, low count 77
VLOG[1] (build-tree[5.5.891~1-37628]:main():build-tree.cc:143) For pdf-id 374, low count 75
VLOG[1] (build-tree[5.5.891~1-37628]:main():build-tree.cc:143) For pdf-id 375, low count 62
VLOG[1] (build-tree[5.5.891~1-37628]:main():build-tree.cc:143) For pdf-id 381, low count 45
VLOG[1] (build-tree[5.5.891~1-37628]:main():build-tree.cc:143) For pdf-id 385, low count 58
VLOG[1] (build-tree[5.5.891~1-37628]:main():build-tree.cc:143) For pdf-id 390, low count 99
VLOG[1] (build-tree[5.5.891~1-37628]:main():build-tree.cc:143) For pdf-id 393, low count 51
VLOG[1] (build-tree[5.5.891~1-37628]:main():build-tree.cc:143) For pdf-id 398, low count 85
VLOG[1] (build-tree[5.5.891~1-37628]:main():build-tree.cc:143) For pdf-id 401, low count 98
VLOG[1] (build-tree[5.5.891~1-37628]:main():build-tree.cc:143) For pdf-id 403, low count 53
VLOG[1] (build-tree[5.5.891~1-37628]:main():build-tree.cc:143) For pdf-id 412, low count 57
VLOG[1] (build-tree[5.5.891~1-37628]:main():build-tree.cc:143) For pdf-id 421, low count 74
VLOG[1] (build-tree[5.5.891~1-37628]:main():build-tree.cc:143) For pdf-id 427, low count 96
VLOG[1] (build-tree[5.5.891~1-37628]:main():build-tree.cc:143) For pdf-id 429, low count 72
VLOG[1] (build-tree[5.5.891~1-37628]:main():build-tree.cc:143) For pdf-id 431, low count 48
VLOG[1] (build-tree[5.5.891~1-37628]:main():build-tree.cc:143) For pdf-id 432, low count 75
VLOG[1] (build-tree[5.5.891~1-37628]:main():build-tree.cc:143) For pdf-id 439, low count 70
VLOG[1] (build-tree[5.5.891~1-37628]:main():build-tree.cc:143) For pdf-id 446, low count 62
VLOG[1] (build-tree[5.5.891~1-37628]:main():build-tree.cc:143) For pdf-id 455, low count 61
VLOG[1] (build-tree[5.5.891~1-37628]:main():build-tree.cc:143) For pdf-id 457, low count 20
VLOG[1] (build-tree[5.5.891~1-37628]:main():build-tree.cc:143) For pdf-id 458, low count 66
VLOG[1] (build-tree[5.5.891~1-37628]:main():build-tree.cc:143) For pdf-id 470, low count 55
VLOG[1] (build-tree[5.5.891~1-37628]:main():build-tree.cc:143) For pdf-id 484, low count 34
VLOG[1] (build-tree[5.5.891~1-37628]:main():build-tree.cc:143) For pdf-id 495, low count 43
VLOG[1] (build-tree[5.5.891~1-37628]:main():build-tree.cc:143) For pdf-id 497, low count 86
VLOG[1] (build-tree[5.5.891~1-37628]:main():build-tree.cc:143) For pdf-id 501, low count 82
VLOG[1] (build-tree[5.5.891~1-37628]:main():build-tree.cc:143) For pdf-id 516, low count 31
VLOG[1] (build-tree[5.5.891~1-37628]:main():build-tree.cc:143) For pdf-id 561, low count 86
VLOG[1] (build-tree[5.5.891~1-37628]:main():build-tree.cc:143) For pdf-id 574, low count 50
VLOG[1] (build-tree[5.5.891~1-37628]:main():build-tree.cc:143) For pdf-id 581, low count 39
WARNING (build-tree[5.5.891~1-37628]:main():build-tree.cc:185) Saw no stats for following phones: 1 2 3 4 7 8 9 10 11 12 13 14 15 16 17 18 19 20 21 22 23 24 25 26 27 28 29 30 31 32 33 34 35 36 37 38 39 40 41 42 43 44 45 46 47 48 49 50 51 52 53 54 55 56 57 58 59 60 61 62 63 64 65 66 67 68 69 70 71 72 73 74 75 83 91 99 103 111 123 127 143 147 151 155 160 171 179 195 196 197 199 201 203 206 
LOG (build-tree[5.5.891~1-37628]:main():build-tree.cc:189) Wrote tree
# Accounting: time=1 threads=1
# Ended (code 0) at Fri Mar 12 17:44:36 CET 2021, elapsed time 1 seconds
