# gmm-est --mix-up=8800 --power=0.25 --write-occs=exp/tri2/11.occs exp/tri2/10.mdl "gmm-sum-accs - exp/tri2/10.*.acc |" exp/tri2/11.mdl 
# Started at Fri Mar 12 17:44:47 CET 2021
#
gmm-est --mix-up=8800 --power=0.25 --write-occs=exp/tri2/11.occs exp/tri2/10.mdl 'gmm-sum-accs - exp/tri2/10.*.acc |' exp/tri2/11.mdl 
gmm-sum-accs - exp/tri2/10.1.acc exp/tri2/10.2.acc 
LOG (gmm-sum-accs[5.5.891~1-37628]:main():gmm-sum-accs.cc:63) Summed 2 stats, total count 294877, avg like/frame -88.0492
LOG (gmm-sum-accs[5.5.891~1-37628]:main():gmm-sum-accs.cc:66) Total count of stats is 294877
LOG (gmm-sum-accs[5.5.891~1-37628]:main():gmm-sum-accs.cc:67) Written stats to -
LOG (gmm-est[5.5.891~1-37628]:MleUpdate():transition-model.cc:528) TransitionModel::Update, objf change is 0.00111052 per frame over 294877 frames. 
LOG (gmm-est[5.5.891~1-37628]:MleUpdate():transition-model.cc:531) 73 probabilities floored, 1420 out of 2472 transition-states skipped due to insuffient data (it is normal to have some skipped.)
LOG (gmm-est[5.5.891~1-37628]:main():gmm-est.cc:102) Transition model update: Overall 0.00111052 log-like improvement per frame over 294877 frames.
WARNING (gmm-est[5.5.891~1-37628]:MleDiagGmmUpdate():mle-diag-gmm.cc:365) Gaussian has too little data but not removing it because it is the last Gaussian: i = 0, occ = 0, weight = 1
WARNING (gmm-est[5.5.891~1-37628]:MleDiagGmmUpdate():mle-diag-gmm.cc:365) Gaussian has too little data but not removing it because it is the last Gaussian: i = 0, occ = 0, weight = 1
WARNING (gmm-est[5.5.891~1-37628]:MleDiagGmmUpdate():mle-diag-gmm.cc:365) Gaussian has too little data but not removing it because it is the last Gaussian: i = 0, occ = 0, weight = 1
WARNING (gmm-est[5.5.891~1-37628]:MleDiagGmmUpdate():mle-diag-gmm.cc:365) Gaussian has too little data but not removing it because it is the last Gaussian: i = 0, occ = 0, weight = 1
WARNING (gmm-est[5.5.891~1-37628]:MleDiagGmmUpdate():mle-diag-gmm.cc:365) Gaussian has too little data but not removing it because it is the last Gaussian: i = 0, occ = 0, weight = 1
WARNING (gmm-est[5.5.891~1-37628]:MleDiagGmmUpdate():mle-diag-gmm.cc:365) Gaussian has too little data but not removing it because it is the last Gaussian: i = 0, occ = 0, weight = 1
WARNING (gmm-est[5.5.891~1-37628]:MleDiagGmmUpdate():mle-diag-gmm.cc:365) Gaussian has too little data but not removing it because it is the last Gaussian: i = 0, occ = 0, weight = 1
WARNING (gmm-est[5.5.891~1-37628]:MleDiagGmmUpdate():mle-diag-gmm.cc:365) Gaussian has too little data but not removing it because it is the last Gaussian: i = 0, occ = 0, weight = 1
WARNING (gmm-est[5.5.891~1-37628]:MleDiagGmmUpdate():mle-diag-gmm.cc:365) Gaussian has too little data but not removing it because it is the last Gaussian: i = 0, occ = 0, weight = 1
WARNING (gmm-est[5.5.891~1-37628]:MleDiagGmmUpdate():mle-diag-gmm.cc:365) Gaussian has too little data but not removing it because it is the last Gaussian: i = 0, occ = 0, weight = 1
WARNING (gmm-est[5.5.891~1-37628]:MleDiagGmmUpdate():mle-diag-gmm.cc:365) Gaussian has too little data but not removing it because it is the last Gaussian: i = 0, occ = 0, weight = 1
WARNING (gmm-est[5.5.891~1-37628]:MleDiagGmmUpdate():mle-diag-gmm.cc:365) Gaussian has too little data but not removing it because it is the last Gaussian: i = 0, occ = 0, weight = 1
WARNING (gmm-est[5.5.891~1-37628]:MleDiagGmmUpdate():mle-diag-gmm.cc:365) Gaussian has too little data but not removing it because it is the last Gaussian: i = 0, occ = 0, weight = 1
WARNING (gmm-est[5.5.891~1-37628]:MleDiagGmmUpdate():mle-diag-gmm.cc:359) Too little data - removing Gaussian (weight 0.026771, occupation count 9.744691, vector size 39)
WARNING (gmm-est[5.5.891~1-37628]:MleDiagGmmUpdate():mle-diag-gmm.cc:359) Too little data - removing Gaussian (weight 0.048740, occupation count 9.796767, vector size 39)
WARNING (gmm-est[5.5.891~1-37628]:MleDiagGmmUpdate():mle-diag-gmm.cc:359) Too little data - removing Gaussian (weight 0.068529, occupation count 9.731050, vector size 39)
WARNING (gmm-est[5.5.891~1-37628]:MleDiagGmmUpdate():mle-diag-gmm.cc:359) Too little data - removing Gaussian (weight 0.042303, occupation count 9.433637, vector size 39)
WARNING (gmm-est[5.5.891~1-37628]:MleDiagGmmUpdate():mle-diag-gmm.cc:359) Too little data - removing Gaussian (weight 0.089989, occupation count 9.988826, vector size 39)
WARNING (gmm-est[5.5.891~1-37628]:MleDiagGmmUpdate():mle-diag-gmm.cc:359) Too little data - removing Gaussian (weight 0.041314, occupation count 9.254433, vector size 39)
WARNING (gmm-est[5.5.891~1-37628]:MleDiagGmmUpdate():mle-diag-gmm.cc:359) Too little data - removing Gaussian (weight 0.027796, occupation count 9.700763, vector size 39)
WARNING (gmm-est[5.5.891~1-37628]:MleDiagGmmUpdate():mle-diag-gmm.cc:359) Too little data - removing Gaussian (weight 0.033523, occupation count 9.855783, vector size 39)
WARNING (gmm-est[5.5.891~1-37628]:MleDiagGmmUpdate():mle-diag-gmm.cc:359) Too little data - removing Gaussian (weight 0.043500, occupation count 9.482924, vector size 39)
WARNING (gmm-est[5.5.891~1-37628]:MleDiagGmmUpdate():mle-diag-gmm.cc:359) Too little data - removing Gaussian (weight 0.044890, occupation count 9.786093, vector size 39)
WARNING (gmm-est[5.5.891~1-37628]:MleDiagGmmUpdate():mle-diag-gmm.cc:359) Too little data - removing Gaussian (weight 0.041488, occupation count 9.998672, vector size 39)
WARNING (gmm-est[5.5.891~1-37628]:MleDiagGmmUpdate():mle-diag-gmm.cc:359) Too little data - removing Gaussian (weight 0.031849, occupation count 8.885859, vector size 39)
WARNING (gmm-est[5.5.891~1-37628]:MleDiagGmmUpdate():mle-diag-gmm.cc:359) Too little data - removing Gaussian (weight 0.050154, occupation count 9.980697, vector size 39)
LOG (gmm-est[5.5.891~1-37628]:MleAmDiagGmmUpdate():mle-am-diag-gmm.cc:225) 0 variance elements floored in 0 Gaussians, out of 8087
LOG (gmm-est[5.5.891~1-37628]:MleAmDiagGmmUpdate():mle-am-diag-gmm.cc:229) Removed 13 Gaussians due to counts < --min-gaussian-occupancy=10 and --remove-low-count-gaussians=true
LOG (gmm-est[5.5.891~1-37628]:main():gmm-est.cc:113) GMM update: Overall 0.309948 objective function improvement per frame over 294877 frames
LOG (gmm-est[5.5.891~1-37628]:main():gmm-est.cc:116) GMM update: Overall avg like per frame = -88.0492 over 294877 frames.
LOG (gmm-est[5.5.891~1-37628]:SplitByCount():am-diag-gmm.cc:116) Split 584 states with target = 8800, power = 0.25, perturb_factor = 0.01 and min_count = 20, split #Gauss from 8087 to 8823
LOG (gmm-est[5.5.891~1-37628]:main():gmm-est.cc:146) Written model to exp/tri2/11.mdl
# Accounting: time=0 threads=1
# Ended (code 0) at Fri Mar 12 17:44:47 CET 2021, elapsed time 0 seconds
