# lattice-best-path --lm-scale=11 --word-symbol-table=exp/tri3a/graph/words.txt "ark:gunzip -c exp/tri3a/decode/lat.*.gz|" ark,t:exp/tri3a/decode/scoring/11.tra 
# Started at Fri Mar 12 16:41:57 CET 2021
#
lattice-best-path --lm-scale=11 --word-symbol-table=exp/tri3a/graph/words.txt 'ark:gunzip -c exp/tri3a/decode/lat.*.gz|' ark,t:exp/tri3a/decode/scoring/11.tra 
LOG (lattice-best-path[5.5.891~1-37628]:main():lattice-best-path.cc:99) For utterance 1041_100, best cost 221.419 + 5580.47 = 5801.89 over 87 frames.
1041_100 pran dé la 
LOG (lattice-best-path[5.5.891~1-37628]:main():lattice-best-path.cc:99) For utterance 1041_106, best cost 294.486 + 9205.96 = 9500.44 over 142 frames.
1041_106 ou ka tann ka palé 
LOG (lattice-best-path[5.5.891~1-37628]:main():lattice-best-path.cc:99) For utterance 1041_108, best cost 649.804 + 24288.5 = 24938.3 over 382 frames.
1041_108 ka tann an tèm patikilyé bon poukwa ou pa ka di 
LOG (lattice-best-path[5.5.891~1-37628]:main():lattice-best-path.cc:99) For utterance 1041_42, best cost 481.078 + 17284.8 = 17765.8 over 276 frames.
1041_42 nou ki kanmen ki nou miss 
LOG (lattice-best-path[5.5.891~1-37628]:main():lattice-best-path.cc:99) For utterance 1041_50, best cost 421.115 + 17988.2 = 18409.4 over 285 frames.
1041_50 mè pa ni poukwa ou pa ay 
LOG (lattice-best-path[5.5.891~1-37628]:main():lattice-best-path.cc:99) For utterance 1041_56, best cost 625.621 + 19234.1 = 19859.7 over 284 frames.
1041_56 sé aprann mwen té ka ankò ou pa ka tann 
LOG (lattice-best-path[5.5.891~1-37628]:main():lattice-best-path.cc:99) For utterance 1041_67, best cost 186.409 + 5694.25 = 5880.66 over 94 frames.
1041_67 an ka tann 
LOG (lattice-best-path[5.5.891~1-37628]:main():lattice-best-path.cc:99) For utterance 1041_71, best cost 925.676 + 30640.2 = 31565.8 over 498 frames.
1041_71 abon an ka abon an sa tout sa pa ka tann ka kay 
LOG (lattice-best-path[5.5.891~1-37628]:main():lattice-best-path.cc:99) For utterance 1041_82, best cost 752.117 + 23953.2 = 24705.3 over 383 frames.
1041_82 rantré paské toujou mwen an pa ka sa ka tann 
LOG (lattice-best-path[5.5.891~1-37628]:main():lattice-best-path.cc:99) For utterance 1041_88, best cost 495.188 + 16614.4 = 17109.5 over 251 frames.
1041_88 paské sé paské paské timoun la 
LOG (lattice-best-path[5.5.891~1-37628]:main():lattice-best-path.cc:124) Overall cost per frame is 65.45 = 1.88401 [graph] + 63.566 [acoustic] over 2682 frames.
LOG (lattice-best-path[5.5.891~1-37628]:main():lattice-best-path.cc:128) Done 10 lattices, failed for 0
# Accounting: time=0 threads=1
# Ended (code 0) at Fri Mar 12 16:41:57 CET 2021, elapsed time 0 seconds
