# lattice-best-path --lm-scale=13 --word-symbol-table=exp/tri3a/graph/words.txt "ark:gunzip -c exp/tri3a/decode/lat.*.gz|" ark,t:exp/tri3a/decode/scoring/13.tra 
# Started at Fri Mar 12 16:41:57 CET 2021
#
lattice-best-path --lm-scale=13 --word-symbol-table=exp/tri3a/graph/words.txt 'ark:gunzip -c exp/tri3a/decode/lat.*.gz|' ark,t:exp/tri3a/decode/scoring/13.tra 
LOG (lattice-best-path[5.5.891~1-37628]:main():lattice-best-path.cc:99) For utterance 1041_100, best cost 261.677 + 5580.47 = 5842.14 over 87 frames.
1041_100 pran dé la 
LOG (lattice-best-path[5.5.891~1-37628]:main():lattice-best-path.cc:99) For utterance 1041_106, best cost 348.029 + 9205.96 = 9553.99 over 142 frames.
1041_106 ou ka tann ka palé 
LOG (lattice-best-path[5.5.891~1-37628]:main():lattice-best-path.cc:99) For utterance 1041_108, best cost 728.94 + 24326.9 = 25055.9 over 382 frames.
1041_108 ka tann an tèm patikilyé bon poukwa ou pa ka tann 
LOG (lattice-best-path[5.5.891~1-37628]:main():lattice-best-path.cc:99) For utterance 1041_42, best cost 565.041 + 17287.9 = 17852.9 over 276 frames.
1041_42 nou ki kanmen ki pou miss 
LOG (lattice-best-path[5.5.891~1-37628]:main():lattice-best-path.cc:99) For utterance 1041_50, best cost 440.319 + 18038 = 18478.3 over 285 frames.
1041_50 fè sesi poukwa ou pa ay 
LOG (lattice-best-path[5.5.891~1-37628]:main():lattice-best-path.cc:99) For utterance 1041_56, best cost 582.568 + 19388.8 = 19971.4 over 284 frames.
1041_56 sé aprann aksèpté pa ka tann 
LOG (lattice-best-path[5.5.891~1-37628]:main():lattice-best-path.cc:99) For utterance 1041_67, best cost 220.301 + 5694.25 = 5914.55 over 94 frames.
1041_67 an ka tann 
LOG (lattice-best-path[5.5.891~1-37628]:main():lattice-best-path.cc:99) For utterance 1041_71, best cost 944.407 + 30778.5 = 31722.9 over 498 frames.
1041_71 abon ni tou sa tout sa pa ka tann ka kay 
LOG (lattice-best-path[5.5.891~1-37628]:main():lattice-best-path.cc:99) For utterance 1041_82, best cost 871.646 + 23969.6 = 24841.3 over 383 frames.
1041_82 rantré paské toujou mwen an pa ka an pa ka tann 
LOG (lattice-best-path[5.5.891~1-37628]:main():lattice-best-path.cc:99) For utterance 1041_88, best cost 585.222 + 16614.4 = 17199.6 over 251 frames.
1041_88 paské sé paské paské timoun la 
LOG (lattice-best-path[5.5.891~1-37628]:main():lattice-best-path.cc:124) Overall cost per frame is 65.7841 = 2.06866 [graph] + 63.7154 [acoustic] over 2682 frames.
LOG (lattice-best-path[5.5.891~1-37628]:main():lattice-best-path.cc:128) Done 10 lattices, failed for 0
# Accounting: time=0 threads=1
# Ended (code 0) at Fri Mar 12 16:41:57 CET 2021, elapsed time 0 seconds
