# lattice-best-path --lm-scale=9 --word-symbol-table=exp/tri3a/graph/words.txt "ark:gunzip -c exp/tri3a/decode/lat.*.gz|" ark,t:exp/tri3a/decode/scoring/9.tra 
# Started at Fri Mar 12 16:41:57 CET 2021
#
lattice-best-path --lm-scale=9 --word-symbol-table=exp/tri3a/graph/words.txt 'ark:gunzip -c exp/tri3a/decode/lat.*.gz|' ark,t:exp/tri3a/decode/scoring/9.tra 
LOG (lattice-best-path[5.5.891~1-37628]:main():lattice-best-path.cc:99) For utterance 1041_100, best cost 181.161 + 5580.47 = 5761.63 over 87 frames.
1041_100 pran dé la 
LOG (lattice-best-path[5.5.891~1-37628]:main():lattice-best-path.cc:99) For utterance 1041_106, best cost 240.943 + 9205.96 = 9446.9 over 142 frames.
1041_106 ou ka tann ka palé 
LOG (lattice-best-path[5.5.891~1-37628]:main():lattice-best-path.cc:99) For utterance 1041_108, best cost 531.658 + 24288.5 = 24820.2 over 382 frames.
1041_108 ka tann an tèm patikilyé bon poukwa ou pa ka di 
LOG (lattice-best-path[5.5.891~1-37628]:main():lattice-best-path.cc:99) For utterance 1041_42, best cost 393.609 + 17284.8 = 17678.4 over 276 frames.
1041_42 nou ki kanmen ki nou miss 
LOG (lattice-best-path[5.5.891~1-37628]:main():lattice-best-path.cc:99) For utterance 1041_50, best cost 516.383 + 17807.8 = 18324.2 over 285 frames.
1041_50 mélanj la té jà vwè tou sa kwa jòdla 
LOG (lattice-best-path[5.5.891~1-37628]:main():lattice-best-path.cc:99) For utterance 1041_56, best cost 553.107 + 19191 = 19744.1 over 284 frames.
1041_56 sé ka aprann mwen té ka ankò ou pa ka tann 
LOG (lattice-best-path[5.5.891~1-37628]:main():lattice-best-path.cc:99) For utterance 1041_67, best cost 160.847 + 5684.8 = 5845.65 over 94 frames.
1041_67 an pa ka tann 
LOG (lattice-best-path[5.5.891~1-37628]:main():lattice-best-path.cc:99) For utterance 1041_71, best cost 879.604 + 30498.1 = 31377.7 over 498 frames.
1041_71 abon an ni afè abon an sa tout sa ka ka kontan ka kay 
LOG (lattice-best-path[5.5.891~1-37628]:main():lattice-best-path.cc:99) For utterance 1041_82, best cost 615.369 + 23953.2 = 24568.6 over 383 frames.
1041_82 rantré paské toujou mwen an pa ka sa ka tann 
LOG (lattice-best-path[5.5.891~1-37628]:main():lattice-best-path.cc:99) For utterance 1041_88, best cost 427.07 + 16588.1 = 17015.2 over 251 frames.
1041_88 paské sé paské an sa koumansé 
LOG (lattice-best-path[5.5.891~1-37628]:main():lattice-best-path.cc:124) Overall cost per frame is 65.0942 = 1.67776 [graph] + 63.4164 [acoustic] over 2682 frames.
LOG (lattice-best-path[5.5.891~1-37628]:main():lattice-best-path.cc:128) Done 10 lattices, failed for 0
# Accounting: time=0 threads=1
# Ended (code 0) at Fri Mar 12 16:41:57 CET 2021, elapsed time 0 seconds
