# lattice-best-path --lm-scale=12 --word-symbol-table=exp/tri3a/graph/words.txt "ark:gunzip -c exp/tri3a/decode/lat.*.gz|" ark,t:exp/tri3a/decode/scoring/12.tra 
# Started at Fri Mar 12 16:41:57 CET 2021
#
lattice-best-path --lm-scale=12 --word-symbol-table=exp/tri3a/graph/words.txt 'ark:gunzip -c exp/tri3a/decode/lat.*.gz|' ark,t:exp/tri3a/decode/scoring/12.tra 
LOG (lattice-best-path[5.5.891~1-37628]:main():lattice-best-path.cc:99) For utterance 1041_100, best cost 241.548 + 5580.47 = 5822.02 over 87 frames.
1041_100 pran dé la 
LOG (lattice-best-path[5.5.891~1-37628]:main():lattice-best-path.cc:99) For utterance 1041_106, best cost 321.257 + 9205.96 = 9527.21 over 142 frames.
1041_106 ou ka tann ka palé 
LOG (lattice-best-path[5.5.891~1-37628]:main():lattice-best-path.cc:99) For utterance 1041_108, best cost 708.877 + 24288.5 = 24997.4 over 382 frames.
1041_108 ka tann an tèm patikilyé bon poukwa ou pa ka di 
LOG (lattice-best-path[5.5.891~1-37628]:main():lattice-best-path.cc:99) For utterance 1041_42, best cost 521.576 + 17287.9 = 17809.5 over 276 frames.
1041_42 nou ki kanmen ki pou miss 
LOG (lattice-best-path[5.5.891~1-37628]:main():lattice-best-path.cc:99) For utterance 1041_50, best cost 406.448 + 18038 = 18444.5 over 285 frames.
1041_50 fè sesi poukwa ou pa ay 
LOG (lattice-best-path[5.5.891~1-37628]:main():lattice-best-path.cc:99) For utterance 1041_56, best cost 682.495 + 19234.1 = 19916.6 over 284 frames.
1041_56 sé aprann mwen té ka ankò ou pa ka tann 
LOG (lattice-best-path[5.5.891~1-37628]:main():lattice-best-path.cc:99) For utterance 1041_67, best cost 203.355 + 5694.25 = 5897.6 over 94 frames.
1041_67 an ka tann 
LOG (lattice-best-path[5.5.891~1-37628]:main():lattice-best-path.cc:99) For utterance 1041_71, best cost 1009.83 + 30640.2 = 31650 over 498 frames.
1041_71 abon an ka abon an sa tout sa pa ka tann ka kay 
LOG (lattice-best-path[5.5.891~1-37628]:main():lattice-best-path.cc:99) For utterance 1041_82, best cost 820.492 + 23953.2 = 24773.7 over 383 frames.
1041_82 rantré paské toujou mwen an pa ka sa ka tann 
LOG (lattice-best-path[5.5.891~1-37628]:main():lattice-best-path.cc:99) For utterance 1041_88, best cost 540.205 + 16614.4 = 17154.6 over 251 frames.
1041_88 paské sé paské paské timoun la 
LOG (lattice-best-path[5.5.891~1-37628]:main():lattice-best-path.cc:124) Overall cost per frame is 65.6201 = 2.03433 [graph] + 63.5857 [acoustic] over 2682 frames.
LOG (lattice-best-path[5.5.891~1-37628]:main():lattice-best-path.cc:128) Done 10 lattices, failed for 0
# Accounting: time=0 threads=1
# Ended (code 0) at Fri Mar 12 16:41:57 CET 2021, elapsed time 0 seconds
