# lattice-best-path --lm-scale=14 --word-symbol-table=exp/tri3a/graph/words.txt "ark:gunzip -c exp/tri3a/decode/lat.*.gz|" ark,t:exp/tri3a/decode/scoring/14.tra 
# Started at Fri Mar 12 16:41:57 CET 2021
#
lattice-best-path --lm-scale=14 --word-symbol-table=exp/tri3a/graph/words.txt 'ark:gunzip -c exp/tri3a/decode/lat.*.gz|' ark,t:exp/tri3a/decode/scoring/14.tra 
LOG (lattice-best-path[5.5.891~1-37628]:main():lattice-best-path.cc:99) For utterance 1041_100, best cost 233.01 + 5625.98 = 5858.99 over 87 frames.
1041_100 an tann 
LOG (lattice-best-path[5.5.891~1-37628]:main():lattice-best-path.cc:99) For utterance 1041_106, best cost 374.8 + 9205.96 = 9580.76 over 142 frames.
1041_106 ou ka tann ka palé 
LOG (lattice-best-path[5.5.891~1-37628]:main():lattice-best-path.cc:99) For utterance 1041_108, best cost 785.013 + 24326.9 = 25111.9 over 382 frames.
1041_108 ka tann an tèm patikilyé bon poukwa ou pa ka tann 
LOG (lattice-best-path[5.5.891~1-37628]:main():lattice-best-path.cc:99) For utterance 1041_42, best cost 570.291 + 17324.7 = 17895 over 276 frames.
1041_42 nou ki kanmen ki oubliyé sa 
LOG (lattice-best-path[5.5.891~1-37628]:main():lattice-best-path.cc:99) For utterance 1041_50, best cost 474.19 + 18038 = 18512.2 over 285 frames.
1041_50 fè sesi poukwa ou pa ay 
LOG (lattice-best-path[5.5.891~1-37628]:main():lattice-best-path.cc:99) For utterance 1041_56, best cost 563.257 + 19451.3 = 20014.5 over 284 frames.
1041_56 aprann aksèpté pa ka tann 
LOG (lattice-best-path[5.5.891~1-37628]:main():lattice-best-path.cc:99) For utterance 1041_67, best cost 237.247 + 5694.25 = 5931.5 over 94 frames.
1041_67 an ka tann 
LOG (lattice-best-path[5.5.891~1-37628]:main():lattice-best-path.cc:99) For utterance 1041_71, best cost 930.32 + 30864.3 = 31794.6 over 498 frames.
1041_71 abon ni tou sa tou sa an ka an pa ka di 
LOG (lattice-best-path[5.5.891~1-37628]:main():lattice-best-path.cc:99) For utterance 1041_82, best cost 795.286 + 24108.3 = 24903.6 over 383 frames.
1041_82 rantré paské sé mwen té ka an pa ka tann 
LOG (lattice-best-path[5.5.891~1-37628]:main():lattice-best-path.cc:99) For utterance 1041_88, best cost 630.24 + 16614.4 = 17244.6 over 251 frames.
1041_88 paské sé paské paské timoun la 
LOG (lattice-best-path[5.5.891~1-37628]:main():lattice-best-path.cc:124) Overall cost per frame is 65.9387 = 2.08563 [graph] + 63.8531 [acoustic] over 2682 frames.
LOG (lattice-best-path[5.5.891~1-37628]:main():lattice-best-path.cc:128) Done 10 lattices, failed for 0
# Accounting: time=0 threads=1
# Ended (code 0) at Fri Mar 12 16:41:57 CET 2021, elapsed time 0 seconds
