# lattice-best-path --lm-scale=8 --word-symbol-table=exp/tri3a/graph/words.txt "ark:gunzip -c exp/tri3a/decode/lat.*.gz|" ark,t:exp/tri3a/decode/scoring/8.tra 
# Started at Fri Mar 12 16:41:57 CET 2021
#
lattice-best-path --lm-scale=8 --word-symbol-table=exp/tri3a/graph/words.txt 'ark:gunzip -c exp/tri3a/decode/lat.*.gz|' ark,t:exp/tri3a/decode/scoring/8.tra 
LOG (lattice-best-path[5.5.891~1-37628]:main():lattice-best-path.cc:99) For utterance 1041_100, best cost 170.01 + 5571.1 = 5741.11 over 87 frames.
1041_100 pran dé aw 
LOG (lattice-best-path[5.5.891~1-37628]:main():lattice-best-path.cc:99) For utterance 1041_106, best cost 286.997 + 9129.7 = 9416.7 over 142 frames.
1041_106 ou ka tann ka pa sa 
LOG (lattice-best-path[5.5.891~1-37628]:main():lattice-best-path.cc:99) For utterance 1041_108, best cost 472.585 + 24288.5 = 24761.1 over 382 frames.
1041_108 ka tann an tèm patikilyé bon poukwa ou pa ka di 
LOG (lattice-best-path[5.5.891~1-37628]:main():lattice-best-path.cc:99) For utterance 1041_42, best cost 349.875 + 17284.8 = 17634.6 over 276 frames.
1041_42 nou ki kanmen ki nou miss 
LOG (lattice-best-path[5.5.891~1-37628]:main():lattice-best-path.cc:99) For utterance 1041_50, best cost 459.007 + 17807.8 = 18266.8 over 285 frames.
1041_50 mélanj la té jà vwè tou sa kwa jòdla 
LOG (lattice-best-path[5.5.891~1-37628]:main():lattice-best-path.cc:99) For utterance 1041_56, best cost 491.65 + 19191 = 19682.7 over 284 frames.
1041_56 sé ka aprann mwen té ka ankò ou pa ka tann 
LOG (lattice-best-path[5.5.891~1-37628]:main():lattice-best-path.cc:99) For utterance 1041_67, best cost 142.976 + 5684.8 = 5827.78 over 94 frames.
1041_67 an pa ka tann 
LOG (lattice-best-path[5.5.891~1-37628]:main():lattice-best-path.cc:99) For utterance 1041_71, best cost 789.462 + 30489.9 = 31279.3 over 498 frames.
1041_71 abon an ni la abon an sa tout sa ka ka kontan ka kay 
LOG (lattice-best-path[5.5.891~1-37628]:main():lattice-best-path.cc:99) For utterance 1041_82, best cost 612.014 + 23887.7 = 24499.7 over 383 frames.
1041_82 si ritm la paské toujou mwen an pa ka sa ka tann 
LOG (lattice-best-path[5.5.891~1-37628]:main():lattice-best-path.cc:99) For utterance 1041_88, best cost 379.618 + 16588.1 = 16967.8 over 251 frames.
1041_88 paské sé paské an sa koumansé 
LOG (lattice-best-path[5.5.891~1-37628]:main():lattice-best-path.cc:124) Overall cost per frame is 64.9059 = 1.54892 [graph] + 63.357 [acoustic] over 2682 frames.
LOG (lattice-best-path[5.5.891~1-37628]:main():lattice-best-path.cc:128) Done 10 lattices, failed for 0
# Accounting: time=0 threads=1
# Ended (code 0) at Fri Mar 12 16:41:57 CET 2021, elapsed time 0 seconds
