# lattice-best-path --lm-scale=17 --word-symbol-table=exp/tri1/graph/words.txt "ark:gunzip -c exp/tri1/decode/lat.*.gz|" ark,t:exp/tri1/decode/scoring/17.tra 
# Started at Fri Mar 12 16:40:39 CET 2021
#
lattice-best-path --lm-scale=17 --word-symbol-table=exp/tri1/graph/words.txt 'ark:gunzip -c exp/tri1/decode/lat.*.gz|' ark,t:exp/tri1/decode/scoring/17.tra 
LOG (lattice-best-path[5.5.891~1-37628]:main():lattice-best-path.cc:99) For utterance 1041_100, best cost 349.291 + 8897.82 = 9247.11 over 87 frames.
1041_100 en i té ka 
LOG (lattice-best-path[5.5.891~1-37628]:main():lattice-best-path.cc:99) For utterance 1041_106, best cost 419.131 + 14523.1 = 14942.2 over 142 frames.
1041_106 konprann ka palé 
LOG (lattice-best-path[5.5.891~1-37628]:main():lattice-best-path.cc:99) For utterance 1041_108, best cost 654.227 + 37505 = 38159.3 over 382 frames.
1041_108 ka tann an atandan mardi 
LOG (lattice-best-path[5.5.891~1-37628]:main():lattice-best-path.cc:99) For utterance 1041_42, best cost 671.526 + 26843.7 = 27515.3 over 276 frames.
1041_42 ni ki kanmen ki jan 
LOG (lattice-best-path[5.5.891~1-37628]:main():lattice-best-path.cc:99) For utterance 1041_50, best cost 714.887 + 28410.3 = 29125.2 over 285 frames.
1041_50 gras ké diw poukwa ou pa ay 
LOG (lattice-best-path[5.5.891~1-37628]:main():lattice-best-path.cc:99) For utterance 1041_56, best cost 697.234 + 29335.8 = 30033.1 over 284 frames.
1041_56 ou ka konstaté aktyèlman an ka tann 
LOG (lattice-best-path[5.5.891~1-37628]:main():lattice-best-path.cc:99) For utterance 1041_67, best cost 315.086 + 9156.11 = 9471.19 over 94 frames.
1041_67 an ka di 
LOG (lattice-best-path[5.5.891~1-37628]:main():lattice-best-path.cc:99) For utterance 1041_71, best cost 1267.69 + 48627.8 = 49895.4 over 498 frames.
1041_71 an senten ka tann la daprè tou sa an ka konprann ka di 
LOG (lattice-best-path[5.5.891~1-37628]:main():lattice-best-path.cc:99) For utterance 1041_82, best cost 1097.47 + 37929.4 = 39026.8 over 383 frames.
1041_82 youniti kon la sent tou sa an ka konprann saw ka tann 
LOG (lattice-best-path[5.5.891~1-37628]:main():lattice-best-path.cc:99) For utterance 1041_88, best cost 728.084 + 25620.3 = 26348.4 over 251 frames.
1041_88 nou té ka sa koumansé entrigé mwen 
LOG (lattice-best-path[5.5.891~1-37628]:main():lattice-best-path.cc:124) Overall cost per frame is 102.075 = 2.57816 [graph] + 99.4964 [acoustic] over 2682 frames.
LOG (lattice-best-path[5.5.891~1-37628]:main():lattice-best-path.cc:128) Done 10 lattices, failed for 0
# Accounting: time=0 threads=1
# Ended (code 0) at Fri Mar 12 16:40:39 CET 2021, elapsed time 0 seconds
