# lattice-best-path --lm-scale=11 --word-symbol-table=exp/tri1/graph/words.txt "ark:gunzip -c exp/tri1/decode/lat.*.gz|" ark,t:exp/tri1/decode/scoring/11.tra 
# Started at Fri Mar 12 16:40:39 CET 2021
#
lattice-best-path --lm-scale=11 --word-symbol-table=exp/tri1/graph/words.txt 'ark:gunzip -c exp/tri1/decode/lat.*.gz|' ark,t:exp/tri1/decode/scoring/11.tra 
LOG (lattice-best-path[5.5.891~1-37628]:main():lattice-best-path.cc:99) For utterance 1041_100, best cost 226.012 + 8897.82 = 9123.83 over 87 frames.
1041_100 en i té ka 
LOG (lattice-best-path[5.5.891~1-37628]:main():lattice-best-path.cc:99) For utterance 1041_106, best cost 512.755 + 14248.6 = 14761.3 over 142 frames.
1041_106 kon on vou kont pa ay fè sa 
LOG (lattice-best-path[5.5.891~1-37628]:main():lattice-best-path.cc:99) For utterance 1041_108, best cost 585.463 + 37271.2 = 37856.7 over 382 frames.
1041_108 ka tann an pòté plent poukwa ou pa ay pòté 
LOG (lattice-best-path[5.5.891~1-37628]:main():lattice-best-path.cc:99) For utterance 1041_42, best cost 480.342 + 26785.2 = 27265.5 over 276 frames.
1041_42 ni ki kanmen ki jodijou 
LOG (lattice-best-path[5.5.891~1-37628]:main():lattice-best-path.cc:99) For utterance 1041_50, best cost 550.197 + 28288.4 = 28838.6 over 285 frames.
1041_50 gro kado ki di mwen sé pou ay 
LOG (lattice-best-path[5.5.891~1-37628]:main():lattice-best-path.cc:99) For utterance 1041_56, best cost 591.117 + 29164.1 = 29755.2 over 284 frames.
1041_56 ou ka tann té ka fè sela kontan 
LOG (lattice-best-path[5.5.891~1-37628]:main():lattice-best-path.cc:99) For utterance 1041_67, best cost 203.879 + 9156.11 = 9359.98 over 94 frames.
1041_67 an ka di 
LOG (lattice-best-path[5.5.891~1-37628]:main():lattice-best-path.cc:99) For utterance 1041_71, best cost 820.27 + 48627.8 = 49448 over 498 frames.
1041_71 an senten ka tann la daprè tou sa an ka konprann ka di 
LOG (lattice-best-path[5.5.891~1-37628]:main():lattice-best-path.cc:99) For utterance 1041_82, best cost 710.127 + 37929.4 = 38639.5 over 383 frames.
1041_82 youniti kon la sent tou sa an ka konprann saw ka tann 
LOG (lattice-best-path[5.5.891~1-37628]:main():lattice-best-path.cc:99) For utterance 1041_88, best cost 561.716 + 25527.4 = 26089.1 over 251 frames.
1041_88 a nou té ka sa ka entrigé mwen 
LOG (lattice-best-path[5.5.891~1-37628]:main():lattice-best-path.cc:124) Overall cost per frame is 101.095 = 1.95447 [graph] + 99.1409 [acoustic] over 2682 frames.
LOG (lattice-best-path[5.5.891~1-37628]:main():lattice-best-path.cc:128) Done 10 lattices, failed for 0
# Accounting: time=0 threads=1
# Ended (code 0) at Fri Mar 12 16:40:39 CET 2021, elapsed time 0 seconds
