# lattice-best-path --lm-scale=8 --word-symbol-table=exp/tri1/graph/words.txt "ark:gunzip -c exp/tri1/decode/lat.*.gz|" ark,t:exp/tri1/decode/scoring/8.tra 
# Started at Fri Mar 12 16:40:39 CET 2021
#
lattice-best-path --lm-scale=8 --word-symbol-table=exp/tri1/graph/words.txt 'ark:gunzip -c exp/tri1/decode/lat.*.gz|' ark,t:exp/tri1/decode/scoring/8.tra 
LOG (lattice-best-path[5.5.891~1-37628]:main():lattice-best-path.cc:99) For utterance 1041_100, best cost 236.547 + 8812.17 = 9048.72 over 87 frames.
1041_100 son kès dé tréné 
LOG (lattice-best-path[5.5.891~1-37628]:main():lattice-best-path.cc:99) For utterance 1041_106, best cost 398.595 + 14222.4 = 14621 over 142 frames.
1041_106 ou ka sé on vou kont pa ay fè sa 
LOG (lattice-best-path[5.5.891~1-37628]:main():lattice-best-path.cc:99) For utterance 1041_108, best cost 538.318 + 37126 = 37664.4 over 382 frames.
1041_108 ka tann an i té ka adan anfèt poukwa ou pa ay pòté 
LOG (lattice-best-path[5.5.891~1-37628]:main():lattice-best-path.cc:99) For utterance 1041_42, best cost 349.339 + 26785.2 = 27134.5 over 276 frames.
1041_42 ni ki kanmen ki jodijou 
LOG (lattice-best-path[5.5.891~1-37628]:main():lattice-best-path.cc:99) For utterance 1041_50, best cost 451.885 + 28233.3 = 28685.2 over 285 frames.
1041_50 kilti an ki di mwen sé kaz ay 
LOG (lattice-best-path[5.5.891~1-37628]:main():lattice-best-path.cc:99) For utterance 1041_56, best cost 439.054 + 29152.9 = 29592 over 284 frames.
1041_56 ou ka tann tout aprè sa kontan 
LOG (lattice-best-path[5.5.891~1-37628]:main():lattice-best-path.cc:99) For utterance 1041_67, best cost 170.984 + 9124.96 = 9295.95 over 94 frames.
1041_67 an pa ka di 
LOG (lattice-best-path[5.5.891~1-37628]:main():lattice-best-path.cc:99) For utterance 1041_71, best cost 860.642 + 48324.3 = 49184.9 over 498 frames.
1041_71 an kon pou fè nou ka tann la sa pou sa ka ké ou pa nou ka ka di 
LOG (lattice-best-path[5.5.891~1-37628]:main():lattice-best-path.cc:99) For utterance 1041_82, best cost 580.287 + 37862.4 = 38442.7 over 383 frames.
1041_82 youniti kon la ki yè la nou ka konprann saw ka tann 
LOG (lattice-best-path[5.5.891~1-37628]:main():lattice-best-path.cc:99) For utterance 1041_88, best cost 408.521 + 25527.4 = 25935.9 over 251 frames.
1041_88 a nou té ka sa ka entrigé mwen 
LOG (lattice-best-path[5.5.891~1-37628]:main():lattice-best-path.cc:124) Overall cost per frame is 100.524 = 1.65331 [graph] + 98.8707 [acoustic] over 2682 frames.
LOG (lattice-best-path[5.5.891~1-37628]:main():lattice-best-path.cc:128) Done 10 lattices, failed for 0
# Accounting: time=0 threads=1
# Ended (code 0) at Fri Mar 12 16:40:39 CET 2021, elapsed time 0 seconds
