# lattice-best-path --lm-scale=15 --word-symbol-table=exp/tri1/graph/words.txt "ark:gunzip -c exp/tri1/decode/lat.*.gz|" ark,t:exp/tri1/decode/scoring/15.tra 
# Started at Fri Mar 12 16:40:39 CET 2021
#
lattice-best-path --lm-scale=15 --word-symbol-table=exp/tri1/graph/words.txt 'ark:gunzip -c exp/tri1/decode/lat.*.gz|' ark,t:exp/tri1/decode/scoring/15.tra 
LOG (lattice-best-path[5.5.891~1-37628]:main():lattice-best-path.cc:99) For utterance 1041_100, best cost 308.198 + 8897.82 = 9206.02 over 87 frames.
1041_100 en i té ka 
LOG (lattice-best-path[5.5.891~1-37628]:main():lattice-best-path.cc:99) For utterance 1041_106, best cost 430.04 + 14459.1 = 14889.1 over 142 frames.
1041_106 kon kon yo ka palé 
LOG (lattice-best-path[5.5.891~1-37628]:main():lattice-best-path.cc:99) For utterance 1041_108, best cost 798.358 + 37271.2 = 38069.6 over 382 frames.
1041_108 ka tann an pòté plent poukwa ou pa ay pòté 
LOG (lattice-best-path[5.5.891~1-37628]:main():lattice-best-path.cc:99) For utterance 1041_42, best cost 592.523 + 26843.7 = 27436.3 over 276 frames.
1041_42 ni ki kanmen ki jan 
LOG (lattice-best-path[5.5.891~1-37628]:main():lattice-best-path.cc:99) For utterance 1041_50, best cost 750.268 + 28288.4 = 29038.7 over 285 frames.
1041_50 gro kado ki di mwen sé pou ay 
LOG (lattice-best-path[5.5.891~1-37628]:main():lattice-best-path.cc:99) For utterance 1041_56, best cost 631.243 + 29318.8 = 29950.1 over 284 frames.
1041_56 ou ka konstaté aktyèlman an konprann 
LOG (lattice-best-path[5.5.891~1-37628]:main():lattice-best-path.cc:99) For utterance 1041_67, best cost 278.017 + 9156.11 = 9434.12 over 94 frames.
1041_67 an ka di 
LOG (lattice-best-path[5.5.891~1-37628]:main():lattice-best-path.cc:99) For utterance 1041_71, best cost 1118.55 + 48627.8 = 49746.3 over 498 frames.
1041_71 an senten ka tann la daprè tou sa an ka konprann ka di 
LOG (lattice-best-path[5.5.891~1-37628]:main():lattice-best-path.cc:99) For utterance 1041_82, best cost 968.354 + 37929.4 = 38897.7 over 383 frames.
1041_82 youniti kon la sent tou sa an ka konprann saw ka tann 
LOG (lattice-best-path[5.5.891~1-37628]:main():lattice-best-path.cc:99) For utterance 1041_88, best cost 642.427 + 25620.3 = 26262.7 over 251 frames.
1041_88 nou té ka sa koumansé entrigé mwen 
LOG (lattice-best-path[5.5.891~1-37628]:main():lattice-best-path.cc:124) Overall cost per frame is 101.764 = 2.43027 [graph] + 99.3336 [acoustic] over 2682 frames.
LOG (lattice-best-path[5.5.891~1-37628]:main():lattice-best-path.cc:128) Done 10 lattices, failed for 0
# Accounting: time=0 threads=1
# Ended (code 0) at Fri Mar 12 16:40:39 CET 2021, elapsed time 0 seconds
