# lattice-best-path --lm-scale=10 --word-symbol-table=exp/tri1/graph/words.txt "ark:gunzip -c exp/tri1/decode/lat.*.gz|" ark,t:exp/tri1/decode/scoring/10.tra 
# Started at Fri Mar 12 16:40:39 CET 2021
#
lattice-best-path --lm-scale=10 --word-symbol-table=exp/tri1/graph/words.txt 'ark:gunzip -c exp/tri1/decode/lat.*.gz|' ark,t:exp/tri1/decode/scoring/10.tra 
LOG (lattice-best-path[5.5.891~1-37628]:main():lattice-best-path.cc:99) For utterance 1041_100, best cost 227.56 + 8875.52 = 9103.08 over 87 frames.
1041_100 an moun té ka 
LOG (lattice-best-path[5.5.891~1-37628]:main():lattice-best-path.cc:99) For utterance 1041_106, best cost 466.141 + 14248.6 = 14714.7 over 142 frames.
1041_106 kon on vou kont pa ay fè sa 
LOG (lattice-best-path[5.5.891~1-37628]:main():lattice-best-path.cc:99) For utterance 1041_108, best cost 633.819 + 37159.6 = 37793.4 over 382 frames.
1041_108 ka tann an i té ka plent poukwa ou pa ay pòté 
LOG (lattice-best-path[5.5.891~1-37628]:main():lattice-best-path.cc:99) For utterance 1041_42, best cost 436.674 + 26785.2 = 27221.9 over 276 frames.
1041_42 ni ki kanmen ki jodijou 
LOG (lattice-best-path[5.5.891~1-37628]:main():lattice-best-path.cc:99) For utterance 1041_50, best cost 500.179 + 28288.4 = 28788.6 over 285 frames.
1041_50 gro kado ki di mwen sé pou ay 
LOG (lattice-best-path[5.5.891~1-37628]:main():lattice-best-path.cc:99) For utterance 1041_56, best cost 537.379 + 29164.1 = 29701.5 over 284 frames.
1041_56 ou ka tann té ka fè sela kontan 
LOG (lattice-best-path[5.5.891~1-37628]:main():lattice-best-path.cc:99) For utterance 1041_67, best cost 213.73 + 9124.96 = 9338.69 over 94 frames.
1041_67 an pa ka di 
LOG (lattice-best-path[5.5.891~1-37628]:main():lattice-best-path.cc:99) For utterance 1041_71, best cost 805.265 + 48565.9 = 49371.2 over 498 frames.
1041_71 an lang ni ka tann la daprè tou sa an ka konprann ka di 
LOG (lattice-best-path[5.5.891~1-37628]:main():lattice-best-path.cc:99) For utterance 1041_82, best cost 645.569 + 37929.4 = 38574.9 over 383 frames.
1041_82 youniti kon la sent tou sa an ka konprann saw ka tann 
LOG (lattice-best-path[5.5.891~1-37628]:main():lattice-best-path.cc:99) For utterance 1041_88, best cost 510.651 + 25527.4 = 26038 over 251 frames.
1041_88 a nou té ka sa ka entrigé mwen 
LOG (lattice-best-path[5.5.891~1-37628]:main():lattice-best-path.cc:124) Overall cost per frame is 100.912 = 1.85569 [graph] + 99.0563 [acoustic] over 2682 frames.
LOG (lattice-best-path[5.5.891~1-37628]:main():lattice-best-path.cc:128) Done 10 lattices, failed for 0
# Accounting: time=0 threads=1
# Ended (code 0) at Fri Mar 12 16:40:39 CET 2021, elapsed time 0 seconds
