# gunzip -c exp/tri2/decode/depth_tmp.*.gz | steps/diagnostic/analyze_lattice_depth_stats.py exp/tri2/graph exp/tri2/decode/ali_frame_tmp.gz 
# Started at Fri Mar 12 17:50:17 CET 2021
#
The total amount of data analyzed assuming 100 frames per second is 0.2 hours
Overall, lattice depth (10,50,90-percentile)=(5,26,102) and mean=43.4
Phone SIL accounts for 50.7% of frames, with lattice depth (10,50,90-percentile)=(5,25,99) and mean=41.3
Nonsilence phones as a group account for 49.3% of frames, with lattice depth (10,50,90-percentile)=(5,27,110) and mean=45.5
Phone aa_E accounts for 4.0% of frames, with lattice depth (10,50,90-percentile)=(4,26,91) and mean=39.8
Phone ii_E accounts for 2.9% of frames, with lattice depth (10,50,90-percentile)=(7,34,126) and mean=54.5
Phone nn_E accounts for 2.9% of frames, with lattice depth (10,50,90-percentile)=(6,23,85) and mean=33.8
Phone kk_B accounts for 2.4% of frames, with lattice depth (10,50,90-percentile)=(12,33,105) and mean=51.4
Phone an_S accounts for 2.2% of frames, with lattice depth (10,50,90-percentile)=(11,24,116) and mean=44.8
Phone pp_B accounts for 1.5% of frames, with lattice depth (10,50,90-percentile)=(7,35,100) and mean=49.1
Phone ss_B accounts for 1.5% of frames, with lattice depth (10,50,90-percentile)=(4,19,101) and mean=37.7
Phone mm_B accounts for 1.5% of frames, with lattice depth (10,50,90-percentile)=(5,13,95) and mean=29.9
Phone aa_I accounts for 1.5% of frames, with lattice depth (10,50,90-percentile)=(2,25,93) and mean=38.8
Phone mm_E accounts for 1.3% of frames, with lattice depth (10,50,90-percentile)=(7,29,93) and mean=40.0
Phone tt_B accounts for 1.0% of frames, with lattice depth (10,50,90-percentile)=(8,50,164) and mean=66.2
Phone ii_I accounts for 1.0% of frames, with lattice depth (10,50,90-percentile)=(2,35,138) and mean=51.8
Phone oe_B accounts for 0.9% of frames, with lattice depth (10,50,90-percentile)=(3,17,81) and mean=29.0
Phone ou_E accounts for 0.9% of frames, with lattice depth (10,50,90-percentile)=(4,23,99) and mean=38.9
Phone an_E accounts for 0.9% of frames, with lattice depth (10,50,90-percentile)=(5,39,122) and mean=59.5
Phone an_I accounts for 0.9% of frames, with lattice depth (10,50,90-percentile)=(5,31,81) and mean=53.2
Phone dd_B accounts for 0.9% of frames, with lattice depth (10,50,90-percentile)=(6,34,125) and mean=51.8
Phone ss_I accounts for 0.9% of frames, with lattice depth (10,50,90-percentile)=(2,10,56) and mean=23.9
Phone ai_B accounts for 0.7% of frames, with lattice depth (10,50,90-percentile)=(13,41,118) and mean=58.5
Phone aa_B accounts for 0.7% of frames, with lattice depth (10,50,90-percentile)=(4,36,145) and mean=51.3
Phone aa_S accounts for 0.7% of frames, with lattice depth (10,50,90-percentile)=(9,17,86) and mean=28.0
Phone ll_B accounts for 0.7% of frames, with lattice depth (10,50,90-percentile)=(5,20,65) and mean=27.1
Phone on_I accounts for 0.7% of frames, with lattice depth (10,50,90-percentile)=(3,18,65) and mean=30.0
Phone ww_I accounts for 0.7% of frames, with lattice depth (10,50,90-percentile)=(4,15,58) and mean=23.9
Phone ei_E accounts for 0.7% of frames, with lattice depth (10,50,90-percentile)=(24,74,186) and mean=94.7
Phone ss_E accounts for 0.7% of frames, with lattice depth (10,50,90-percentile)=(14,34,84) and mean=45.5
Phone jj_B accounts for 0.6% of frames, with lattice depth (10,50,90-percentile)=(5,25,118) and mean=50.2
Phone an_B accounts for 0.6% of frames, with lattice depth (10,50,90-percentile)=(9,30,95) and mean=45.8
Phone zz_E accounts for 0.6% of frames, with lattice depth (10,50,90-percentile)=(9,29,74) and mean=37.4
Phone rr_I accounts for 0.6% of frames, with lattice depth (10,50,90-percentile)=(6,37,199) and mean=67.5
Phone nn_B accounts for 0.6% of frames, with lattice depth (10,50,90-percentile)=(4,28,61) and mean=34.0
Phone tt_I accounts for 0.5% of frames, with lattice depth (10,50,90-percentile)=(2,31,138) and mean=54.0
Phone kk_E accounts for 0.5% of frames, with lattice depth (10,50,90-percentile)=(3,18,94) and mean=44.1
# Accounting: time=0 threads=1
# Ended (code 0) at Fri Mar 12 17:50:17 CET 2021, elapsed time 0 seconds
