# gmm-est --mix-up=6700 --power=0.25 --write-occs=exp/tri1/8.occs exp/tri1/7.mdl "gmm-sum-accs - exp/tri1/7.*.acc |" exp/tri1/8.mdl 
# Started at Fri Mar 12 16:40:15 CET 2021
#
gmm-est --mix-up=6700 --power=0.25 --write-occs=exp/tri1/8.occs exp/tri1/7.mdl 'gmm-sum-accs - exp/tri1/7.*.acc |' exp/tri1/8.mdl 
gmm-sum-accs - exp/tri1/7.1.acc 
LOG (gmm-sum-accs[5.5.891~1-37628]:main():gmm-sum-accs.cc:63) Summed 1 stats, total count 25328, avg like/frame -89.2336
LOG (gmm-sum-accs[5.5.891~1-37628]:main():gmm-sum-accs.cc:66) Total count of stats is 25328
LOG (gmm-sum-accs[5.5.891~1-37628]:main():gmm-sum-accs.cc:67) Written stats to -
LOG (gmm-est[5.5.891~1-37628]:MleUpdate():transition-model.cc:528) TransitionModel::Update, objf change is 0 per frame over 25328 frames. 
LOG (gmm-est[5.5.891~1-37628]:MleUpdate():transition-model.cc:531) 19 probabilities floored, 746 out of 1064 transition-states skipped due to insuffient data (it is normal to have some skipped.)
LOG (gmm-est[5.5.891~1-37628]:main():gmm-est.cc:102) Transition model update: Overall 0 log-like improvement per frame over 25328 frames.
WARNING (gmm-est[5.5.891~1-37628]:MleDiagGmmUpdate():mle-diag-gmm.cc:359) Too little data - removing Gaussian (weight 0.004203, occupation count 7.661659, vector size 39)
WARNING (gmm-est[5.5.891~1-37628]:MleDiagGmmUpdate():mle-diag-gmm.cc:359) Too little data - removing Gaussian (weight 0.005186, occupation count 9.453325, vector size 39)
WARNING (gmm-est[5.5.891~1-37628]:MleDiagGmmUpdate():mle-diag-gmm.cc:359) Too little data - removing Gaussian (weight 0.004386, occupation count 7.996413, vector size 39)
WARNING (gmm-est[5.5.891~1-37628]:MleDiagGmmUpdate():mle-diag-gmm.cc:359) Too little data - removing Gaussian (weight 0.005312, occupation count 9.683727, vector size 39)
WARNING (gmm-est[5.5.891~1-37628]:MleDiagGmmUpdate():mle-diag-gmm.cc:359) Too little data - removing Gaussian (weight 0.004901, occupation count 8.933675, vector size 39)
WARNING (gmm-est[5.5.891~1-37628]:MleDiagGmmUpdate():mle-diag-gmm.cc:365) Gaussian has too little data but not removing it because it is the last Gaussian: i = 0, occ = 0, weight = 1
WARNING (gmm-est[5.5.891~1-37628]:MleDiagGmmUpdate():mle-diag-gmm.cc:365) Gaussian has too little data but not removing it because it is the last Gaussian: i = 0, occ = 0, weight = 1
WARNING (gmm-est[5.5.891~1-37628]:MleDiagGmmUpdate():mle-diag-gmm.cc:365) Gaussian has too little data but not removing it because it is the last Gaussian: i = 0, occ = 0, weight = 1
WARNING (gmm-est[5.5.891~1-37628]:MleDiagGmmUpdate():mle-diag-gmm.cc:365) Gaussian has too little data but not removing it because it is the last Gaussian: i = 0, occ = 0, weight = 1
WARNING (gmm-est[5.5.891~1-37628]:MleDiagGmmUpdate():mle-diag-gmm.cc:365) Gaussian has too little data but not removing it because it is the last Gaussian: i = 0, occ = 0, weight = 1
WARNING (gmm-est[5.5.891~1-37628]:MleDiagGmmUpdate():mle-diag-gmm.cc:365) Gaussian has too little data but not removing it because it is the last Gaussian: i = 0, occ = 0, weight = 1
WARNING (gmm-est[5.5.891~1-37628]:MleDiagGmmUpdate():mle-diag-gmm.cc:365) Gaussian has too little data but not removing it because it is the last Gaussian: i = 0, occ = 0, weight = 1
WARNING (gmm-est[5.5.891~1-37628]:MleDiagGmmUpdate():mle-diag-gmm.cc:365) Gaussian has too little data but not removing it because it is the last Gaussian: i = 0, occ = 0, weight = 1
WARNING (gmm-est[5.5.891~1-37628]:MleDiagGmmUpdate():mle-diag-gmm.cc:365) Gaussian has too little data but not removing it because it is the last Gaussian: i = 0, occ = 0, weight = 1
WARNING (gmm-est[5.5.891~1-37628]:MleDiagGmmUpdate():mle-diag-gmm.cc:365) Gaussian has too little data but not removing it because it is the last Gaussian: i = 0, occ = 0, weight = 1
WARNING (gmm-est[5.5.891~1-37628]:MleDiagGmmUpdate():mle-diag-gmm.cc:365) Gaussian has too little data but not removing it because it is the last Gaussian: i = 0, occ = 0, weight = 1
WARNING (gmm-est[5.5.891~1-37628]:MleDiagGmmUpdate():mle-diag-gmm.cc:365) Gaussian has too little data but not removing it because it is the last Gaussian: i = 0, occ = 0, weight = 1
WARNING (gmm-est[5.5.891~1-37628]:MleDiagGmmUpdate():mle-diag-gmm.cc:359) Too little data - removing Gaussian (weight 0.028972, occupation count 9.068266, vector size 39)
WARNING (gmm-est[5.5.891~1-37628]:MleDiagGmmUpdate():mle-diag-gmm.cc:365) Gaussian has too little data but not removing it because it is the last Gaussian: i = 0, occ = 3, weight = 1
WARNING (gmm-est[5.5.891~1-37628]:MleDiagGmmUpdate():mle-diag-gmm.cc:365) Gaussian has too little data but not removing it because it is the last Gaussian: i = 0, occ = 0, weight = 1
WARNING (gmm-est[5.5.891~1-37628]:MleDiagGmmUpdate():mle-diag-gmm.cc:365) Gaussian has too little data but not removing it because it is the last Gaussian: i = 0, occ = 0, weight = 1
WARNING (gmm-est[5.5.891~1-37628]:MleDiagGmmUpdate():mle-diag-gmm.cc:365) Gaussian has too little data but not removing it because it is the last Gaussian: i = 0, occ = 0, weight = 1
WARNING (gmm-est[5.5.891~1-37628]:MleDiagGmmUpdate():mle-diag-gmm.cc:359) Too little data - removing Gaussian (weight 0.009637, occupation count 9.376700, vector size 39)
WARNING (gmm-est[5.5.891~1-37628]:MleDiagGmmUpdate():mle-diag-gmm.cc:359) Too little data - removing Gaussian (weight 0.008240, occupation count 8.017611, vector size 39)
WARNING (gmm-est[5.5.891~1-37628]:MleDiagGmmUpdate():mle-diag-gmm.cc:359) Too little data - removing Gaussian (weight 0.008603, occupation count 9.764143, vector size 39)
WARNING (gmm-est[5.5.891~1-37628]:MleDiagGmmUpdate():mle-diag-gmm.cc:359) Too little data - removing Gaussian (weight 0.089933, occupation count 8.633524, vector size 39)
WARNING (gmm-est[5.5.891~1-37628]:MleDiagGmmUpdate():mle-diag-gmm.cc:359) Too little data - removing Gaussian (weight 0.039866, occupation count 9.966474, vector size 39)
WARNING (gmm-est[5.5.891~1-37628]:MleDiagGmmUpdate():mle-diag-gmm.cc:359) Too little data - removing Gaussian (weight 0.014222, occupation count 9.955325, vector size 39)
WARNING (gmm-est[5.5.891~1-37628]:MleDiagGmmUpdate():mle-diag-gmm.cc:359) Too little data - removing Gaussian (weight 0.014134, occupation count 9.894069, vector size 39)
WARNING (gmm-est[5.5.891~1-37628]:MleDiagGmmUpdate():mle-diag-gmm.cc:359) Too little data - removing Gaussian (weight 0.008914, occupation count 6.240054, vector size 39)
LOG (gmm-est[5.5.891~1-37628]:MleAmDiagGmmUpdate():mle-am-diag-gmm.cc:225) 0 variance elements floored in 0 Gaussians, out of 1196
LOG (gmm-est[5.5.891~1-37628]:MleAmDiagGmmUpdate():mle-am-diag-gmm.cc:229) Removed 14 Gaussians due to counts < --min-gaussian-occupancy=10 and --remove-low-count-gaussians=true
LOG (gmm-est[5.5.891~1-37628]:main():gmm-est.cc:113) GMM update: Overall 0.252427 objective function improvement per frame over 25328 frames
LOG (gmm-est[5.5.891~1-37628]:main():gmm-est.cc:116) GMM update: Overall avg like per frame = -89.2336 over 25328 frames.
WARNING (gmm-est[5.5.891~1-37628]:GetSplitTargets():model-common.cc:134) Could not split up to 6700 due to min-count = 20 (or no counts at all)

LOG (gmm-est[5.5.891~1-37628]:SplitByCount():am-diag-gmm.cc:116) Split 153 states with target = 6700, power = 0.25, perturb_factor = 0.01 and min_count = 20, split #Gauss from 1196 to 1210
LOG (gmm-est[5.5.891~1-37628]:main():gmm-est.cc:146) Written model to exp/tri1/8.mdl
# Accounting: time=0 threads=1
# Ended (code 0) at Fri Mar 12 16:40:15 CET 2021, elapsed time 0 seconds
