# ali-to-post "ark:gunzip -c exp/tri4a_ali/pre_ali.1.gz|" ark:- | weight-silence-post 0.0 1:2:3:4:5:6:7:8:9:10:11:12:13:14:15:16:17:18:19:20:21:22:23:24:25:26:27:28:29:30:31:32:33:34:35:36:37:38:39:40:41:42:43:44:45:46:47:48:49:50:51:52:53:54:55:56:57:58:59:60:61:62:63:64:65:66:67:68:69:70:71:72:73:74:75 exp/tri4a/final.alimdl ark:- ark:- | gmm-post-to-gpost exp/tri4a/final.alimdl "ark,s,cs:apply-cmvn  --utt2spk=ark:data/train/split2/1/utt2spk scp:data/train/split2/1/cmvn.scp scp:data/train/split2/1/feats.scp ark:- | splice-feats  ark:- ark:- | transform-feats exp/tri4a/final.mat ark:- ark:- |" ark:- ark:- | gmm-est-fmllr-gpost --fmllr-update-type=full --spk2utt=ark:data/train/split2/1/spk2utt exp/tri4a/final.mdl "ark,s,cs:apply-cmvn  --utt2spk=ark:data/train/split2/1/utt2spk scp:data/train/split2/1/cmvn.scp scp:data/train/split2/1/feats.scp ark:- | splice-feats  ark:- ark:- | transform-feats exp/tri4a/final.mat ark:- ark:- |" ark,s,cs:- ark:exp/tri4a_ali/trans.1 
# Started at Fri Mar 12 15:29:50 CET 2021
#
gmm-est-fmllr-gpost --fmllr-update-type=full --spk2utt=ark:data/train/split2/1/spk2utt exp/tri4a/final.mdl 'ark,s,cs:apply-cmvn  --utt2spk=ark:data/train/split2/1/utt2spk scp:data/train/split2/1/cmvn.scp scp:data/train/split2/1/feats.scp ark:- | splice-feats  ark:- ark:- | transform-feats exp/tri4a/final.mat ark:- ark:- |' ark,s,cs:- ark:exp/tri4a_ali/trans.1 
weight-silence-post 0.0 1:2:3:4:5:6:7:8:9:10:11:12:13:14:15:16:17:18:19:20:21:22:23:24:25:26:27:28:29:30:31:32:33:34:35:36:37:38:39:40:41:42:43:44:45:46:47:48:49:50:51:52:53:54:55:56:57:58:59:60:61:62:63:64:65:66:67:68:69:70:71:72:73:74:75 exp/tri4a/final.alimdl ark:- ark:- 
gmm-post-to-gpost exp/tri4a/final.alimdl 'ark,s,cs:apply-cmvn  --utt2spk=ark:data/train/split2/1/utt2spk scp:data/train/split2/1/cmvn.scp scp:data/train/split2/1/feats.scp ark:- | splice-feats  ark:- ark:- | transform-feats exp/tri4a/final.mat ark:- ark:- |' ark:- ark:- 
ali-to-post 'ark:gunzip -c exp/tri4a_ali/pre_ali.1.gz|' ark:- 
splice-feats ark:- ark:- 
transform-feats exp/tri4a/final.mat ark:- ark:- 
apply-cmvn --utt2spk=ark:data/train/split2/1/utt2spk scp:data/train/split2/1/cmvn.scp scp:data/train/split2/1/feats.scp ark:- 
apply-cmvn --utt2spk=ark:data/train/split2/1/utt2spk scp:data/train/split2/1/cmvn.scp scp:data/train/split2/1/feats.scp ark:- 
transform-feats exp/tri4a/final.mat ark:- ark:- 
splice-feats ark:- ark:- 
LOG (ali-to-post[5.5.891~1-37628]:main():ali-to-post.cc:73) Converted 1140 alignments.
LOG (weight-silence-post[5.5.891~1-37628]:main():weight-silence-post.cc:95) Done 1140 posteriors.
WARNING (gmm-est-fmllr-gpost[5.5.891~1-37628]:main():gmm-est-fmllr-gpost.cc:116) Did not find posteriors for utterance 1016_locuteur1_125_l
WARNING (gmm-est-fmllr-gpost[5.5.891~1-37628]:main():gmm-est-fmllr-gpost.cc:116) Did not find posteriors for utterance 1016_locuteur1_125_r
LOG (gmm-est-fmllr-gpost[5.5.891~1-37628]:ComputeFmllrMatrixDiagGmmFull():fmllr-diag-gmm.cc:262) fMLLR objf improvement is 10.9192 per frame over 60330 frames.
LOG (gmm-est-fmllr-gpost[5.5.891~1-37628]:main():gmm-est-fmllr-gpost.cc:141) For speaker 1016_locuteur1, auxf-impr from fMLLR is 10.9192, over 60330 frames.

LOG (gmm-est-fmllr-gpost[5.5.891~1-37628]:ComputeFmllrMatrixDiagGmmFull():fmllr-diag-gmm.cc:262) fMLLR objf improvement is 10.65 per frame over 35134 frames.
LOG (gmm-est-fmllr-gpost[5.5.891~1-37628]:main():gmm-est-fmllr-gpost.cc:141) For speaker 1016_locuteur2, auxf-impr from fMLLR is 10.65, over 35134 frames.

LOG (gmm-est-fmllr-gpost[5.5.891~1-37628]:ComputeFmllrMatrixDiagGmmFull():fmllr-diag-gmm.cc:262) fMLLR objf improvement is 13.4524 per frame over 13451 frames.
LOG (gmm-est-fmllr-gpost[5.5.891~1-37628]:main():gmm-est-fmllr-gpost.cc:141) For speaker 1022, auxf-impr from fMLLR is 13.4524, over 13451 frames.

LOG (gmm-est-fmllr-gpost[5.5.891~1-37628]:ComputeFmllrMatrixDiagGmmFull():fmllr-diag-gmm.cc:262) fMLLR objf improvement is 12.0942 per frame over 35355 frames.
LOG (gmm-est-fmllr-gpost[5.5.891~1-37628]:main():gmm-est-fmllr-gpost.cc:141) For speaker 1023, auxf-impr from fMLLR is 12.0942, over 35355 frames.

WARNING (gmm-est-fmllr-gpost[5.5.891~1-37628]:main():gmm-est-fmllr-gpost.cc:116) Did not find posteriors for utterance 1024_185_l
WARNING (gmm-est-fmllr-gpost[5.5.891~1-37628]:main():gmm-est-fmllr-gpost.cc:116) Did not find posteriors for utterance 1024_185_r
LOG (apply-cmvn[5.5.891~1-37628]:main():apply-cmvn.cc:162) Applied cepstral mean normalization to 1144 utterances, errors on 0
LOG (apply-cmvn[5.5.891~1-37628]:main():apply-cmvn.cc:162) Applied cepstral mean normalization to 1144 utterances, errors on 0
LOG (transform-feats[5.5.891~1-37628]:main():transform-feats.cc:158) Overall average [pseudo-]logdet is -90.7687 over 245538 frames.
LOG (transform-feats[5.5.891~1-37628]:main():transform-feats.cc:161) Applied transform to 1144 utterances; 0 had errors.
LOG (gmm-post-to-gpost[5.5.891~1-37628]:main():gmm-post-to-gpost.cc:124) Done 1140 files, 4 with no posteriors, 0 with other errors.
LOG (gmm-post-to-gpost[5.5.891~1-37628]:main():gmm-post-to-gpost.cc:128) Overall avg like per frame (Gaussian only) = -44.0879 over 178733 frames.
LOG (gmm-post-to-gpost[5.5.891~1-37628]:main():gmm-post-to-gpost.cc:131) Done converting post to gpost
LOG (transform-feats[5.5.891~1-37628]:main():transform-feats.cc:158) Overall average [pseudo-]logdet is -90.7687 over 245538 frames.
LOG (transform-feats[5.5.891~1-37628]:main():transform-feats.cc:161) Applied transform to 1144 utterances; 0 had errors.
LOG (gmm-est-fmllr-gpost[5.5.891~1-37628]:ComputeFmllrMatrixDiagGmmFull():fmllr-diag-gmm.cc:262) fMLLR objf improvement is 11.1924 per frame over 34463 frames.
LOG (gmm-est-fmllr-gpost[5.5.891~1-37628]:main():gmm-est-fmllr-gpost.cc:141) For speaker 1024, auxf-impr from fMLLR is 11.1924, over 34463 frames.

LOG (gmm-est-fmllr-gpost[5.5.891~1-37628]:main():gmm-est-fmllr-gpost.cc:186) Done 1140 files, 4 with no gposts, 0 with other errors.
LOG (gmm-est-fmllr-gpost[5.5.891~1-37628]:main():gmm-est-fmllr-gpost.cc:188) Overall fMLLR auxf impr per frame is 11.342 over 178733 frames.
# Accounting: time=4 threads=1
# Ended (code 0) at Fri Mar 12 15:29:54 CET 2021, elapsed time 4 seconds
