# ali-to-post "ark:gunzip -c exp/tri4a_ali/pre_ali.2.gz|" ark:- | weight-silence-post 0.0 1:2:3:4:5:6:7:8:9:10:11:12:13:14:15:16:17:18:19:20:21:22:23:24:25:26:27:28:29:30:31:32:33:34:35:36:37:38:39:40:41:42:43:44:45:46:47:48:49:50:51:52:53:54:55:56:57:58:59:60:61:62:63:64:65:66:67:68:69:70:71:72:73:74:75 exp/tri4a/final.alimdl ark:- ark:- | gmm-post-to-gpost exp/tri4a/final.alimdl "ark,s,cs:apply-cmvn  --utt2spk=ark:data/train/split2/2/utt2spk scp:data/train/split2/2/cmvn.scp scp:data/train/split2/2/feats.scp ark:- | splice-feats  ark:- ark:- | transform-feats exp/tri4a/final.mat ark:- ark:- |" ark:- ark:- | gmm-est-fmllr-gpost --fmllr-update-type=full --spk2utt=ark:data/train/split2/2/spk2utt exp/tri4a/final.mdl "ark,s,cs:apply-cmvn  --utt2spk=ark:data/train/split2/2/utt2spk scp:data/train/split2/2/cmvn.scp scp:data/train/split2/2/feats.scp ark:- | splice-feats  ark:- ark:- | transform-feats exp/tri4a/final.mat ark:- ark:- |" ark,s,cs:- ark:exp/tri4a_ali/trans.2 
# Started at Fri Mar 12 15:29:50 CET 2021
#
ali-to-post 'ark:gunzip -c exp/tri4a_ali/pre_ali.2.gz|' ark:- 
weight-silence-post 0.0 1:2:3:4:5:6:7:8:9:10:11:12:13:14:15:16:17:18:19:20:21:22:23:24:25:26:27:28:29:30:31:32:33:34:35:36:37:38:39:40:41:42:43:44:45:46:47:48:49:50:51:52:53:54:55:56:57:58:59:60:61:62:63:64:65:66:67:68:69:70:71:72:73:74:75 exp/tri4a/final.alimdl ark:- ark:- 
gmm-est-fmllr-gpost --fmllr-update-type=full --spk2utt=ark:data/train/split2/2/spk2utt exp/tri4a/final.mdl 'ark,s,cs:apply-cmvn  --utt2spk=ark:data/train/split2/2/utt2spk scp:data/train/split2/2/cmvn.scp scp:data/train/split2/2/feats.scp ark:- | splice-feats  ark:- ark:- | transform-feats exp/tri4a/final.mat ark:- ark:- |' ark,s,cs:- ark:exp/tri4a_ali/trans.2 
gmm-post-to-gpost exp/tri4a/final.alimdl 'ark,s,cs:apply-cmvn  --utt2spk=ark:data/train/split2/2/utt2spk scp:data/train/split2/2/cmvn.scp scp:data/train/split2/2/feats.scp ark:- | splice-feats  ark:- ark:- | transform-feats exp/tri4a/final.mat ark:- ark:- |' ark:- ark:- 
splice-feats ark:- ark:- 
transform-feats exp/tri4a/final.mat ark:- ark:- 
apply-cmvn --utt2spk=ark:data/train/split2/2/utt2spk scp:data/train/split2/2/cmvn.scp scp:data/train/split2/2/feats.scp ark:- 
apply-cmvn --utt2spk=ark:data/train/split2/2/utt2spk scp:data/train/split2/2/cmvn.scp scp:data/train/split2/2/feats.scp ark:- 
transform-feats exp/tri4a/final.mat ark:- ark:- 
splice-feats ark:- ark:- 
LOG (ali-to-post[5.5.891~1-37628]:main():ali-to-post.cc:73) Converted 1480 alignments.
LOG (weight-silence-post[5.5.891~1-37628]:main():weight-silence-post.cc:95) Done 1480 posteriors.
WARNING (gmm-est-fmllr-gpost[5.5.891~1-37628]:main():gmm-est-fmllr-gpost.cc:116) Did not find posteriors for utterance 1028_280_l
WARNING (gmm-est-fmllr-gpost[5.5.891~1-37628]:main():gmm-est-fmllr-gpost.cc:116) Did not find posteriors for utterance 1028_280_r
WARNING (gmm-est-fmllr-gpost[5.5.891~1-37628]:main():gmm-est-fmllr-gpost.cc:116) Did not find posteriors for utterance 1028_344_l
WARNING (gmm-est-fmllr-gpost[5.5.891~1-37628]:main():gmm-est-fmllr-gpost.cc:116) Did not find posteriors for utterance 1028_344_r
WARNING (gmm-est-fmllr-gpost[5.5.891~1-37628]:main():gmm-est-fmllr-gpost.cc:116) Did not find posteriors for utterance 1028_365_l
WARNING (gmm-est-fmllr-gpost[5.5.891~1-37628]:main():gmm-est-fmllr-gpost.cc:116) Did not find posteriors for utterance 1028_365_r
WARNING (gmm-est-fmllr-gpost[5.5.891~1-37628]:main():gmm-est-fmllr-gpost.cc:116) Did not find posteriors for utterance 1028_379_l
WARNING (gmm-est-fmllr-gpost[5.5.891~1-37628]:main():gmm-est-fmllr-gpost.cc:116) Did not find posteriors for utterance 1028_379_r
WARNING (gmm-est-fmllr-gpost[5.5.891~1-37628]:main():gmm-est-fmllr-gpost.cc:116) Did not find posteriors for utterance 1028_402_l
WARNING (gmm-est-fmllr-gpost[5.5.891~1-37628]:main():gmm-est-fmllr-gpost.cc:116) Did not find posteriors for utterance 1028_402_r
WARNING (gmm-est-fmllr-gpost[5.5.891~1-37628]:main():gmm-est-fmllr-gpost.cc:116) Did not find posteriors for utterance 1028_433_l
WARNING (gmm-est-fmllr-gpost[5.5.891~1-37628]:main():gmm-est-fmllr-gpost.cc:116) Did not find posteriors for utterance 1028_433_r
WARNING (gmm-est-fmllr-gpost[5.5.891~1-37628]:main():gmm-est-fmllr-gpost.cc:116) Did not find posteriors for utterance 1028_445_l
WARNING (gmm-est-fmllr-gpost[5.5.891~1-37628]:main():gmm-est-fmllr-gpost.cc:116) Did not find posteriors for utterance 1028_445_r
WARNING (gmm-est-fmllr-gpost[5.5.891~1-37628]:main():gmm-est-fmllr-gpost.cc:116) Did not find posteriors for utterance 1028_450_l
WARNING (gmm-est-fmllr-gpost[5.5.891~1-37628]:main():gmm-est-fmllr-gpost.cc:116) Did not find posteriors for utterance 1028_450_r
WARNING (gmm-est-fmllr-gpost[5.5.891~1-37628]:main():gmm-est-fmllr-gpost.cc:116) Did not find posteriors for utterance 1028_451_l
WARNING (gmm-est-fmllr-gpost[5.5.891~1-37628]:main():gmm-est-fmllr-gpost.cc:116) Did not find posteriors for utterance 1028_451_r
LOG (gmm-est-fmllr-gpost[5.5.891~1-37628]:ComputeFmllrMatrixDiagGmmFull():fmllr-diag-gmm.cc:262) fMLLR objf improvement is 6.45166 per frame over 132505 frames.
LOG (gmm-est-fmllr-gpost[5.5.891~1-37628]:main():gmm-est-fmllr-gpost.cc:141) For speaker 1028, auxf-impr from fMLLR is 6.45166, over 132505 frames.

WARNING (gmm-est-fmllr-gpost[5.5.891~1-37628]:main():gmm-est-fmllr-gpost.cc:116) Did not find posteriors for utterance 1029_181_l
WARNING (gmm-est-fmllr-gpost[5.5.891~1-37628]:main():gmm-est-fmllr-gpost.cc:116) Did not find posteriors for utterance 1029_181_r
LOG (gmm-est-fmllr-gpost[5.5.891~1-37628]:ComputeFmllrMatrixDiagGmmFull():fmllr-diag-gmm.cc:262) fMLLR objf improvement is 6.4404 per frame over 63639 frames.
LOG (gmm-est-fmllr-gpost[5.5.891~1-37628]:main():gmm-est-fmllr-gpost.cc:141) For speaker 1029, auxf-impr from fMLLR is 6.4404, over 63639 frames.

LOG (gmm-est-fmllr-gpost[5.5.891~1-37628]:ComputeFmllrMatrixDiagGmmFull():fmllr-diag-gmm.cc:262) fMLLR objf improvement is 10.1948 per frame over 49478 frames.
LOG (gmm-est-fmllr-gpost[5.5.891~1-37628]:main():gmm-est-fmllr-gpost.cc:141) For speaker 1032, auxf-impr from fMLLR is 10.1948, over 49478 frames.

WARNING (gmm-est-fmllr-gpost[5.5.891~1-37628]:main():gmm-est-fmllr-gpost.cc:116) Did not find posteriors for utterance 1036_454_l
WARNING (gmm-est-fmllr-gpost[5.5.891~1-37628]:main():gmm-est-fmllr-gpost.cc:116) Did not find posteriors for utterance 1036_454_r
LOG (apply-cmvn[5.5.891~1-37628]:main():apply-cmvn.cc:162) Applied cepstral mean normalization to 1502 utterances, errors on 0
LOG (apply-cmvn[5.5.891~1-37628]:main():apply-cmvn.cc:162) Applied cepstral mean normalization to 1502 utterances, errors on 0
LOG (transform-feats[5.5.891~1-37628]:main():transform-feats.cc:158) Overall average [pseudo-]logdet is -90.7687 over 491692 frames.
LOG (transform-feats[5.5.891~1-37628]:main():transform-feats.cc:161) Applied transform to 1502 utterances; 0 had errors.
LOG (gmm-post-to-gpost[5.5.891~1-37628]:main():gmm-post-to-gpost.cc:124) Done 1480 files, 22 with no posteriors, 0 with other errors.
LOG (gmm-post-to-gpost[5.5.891~1-37628]:main():gmm-post-to-gpost.cc:128) Overall avg like per frame (Gaussian only) = -41.2082 over 348113 frames.
LOG (gmm-post-to-gpost[5.5.891~1-37628]:main():gmm-post-to-gpost.cc:131) Done converting post to gpost
LOG (transform-feats[5.5.891~1-37628]:main():transform-feats.cc:158) Overall average [pseudo-]logdet is -90.7687 over 491692 frames.
LOG (transform-feats[5.5.891~1-37628]:main():transform-feats.cc:161) Applied transform to 1502 utterances; 0 had errors.
LOG (gmm-est-fmllr-gpost[5.5.891~1-37628]:ComputeFmllrMatrixDiagGmmFull():fmllr-diag-gmm.cc:262) fMLLR objf improvement is 7.73853 per frame over 102491 frames.
LOG (gmm-est-fmllr-gpost[5.5.891~1-37628]:main():gmm-est-fmllr-gpost.cc:141) For speaker 1036, auxf-impr from fMLLR is 7.73853, over 102491 frames.

LOG (gmm-est-fmllr-gpost[5.5.891~1-37628]:main():gmm-est-fmllr-gpost.cc:186) Done 1480 files, 22 with no gposts, 0 with other errors.
LOG (gmm-est-fmllr-gpost[5.5.891~1-37628]:main():gmm-est-fmllr-gpost.cc:188) Overall fMLLR auxf impr per frame is 7.36049 over 348113 frames.
# Accounting: time=7 threads=1
# Ended (code 0) at Fri Mar 12 15:29:57 CET 2021, elapsed time 7 seconds
