# lattice-best-path --lm-scale=17 --word-symbol-table=exp/tri3a/graph/words.txt "ark:gunzip -c exp/tri3a/decode/lat.*.gz|" ark,t:exp/tri3a/decode/scoring/17.tra 
# Started at Fri Mar 12 14:57:46 CET 2021
#
lattice-best-path --lm-scale=17 --word-symbol-table=exp/tri3a/graph/words.txt 'ark:gunzip -c exp/tri3a/decode/lat.*.gz|' ark,t:exp/tri3a/decode/scoring/17.tra 
LOG (lattice-best-path[5.5.891~1-37628]:main():lattice-best-path.cc:99) For utterance 1037_101_l, best cost 202.834 + 6443.98 = 6646.81 over 122 frames.
1037_101_l 
LOG (lattice-best-path[5.5.891~1-37628]:main():lattice-best-path.cc:99) For utterance 1037_101_r, best cost 202.59 + 6518.46 = 6721.05 over 122 frames.
1037_101_r 
LOG (lattice-best-path[5.5.891~1-37628]:main():lattice-best-path.cc:99) For utterance 1037_103_l, best cost 207.317 + 7728.01 = 7935.32 over 138 frames.
1037_103_l 
LOG (lattice-best-path[5.5.891~1-37628]:main():lattice-best-path.cc:99) For utterance 1037_103_r, best cost 263.494 + 7721.68 = 7985.17 over 138 frames.
1037_103_r 
LOG (lattice-best-path[5.5.891~1-37628]:main():lattice-best-path.cc:99) For utterance 1037_105_l, best cost 652.693 + 23572 = 24224.7 over 395 frames.
1037_105_l tout 
LOG (lattice-best-path[5.5.891~1-37628]:main():lattice-best-path.cc:99) For utterance 1037_105_r, best cost 651.697 + 23455.8 = 24107.5 over 395 frames.
1037_105_r tout 
LOG (lattice-best-path[5.5.891~1-37628]:main():lattice-best-path.cc:99) For utterance 1037_107_l, best cost 235.426 + 9868.61 = 10104 over 174 frames.
1037_107_l 
LOG (lattice-best-path[5.5.891~1-37628]:main():lattice-best-path.cc:99) For utterance 1037_107_r, best cost 211.222 + 10017.8 = 10229.1 over 174 frames.
1037_107_r 
LOG (lattice-best-path[5.5.891~1-37628]:main():lattice-best-path.cc:99) For utterance 1037_109_l, best cost 607.315 + 39273.1 = 39880.4 over 708 frames.
1037_109_l é 
LOG (lattice-best-path[5.5.891~1-37628]:main():lattice-best-path.cc:99) For utterance 1037_109_r, best cost 701.966 + 39948.4 = 40650.3 over 708 frames.
1037_109_r é 
LOG (lattice-best-path[5.5.891~1-37628]:main():lattice-best-path.cc:99) For utterance 1037_111_l, best cost 413.522 + 5646.94 = 6060.46 over 98 frames.
1037_111_l gwadeloup aprézan 
LOG (lattice-best-path[5.5.891~1-37628]:main():lattice-best-path.cc:99) For utterance 1037_111_r, best cost 413.306 + 5650.22 = 6063.52 over 98 frames.
1037_111_r gwadeloup aprézan 
LOG (lattice-best-path[5.5.891~1-37628]:main():lattice-best-path.cc:99) For utterance 1037_113_l, best cost 494.233 + 25308.7 = 25803 over 398 frames.
1037_113_l 
LOG (lattice-best-path[5.5.891~1-37628]:main():lattice-best-path.cc:99) For utterance 1037_113_r, best cost 494.546 + 25174.4 = 25668.9 over 398 frames.
1037_113_r 
LOG (lattice-best-path[5.5.891~1-37628]:main():lattice-best-path.cc:99) For utterance 1037_115_l, best cost 305.868 + 13080.5 = 13386.4 over 225 frames.
1037_115_l 
LOG (lattice-best-path[5.5.891~1-37628]:main():lattice-best-path.cc:99) For utterance 1037_115_r, best cost 305.311 + 13333.1 = 13638.4 over 225 frames.
1037_115_r 
LOG (lattice-best-path[5.5.891~1-37628]:main():lattice-best-path.cc:99) For utterance 1037_117_l, best cost 240.436 + 6898.48 = 7138.92 over 105 frames.
1037_117_l 
LOG (lattice-best-path[5.5.891~1-37628]:main():lattice-best-path.cc:99) For utterance 1037_117_r, best cost 240.436 + 6811.92 = 7052.35 over 105 frames.
1037_117_r 
LOG (lattice-best-path[5.5.891~1-37628]:main():lattice-best-path.cc:99) For utterance 1037_119_l, best cost 248.565 + 12602.4 = 12850.9 over 222 frames.
1037_119_l 
LOG (lattice-best-path[5.5.891~1-37628]:main():lattice-best-path.cc:99) For utterance 1037_119_r, best cost 248.545 + 12555.2 = 12803.7 over 222 frames.
1037_119_r 
LOG (lattice-best-path[5.5.891~1-37628]:main():lattice-best-path.cc:99) For utterance 1037_11_l, best cost 398.604 + 16839.7 = 17238.3 over 298 frames.
1037_11_l é é 
LOG (lattice-best-path[5.5.891~1-37628]:main():lattice-best-path.cc:99) For utterance 1037_11_r, best cost 405.486 + 16896 = 17301.5 over 298 frames.
1037_11_r sé vrè 
LOG (lattice-best-path[5.5.891~1-37628]:main():lattice-best-path.cc:99) For utterance 1037_121_l, best cost 717.452 + 48045.9 = 48763.4 over 794 frames.
1037_121_l dé 
LOG (lattice-best-path[5.5.891~1-37628]:main():lattice-best-path.cc:99) For utterance 1037_121_r, best cost 852.963 + 48214.4 = 49067.3 over 794 frames.
1037_121_r bon 
LOG (lattice-best-path[5.5.891~1-37628]:main():lattice-best-path.cc:99) For utterance 1037_123_l, best cost 192.14 + 3613.78 = 3805.92 over 60 frames.
1037_123_l 
LOG (lattice-best-path[5.5.891~1-37628]:main():lattice-best-path.cc:99) For utterance 1037_123_r, best cost 192.14 + 3506.84 = 3698.98 over 60 frames.
1037_123_r 
LOG (lattice-best-path[5.5.891~1-37628]:main():lattice-best-path.cc:99) For utterance 1037_125_l, best cost 206.685 + 9508.16 = 9714.85 over 152 frames.
1037_125_l 
LOG (lattice-best-path[5.5.891~1-37628]:main():lattice-best-path.cc:99) For utterance 1037_125_r, best cost 423.921 + 9322.67 = 9746.59 over 152 frames.
1037_125_r ka profité 
LOG (lattice-best-path[5.5.891~1-37628]:main():lattice-best-path.cc:99) For utterance 1037_127_l, best cost 741.758 + 40569.8 = 41311.5 over 729 frames.
1037_127_l é 
LOG (lattice-best-path[5.5.891~1-37628]:main():lattice-best-path.cc:99) For utterance 1037_127_r, best cost 707.485 + 40818.7 = 41526.2 over 729 frames.
1037_127_r é 
LOG (lattice-best-path[5.5.891~1-37628]:main():lattice-best-path.cc:99) For utterance 1037_129_l, best cost 804.059 + 23023 = 23827 over 395 frames.
1037_129_l a tout sa ki 
LOG (lattice-best-path[5.5.891~1-37628]:main():lattice-best-path.cc:99) For utterance 1037_129_r, best cost 644.935 + 23373.8 = 24018.7 over 395 frames.
1037_129_r a a 
LOG (lattice-best-path[5.5.891~1-37628]:main():lattice-best-path.cc:99) For utterance 1037_131_l, best cost 635.3 + 23394.1 = 24029.4 over 438 frames.
1037_131_l ou pa ka 
LOG (lattice-best-path[5.5.891~1-37628]:main():lattice-best-path.cc:99) For utterance 1037_131_r, best cost 619.356 + 23575.4 = 24194.7 over 438 frames.
1037_131_r ou pa ka 
LOG (lattice-best-path[5.5.891~1-37628]:main():lattice-best-path.cc:99) For utterance 1037_133_l, best cost 983.126 + 38858.8 = 39841.9 over 654 frames.
1037_133_l kwa 
LOG (lattice-best-path[5.5.891~1-37628]:main():lattice-best-path.cc:99) For utterance 1037_133_r, best cost 871.016 + 39541.2 = 40412.2 over 654 frames.
1037_133_r é 
LOG (lattice-best-path[5.5.891~1-37628]:main():lattice-best-path.cc:99) For utterance 1037_135_l, best cost 376.355 + 15395.5 = 15771.8 over 245 frames.
1037_135_l 
LOG (lattice-best-path[5.5.891~1-37628]:main():lattice-best-path.cc:99) For utterance 1037_135_r, best cost 421.388 + 15346.4 = 15767.8 over 245 frames.
1037_135_r é 
LOG (lattice-best-path[5.5.891~1-37628]:main():lattice-best-path.cc:99) For utterance 1037_137_l, best cost 719.474 + 25159.1 = 25878.5 over 430 frames.
1037_137_l tout moun la sa 
LOG (lattice-best-path[5.5.891~1-37628]:main():lattice-best-path.cc:99) For utterance 1037_137_r, best cost 657.087 + 25395.9 = 26053 over 430 frames.
1037_137_r vwala sa 
LOG (lattice-best-path[5.5.891~1-37628]:main():lattice-best-path.cc:99) For utterance 1037_139_l, best cost 163.408 + 3560.9 = 3724.31 over 57 frames.
1037_139_l 
LOG (lattice-best-path[5.5.891~1-37628]:main():lattice-best-path.cc:99) For utterance 1037_139_r, best cost 163.476 + 3554.29 = 3717.77 over 57 frames.
1037_139_r 
LOG (lattice-best-path[5.5.891~1-37628]:main():lattice-best-path.cc:99) For utterance 1037_13_l, best cost 619.173 + 17155.1 = 17774.3 over 318 frames.
1037_13_l lè sa té rèd 
LOG (lattice-best-path[5.5.891~1-37628]:main():lattice-best-path.cc:99) For utterance 1037_13_r, best cost 614.934 + 17337.1 = 17952 over 318 frames.
1037_13_r lè sa té rèd 
LOG (lattice-best-path[5.5.891~1-37628]:main():lattice-best-path.cc:99) For utterance 1037_141_l, best cost 623.97 + 25946.4 = 26570.4 over 444 frames.
1037_141_l 
LOG (lattice-best-path[5.5.891~1-37628]:main():lattice-best-path.cc:99) For utterance 1037_141_r, best cost 732.457 + 25806.4 = 26538.9 over 444 frames.
1037_141_r tou sa 
LOG (lattice-best-path[5.5.891~1-37628]:main():lattice-best-path.cc:99) For utterance 1037_143_l, best cost 342.18 + 6184.74 = 6526.92 over 130 frames.
1037_143_l sé é 
LOG (lattice-best-path[5.5.891~1-37628]:main():lattice-best-path.cc:99) For utterance 1037_143_r, best cost 272.105 + 6331.2 = 6603.3 over 130 frames.
1037_143_r é 
LOG (lattice-best-path[5.5.891~1-37628]:main():lattice-best-path.cc:99) For utterance 1037_145_l, best cost 179.504 + 6720.98 = 6900.48 over 128 frames.
1037_145_l 
LOG (lattice-best-path[5.5.891~1-37628]:main():lattice-best-path.cc:99) For utterance 1037_145_r, best cost 180.178 + 6634.71 = 6814.88 over 128 frames.
1037_145_r 
LOG (lattice-best-path[5.5.891~1-37628]:main():lattice-best-path.cc:99) For utterance 1037_147_l, best cost 498.509 + 18344.2 = 18842.7 over 321 frames.
1037_147_l la 
LOG (lattice-best-path[5.5.891~1-37628]:main():lattice-best-path.cc:99) For utterance 1037_147_r, best cost 482.053 + 18482.1 = 18964.1 over 321 frames.
1037_147_r é 
LOG (lattice-best-path[5.5.891~1-37628]:main():lattice-best-path.cc:99) For utterance 1037_149_l, best cost 176.457 + 3976.83 = 4153.29 over 66 frames.
1037_149_l 
LOG (lattice-best-path[5.5.891~1-37628]:main():lattice-best-path.cc:99) For utterance 1037_149_r, best cost 176.477 + 3982.91 = 4159.39 over 66 frames.
1037_149_r 
LOG (lattice-best-path[5.5.891~1-37628]:main():lattice-best-path.cc:99) For utterance 1037_151_l, best cost 323.479 + 12164.7 = 12488.2 over 208 frames.
1037_151_l 
LOG (lattice-best-path[5.5.891~1-37628]:main():lattice-best-path.cc:99) For utterance 1037_151_r, best cost 322.951 + 12183 = 12505.9 over 208 frames.
1037_151_r 
LOG (lattice-best-path[5.5.891~1-37628]:main():lattice-best-path.cc:99) For utterance 1037_153_l, best cost 852.097 + 29358 = 30210.1 over 556 frames.
1037_153_l fout ou 
LOG (lattice-best-path[5.5.891~1-37628]:main():lattice-best-path.cc:99) For utterance 1037_153_r, best cost 743.79 + 29738.8 = 30482.6 over 556 frames.
1037_153_r é 
LOG (lattice-best-path[5.5.891~1-37628]:main():lattice-best-path.cc:99) For utterance 1037_155_l, best cost 361.352 + 16129.3 = 16490.6 over 278 frames.
1037_155_l 
LOG (lattice-best-path[5.5.891~1-37628]:main():lattice-best-path.cc:99) For utterance 1037_155_r, best cost 360.453 + 16102.6 = 16463 over 278 frames.
1037_155_r 
LOG (lattice-best-path[5.5.891~1-37628]:main():lattice-best-path.cc:99) For utterance 1037_157_l, best cost 302.707 + 13128.8 = 13431.5 over 217 frames.
1037_157_l 
LOG (lattice-best-path[5.5.891~1-37628]:main():lattice-best-path.cc:99) For utterance 1037_157_r, best cost 301.836 + 13451.4 = 13753.3 over 217 frames.
1037_157_r 
LOG (lattice-best-path[5.5.891~1-37628]:main():lattice-best-path.cc:99) For utterance 1037_159_l, best cost 233.325 + 5000.12 = 5233.45 over 80 frames.
1037_159_l 
LOG (lattice-best-path[5.5.891~1-37628]:main():lattice-best-path.cc:99) For utterance 1037_159_r, best cost 233.169 + 4955.66 = 5188.83 over 80 frames.
1037_159_r 
LOG (lattice-best-path[5.5.891~1-37628]:main():lattice-best-path.cc:99) For utterance 1037_15_l, best cost 284.631 + 8839.13 = 9123.76 over 158 frames.
1037_15_l é 
LOG (lattice-best-path[5.5.891~1-37628]:main():lattice-best-path.cc:99) For utterance 1037_15_r, best cost 285.725 + 8862.75 = 9148.47 over 158 frames.
1037_15_r é 
LOG (lattice-best-path[5.5.891~1-37628]:main():lattice-best-path.cc:99) For utterance 1037_161_l, best cost 147.099 + 3284.97 = 3432.07 over 67 frames.
1037_161_l 
LOG (lattice-best-path[5.5.891~1-37628]:main():lattice-best-path.cc:99) For utterance 1037_161_r, best cost 147.099 + 3312.86 = 3459.96 over 67 frames.
1037_161_r 
LOG (lattice-best-path[5.5.891~1-37628]:main():lattice-best-path.cc:99) For utterance 1037_163_l, best cost 204.71 + 13952.7 = 14157.4 over 246 frames.
1037_163_l 
LOG (lattice-best-path[5.5.891~1-37628]:main():lattice-best-path.cc:99) For utterance 1037_163_r, best cost 204.66 + 14046.4 = 14251 over 246 frames.
1037_163_r 
LOG (lattice-best-path[5.5.891~1-37628]:main():lattice-best-path.cc:99) For utterance 1037_17_l, best cost 538.048 + 10424.8 = 10962.9 over 200 frames.
1037_17_l nou ka viv bon 
LOG (lattice-best-path[5.5.891~1-37628]:main():lattice-best-path.cc:99) For utterance 1037_17_r, best cost 537.884 + 10221.2 = 10759.1 over 200 frames.
1037_17_r nou ka viv bon 
LOG (lattice-best-path[5.5.891~1-37628]:main():lattice-best-path.cc:99) For utterance 1037_19_l, best cost 741.777 + 35173.5 = 35915.2 over 612 frames.
1037_19_l é 
LOG (lattice-best-path[5.5.891~1-37628]:main():lattice-best-path.cc:99) For utterance 1037_19_r, best cost 1043.9 + 35151 = 36194.9 over 612 frames.
1037_19_r é an prizon 
LOG (lattice-best-path[5.5.891~1-37628]:main():lattice-best-path.cc:99) For utterance 1037_1_l, best cost 387.36 + 13506.2 = 13893.6 over 260 frames.
1037_1_l é 
LOG (lattice-best-path[5.5.891~1-37628]:main():lattice-best-path.cc:99) For utterance 1037_1_r, best cost 387.805 + 13617.1 = 14004.9 over 260 frames.
1037_1_r é 
LOG (lattice-best-path[5.5.891~1-37628]:main():lattice-best-path.cc:99) For utterance 1037_21_l, best cost 160.612 + 2525.04 = 2685.65 over 40 frames.
1037_21_l 
LOG (lattice-best-path[5.5.891~1-37628]:main():lattice-best-path.cc:99) For utterance 1037_21_r, best cost 267.128 + 2331.09 = 2598.22 over 40 frames.
1037_21_r tout 
LOG (lattice-best-path[5.5.891~1-37628]:main():lattice-best-path.cc:99) For utterance 1037_23_l, best cost 343.68 + 11255.2 = 11598.8 over 210 frames.
1037_23_l é 
LOG (lattice-best-path[5.5.891~1-37628]:main():lattice-best-path.cc:99) For utterance 1037_23_r, best cost 359.509 + 11417.4 = 11776.9 over 210 frames.
1037_23_r é 
LOG (lattice-best-path[5.5.891~1-37628]:main():lattice-best-path.cc:99) For utterance 1037_24_l, best cost 432.505 + 26496.2 = 26928.7 over 456 frames.
1037_24_l 
LOG (lattice-best-path[5.5.891~1-37628]:main():lattice-best-path.cc:99) For utterance 1037_24_r, best cost 435.568 + 26490.3 = 26925.9 over 456 frames.
1037_24_r é 
LOG (lattice-best-path[5.5.891~1-37628]:main():lattice-best-path.cc:99) For utterance 1037_26_l, best cost 521.346 + 19421.3 = 19942.6 over 337 frames.
1037_26_l bon 
LOG (lattice-best-path[5.5.891~1-37628]:main():lattice-best-path.cc:99) For utterance 1037_26_r, best cost 462.106 + 19431 = 19893.1 over 337 frames.
1037_26_r é 
LOG (lattice-best-path[5.5.891~1-37628]:main():lattice-best-path.cc:99) For utterance 1037_28_l, best cost 106.887 + 3158.44 = 3265.33 over 74 frames.
1037_28_l 
LOG (lattice-best-path[5.5.891~1-37628]:main():lattice-best-path.cc:99) For utterance 1037_28_r, best cost 106.799 + 3256.89 = 3363.69 over 74 frames.
1037_28_r 
LOG (lattice-best-path[5.5.891~1-37628]:main():lattice-best-path.cc:99) For utterance 1037_30_l, best cost 145.935 + 3033.46 = 3179.39 over 48 frames.
1037_30_l 
LOG (lattice-best-path[5.5.891~1-37628]:main():lattice-best-path.cc:99) For utterance 1037_30_r, best cost 145.935 + 2991.33 = 3137.27 over 48 frames.
1037_30_r 
LOG (lattice-best-path[5.5.891~1-37628]:main():lattice-best-path.cc:99) For utterance 1037_32_l, best cost 935.476 + 40411.8 = 41347.2 over 674 frames.
1037_32_l ki pa la 
LOG (lattice-best-path[5.5.891~1-37628]:main():lattice-best-path.cc:99) For utterance 1037_32_r, best cost 934.131 + 40666.8 = 41600.9 over 674 frames.
1037_32_r ki pa la 
LOG (lattice-best-path[5.5.891~1-37628]:main():lattice-best-path.cc:99) For utterance 1037_34_l, best cost 244.178 + 7219.49 = 7463.66 over 124 frames.
1037_34_l 
LOG (lattice-best-path[5.5.891~1-37628]:main():lattice-best-path.cc:99) For utterance 1037_34_r, best cost 243.923 + 7298.12 = 7542.04 over 124 frames.
1037_34_r 
LOG (lattice-best-path[5.5.891~1-37628]:main():lattice-best-path.cc:99) For utterance 1037_36_l, best cost 155.705 + 3158.02 = 3313.73 over 51 frames.
1037_36_l 
LOG (lattice-best-path[5.5.891~1-37628]:main():lattice-best-path.cc:99) For utterance 1037_36_r, best cost 146.007 + 3160.29 = 3306.3 over 51 frames.
1037_36_r 
LOG (lattice-best-path[5.5.891~1-37628]:main():lattice-best-path.cc:99) For utterance 1037_38_l, best cost 379.454 + 7296.55 = 7676.01 over 142 frames.
1037_38_l dèkwa-la 
LOG (lattice-best-path[5.5.891~1-37628]:main():lattice-best-path.cc:99) For utterance 1037_38_r, best cost 329.876 + 7293.94 = 7623.82 over 142 frames.
1037_38_r desklav 
LOG (lattice-best-path[5.5.891~1-37628]:main():lattice-best-path.cc:99) For utterance 1037_3_l, best cost 166.208 + 4185.56 = 4351.77 over 84 frames.
1037_3_l é 
LOG (lattice-best-path[5.5.891~1-37628]:main():lattice-best-path.cc:99) For utterance 1037_3_r, best cost 216.52 + 4152.26 = 4368.78 over 84 frames.
1037_3_r é 
LOG (lattice-best-path[5.5.891~1-37628]:main():lattice-best-path.cc:99) For utterance 1037_40_l, best cost 973.629 + 38989.9 = 39963.5 over 650 frames.
1037_40_l é é 
LOG (lattice-best-path[5.5.891~1-37628]:main():lattice-best-path.cc:99) For utterance 1037_40_r, best cost 1023.69 + 38809.4 = 39833.1 over 650 frames.
1037_40_r é é 
LOG (lattice-best-path[5.5.891~1-37628]:main():lattice-best-path.cc:99) For utterance 1037_42_l, best cost 330.851 + 15334 = 15664.9 over 262 frames.
1037_42_l 
LOG (lattice-best-path[5.5.891~1-37628]:main():lattice-best-path.cc:99) For utterance 1037_42_r, best cost 308.116 + 15351.3 = 15659.5 over 262 frames.
1037_42_r 
LOG (lattice-best-path[5.5.891~1-37628]:main():lattice-best-path.cc:99) For utterance 1037_44_l, best cost 164.611 + 5013.66 = 5178.27 over 76 frames.
1037_44_l 
LOG (lattice-best-path[5.5.891~1-37628]:main():lattice-best-path.cc:99) For utterance 1037_44_r, best cost 210.114 + 4968.56 = 5178.68 over 76 frames.
1037_44_r 
LOG (lattice-best-path[5.5.891~1-37628]:main():lattice-best-path.cc:99) For utterance 1037_46_l, best cost 294.206 + 12044.6 = 12338.8 over 204 frames.
1037_46_l é 
LOG (lattice-best-path[5.5.891~1-37628]:main():lattice-best-path.cc:99) For utterance 1037_46_r, best cost 293.758 + 11961.2 = 12255 over 204 frames.
1037_46_r é 
LOG (lattice-best-path[5.5.891~1-37628]:main():lattice-best-path.cc:99) For utterance 1037_48_l, best cost 290.859 + 8683 = 8973.86 over 132 frames.
1037_48_l 
LOG (lattice-best-path[5.5.891~1-37628]:main():lattice-best-path.cc:99) For utterance 1037_48_r, best cost 291.074 + 8754.22 = 9045.3 over 132 frames.
1037_48_r 
LOG (lattice-best-path[5.5.891~1-37628]:main():lattice-best-path.cc:99) For utterance 1037_50_l, best cost 217.489 + 9711.94 = 9929.43 over 170 frames.
1037_50_l 
LOG (lattice-best-path[5.5.891~1-37628]:main():lattice-best-path.cc:99) For utterance 1037_50_r, best cost 217.626 + 9814.78 = 10032.4 over 170 frames.
1037_50_r 
LOG (lattice-best-path[5.5.891~1-37628]:main():lattice-best-path.cc:99) For utterance 1037_52_l, best cost 642.593 + 20041.2 = 20683.8 over 332 frames.
1037_52_l an kaz préparé 
LOG (lattice-best-path[5.5.891~1-37628]:main():lattice-best-path.cc:99) For utterance 1037_52_r, best cost 479.285 + 20240.5 = 20719.8 over 332 frames.
1037_52_r é 
LOG (lattice-best-path[5.5.891~1-37628]:main():lattice-best-path.cc:99) For utterance 1037_54_l, best cost 838.08 + 40894 = 41732.1 over 701 frames.
1037_54_l ka fè 
LOG (lattice-best-path[5.5.891~1-37628]:main():lattice-best-path.cc:99) For utterance 1037_54_r, best cost 1022.76 + 40829.6 = 41852.4 over 701 frames.
1037_54_r ka fè an afrik 
LOG (lattice-best-path[5.5.891~1-37628]:main():lattice-best-path.cc:99) For utterance 1037_56_l, best cost 269.501 + 13751.8 = 14021.3 over 233 frames.
1037_56_l 
LOG (lattice-best-path[5.5.891~1-37628]:main():lattice-best-path.cc:99) For utterance 1037_56_r, best cost 315.122 + 13688.2 = 14003.3 over 233 frames.
1037_56_r 
LOG (lattice-best-path[5.5.891~1-37628]:main():lattice-best-path.cc:99) For utterance 1037_58_l, best cost 325.451 + 10680.6 = 11006 over 176 frames.
1037_58_l 
LOG (lattice-best-path[5.5.891~1-37628]:main():lattice-best-path.cc:99) For utterance 1037_58_r, best cost 325.412 + 10672.4 = 10997.8 over 176 frames.
1037_58_r 
LOG (lattice-best-path[5.5.891~1-37628]:main():lattice-best-path.cc:99) For utterance 1037_5_l, best cost 723.541 + 24907.6 = 25631.2 over 444 frames.
1037_5_l marie-galantais 
LOG (lattice-best-path[5.5.891~1-37628]:main():lattice-best-path.cc:99) For utterance 1037_5_r, best cost 713.093 + 24781.9 = 25495 over 444 frames.
1037_5_r marie-galantais 
LOG (lattice-best-path[5.5.891~1-37628]:main():lattice-best-path.cc:99) For utterance 1037_60_l, best cost 306.577 + 11115.2 = 11421.7 over 177 frames.
1037_60_l 
LOG (lattice-best-path[5.5.891~1-37628]:main():lattice-best-path.cc:99) For utterance 1037_60_r, best cost 261.778 + 11108.8 = 11370.6 over 177 frames.
1037_60_r 
LOG (lattice-best-path[5.5.891~1-37628]:main():lattice-best-path.cc:99) For utterance 1037_62_l, best cost 593.384 + 14000.1 = 14593.5 over 236 frames.
1037_62_l kon pa ékzanp 
LOG (lattice-best-path[5.5.891~1-37628]:main():lattice-best-path.cc:99) For utterance 1037_62_r, best cost 593.083 + 14077.1 = 14670.1 over 236 frames.
1037_62_r kon pa ékzanp 
LOG (lattice-best-path[5.5.891~1-37628]:main():lattice-best-path.cc:99) For utterance 1037_64_l, best cost 659.838 + 30499.7 = 31159.5 over 491 frames.
1037_64_l an an pé 
LOG (lattice-best-path[5.5.891~1-37628]:main():lattice-best-path.cc:99) For utterance 1037_64_r, best cost 669.431 + 30187.3 = 30856.8 over 491 frames.
1037_64_r an an pé 
LOG (lattice-best-path[5.5.891~1-37628]:main():lattice-best-path.cc:99) For utterance 1037_66_l, best cost 149.142 + 2684.67 = 2833.82 over 49 frames.
1037_66_l 
LOG (lattice-best-path[5.5.891~1-37628]:main():lattice-best-path.cc:99) For utterance 1037_66_r, best cost 266.44 + 2536.69 = 2803.13 over 49 frames.
1037_66_r ou 
LOG (lattice-best-path[5.5.891~1-37628]:main():lattice-best-path.cc:99) For utterance 1037_68_l, best cost 580.318 + 16790.1 = 17370.4 over 285 frames.
1037_68_l é tout é 
LOG (lattice-best-path[5.5.891~1-37628]:main():lattice-best-path.cc:99) For utterance 1037_68_r, best cost 582.309 + 16606.8 = 17189.1 over 285 frames.
1037_68_r é tout é 
LOG (lattice-best-path[5.5.891~1-37628]:main():lattice-best-path.cc:99) For utterance 1037_70_l, best cost 1204.51 + 58533.1 = 59737.6 over 1062 frames.
1037_70_l lè moun péyi an nou la 
LOG (lattice-best-path[5.5.891~1-37628]:main():lattice-best-path.cc:99) For utterance 1037_70_r, best cost 1394.47 + 58520.8 = 59915.2 over 1062 frames.
1037_70_r i trè trè trè trè péyi la 
LOG (lattice-best-path[5.5.891~1-37628]:main():lattice-best-path.cc:99) For utterance 1037_71_l, best cost 439.686 + 11394.9 = 11834.6 over 238 frames.
1037_71_l sa vlé di ké 
LOG (lattice-best-path[5.5.891~1-37628]:main():lattice-best-path.cc:99) For utterance 1037_71_r, best cost 406.789 + 11240.3 = 11647.1 over 238 frames.
1037_71_r sa vlé di ké 
LOG (lattice-best-path[5.5.891~1-37628]:main():lattice-best-path.cc:99) For utterance 1037_72_l, best cost 337.359 + 20056.6 = 20394 over 352 frames.
1037_72_l 
LOG (lattice-best-path[5.5.891~1-37628]:main():lattice-best-path.cc:99) For utterance 1037_72_r, best cost 337.468 + 20558.6 = 20896.1 over 352 frames.
1037_72_r 
LOG (lattice-best-path[5.5.891~1-37628]:main():lattice-best-path.cc:99) For utterance 1037_74_l, best cost 585.536 + 18506.7 = 19092.2 over 329 frames.
1037_74_l o nivo 
LOG (lattice-best-path[5.5.891~1-37628]:main():lattice-best-path.cc:99) For utterance 1037_74_r, best cost 585.421 + 18591.5 = 19176.9 over 329 frames.
1037_74_r o nivo 
LOG (lattice-best-path[5.5.891~1-37628]:main():lattice-best-path.cc:99) For utterance 1037_76_l, best cost 1548.06 + 39070.3 = 40618.4 over 681 frames.
1037_76_l moun la ka préparé a sa ka ka bat 
LOG (lattice-best-path[5.5.891~1-37628]:main():lattice-best-path.cc:99) For utterance 1037_76_r, best cost 1576.88 + 39294.4 = 40871.3 over 681 frames.
1037_76_r moun la ka préparé ou pa ka ka bat 
LOG (lattice-best-path[5.5.891~1-37628]:main():lattice-best-path.cc:99) For utterance 1037_78_l, best cost 335.973 + 22136.3 = 22472.3 over 345 frames.
1037_78_l 
LOG (lattice-best-path[5.5.891~1-37628]:main():lattice-best-path.cc:99) For utterance 1037_78_r, best cost 336.032 + 22375 = 22711 over 345 frames.
1037_78_r 
LOG (lattice-best-path[5.5.891~1-37628]:main():lattice-best-path.cc:99) For utterance 1037_7_l, best cost 661.565 + 25868.5 = 26530.1 over 462 frames.
1037_7_l é é 
LOG (lattice-best-path[5.5.891~1-37628]:main():lattice-best-path.cc:99) For utterance 1037_7_r, best cost 652.645 + 25669.3 = 26322 over 462 frames.
1037_7_r an frans 
LOG (lattice-best-path[5.5.891~1-37628]:main():lattice-best-path.cc:99) For utterance 1037_80_l, best cost 144.007 + 9254.84 = 9398.85 over 158 frames.
1037_80_l 
LOG (lattice-best-path[5.5.891~1-37628]:main():lattice-best-path.cc:99) For utterance 1037_80_r, best cost 144.076 + 9190.09 = 9334.17 over 158 frames.
1037_80_r 
LOG (lattice-best-path[5.5.891~1-37628]:main():lattice-best-path.cc:99) For utterance 1037_82_l, best cost 1435.27 + 40565.8 = 42001.1 over 725 frames.
1037_82_l moun la ka bat é bat rapport à la 
LOG (lattice-best-path[5.5.891~1-37628]:main():lattice-best-path.cc:99) For utterance 1037_82_r, best cost 1578.12 + 40311.4 = 41889.6 over 725 frames.
1037_82_r ka bat é bat an atandan mardi gra pou nou séré 
LOG (lattice-best-path[5.5.891~1-37628]:main():lattice-best-path.cc:99) For utterance 1037_84_l, best cost 340.526 + 13560.9 = 13901.4 over 221 frames.
1037_84_l 
LOG (lattice-best-path[5.5.891~1-37628]:main():lattice-best-path.cc:99) For utterance 1037_84_r, best cost 340.438 + 13610.3 = 13950.8 over 221 frames.
1037_84_r 
LOG (lattice-best-path[5.5.891~1-37628]:main():lattice-best-path.cc:99) For utterance 1037_86_l, best cost 453.873 + 16779.8 = 17233.7 over 286 frames.
1037_86_l an 
LOG (lattice-best-path[5.5.891~1-37628]:main():lattice-best-path.cc:99) For utterance 1037_86_r, best cost 453.705 + 16785.6 = 17239.3 over 286 frames.
1037_86_r an 
LOG (lattice-best-path[5.5.891~1-37628]:main():lattice-best-path.cc:99) For utterance 1037_88_l, best cost 816.779 + 31220.7 = 32037.5 over 487 frames.
1037_88_l ou pa ka 
LOG (lattice-best-path[5.5.891~1-37628]:main():lattice-best-path.cc:99) For utterance 1037_88_r, best cost 723.844 + 31316.1 = 32039.9 over 487 frames.
1037_88_r ou pa ka 
LOG (lattice-best-path[5.5.891~1-37628]:main():lattice-best-path.cc:99) For utterance 1037_90_l, best cost 291.493 + 13911.8 = 14203.3 over 243 frames.
1037_90_l é 
LOG (lattice-best-path[5.5.891~1-37628]:main():lattice-best-path.cc:99) For utterance 1037_90_r, best cost 331.176 + 13890.4 = 14221.5 over 243 frames.
1037_90_r 
LOG (lattice-best-path[5.5.891~1-37628]:main():lattice-best-path.cc:99) For utterance 1037_92_l, best cost 325.878 + 10918.3 = 11244.2 over 187 frames.
1037_92_l 
LOG (lattice-best-path[5.5.891~1-37628]:main():lattice-best-path.cc:99) For utterance 1037_92_r, best cost 325.878 + 10928.8 = 11254.7 over 187 frames.
1037_92_r 
LOG (lattice-best-path[5.5.891~1-37628]:main():lattice-best-path.cc:99) For utterance 1037_94_l, best cost 470.851 + 17120.7 = 17591.5 over 348 frames.
1037_94_l bat é bat 
LOG (lattice-best-path[5.5.891~1-37628]:main():lattice-best-path.cc:99) For utterance 1037_94_r, best cost 456.347 + 17376.7 = 17833.1 over 348 frames.
1037_94_r bat é bat 
LOG (lattice-best-path[5.5.891~1-37628]:main():lattice-best-path.cc:99) For utterance 1037_96_l, best cost 103.284 + 2433.45 = 2536.73 over 58 frames.
1037_96_l 
LOG (lattice-best-path[5.5.891~1-37628]:main():lattice-best-path.cc:99) For utterance 1037_96_r, best cost 103.284 + 2576.36 = 2679.64 over 58 frames.
1037_96_r 
LOG (lattice-best-path[5.5.891~1-37628]:main():lattice-best-path.cc:99) For utterance 1037_98_l, best cost 424.396 + 21342.7 = 21767.1 over 377 frames.
1037_98_l é 
LOG (lattice-best-path[5.5.891~1-37628]:main():lattice-best-path.cc:99) For utterance 1037_98_r, best cost 514.328 + 21514.2 = 22028.5 over 377 frames.
1037_98_r an frans 
LOG (lattice-best-path[5.5.891~1-37628]:main():lattice-best-path.cc:99) For utterance 1037_99_l, best cost 1193.53 + 70812.8 = 72006.4 over 1229 frames.
1037_99_l adan péyi la 
LOG (lattice-best-path[5.5.891~1-37628]:main():lattice-best-path.cc:99) For utterance 1037_99_r, best cost 1254.71 + 71188.4 = 72443.1 over 1229 frames.
1037_99_r an pa sav 
LOG (lattice-best-path[5.5.891~1-37628]:main():lattice-best-path.cc:99) For utterance 1037_9_l, best cost 101.611 + 2323.61 = 2425.22 over 49 frames.
1037_9_l 
LOG (lattice-best-path[5.5.891~1-37628]:main():lattice-best-path.cc:99) For utterance 1037_9_r, best cost 101.745 + 2240.56 = 2342.31 over 49 frames.
1037_9_r 
LOG (lattice-best-path[5.5.891~1-37628]:main():lattice-best-path.cc:99) For utterance 1041_0_l, best cost 616.415 + 34400.9 = 35017.3 over 654 frames.
1041_0_l é 
LOG (lattice-best-path[5.5.891~1-37628]:main():lattice-best-path.cc:99) For utterance 1041_0_r, best cost 599.57 + 35035.6 = 35635.2 over 654 frames.
1041_0_r 
LOG (lattice-best-path[5.5.891~1-37628]:main():lattice-best-path.cc:99) For utterance 1041_100_l, best cost 193.929 + 5284.85 = 5478.78 over 87 frames.
1041_100_l 
LOG (lattice-best-path[5.5.891~1-37628]:main():lattice-best-path.cc:99) For utterance 1041_100_r, best cost 193.929 + 5269.92 = 5463.85 over 87 frames.
1041_100_r 
LOG (lattice-best-path[5.5.891~1-37628]:main():lattice-best-path.cc:99) For utterance 1041_102_l, best cost 159.103 + 1571.06 = 1730.16 over 29 frames.
1041_102_l 
LOG (lattice-best-path[5.5.891~1-37628]:main():lattice-best-path.cc:99) For utterance 1041_102_r, best cost 201.764 + 1502.87 = 1704.63 over 29 frames.
1041_102_r é 
LOG (lattice-best-path[5.5.891~1-37628]:main():lattice-best-path.cc:99) For utterance 1041_104_l, best cost 362.169 + 20227.3 = 20589.5 over 405 frames.
1041_104_l 
LOG (lattice-best-path[5.5.891~1-37628]:main():lattice-best-path.cc:99) For utterance 1041_104_r, best cost 375.068 + 20533.9 = 20909 over 405 frames.
1041_104_r 
LOG (lattice-best-path[5.5.891~1-37628]:main():lattice-best-path.cc:99) For utterance 1041_106_l, best cost 183.112 + 8638.06 = 8821.17 over 142 frames.
1041_106_l 
LOG (lattice-best-path[5.5.891~1-37628]:main():lattice-best-path.cc:99) For utterance 1041_106_r, best cost 183.112 + 8639.27 = 8822.38 over 142 frames.
1041_106_r 
LOG (lattice-best-path[5.5.891~1-37628]:main():lattice-best-path.cc:99) For utterance 1041_108_l, best cost 288.319 + 22274.4 = 22562.8 over 382 frames.
1041_108_l é 
LOG (lattice-best-path[5.5.891~1-37628]:main():lattice-best-path.cc:99) For utterance 1041_108_r, best cost 333.365 + 22938 = 23271.4 over 382 frames.
1041_108_r é 
LOG (lattice-best-path[5.5.891~1-37628]:main():lattice-best-path.cc:99) For utterance 1041_10_l, best cost 468.112 + 9125.16 = 9593.27 over 181 frames.
1041_10_l moun ki 
LOG (lattice-best-path[5.5.891~1-37628]:main():lattice-best-path.cc:99) For utterance 1041_10_r, best cost 246.397 + 9600.82 = 9847.21 over 181 frames.
1041_10_r 
LOG (lattice-best-path[5.5.891~1-37628]:main():lattice-best-path.cc:99) For utterance 1041_110_l, best cost 164.961 + 4870.52 = 5035.48 over 98 frames.
1041_110_l 
LOG (lattice-best-path[5.5.891~1-37628]:main():lattice-best-path.cc:99) For utterance 1041_110_r, best cost 168.4 + 4823.13 = 4991.53 over 98 frames.
1041_110_r 
LOG (lattice-best-path[5.5.891~1-37628]:main():lattice-best-path.cc:99) For utterance 1041_112_l, best cost 286.916 + 12801.2 = 13088.1 over 267 frames.
1041_112_l é 
LOG (lattice-best-path[5.5.891~1-37628]:main():lattice-best-path.cc:99) For utterance 1041_112_r, best cost 249.571 + 13165.1 = 13414.7 over 267 frames.
1041_112_r 
LOG (lattice-best-path[5.5.891~1-37628]:main():lattice-best-path.cc:99) For utterance 1041_113_l, best cost 393.277 + 18823 = 19216.3 over 373 frames.
1041_113_l é 
LOG (lattice-best-path[5.5.891~1-37628]:main():lattice-best-path.cc:99) For utterance 1041_113_r, best cost 397.148 + 19106.5 = 19503.6 over 373 frames.
1041_113_r é 
LOG (lattice-best-path[5.5.891~1-37628]:main():lattice-best-path.cc:99) For utterance 1041_115_l, best cost 197.827 + 5528.4 = 5726.22 over 98 frames.
1041_115_l 
LOG (lattice-best-path[5.5.891~1-37628]:main():lattice-best-path.cc:99) For utterance 1041_115_r, best cost 195.885 + 5561.69 = 5757.58 over 98 frames.
1041_115_r 
LOG (lattice-best-path[5.5.891~1-37628]:main():lattice-best-path.cc:99) For utterance 1041_117_l, best cost 556.308 + 31020.5 = 31576.8 over 556 frames.
1041_117_l 
LOG (lattice-best-path[5.5.891~1-37628]:main():lattice-best-path.cc:99) For utterance 1041_117_r, best cost 577.682 + 31471.7 = 32049.4 over 556 frames.
1041_117_r 
LOG (lattice-best-path[5.5.891~1-37628]:main():lattice-best-path.cc:99) For utterance 1041_119_l, best cost 309.362 + 10462.9 = 10772.2 over 200 frames.
1041_119_l 
LOG (lattice-best-path[5.5.891~1-37628]:main():lattice-best-path.cc:99) For utterance 1041_119_r, best cost 247.2 + 10596.1 = 10843.3 over 200 frames.
1041_119_r 
LOG (lattice-best-path[5.5.891~1-37628]:main():lattice-best-path.cc:99) For utterance 1041_121_l, best cost 163.163 + 3614 = 3777.17 over 65 frames.
1041_121_l 
LOG (lattice-best-path[5.5.891~1-37628]:main():lattice-best-path.cc:99) For utterance 1041_121_r, best cost 163.163 + 3631.85 = 3795.01 over 65 frames.
1041_121_r 
LOG (lattice-best-path[5.5.891~1-37628]:main():lattice-best-path.cc:99) For utterance 1041_123_l, best cost 149.842 + 5856.68 = 6006.52 over 97 frames.
1041_123_l 
LOG (lattice-best-path[5.5.891~1-37628]:main():lattice-best-path.cc:99) For utterance 1041_123_r, best cost 149.842 + 5857.42 = 6007.26 over 97 frames.
1041_123_r 
LOG (lattice-best-path[5.5.891~1-37628]:main():lattice-best-path.cc:99) For utterance 1041_125_l, best cost 146.834 + 2918.29 = 3065.12 over 60 frames.
1041_125_l 
LOG (lattice-best-path[5.5.891~1-37628]:main():lattice-best-path.cc:99) For utterance 1041_125_r, best cost 146.745 + 2924.09 = 3070.84 over 60 frames.
1041_125_r 
LOG (lattice-best-path[5.5.891~1-37628]:main():lattice-best-path.cc:99) For utterance 1041_127_l, best cost 146.154 + 3747.91 = 3894.06 over 53 frames.
1041_127_l 
LOG (lattice-best-path[5.5.891~1-37628]:main():lattice-best-path.cc:99) For utterance 1041_127_r, best cost 149.588 + 3788.66 = 3938.25 over 53 frames.
1041_127_r 
LOG (lattice-best-path[5.5.891~1-37628]:main():lattice-best-path.cc:99) For utterance 1041_129_l, best cost 151.503 + 6097.96 = 6249.46 over 95 frames.
1041_129_l 
LOG (lattice-best-path[5.5.891~1-37628]:main():lattice-best-path.cc:99) For utterance 1041_129_r, best cost 151.503 + 6226.98 = 6378.48 over 95 frames.
1041_129_r 
LOG (lattice-best-path[5.5.891~1-37628]:main():lattice-best-path.cc:99) For utterance 1041_12_l, best cost 162.439 + 7630.25 = 7792.69 over 144 frames.
1041_12_l 
LOG (lattice-best-path[5.5.891~1-37628]:main():lattice-best-path.cc:99) For utterance 1041_12_r, best cost 232.693 + 7508.21 = 7740.9 over 144 frames.
1041_12_r é 
LOG (lattice-best-path[5.5.891~1-37628]:main():lattice-best-path.cc:99) For utterance 1041_131_l, best cost 253.395 + 15512.8 = 15766.2 over 274 frames.
1041_131_l 
LOG (lattice-best-path[5.5.891~1-37628]:main():lattice-best-path.cc:99) For utterance 1041_131_r, best cost 306.953 + 15706 = 16013 over 274 frames.
1041_131_r 
LOG (lattice-best-path[5.5.891~1-37628]:main():lattice-best-path.cc:99) For utterance 1041_133_l, best cost 332.988 + 17263 = 17596 over 312 frames.
1041_133_l é 
LOG (lattice-best-path[5.5.891~1-37628]:main():lattice-best-path.cc:99) For utterance 1041_133_r, best cost 378.246 + 17483 = 17861.2 over 312 frames.
1041_133_r é 
LOG (lattice-best-path[5.5.891~1-37628]:main():lattice-best-path.cc:99) For utterance 1041_135_l, best cost 181.141 + 6825.84 = 7006.98 over 146 frames.
1041_135_l 
LOG (lattice-best-path[5.5.891~1-37628]:main():lattice-best-path.cc:99) For utterance 1041_135_r, best cost 181.971 + 6834.3 = 7016.27 over 146 frames.
1041_135_r 
LOG (lattice-best-path[5.5.891~1-37628]:main():lattice-best-path.cc:99) For utterance 1041_137_l, best cost 376.382 + 17989.9 = 18366.3 over 337 frames.
1041_137_l 
LOG (lattice-best-path[5.5.891~1-37628]:main():lattice-best-path.cc:99) For utterance 1041_137_r, best cost 421.767 + 18244.3 = 18666.1 over 337 frames.
1041_137_r 
LOG (lattice-best-path[5.5.891~1-37628]:main():lattice-best-path.cc:99) For utterance 1041_139_l, best cost 324.834 + 8737.77 = 9062.6 over 147 frames.
1041_139_l 
LOG (lattice-best-path[5.5.891~1-37628]:main():lattice-best-path.cc:99) For utterance 1041_139_r, best cost 324.795 + 9033.51 = 9358.3 over 147 frames.
1041_139_r 
LOG (lattice-best-path[5.5.891~1-37628]:main():lattice-best-path.cc:99) For utterance 1041_141_l, best cost 163.485 + 2890.83 = 3054.31 over 49 frames.
1041_141_l 
LOG (lattice-best-path[5.5.891~1-37628]:main():lattice-best-path.cc:99) For utterance 1041_141_r, best cost 162.655 + 2894.42 = 3057.08 over 49 frames.
1041_141_r 
LOG (lattice-best-path[5.5.891~1-37628]:main():lattice-best-path.cc:99) For utterance 1041_143_l, best cost 202.337 + 6733.41 = 6935.75 over 98 frames.
1041_143_l 
LOG (lattice-best-path[5.5.891~1-37628]:main():lattice-best-path.cc:99) For utterance 1041_143_r, best cost 194.978 + 6862.15 = 7057.13 over 98 frames.
1041_143_r 
LOG (lattice-best-path[5.5.891~1-37628]:main():lattice-best-path.cc:99) For utterance 1041_145_l, best cost 678.556 + 27846.6 = 28525.1 over 515 frames.
1041_145_l 
LOG (lattice-best-path[5.5.891~1-37628]:main():lattice-best-path.cc:99) For utterance 1041_145_r, best cost 651.163 + 28227.5 = 28878.6 over 515 frames.
1041_145_r 
LOG (lattice-best-path[5.5.891~1-37628]:main():lattice-best-path.cc:99) For utterance 1041_147_l, best cost 295.421 + 5431.23 = 5726.65 over 96 frames.
1041_147_l é 
LOG (lattice-best-path[5.5.891~1-37628]:main():lattice-best-path.cc:99) For utterance 1041_147_r, best cost 295.353 + 5579.07 = 5874.42 over 96 frames.
1041_147_r é 
LOG (lattice-best-path[5.5.891~1-37628]:main():lattice-best-path.cc:99) For utterance 1041_149_l, best cost 512.242 + 26942.9 = 27455.1 over 558 frames.
1041_149_l 
LOG (lattice-best-path[5.5.891~1-37628]:main():lattice-best-path.cc:99) For utterance 1041_149_r, best cost 588.406 + 27140.2 = 27728.6 over 558 frames.
1041_149_r é 
LOG (lattice-best-path[5.5.891~1-37628]:main():lattice-best-path.cc:99) For utterance 1041_14_l, best cost 482.855 + 19510.6 = 19993.5 over 371 frames.
1041_14_l ki 
LOG (lattice-best-path[5.5.891~1-37628]:main():lattice-best-path.cc:99) For utterance 1041_14_r, best cost 485.312 + 20065 = 20550.3 over 371 frames.
1041_14_r ki 
LOG (lattice-best-path[5.5.891~1-37628]:main():lattice-best-path.cc:99) For utterance 1041_151_l, best cost 298.942 + 9445.15 = 9744.09 over 172 frames.
1041_151_l 
LOG (lattice-best-path[5.5.891~1-37628]:main():lattice-best-path.cc:99) For utterance 1041_151_r, best cost 324.149 + 9395.31 = 9719.46 over 172 frames.
1041_151_r 
LOG (lattice-best-path[5.5.891~1-37628]:main():lattice-best-path.cc:99) For utterance 1041_153_l, best cost 611.521 + 29300.7 = 29912.3 over 535 frames.
1041_153_l ka fè 
LOG (lattice-best-path[5.5.891~1-37628]:main():lattice-best-path.cc:99) For utterance 1041_153_r, best cost 521.904 + 29616.9 = 30138.8 over 535 frames.
1041_153_r la 
LOG (lattice-best-path[5.5.891~1-37628]:main():lattice-best-path.cc:99) For utterance 1041_155_l, best cost 535.688 + 29080.4 = 29616.1 over 557 frames.
1041_155_l é 
LOG (lattice-best-path[5.5.891~1-37628]:main():lattice-best-path.cc:99) For utterance 1041_155_r, best cost 535.851 + 29550.5 = 30086.3 over 557 frames.
1041_155_r é 
LOG (lattice-best-path[5.5.891~1-37628]:main():lattice-best-path.cc:99) For utterance 1041_157_l, best cost 329.416 + 16288.4 = 16617.9 over 287 frames.
1041_157_l é 
LOG (lattice-best-path[5.5.891~1-37628]:main():lattice-best-path.cc:99) For utterance 1041_157_r, best cost 328.618 + 16570.4 = 16899.1 over 287 frames.
1041_157_r é 
LOG (lattice-best-path[5.5.891~1-37628]:main():lattice-best-path.cc:99) For utterance 1041_159_l, best cost 252.235 + 8350.21 = 8602.44 over 151 frames.
1041_159_l 
LOG (lattice-best-path[5.5.891~1-37628]:main():lattice-best-path.cc:99) For utterance 1041_159_r, best cost 203.252 + 8491.24 = 8694.49 over 151 frames.
1041_159_r 
LOG (lattice-best-path[5.5.891~1-37628]:main():lattice-best-path.cc:99) For utterance 1041_161_l, best cost 311.45 + 15279.2 = 15590.6 over 279 frames.
1041_161_l é 
LOG (lattice-best-path[5.5.891~1-37628]:main():lattice-best-path.cc:99) For utterance 1041_161_r, best cost 346.015 + 15193.8 = 15539.8 over 279 frames.
1041_161_r é 
LOG (lattice-best-path[5.5.891~1-37628]:main():lattice-best-path.cc:99) For utterance 1041_163_l, best cost 342.929 + 29238.3 = 29581.3 over 504 frames.
1041_163_l 
LOG (lattice-best-path[5.5.891~1-37628]:main():lattice-best-path.cc:99) For utterance 1041_163_r, best cost 343.019 + 29717.6 = 30060.6 over 504 frames.
1041_163_r 
LOG (lattice-best-path[5.5.891~1-37628]:main():lattice-best-path.cc:99) For utterance 1041_165_l, best cost 386.196 + 15035.5 = 15421.7 over 278 frames.
1041_165_l 
LOG (lattice-best-path[5.5.891~1-37628]:main():lattice-best-path.cc:99) For utterance 1041_165_r, best cost 401.021 + 15188.6 = 15589.6 over 278 frames.
1041_165_r 
LOG (lattice-best-path[5.5.891~1-37628]:main():lattice-best-path.cc:99) For utterance 1041_167_l, best cost 377.49 + 17760 = 18137.5 over 315 frames.
1041_167_l hum 
LOG (lattice-best-path[5.5.891~1-37628]:main():lattice-best-path.cc:99) For utterance 1041_167_r, best cost 381.159 + 17837.1 = 18218.3 over 315 frames.
1041_167_r hum 
LOG (lattice-best-path[5.5.891~1-37628]:main():lattice-best-path.cc:99) For utterance 1041_16_l, best cost 701.371 + 39650.3 = 40351.7 over 724 frames.
1041_16_l é é 
LOG (lattice-best-path[5.5.891~1-37628]:main():lattice-best-path.cc:99) For utterance 1041_16_r, best cost 816.721 + 40175.5 = 40992.2 over 724 frames.
1041_16_r é é 
LOG (lattice-best-path[5.5.891~1-37628]:main():lattice-best-path.cc:99) For utterance 1041_170_l, best cost 338.898 + 13592.5 = 13931.4 over 214 frames.
1041_170_l 
LOG (lattice-best-path[5.5.891~1-37628]:main():lattice-best-path.cc:99) For utterance 1041_170_r, best cost 338.878 + 13856.4 = 14195.3 over 214 frames.
1041_170_r 
LOG (lattice-best-path[5.5.891~1-37628]:main():lattice-best-path.cc:99) For utterance 1041_172_l, best cost 382.768 + 23086 = 23468.8 over 404 frames.
1041_172_l 
LOG (lattice-best-path[5.5.891~1-37628]:main():lattice-best-path.cc:99) For utterance 1041_172_r, best cost 382.631 + 23280.3 = 23662.9 over 404 frames.
1041_172_r 
LOG (lattice-best-path[5.5.891~1-37628]:main():lattice-best-path.cc:99) For utterance 1041_174_l, best cost 145.013 + 1983.06 = 2128.08 over 35 frames.
1041_174_l 
LOG (lattice-best-path[5.5.891~1-37628]:main():lattice-best-path.cc:99) For utterance 1041_174_r, best cost 145.013 + 2041.35 = 2186.37 over 35 frames.
1041_174_r 
LOG (lattice-best-path[5.5.891~1-37628]:main():lattice-best-path.cc:99) For utterance 1041_176_l, best cost 383.044 + 25831.1 = 26214.2 over 452 frames.
1041_176_l 
LOG (lattice-best-path[5.5.891~1-37628]:main():lattice-best-path.cc:99) For utterance 1041_176_r, best cost 427.57 + 26175.9 = 26603.5 over 452 frames.
1041_176_r 
LOG (lattice-best-path[5.5.891~1-37628]:main():lattice-best-path.cc:99) For utterance 1041_177_l, best cost 452.677 + 22916.5 = 23369.2 over 421 frames.
1041_177_l é 
LOG (lattice-best-path[5.5.891~1-37628]:main():lattice-best-path.cc:99) For utterance 1041_177_r, best cost 454.081 + 23418 = 23872.1 over 421 frames.
1041_177_r é 
LOG (lattice-best-path[5.5.891~1-37628]:main():lattice-best-path.cc:99) For utterance 1041_178_l, best cost 477.146 + 30328.2 = 30805.3 over 561 frames.
1041_178_l 
LOG (lattice-best-path[5.5.891~1-37628]:main():lattice-best-path.cc:99) For utterance 1041_178_r, best cost 491.244 + 31118.5 = 31609.8 over 561 frames.
1041_178_r 
LOG (lattice-best-path[5.5.891~1-37628]:main():lattice-best-path.cc:99) For utterance 1041_180_l, best cost 273.569 + 12759.9 = 13033.5 over 232 frames.
1041_180_l 
LOG (lattice-best-path[5.5.891~1-37628]:main():lattice-best-path.cc:99) For utterance 1041_180_r, best cost 273.53 + 12895.2 = 13168.7 over 232 frames.
1041_180_r 
LOG (lattice-best-path[5.5.891~1-37628]:main():lattice-best-path.cc:99) For utterance 1041_182_l, best cost 196.856 + 6898.72 = 7095.58 over 119 frames.
1041_182_l 
LOG (lattice-best-path[5.5.891~1-37628]:main():lattice-best-path.cc:99) For utterance 1041_182_r, best cost 197.217 + 6930.15 = 7127.37 over 119 frames.
1041_182_r 
LOG (lattice-best-path[5.5.891~1-37628]:main():lattice-best-path.cc:99) For utterance 1041_184_l, best cost 158.074 + 4551.31 = 4709.38 over 79 frames.
1041_184_l 
LOG (lattice-best-path[5.5.891~1-37628]:main():lattice-best-path.cc:99) For utterance 1041_184_r, best cost 157.761 + 4645.98 = 4803.74 over 79 frames.
1041_184_r 
LOG (lattice-best-path[5.5.891~1-37628]:main():lattice-best-path.cc:99) For utterance 1041_186_l, best cost 340.265 + 7570.42 = 7910.69 over 129 frames.
1041_186_l 
LOG (lattice-best-path[5.5.891~1-37628]:main():lattice-best-path.cc:99) For utterance 1041_186_r, best cost 309.831 + 7517.97 = 7827.8 over 129 frames.
1041_186_r 
LOG (lattice-best-path[5.5.891~1-37628]:main():lattice-best-path.cc:99) For utterance 1041_188_l, best cost 784.134 + 31302.3 = 32086.4 over 564 frames.
1041_188_l bat é bat 
LOG (lattice-best-path[5.5.891~1-37628]:main():lattice-best-path.cc:99) For utterance 1041_188_r, best cost 687.976 + 32008.5 = 32696.5 over 564 frames.
1041_188_r é 
LOG (lattice-best-path[5.5.891~1-37628]:main():lattice-best-path.cc:99) For utterance 1041_18_l, best cost 201.328 + 5425.18 = 5626.51 over 85 frames.
1041_18_l 
LOG (lattice-best-path[5.5.891~1-37628]:main():lattice-best-path.cc:99) For utterance 1041_18_r, best cost 197.708 + 5511.47 = 5709.18 over 85 frames.
1041_18_r 
LOG (lattice-best-path[5.5.891~1-37628]:main():lattice-best-path.cc:99) For utterance 1041_190_l, best cost 339.029 + 20429.8 = 20768.9 over 374 frames.
1041_190_l 
LOG (lattice-best-path[5.5.891~1-37628]:main():lattice-best-path.cc:99) For utterance 1041_190_r, best cost 338.833 + 20691.7 = 21030.5 over 374 frames.
1041_190_r 
LOG (lattice-best-path[5.5.891~1-37628]:main():lattice-best-path.cc:99) For utterance 1041_192_l, best cost 256.139 + 17113.4 = 17369.6 over 288 frames.
1041_192_l 
LOG (lattice-best-path[5.5.891~1-37628]:main():lattice-best-path.cc:99) For utterance 1041_192_r, best cost 211.144 + 17201.4 = 17412.5 over 288 frames.
1041_192_r 
LOG (lattice-best-path[5.5.891~1-37628]:main():lattice-best-path.cc:99) For utterance 1041_194_l, best cost 428.364 + 24932.9 = 25361.3 over 447 frames.
1041_194_l é é 
LOG (lattice-best-path[5.5.891~1-37628]:main():lattice-best-path.cc:99) For utterance 1041_194_r, best cost 619.107 + 25094.9 = 25714 over 447 frames.
1041_194_r ou pa 
LOG (lattice-best-path[5.5.891~1-37628]:main():lattice-best-path.cc:99) For utterance 1041_196_l, best cost 470.834 + 22186.5 = 22657.4 over 412 frames.
1041_196_l é 
LOG (lattice-best-path[5.5.891~1-37628]:main():lattice-best-path.cc:99) For utterance 1041_196_r, best cost 469.633 + 22648 = 23117.7 over 412 frames.
1041_196_r é 
LOG (lattice-best-path[5.5.891~1-37628]:main():lattice-best-path.cc:99) For utterance 1041_198_l, best cost 394.225 + 17636.7 = 18030.9 over 294 frames.
1041_198_l 
LOG (lattice-best-path[5.5.891~1-37628]:main():lattice-best-path.cc:99) For utterance 1041_198_r, best cost 393.99 + 17718.6 = 18112.6 over 294 frames.
1041_198_r 
LOG (lattice-best-path[5.5.891~1-37628]:main():lattice-best-path.cc:99) For utterance 1041_200_l, best cost 493.787 + 19920.3 = 20414.1 over 374 frames.
1041_200_l donk 
LOG (lattice-best-path[5.5.891~1-37628]:main():lattice-best-path.cc:99) For utterance 1041_200_r, best cost 559.949 + 20213.8 = 20773.8 over 374 frames.
1041_200_r donk 
LOG (lattice-best-path[5.5.891~1-37628]:main():lattice-best-path.cc:99) For utterance 1041_202_l, best cost 245.818 + 10632.6 = 10878.4 over 180 frames.
1041_202_l 
LOG (lattice-best-path[5.5.891~1-37628]:main():lattice-best-path.cc:99) For utterance 1041_202_r, best cost 245.799 + 10606.5 = 10852.3 over 180 frames.
1041_202_r 
LOG (lattice-best-path[5.5.891~1-37628]:main():lattice-best-path.cc:99) For utterance 1041_204_l, best cost 628.451 + 32967.8 = 33596.3 over 604 frames.
1041_204_l é 
LOG (lattice-best-path[5.5.891~1-37628]:main():lattice-best-path.cc:99) For utterance 1041_204_r, best cost 624.31 + 33455.4 = 34079.7 over 604 frames.
1041_204_r é 
LOG (lattice-best-path[5.5.891~1-37628]:main():lattice-best-path.cc:99) For utterance 1041_206_l, best cost 155.527 + 4745.81 = 4901.34 over 80 frames.
1041_206_l 
LOG (lattice-best-path[5.5.891~1-37628]:main():lattice-best-path.cc:99) For utterance 1041_206_r, best cost 155.303 + 4763.33 = 4918.64 over 80 frames.
1041_206_r 
LOG (lattice-best-path[5.5.891~1-37628]:main():lattice-best-path.cc:99) For utterance 1041_208_l, best cost 375.067 + 18164.8 = 18539.9 over 343 frames.
1041_208_l é 
LOG (lattice-best-path[5.5.891~1-37628]:main():lattice-best-path.cc:99) For utterance 1041_208_r, best cost 374.356 + 18424.3 = 18798.6 over 343 frames.
1041_208_r é 
LOG (lattice-best-path[5.5.891~1-37628]:main():lattice-best-path.cc:99) For utterance 1041_20_l, best cost 509.362 + 22924.4 = 23433.7 over 421 frames.
1041_20_l mwen 
LOG (lattice-best-path[5.5.891~1-37628]:main():lattice-best-path.cc:99) For utterance 1041_20_r, best cost 358.613 + 23603.5 = 23962.1 over 421 frames.
1041_20_r 
LOG (lattice-best-path[5.5.891~1-37628]:main():lattice-best-path.cc:99) For utterance 1041_210_l, best cost 407.371 + 21661.9 = 22069.3 over 384 frames.
1041_210_l 
LOG (lattice-best-path[5.5.891~1-37628]:main():lattice-best-path.cc:99) For utterance 1041_210_r, best cost 427.614 + 21621.1 = 22048.8 over 384 frames.
1041_210_r 
LOG (lattice-best-path[5.5.891~1-37628]:main():lattice-best-path.cc:99) For utterance 1041_212_l, best cost 593.214 + 20205.8 = 20799.1 over 359 frames.
1041_212_l m m 
LOG (lattice-best-path[5.5.891~1-37628]:main():lattice-best-path.cc:99) For utterance 1041_212_r, best cost 584.445 + 20475.9 = 21060.4 over 359 frames.
1041_212_r é é 
LOG (lattice-best-path[5.5.891~1-37628]:main():lattice-best-path.cc:99) For utterance 1041_214_l, best cost 226.776 + 8748.79 = 8975.56 over 135 frames.
1041_214_l 
LOG (lattice-best-path[5.5.891~1-37628]:main():lattice-best-path.cc:99) For utterance 1041_214_r, best cost 242.932 + 8447.34 = 8690.27 over 135 frames.
1041_214_r 
LOG (lattice-best-path[5.5.891~1-37628]:main():lattice-best-path.cc:99) For utterance 1041_216_l, best cost 475.956 + 26295.3 = 26771.3 over 535 frames.
1041_216_l 
LOG (lattice-best-path[5.5.891~1-37628]:main():lattice-best-path.cc:99) For utterance 1041_216_r, best cost 537.972 + 26445.3 = 26983.3 over 535 frames.
1041_216_r 
LOG (lattice-best-path[5.5.891~1-37628]:main():lattice-best-path.cc:99) For utterance 1041_217_l, best cost 479.025 + 24284.3 = 24763.4 over 440 frames.
1041_217_l 
LOG (lattice-best-path[5.5.891~1-37628]:main():lattice-best-path.cc:99) For utterance 1041_217_r, best cost 463.397 + 24867.7 = 25331.1 over 440 frames.
1041_217_r 
LOG (lattice-best-path[5.5.891~1-37628]:main():lattice-best-path.cc:99) For utterance 1041_218_l, best cost 315.588 + 9242 = 9557.59 over 178 frames.
1041_218_l é 
LOG (lattice-best-path[5.5.891~1-37628]:main():lattice-best-path.cc:99) For utterance 1041_218_r, best cost 270.586 + 9615.11 = 9885.69 over 178 frames.
1041_218_r 
LOG (lattice-best-path[5.5.891~1-37628]:main():lattice-best-path.cc:99) For utterance 1041_220_l, best cost 625.788 + 28431.1 = 29056.9 over 530 frames.
1041_220_l é 
LOG (lattice-best-path[5.5.891~1-37628]:main():lattice-best-path.cc:99) For utterance 1041_220_r, best cost 660.582 + 29167.1 = 29827.7 over 530 frames.
1041_220_r 
LOG (lattice-best-path[5.5.891~1-37628]:main():lattice-best-path.cc:99) For utterance 1041_222_l, best cost 438.884 + 24803.9 = 25242.8 over 494 frames.
1041_222_l é 
LOG (lattice-best-path[5.5.891~1-37628]:main():lattice-best-path.cc:99) For utterance 1041_222_r, best cost 553.259 + 25161.3 = 25714.6 over 494 frames.
1041_222_r é 
LOG (lattice-best-path[5.5.891~1-37628]:main():lattice-best-path.cc:99) For utterance 1041_224_l, best cost 568.298 + 28869 = 29437.3 over 535 frames.
1041_224_l 
LOG (lattice-best-path[5.5.891~1-37628]:main():lattice-best-path.cc:99) For utterance 1041_224_r, best cost 609.188 + 29099.6 = 29708.8 over 535 frames.
1041_224_r 
LOG (lattice-best-path[5.5.891~1-37628]:main():lattice-best-path.cc:99) For utterance 1041_226_l, best cost 556.378 + 23960.9 = 24517.3 over 424 frames.
1041_226_l 
LOG (lattice-best-path[5.5.891~1-37628]:main():lattice-best-path.cc:99) For utterance 1041_226_r, best cost 555.195 + 24310.2 = 24865.4 over 424 frames.
1041_226_r é 
LOG (lattice-best-path[5.5.891~1-37628]:main():lattice-best-path.cc:99) For utterance 1041_228_l, best cost 300.594 + 13228.4 = 13529 over 225 frames.
1041_228_l 
LOG (lattice-best-path[5.5.891~1-37628]:main():lattice-best-path.cc:99) For utterance 1041_228_r, best cost 300.555 + 13623.3 = 13923.9 over 225 frames.
1041_228_r 
LOG (lattice-best-path[5.5.891~1-37628]:main():lattice-best-path.cc:99) For utterance 1041_22_l, best cost 285.681 + 4275.73 = 4561.41 over 100 frames.
1041_22_l moun 
LOG (lattice-best-path[5.5.891~1-37628]:main():lattice-best-path.cc:99) For utterance 1041_22_r, best cost 176.676 + 4330.38 = 4507.05 over 100 frames.
1041_22_r 
LOG (lattice-best-path[5.5.891~1-37628]:main():lattice-best-path.cc:99) For utterance 1041_230_l, best cost 474.505 + 14849.8 = 15324.3 over 279 frames.
1041_230_l mè 
LOG (lattice-best-path[5.5.891~1-37628]:main():lattice-best-path.cc:99) For utterance 1041_230_r, best cost 387.291 + 15210.9 = 15598.2 over 279 frames.
1041_230_r 
LOG (lattice-best-path[5.5.891~1-37628]:main():lattice-best-path.cc:99) For utterance 1041_232_l, best cost 644.486 + 31431.2 = 32075.7 over 572 frames.
1041_232_l é 
LOG (lattice-best-path[5.5.891~1-37628]:main():lattice-best-path.cc:99) For utterance 1041_232_r, best cost 658.577 + 31268.2 = 31926.8 over 572 frames.
1041_232_r é 
LOG (lattice-best-path[5.5.891~1-37628]:main():lattice-best-path.cc:99) For utterance 1041_234_l, best cost 277.051 + 10443.6 = 10720.7 over 173 frames.
1041_234_l 
LOG (lattice-best-path[5.5.891~1-37628]:main():lattice-best-path.cc:99) For utterance 1041_234_r, best cost 277.12 + 10478.9 = 10756 over 173 frames.
1041_234_r 
LOG (lattice-best-path[5.5.891~1-37628]:main():lattice-best-path.cc:99) For utterance 1041_236_l, best cost 822.05 + 35518.4 = 36340.4 over 720 frames.
1041_236_l é é 
LOG (lattice-best-path[5.5.891~1-37628]:main():lattice-best-path.cc:99) For utterance 1041_236_r, best cost 803.465 + 35661.6 = 36465.1 over 720 frames.
1041_236_r é é 
LOG (lattice-best-path[5.5.891~1-37628]:main():lattice-best-path.cc:99) For utterance 1041_238_l, best cost 339.454 + 14429.1 = 14768.5 over 226 frames.
1041_238_l 
LOG (lattice-best-path[5.5.891~1-37628]:main():lattice-best-path.cc:99) For utterance 1041_238_r, best cost 355.848 + 14699.3 = 15055.1 over 226 frames.
1041_238_r 
LOG (lattice-best-path[5.5.891~1-37628]:main():lattice-best-path.cc:99) For utterance 1041_240_l, best cost 316.557 + 14505.7 = 14822.2 over 263 frames.
1041_240_l 
LOG (lattice-best-path[5.5.891~1-37628]:main():lattice-best-path.cc:99) For utterance 1041_240_r, best cost 285.061 + 14760.1 = 15045.2 over 263 frames.
1041_240_r 
LOG (lattice-best-path[5.5.891~1-37628]:main():lattice-best-path.cc:99) For utterance 1041_242_l, best cost 244.091 + 8656.41 = 8900.5 over 146 frames.
1041_242_l 
LOG (lattice-best-path[5.5.891~1-37628]:main():lattice-best-path.cc:99) For utterance 1041_242_r, best cost 258.64 + 8740.11 = 8998.75 over 146 frames.
1041_242_r 
LOG (lattice-best-path[5.5.891~1-37628]:main():lattice-best-path.cc:99) For utterance 1041_244_l, best cost 393.689 + 15210.6 = 15604.2 over 246 frames.
1041_244_l 
LOG (lattice-best-path[5.5.891~1-37628]:main():lattice-best-path.cc:99) For utterance 1041_244_r, best cost 393.982 + 15288.3 = 15682.3 over 246 frames.
1041_244_r 
LOG (lattice-best-path[5.5.891~1-37628]:main():lattice-best-path.cc:99) For utterance 1041_246_l, best cost 198.042 + 7188.21 = 7386.25 over 138 frames.
1041_246_l 
LOG (lattice-best-path[5.5.891~1-37628]:main():lattice-best-path.cc:99) For utterance 1041_246_r, best cost 198.002 + 7228.5 = 7426.5 over 138 frames.
1041_246_r 
LOG (lattice-best-path[5.5.891~1-37628]:main():lattice-best-path.cc:99) For utterance 1041_248_l, best cost 501.114 + 21366 = 21867.1 over 363 frames.
1041_248_l é 
LOG (lattice-best-path[5.5.891~1-37628]:main():lattice-best-path.cc:99) For utterance 1041_248_r, best cost 500.752 + 21644.5 = 22145.3 over 363 frames.
1041_248_r é 
LOG (lattice-best-path[5.5.891~1-37628]:main():lattice-best-path.cc:99) For utterance 1041_24_l, best cost 398.679 + 13497.5 = 13896.2 over 227 frames.
1041_24_l é 
LOG (lattice-best-path[5.5.891~1-37628]:main():lattice-best-path.cc:99) For utterance 1041_24_r, best cost 394.939 + 13732.5 = 14127.4 over 227 frames.
1041_24_r é 
LOG (lattice-best-path[5.5.891~1-37628]:main():lattice-best-path.cc:99) For utterance 1041_250_l, best cost 219.61 + 11323.9 = 11543.5 over 197 frames.
1041_250_l 
LOG (lattice-best-path[5.5.891~1-37628]:main():lattice-best-path.cc:99) For utterance 1041_250_r, best cost 219.454 + 11261.3 = 11480.8 over 197 frames.
1041_250_r 
LOG (lattice-best-path[5.5.891~1-37628]:main():lattice-best-path.cc:99) For utterance 1041_252_l, best cost 117.607 + 4543.71 = 4661.32 over 122 frames.
1041_252_l 
LOG (lattice-best-path[5.5.891~1-37628]:main():lattice-best-path.cc:99) For utterance 1041_252_r, best cost 117.783 + 4628.6 = 4746.39 over 122 frames.
1041_252_r 
LOG (lattice-best-path[5.5.891~1-37628]:main():lattice-best-path.cc:99) For utterance 1041_254_l, best cost 450.799 + 29638.3 = 30089.1 over 492 frames.
1041_254_l é 
LOG (lattice-best-path[5.5.891~1-37628]:main():lattice-best-path.cc:99) For utterance 1041_254_r, best cost 482.791 + 30154.7 = 30637.4 over 492 frames.
1041_254_r é 
LOG (lattice-best-path[5.5.891~1-37628]:main():lattice-best-path.cc:99) For utterance 1041_255_l, best cost 838.293 + 42708.9 = 43547.2 over 781 frames.
1041_255_l é 
LOG (lattice-best-path[5.5.891~1-37628]:main():lattice-best-path.cc:99) For utterance 1041_255_r, best cost 878.676 + 43020.6 = 43899.3 over 781 frames.
1041_255_r 
LOG (lattice-best-path[5.5.891~1-37628]:main():lattice-best-path.cc:99) For utterance 1041_257_l, best cost 413.209 + 25639.9 = 26053.1 over 450 frames.
1041_257_l 
LOG (lattice-best-path[5.5.891~1-37628]:main():lattice-best-path.cc:99) For utterance 1041_257_r, best cost 395.719 + 25899.3 = 26295 over 450 frames.
1041_257_r 
LOG (lattice-best-path[5.5.891~1-37628]:main():lattice-best-path.cc:99) For utterance 1041_259_l, best cost 411.523 + 22857.2 = 23268.7 over 406 frames.
1041_259_l é 
LOG (lattice-best-path[5.5.891~1-37628]:main():lattice-best-path.cc:99) For utterance 1041_259_r, best cost 411.898 + 23201.4 = 23613.3 over 406 frames.
1041_259_r é 
LOG (lattice-best-path[5.5.891~1-37628]:main():lattice-best-path.cc:99) For utterance 1041_261_l, best cost 206.313 + 3230.99 = 3437.31 over 55 frames.
1041_261_l 
LOG (lattice-best-path[5.5.891~1-37628]:main():lattice-best-path.cc:99) For utterance 1041_261_r, best cost 206.293 + 3263.3 = 3469.59 over 55 frames.
1041_261_r 
LOG (lattice-best-path[5.5.891~1-37628]:main():lattice-best-path.cc:99) For utterance 1041_263_l, best cost 531.154 + 25687.5 = 26218.6 over 442 frames.
1041_263_l 
LOG (lattice-best-path[5.5.891~1-37628]:main():lattice-best-path.cc:99) For utterance 1041_263_r, best cost 545.024 + 25628.2 = 26173.2 over 442 frames.
1041_263_r 
LOG (lattice-best-path[5.5.891~1-37628]:main():lattice-best-path.cc:99) For utterance 1041_265_l, best cost 568.738 + 26643.2 = 27211.9 over 503 frames.
1041_265_l é 
LOG (lattice-best-path[5.5.891~1-37628]:main():lattice-best-path.cc:99) For utterance 1041_265_r, best cost 568.955 + 27032.4 = 27601.3 over 503 frames.
1041_265_r é 
LOG (lattice-best-path[5.5.891~1-37628]:main():lattice-best-path.cc:99) For utterance 1041_267_l, best cost 153.259 + 5497.66 = 5650.92 over 100 frames.
1041_267_l 
LOG (lattice-best-path[5.5.891~1-37628]:main():lattice-best-path.cc:99) For utterance 1041_267_r, best cost 153.396 + 5578.95 = 5732.34 over 100 frames.
1041_267_r 
LOG (lattice-best-path[5.5.891~1-37628]:main():lattice-best-path.cc:99) For utterance 1041_269_l, best cost 339.505 + 10593.7 = 10933.2 over 196 frames.
1041_269_l é 
LOG (lattice-best-path[5.5.891~1-37628]:main():lattice-best-path.cc:99) For utterance 1041_269_r, best cost 339.622 + 10474.8 = 10814.5 over 196 frames.
1041_269_r é 
LOG (lattice-best-path[5.5.891~1-37628]:main():lattice-best-path.cc:99) For utterance 1041_26_l, best cost 413.607 + 22299.7 = 22713.3 over 459 frames.
1041_26_l 
LOG (lattice-best-path[5.5.891~1-37628]:main():lattice-best-path.cc:99) For utterance 1041_26_r, best cost 412.493 + 23046.3 = 23458.8 over 459 frames.
1041_26_r 
LOG (lattice-best-path[5.5.891~1-37628]:main():lattice-best-path.cc:99) For utterance 1041_271_l, best cost 566.512 + 25247.9 = 25814.4 over 455 frames.
1041_271_l é é 
LOG (lattice-best-path[5.5.891~1-37628]:main():lattice-best-path.cc:99) For utterance 1041_271_r, best cost 532.122 + 25701.9 = 26234 over 455 frames.
1041_271_r é 
LOG (lattice-best-path[5.5.891~1-37628]:main():lattice-best-path.cc:99) For utterance 1041_273_l, best cost 491.189 + 16061.8 = 16553 over 259 frames.
1041_273_l é 
LOG (lattice-best-path[5.5.891~1-37628]:main():lattice-best-path.cc:99) For utterance 1041_273_r, best cost 473.868 + 16297.6 = 16771.5 over 259 frames.
1041_273_r 
LOG (lattice-best-path[5.5.891~1-37628]:main():lattice-best-path.cc:99) For utterance 1041_275_l, best cost 225.322 + 9917.9 = 10143.2 over 175 frames.
1041_275_l 
LOG (lattice-best-path[5.5.891~1-37628]:main():lattice-best-path.cc:99) For utterance 1041_275_r, best cost 225.43 + 9707.89 = 9933.32 over 175 frames.
1041_275_r 
LOG (lattice-best-path[5.5.891~1-37628]:main():lattice-best-path.cc:99) For utterance 1041_277_l, best cost 499.745 + 22848.3 = 23348.1 over 402 frames.
1041_277_l é 
LOG (lattice-best-path[5.5.891~1-37628]:main():lattice-best-path.cc:99) For utterance 1041_277_r, best cost 479.222 + 23154.3 = 23633.5 over 402 frames.
1041_277_r é 
LOG (lattice-best-path[5.5.891~1-37628]:main():lattice-best-path.cc:99) For utterance 1041_279_l, best cost 291.398 + 10670.9 = 10962.3 over 174 frames.
1041_279_l 
LOG (lattice-best-path[5.5.891~1-37628]:main():lattice-best-path.cc:99) For utterance 1041_279_r, best cost 291.378 + 10758.5 = 11049.9 over 174 frames.
1041_279_r 
LOG (lattice-best-path[5.5.891~1-37628]:main():lattice-best-path.cc:99) For utterance 1041_281_l, best cost 253.434 + 17507.9 = 17761.4 over 299 frames.
1041_281_l 
LOG (lattice-best-path[5.5.891~1-37628]:main():lattice-best-path.cc:99) For utterance 1041_281_r, best cost 262.745 + 17548.6 = 17811.3 over 299 frames.
1041_281_r 
LOG (lattice-best-path[5.5.891~1-37628]:main():lattice-best-path.cc:99) For utterance 1041_283_l, best cost 393.298 + 19096.5 = 19489.8 over 351 frames.
1041_283_l 
LOG (lattice-best-path[5.5.891~1-37628]:main():lattice-best-path.cc:99) For utterance 1041_283_r, best cost 391.871 + 19137.1 = 19528.9 over 351 frames.
1041_283_r 
LOG (lattice-best-path[5.5.891~1-37628]:main():lattice-best-path.cc:99) For utterance 1041_285_l, best cost 547.539 + 10620.7 = 11168.2 over 195 frames.
1041_285_l mwen jodi la 
LOG (lattice-best-path[5.5.891~1-37628]:main():lattice-best-path.cc:99) For utterance 1041_285_r, best cost 594.207 + 10672.4 = 11266.6 over 195 frames.
1041_285_r mwen jodi la 
LOG (lattice-best-path[5.5.891~1-37628]:main():lattice-best-path.cc:99) For utterance 1041_287_l, best cost 280.666 + 12998 = 13278.7 over 240 frames.
1041_287_l é 
LOG (lattice-best-path[5.5.891~1-37628]:main():lattice-best-path.cc:99) For utterance 1041_287_r, best cost 277.603 + 12880 = 13157.6 over 240 frames.
1041_287_r é 
LOG (lattice-best-path[5.5.891~1-37628]:main():lattice-best-path.cc:99) For utterance 1041_289_l, best cost 249.409 + 16014.7 = 16264.2 over 306 frames.
1041_289_l 
LOG (lattice-best-path[5.5.891~1-37628]:main():lattice-best-path.cc:99) For utterance 1041_289_r, best cost 249.79 + 16246.1 = 16495.8 over 306 frames.
1041_289_r 
LOG (lattice-best-path[5.5.891~1-37628]:main():lattice-best-path.cc:99) For utterance 1041_28_l, best cost 424.79 + 18017.1 = 18441.9 over 306 frames.
1041_28_l 
LOG (lattice-best-path[5.5.891~1-37628]:main():lattice-best-path.cc:99) For utterance 1041_28_r, best cost 439.184 + 18452.8 = 18892 over 306 frames.
1041_28_r 
LOG (lattice-best-path[5.5.891~1-37628]:main():lattice-best-path.cc:99) For utterance 1041_291_l, best cost 244.263 + 8088.66 = 8332.92 over 149 frames.
1041_291_l 
LOG (lattice-best-path[5.5.891~1-37628]:main():lattice-best-path.cc:99) For utterance 1041_291_r, best cost 244.028 + 8118.45 = 8362.47 over 149 frames.
1041_291_r 
LOG (lattice-best-path[5.5.891~1-37628]:main():lattice-best-path.cc:99) For utterance 1041_293_l, best cost 149.191 + 3648.71 = 3797.9 over 93 frames.
1041_293_l 
LOG (lattice-best-path[5.5.891~1-37628]:main():lattice-best-path.cc:99) For utterance 1041_293_r, best cost 149.013 + 3734.99 = 3884.01 over 93 frames.
1041_293_r 
LOG (lattice-best-path[5.5.891~1-37628]:main():lattice-best-path.cc:99) For utterance 1041_295_l, best cost 702.517 + 40678.4 = 41381 over 824 frames.
1041_295_l é pwa 
LOG (lattice-best-path[5.5.891~1-37628]:main():lattice-best-path.cc:99) For utterance 1041_295_r, best cost 658.624 + 41366.4 = 42025.1 over 824 frames.
1041_295_r é 
LOG (lattice-best-path[5.5.891~1-37628]:main():lattice-best-path.cc:99) For utterance 1041_297_l, best cost 148.538 + 4581.46 = 4729.99 over 86 frames.
1041_297_l 
LOG (lattice-best-path[5.5.891~1-37628]:main():lattice-best-path.cc:99) For utterance 1041_297_r, best cost 148.538 + 4638.11 = 4786.65 over 86 frames.
1041_297_r 
LOG (lattice-best-path[5.5.891~1-37628]:main():lattice-best-path.cc:99) For utterance 1041_299_l, best cost 503.962 + 16718.5 = 17222.4 over 311 frames.
1041_299_l 
LOG (lattice-best-path[5.5.891~1-37628]:main():lattice-best-path.cc:99) For utterance 1041_299_r, best cost 503.513 + 16856.2 = 17359.7 over 311 frames.
1041_299_r 
LOG (lattice-best-path[5.5.891~1-37628]:main():lattice-best-path.cc:99) For utterance 1041_2_l, best cost 393.451 + 16388.8 = 16782.3 over 284 frames.
1041_2_l é 
LOG (lattice-best-path[5.5.891~1-37628]:main():lattice-best-path.cc:99) For utterance 1041_2_r, best cost 381.558 + 16552.3 = 16933.8 over 284 frames.
1041_2_r la 
LOG (lattice-best-path[5.5.891~1-37628]:main():lattice-best-path.cc:99) For utterance 1041_301_l, best cost 721.292 + 42576.6 = 43297.8 over 921 frames.
1041_301_l hum 
LOG (lattice-best-path[5.5.891~1-37628]:main():lattice-best-path.cc:99) For utterance 1041_301_r, best cost 722.165 + 43096.3 = 43818.4 over 921 frames.
1041_301_r hum 
LOG (lattice-best-path[5.5.891~1-37628]:main():lattice-best-path.cc:99) For utterance 1041_303_l, best cost 228.468 + 5697.56 = 5926.03 over 107 frames.
1041_303_l 
LOG (lattice-best-path[5.5.891~1-37628]:main():lattice-best-path.cc:99) For utterance 1041_303_r, best cost 228.468 + 5843.94 = 6072.41 over 107 frames.
1041_303_r 
LOG (lattice-best-path[5.5.891~1-37628]:main():lattice-best-path.cc:99) For utterance 1041_305_l, best cost 153.606 + 5161.55 = 5315.15 over 102 frames.
1041_305_l 
LOG (lattice-best-path[5.5.891~1-37628]:main():lattice-best-path.cc:99) For utterance 1041_305_r, best cost 153.694 + 5268.43 = 5422.13 over 102 frames.
1041_305_r 
LOG (lattice-best-path[5.5.891~1-37628]:main():lattice-best-path.cc:99) For utterance 1041_307_l, best cost 479.185 + 30406.1 = 30885.2 over 613 frames.
1041_307_l é 
LOG (lattice-best-path[5.5.891~1-37628]:main():lattice-best-path.cc:99) For utterance 1041_307_r, best cost 510.383 + 30551.8 = 31062.2 over 613 frames.
1041_307_r é 
LOG (lattice-best-path[5.5.891~1-37628]:main():lattice-best-path.cc:99) For utterance 1041_308_l, best cost 443.319 + 23263.4 = 23706.8 over 483 frames.
1041_308_l é é 
LOG (lattice-best-path[5.5.891~1-37628]:main():lattice-best-path.cc:99) For utterance 1041_308_r, best cost 579.851 + 23597.3 = 24177.2 over 483 frames.
1041_308_r ké moun la 
LOG (lattice-best-path[5.5.891~1-37628]:main():lattice-best-path.cc:99) For utterance 1041_30_l, best cost 347.745 + 19342.3 = 19690 over 349 frames.
1041_30_l é 
LOG (lattice-best-path[5.5.891~1-37628]:main():lattice-best-path.cc:99) For utterance 1041_30_r, best cost 359.081 + 19766.4 = 20125.5 over 349 frames.
1041_30_r é 
LOG (lattice-best-path[5.5.891~1-37628]:main():lattice-best-path.cc:99) For utterance 1041_310_l, best cost 472.108 + 24906.5 = 25378.6 over 497 frames.
1041_310_l é 
LOG (lattice-best-path[5.5.891~1-37628]:main():lattice-best-path.cc:99) For utterance 1041_310_r, best cost 472.686 + 24990.5 = 25463.2 over 497 frames.
1041_310_r é 
LOG (lattice-best-path[5.5.891~1-37628]:main():lattice-best-path.cc:99) For utterance 1041_312_l, best cost 338.171 + 17626.3 = 17964.5 over 355 frames.
1041_312_l 
LOG (lattice-best-path[5.5.891~1-37628]:main():lattice-best-path.cc:99) For utterance 1041_312_r, best cost 360.727 + 17499.6 = 17860.3 over 355 frames.
1041_312_r 
LOG (lattice-best-path[5.5.891~1-37628]:main():lattice-best-path.cc:99) For utterance 1041_314_l, best cost 466.332 + 15435.9 = 15902.2 over 317 frames.
1041_314_l 
LOG (lattice-best-path[5.5.891~1-37628]:main():lattice-best-path.cc:99) For utterance 1041_314_r, best cost 544.695 + 15695.8 = 16240.5 over 317 frames.
1041_314_r 
LOG (lattice-best-path[5.5.891~1-37628]:main():lattice-best-path.cc:99) For utterance 1041_316_l, best cost 165.083 + 4950.53 = 5115.61 over 105 frames.
1041_316_l 
LOG (lattice-best-path[5.5.891~1-37628]:main():lattice-best-path.cc:99) For utterance 1041_316_r, best cost 165.307 + 4967.74 = 5133.05 over 105 frames.
1041_316_r 
LOG (lattice-best-path[5.5.891~1-37628]:main():lattice-best-path.cc:99) For utterance 1041_318_l, best cost 530.934 + 31686.6 = 32217.5 over 665 frames.
1041_318_l é 
LOG (lattice-best-path[5.5.891~1-37628]:main():lattice-best-path.cc:99) For utterance 1041_318_r, best cost 526.926 + 31960.2 = 32487.2 over 665 frames.
1041_318_r é 
LOG (lattice-best-path[5.5.891~1-37628]:main():lattice-best-path.cc:99) For utterance 1041_320_l, best cost 265.63 + 7663.92 = 7929.55 over 143 frames.
1041_320_l 
LOG (lattice-best-path[5.5.891~1-37628]:main():lattice-best-path.cc:99) For utterance 1041_320_r, best cost 265.728 + 7706.59 = 7972.31 over 143 frames.
1041_320_r 
LOG (lattice-best-path[5.5.891~1-37628]:main():lattice-best-path.cc:99) For utterance 1041_322_l, best cost 131.923 + 4311.51 = 4443.43 over 70 frames.
1041_322_l 
LOG (lattice-best-path[5.5.891~1-37628]:main():lattice-best-path.cc:99) For utterance 1041_322_r, best cost 148.386 + 4250.43 = 4398.81 over 70 frames.
1041_322_r 
LOG (lattice-best-path[5.5.891~1-37628]:main():lattice-best-path.cc:99) For utterance 1041_324_l, best cost 632.326 + 30961.7 = 31594 over 635 frames.
1041_324_l 
LOG (lattice-best-path[5.5.891~1-37628]:main():lattice-best-path.cc:99) For utterance 1041_324_r, best cost 632.589 + 31263.4 = 31895.9 over 635 frames.
1041_324_r 
LOG (lattice-best-path[5.5.891~1-37628]:main():lattice-best-path.cc:99) For utterance 1041_326_l, best cost 147.545 + 3490.72 = 3638.26 over 66 frames.
1041_326_l 
LOG (lattice-best-path[5.5.891~1-37628]:main():lattice-best-path.cc:99) For utterance 1041_326_r, best cost 147.545 + 3491.59 = 3639.13 over 66 frames.
1041_326_r 
LOG (lattice-best-path[5.5.891~1-37628]:main():lattice-best-path.cc:99) For utterance 1041_328_l, best cost 140.417 + 9714.2 = 9854.62 over 167 frames.
1041_328_l 
LOG (lattice-best-path[5.5.891~1-37628]:main():lattice-best-path.cc:99) For utterance 1041_328_r, best cost 265.396 + 9669.24 = 9934.64 over 167 frames.
1041_328_r 
LOG (lattice-best-path[5.5.891~1-37628]:main():lattice-best-path.cc:99) For utterance 1041_32_l, best cost 313.684 + 9746.01 = 10059.7 over 162 frames.
1041_32_l é 
LOG (lattice-best-path[5.5.891~1-37628]:main():lattice-best-path.cc:99) For utterance 1041_32_r, best cost 281.53 + 9942.77 = 10224.3 over 162 frames.
1041_32_r 
LOG (lattice-best-path[5.5.891~1-37628]:main():lattice-best-path.cc:99) For utterance 1041_330_l, best cost 600.775 + 31940.9 = 32541.7 over 529 frames.
1041_330_l é é 
LOG (lattice-best-path[5.5.891~1-37628]:main():lattice-best-path.cc:99) For utterance 1041_330_r, best cost 631.027 + 32144.4 = 32775.4 over 529 frames.
1041_330_r é é 
LOG (lattice-best-path[5.5.891~1-37628]:main():lattice-best-path.cc:99) For utterance 1041_331_l, best cost 772.195 + 33860.2 = 34632.4 over 606 frames.
1041_331_l an mwen 
LOG (lattice-best-path[5.5.891~1-37628]:main():lattice-best-path.cc:99) For utterance 1041_331_r, best cost 675.064 + 34105.9 = 34780.9 over 606 frames.
1041_331_r é 
LOG (lattice-best-path[5.5.891~1-37628]:main():lattice-best-path.cc:99) For utterance 1041_333_l, best cost 296.082 + 12602 = 12898.1 over 222 frames.
1041_333_l 
LOG (lattice-best-path[5.5.891~1-37628]:main():lattice-best-path.cc:99) For utterance 1041_333_r, best cost 340.852 + 12590.3 = 12931.1 over 222 frames.
1041_333_r 
LOG (lattice-best-path[5.5.891~1-37628]:main():lattice-best-path.cc:99) For utterance 1041_335_l, best cost 566.848 + 27352.5 = 27919.4 over 509 frames.
1041_335_l 
LOG (lattice-best-path[5.5.891~1-37628]:main():lattice-best-path.cc:99) For utterance 1041_335_r, best cost 611.842 + 27482.5 = 28094.4 over 509 frames.
1041_335_r 
LOG (lattice-best-path[5.5.891~1-37628]:main():lattice-best-path.cc:99) For utterance 1041_336_l, best cost 272.049 + 10152.2 = 10424.2 over 204 frames.
1041_336_l 
LOG (lattice-best-path[5.5.891~1-37628]:main():lattice-best-path.cc:99) For utterance 1041_336_r, best cost 272.167 + 10213.5 = 10485.7 over 204 frames.
1041_336_r 
LOG (lattice-best-path[5.5.891~1-37628]:main():lattice-best-path.cc:99) For utterance 1041_338_l, best cost 233.101 + 12328.4 = 12561.5 over 216 frames.
1041_338_l 
LOG (lattice-best-path[5.5.891~1-37628]:main():lattice-best-path.cc:99) For utterance 1041_338_r, best cost 252.501 + 12399.2 = 12651.7 over 216 frames.
1041_338_r 
LOG (lattice-best-path[5.5.891~1-37628]:main():lattice-best-path.cc:99) For utterance 1041_340_l, best cost 386.776 + 23084.2 = 23470.9 over 433 frames.
1041_340_l 
LOG (lattice-best-path[5.5.891~1-37628]:main():lattice-best-path.cc:99) For utterance 1041_340_r, best cost 699.56 + 23030.7 = 23730.3 over 433 frames.
1041_340_r ou pé di mwen 
LOG (lattice-best-path[5.5.891~1-37628]:main():lattice-best-path.cc:99) For utterance 1041_342_l, best cost 629.422 + 36601 = 37230.4 over 795 frames.
1041_342_l é é 
LOG (lattice-best-path[5.5.891~1-37628]:main():lattice-best-path.cc:99) For utterance 1041_342_r, best cost 722.386 + 36915.6 = 37637.9 over 795 frames.
1041_342_r m m 
LOG (lattice-best-path[5.5.891~1-37628]:main():lattice-best-path.cc:99) For utterance 1041_344_l, best cost 226.569 + 7937.52 = 8164.09 over 129 frames.
1041_344_l 
LOG (lattice-best-path[5.5.891~1-37628]:main():lattice-best-path.cc:99) For utterance 1041_344_r, best cost 226.159 + 7892.42 = 8118.58 over 129 frames.
1041_344_r 
LOG (lattice-best-path[5.5.891~1-37628]:main():lattice-best-path.cc:99) For utterance 1041_346_l, best cost 582.885 + 31952.1 = 32535 over 592 frames.
1041_346_l 
LOG (lattice-best-path[5.5.891~1-37628]:main():lattice-best-path.cc:99) For utterance 1041_346_r, best cost 537.333 + 31860.9 = 32398.2 over 592 frames.
1041_346_r 
LOG (lattice-best-path[5.5.891~1-37628]:main():lattice-best-path.cc:99) For utterance 1041_347_l, best cost 707.563 + 36350.9 = 37058.5 over 700 frames.
1041_347_l é 
LOG (lattice-best-path[5.5.891~1-37628]:main():lattice-best-path.cc:99) For utterance 1041_347_r, best cost 748.925 + 36241.7 = 36990.6 over 700 frames.
1041_347_r é é 
LOG (lattice-best-path[5.5.891~1-37628]:main():lattice-best-path.cc:99) For utterance 1041_348_l, best cost 725.971 + 43152.9 = 43878.9 over 1001 frames.
1041_348_l ou ni la 
LOG (lattice-best-path[5.5.891~1-37628]:main():lattice-best-path.cc:99) For utterance 1041_348_r, best cost 713.14 + 44159.4 = 44872.6 over 1001 frames.
1041_348_r é nou ni 
LOG (lattice-best-path[5.5.891~1-37628]:main():lattice-best-path.cc:99) For utterance 1041_349_l, best cost 155.32 + 9058.67 = 9213.99 over 219 frames.
1041_349_l 
LOG (lattice-best-path[5.5.891~1-37628]:main():lattice-best-path.cc:99) For utterance 1041_349_r, best cost 150.057 + 9189.88 = 9339.93 over 219 frames.
1041_349_r 
LOG (lattice-best-path[5.5.891~1-37628]:main():lattice-best-path.cc:99) For utterance 1041_34_l, best cost 460.821 + 23870.3 = 24331.1 over 415 frames.
1041_34_l é 
LOG (lattice-best-path[5.5.891~1-37628]:main():lattice-best-path.cc:99) For utterance 1041_34_r, best cost 447.066 + 23892 = 24339.1 over 415 frames.
1041_34_r é 
LOG (lattice-best-path[5.5.891~1-37628]:main():lattice-best-path.cc:99) For utterance 1041_350_l, best cost 574.724 + 35591.9 = 36166.6 over 783 frames.
1041_350_l é é 
LOG (lattice-best-path[5.5.891~1-37628]:main():lattice-best-path.cc:99) For utterance 1041_350_r, best cost 513.316 + 35018.3 = 35531.7 over 783 frames.
1041_350_r é 
LOG (lattice-best-path[5.5.891~1-37628]:main():lattice-best-path.cc:99) For utterance 1041_352_l, best cost 152.008 + 6495.57 = 6647.57 over 112 frames.
1041_352_l 
LOG (lattice-best-path[5.5.891~1-37628]:main():lattice-best-path.cc:99) For utterance 1041_352_r, best cost 151.919 + 6414.38 = 6566.3 over 112 frames.
1041_352_r 
LOG (lattice-best-path[5.5.891~1-37628]:main():lattice-best-path.cc:99) For utterance 1041_354_l, best cost 372.543 + 14496.5 = 14869 over 286 frames.
1041_354_l 
LOG (lattice-best-path[5.5.891~1-37628]:main():lattice-best-path.cc:99) For utterance 1041_354_r, best cost 372.64 + 14319.6 = 14692.2 over 286 frames.
1041_354_r 
LOG (lattice-best-path[5.5.891~1-37628]:main():lattice-best-path.cc:99) For utterance 1041_356_l, best cost 535.412 + 35408.9 = 35944.3 over 833 frames.
1041_356_l mè 
LOG (lattice-best-path[5.5.891~1-37628]:main():lattice-best-path.cc:99) For utterance 1041_356_r, best cost 503.189 + 35441 = 35944.2 over 833 frames.
1041_356_r é 
LOG (lattice-best-path[5.5.891~1-37628]:main():lattice-best-path.cc:99) For utterance 1041_357_l, best cost 590.223 + 39299.6 = 39889.8 over 908 frames.
1041_357_l é é 
LOG (lattice-best-path[5.5.891~1-37628]:main():lattice-best-path.cc:99) For utterance 1041_357_r, best cost 589.529 + 39013.5 = 39603.1 over 908 frames.
1041_357_r é é 
LOG (lattice-best-path[5.5.891~1-37628]:main():lattice-best-path.cc:99) For utterance 1041_358_l, best cost 445.119 + 24586.6 = 25031.7 over 488 frames.
1041_358_l 
LOG (lattice-best-path[5.5.891~1-37628]:main():lattice-best-path.cc:99) For utterance 1041_358_r, best cost 445.398 + 24343.9 = 24789.3 over 488 frames.
1041_358_r 
LOG (lattice-best-path[5.5.891~1-37628]:main():lattice-best-path.cc:99) For utterance 1041_360_l, best cost 347.318 + 17769.5 = 18116.8 over 327 frames.
1041_360_l 
LOG (lattice-best-path[5.5.891~1-37628]:main():lattice-best-path.cc:99) For utterance 1041_360_r, best cost 347.337 + 17586.3 = 17933.6 over 327 frames.
1041_360_r 
LOG (lattice-best-path[5.5.891~1-37628]:main():lattice-best-path.cc:99) For utterance 1041_362_l, best cost 169.189 + 4268.46 = 4437.65 over 103 frames.
1041_362_l 
LOG (lattice-best-path[5.5.891~1-37628]:main():lattice-best-path.cc:99) For utterance 1041_362_r, best cost 169.033 + 4247.59 = 4416.62 over 103 frames.
1041_362_r 
LOG (lattice-best-path[5.5.891~1-37628]:main():lattice-best-path.cc:99) For utterance 1041_364_l, best cost 454.134 + 21608.2 = 22062.3 over 383 frames.
1041_364_l é 
LOG (lattice-best-path[5.5.891~1-37628]:main():lattice-best-path.cc:99) For utterance 1041_364_r, best cost 467.512 + 21781.3 = 22248.8 over 383 frames.
1041_364_r é 
LOG (lattice-best-path[5.5.891~1-37628]:main():lattice-best-path.cc:99) For utterance 1041_366_l, best cost 232.977 + 7810.22 = 8043.2 over 126 frames.
1041_366_l 
LOG (lattice-best-path[5.5.891~1-37628]:main():lattice-best-path.cc:99) For utterance 1041_366_r, best cost 232.508 + 7645.14 = 7877.65 over 126 frames.
1041_366_r 
LOG (lattice-best-path[5.5.891~1-37628]:main():lattice-best-path.cc:99) For utterance 1041_368_l, best cost 391.938 + 21627.4 = 22019.3 over 349 frames.
1041_368_l é 
LOG (lattice-best-path[5.5.891~1-37628]:main():lattice-best-path.cc:99) For utterance 1041_368_r, best cost 392.915 + 21669.5 = 22062.4 over 349 frames.
1041_368_r é 
LOG (lattice-best-path[5.5.891~1-37628]:main():lattice-best-path.cc:99) For utterance 1041_36_l, best cost 292.899 + 11490.8 = 11783.7 over 172 frames.
1041_36_l 
LOG (lattice-best-path[5.5.891~1-37628]:main():lattice-best-path.cc:99) For utterance 1041_36_r, best cost 291.299 + 11786 = 12077.3 over 172 frames.
1041_36_r 
LOG (lattice-best-path[5.5.891~1-37628]:main():lattice-best-path.cc:99) For utterance 1041_370_l, best cost 351.648 + 18297.4 = 18649 over 373 frames.
1041_370_l 
LOG (lattice-best-path[5.5.891~1-37628]:main():lattice-best-path.cc:99) For utterance 1041_370_r, best cost 351.511 + 18466.2 = 18817.7 over 373 frames.
1041_370_r 
LOG (lattice-best-path[5.5.891~1-37628]:main():lattice-best-path.cc:99) For utterance 1041_371_l, best cost 371.057 + 23419.3 = 23790.4 over 421 frames.
1041_371_l 
LOG (lattice-best-path[5.5.891~1-37628]:main():lattice-best-path.cc:99) For utterance 1041_371_r, best cost 370.123 + 23507.6 = 23877.7 over 421 frames.
1041_371_r 
LOG (lattice-best-path[5.5.891~1-37628]:main():lattice-best-path.cc:99) For utterance 1041_372_l, best cost 285.397 + 17803.2 = 18088.6 over 348 frames.
1041_372_l é 
LOG (lattice-best-path[5.5.891~1-37628]:main():lattice-best-path.cc:99) For utterance 1041_372_r, best cost 237.198 + 17776.8 = 18014 over 348 frames.
1041_372_r 
LOG (lattice-best-path[5.5.891~1-37628]:main():lattice-best-path.cc:99) For utterance 1041_374_l, best cost 305.684 + 14382.2 = 14687.9 over 250 frames.
1041_374_l 
LOG (lattice-best-path[5.5.891~1-37628]:main():lattice-best-path.cc:99) For utterance 1041_374_r, best cost 320.721 + 14342.8 = 14663.5 over 250 frames.
1041_374_r 
LOG (lattice-best-path[5.5.891~1-37628]:main():lattice-best-path.cc:99) For utterance 1041_376_l, best cost 488.016 + 25429.2 = 25917.2 over 481 frames.
1041_376_l é 
LOG (lattice-best-path[5.5.891~1-37628]:main():lattice-best-path.cc:99) For utterance 1041_376_r, best cost 442.867 + 25368.4 = 25811.3 over 481 frames.
1041_376_r é 
LOG (lattice-best-path[5.5.891~1-37628]:main():lattice-best-path.cc:99) For utterance 1041_378_l, best cost 214.535 + 7652.15 = 7866.69 over 126 frames.
1041_378_l 
LOG (lattice-best-path[5.5.891~1-37628]:main():lattice-best-path.cc:99) For utterance 1041_378_r, best cost 222.465 + 7608.91 = 7831.37 over 126 frames.
1041_378_r 
LOG (lattice-best-path[5.5.891~1-37628]:main():lattice-best-path.cc:99) For utterance 1041_380_l, best cost 403.315 + 19446.3 = 19849.6 over 332 frames.
1041_380_l 
LOG (lattice-best-path[5.5.891~1-37628]:main():lattice-best-path.cc:99) For utterance 1041_380_r, best cost 402.876 + 19283.8 = 19686.7 over 332 frames.
1041_380_r 
LOG (lattice-best-path[5.5.891~1-37628]:main():lattice-best-path.cc:99) For utterance 1041_382_l, best cost 228.741 + 9993.06 = 10221.8 over 201 frames.
1041_382_l 
LOG (lattice-best-path[5.5.891~1-37628]:main():lattice-best-path.cc:99) For utterance 1041_382_r, best cost 290.776 + 9758.5 = 10049.3 over 201 frames.
1041_382_r 
LOG (lattice-best-path[5.5.891~1-37628]:main():lattice-best-path.cc:99) For utterance 1041_384_l, best cost 293.736 + 8140.55 = 8434.29 over 141 frames.
1041_384_l 
LOG (lattice-best-path[5.5.891~1-37628]:main():lattice-best-path.cc:99) For utterance 1041_384_r, best cost 198.349 + 8255.03 = 8453.38 over 141 frames.
1041_384_r 
LOG (lattice-best-path[5.5.891~1-37628]:main():lattice-best-path.cc:99) For utterance 1041_386_l, best cost 303.636 + 11901.3 = 12204.9 over 289 frames.
1041_386_l é 
LOG (lattice-best-path[5.5.891~1-37628]:main():lattice-best-path.cc:99) For utterance 1041_386_r, best cost 301.889 + 11586.8 = 11888.7 over 289 frames.
1041_386_r é 
LOG (lattice-best-path[5.5.891~1-37628]:main():lattice-best-path.cc:99) For utterance 1041_387_l, best cost 676.282 + 30513.9 = 31190.1 over 688 frames.
1041_387_l é 
LOG (lattice-best-path[5.5.891~1-37628]:main():lattice-best-path.cc:99) For utterance 1041_387_r, best cost 647.756 + 30455.3 = 31103.1 over 688 frames.
1041_387_r 
LOG (lattice-best-path[5.5.891~1-37628]:main():lattice-best-path.cc:99) For utterance 1041_388_l, best cost 690.389 + 34636.2 = 35326.6 over 739 frames.
1041_388_l é la 
LOG (lattice-best-path[5.5.891~1-37628]:main():lattice-best-path.cc:99) For utterance 1041_388_r, best cost 641.514 + 33957.4 = 34598.9 over 739 frames.
1041_388_r la 
LOG (lattice-best-path[5.5.891~1-37628]:main():lattice-best-path.cc:99) For utterance 1041_389_l, best cost 467.241 + 23946.2 = 24413.4 over 465 frames.
1041_389_l é 
LOG (lattice-best-path[5.5.891~1-37628]:main():lattice-best-path.cc:99) For utterance 1041_389_r, best cost 466.645 + 23961.3 = 24427.9 over 465 frames.
1041_389_r é 
LOG (lattice-best-path[5.5.891~1-37628]:main():lattice-best-path.cc:99) For utterance 1041_38_l, best cost 128.898 + 1168.12 = 1297.02 over 20 frames.
1041_38_l 
LOG (lattice-best-path[5.5.891~1-37628]:main():lattice-best-path.cc:99) For utterance 1041_38_r, best cost 128.898 + 1182.89 = 1311.79 over 20 frames.
1041_38_r 
LOG (lattice-best-path[5.5.891~1-37628]:main():lattice-best-path.cc:99) For utterance 1041_391_l, best cost 463.232 + 14238.5 = 14701.8 over 250 frames.
1041_391_l 
LOG (lattice-best-path[5.5.891~1-37628]:main():lattice-best-path.cc:99) For utterance 1041_391_r, best cost 463.154 + 14169.5 = 14632.7 over 250 frames.
1041_391_r 
LOG (lattice-best-path[5.5.891~1-37628]:main():lattice-best-path.cc:99) For utterance 1041_393_l, best cost 218.669 + 10245.9 = 10464.5 over 180 frames.
1041_393_l 
LOG (lattice-best-path[5.5.891~1-37628]:main():lattice-best-path.cc:99) For utterance 1041_393_r, best cost 218.649 + 10145.9 = 10364.6 over 180 frames.
1041_393_r 
LOG (lattice-best-path[5.5.891~1-37628]:main():lattice-best-path.cc:99) For utterance 1041_395_l, best cost 356.252 + 32281.4 = 32637.7 over 566 frames.
1041_395_l é 
LOG (lattice-best-path[5.5.891~1-37628]:main():lattice-best-path.cc:99) For utterance 1041_395_r, best cost 427.021 + 32392.7 = 32819.7 over 566 frames.
1041_395_r é 
LOG (lattice-best-path[5.5.891~1-37628]:main():lattice-best-path.cc:99) For utterance 1041_396_l, best cost 823.93 + 35892.9 = 36716.8 over 669 frames.
1041_396_l bat é 
LOG (lattice-best-path[5.5.891~1-37628]:main():lattice-best-path.cc:99) For utterance 1041_396_r, best cost 783.626 + 36115.4 = 36899.1 over 669 frames.
1041_396_r é 
LOG (lattice-best-path[5.5.891~1-37628]:main():lattice-best-path.cc:99) For utterance 1041_397_l, best cost 150.144 + 9846.55 = 9996.7 over 217 frames.
1041_397_l 
LOG (lattice-best-path[5.5.891~1-37628]:main():lattice-best-path.cc:99) For utterance 1041_397_r, best cost 150.056 + 9808.02 = 9958.08 over 217 frames.
1041_397_r 
LOG (lattice-best-path[5.5.891~1-37628]:main():lattice-best-path.cc:99) For utterance 1041_399_l, best cost 297.824 + 11402.5 = 11700.3 over 195 frames.
1041_399_l 
LOG (lattice-best-path[5.5.891~1-37628]:main():lattice-best-path.cc:99) For utterance 1041_399_r, best cost 341.781 + 11418.2 = 11760 over 195 frames.
1041_399_r 
LOG (lattice-best-path[5.5.891~1-37628]:main():lattice-best-path.cc:99) For utterance 1041_401_l, best cost 926.439 + 58511.7 = 59438.2 over 1065 frames.
1041_401_l é 
LOG (lattice-best-path[5.5.891~1-37628]:main():lattice-best-path.cc:99) For utterance 1041_401_r, best cost 1037.34 + 58526.8 = 59564.1 over 1065 frames.
1041_401_r é 
LOG (lattice-best-path[5.5.891~1-37628]:main():lattice-best-path.cc:99) For utterance 1041_402_l, best cost 414.37 + 32536.8 = 32951.1 over 673 frames.
1041_402_l 
LOG (lattice-best-path[5.5.891~1-37628]:main():lattice-best-path.cc:99) For utterance 1041_402_r, best cost 459.585 + 32111 = 32570.6 over 673 frames.
1041_402_r é 
LOG (lattice-best-path[5.5.891~1-37628]:main():lattice-best-path.cc:99) For utterance 1041_403_l, best cost 277.514 + 17579.7 = 17857.2 over 353 frames.
1041_403_l é 
LOG (lattice-best-path[5.5.891~1-37628]:main():lattice-best-path.cc:99) For utterance 1041_403_r, best cost 276.945 + 17411 = 17688 over 353 frames.
1041_403_r é 
LOG (lattice-best-path[5.5.891~1-37628]:main():lattice-best-path.cc:99) For utterance 1041_40_l, best cost 322.218 + 20009.6 = 20331.8 over 350 frames.
1041_40_l 
LOG (lattice-best-path[5.5.891~1-37628]:main():lattice-best-path.cc:99) For utterance 1041_40_r, best cost 322.198 + 20279.8 = 20602 over 350 frames.
1041_40_r 
LOG (lattice-best-path[5.5.891~1-37628]:main():lattice-best-path.cc:99) For utterance 1041_42_l, best cost 506.121 + 15863.8 = 16369.9 over 276 frames.
1041_42_l an nou 
LOG (lattice-best-path[5.5.891~1-37628]:main():lattice-best-path.cc:99) For utterance 1041_42_r, best cost 396.674 + 16188 = 16584.6 over 276 frames.
1041_42_r 
LOG (lattice-best-path[5.5.891~1-37628]:main():lattice-best-path.cc:99) For utterance 1041_44_l, best cost 148.454 + 3807.51 = 3955.96 over 71 frames.
1041_44_l 
LOG (lattice-best-path[5.5.891~1-37628]:main():lattice-best-path.cc:99) For utterance 1041_44_r, best cost 148.365 + 3781.88 = 3930.24 over 71 frames.
1041_44_r 
LOG (lattice-best-path[5.5.891~1-37628]:main():lattice-best-path.cc:99) For utterance 1041_46_l, best cost 224.106 + 5804.06 = 6028.16 over 96 frames.
1041_46_l 
LOG (lattice-best-path[5.5.891~1-37628]:main():lattice-best-path.cc:99) For utterance 1041_46_r, best cost 223.657 + 5937.43 = 6161.08 over 96 frames.
1041_46_r 
LOG (lattice-best-path[5.5.891~1-37628]:main():lattice-best-path.cc:99) For utterance 1041_48_l, best cost 93.9687 + 738.298 = 832.267 over 14 frames.
1041_48_l 
LOG (lattice-best-path[5.5.891~1-37628]:main():lattice-best-path.cc:99) For utterance 1041_48_r, best cost 93.9215 + 796.746 = 890.667 over 14 frames.
1041_48_r 
LOG (lattice-best-path[5.5.891~1-37628]:main():lattice-best-path.cc:99) For utterance 1041_4_l, best cost 145.963 + 2945.77 = 3091.73 over 50 frames.
1041_4_l 
LOG (lattice-best-path[5.5.891~1-37628]:main():lattice-best-path.cc:99) For utterance 1041_4_r, best cost 145.963 + 2989.87 = 3135.83 over 50 frames.
1041_4_r 
LOG (lattice-best-path[5.5.891~1-37628]:main():lattice-best-path.cc:99) For utterance 1041_50_l, best cost 546.217 + 16701.9 = 17248.1 over 285 frames.
1041_50_l paskè 
LOG (lattice-best-path[5.5.891~1-37628]:main():lattice-best-path.cc:99) For utterance 1041_50_r, best cost 428.586 + 17074.6 = 17503.1 over 285 frames.
1041_50_r 
LOG (lattice-best-path[5.5.891~1-37628]:main():lattice-best-path.cc:99) For utterance 1041_52_l, best cost 712.781 + 37978.8 = 38691.6 over 690 frames.
1041_52_l é é 
LOG (lattice-best-path[5.5.891~1-37628]:main():lattice-best-path.cc:99) For utterance 1041_52_r, best cost 678.629 + 38593.5 = 39272.1 over 690 frames.
1041_52_r é 
LOG (lattice-best-path[5.5.891~1-37628]:main():lattice-best-path.cc:99) For utterance 1041_54_l, best cost 211.926 + 14616.6 = 14828.6 over 242 frames.
1041_54_l 
LOG (lattice-best-path[5.5.891~1-37628]:main():lattice-best-path.cc:99) For utterance 1041_54_r, best cost 211.965 + 14968.7 = 15180.6 over 242 frames.
1041_54_r 
LOG (lattice-best-path[5.5.891~1-37628]:main():lattice-best-path.cc:99) For utterance 1041_56_l, best cost 347.24 + 17738.6 = 18085.8 over 284 frames.
1041_56_l 
LOG (lattice-best-path[5.5.891~1-37628]:main():lattice-best-path.cc:99) For utterance 1041_56_r, best cost 347.19 + 17800.7 = 18147.9 over 284 frames.
1041_56_r 
LOG (lattice-best-path[5.5.891~1-37628]:main():lattice-best-path.cc:99) For utterance 1041_58_l, best cost 100.09 + 2075.16 = 2175.25 over 34 frames.
1041_58_l 
LOG (lattice-best-path[5.5.891~1-37628]:main():lattice-best-path.cc:99) For utterance 1041_58_r, best cost 99.9345 + 2069.72 = 2169.65 over 34 frames.
1041_58_r 
LOG (lattice-best-path[5.5.891~1-37628]:main():lattice-best-path.cc:99) For utterance 1041_60_l, best cost 703.357 + 43406 = 44109.3 over 746 frames.
1041_60_l é 
LOG (lattice-best-path[5.5.891~1-37628]:main():lattice-best-path.cc:99) For utterance 1041_60_r, best cost 734.321 + 43875.9 = 44610.2 over 746 frames.
1041_60_r é 
LOG (lattice-best-path[5.5.891~1-37628]:main():lattice-best-path.cc:99) For utterance 1041_61_l, best cost 448.013 + 17862.6 = 18310.6 over 346 frames.
1041_61_l é 
LOG (lattice-best-path[5.5.891~1-37628]:main():lattice-best-path.cc:99) For utterance 1041_61_r, best cost 448.463 + 18107.4 = 18555.9 over 346 frames.
1041_61_r é 
LOG (lattice-best-path[5.5.891~1-37628]:main():lattice-best-path.cc:99) For utterance 1041_63_l, best cost 198.682 + 8187.71 = 8386.39 over 139 frames.
1041_63_l 
LOG (lattice-best-path[5.5.891~1-37628]:main():lattice-best-path.cc:99) For utterance 1041_63_r, best cost 198.438 + 8286.04 = 8484.48 over 139 frames.
1041_63_r 
LOG (lattice-best-path[5.5.891~1-37628]:main():lattice-best-path.cc:99) For utterance 1041_65_l, best cost 193.482 + 3981.89 = 4175.37 over 71 frames.
1041_65_l 
LOG (lattice-best-path[5.5.891~1-37628]:main():lattice-best-path.cc:99) For utterance 1041_65_r, best cost 200.727 + 4011.52 = 4212.24 over 71 frames.
1041_65_r 
LOG (lattice-best-path[5.5.891~1-37628]:main():lattice-best-path.cc:99) For utterance 1041_67_l, best cost 272.609 + 5300.53 = 5573.14 over 94 frames.
1041_67_l é 
LOG (lattice-best-path[5.5.891~1-37628]:main():lattice-best-path.cc:99) For utterance 1041_67_r, best cost 245.427 + 5601.98 = 5847.41 over 94 frames.
1041_67_r 
LOG (lattice-best-path[5.5.891~1-37628]:main():lattice-best-path.cc:99) For utterance 1041_69_l, best cost 306.585 + 15414.2 = 15720.7 over 271 frames.
1041_69_l 
LOG (lattice-best-path[5.5.891~1-37628]:main():lattice-best-path.cc:99) For utterance 1041_69_r, best cost 306.517 + 15660.4 = 15966.9 over 271 frames.
1041_69_r 
LOG (lattice-best-path[5.5.891~1-37628]:main():lattice-best-path.cc:99) For utterance 1041_6_l, best cost 198.416 + 6081.27 = 6279.69 over 100 frames.
1041_6_l 
LOG (lattice-best-path[5.5.891~1-37628]:main():lattice-best-path.cc:99) For utterance 1041_6_r, best cost 198.201 + 6062.09 = 6260.29 over 100 frames.
1041_6_r 
LOG (lattice-best-path[5.5.891~1-37628]:main():lattice-best-path.cc:99) For utterance 1041_71_l, best cost 536.049 + 28385 = 28921.1 over 498 frames.
1041_71_l é 
LOG (lattice-best-path[5.5.891~1-37628]:main():lattice-best-path.cc:99) For utterance 1041_71_r, best cost 535.115 + 28932.8 = 29467.9 over 498 frames.
1041_71_r 
LOG (lattice-best-path[5.5.891~1-37628]:main():lattice-best-path.cc:99) For utterance 1041_73_l, best cost 146.857 + 3180.43 = 3327.28 over 52 frames.
1041_73_l 
LOG (lattice-best-path[5.5.891~1-37628]:main():lattice-best-path.cc:99) For utterance 1041_73_r, best cost 146.768 + 3234.43 = 3381.2 over 52 frames.
1041_73_r 
LOG (lattice-best-path[5.5.891~1-37628]:main():lattice-best-path.cc:99) For utterance 1041_75_l, best cost 244.111 + 8351.35 = 8595.46 over 146 frames.
1041_75_l 
LOG (lattice-best-path[5.5.891~1-37628]:main():lattice-best-path.cc:99) For utterance 1041_75_r, best cost 244.13 + 8422.19 = 8666.32 over 146 frames.
1041_75_r 
LOG (lattice-best-path[5.5.891~1-37628]:main():lattice-best-path.cc:99) For utterance 1041_77_l, best cost 583.848 + 27513.1 = 28097 over 473 frames.
1041_77_l 
LOG (lattice-best-path[5.5.891~1-37628]:main():lattice-best-path.cc:99) For utterance 1041_77_r, best cost 538.492 + 28000.6 = 28539.1 over 473 frames.
1041_77_r 
LOG (lattice-best-path[5.5.891~1-37628]:main():lattice-best-path.cc:99) For utterance 1041_78_l, best cost 225.906 + 11095.3 = 11321.2 over 190 frames.
1041_78_l 
LOG (lattice-best-path[5.5.891~1-37628]:main():lattice-best-path.cc:99) For utterance 1041_78_r, best cost 225.75 + 11337 = 11562.8 over 190 frames.
1041_78_r 
LOG (lattice-best-path[5.5.891~1-37628]:main():lattice-best-path.cc:99) For utterance 1041_80_l, best cost 390.967 + 17596.7 = 17987.7 over 288 frames.
1041_80_l 
LOG (lattice-best-path[5.5.891~1-37628]:main():lattice-best-path.cc:99) For utterance 1041_80_r, best cost 390.743 + 17957.9 = 18348.7 over 288 frames.
1041_80_r 
LOG (lattice-best-path[5.5.891~1-37628]:main():lattice-best-path.cc:99) For utterance 1041_82_l, best cost 689.334 + 22503 = 23192.3 over 383 frames.
1041_82_l é 
LOG (lattice-best-path[5.5.891~1-37628]:main():lattice-best-path.cc:99) For utterance 1041_82_r, best cost 646.533 + 22733.9 = 23380.4 over 383 frames.
1041_82_r 
LOG (lattice-best-path[5.5.891~1-37628]:main():lattice-best-path.cc:99) For utterance 1041_84_l, best cost 93.0022 + 631.557 = 724.559 over 10 frames.
1041_84_l 
LOG (lattice-best-path[5.5.891~1-37628]:main():lattice-best-path.cc:99) For utterance 1041_84_r, best cost 93.0022 + 617.255 = 710.257 over 10 frames.
1041_84_r 
LOG (lattice-best-path[5.5.891~1-37628]:main():lattice-best-path.cc:99) For utterance 1041_86_l, best cost 208.725 + 3273.68 = 3482.41 over 67 frames.
1041_86_l 
LOG (lattice-best-path[5.5.891~1-37628]:main():lattice-best-path.cc:99) For utterance 1041_86_r, best cost 208.725 + 3237.67 = 3446.39 over 67 frames.
1041_86_r 
LOG (lattice-best-path[5.5.891~1-37628]:main():lattice-best-path.cc:99) For utterance 1041_88_l, best cost 405.493 + 15601.1 = 16006.6 over 251 frames.
1041_88_l é 
LOG (lattice-best-path[5.5.891~1-37628]:main():lattice-best-path.cc:99) For utterance 1041_88_r, best cost 469.66 + 15857.5 = 16327.2 over 251 frames.
1041_88_r sa 
LOG (lattice-best-path[5.5.891~1-37628]:main():lattice-best-path.cc:99) For utterance 1041_8_l, best cost 238.035 + 7610.68 = 7848.72 over 138 frames.
1041_8_l 
LOG (lattice-best-path[5.5.891~1-37628]:main():lattice-best-path.cc:99) For utterance 1041_8_r, best cost 252.889 + 7804.85 = 8057.74 over 138 frames.
1041_8_r 
LOG (lattice-best-path[5.5.891~1-37628]:main():lattice-best-path.cc:99) For utterance 1041_90_l, best cost 176.367 + 6926.5 = 7102.87 over 142 frames.
1041_90_l 
LOG (lattice-best-path[5.5.891~1-37628]:main():lattice-best-path.cc:99) For utterance 1041_90_r, best cost 176.367 + 6983.32 = 7159.69 over 142 frames.
1041_90_r 
LOG (lattice-best-path[5.5.891~1-37628]:main():lattice-best-path.cc:99) For utterance 1041_92_l, best cost 581.681 + 31921.5 = 32503.1 over 568 frames.
1041_92_l é 
LOG (lattice-best-path[5.5.891~1-37628]:main():lattice-best-path.cc:99) For utterance 1041_92_r, best cost 493.471 + 32396.7 = 32890.2 over 568 frames.
1041_92_r 
LOG (lattice-best-path[5.5.891~1-37628]:main():lattice-best-path.cc:99) For utterance 1041_94_l, best cost 159.052 + 7325.19 = 7484.25 over 122 frames.
1041_94_l 
LOG (lattice-best-path[5.5.891~1-37628]:main():lattice-best-path.cc:99) For utterance 1041_94_r, best cost 204.308 + 7373.09 = 7577.4 over 122 frames.
1041_94_r 
LOG (lattice-best-path[5.5.891~1-37628]:main():lattice-best-path.cc:99) For utterance 1041_96_l, best cost 421.533 + 24884.3 = 25305.8 over 421 frames.
1041_96_l 
LOG (lattice-best-path[5.5.891~1-37628]:main():lattice-best-path.cc:99) For utterance 1041_96_r, best cost 374.754 + 25241 = 25615.8 over 421 frames.
1041_96_r 
LOG (lattice-best-path[5.5.891~1-37628]:main():lattice-best-path.cc:99) For utterance 1041_98_l, best cost 197.613 + 7976.9 = 8174.52 over 130 frames.
1041_98_l 
LOG (lattice-best-path[5.5.891~1-37628]:main():lattice-best-path.cc:99) For utterance 1041_98_r, best cost 197.672 + 8139.7 = 8337.37 over 130 frames.
1041_98_r 
LOG (lattice-best-path[5.5.891~1-37628]:main():lattice-best-path.cc:124) Overall cost per frame is 56.2078 = 1.25616 [graph] + 54.9517 [acoustic] over 189410 frames.
LOG (lattice-best-path[5.5.891~1-37628]:main():lattice-best-path.cc:128) Done 598 lattices, failed for 0
# Accounting: time=3 threads=1
# Ended (code 0) at Fri Mar 12 14:57:49 CET 2021, elapsed time 3 seconds
