# gunzip -c exp/tri4a/decode.si/depth_tmp.*.gz | steps/diagnostic/analyze_lattice_depth_stats.py exp/tri4a/graph exp/tri4a/decode.si/ali_frame_tmp.gz 
# Started at Fri Mar 12 16:42:32 CET 2021
#
The total amount of data analyzed assuming 100 frames per second is 0.0 hours
Overall, lattice depth (10,50,90-percentile)=(31,188,898) and mean=362.5
Nonsilence phones as a group account for 70.3% of frames, with lattice depth (10,50,90-percentile)=(32,188,898) and mean=360.1
Phone SIL accounts for 29.7% of frames, with lattice depth (10,50,90-percentile)=(28,181,976) and mean=368.1
Phone aa_E accounts for 10.1% of frames, with lattice depth (10,50,90-percentile)=(32,322,874) and mean=353.8
Phone kk_B accounts for 7.0% of frames, with lattice depth (10,50,90-percentile)=(32,417,650) and mean=353.4
Phone pp_B accounts for 5.0% of frames, with lattice depth (10,50,90-percentile)=(69,218,984) and mean=410.9
Phone ii_E accounts for 4.1% of frames, with lattice depth (10,50,90-percentile)=(48,156,806) and mean=387.3
Phone mm_B accounts for 3.5% of frames, with lattice depth (10,50,90-percentile)=(40,898,1331) and mean=842.9
Phone ou_S accounts for 3.4% of frames, with lattice depth (10,50,90-percentile)=(41,61,179) and mean=82.0
Phone tt_B accounts for 3.3% of frames, with lattice depth (10,50,90-percentile)=(17,118,866) and mean=224.0
Phone ss_B accounts for 3.3% of frames, with lattice depth (10,50,90-percentile)=(30,205,485) and mean=263.8
Phone ou_E accounts for 3.2% of frames, with lattice depth (10,50,90-percentile)=(131,195,224) and mean=222.8
Phone an_I accounts for 2.4% of frames, with lattice depth (10,50,90-percentile)=(16,74,1490) and mean=507.3
Phone nn_E accounts for 2.4% of frames, with lattice depth (10,50,90-percentile)=(12,37,360) and mean=125.0
Phone aa_B accounts for 2.1% of frames, with lattice depth (10,50,90-percentile)=(12,108,156) and mean=97.1
Phone ou_I accounts for 1.9% of frames, with lattice depth (10,50,90-percentile)=(203,308,1207) and mean=546.4
Phone ii_I accounts for 1.7% of frames, with lattice depth (10,50,90-percentile)=(108,137,1286) and mean=459.4
Phone dd_B accounts for 1.6% of frames, with lattice depth (10,50,90-percentile)=(316,406,1196) and mean=574.4
Phone on_E accounts for 1.5% of frames, with lattice depth (10,50,90-percentile)=(12,12,586) and mean=261.1
Phone tt_E accounts for 1.5% of frames, with lattice depth (10,50,90-percentile)=(65,69,1493) and mean=518.2
Phone an_E accounts for 1.4% of frames, with lattice depth (10,50,90-percentile)=(75,77,257) and mean=161.2
Phone ei_I accounts for 1.3% of frames, with lattice depth (10,50,90-percentile)=(54,54,64) and mean=56.1
Phone ww_I accounts for 1.1% of frames, with lattice depth (10,50,90-percentile)=(174,178,194) and mean=261.8
Phone tt_I accounts for 0.9% of frames, with lattice depth (10,50,90-percentile)=(65,75,676) and mean=360.8
Phone nn_B accounts for 0.8% of frames, with lattice depth (10,50,90-percentile)=(180,407,565) and mean=399.0
Phone aa_I accounts for 0.7% of frames, with lattice depth (10,50,90-percentile)=(113,116,669) and mean=271.7
Phone jj_E accounts for 0.6% of frames, with lattice depth (10,50,90-percentile)=(124,132,1185) and mean=438.6
Phone ww_E accounts for 0.6% of frames, with lattice depth (10,50,90-percentile)=(308,1249,1279) and mean=1068.3
Phone kk_I accounts for 0.6% of frames, with lattice depth (10,50,90-percentile)=(174,194,1056) and mean=475.4
Phone zz_B accounts for 0.6% of frames, with lattice depth (10,50,90-percentile)=(335,441,634) and mean=473.9
Phone ai_B accounts for 0.6% of frames, with lattice depth (10,50,90-percentile)=(456,456,1492) and mean=938.8
Phone ai_I accounts for 0.6% of frames, with lattice depth (10,50,90-percentile)=(42,43,61) and mean=50.5
Phone bb_I accounts for 0.5% of frames, with lattice depth (10,50,90-percentile)=(12,12,12) and mean=12.0
# Accounting: time=0 threads=1
# Ended (code 0) at Fri Mar 12 16:42:32 CET 2021, elapsed time 0 seconds
