# gunzip -c exp/mono/decode/depth_tmp.*.gz | steps/diagnostic/analyze_lattice_depth_stats.py exp/mono/graph exp/mono/decode/ali_frame_tmp.gz 
# Started at Fri Mar 12 17:38:24 CET 2021
#
The total amount of data analyzed assuming 100 frames per second is 0.2 hours
Overall, lattice depth (10,50,90-percentile)=(11,60,190) and mean=85.6
Nonsilence phones as a group account for 63.2% of frames, with lattice depth (10,50,90-percentile)=(13,64,195) and mean=88.6
Phone SIL accounts for 36.8% of frames, with lattice depth (10,50,90-percentile)=(9,53,176) and mean=80.3
Phone aa_E accounts for 5.2% of frames, with lattice depth (10,50,90-percentile)=(14,55,169) and mean=77.8
Phone ii_E accounts for 4.0% of frames, with lattice depth (10,50,90-percentile)=(27,78,221) and mean=106.4
Phone nn_E accounts for 3.9% of frames, with lattice depth (10,50,90-percentile)=(20,71,177) and mean=86.9
Phone kk_B accounts for 3.2% of frames, with lattice depth (10,50,90-percentile)=(28,75,205) and mean=98.7
Phone an_S accounts for 2.3% of frames, with lattice depth (10,50,90-percentile)=(17,43,139) and mean=64.9
Phone ss_B accounts for 2.0% of frames, with lattice depth (10,50,90-percentile)=(11,47,166) and mean=70.0
Phone mm_E accounts for 1.8% of frames, with lattice depth (10,50,90-percentile)=(14,55,189) and mean=82.3
Phone mm_B accounts for 1.6% of frames, with lattice depth (10,50,90-percentile)=(13,48,197) and mean=80.2
Phone an_I accounts for 1.6% of frames, with lattice depth (10,50,90-percentile)=(10,65,194) and mean=86.5
Phone aa_I accounts for 1.5% of frames, with lattice depth (10,50,90-percentile)=(6,38,201) and mean=74.9
Phone pp_B accounts for 1.5% of frames, with lattice depth (10,50,90-percentile)=(16,92,230) and mean=111.5
Phone an_B accounts for 1.5% of frames, with lattice depth (10,50,90-percentile)=(22,68,196) and mean=97.7
Phone ou_E accounts for 1.4% of frames, with lattice depth (10,50,90-percentile)=(17,61,162) and mean=81.6
Phone ei_E accounts for 1.4% of frames, with lattice depth (10,50,90-percentile)=(55,88,178) and mean=109.9
Phone ss_E accounts for 1.3% of frames, with lattice depth (10,50,90-percentile)=(25,64,170) and mean=86.1
Phone oe_B accounts for 1.3% of frames, with lattice depth (10,50,90-percentile)=(2,28,108) and mean=41.6
Phone ii_I accounts for 1.3% of frames, with lattice depth (10,50,90-percentile)=(6,68,269) and mean=101.9
Phone tt_B accounts for 1.3% of frames, with lattice depth (10,50,90-percentile)=(34,87,182) and mean=100.3
Phone an_E accounts for 1.1% of frames, with lattice depth (10,50,90-percentile)=(11,52,186) and mean=84.7
Phone ll_B accounts for 1.0% of frames, with lattice depth (10,50,90-percentile)=(10,41,193) and mean=69.0
Phone dd_B accounts for 1.0% of frames, with lattice depth (10,50,90-percentile)=(22,80,215) and mean=101.1
Phone aa_S accounts for 1.0% of frames, with lattice depth (10,50,90-percentile)=(27,48,217) and mean=93.2
Phone ai_B accounts for 0.9% of frames, with lattice depth (10,50,90-percentile)=(32,85,259) and mean=119.2
Phone zz_E accounts for 0.9% of frames, with lattice depth (10,50,90-percentile)=(14,70,240) and mean=103.6
Phone ss_I accounts for 0.9% of frames, with lattice depth (10,50,90-percentile)=(3,31,174) and mean=65.2
Phone jj_B accounts for 0.8% of frames, with lattice depth (10,50,90-percentile)=(10,38,116) and mean=51.6
Phone on_I accounts for 0.8% of frames, with lattice depth (10,50,90-percentile)=(14,80,256) and mean=113.1
Phone tt_I accounts for 0.8% of frames, with lattice depth (10,50,90-percentile)=(8,100,293) and mean=128.7
Phone au_E accounts for 0.8% of frames, with lattice depth (10,50,90-percentile)=(1,28,242) and mean=60.9
Phone ee_E accounts for 0.7% of frames, with lattice depth (10,50,90-percentile)=(9,73,174) and mean=102.1
Phone aa_B accounts for 0.7% of frames, with lattice depth (10,50,90-percentile)=(13,96,228) and mean=108.6
Phone nn_B accounts for 0.6% of frames, with lattice depth (10,50,90-percentile)=(20,87,195) and mean=104.0
Phone rr_I accounts for 0.6% of frames, with lattice depth (10,50,90-percentile)=(24,74,216) and mean=107.6
Phone on_E accounts for 0.6% of frames, with lattice depth (10,50,90-percentile)=(28,73,169) and mean=95.9
Phone ww_I accounts for 0.6% of frames, with lattice depth (10,50,90-percentile)=(8,58,133) and mean=68.4
Phone tt_E accounts for 0.6% of frames, with lattice depth (10,50,90-percentile)=(55,118,341) and mean=160.9
Phone ff_B accounts for 0.5% of frames, with lattice depth (10,50,90-percentile)=(9,61,231) and mean=94.1
Phone ff_E accounts for 0.5% of frames, with lattice depth (10,50,90-percentile)=(30,84,267) and mean=123.1
Phone kk_E accounts for 0.5% of frames, with lattice depth (10,50,90-percentile)=(11,85,280) and mean=127.6
Phone mm_I accounts for 0.5% of frames, with lattice depth (10,50,90-percentile)=(2,25,219) and mean=70.8
# Accounting: time=0 threads=1
# Ended (code 0) at Fri Mar 12 17:38:24 CET 2021, elapsed time 0 seconds
