# gmm-latgen-faster --max-active=7000 --beam=13.0 --lattice-beam=6.0 --acoustic-scale=0.083333 --allow-partial=true --word-symbol-table=exp/tri1/graph/words.txt exp/tri1/final.mdl exp/tri1/graph/HCLG.fst "ark,s,cs:apply-cmvn  --utt2spk=ark:data/test/split2/1/utt2spk scp:data/test/split2/1/cmvn.scp scp:data/test/split2/1/feats.scp ark:- | add-deltas  ark:- ark:- |" "ark:|gzip -c > exp/tri1/decode/lat.1.gz" 
# Started at Fri Mar 12 13:38:21 CET 2021
#
gmm-latgen-faster --max-active=7000 --beam=13.0 --lattice-beam=6.0 --acoustic-scale=0.083333 --allow-partial=true --word-symbol-table=exp/tri1/graph/words.txt exp/tri1/final.mdl exp/tri1/graph/HCLG.fst 'ark,s,cs:apply-cmvn  --utt2spk=ark:data/test/split2/1/utt2spk scp:data/test/split2/1/cmvn.scp scp:data/test/split2/1/feats.scp ark:- | add-deltas  ark:- ark:- |' 'ark:|gzip -c > exp/tri1/decode/lat.1.gz' 
apply-cmvn --utt2spk=ark:data/test/split2/1/utt2spk scp:data/test/split2/1/cmvn.scp scp:data/test/split2/1/feats.scp ark:- 
add-deltas ark:- ark:- 
1037_101_l 
LOG (gmm-latgen-faster[5.5.891~1-37628]:DecodeUtteranceLatticeFaster():decoder-wrappers.cc:375) Log-like per frame for utterance 1037_101_l is -7.77047 over 122 frames.
1037_101_r 
LOG (gmm-latgen-faster[5.5.891~1-37628]:DecodeUtteranceLatticeFaster():decoder-wrappers.cc:375) Log-like per frame for utterance 1037_101_r is -7.76854 over 122 frames.
1037_103_l 
LOG (gmm-latgen-faster[5.5.891~1-37628]:DecodeUtteranceLatticeFaster():decoder-wrappers.cc:375) Log-like per frame for utterance 1037_103_l is -7.8829 over 138 frames.
1037_103_r 
LOG (gmm-latgen-faster[5.5.891~1-37628]:DecodeUtteranceLatticeFaster():decoder-wrappers.cc:375) Log-like per frame for utterance 1037_103_r is -7.90888 over 138 frames.
1037_105_l tout ka paré aprézan 
LOG (gmm-latgen-faster[5.5.891~1-37628]:DecodeUtteranceLatticeFaster():decoder-wrappers.cc:375) Log-like per frame for utterance 1037_105_l is -8.22574 over 395 frames.
1037_105_r é aprézan 
LOG (gmm-latgen-faster[5.5.891~1-37628]:DecodeUtteranceLatticeFaster():decoder-wrappers.cc:375) Log-like per frame for utterance 1037_105_r is -8.21025 over 395 frames.
1037_107_l 
LOG (gmm-latgen-faster[5.5.891~1-37628]:DecodeUtteranceLatticeFaster():decoder-wrappers.cc:375) Log-like per frame for utterance 1037_107_l is -7.96192 over 174 frames.
1037_107_r 
LOG (gmm-latgen-faster[5.5.891~1-37628]:DecodeUtteranceLatticeFaster():decoder-wrappers.cc:375) Log-like per frame for utterance 1037_107_r is -8.04543 over 174 frames.
1037_109_l é 
LOG (gmm-latgen-faster[5.5.891~1-37628]:DecodeUtteranceLatticeFaster():decoder-wrappers.cc:375) Log-like per frame for utterance 1037_109_l is -7.8705 over 708 frames.
1037_109_r é 
LOG (gmm-latgen-faster[5.5.891~1-37628]:DecodeUtteranceLatticeFaster():decoder-wrappers.cc:375) Log-like per frame for utterance 1037_109_r is -7.91797 over 708 frames.
1037_111_l an gwadeloup aprézan 
LOG (gmm-latgen-faster[5.5.891~1-37628]:DecodeUtteranceLatticeFaster():decoder-wrappers.cc:375) Log-like per frame for utterance 1037_111_l is -8.47206 over 98 frames.
1037_111_r an gwadeloup aprézan ou 
LOG (gmm-latgen-faster[5.5.891~1-37628]:DecodeUtteranceLatticeFaster():decoder-wrappers.cc:375) Log-like per frame for utterance 1037_111_r is -8.48969 over 98 frames.
1037_113_l é 
LOG (gmm-latgen-faster[5.5.891~1-37628]:DecodeUtteranceLatticeFaster():decoder-wrappers.cc:375) Log-like per frame for utterance 1037_113_l is -8.50762 over 398 frames.
1037_113_r é 
LOG (gmm-latgen-faster[5.5.891~1-37628]:DecodeUtteranceLatticeFaster():decoder-wrappers.cc:375) Log-like per frame for utterance 1037_113_r is -8.49263 over 398 frames.
1037_115_l 
LOG (gmm-latgen-faster[5.5.891~1-37628]:DecodeUtteranceLatticeFaster():decoder-wrappers.cc:375) Log-like per frame for utterance 1037_115_l is -8.03703 over 225 frames.
1037_115_r yo 
LOG (gmm-latgen-faster[5.5.891~1-37628]:DecodeUtteranceLatticeFaster():decoder-wrappers.cc:375) Log-like per frame for utterance 1037_115_r is -8.08903 over 225 frames.
1037_117_l 
LOG (gmm-latgen-faster[5.5.891~1-37628]:DecodeUtteranceLatticeFaster():decoder-wrappers.cc:375) Log-like per frame for utterance 1037_117_l is -8.50288 over 105 frames.
1037_117_r 
LOG (gmm-latgen-faster[5.5.891~1-37628]:DecodeUtteranceLatticeFaster():decoder-wrappers.cc:375) Log-like per frame for utterance 1037_117_r is -8.44274 over 105 frames.
1037_119_l 
LOG (gmm-latgen-faster[5.5.891~1-37628]:DecodeUtteranceLatticeFaster():decoder-wrappers.cc:375) Log-like per frame for utterance 1037_119_l is -7.76884 over 222 frames.
1037_119_r 
LOG (gmm-latgen-faster[5.5.891~1-37628]:DecodeUtteranceLatticeFaster():decoder-wrappers.cc:375) Log-like per frame for utterance 1037_119_r is -7.79622 over 222 frames.
1037_11_l é é 
LOG (gmm-latgen-faster[5.5.891~1-37628]:DecodeUtteranceLatticeFaster():decoder-wrappers.cc:375) Log-like per frame for utterance 1037_11_l is -8.01797 over 298 frames.
1037_11_r i trè trè trè 
LOG (gmm-latgen-faster[5.5.891~1-37628]:DecodeUtteranceLatticeFaster():decoder-wrappers.cc:375) Log-like per frame for utterance 1037_11_r is -8.02373 over 298 frames.
1037_121_l dé pou-y 
LOG (gmm-latgen-faster[5.5.891~1-37628]:DecodeUtteranceLatticeFaster():decoder-wrappers.cc:375) Log-like per frame for utterance 1037_121_l is -8.28841 over 794 frames.
1037_121_r dé pou-y 
LOG (gmm-latgen-faster[5.5.891~1-37628]:DecodeUtteranceLatticeFaster():decoder-wrappers.cc:375) Log-like per frame for utterance 1037_121_r is -8.30473 over 794 frames.
1037_123_l 
LOG (gmm-latgen-faster[5.5.891~1-37628]:DecodeUtteranceLatticeFaster():decoder-wrappers.cc:375) Log-like per frame for utterance 1037_123_l is -8.33501 over 60 frames.
1037_123_r 
LOG (gmm-latgen-faster[5.5.891~1-37628]:DecodeUtteranceLatticeFaster():decoder-wrappers.cc:375) Log-like per frame for utterance 1037_123_r is -8.267 over 60 frames.
1037_125_l 
LOG (gmm-latgen-faster[5.5.891~1-37628]:DecodeUtteranceLatticeFaster():decoder-wrappers.cc:375) Log-like per frame for utterance 1037_125_l is -8.32778 over 152 frames.
1037_125_r 
LOG (gmm-latgen-faster[5.5.891~1-37628]:DecodeUtteranceLatticeFaster():decoder-wrappers.cc:375) Log-like per frame for utterance 1037_125_r is -8.34009 over 152 frames.
1037_127_l dé bon 
LOG (gmm-latgen-faster[5.5.891~1-37628]:DecodeUtteranceLatticeFaster():decoder-wrappers.cc:375) Log-like per frame for utterance 1037_127_l is -7.89019 over 729 frames.
1037_127_r dé zan boukit la 
LOG (gmm-latgen-faster[5.5.891~1-37628]:DecodeUtteranceLatticeFaster():decoder-wrappers.cc:375) Log-like per frame for utterance 1037_127_r is -7.91323 over 729 frames.
1037_129_l é é tou sa ki 
LOG (gmm-latgen-faster[5.5.891~1-37628]:DecodeUtteranceLatticeFaster():decoder-wrappers.cc:375) Log-like per frame for utterance 1037_129_l is -8.20892 over 395 frames.
1037_129_r é é 
LOG (gmm-latgen-faster[5.5.891~1-37628]:DecodeUtteranceLatticeFaster():decoder-wrappers.cc:375) Log-like per frame for utterance 1037_129_r is -8.19396 over 395 frames.
1037_131_l an pa kon 
LOG (gmm-latgen-faster[5.5.891~1-37628]:DecodeUtteranceLatticeFaster():decoder-wrappers.cc:375) Log-like per frame for utterance 1037_131_l is -7.75376 over 438 frames.
1037_131_r on kon 
LOG (gmm-latgen-faster[5.5.891~1-37628]:DecodeUtteranceLatticeFaster():decoder-wrappers.cc:375) Log-like per frame for utterance 1037_131_r is -7.75581 over 438 frames.
1037_133_l pati ou pé pa di 
LOG (gmm-latgen-faster[5.5.891~1-37628]:DecodeUtteranceLatticeFaster():decoder-wrappers.cc:375) Log-like per frame for utterance 1037_133_l is -8.16915 over 654 frames.
1037_133_r tit a pap’an 
LOG (gmm-latgen-faster[5.5.891~1-37628]:DecodeUtteranceLatticeFaster():decoder-wrappers.cc:375) Log-like per frame for utterance 1037_133_r is -8.23554 over 654 frames.
1037_135_l bon 
LOG (gmm-latgen-faster[5.5.891~1-37628]:DecodeUtteranceLatticeFaster():decoder-wrappers.cc:375) Log-like per frame for utterance 1037_135_l is -8.51708 over 245 frames.
1037_135_r on on 
LOG (gmm-latgen-faster[5.5.891~1-37628]:DecodeUtteranceLatticeFaster():decoder-wrappers.cc:375) Log-like per frame for utterance 1037_135_r is -8.48539 over 245 frames.
1037_137_l tout moun vwala sa 
LOG (gmm-latgen-faster[5.5.891~1-37628]:DecodeUtteranceLatticeFaster():decoder-wrappers.cc:375) Log-like per frame for utterance 1037_137_l is -8.2096 over 430 frames.
1037_137_r tout moun la 
LOG (gmm-latgen-faster[5.5.891~1-37628]:DecodeUtteranceLatticeFaster():decoder-wrappers.cc:375) Log-like per frame for utterance 1037_137_r is -8.21821 over 430 frames.
1037_139_l 
LOG (gmm-latgen-faster[5.5.891~1-37628]:DecodeUtteranceLatticeFaster():decoder-wrappers.cc:375) Log-like per frame for utterance 1037_139_l is -8.67513 over 57 frames.
1037_139_r 
LOG (gmm-latgen-faster[5.5.891~1-37628]:DecodeUtteranceLatticeFaster():decoder-wrappers.cc:375) Log-like per frame for utterance 1037_139_r is -8.59852 over 57 frames.
1037_13_l é sa trè prézan 
LOG (gmm-latgen-faster[5.5.891~1-37628]:DecodeUtteranceLatticeFaster():decoder-wrappers.cc:375) Log-like per frame for utterance 1037_13_l is -7.88679 over 318 frames.
1037_13_r é sa ka prézan 
LOG (gmm-latgen-faster[5.5.891~1-37628]:DecodeUtteranceLatticeFaster():decoder-wrappers.cc:375) Log-like per frame for utterance 1037_13_r is -7.92369 over 318 frames.
1037_141_l yo ka 
LOG (gmm-latgen-faster[5.5.891~1-37628]:DecodeUtteranceLatticeFaster():decoder-wrappers.cc:375) Log-like per frame for utterance 1037_141_l is -8.1161 over 444 frames.
1037_141_r 
LOG (gmm-latgen-faster[5.5.891~1-37628]:DecodeUtteranceLatticeFaster():decoder-wrappers.cc:375) Log-like per frame for utterance 1037_141_r is -8.08202 over 444 frames.
1037_143_l sé é 
LOG (gmm-latgen-faster[5.5.891~1-37628]:DecodeUtteranceLatticeFaster():decoder-wrappers.cc:375) Log-like per frame for utterance 1037_143_l is -7.50961 over 130 frames.
1037_143_r sé é 
LOG (gmm-latgen-faster[5.5.891~1-37628]:DecodeUtteranceLatticeFaster():decoder-wrappers.cc:375) Log-like per frame for utterance 1037_143_r is -7.47221 over 130 frames.
1037_145_l nivo 
LOG (gmm-latgen-faster[5.5.891~1-37628]:DecodeUtteranceLatticeFaster():decoder-wrappers.cc:375) Log-like per frame for utterance 1037_145_l is -7.69521 over 128 frames.
1037_145_r 
LOG (gmm-latgen-faster[5.5.891~1-37628]:DecodeUtteranceLatticeFaster():decoder-wrappers.cc:375) Log-like per frame for utterance 1037_145_r is -7.60251 over 128 frames.
1037_147_l ou té ka 
LOG (gmm-latgen-faster[5.5.891~1-37628]:DecodeUtteranceLatticeFaster():decoder-wrappers.cc:375) Log-like per frame for utterance 1037_147_l is -8.01145 over 321 frames.
1037_147_r ou té ka 
LOG (gmm-latgen-faster[5.5.891~1-37628]:DecodeUtteranceLatticeFaster():decoder-wrappers.cc:375) Log-like per frame for utterance 1037_147_r is -8.00686 over 321 frames.
1037_149_l é 
LOG (gmm-latgen-faster[5.5.891~1-37628]:DecodeUtteranceLatticeFaster():decoder-wrappers.cc:375) Log-like per frame for utterance 1037_149_l is -8.33031 over 66 frames.
1037_149_r é 
LOG (gmm-latgen-faster[5.5.891~1-37628]:DecodeUtteranceLatticeFaster():decoder-wrappers.cc:375) Log-like per frame for utterance 1037_149_r is -8.34493 over 66 frames.
1037_151_l é 
LOG (gmm-latgen-faster[5.5.891~1-37628]:DecodeUtteranceLatticeFaster():decoder-wrappers.cc:375) Log-like per frame for utterance 1037_151_l is -8.0423 over 208 frames.
1037_151_r 
LOG (gmm-latgen-faster[5.5.891~1-37628]:DecodeUtteranceLatticeFaster():decoder-wrappers.cc:375) Log-like per frame for utterance 1037_151_r is -8.03995 over 208 frames.
1037_153_l pou kostim 
LOG (gmm-latgen-faster[5.5.891~1-37628]:DecodeUtteranceLatticeFaster():decoder-wrappers.cc:375) Log-like per frame for utterance 1037_153_l is -7.67501 over 556 frames.
1037_153_r pou rézon é 
LOG (gmm-latgen-faster[5.5.891~1-37628]:DecodeUtteranceLatticeFaster():decoder-wrappers.cc:375) Log-like per frame for utterance 1037_153_r is -7.7358 over 556 frames.
1037_155_l ka vini on jan 
LOG (gmm-latgen-faster[5.5.891~1-37628]:DecodeUtteranceLatticeFaster():decoder-wrappers.cc:375) Log-like per frame for utterance 1037_155_l is -8.00971 over 278 frames.
1037_155_r ka vini on jan 
LOG (gmm-latgen-faster[5.5.891~1-37628]:DecodeUtteranceLatticeFaster():decoder-wrappers.cc:375) Log-like per frame for utterance 1037_155_r is -8.00836 over 278 frames.
1037_157_l sé plis ou mwen 
LOG (gmm-latgen-faster[5.5.891~1-37628]:DecodeUtteranceLatticeFaster():decoder-wrappers.cc:375) Log-like per frame for utterance 1037_157_l is -8.23664 over 217 frames.
1037_157_r 
LOG (gmm-latgen-faster[5.5.891~1-37628]:DecodeUtteranceLatticeFaster():decoder-wrappers.cc:375) Log-like per frame for utterance 1037_157_r is -8.33467 over 217 frames.
1037_159_l nou 
LOG (gmm-latgen-faster[5.5.891~1-37628]:DecodeUtteranceLatticeFaster():decoder-wrappers.cc:375) Log-like per frame for utterance 1037_159_l is -8.42844 over 80 frames.
1037_159_r nou 
LOG (gmm-latgen-faster[5.5.891~1-37628]:DecodeUtteranceLatticeFaster():decoder-wrappers.cc:375) Log-like per frame for utterance 1037_159_r is -8.35004 over 80 frames.
1037_15_l é 
LOG (gmm-latgen-faster[5.5.891~1-37628]:DecodeUtteranceLatticeFaster():decoder-wrappers.cc:375) Log-like per frame for utterance 1037_15_l is -7.89962 over 158 frames.
1037_15_r é 
LOG (gmm-latgen-faster[5.5.891~1-37628]:DecodeUtteranceLatticeFaster():decoder-wrappers.cc:375) Log-like per frame for utterance 1037_15_r is -7.94112 over 158 frames.
1037_161_l 
LOG (gmm-latgen-faster[5.5.891~1-37628]:DecodeUtteranceLatticeFaster():decoder-wrappers.cc:375) Log-like per frame for utterance 1037_161_l is -7.18805 over 67 frames.
1037_161_r 
LOG (gmm-latgen-faster[5.5.891~1-37628]:DecodeUtteranceLatticeFaster():decoder-wrappers.cc:375) Log-like per frame for utterance 1037_161_r is -7.29594 over 67 frames.
1037_163_l é é 
LOG (gmm-latgen-faster[5.5.891~1-37628]:DecodeUtteranceLatticeFaster():decoder-wrappers.cc:375) Log-like per frame for utterance 1037_163_l is -7.86429 over 246 frames.
1037_163_r é é 
LOG (gmm-latgen-faster[5.5.891~1-37628]:DecodeUtteranceLatticeFaster():decoder-wrappers.cc:375) Log-like per frame for utterance 1037_163_r is -7.92689 over 246 frames.
1037_17_l nou ka ké nou é 
LOG (gmm-latgen-faster[5.5.891~1-37628]:DecodeUtteranceLatticeFaster():decoder-wrappers.cc:375) Log-like per frame for utterance 1037_17_l is -7.89304 over 200 frames.
1037_17_r nou ka té nou dé bon 
LOG (gmm-latgen-faster[5.5.891~1-37628]:DecodeUtteranceLatticeFaster():decoder-wrappers.cc:375) Log-like per frame for utterance 1037_17_r is -7.79067 over 200 frames.
1037_19_l pa konnèt papa ou ni é nou toujou prézan 
LOG (gmm-latgen-faster[5.5.891~1-37628]:DecodeUtteranceLatticeFaster():decoder-wrappers.cc:375) Log-like per frame for utterance 1037_19_l is -8.0003 over 612 frames.
1037_19_r pa konnèt produi ké nou toujou prézan 
LOG (gmm-latgen-faster[5.5.891~1-37628]:DecodeUtteranceLatticeFaster():decoder-wrappers.cc:375) Log-like per frame for utterance 1037_19_r is -8.0455 over 612 frames.
1037_1_l o 
LOG (gmm-latgen-faster[5.5.891~1-37628]:DecodeUtteranceLatticeFaster():decoder-wrappers.cc:375) Log-like per frame for utterance 1037_1_l is -7.62025 over 260 frames.
1037_1_r pou li 
LOG (gmm-latgen-faster[5.5.891~1-37628]:DecodeUtteranceLatticeFaster():decoder-wrappers.cc:375) Log-like per frame for utterance 1037_1_r is -7.65954 over 260 frames.
1037_21_l 
LOG (gmm-latgen-faster[5.5.891~1-37628]:DecodeUtteranceLatticeFaster():decoder-wrappers.cc:375) Log-like per frame for utterance 1037_21_l is -8.46897 over 40 frames.
1037_21_r tout té 
LOG (gmm-latgen-faster[5.5.891~1-37628]:DecodeUtteranceLatticeFaster():decoder-wrappers.cc:375) Log-like per frame for utterance 1037_21_r is -8.31575 over 40 frames.
1037_23_l ki ka fè 
LOG (gmm-latgen-faster[5.5.891~1-37628]:DecodeUtteranceLatticeFaster():decoder-wrappers.cc:375) Log-like per frame for utterance 1037_23_l is -7.75305 over 210 frames.
1037_23_r ki ka 
LOG (gmm-latgen-faster[5.5.891~1-37628]:DecodeUtteranceLatticeFaster():decoder-wrappers.cc:375) Log-like per frame for utterance 1037_23_r is -7.78285 over 210 frames.
1037_24_l ou pa ka ka chanté 
LOG (gmm-latgen-faster[5.5.891~1-37628]:DecodeUtteranceLatticeFaster():decoder-wrappers.cc:375) Log-like per frame for utterance 1037_24_l is -8.19572 over 456 frames.
1037_24_r ou pa ka 
LOG (gmm-latgen-faster[5.5.891~1-37628]:DecodeUtteranceLatticeFaster():decoder-wrappers.cc:375) Log-like per frame for utterance 1037_24_r is -8.16077 over 456 frames.
1037_26_l bon é 
LOG (gmm-latgen-faster[5.5.891~1-37628]:DecodeUtteranceLatticeFaster():decoder-wrappers.cc:375) Log-like per frame for utterance 1037_26_l is -8.04719 over 337 frames.
1037_26_r é 
LOG (gmm-latgen-faster[5.5.891~1-37628]:DecodeUtteranceLatticeFaster():decoder-wrappers.cc:375) Log-like per frame for utterance 1037_26_r is -8.02291 over 337 frames.
1037_28_l 
LOG (gmm-latgen-faster[5.5.891~1-37628]:DecodeUtteranceLatticeFaster():decoder-wrappers.cc:375) Log-like per frame for utterance 1037_28_l is -7.0156 over 74 frames.
1037_28_r 
LOG (gmm-latgen-faster[5.5.891~1-37628]:DecodeUtteranceLatticeFaster():decoder-wrappers.cc:375) Log-like per frame for utterance 1037_28_r is -7.22574 over 74 frames.
1037_30_l 
LOG (gmm-latgen-faster[5.5.891~1-37628]:DecodeUtteranceLatticeFaster():decoder-wrappers.cc:375) Log-like per frame for utterance 1037_30_l is -8.54736 over 48 frames.
1037_30_r 
LOG (gmm-latgen-faster[5.5.891~1-37628]:DecodeUtteranceLatticeFaster():decoder-wrappers.cc:375) Log-like per frame for utterance 1037_30_r is -8.47305 over 48 frames.
1037_32_l ké pa tombé 
LOG (gmm-latgen-faster[5.5.891~1-37628]:DecodeUtteranceLatticeFaster():decoder-wrappers.cc:375) Log-like per frame for utterance 1037_32_l is -8.26478 over 674 frames.
1037_32_r ké on kon 
LOG (gmm-latgen-faster[5.5.891~1-37628]:DecodeUtteranceLatticeFaster():decoder-wrappers.cc:375) Log-like per frame for utterance 1037_32_r is -8.28591 over 674 frames.
1037_34_l 
LOG (gmm-latgen-faster[5.5.891~1-37628]:DecodeUtteranceLatticeFaster():decoder-wrappers.cc:375) Log-like per frame for utterance 1037_34_l is -8.22489 over 124 frames.
1037_34_r 
LOG (gmm-latgen-faster[5.5.891~1-37628]:DecodeUtteranceLatticeFaster():decoder-wrappers.cc:375) Log-like per frame for utterance 1037_34_r is -8.25784 over 124 frames.
1037_36_l 
LOG (gmm-latgen-faster[5.5.891~1-37628]:DecodeUtteranceLatticeFaster():decoder-wrappers.cc:375) Log-like per frame for utterance 1037_36_l is -8.40503 over 51 frames.
1037_36_r 
LOG (gmm-latgen-faster[5.5.891~1-37628]:DecodeUtteranceLatticeFaster():decoder-wrappers.cc:375) Log-like per frame for utterance 1037_36_r is -8.38049 over 51 frames.
1037_38_l é 
LOG (gmm-latgen-faster[5.5.891~1-37628]:DecodeUtteranceLatticeFaster():decoder-wrappers.cc:375) Log-like per frame for utterance 1037_38_l is -7.70099 over 142 frames.
1037_38_r é 
LOG (gmm-latgen-faster[5.5.891~1-37628]:DecodeUtteranceLatticeFaster():decoder-wrappers.cc:375) Log-like per frame for utterance 1037_38_r is -7.61525 over 142 frames.
1037_3_l 
LOG (gmm-latgen-faster[5.5.891~1-37628]:DecodeUtteranceLatticeFaster():decoder-wrappers.cc:375) Log-like per frame for utterance 1037_3_l is -7.37297 over 84 frames.
1037_3_r 
LOG (gmm-latgen-faster[5.5.891~1-37628]:DecodeUtteranceLatticeFaster():decoder-wrappers.cc:375) Log-like per frame for utterance 1037_3_r is -7.34446 over 84 frames.
1037_40_l é tout sa ou ka 
LOG (gmm-latgen-faster[5.5.891~1-37628]:DecodeUtteranceLatticeFaster():decoder-wrappers.cc:375) Log-like per frame for utterance 1037_40_l is -8.21551 over 650 frames.
1037_40_r é tou sa an ka pansé 
LOG (gmm-latgen-faster[5.5.891~1-37628]:DecodeUtteranceLatticeFaster():decoder-wrappers.cc:375) Log-like per frame for utterance 1037_40_r is -8.20892 over 650 frames.
1037_42_l konbat 
LOG (gmm-latgen-faster[5.5.891~1-37628]:DecodeUtteranceLatticeFaster():decoder-wrappers.cc:375) Log-like per frame for utterance 1037_42_l is -8.05068 over 262 frames.
1037_42_r konbat 
LOG (gmm-latgen-faster[5.5.891~1-37628]:DecodeUtteranceLatticeFaster():decoder-wrappers.cc:375) Log-like per frame for utterance 1037_42_r is -8.10059 over 262 frames.
1037_44_l 
LOG (gmm-latgen-faster[5.5.891~1-37628]:DecodeUtteranceLatticeFaster():decoder-wrappers.cc:375) Log-like per frame for utterance 1037_44_l is -8.75263 over 76 frames.
1037_44_r 
LOG (gmm-latgen-faster[5.5.891~1-37628]:DecodeUtteranceLatticeFaster():decoder-wrappers.cc:375) Log-like per frame for utterance 1037_44_r is -8.77725 over 76 frames.
1037_46_l é 
LOG (gmm-latgen-faster[5.5.891~1-37628]:DecodeUtteranceLatticeFaster():decoder-wrappers.cc:375) Log-like per frame for utterance 1037_46_l is -8.15933 over 204 frames.
1037_46_r é 
LOG (gmm-latgen-faster[5.5.891~1-37628]:DecodeUtteranceLatticeFaster():decoder-wrappers.cc:375) Log-like per frame for utterance 1037_46_r is -8.15471 over 204 frames.
1037_48_l é 
LOG (gmm-latgen-faster[5.5.891~1-37628]:DecodeUtteranceLatticeFaster():decoder-wrappers.cc:375) Log-like per frame for utterance 1037_48_l is -8.74992 over 132 frames.
1037_48_r é 
LOG (gmm-latgen-faster[5.5.891~1-37628]:DecodeUtteranceLatticeFaster():decoder-wrappers.cc:375) Log-like per frame for utterance 1037_48_r is -8.80046 over 132 frames.
1037_50_l 
LOG (gmm-latgen-faster[5.5.891~1-37628]:DecodeUtteranceLatticeFaster():decoder-wrappers.cc:375) Log-like per frame for utterance 1037_50_l is -8.02984 over 170 frames.
1037_50_r 
LOG (gmm-latgen-faster[5.5.891~1-37628]:DecodeUtteranceLatticeFaster():decoder-wrappers.cc:375) Log-like per frame for utterance 1037_50_r is -8.08111 over 170 frames.
1037_52_l ou ka préparé 
LOG (gmm-latgen-faster[5.5.891~1-37628]:DecodeUtteranceLatticeFaster():decoder-wrappers.cc:375) Log-like per frame for utterance 1037_52_l is -8.27694 over 332 frames.
1037_52_r é 
LOG (gmm-latgen-faster[5.5.891~1-37628]:DecodeUtteranceLatticeFaster():decoder-wrappers.cc:375) Log-like per frame for utterance 1037_52_r is -8.27266 over 332 frames.
1037_54_l ka a pouki 
LOG (gmm-latgen-faster[5.5.891~1-37628]:DecodeUtteranceLatticeFaster():decoder-wrappers.cc:375) Log-like per frame for utterance 1037_54_l is -8.12135 over 701 frames.
1037_54_r a a pour an fèt a fanmi 
LOG (gmm-latgen-faster[5.5.891~1-37628]:DecodeUtteranceLatticeFaster():decoder-wrappers.cc:375) Log-like per frame for utterance 1037_54_r is -8.133 over 701 frames.
1037_56_l 
LOG (gmm-latgen-faster[5.5.891~1-37628]:DecodeUtteranceLatticeFaster():decoder-wrappers.cc:375) Log-like per frame for utterance 1037_56_l is -8.10987 over 233 frames.
1037_56_r 
LOG (gmm-latgen-faster[5.5.891~1-37628]:DecodeUtteranceLatticeFaster():decoder-wrappers.cc:375) Log-like per frame for utterance 1037_56_r is -8.10127 over 233 frames.
1037_58_l é gason 
LOG (gmm-latgen-faster[5.5.891~1-37628]:DecodeUtteranceLatticeFaster():decoder-wrappers.cc:375) Log-like per frame for utterance 1037_58_l is -8.34506 over 176 frames.
1037_58_r é 
LOG (gmm-latgen-faster[5.5.891~1-37628]:DecodeUtteranceLatticeFaster():decoder-wrappers.cc:375) Log-like per frame for utterance 1037_58_r is -8.37619 over 176 frames.
1037_5_l marie-galante 
LOG (gmm-latgen-faster[5.5.891~1-37628]:DecodeUtteranceLatticeFaster():decoder-wrappers.cc:375) Log-like per frame for utterance 1037_5_l is -7.88279 over 444 frames.
1037_5_r marigalentèz lapansé 
LOG (gmm-latgen-faster[5.5.891~1-37628]:DecodeUtteranceLatticeFaster():decoder-wrappers.cc:375) Log-like per frame for utterance 1037_5_r is -7.88599 over 444 frames.
1037_60_l tou sa pa té 
LOG (gmm-latgen-faster[5.5.891~1-37628]:DecodeUtteranceLatticeFaster():decoder-wrappers.cc:375) Log-like per frame for utterance 1037_60_l is -8.34661 over 177 frames.
1037_60_r tou sa ka ké 
LOG (gmm-latgen-faster[5.5.891~1-37628]:DecodeUtteranceLatticeFaster():decoder-wrappers.cc:375) Log-like per frame for utterance 1037_60_r is -8.34753 over 177 frames.
1037_62_l an tan desklav 
LOG (gmm-latgen-faster[5.5.891~1-37628]:DecodeUtteranceLatticeFaster():decoder-wrappers.cc:375) Log-like per frame for utterance 1037_62_l is -8.27777 over 236 frames.
1037_62_r an tan desklav 
LOG (gmm-latgen-faster[5.5.891~1-37628]:DecodeUtteranceLatticeFaster():decoder-wrappers.cc:375) Log-like per frame for utterance 1037_62_r is -8.32163 over 236 frames.
1037_64_l tou sa pa té pé fè ou ka fè yo ka similak donk tout poupé 
LOG (gmm-latgen-faster[5.5.891~1-37628]:DecodeUtteranceLatticeFaster():decoder-wrappers.cc:375) Log-like per frame for utterance 1037_64_l is -8.42485 over 491 frames.
1037_64_r tou sa pa té pé fè on similak donk ké pouki 
LOG (gmm-latgen-faster[5.5.891~1-37628]:DecodeUtteranceLatticeFaster():decoder-wrappers.cc:375) Log-like per frame for utterance 1037_64_r is -8.36384 over 491 frames.
1037_66_l 
LOG (gmm-latgen-faster[5.5.891~1-37628]:DecodeUtteranceLatticeFaster():decoder-wrappers.cc:375) Log-like per frame for utterance 1037_66_l is -8.15376 over 49 frames.
1037_66_r pouki 
LOG (gmm-latgen-faster[5.5.891~1-37628]:DecodeUtteranceLatticeFaster():decoder-wrappers.cc:375) Log-like per frame for utterance 1037_66_r is -7.97189 over 49 frames.
1037_68_l jou la mod 
LOG (gmm-latgen-faster[5.5.891~1-37628]:DecodeUtteranceLatticeFaster():decoder-wrappers.cc:375) Log-like per frame for utterance 1037_68_l is -8.15434 over 285 frames.
1037_68_r jou la mod 
LOG (gmm-latgen-faster[5.5.891~1-37628]:DecodeUtteranceLatticeFaster():decoder-wrappers.cc:375) Log-like per frame for utterance 1037_68_r is -8.11829 over 285 frames.
1037_70_l é i trè trè trè té ka ni pli 
LOG (gmm-latgen-faster[5.5.891~1-37628]:DecodeUtteranceLatticeFaster():decoder-wrappers.cc:375) Log-like per frame for utterance 1037_70_l is -7.89917 over 1062 frames.
1037_70_r é i trè trè trè té mayé an prézans a dé 
LOG (gmm-latgen-faster[5.5.891~1-37628]:RebuildRepository():determinize-lattice-pruned.cc:287) Rebuilding repository.
LOG (gmm-latgen-faster[5.5.891~1-37628]:DecodeUtteranceLatticeFaster():decoder-wrappers.cc:375) Log-like per frame for utterance 1037_70_r is -7.90672 over 1062 frames.
1037_71_l sa vlé di ké 
LOG (gmm-latgen-faster[5.5.891~1-37628]:DecodeUtteranceLatticeFaster():decoder-wrappers.cc:375) Log-like per frame for utterance 1037_71_l is -7.41029 over 238 frames.
1037_71_r sa vlé di ké é 
LOG (gmm-latgen-faster[5.5.891~1-37628]:DecodeUtteranceLatticeFaster():decoder-wrappers.cc:375) Log-like per frame for utterance 1037_71_r is -7.36916 over 238 frames.
1037_72_l é é 
LOG (gmm-latgen-faster[5.5.891~1-37628]:DecodeUtteranceLatticeFaster():decoder-wrappers.cc:375) Log-like per frame for utterance 1037_72_l is -8.05121 over 352 frames.
1037_72_r é 
LOG (gmm-latgen-faster[5.5.891~1-37628]:DecodeUtteranceLatticeFaster():decoder-wrappers.cc:375) Log-like per frame for utterance 1037_72_r is -8.17239 over 352 frames.
1037_74_l pou yo 
LOG (gmm-latgen-faster[5.5.891~1-37628]:DecodeUtteranceLatticeFaster():decoder-wrappers.cc:375) Log-like per frame for utterance 1037_74_l is -8.00604 over 329 frames.
1037_74_r pou yo 
LOG (gmm-latgen-faster[5.5.891~1-37628]:DecodeUtteranceLatticeFaster():decoder-wrappers.cc:375) Log-like per frame for utterance 1037_74_r is -8.01469 over 329 frames.
1037_76_l moun la ka ka paré on sak apati dè ké nowèl 
LOG (gmm-latgen-faster[5.5.891~1-37628]:DecodeUtteranceLatticeFaster():decoder-wrappers.cc:375) Log-like per frame for utterance 1037_76_l is -8.1321 over 681 frames.
1037_76_r moun la ka ka paré on pati dé 
LOG (gmm-latgen-faster[5.5.891~1-37628]:DecodeUtteranceLatticeFaster():decoder-wrappers.cc:375) Log-like per frame for utterance 1037_76_r is -8.14158 over 681 frames.
1037_78_l 
LOG (gmm-latgen-faster[5.5.891~1-37628]:DecodeUtteranceLatticeFaster():decoder-wrappers.cc:375) Log-like per frame for utterance 1037_78_l is -8.53108 over 345 frames.
1037_78_r 
LOG (gmm-latgen-faster[5.5.891~1-37628]:DecodeUtteranceLatticeFaster():decoder-wrappers.cc:375) Log-like per frame for utterance 1037_78_r is -8.58188 over 345 frames.
1037_7_l mè é tou 
LOG (gmm-latgen-faster[5.5.891~1-37628]:DecodeUtteranceLatticeFaster():decoder-wrappers.cc:375) Log-like per frame for utterance 1037_7_l is -7.92377 over 462 frames.
1037_7_r é é tou 
LOG (gmm-latgen-faster[5.5.891~1-37628]:DecodeUtteranceLatticeFaster():decoder-wrappers.cc:375) Log-like per frame for utterance 1037_7_r is -7.92882 over 462 frames.
1037_80_l 
LOG (gmm-latgen-faster[5.5.891~1-37628]:DecodeUtteranceLatticeFaster():decoder-wrappers.cc:375) Log-like per frame for utterance 1037_80_l is -8.18949 over 158 frames.
1037_80_r 
LOG (gmm-latgen-faster[5.5.891~1-37628]:DecodeUtteranceLatticeFaster():decoder-wrappers.cc:375) Log-like per frame for utterance 1037_80_r is -8.16785 over 158 frames.
1037_82_l aba é a tit a’y pa té vlé pwa 
LOG (gmm-latgen-faster[5.5.891~1-37628]:DecodeUtteranceLatticeFaster():decoder-wrappers.cc:375) Log-like per frame for utterance 1037_82_l is -8.03794 over 725 frames.
1037_82_r paskè i pé di la pa té vlé pwa 
LOG (gmm-latgen-faster[5.5.891~1-37628]:DecodeUtteranceLatticeFaster():decoder-wrappers.cc:375) Log-like per frame for utterance 1037_82_r is -8.01904 over 725 frames.
1037_84_l 
LOG (gmm-latgen-faster[5.5.891~1-37628]:DecodeUtteranceLatticeFaster():decoder-wrappers.cc:375) Log-like per frame for utterance 1037_84_l is -8.30172 over 221 frames.
1037_84_r 
LOG (gmm-latgen-faster[5.5.891~1-37628]:DecodeUtteranceLatticeFaster():decoder-wrappers.cc:375) Log-like per frame for utterance 1037_84_r is -8.3153 over 221 frames.
1037_86_l dézan apré prézan 
LOG (gmm-latgen-faster[5.5.891~1-37628]:DecodeUtteranceLatticeFaster():decoder-wrappers.cc:375) Log-like per frame for utterance 1037_86_l is -8.2035 over 286 frames.
1037_86_r sé vrè 
LOG (gmm-latgen-faster[5.5.891~1-37628]:DecodeUtteranceLatticeFaster():decoder-wrappers.cc:375) Log-like per frame for utterance 1037_86_r is -8.19742 over 286 frames.
1037_88_l ou ka 
LOG (gmm-latgen-faster[5.5.891~1-37628]:DecodeUtteranceLatticeFaster():decoder-wrappers.cc:375) Log-like per frame for utterance 1037_88_l is -8.57914 over 487 frames.
1037_88_r ou pa ka 
LOG (gmm-latgen-faster[5.5.891~1-37628]:DecodeUtteranceLatticeFaster():decoder-wrappers.cc:375) Log-like per frame for utterance 1037_88_r is -8.59335 over 487 frames.
1037_90_l la 
LOG (gmm-latgen-faster[5.5.891~1-37628]:DecodeUtteranceLatticeFaster():decoder-wrappers.cc:375) Log-like per frame for utterance 1037_90_l is -7.92032 over 243 frames.
1037_90_r la 
LOG (gmm-latgen-faster[5.5.891~1-37628]:DecodeUtteranceLatticeFaster():decoder-wrappers.cc:375) Log-like per frame for utterance 1037_90_r is -7.94734 over 243 frames.
1037_92_l yo on moman é 
LOG (gmm-latgen-faster[5.5.891~1-37628]:DecodeUtteranceLatticeFaster():decoder-wrappers.cc:375) Log-like per frame for utterance 1037_92_l is -8.12834 over 187 frames.
1037_92_r yo on moman é 
LOG (gmm-latgen-faster[5.5.891~1-37628]:DecodeUtteranceLatticeFaster():decoder-wrappers.cc:375) Log-like per frame for utterance 1037_92_r is -8.16807 over 187 frames.
1037_94_l mè dot pla 
LOG (gmm-latgen-faster[5.5.891~1-37628]:DecodeUtteranceLatticeFaster():decoder-wrappers.cc:375) Log-like per frame for utterance 1037_94_l is -7.52705 over 348 frames.
1037_94_r mè dot pla 
LOG (gmm-latgen-faster[5.5.891~1-37628]:DecodeUtteranceLatticeFaster():decoder-wrappers.cc:375) Log-like per frame for utterance 1037_94_r is -7.54386 over 348 frames.
1037_96_l 
LOG (gmm-latgen-faster[5.5.891~1-37628]:DecodeUtteranceLatticeFaster():decoder-wrappers.cc:375) Log-like per frame for utterance 1037_96_l is -6.96647 over 58 frames.
1037_96_r 
LOG (gmm-latgen-faster[5.5.891~1-37628]:DecodeUtteranceLatticeFaster():decoder-wrappers.cc:375) Log-like per frame for utterance 1037_96_r is -7.11448 over 58 frames.
1037_98_l é 
LOG (gmm-latgen-faster[5.5.891~1-37628]:DecodeUtteranceLatticeFaster():decoder-wrappers.cc:375) Log-like per frame for utterance 1037_98_l is -8.00551 over 377 frames.
1037_98_r é é 
LOG (gmm-latgen-faster[5.5.891~1-37628]:DecodeUtteranceLatticeFaster():decoder-wrappers.cc:375) Log-like per frame for utterance 1037_98_r is -8.03576 over 377 frames.
LOG (apply-cmvn[5.5.891~1-37628]:main():apply-cmvn.cc:162) Applied cepstral mean normalization to 168 utterances, errors on 0
1037_99_l bon kom an ka la ka bat 
LOG (gmm-latgen-faster[5.5.891~1-37628]:RebuildRepository():determinize-lattice-pruned.cc:287) Rebuilding repository.
LOG (gmm-latgen-faster[5.5.891~1-37628]:RebuildRepository():determinize-lattice-pruned.cc:287) Rebuilding repository.
LOG (gmm-latgen-faster[5.5.891~1-37628]:RebuildRepository():determinize-lattice-pruned.cc:287) Rebuilding repository.
LOG (gmm-latgen-faster[5.5.891~1-37628]:DecodeUtteranceLatticeFaster():decoder-wrappers.cc:375) Log-like per frame for utterance 1037_99_l is -8.05077 over 1229 frames.
1037_99_r é an ka pansé kè 
LOG (gmm-latgen-faster[5.5.891~1-37628]:RebuildRepository():determinize-lattice-pruned.cc:287) Rebuilding repository.
LOG (gmm-latgen-faster[5.5.891~1-37628]:RebuildRepository():determinize-lattice-pruned.cc:287) Rebuilding repository.
LOG (gmm-latgen-faster[5.5.891~1-37628]:RebuildRepository():determinize-lattice-pruned.cc:287) Rebuilding repository.
LOG (gmm-latgen-faster[5.5.891~1-37628]:RebuildRepository():determinize-lattice-pruned.cc:287) Rebuilding repository.
LOG (gmm-latgen-faster[5.5.891~1-37628]:RebuildRepository():determinize-lattice-pruned.cc:287) Rebuilding repository.
LOG (gmm-latgen-faster[5.5.891~1-37628]:RebuildRepository():determinize-lattice-pruned.cc:287) Rebuilding repository.
WARNING (gmm-latgen-faster[5.5.891~1-37628]:CheckMemoryUsage():determinize-lattice-pruned.cc:320) Did not reach requested beam in determinize-lattice: size exceeds maximum 50000000 bytes; (repo,arcs,elems) = (33670976,158240,16458816), after rebuilding, repo size was 25025920, effective beam was 4.84703 vs. requested beam 6
WARNING (gmm-latgen-faster[5.5.891~1-37628]:DecodeUtteranceLatticeFaster():decoder-wrappers.cc:363) Determinization finished earlier than the beam for utterance 1037_99_r
LOG (gmm-latgen-faster[5.5.891~1-37628]:DecodeUtteranceLatticeFaster():decoder-wrappers.cc:375) Log-like per frame for utterance 1037_99_r is -8.06115 over 1229 frames.
1037_9_l 
LOG (gmm-latgen-faster[5.5.891~1-37628]:DecodeUtteranceLatticeFaster():decoder-wrappers.cc:375) Log-like per frame for utterance 1037_9_l is -7.16978 over 49 frames.
1037_9_r 
LOG (gmm-latgen-faster[5.5.891~1-37628]:DecodeUtteranceLatticeFaster():decoder-wrappers.cc:375) Log-like per frame for utterance 1037_9_r is -7.13055 over 49 frames.
LOG (gmm-latgen-faster[5.5.891~1-37628]:main():gmm-latgen-faster.cc:176) Time taken 768.257s: real-time factor assuming 100 frames/sec is 1.48766
LOG (gmm-latgen-faster[5.5.891~1-37628]:main():gmm-latgen-faster.cc:179) Done 168 utterances, failed for 0
LOG (gmm-latgen-faster[5.5.891~1-37628]:main():gmm-latgen-faster.cc:181) Overall log-likelihood per frame is -8.07457 over 51642 frames.
# Accounting: time=768 threads=1
# Ended (code 0) at Fri Mar 12 13:51:09 CET 2021, elapsed time 768 seconds
