# lattice-depth-per-frame "ark:gunzip -c exp/tri1/decode/lat.1.gz|" "ark,t:|gzip -c > exp/tri1/decode/depth_tmp.1.gz" ark:- | lattice-best-path --acoustic-scale=0.1 ark:- ark:/dev/null "ark,t:|gzip -c >exp/tri1/decode/ali_tmp.1.gz" 
# Started at Fri Mar 12 14:03:28 CET 2021
#
lattice-depth-per-frame 'ark:gunzip -c exp/tri1/decode/lat.1.gz|' 'ark,t:|gzip -c > exp/tri1/decode/depth_tmp.1.gz' ark:- 
lattice-best-path --acoustic-scale=0.1 ark:- ark:/dev/null 'ark,t:|gzip -c >exp/tri1/decode/ali_tmp.1.gz' 
LOG (lattice-best-path[5.5.891~1-37628]:main():lattice-best-path.cc:99) For utterance 1037_101_l, best cost 11.4301 + 1123.89 = 1135.32 over 122 frames.
LOG (lattice-best-path[5.5.891~1-37628]:main():lattice-best-path.cc:99) For utterance 1037_101_r, best cost 11.4378 + 1123.59 = 1135.03 over 122 frames.
LOG (lattice-best-path[5.5.891~1-37628]:main():lattice-best-path.cc:99) For utterance 1037_103_l, best cost 12.9143 + 1289.92 = 1302.83 over 138 frames.
LOG (lattice-best-path[5.5.891~1-37628]:main():lattice-best-path.cc:99) For utterance 1037_103_r, best cost 15.4288 + 1291.2 = 1306.63 over 138 frames.
LOG (lattice-best-path[5.5.891~1-37628]:main():lattice-best-path.cc:99) For utterance 1037_105_l, best cost 62.7225 + 3823.75 = 3886.47 over 395 frames.
LOG (lattice-best-path[5.5.891~1-37628]:main():lattice-best-path.cc:99) For utterance 1037_105_r, best cost 62.2982 + 3819.66 = 3881.95 over 395 frames.
LOG (lattice-best-path[5.5.891~1-37628]:main():lattice-best-path.cc:99) For utterance 1037_107_l, best cost 14.115 + 1645.52 = 1659.63 over 174 frames.
LOG (lattice-best-path[5.5.891~1-37628]:main():lattice-best-path.cc:99) For utterance 1037_107_r, best cost 12.645 + 1664.72 = 1677.36 over 174 frames.
LOG (lattice-best-path[5.5.891~1-37628]:main():lattice-best-path.cc:99) For utterance 1037_109_l, best cost 47.9061 + 6629.32 = 6677.22 over 708 frames.
LOG (lattice-best-path[5.5.891~1-37628]:main():lattice-best-path.cc:99) For utterance 1037_109_r, best cost 45.1792 + 6672.92 = 6718.1 over 708 frames.
LOG (lattice-best-path[5.5.891~1-37628]:main():lattice-best-path.cc:99) For utterance 1037_111_l, best cost 25.6161 + 965.579 = 991.195 over 98 frames.
LOG (lattice-best-path[5.5.891~1-37628]:main():lattice-best-path.cc:99) For utterance 1037_111_r, best cost 28.4671 + 964.231 = 992.698 over 98 frames.
LOG (lattice-best-path[5.5.891~1-37628]:main():lattice-best-path.cc:99) For utterance 1037_113_l, best cost 46.3945 + 4008.66 = 4055.06 over 398 frames.
LOG (lattice-best-path[5.5.891~1-37628]:main():lattice-best-path.cc:99) For utterance 1037_113_r, best cost 32.2368 + 4017.41 = 4049.65 over 398 frames.
LOG (lattice-best-path[5.5.891~1-37628]:main():lattice-best-path.cc:99) For utterance 1037_115_l, best cost 28.5289 + 2136.37 = 2164.9 over 225 frames.
LOG (lattice-best-path[5.5.891~1-37628]:main():lattice-best-path.cc:99) For utterance 1037_115_r, best cost 28.558 + 2149.92 = 2178.47 over 225 frames.
LOG (lattice-best-path[5.5.891~1-37628]:main():lattice-best-path.cc:99) For utterance 1037_117_l, best cost 13.9143 + 1054.67 = 1068.58 over 105 frames.
LOG (lattice-best-path[5.5.891~1-37628]:main():lattice-best-path.cc:99) For utterance 1037_117_r, best cost 13.9156 + 1047.09 = 1061.01 over 105 frames.
LOG (lattice-best-path[5.5.891~1-37628]:main():lattice-best-path.cc:99) For utterance 1037_119_l, best cost 21.3685 + 2044.3 = 2065.67 over 222 frames.
LOG (lattice-best-path[5.5.891~1-37628]:main():lattice-best-path.cc:99) For utterance 1037_119_r, best cost 16.9963 + 2056.53 = 2073.52 over 222 frames.
LOG (lattice-best-path[5.5.891~1-37628]:main():lattice-best-path.cc:99) For utterance 1037_11_l, best cost 35.0641 + 2825.46 = 2860.53 over 298 frames.
LOG (lattice-best-path[5.5.891~1-37628]:main():lattice-best-path.cc:99) For utterance 1037_11_r, best cost 42.6877 + 2819.19 = 2861.87 over 298 frames.
LOG (lattice-best-path[5.5.891~1-37628]:main():lattice-best-path.cc:99) For utterance 1037_121_l, best cost 55.1783 + 7831.01 = 7886.19 over 794 frames.
LOG (lattice-best-path[5.5.891~1-37628]:main():lattice-best-path.cc:99) For utterance 1037_121_r, best cost 55.4732 + 7846.21 = 7901.68 over 794 frames.
LOG (lattice-best-path[5.5.891~1-37628]:main():lattice-best-path.cc:99) For utterance 1037_123_l, best cost 11.135 + 586.761 = 597.896 over 60 frames.
LOG (lattice-best-path[5.5.891~1-37628]:main():lattice-best-path.cc:99) For utterance 1037_123_r, best cost 11.1363 + 581.863 = 592.999 over 60 frames.
LOG (lattice-best-path[5.5.891~1-37628]:main():lattice-best-path.cc:99) For utterance 1037_125_l, best cost 18.8539 + 1496.95 = 1515.81 over 152 frames.
LOG (lattice-best-path[5.5.891~1-37628]:main():lattice-best-path.cc:99) For utterance 1037_125_r, best cost 27.6696 + 1490.04 = 1517.71 over 152 frames.
LOG (lattice-best-path[5.5.891~1-37628]:main():lattice-best-path.cc:99) For utterance 1037_127_l, best cost 51.3742 + 6840.71 = 6892.09 over 729 frames.
LOG (lattice-best-path[5.5.891~1-37628]:main():lattice-best-path.cc:99) For utterance 1037_127_r, best cost 59.1298 + 6851.56 = 6910.69 over 729 frames.
LOG (lattice-best-path[5.5.891~1-37628]:main():lattice-best-path.cc:99) For utterance 1037_129_l, best cost 52.8908 + 3827.58 = 3880.47 over 395 frames.
LOG (lattice-best-path[5.5.891~1-37628]:main():lattice-best-path.cc:99) For utterance 1037_129_r, best cost 75.1789 + 3797.5 = 3872.67 over 395 frames.
LOG (lattice-best-path[5.5.891~1-37628]:main():lattice-best-path.cc:99) For utterance 1037_131_l, best cost 38.4959 + 4029.33 = 4067.83 over 438 frames.
LOG (lattice-best-path[5.5.891~1-37628]:main():lattice-best-path.cc:99) For utterance 1037_131_r, best cost 39.3533 + 4029.37 = 4068.72 over 438 frames.
LOG (lattice-best-path[5.5.891~1-37628]:main():lattice-best-path.cc:99) For utterance 1037_133_l, best cost 74.2186 + 6322.11 = 6396.33 over 654 frames.
LOG (lattice-best-path[5.5.891~1-37628]:main():lattice-best-path.cc:99) For utterance 1037_133_r, best cost 72.4642 + 6378.04 = 6450.5 over 654 frames.
LOG (lattice-best-path[5.5.891~1-37628]:main():lattice-best-path.cc:99) For utterance 1037_135_l, best cost 30.2301 + 2467.96 = 2498.19 over 245 frames.
LOG (lattice-best-path[5.5.891~1-37628]:main():lattice-best-path.cc:99) For utterance 1037_135_r, best cost 30.2964 + 2458.36 = 2488.65 over 245 frames.
LOG (lattice-best-path[5.5.891~1-37628]:main():lattice-best-path.cc:99) For utterance 1037_137_l, best cost 64.987 + 4158.81 = 4223.8 over 430 frames.
LOG (lattice-best-path[5.5.891~1-37628]:main():lattice-best-path.cc:99) For utterance 1037_137_r, best cost 63.8761 + 4164.84 = 4228.71 over 430 frames.
LOG (lattice-best-path[5.5.891~1-37628]:main():lattice-best-path.cc:99) For utterance 1037_139_l, best cost 19.8776 + 570.949 = 590.826 over 57 frames.
LOG (lattice-best-path[5.5.891~1-37628]:main():lattice-best-path.cc:99) For utterance 1037_139_r, best cost 17.0172 + 568.542 = 585.559 over 57 frames.
LOG (lattice-best-path[5.5.891~1-37628]:main():lattice-best-path.cc:99) For utterance 1037_13_l, best cost 37.4133 + 2964.72 = 3002.13 over 318 frames.
LOG (lattice-best-path[5.5.891~1-37628]:main():lattice-best-path.cc:99) For utterance 1037_13_r, best cost 38.0565 + 2978.02 = 3016.08 over 318 frames.
LOG (lattice-best-path[5.5.891~1-37628]:main():lattice-best-path.cc:99) For utterance 1037_141_l, best cost 44.2167 + 4271.32 = 4315.53 over 444 frames.
LOG (lattice-best-path[5.5.891~1-37628]:main():lattice-best-path.cc:99) For utterance 1037_141_r, best cost 39.54 + 4259.28 = 4298.82 over 444 frames.
LOG (lattice-best-path[5.5.891~1-37628]:main():lattice-best-path.cc:99) For utterance 1037_143_l, best cost 20.1012 + 1147.38 = 1167.48 over 130 frames.
LOG (lattice-best-path[5.5.891~1-37628]:main():lattice-best-path.cc:99) For utterance 1037_143_r, best cost 20.076 + 1141.58 = 1161.65 over 130 frames.
LOG (lattice-best-path[5.5.891~1-37628]:main():lattice-best-path.cc:99) For utterance 1037_145_l, best cost 22.9697 + 1154.66 = 1177.63 over 128 frames.
LOG (lattice-best-path[5.5.891~1-37628]:main():lattice-best-path.cc:99) For utterance 1037_145_r, best cost 10.5505 + 1155.09 = 1165.64 over 128 frames.
LOG (lattice-best-path[5.5.891~1-37628]:main():lattice-best-path.cc:99) For utterance 1037_147_l, best cost 39.193 + 3038.99 = 3078.19 over 321 frames.
LOG (lattice-best-path[5.5.891~1-37628]:main():lattice-best-path.cc:99) For utterance 1037_147_r, best cost 36.45 + 3040.51 = 3076.96 over 321 frames.
LOG (lattice-best-path[5.5.891~1-37628]:main():lattice-best-path.cc:99) For utterance 1037_149_l, best cost 12.5796 + 644.668 = 657.247 over 66 frames.
LOG (lattice-best-path[5.5.891~1-37628]:main():lattice-best-path.cc:99) For utterance 1037_149_r, best cost 12.5761 + 645.829 = 658.405 over 66 frames.
LOG (lattice-best-path[5.5.891~1-37628]:main():lattice-best-path.cc:99) For utterance 1037_151_l, best cost 22.7615 + 1980.05 = 2002.81 over 208 frames.
LOG (lattice-best-path[5.5.891~1-37628]:main():lattice-best-path.cc:99) For utterance 1037_151_r, best cost 25.1127 + 1977.33 = 2002.44 over 208 frames.
LOG (lattice-best-path[5.5.891~1-37628]:main():lattice-best-path.cc:99) For utterance 1037_153_l, best cost 59.9996 + 5050.17 = 5110.17 over 556 frames.
LOG (lattice-best-path[5.5.891~1-37628]:main():lattice-best-path.cc:99) For utterance 1037_153_r, best cost 59.1121 + 5090.79 = 5149.91 over 556 frames.
LOG (lattice-best-path[5.5.891~1-37628]:main():lattice-best-path.cc:99) For utterance 1037_155_l, best cost 33.896 + 2631.37 = 2665.27 over 278 frames.
LOG (lattice-best-path[5.5.891~1-37628]:main():lattice-best-path.cc:99) For utterance 1037_155_r, best cost 36.4663 + 2627.84 = 2664.31 over 278 frames.
LOG (lattice-best-path[5.5.891~1-37628]:main():lattice-best-path.cc:99) For utterance 1037_157_l, best cost 33.4695 + 2104.66 = 2138.13 over 217 frames.
LOG (lattice-best-path[5.5.891~1-37628]:main():lattice-best-path.cc:99) For utterance 1037_157_r, best cost 33.2988 + 2132.89 = 2166.19 over 217 frames.
LOG (lattice-best-path[5.5.891~1-37628]:main():lattice-best-path.cc:99) For utterance 1037_159_l, best cost 14.5101 + 791.721 = 806.231 over 80 frames.
LOG (lattice-best-path[5.5.891~1-37628]:main():lattice-best-path.cc:99) For utterance 1037_159_r, best cost 17.1038 + 781.082 = 798.186 over 80 frames.
LOG (lattice-best-path[5.5.891~1-37628]:main():lattice-best-path.cc:99) For utterance 1037_15_l, best cost 17.523 + 1476.75 = 1494.27 over 158 frames.
LOG (lattice-best-path[5.5.891~1-37628]:main():lattice-best-path.cc:99) For utterance 1037_15_r, best cost 24.8499 + 1476.04 = 1500.89 over 158 frames.
LOG (lattice-best-path[5.5.891~1-37628]:main():lattice-best-path.cc:99) For utterance 1037_161_l, best cost 8.5594 + 567.65 = 576.21 over 67 frames.
LOG (lattice-best-path[5.5.891~1-37628]:main():lattice-best-path.cc:99) For utterance 1037_161_r, best cost 8.54982 + 576.336 = 584.886 over 67 frames.
LOG (lattice-best-path[5.5.891~1-37628]:main():lattice-best-path.cc:99) For utterance 1037_163_l, best cost 24.5776 + 2292.31 = 2316.89 over 246 frames.
LOG (lattice-best-path[5.5.891~1-37628]:main():lattice-best-path.cc:99) For utterance 1037_163_r, best cost 17.9934 + 2318.43 = 2336.43 over 246 frames.
LOG (lattice-best-path[5.5.891~1-37628]:main():lattice-best-path.cc:99) For utterance 1037_17_l, best cost 37.6887 + 1849.11 = 1886.8 over 200 frames.
LOG (lattice-best-path[5.5.891~1-37628]:main():lattice-best-path.cc:99) For utterance 1037_17_r, best cost 44.3333 + 1816.57 = 1860.9 over 200 frames.
LOG (lattice-best-path[5.5.891~1-37628]:main():lattice-best-path.cc:99) For utterance 1037_19_l, best cost 95.5889 + 5760.97 = 5856.56 over 612 frames.
LOG (lattice-best-path[5.5.891~1-37628]:main():lattice-best-path.cc:99) For utterance 1037_19_r, best cost 99.6441 + 5792.33 = 5891.98 over 612 frames.
LOG (lattice-best-path[5.5.891~1-37628]:main():lattice-best-path.cc:99) For utterance 1037_1_l, best cost 25.6672 + 2346.73 = 2372.39 over 260 frames.
LOG (lattice-best-path[5.5.891~1-37628]:main():lattice-best-path.cc:99) For utterance 1037_1_r, best cost 31.1383 + 2352.42 = 2383.56 over 260 frames.
LOG (lattice-best-path[5.5.891~1-37628]:main():lattice-best-path.cc:99) For utterance 1037_21_l, best cost 14.7558 + 388.914 = 403.67 over 40 frames.
LOG (lattice-best-path[5.5.891~1-37628]:main():lattice-best-path.cc:99) For utterance 1037_21_r, best cost 17.9525 + 377.614 = 395.567 over 40 frames.
LOG (lattice-best-path[5.5.891~1-37628]:main():lattice-best-path.cc:99) For utterance 1037_23_l, best cost 30.226 + 1917.5 = 1947.73 over 210 frames.
LOG (lattice-best-path[5.5.891~1-37628]:main():lattice-best-path.cc:99) For utterance 1037_23_r, best cost 29.2165 + 1926.78 = 1955.99 over 210 frames.
LOG (lattice-best-path[5.5.891~1-37628]:main():lattice-best-path.cc:99) For utterance 1037_24_l, best cost 50.8916 + 4423.65 = 4474.54 over 456 frames.
LOG (lattice-best-path[5.5.891~1-37628]:main():lattice-best-path.cc:99) For utterance 1037_24_r, best cost 42.2344 + 4414.91 = 4457.15 over 456 frames.
LOG (lattice-best-path[5.5.891~1-37628]:main():lattice-best-path.cc:99) For utterance 1037_26_l, best cost 49.9266 + 3194.49 = 3244.42 over 337 frames.
LOG (lattice-best-path[5.5.891~1-37628]:main():lattice-best-path.cc:99) For utterance 1037_26_r, best cost 49.692 + 3184.88 = 3234.58 over 337 frames.
LOG (lattice-best-path[5.5.891~1-37628]:main():lattice-best-path.cc:99) For utterance 1037_28_l, best cost 6.33242 + 615.388 = 621.721 over 74 frames.
LOG (lattice-best-path[5.5.891~1-37628]:main():lattice-best-path.cc:99) For utterance 1037_28_r, best cost 6.33242 + 634.049 = 640.381 over 74 frames.
LOG (lattice-best-path[5.5.891~1-37628]:main():lattice-best-path.cc:99) For utterance 1037_30_l, best cost 8.47804 + 482.156 = 490.634 over 48 frames.
LOG (lattice-best-path[5.5.891~1-37628]:main():lattice-best-path.cc:99) For utterance 1037_30_r, best cost 8.4819 + 477.871 = 486.353 over 48 frames.
LOG (lattice-best-path[5.5.891~1-37628]:main():lattice-best-path.cc:99) For utterance 1037_32_l, best cost 78.2587 + 6590.83 = 6669.09 over 674 frames.
LOG (lattice-best-path[5.5.891~1-37628]:main():lattice-best-path.cc:99) For utterance 1037_32_r, best cost 68.7489 + 6619.17 = 6687.92 over 674 frames.
LOG (lattice-best-path[5.5.891~1-37628]:main():lattice-best-path.cc:99) For utterance 1037_34_l, best cost 16.8498 + 1203.65 = 1220.5 over 124 frames.
LOG (lattice-best-path[5.5.891~1-37628]:main():lattice-best-path.cc:99) For utterance 1037_34_r, best cost 16.8241 + 1208.58 = 1225.41 over 124 frames.
LOG (lattice-best-path[5.5.891~1-37628]:main():lattice-best-path.cc:99) For utterance 1037_36_l, best cost 9.15095 + 503.409 = 512.56 over 51 frames.
LOG (lattice-best-path[5.5.891~1-37628]:main():lattice-best-path.cc:99) For utterance 1037_36_r, best cost 9.15947 + 501.897 = 511.056 over 51 frames.
LOG (lattice-best-path[5.5.891~1-37628]:main():lattice-best-path.cc:99) For utterance 1037_38_l, best cost 15.2497 + 1293.95 = 1309.2 over 142 frames.
LOG (lattice-best-path[5.5.891~1-37628]:main():lattice-best-path.cc:99) For utterance 1037_38_r, best cost 15.2724 + 1279.32 = 1294.59 over 142 frames.
LOG (lattice-best-path[5.5.891~1-37628]:main():lattice-best-path.cc:99) For utterance 1037_3_l, best cost 6.41754 + 735.498 = 741.915 over 84 frames.
LOG (lattice-best-path[5.5.891~1-37628]:main():lattice-best-path.cc:99) For utterance 1037_3_r, best cost 6.41754 + 732.623 = 739.041 over 84 frames.
LOG (lattice-best-path[5.5.891~1-37628]:main():lattice-best-path.cc:99) For utterance 1037_40_l, best cost 63.3785 + 6332.06 = 6395.44 over 650 frames.
LOG (lattice-best-path[5.5.891~1-37628]:main():lattice-best-path.cc:99) For utterance 1037_40_r, best cost 70.8545 + 6318.95 = 6389.8 over 650 frames.
LOG (lattice-best-path[5.5.891~1-37628]:main():lattice-best-path.cc:99) For utterance 1037_42_l, best cost 32.7046 + 2491.9 = 2524.6 over 262 frames.
LOG (lattice-best-path[5.5.891~1-37628]:main():lattice-best-path.cc:99) For utterance 1037_42_r, best cost 32.6937 + 2507.61 = 2540.3 over 262 frames.
LOG (lattice-best-path[5.5.891~1-37628]:main():lattice-best-path.cc:99) For utterance 1037_44_l, best cost 12.2029 + 783.6 = 795.803 over 76 frames.
LOG (lattice-best-path[5.5.891~1-37628]:main():lattice-best-path.cc:99) For utterance 1037_44_r, best cost 12.2099 + 785.836 = 798.046 over 76 frames.
LOG (lattice-best-path[5.5.891~1-37628]:main():lattice-best-path.cc:99) For utterance 1037_46_l, best cost 21.446 + 1971.68 = 1993.12 over 204 frames.
LOG (lattice-best-path[5.5.891~1-37628]:main():lattice-best-path.cc:99) For utterance 1037_46_r, best cost 24.7839 + 1966.54 = 1991.32 over 204 frames.
LOG (lattice-best-path[5.5.891~1-37628]:main():lattice-best-path.cc:99) For utterance 1037_48_l, best cost 14.1376 + 1369.03 = 1383.17 over 132 frames.
LOG (lattice-best-path[5.5.891~1-37628]:main():lattice-best-path.cc:99) For utterance 1037_48_r, best cost 16.9367 + 1373.93 = 1390.86 over 132 frames.
LOG (lattice-best-path[5.5.891~1-37628]:main():lattice-best-path.cc:99) For utterance 1037_50_l, best cost 12.7241 + 1622.83 = 1635.55 over 170 frames.
LOG (lattice-best-path[5.5.891~1-37628]:main():lattice-best-path.cc:99) For utterance 1037_50_r, best cost 15.2973 + 1630.2 = 1645.49 over 170 frames.
LOG (lattice-best-path[5.5.891~1-37628]:main():lattice-best-path.cc:99) For utterance 1037_52_l, best cost 39.6679 + 3249.95 = 3289.61 over 332 frames.
LOG (lattice-best-path[5.5.891~1-37628]:main():lattice-best-path.cc:99) For utterance 1037_52_r, best cost 39.4155 + 3249.12 = 3288.53 over 332 frames.
LOG (lattice-best-path[5.5.891~1-37628]:main():lattice-best-path.cc:99) For utterance 1037_54_l, best cost 88.9129 + 6725.11 = 6814.02 over 701 frames.
LOG (lattice-best-path[5.5.891~1-37628]:main():lattice-best-path.cc:99) For utterance 1037_54_r, best cost 82.9791 + 6742.2 = 6825.18 over 701 frames.
LOG (lattice-best-path[5.5.891~1-37628]:main():lattice-best-path.cc:99) For utterance 1037_56_l, best cost 25.235 + 2237.29 = 2262.52 over 233 frames.
LOG (lattice-best-path[5.5.891~1-37628]:main():lattice-best-path.cc:99) For utterance 1037_56_r, best cost 25.0691 + 2235.22 = 2260.29 over 233 frames.
LOG (lattice-best-path[5.5.891~1-37628]:main():lattice-best-path.cc:99) For utterance 1037_58_l, best cost 31.0578 + 1725.21 = 1756.27 over 176 frames.
LOG (lattice-best-path[5.5.891~1-37628]:main():lattice-best-path.cc:99) For utterance 1037_58_r, best cost 18.8069 + 1746.49 = 1765.3 over 176 frames.
LOG (lattice-best-path[5.5.891~1-37628]:main():lattice-best-path.cc:99) For utterance 1037_5_l, best cost 37.5363 + 4154.93 = 4192.46 over 444 frames.
LOG (lattice-best-path[5.5.891~1-37628]:main():lattice-best-path.cc:99) For utterance 1037_5_r, best cost 43.5488 + 4149.42 = 4192.96 over 444 frames.
LOG (lattice-best-path[5.5.891~1-37628]:main():lattice-best-path.cc:99) For utterance 1037_60_l, best cost 38.0193 + 1727.2 = 1765.22 over 177 frames.
LOG (lattice-best-path[5.5.891~1-37628]:main():lattice-best-path.cc:99) For utterance 1037_60_r, best cost 37.2366 + 1728.34 = 1765.57 over 177 frames.
LOG (lattice-best-path[5.5.891~1-37628]:main():lattice-best-path.cc:99) For utterance 1037_62_l, best cost 30.392 + 2307.8 = 2338.2 over 236 frames.
LOG (lattice-best-path[5.5.891~1-37628]:main():lattice-best-path.cc:99) For utterance 1037_62_r, best cost 30.3655 + 2320.26 = 2350.62 over 236 frames.
LOG (lattice-best-path[5.5.891~1-37628]:main():lattice-best-path.cc:99) For utterance 1037_64_l, best cost 119.255 + 4823.22 = 4942.47 over 491 frames.
LOG (lattice-best-path[5.5.891~1-37628]:main():lattice-best-path.cc:99) For utterance 1037_64_r, best cost 109.548 + 4799.1 = 4908.64 over 491 frames.
LOG (lattice-best-path[5.5.891~1-37628]:main():lattice-best-path.cc:99) For utterance 1037_66_l, best cost 10.2411 + 467.153 = 477.395 over 49 frames.
LOG (lattice-best-path[5.5.891~1-37628]:main():lattice-best-path.cc:99) For utterance 1037_66_r, best cost 14.6143 + 451.212 = 465.826 over 49 frames.
LOG (lattice-best-path[5.5.891~1-37628]:main():lattice-best-path.cc:99) For utterance 1037_68_l, best cost 57.1229 + 2722.11 = 2779.24 over 285 frames.
LOG (lattice-best-path[5.5.891~1-37628]:main():lattice-best-path.cc:99) For utterance 1037_68_r, best cost 57.5842 + 2709.16 = 2766.74 over 285 frames.
LOG (lattice-best-path[5.5.891~1-37628]:main():lattice-best-path.cc:99) For utterance 1037_70_l, best cost 122.914 + 9922.09 = 10045 over 1062 frames.
LOG (lattice-best-path[5.5.891~1-37628]:main():lattice-best-path.cc:99) For utterance 1037_70_r, best cost 128.808 + 9924.01 = 10052.8 over 1062 frames.
LOG (lattice-best-path[5.5.891~1-37628]:main():lattice-best-path.cc:99) For utterance 1037_71_l, best cost 23.3774 + 2088.34 = 2111.71 over 238 frames.
LOG (lattice-best-path[5.5.891~1-37628]:main():lattice-best-path.cc:99) For utterance 1037_71_r, best cost 32.0424 + 2066.87 = 2098.92 over 238 frames.
LOG (lattice-best-path[5.5.891~1-37628]:main():lattice-best-path.cc:99) For utterance 1037_72_l, best cost 40.6203 + 3354.26 = 3394.88 over 352 frames.
LOG (lattice-best-path[5.5.891~1-37628]:main():lattice-best-path.cc:99) For utterance 1037_72_r, best cost 24.3084 + 3422.86 = 3447.17 over 352 frames.
LOG (lattice-best-path[5.5.891~1-37628]:main():lattice-best-path.cc:99) For utterance 1037_74_l, best cost 34.0574 + 3119.93 = 3153.99 over 329 frames.
LOG (lattice-best-path[5.5.891~1-37628]:main():lattice-best-path.cc:99) For utterance 1037_74_r, best cost 35.2349 + 3121.93 = 3157.17 over 329 frames.
LOG (lattice-best-path[5.5.891~1-37628]:main():lattice-best-path.cc:99) For utterance 1037_76_l, best cost 105.582 + 6518.88 = 6624.46 over 681 frames.
LOG (lattice-best-path[5.5.891~1-37628]:main():lattice-best-path.cc:99) For utterance 1037_76_r, best cost 90.4749 + 6544.75 = 6635.23 over 681 frames.
LOG (lattice-best-path[5.5.891~1-37628]:main():lattice-best-path.cc:99) For utterance 1037_78_l, best cost 19.4415 + 3508.55 = 3527.99 over 345 frames.
LOG (lattice-best-path[5.5.891~1-37628]:main():lattice-best-path.cc:99) For utterance 1037_78_r, best cost 25.3763 + 3523.28 = 3548.65 over 345 frames.
LOG (lattice-best-path[5.5.891~1-37628]:main():lattice-best-path.cc:99) For utterance 1037_7_l, best cost 50.6991 + 4332.12 = 4382.81 over 462 frames.
LOG (lattice-best-path[5.5.891~1-37628]:main():lattice-best-path.cc:99) For utterance 1037_7_r, best cost 48.5705 + 4337.47 = 4386.04 over 462 frames.
LOG (lattice-best-path[5.5.891~1-37628]:main():lattice-best-path.cc:99) For utterance 1037_80_l, best cost 23.3037 + 1525.75 = 1549.06 over 158 frames.
LOG (lattice-best-path[5.5.891~1-37628]:main():lattice-best-path.cc:99) For utterance 1037_80_r, best cost 26.6456 + 1519.13 = 1545.78 over 158 frames.
LOG (lattice-best-path[5.5.891~1-37628]:main():lattice-best-path.cc:99) For utterance 1037_82_l, best cost 110.089 + 6861.47 = 6971.56 over 725 frames.
LOG (lattice-best-path[5.5.891~1-37628]:main():lattice-best-path.cc:99) For utterance 1037_82_r, best cost 127.031 + 6825.7 = 6952.73 over 725 frames.
LOG (lattice-best-path[5.5.891~1-37628]:main():lattice-best-path.cc:99) For utterance 1037_84_l, best cost 24.9237 + 2173.22 = 2198.14 over 221 frames.
LOG (lattice-best-path[5.5.891~1-37628]:main():lattice-best-path.cc:99) For utterance 1037_84_r, best cost 17.076 + 2184.74 = 2201.81 over 221 frames.
LOG (lattice-best-path[5.5.891~1-37628]:main():lattice-best-path.cc:99) For utterance 1037_86_l, best cost 40.8883 + 2766.38 = 2807.27 over 286 frames.
LOG (lattice-best-path[5.5.891~1-37628]:main():lattice-best-path.cc:99) For utterance 1037_86_r, best cost 30.2759 + 2777.38 = 2807.66 over 286 frames.
LOG (lattice-best-path[5.5.891~1-37628]:main():lattice-best-path.cc:99) For utterance 1037_88_l, best cost 67.409 + 4933.59 = 5001 over 487 frames.
LOG (lattice-best-path[5.5.891~1-37628]:main():lattice-best-path.cc:99) For utterance 1037_88_r, best cost 57.5183 + 4954.4 = 5011.92 over 487 frames.
LOG (lattice-best-path[5.5.891~1-37628]:main():lattice-best-path.cc:99) For utterance 1037_90_l, best cost 24.1723 + 2280.57 = 2304.74 over 243 frames.
LOG (lattice-best-path[5.5.891~1-37628]:main():lattice-best-path.cc:99) For utterance 1037_90_r, best cost 19.6577 + 2293.87 = 2313.52 over 243 frames.
LOG (lattice-best-path[5.5.891~1-37628]:main():lattice-best-path.cc:99) For utterance 1037_92_l, best cost 34.8299 + 1782.21 = 1817.04 over 187 frames.
LOG (lattice-best-path[5.5.891~1-37628]:main():lattice-best-path.cc:99) For utterance 1037_92_r, best cost 33.8768 + 1792.27 = 1826.15 over 187 frames.
LOG (lattice-best-path[5.5.891~1-37628]:main():lattice-best-path.cc:99) For utterance 1037_94_l, best cost 33.8265 + 3102.72 = 3136.54 over 348 frames.
LOG (lattice-best-path[5.5.891~1-37628]:main():lattice-best-path.cc:99) For utterance 1037_94_r, best cost 33.4911 + 3110.14 = 3143.63 over 348 frames.
LOG (lattice-best-path[5.5.891~1-37628]:main():lattice-best-path.cc:99) For utterance 1037_96_l, best cost 6.10246 + 477.545 = 483.648 over 58 frames.
LOG (lattice-best-path[5.5.891~1-37628]:main():lattice-best-path.cc:99) For utterance 1037_96_r, best cost 6.09747 + 487.853 = 493.95 over 58 frames.
LOG (lattice-best-path[5.5.891~1-37628]:main():lattice-best-path.cc:99) For utterance 1037_98_l, best cost 24.5237 + 3592.75 = 3617.27 over 377 frames.
LOG (lattice-best-path[5.5.891~1-37628]:main():lattice-best-path.cc:99) For utterance 1037_98_r, best cost 23.8965 + 3606.72 = 3630.61 over 377 frames.
LOG (lattice-best-path[5.5.891~1-37628]:main():lattice-best-path.cc:99) For utterance 1037_99_l, best cost 110.246 + 11742.6 = 11852.8 over 1229 frames.
LOG (lattice-depth-per-frame[5.5.891~1-37628]:main():lattice-depth-per-frame.cc:82) Done 168 lattices.
LOG (lattice-best-path[5.5.891~1-37628]:main():lattice-best-path.cc:99) For utterance 1037_99_r, best cost 93.538 + 11776.4 = 11870 over 1229 frames.
LOG (lattice-best-path[5.5.891~1-37628]:main():lattice-best-path.cc:99) For utterance 1037_9_l, best cost 5.98122 + 414.407 = 420.388 over 49 frames.
LOG (lattice-best-path[5.5.891~1-37628]:main():lattice-best-path.cc:99) For utterance 1037_9_r, best cost 5.98495 + 412.096 = 418.081 over 49 frames.
LOG (lattice-best-path[5.5.891~1-37628]:main():lattice-best-path.cc:124) Overall cost per frame is 9.66672 = 0.119863 [graph] + 9.54686 [acoustic] over 51642 frames.
LOG (lattice-best-path[5.5.891~1-37628]:main():lattice-best-path.cc:128) Done 168 lattices, failed for 0
# Accounting: time=1 threads=1
# Ended (code 0) at Fri Mar 12 14:03:29 CET 2021, elapsed time 1 seconds
