# lattice-depth-per-frame "ark:gunzip -c exp/tri1/decode/lat.2.gz|" "ark,t:|gzip -c > exp/tri1/decode/depth_tmp.2.gz" ark:- | lattice-best-path --acoustic-scale=0.1 ark:- ark:/dev/null "ark,t:|gzip -c >exp/tri1/decode/ali_tmp.2.gz" 
# Started at Fri Mar 12 14:03:28 CET 2021
#
lattice-depth-per-frame 'ark:gunzip -c exp/tri1/decode/lat.2.gz|' 'ark,t:|gzip -c > exp/tri1/decode/depth_tmp.2.gz' ark:- 
lattice-best-path --acoustic-scale=0.1 ark:- ark:/dev/null 'ark,t:|gzip -c >exp/tri1/decode/ali_tmp.2.gz' 
LOG (lattice-best-path[5.5.891~1-37628]:main():lattice-best-path.cc:99) For utterance 1041_0_l, best cost 50.258 + 5905.86 = 5956.12 over 654 frames.
LOG (lattice-best-path[5.5.891~1-37628]:main():lattice-best-path.cc:99) For utterance 1041_0_r, best cost 25.9259 + 5988.22 = 6014.15 over 654 frames.
LOG (lattice-best-path[5.5.891~1-37628]:main():lattice-best-path.cc:99) For utterance 1041_100_l, best cost 11.282 + 865.42 = 876.702 over 87 frames.
LOG (lattice-best-path[5.5.891~1-37628]:main():lattice-best-path.cc:99) For utterance 1041_100_r, best cost 11.2486 + 864.282 = 875.531 over 87 frames.
LOG (lattice-best-path[5.5.891~1-37628]:main():lattice-best-path.cc:99) For utterance 1041_102_l, best cost 9.3626 + 267.261 = 276.624 over 29 frames.
LOG (lattice-best-path[5.5.891~1-37628]:main():lattice-best-path.cc:99) For utterance 1041_102_r, best cost 9.35038 + 263.205 = 272.556 over 29 frames.
LOG (lattice-best-path[5.5.891~1-37628]:main():lattice-best-path.cc:99) For utterance 1041_104_l, best cost 25.3159 + 3568.77 = 3594.09 over 405 frames.
LOG (lattice-best-path[5.5.891~1-37628]:main():lattice-best-path.cc:99) For utterance 1041_104_r, best cost 25.2896 + 3601.83 = 3627.12 over 405 frames.
LOG (lattice-best-path[5.5.891~1-37628]:main():lattice-best-path.cc:99) For utterance 1041_106_l, best cost 13.2201 + 1426.77 = 1439.99 over 142 frames.
LOG (lattice-best-path[5.5.891~1-37628]:main():lattice-best-path.cc:99) For utterance 1041_106_r, best cost 13.2179 + 1432.39 = 1445.61 over 142 frames.
LOG (lattice-best-path[5.5.891~1-37628]:main():lattice-best-path.cc:99) For utterance 1041_108_l, best cost 27.1321 + 3642.75 = 3669.89 over 382 frames.
LOG (lattice-best-path[5.5.891~1-37628]:main():lattice-best-path.cc:99) For utterance 1041_108_r, best cost 28.4725 + 3698.48 = 3726.96 over 382 frames.
LOG (lattice-best-path[5.5.891~1-37628]:main():lattice-best-path.cc:99) For utterance 1041_10_l, best cost 11.7299 + 1596.17 = 1607.9 over 181 frames.
LOG (lattice-best-path[5.5.891~1-37628]:main():lattice-best-path.cc:99) For utterance 1041_10_r, best cost 14.287 + 1625.64 = 1639.93 over 181 frames.
LOG (lattice-best-path[5.5.891~1-37628]:main():lattice-best-path.cc:99) For utterance 1041_110_l, best cost 12.6253 + 848.5 = 861.125 over 98 frames.
LOG (lattice-best-path[5.5.891~1-37628]:main():lattice-best-path.cc:99) For utterance 1041_110_r, best cost 12.6526 + 851.579 = 864.232 over 98 frames.
LOG (lattice-best-path[5.5.891~1-37628]:main():lattice-best-path.cc:99) For utterance 1041_112_l, best cost 34.0476 + 2302.18 = 2336.23 over 267 frames.
LOG (lattice-best-path[5.5.891~1-37628]:main():lattice-best-path.cc:99) For utterance 1041_112_r, best cost 17.3138 + 2344.57 = 2361.89 over 267 frames.
LOG (lattice-best-path[5.5.891~1-37628]:main():lattice-best-path.cc:99) For utterance 1041_113_l, best cost 24.2212 + 3341.89 = 3366.11 over 373 frames.
LOG (lattice-best-path[5.5.891~1-37628]:main():lattice-best-path.cc:99) For utterance 1041_113_r, best cost 33.7453 + 3364.85 = 3398.6 over 373 frames.
LOG (lattice-best-path[5.5.891~1-37628]:main():lattice-best-path.cc:99) For utterance 1041_115_l, best cost 12.374 + 934.139 = 946.513 over 98 frames.
LOG (lattice-best-path[5.5.891~1-37628]:main():lattice-best-path.cc:99) For utterance 1041_115_r, best cost 12.3605 + 931.62 = 943.98 over 98 frames.
LOG (lattice-best-path[5.5.891~1-37628]:main():lattice-best-path.cc:99) For utterance 1041_117_l, best cost 42.8871 + 5231.34 = 5274.23 over 556 frames.
LOG (lattice-best-path[5.5.891~1-37628]:main():lattice-best-path.cc:99) For utterance 1041_117_r, best cost 37.9219 + 5282.11 = 5320.03 over 556 frames.
LOG (lattice-best-path[5.5.891~1-37628]:main():lattice-best-path.cc:99) For utterance 1041_119_l, best cost 31.6276 + 1769.98 = 1801.61 over 200 frames.
LOG (lattice-best-path[5.5.891~1-37628]:main():lattice-best-path.cc:99) For utterance 1041_119_r, best cost 28.7167 + 1783.74 = 1812.46 over 200 frames.
LOG (lattice-best-path[5.5.891~1-37628]:main():lattice-best-path.cc:99) For utterance 1041_121_l, best cost 9.59483 + 604.676 = 614.27 over 65 frames.
LOG (lattice-best-path[5.5.891~1-37628]:main():lattice-best-path.cc:99) For utterance 1041_121_r, best cost 9.5826 + 606.49 = 616.073 over 65 frames.
LOG (lattice-best-path[5.5.891~1-37628]:main():lattice-best-path.cc:99) For utterance 1041_123_l, best cost 10.4186 + 969.161 = 979.58 over 97 frames.
LOG (lattice-best-path[5.5.891~1-37628]:main():lattice-best-path.cc:99) For utterance 1041_123_r, best cost 21.17 + 954.262 = 975.432 over 97 frames.
LOG (lattice-best-path[5.5.891~1-37628]:main():lattice-best-path.cc:99) For utterance 1041_125_l, best cost 8.52067 + 512.293 = 520.814 over 60 frames.
LOG (lattice-best-path[5.5.891~1-37628]:main():lattice-best-path.cc:99) For utterance 1041_125_r, best cost 8.52067 + 509.044 = 517.564 over 60 frames.
LOG (lattice-best-path[5.5.891~1-37628]:main():lattice-best-path.cc:99) For utterance 1041_127_l, best cost 11.0956 + 565.291 = 576.387 over 53 frames.
LOG (lattice-best-path[5.5.891~1-37628]:main():lattice-best-path.cc:99) For utterance 1041_127_r, best cost 8.4928 + 574.622 = 583.115 over 53 frames.
LOG (lattice-best-path[5.5.891~1-37628]:main():lattice-best-path.cc:99) For utterance 1041_129_l, best cost 11.5021 + 970.371 = 981.873 over 95 frames.
LOG (lattice-best-path[5.5.891~1-37628]:main():lattice-best-path.cc:99) For utterance 1041_129_r, best cost 11.3309 + 988.782 = 1000.11 over 95 frames.
LOG (lattice-best-path[5.5.891~1-37628]:main():lattice-best-path.cc:99) For utterance 1041_12_l, best cost 32.7271 + 1286.05 = 1318.78 over 144 frames.
LOG (lattice-best-path[5.5.891~1-37628]:main():lattice-best-path.cc:99) For utterance 1041_12_r, best cost 18.3016 + 1289.8 = 1308.1 over 144 frames.
LOG (lattice-best-path[5.5.891~1-37628]:main():lattice-best-path.cc:99) For utterance 1041_131_l, best cost 26.1102 + 2597.45 = 2623.56 over 274 frames.
LOG (lattice-best-path[5.5.891~1-37628]:main():lattice-best-path.cc:99) For utterance 1041_131_r, best cost 26.1913 + 2627.7 = 2653.89 over 274 frames.
LOG (lattice-best-path[5.5.891~1-37628]:main():lattice-best-path.cc:99) For utterance 1041_133_l, best cost 25.5426 + 2928.27 = 2953.81 over 312 frames.
LOG (lattice-best-path[5.5.891~1-37628]:main():lattice-best-path.cc:99) For utterance 1041_133_r, best cost 24.5874 + 2962.06 = 2986.65 over 312 frames.
LOG (lattice-best-path[5.5.891~1-37628]:main():lattice-best-path.cc:99) For utterance 1041_135_l, best cost 27.7185 + 1236.82 = 1264.54 over 146 frames.
LOG (lattice-best-path[5.5.891~1-37628]:main():lattice-best-path.cc:99) For utterance 1041_135_r, best cost 13.1993 + 1256.58 = 1269.78 over 146 frames.
LOG (lattice-best-path[5.5.891~1-37628]:main():lattice-best-path.cc:99) For utterance 1041_137_l, best cost 22.8879 + 3078.67 = 3101.56 over 337 frames.
LOG (lattice-best-path[5.5.891~1-37628]:main():lattice-best-path.cc:99) For utterance 1041_137_r, best cost 22.9257 + 3100.34 = 3123.27 over 337 frames.
LOG (lattice-best-path[5.5.891~1-37628]:main():lattice-best-path.cc:99) For utterance 1041_139_l, best cost 19.8953 + 1419.38 = 1439.27 over 147 frames.
LOG (lattice-best-path[5.5.891~1-37628]:main():lattice-best-path.cc:99) For utterance 1041_139_r, best cost 19.8586 + 1447.98 = 1467.84 over 147 frames.
LOG (lattice-best-path[5.5.891~1-37628]:main():lattice-best-path.cc:99) For utterance 1041_141_l, best cost 8.59444 + 469.957 = 478.551 over 49 frames.
LOG (lattice-best-path[5.5.891~1-37628]:main():lattice-best-path.cc:99) For utterance 1041_141_r, best cost 8.57479 + 467.382 = 475.957 over 49 frames.
LOG (lattice-best-path[5.5.891~1-37628]:main():lattice-best-path.cc:99) For utterance 1041_143_l, best cost 11.294 + 1054.34 = 1065.64 over 98 frames.
LOG (lattice-best-path[5.5.891~1-37628]:main():lattice-best-path.cc:99) For utterance 1041_143_r, best cost 13.878 + 1065.81 = 1079.69 over 98 frames.
LOG (lattice-best-path[5.5.891~1-37628]:main():lattice-best-path.cc:99) For utterance 1041_145_l, best cost 48.2847 + 4791.37 = 4839.65 over 515 frames.
LOG (lattice-best-path[5.5.891~1-37628]:main():lattice-best-path.cc:99) For utterance 1041_145_r, best cost 47.1624 + 4830.56 = 4877.72 over 515 frames.
LOG (lattice-best-path[5.5.891~1-37628]:main():lattice-best-path.cc:99) For utterance 1041_147_l, best cost 17.1659 + 904.246 = 921.412 over 96 frames.
LOG (lattice-best-path[5.5.891~1-37628]:main():lattice-best-path.cc:99) For utterance 1041_147_r, best cost 17.1672 + 921.749 = 938.917 over 96 frames.
LOG (lattice-best-path[5.5.891~1-37628]:main():lattice-best-path.cc:99) For utterance 1041_149_l, best cost 41.3206 + 4862.33 = 4903.66 over 558 frames.
LOG (lattice-best-path[5.5.891~1-37628]:main():lattice-best-path.cc:99) For utterance 1041_149_r, best cost 38.0738 + 4887.92 = 4926 over 558 frames.
LOG (lattice-best-path[5.5.891~1-37628]:main():lattice-best-path.cc:99) For utterance 1041_14_l, best cost 32.4401 + 3386.83 = 3419.27 over 371 frames.
LOG (lattice-best-path[5.5.891~1-37628]:main():lattice-best-path.cc:99) For utterance 1041_14_r, best cost 37.7914 + 3429.78 = 3467.58 over 371 frames.
LOG (lattice-best-path[5.5.891~1-37628]:main():lattice-best-path.cc:99) For utterance 1041_151_l, best cost 27.9132 + 1597.7 = 1625.61 over 172 frames.
LOG (lattice-best-path[5.5.891~1-37628]:main():lattice-best-path.cc:99) For utterance 1041_151_r, best cost 31.2995 + 1598.85 = 1630.15 over 172 frames.
LOG (lattice-best-path[5.5.891~1-37628]:main():lattice-best-path.cc:99) For utterance 1041_153_l, best cost 60.2859 + 4945.39 = 5005.67 over 535 frames.
LOG (lattice-best-path[5.5.891~1-37628]:main():lattice-best-path.cc:99) For utterance 1041_153_r, best cost 45.8238 + 4957.8 = 5003.62 over 535 frames.
LOG (lattice-best-path[5.5.891~1-37628]:main():lattice-best-path.cc:99) For utterance 1041_155_l, best cost 39.6355 + 5041.54 = 5081.17 over 557 frames.
LOG (lattice-best-path[5.5.891~1-37628]:main():lattice-best-path.cc:99) For utterance 1041_155_r, best cost 35.0562 + 5100.17 = 5135.23 over 557 frames.
LOG (lattice-best-path[5.5.891~1-37628]:main():lattice-best-path.cc:99) For utterance 1041_157_l, best cost 30.6251 + 2698.67 = 2729.29 over 287 frames.
LOG (lattice-best-path[5.5.891~1-37628]:main():lattice-best-path.cc:99) For utterance 1041_157_r, best cost 28.8446 + 2727.19 = 2756.03 over 287 frames.
LOG (lattice-best-path[5.5.891~1-37628]:main():lattice-best-path.cc:99) For utterance 1041_159_l, best cost 16.8077 + 1400.12 = 1416.93 over 151 frames.
LOG (lattice-best-path[5.5.891~1-37628]:main():lattice-best-path.cc:99) For utterance 1041_159_r, best cost 12.7742 + 1415.89 = 1428.67 over 151 frames.
LOG (lattice-best-path[5.5.891~1-37628]:main():lattice-best-path.cc:99) For utterance 1041_161_l, best cost 35.3197 + 2585.61 = 2620.93 over 279 frames.
LOG (lattice-best-path[5.5.891~1-37628]:main():lattice-best-path.cc:99) For utterance 1041_161_r, best cost 34.0603 + 2581.14 = 2615.2 over 279 frames.
LOG (lattice-best-path[5.5.891~1-37628]:main():lattice-best-path.cc:99) For utterance 1041_163_l, best cost 28.3107 + 4834.94 = 4863.25 over 504 frames.
LOG (lattice-best-path[5.5.891~1-37628]:main():lattice-best-path.cc:99) For utterance 1041_163_r, best cost 24.1991 + 4875.67 = 4899.87 over 504 frames.
LOG (lattice-best-path[5.5.891~1-37628]:main():lattice-best-path.cc:99) For utterance 1041_165_l, best cost 40.4308 + 2560.84 = 2601.27 over 278 frames.
LOG (lattice-best-path[5.5.891~1-37628]:main():lattice-best-path.cc:99) For utterance 1041_165_r, best cost 40.535 + 2573.01 = 2613.55 over 278 frames.
LOG (lattice-best-path[5.5.891~1-37628]:main():lattice-best-path.cc:99) For utterance 1041_167_l, best cost 22.202 + 2984.22 = 3006.42 over 315 frames.
LOG (lattice-best-path[5.5.891~1-37628]:main():lattice-best-path.cc:99) For utterance 1041_167_r, best cost 24.679 + 2980.61 = 3005.29 over 315 frames.
LOG (lattice-best-path[5.5.891~1-37628]:main():lattice-best-path.cc:99) For utterance 1041_16_l, best cost 62.5323 + 6713.41 = 6775.94 over 724 frames.
LOG (lattice-best-path[5.5.891~1-37628]:main():lattice-best-path.cc:99) For utterance 1041_16_r, best cost 62.5409 + 6765.61 = 6828.15 over 724 frames.
LOG (lattice-best-path[5.5.891~1-37628]:main():lattice-best-path.cc:99) For utterance 1041_170_l, best cost 19.618 + 2167.05 = 2186.67 over 214 frames.
LOG (lattice-best-path[5.5.891~1-37628]:main():lattice-best-path.cc:99) For utterance 1041_170_r, best cost 19.6084 + 2181.6 = 2201.2 over 214 frames.
LOG (lattice-best-path[5.5.891~1-37628]:main():lattice-best-path.cc:99) For utterance 1041_172_l, best cost 26.9995 + 3844 = 3871 over 404 frames.
LOG (lattice-best-path[5.5.891~1-37628]:main():lattice-best-path.cc:99) For utterance 1041_172_r, best cost 24.8866 + 3882.38 = 3907.26 over 404 frames.
LOG (lattice-best-path[5.5.891~1-37628]:main():lattice-best-path.cc:99) For utterance 1041_174_l, best cost 9.36317 + 329.19 = 338.553 over 35 frames.
LOG (lattice-best-path[5.5.891~1-37628]:main():lattice-best-path.cc:99) For utterance 1041_174_r, best cost 8.41858 + 334.96 = 343.379 over 35 frames.
LOG (lattice-best-path[5.5.891~1-37628]:main():lattice-best-path.cc:99) For utterance 1041_176_l, best cost 22.2527 + 4310.09 = 4332.34 over 452 frames.
LOG (lattice-best-path[5.5.891~1-37628]:main():lattice-best-path.cc:99) For utterance 1041_176_r, best cost 27.6402 + 4332.93 = 4360.57 over 452 frames.
LOG (lattice-best-path[5.5.891~1-37628]:main():lattice-best-path.cc:99) For utterance 1041_177_l, best cost 33.2598 + 3910.76 = 3944.02 over 421 frames.
LOG (lattice-best-path[5.5.891~1-37628]:main():lattice-best-path.cc:99) For utterance 1041_177_r, best cost 34.9092 + 3955.87 = 3990.78 over 421 frames.
LOG (lattice-best-path[5.5.891~1-37628]:main():lattice-best-path.cc:99) For utterance 1041_178_l, best cost 41.6003 + 5200.15 = 5241.75 over 561 frames.
LOG (lattice-best-path[5.5.891~1-37628]:main():lattice-best-path.cc:99) For utterance 1041_178_r, best cost 46.9368 + 5274.83 = 5321.77 over 561 frames.
LOG (lattice-best-path[5.5.891~1-37628]:main():lattice-best-path.cc:99) For utterance 1041_180_l, best cost 17.2343 + 2154.24 = 2171.48 over 232 frames.
LOG (lattice-best-path[5.5.891~1-37628]:main():lattice-best-path.cc:99) For utterance 1041_180_r, best cost 17.9157 + 2166.81 = 2184.73 over 232 frames.
LOG (lattice-best-path[5.5.891~1-37628]:main():lattice-best-path.cc:99) For utterance 1041_182_l, best cost 11.3982 + 1145.07 = 1156.47 over 119 frames.
LOG (lattice-best-path[5.5.891~1-37628]:main():lattice-best-path.cc:99) For utterance 1041_182_r, best cost 11.3969 + 1152.26 = 1163.65 over 119 frames.
LOG (lattice-best-path[5.5.891~1-37628]:main():lattice-best-path.cc:99) For utterance 1041_184_l, best cost 9.27093 + 754.228 = 763.499 over 79 frames.
LOG (lattice-best-path[5.5.891~1-37628]:main():lattice-best-path.cc:99) For utterance 1041_184_r, best cost 9.26241 + 757.53 = 766.793 over 79 frames.
LOG (lattice-best-path[5.5.891~1-37628]:main():lattice-best-path.cc:99) For utterance 1041_186_l, best cost 23.1569 + 1239.96 = 1263.12 over 129 frames.
LOG (lattice-best-path[5.5.891~1-37628]:main():lattice-best-path.cc:99) For utterance 1041_186_r, best cost 22.2996 + 1233.11 = 1255.41 over 129 frames.
LOG (lattice-best-path[5.5.891~1-37628]:main():lattice-best-path.cc:99) For utterance 1041_188_l, best cost 54.3396 + 5319.19 = 5373.53 over 564 frames.
LOG (lattice-best-path[5.5.891~1-37628]:main():lattice-best-path.cc:99) For utterance 1041_188_r, best cost 44.0841 + 5367.65 = 5411.73 over 564 frames.
LOG (lattice-best-path[5.5.891~1-37628]:main():lattice-best-path.cc:99) For utterance 1041_18_l, best cost 11.452 + 872.379 = 883.831 over 85 frames.
LOG (lattice-best-path[5.5.891~1-37628]:main():lattice-best-path.cc:99) For utterance 1041_18_r, best cost 11.4192 + 878.923 = 890.342 over 85 frames.
LOG (lattice-best-path[5.5.891~1-37628]:main():lattice-best-path.cc:99) For utterance 1041_190_l, best cost 34.5189 + 3482.43 = 3516.95 over 374 frames.
LOG (lattice-best-path[5.5.891~1-37628]:main():lattice-best-path.cc:99) For utterance 1041_190_r, best cost 25.7172 + 3501.25 = 3526.97 over 374 frames.
LOG (lattice-best-path[5.5.891~1-37628]:main():lattice-best-path.cc:99) For utterance 1041_192_l, best cost 25.0719 + 2820.37 = 2845.44 over 288 frames.
LOG (lattice-best-path[5.5.891~1-37628]:main():lattice-best-path.cc:99) For utterance 1041_192_r, best cost 25.7979 + 2826.16 = 2851.95 over 288 frames.
LOG (lattice-best-path[5.5.891~1-37628]:main():lattice-best-path.cc:99) For utterance 1041_194_l, best cost 44.1136 + 4200.12 = 4244.23 over 447 frames.
LOG (lattice-best-path[5.5.891~1-37628]:main():lattice-best-path.cc:99) For utterance 1041_194_r, best cost 40.5684 + 4233.71 = 4274.28 over 447 frames.
LOG (lattice-best-path[5.5.891~1-37628]:main():lattice-best-path.cc:99) For utterance 1041_196_l, best cost 42.0556 + 3790.74 = 3832.8 over 412 frames.
LOG (lattice-best-path[5.5.891~1-37628]:main():lattice-best-path.cc:99) For utterance 1041_196_r, best cost 43.0992 + 3840.58 = 3883.68 over 412 frames.
LOG (lattice-best-path[5.5.891~1-37628]:main():lattice-best-path.cc:99) For utterance 1041_198_l, best cost 22.927 + 2897.65 = 2920.58 over 294 frames.
LOG (lattice-best-path[5.5.891~1-37628]:main():lattice-best-path.cc:99) For utterance 1041_198_r, best cost 23.9179 + 2898.81 = 2922.73 over 294 frames.
LOG (lattice-best-path[5.5.891~1-37628]:main():lattice-best-path.cc:99) For utterance 1041_200_l, best cost 58.72 + 3409.28 = 3468 over 374 frames.
LOG (lattice-best-path[5.5.891~1-37628]:main():lattice-best-path.cc:99) For utterance 1041_200_r, best cost 72.9122 + 3417.6 = 3490.52 over 374 frames.
LOG (lattice-best-path[5.5.891~1-37628]:main():lattice-best-path.cc:99) For utterance 1041_202_l, best cost 18.1371 + 1757.83 = 1775.97 over 180 frames.
LOG (lattice-best-path[5.5.891~1-37628]:main():lattice-best-path.cc:99) For utterance 1041_202_r, best cost 18.1372 + 1754.5 = 1772.64 over 180 frames.
LOG (lattice-best-path[5.5.891~1-37628]:main():lattice-best-path.cc:99) For utterance 1041_204_l, best cost 54.3234 + 5586.18 = 5640.51 over 604 frames.
LOG (lattice-best-path[5.5.891~1-37628]:main():lattice-best-path.cc:99) For utterance 1041_204_r, best cost 49.9877 + 5623.76 = 5673.75 over 604 frames.
LOG (lattice-best-path[5.5.891~1-37628]:main():lattice-best-path.cc:99) For utterance 1041_206_l, best cost 8.11695 + 779.29 = 787.407 over 80 frames.
LOG (lattice-best-path[5.5.891~1-37628]:main():lattice-best-path.cc:99) For utterance 1041_206_r, best cost 8.10122 + 779.622 = 787.724 over 80 frames.
LOG (lattice-best-path[5.5.891~1-37628]:main():lattice-best-path.cc:99) For utterance 1041_208_l, best cost 20.9794 + 3169.51 = 3190.49 over 343 frames.
LOG (lattice-best-path[5.5.891~1-37628]:main():lattice-best-path.cc:99) For utterance 1041_208_r, best cost 20.9402 + 3192.02 = 3212.96 over 343 frames.
LOG (lattice-best-path[5.5.891~1-37628]:main():lattice-best-path.cc:99) For utterance 1041_20_l, best cost 59.7311 + 3852.98 = 3912.71 over 421 frames.
LOG (lattice-best-path[5.5.891~1-37628]:main():lattice-best-path.cc:99) For utterance 1041_20_r, best cost 52.7814 + 3919.67 = 3972.45 over 421 frames.
LOG (lattice-best-path[5.5.891~1-37628]:main():lattice-best-path.cc:99) For utterance 1041_210_l, best cost 47.7602 + 3560.37 = 3608.13 over 384 frames.
LOG (lattice-best-path[5.5.891~1-37628]:main():lattice-best-path.cc:99) For utterance 1041_210_r, best cost 40.6516 + 3579.68 = 3620.33 over 384 frames.
LOG (lattice-best-path[5.5.891~1-37628]:main():lattice-best-path.cc:99) For utterance 1041_212_l, best cost 45.0461 + 3360.36 = 3405.41 over 359 frames.
LOG (lattice-best-path[5.5.891~1-37628]:main():lattice-best-path.cc:99) For utterance 1041_212_r, best cost 37.202 + 3387.27 = 3424.47 over 359 frames.
LOG (lattice-best-path[5.5.891~1-37628]:main():lattice-best-path.cc:99) For utterance 1041_214_l, best cost 13.145 + 1393.26 = 1406.41 over 135 frames.
LOG (lattice-best-path[5.5.891~1-37628]:main():lattice-best-path.cc:99) For utterance 1041_214_r, best cost 13.1697 + 1370.85 = 1384.02 over 135 frames.
LOG (lattice-best-path[5.5.891~1-37628]:main():lattice-best-path.cc:99) For utterance 1041_216_l, best cost 30.6474 + 4671.65 = 4702.29 over 535 frames.
LOG (lattice-best-path[5.5.891~1-37628]:main():lattice-best-path.cc:99) For utterance 1041_216_r, best cost 32.3378 + 4685.43 = 4717.77 over 535 frames.
LOG (lattice-best-path[5.5.891~1-37628]:main():lattice-best-path.cc:99) For utterance 1041_217_l, best cost 33.2051 + 4115.18 = 4148.39 over 440 frames.
LOG (lattice-best-path[5.5.891~1-37628]:main():lattice-best-path.cc:99) For utterance 1041_217_r, best cost 33.1406 + 4151.67 = 4184.81 over 440 frames.
LOG (lattice-best-path[5.5.891~1-37628]:main():lattice-best-path.cc:99) For utterance 1041_218_l, best cost 18.4082 + 1609.88 = 1628.28 over 178 frames.
LOG (lattice-best-path[5.5.891~1-37628]:main():lattice-best-path.cc:99) For utterance 1041_218_r, best cost 24.412 + 1637.14 = 1661.56 over 178 frames.
LOG (lattice-best-path[5.5.891~1-37628]:main():lattice-best-path.cc:99) For utterance 1041_220_l, best cost 53.1865 + 4872.9 = 4926.09 over 530 frames.
LOG (lattice-best-path[5.5.891~1-37628]:main():lattice-best-path.cc:99) For utterance 1041_220_r, best cost 51.5227 + 4929.63 = 4981.15 over 530 frames.
LOG (lattice-best-path[5.5.891~1-37628]:main():lattice-best-path.cc:99) For utterance 1041_222_l, best cost 37.8458 + 4378.35 = 4416.19 over 494 frames.
LOG (lattice-best-path[5.5.891~1-37628]:main():lattice-best-path.cc:99) For utterance 1041_222_r, best cost 39.5535 + 4419.13 = 4458.68 over 494 frames.
LOG (lattice-best-path[5.5.891~1-37628]:main():lattice-best-path.cc:99) For utterance 1041_224_l, best cost 31.023 + 4939.9 = 4970.92 over 535 frames.
LOG (lattice-best-path[5.5.891~1-37628]:main():lattice-best-path.cc:99) For utterance 1041_224_r, best cost 29.4712 + 4985.6 = 5015.07 over 535 frames.
LOG (lattice-best-path[5.5.891~1-37628]:main():lattice-best-path.cc:99) For utterance 1041_226_l, best cost 44.0822 + 3994.1 = 4038.19 over 424 frames.
LOG (lattice-best-path[5.5.891~1-37628]:main():lattice-best-path.cc:99) For utterance 1041_226_r, best cost 44.2142 + 4044.64 = 4088.86 over 424 frames.
LOG (lattice-best-path[5.5.891~1-37628]:main():lattice-best-path.cc:99) For utterance 1041_228_l, best cost 29.7948 + 2173.43 = 2203.22 over 225 frames.
LOG (lattice-best-path[5.5.891~1-37628]:main():lattice-best-path.cc:99) For utterance 1041_228_r, best cost 29.6677 + 2202.6 = 2232.27 over 225 frames.
LOG (lattice-best-path[5.5.891~1-37628]:main():lattice-best-path.cc:99) For utterance 1041_22_l, best cost 6.62755 + 796.526 = 803.153 over 100 frames.
LOG (lattice-best-path[5.5.891~1-37628]:main():lattice-best-path.cc:99) For utterance 1041_22_r, best cost 6.63254 + 800.74 = 807.372 over 100 frames.
LOG (lattice-best-path[5.5.891~1-37628]:main():lattice-best-path.cc:99) For utterance 1041_230_l, best cost 22.7897 + 2549.32 = 2572.11 over 279 frames.
LOG (lattice-best-path[5.5.891~1-37628]:main():lattice-best-path.cc:99) For utterance 1041_230_r, best cost 25.3664 + 2577.11 = 2602.47 over 279 frames.
LOG (lattice-best-path[5.5.891~1-37628]:main():lattice-best-path.cc:99) For utterance 1041_232_l, best cost 48.6943 + 5317.03 = 5365.73 over 572 frames.
LOG (lattice-best-path[5.5.891~1-37628]:main():lattice-best-path.cc:99) For utterance 1041_232_r, best cost 48.6408 + 5314.08 = 5362.72 over 572 frames.
LOG (lattice-best-path[5.5.891~1-37628]:main():lattice-best-path.cc:99) For utterance 1041_234_l, best cost 23.3701 + 1687.7 = 1711.07 over 173 frames.
LOG (lattice-best-path[5.5.891~1-37628]:main():lattice-best-path.cc:99) For utterance 1041_234_r, best cost 18.6169 + 1709.62 = 1728.24 over 173 frames.
LOG (lattice-best-path[5.5.891~1-37628]:main():lattice-best-path.cc:99) For utterance 1041_236_l, best cost 52.9427 + 6352.41 = 6405.36 over 720 frames.
LOG (lattice-best-path[5.5.891~1-37628]:main():lattice-best-path.cc:99) For utterance 1041_236_r, best cost 53.167 + 6344.92 = 6398.08 over 720 frames.
LOG (lattice-best-path[5.5.891~1-37628]:main():lattice-best-path.cc:99) For utterance 1041_238_l, best cost 23.2684 + 2270.67 = 2293.94 over 226 frames.
LOG (lattice-best-path[5.5.891~1-37628]:main():lattice-best-path.cc:99) For utterance 1041_238_r, best cost 23.273 + 2295.56 = 2318.83 over 226 frames.
LOG (lattice-best-path[5.5.891~1-37628]:main():lattice-best-path.cc:99) For utterance 1041_240_l, best cost 34.7492 + 2438.42 = 2473.17 over 263 frames.
LOG (lattice-best-path[5.5.891~1-37628]:main():lattice-best-path.cc:99) For utterance 1041_240_r, best cost 30.4121 + 2467.34 = 2497.75 over 263 frames.
LOG (lattice-best-path[5.5.891~1-37628]:main():lattice-best-path.cc:99) For utterance 1041_242_l, best cost 29.8064 + 1402.93 = 1432.73 over 146 frames.
LOG (lattice-best-path[5.5.891~1-37628]:main():lattice-best-path.cc:99) For utterance 1041_242_r, best cost 30.2559 + 1412.17 = 1442.43 over 146 frames.
LOG (lattice-best-path[5.5.891~1-37628]:main():lattice-best-path.cc:99) For utterance 1041_244_l, best cost 21.3057 + 2458.23 = 2479.54 over 246 frames.
LOG (lattice-best-path[5.5.891~1-37628]:main():lattice-best-path.cc:99) For utterance 1041_244_r, best cost 21.3558 + 2477.55 = 2498.91 over 246 frames.
LOG (lattice-best-path[5.5.891~1-37628]:main():lattice-best-path.cc:99) For utterance 1041_246_l, best cost 11.5092 + 1265.34 = 1276.85 over 138 frames.
LOG (lattice-best-path[5.5.891~1-37628]:main():lattice-best-path.cc:99) For utterance 1041_246_r, best cost 15.1811 + 1259.85 = 1275.03 over 138 frames.
LOG (lattice-best-path[5.5.891~1-37628]:main():lattice-best-path.cc:99) For utterance 1041_248_l, best cost 33.832 + 3509.85 = 3543.69 over 363 frames.
LOG (lattice-best-path[5.5.891~1-37628]:main():lattice-best-path.cc:99) For utterance 1041_248_r, best cost 26.571 + 3549.47 = 3576.05 over 363 frames.
LOG (lattice-best-path[5.5.891~1-37628]:main():lattice-best-path.cc:99) For utterance 1041_24_l, best cost 20.7696 + 2223.84 = 2244.61 over 227 frames.
LOG (lattice-best-path[5.5.891~1-37628]:main():lattice-best-path.cc:99) For utterance 1041_24_r, best cost 20.6769 + 2238.15 = 2258.83 over 227 frames.
LOG (lattice-best-path[5.5.891~1-37628]:main():lattice-best-path.cc:99) For utterance 1041_250_l, best cost 14.6399 + 1883.32 = 1897.96 over 197 frames.
LOG (lattice-best-path[5.5.891~1-37628]:main():lattice-best-path.cc:99) For utterance 1041_250_r, best cost 12.8713 + 1884.55 = 1897.43 over 197 frames.
LOG (lattice-best-path[5.5.891~1-37628]:main():lattice-best-path.cc:99) For utterance 1041_252_l, best cost 6.9026 + 940.079 = 946.982 over 122 frames.
LOG (lattice-best-path[5.5.891~1-37628]:main():lattice-best-path.cc:99) For utterance 1041_252_r, best cost 6.9026 + 931.435 = 938.338 over 122 frames.
LOG (lattice-best-path[5.5.891~1-37628]:main():lattice-best-path.cc:99) For utterance 1041_254_l, best cost 28.038 + 4889.89 = 4917.93 over 492 frames.
LOG (lattice-best-path[5.5.891~1-37628]:main():lattice-best-path.cc:99) For utterance 1041_254_r, best cost 33.1815 + 4930.73 = 4963.91 over 492 frames.
LOG (lattice-best-path[5.5.891~1-37628]:main():lattice-best-path.cc:99) For utterance 1041_255_l, best cost 73.5308 + 7199.71 = 7273.24 over 781 frames.
LOG (lattice-best-path[5.5.891~1-37628]:main():lattice-best-path.cc:99) For utterance 1041_255_r, best cost 75.2487 + 7250.98 = 7326.23 over 781 frames.
LOG (lattice-best-path[5.5.891~1-37628]:main():lattice-best-path.cc:99) For utterance 1041_257_l, best cost 34.7809 + 4315.15 = 4349.93 over 450 frames.
LOG (lattice-best-path[5.5.891~1-37628]:main():lattice-best-path.cc:99) For utterance 1041_257_r, best cost 39.2716 + 4331.92 = 4371.19 over 450 frames.
LOG (lattice-best-path[5.5.891~1-37628]:main():lattice-best-path.cc:99) For utterance 1041_259_l, best cost 25.0257 + 3859.93 = 3884.96 over 406 frames.
LOG (lattice-best-path[5.5.891~1-37628]:main():lattice-best-path.cc:99) For utterance 1041_259_r, best cost 25.4806 + 3890.54 = 3916.02 over 406 frames.
LOG (lattice-best-path[5.5.891~1-37628]:main():lattice-best-path.cc:99) For utterance 1041_261_l, best cost 11.1318 + 537.951 = 549.083 over 55 frames.
LOG (lattice-best-path[5.5.891~1-37628]:main():lattice-best-path.cc:99) For utterance 1041_261_r, best cost 14.6974 + 539.912 = 554.609 over 55 frames.
LOG (lattice-best-path[5.5.891~1-37628]:main():lattice-best-path.cc:99) For utterance 1041_263_l, best cost 41.987 + 4292.67 = 4334.66 over 442 frames.
LOG (lattice-best-path[5.5.891~1-37628]:main():lattice-best-path.cc:99) For utterance 1041_263_r, best cost 41.0026 + 4273.86 = 4314.86 over 442 frames.
LOG (lattice-best-path[5.5.891~1-37628]:main():lattice-best-path.cc:99) For utterance 1041_265_l, best cost 47.1646 + 4600.54 = 4647.7 over 503 frames.
LOG (lattice-best-path[5.5.891~1-37628]:main():lattice-best-path.cc:99) For utterance 1041_265_r, best cost 36.9498 + 4635.39 = 4672.34 over 503 frames.
LOG (lattice-best-path[5.5.891~1-37628]:main():lattice-best-path.cc:99) For utterance 1041_267_l, best cost 23.0138 + 917.094 = 940.107 over 100 frames.
LOG (lattice-best-path[5.5.891~1-37628]:main():lattice-best-path.cc:99) For utterance 1041_267_r, best cost 23.3444 + 913.195 = 936.539 over 100 frames.
LOG (lattice-best-path[5.5.891~1-37628]:main():lattice-best-path.cc:99) For utterance 1041_269_l, best cost 17.1518 + 1824.89 = 1842.04 over 196 frames.
LOG (lattice-best-path[5.5.891~1-37628]:main():lattice-best-path.cc:99) For utterance 1041_269_r, best cost 20.8188 + 1806.35 = 1827.17 over 196 frames.
LOG (lattice-best-path[5.5.891~1-37628]:main():lattice-best-path.cc:99) For utterance 1041_26_l, best cost 25.742 + 3981.32 = 4007.07 over 459 frames.
LOG (lattice-best-path[5.5.891~1-37628]:main():lattice-best-path.cc:99) For utterance 1041_26_r, best cost 25.6447 + 4043.19 = 4068.83 over 459 frames.
LOG (lattice-best-path[5.5.891~1-37628]:main():lattice-best-path.cc:99) For utterance 1041_271_l, best cost 39.9674 + 4256.77 = 4296.74 over 455 frames.
LOG (lattice-best-path[5.5.891~1-37628]:main():lattice-best-path.cc:99) For utterance 1041_271_r, best cost 30.0609 + 4312.38 = 4342.44 over 455 frames.
LOG (lattice-best-path[5.5.891~1-37628]:main():lattice-best-path.cc:99) For utterance 1041_273_l, best cost 25.969 + 2563.27 = 2589.24 over 259 frames.
LOG (lattice-best-path[5.5.891~1-37628]:main():lattice-best-path.cc:99) For utterance 1041_273_r, best cost 34.0405 + 2575.62 = 2609.66 over 259 frames.
LOG (lattice-best-path[5.5.891~1-37628]:main():lattice-best-path.cc:99) For utterance 1041_275_l, best cost 13.0034 + 1635 = 1648.01 over 175 frames.
LOG (lattice-best-path[5.5.891~1-37628]:main():lattice-best-path.cc:99) For utterance 1041_275_r, best cost 13.0021 + 1620.04 = 1633.04 over 175 frames.
LOG (lattice-best-path[5.5.891~1-37628]:main():lattice-best-path.cc:99) For utterance 1041_277_l, best cost 57.0947 + 3770.33 = 3827.42 over 402 frames.
LOG (lattice-best-path[5.5.891~1-37628]:main():lattice-best-path.cc:99) For utterance 1041_277_r, best cost 58.6654 + 3823.86 = 3882.53 over 402 frames.
LOG (lattice-best-path[5.5.891~1-37628]:main():lattice-best-path.cc:99) For utterance 1041_279_l, best cost 18.5309 + 1737.56 = 1756.09 over 174 frames.
LOG (lattice-best-path[5.5.891~1-37628]:main():lattice-best-path.cc:99) For utterance 1041_279_r, best cost 16.8551 + 1742.17 = 1759.02 over 174 frames.
LOG (lattice-best-path[5.5.891~1-37628]:main():lattice-best-path.cc:99) For utterance 1041_281_l, best cost 22.0676 + 2873.14 = 2895.21 over 299 frames.
LOG (lattice-best-path[5.5.891~1-37628]:main():lattice-best-path.cc:99) For utterance 1041_281_r, best cost 20.1302 + 2868.85 = 2888.98 over 299 frames.
LOG (lattice-best-path[5.5.891~1-37628]:main():lattice-best-path.cc:99) For utterance 1041_283_l, best cost 33.5129 + 3287.14 = 3320.66 over 351 frames.
LOG (lattice-best-path[5.5.891~1-37628]:main():lattice-best-path.cc:99) For utterance 1041_283_r, best cost 29.9279 + 3294.92 = 3324.85 over 351 frames.
LOG (lattice-best-path[5.5.891~1-37628]:main():lattice-best-path.cc:99) For utterance 1041_285_l, best cost 40.6487 + 1808.09 = 1848.74 over 195 frames.
LOG (lattice-best-path[5.5.891~1-37628]:main():lattice-best-path.cc:99) For utterance 1041_285_r, best cost 40.6159 + 1816.02 = 1856.64 over 195 frames.
LOG (lattice-best-path[5.5.891~1-37628]:main():lattice-best-path.cc:99) For utterance 1041_287_l, best cost 16.2704 + 2220.55 = 2236.82 over 240 frames.
LOG (lattice-best-path[5.5.891~1-37628]:main():lattice-best-path.cc:99) For utterance 1041_287_r, best cost 18.722 + 2197.11 = 2215.83 over 240 frames.
LOG (lattice-best-path[5.5.891~1-37628]:main():lattice-best-path.cc:99) For utterance 1041_289_l, best cost 14.3608 + 2787.15 = 2801.51 over 306 frames.
LOG (lattice-best-path[5.5.891~1-37628]:main():lattice-best-path.cc:99) For utterance 1041_289_r, best cost 14.2992 + 2805.09 = 2819.39 over 306 frames.
LOG (lattice-best-path[5.5.891~1-37628]:main():lattice-best-path.cc:99) For utterance 1041_28_l, best cost 23.1501 + 2944.35 = 2967.5 over 306 frames.
LOG (lattice-best-path[5.5.891~1-37628]:main():lattice-best-path.cc:99) For utterance 1041_28_r, best cost 27.2463 + 2984.21 = 3011.45 over 306 frames.
LOG (lattice-best-path[5.5.891~1-37628]:main():lattice-best-path.cc:99) For utterance 1041_291_l, best cost 16.7331 + 1383.98 = 1400.71 over 149 frames.
LOG (lattice-best-path[5.5.891~1-37628]:main():lattice-best-path.cc:99) For utterance 1041_291_r, best cost 16.7343 + 1391.54 = 1408.28 over 149 frames.
LOG (lattice-best-path[5.5.891~1-37628]:main():lattice-best-path.cc:99) For utterance 1041_293_l, best cost 8.6629 + 726.954 = 735.617 over 93 frames.
LOG (lattice-best-path[5.5.891~1-37628]:main():lattice-best-path.cc:99) For utterance 1041_293_r, best cost 8.6629 + 737.171 = 745.834 over 93 frames.
LOG (lattice-best-path[5.5.891~1-37628]:main():lattice-best-path.cc:99) For utterance 1041_295_l, best cost 48.5087 + 7216.15 = 7264.66 over 824 frames.
LOG (lattice-best-path[5.5.891~1-37628]:main():lattice-best-path.cc:99) For utterance 1041_295_r, best cost 50.2389 + 7266.11 = 7316.34 over 824 frames.
LOG (lattice-best-path[5.5.891~1-37628]:main():lattice-best-path.cc:99) For utterance 1041_297_l, best cost 8.65697 + 786.413 = 795.07 over 86 frames.
LOG (lattice-best-path[5.5.891~1-37628]:main():lattice-best-path.cc:99) For utterance 1041_297_r, best cost 8.65697 + 791.413 = 800.07 over 86 frames.
LOG (lattice-best-path[5.5.891~1-37628]:main():lattice-best-path.cc:99) For utterance 1041_299_l, best cost 29.3507 + 2869.14 = 2898.49 over 311 frames.
LOG (lattice-best-path[5.5.891~1-37628]:main():lattice-best-path.cc:99) For utterance 1041_299_r, best cost 31.9252 + 2886.52 = 2918.45 over 311 frames.
LOG (lattice-best-path[5.5.891~1-37628]:main():lattice-best-path.cc:99) For utterance 1041_2_l, best cost 31.1676 + 2699.42 = 2730.59 over 284 frames.
LOG (lattice-best-path[5.5.891~1-37628]:main():lattice-best-path.cc:99) For utterance 1041_2_r, best cost 31.5298 + 2720.59 = 2752.12 over 284 frames.
LOG (lattice-best-path[5.5.891~1-37628]:main():lattice-best-path.cc:99) For utterance 1041_301_l, best cost 57.1506 + 7831.73 = 7888.88 over 921 frames.
LOG (lattice-best-path[5.5.891~1-37628]:main():lattice-best-path.cc:99) For utterance 1041_301_r, best cost 54.6762 + 7892.75 = 7947.42 over 921 frames.
LOG (lattice-best-path[5.5.891~1-37628]:main():lattice-best-path.cc:99) For utterance 1041_303_l, best cost 13.3278 + 981.359 = 994.687 over 107 frames.
LOG (lattice-best-path[5.5.891~1-37628]:main():lattice-best-path.cc:99) For utterance 1041_303_r, best cost 13.323 + 990.254 = 1003.58 over 107 frames.
LOG (lattice-best-path[5.5.891~1-37628]:main():lattice-best-path.cc:99) For utterance 1041_305_l, best cost 9.07242 + 915.091 = 924.163 over 102 frames.
LOG (lattice-best-path[5.5.891~1-37628]:main():lattice-best-path.cc:99) For utterance 1041_305_r, best cost 9.07242 + 920.527 = 929.599 over 102 frames.
LOG (lattice-best-path[5.5.891~1-37628]:main():lattice-best-path.cc:99) For utterance 1041_307_l, best cost 43.3361 + 5415.01 = 5458.35 over 613 frames.
LOG (lattice-best-path[5.5.891~1-37628]:main():lattice-best-path.cc:99) For utterance 1041_307_r, best cost 41.1931 + 5401.41 = 5442.6 over 613 frames.
LOG (lattice-best-path[5.5.891~1-37628]:main():lattice-best-path.cc:99) For utterance 1041_308_l, best cost 52.1333 + 4093.62 = 4145.75 over 483 frames.
LOG (lattice-best-path[5.5.891~1-37628]:main():lattice-best-path.cc:99) For utterance 1041_308_r, best cost 62.2012 + 4111.71 = 4173.91 over 483 frames.
LOG (lattice-best-path[5.5.891~1-37628]:main():lattice-best-path.cc:99) For utterance 1041_30_l, best cost 21.642 + 3240.15 = 3261.79 over 349 frames.
LOG (lattice-best-path[5.5.891~1-37628]:main():lattice-best-path.cc:99) For utterance 1041_30_r, best cost 22.2289 + 3290.79 = 3313.02 over 349 frames.
LOG (lattice-best-path[5.5.891~1-37628]:main():lattice-best-path.cc:99) For utterance 1041_310_l, best cost 41.411 + 4436.9 = 4478.31 over 497 frames.
LOG (lattice-best-path[5.5.891~1-37628]:main():lattice-best-path.cc:99) For utterance 1041_310_r, best cost 43.1888 + 4437.64 = 4480.83 over 497 frames.
LOG (lattice-best-path[5.5.891~1-37628]:main():lattice-best-path.cc:99) For utterance 1041_312_l, best cost 25.15 + 3148.51 = 3173.66 over 355 frames.
LOG (lattice-best-path[5.5.891~1-37628]:main():lattice-best-path.cc:99) For utterance 1041_312_r, best cost 36.2685 + 3111.76 = 3148.03 over 355 frames.
LOG (lattice-best-path[5.5.891~1-37628]:main():lattice-best-path.cc:99) For utterance 1041_314_l, best cost 25.8872 + 2761.53 = 2787.41 over 317 frames.
LOG (lattice-best-path[5.5.891~1-37628]:main():lattice-best-path.cc:99) For utterance 1041_314_r, best cost 26.2101 + 2802.61 = 2828.82 over 317 frames.
LOG (lattice-best-path[5.5.891~1-37628]:main():lattice-best-path.cc:99) For utterance 1041_316_l, best cost 8.78178 + 917.783 = 926.565 over 105 frames.
LOG (lattice-best-path[5.5.891~1-37628]:main():lattice-best-path.cc:99) For utterance 1041_316_r, best cost 8.77699 + 913.501 = 922.278 over 105 frames.
LOG (lattice-best-path[5.5.891~1-37628]:main():lattice-best-path.cc:99) For utterance 1041_318_l, best cost 41.0209 + 5718.61 = 5759.63 over 665 frames.
LOG (lattice-best-path[5.5.891~1-37628]:main():lattice-best-path.cc:99) For utterance 1041_318_r, best cost 41.2111 + 5754.27 = 5795.48 over 665 frames.
LOG (lattice-best-path[5.5.891~1-37628]:main():lattice-best-path.cc:99) For utterance 1041_320_l, best cost 15.3587 + 1302.77 = 1318.13 over 143 frames.
LOG (lattice-best-path[5.5.891~1-37628]:main():lattice-best-path.cc:99) For utterance 1041_320_r, best cost 15.4695 + 1297.9 = 1313.37 over 143 frames.
LOG (lattice-best-path[5.5.891~1-37628]:main():lattice-best-path.cc:99) For utterance 1041_322_l, best cost 7.72704 + 704.831 = 712.559 over 70 frames.
LOG (lattice-best-path[5.5.891~1-37628]:main():lattice-best-path.cc:99) For utterance 1041_322_r, best cost 8.64818 + 698.435 = 707.084 over 70 frames.
LOG (lattice-best-path[5.5.891~1-37628]:main():lattice-best-path.cc:99) For utterance 1041_324_l, best cost 57.9708 + 5524.81 = 5582.78 over 635 frames.
LOG (lattice-best-path[5.5.891~1-37628]:main():lattice-best-path.cc:99) For utterance 1041_324_r, best cost 57.9688 + 5563.1 = 5621.07 over 635 frames.
LOG (lattice-best-path[5.5.891~1-37628]:main():lattice-best-path.cc:99) For utterance 1041_326_l, best cost 17.4604 + 596.525 = 613.986 over 66 frames.
LOG (lattice-best-path[5.5.891~1-37628]:main():lattice-best-path.cc:99) For utterance 1041_326_r, best cost 8.64555 + 607.071 = 615.717 over 66 frames.
LOG (lattice-best-path[5.5.891~1-37628]:main():lattice-best-path.cc:99) For utterance 1041_328_l, best cost 19.2098 + 1618.61 = 1637.82 over 167 frames.
LOG (lattice-best-path[5.5.891~1-37628]:main():lattice-best-path.cc:99) For utterance 1041_328_r, best cost 22.5425 + 1613.71 = 1636.26 over 167 frames.
LOG (lattice-best-path[5.5.891~1-37628]:main():lattice-best-path.cc:99) For utterance 1041_32_l, best cost 27.5227 + 1556.83 = 1584.36 over 162 frames.
LOG (lattice-best-path[5.5.891~1-37628]:main():lattice-best-path.cc:99) For utterance 1041_32_r, best cost 25.741 + 1582.25 = 1607.99 over 162 frames.
LOG (lattice-best-path[5.5.891~1-37628]:main():lattice-best-path.cc:99) For utterance 1041_330_l, best cost 73.7353 + 5180.92 = 5254.65 over 529 frames.
LOG (lattice-best-path[5.5.891~1-37628]:main():lattice-best-path.cc:99) For utterance 1041_330_r, best cost 52.7852 + 5232.07 = 5284.86 over 529 frames.
LOG (lattice-best-path[5.5.891~1-37628]:main():lattice-best-path.cc:99) For utterance 1041_331_l, best cost 59.0999 + 5730.39 = 5789.49 over 606 frames.
LOG (lattice-best-path[5.5.891~1-37628]:main():lattice-best-path.cc:99) For utterance 1041_331_r, best cost 56.5749 + 5731.44 = 5788.02 over 606 frames.
LOG (lattice-best-path[5.5.891~1-37628]:main():lattice-best-path.cc:99) For utterance 1041_333_l, best cost 17.1398 + 2142.85 = 2159.99 over 222 frames.
LOG (lattice-best-path[5.5.891~1-37628]:main():lattice-best-path.cc:99) For utterance 1041_333_r, best cost 46.3613 + 2117.4 = 2163.76 over 222 frames.
LOG (lattice-best-path[5.5.891~1-37628]:main():lattice-best-path.cc:99) For utterance 1041_335_l, best cost 43.7726 + 4746.01 = 4789.78 over 509 frames.
LOG (lattice-best-path[5.5.891~1-37628]:main():lattice-best-path.cc:99) For utterance 1041_335_r, best cost 42.2706 + 4742.91 = 4785.18 over 509 frames.
LOG (lattice-best-path[5.5.891~1-37628]:main():lattice-best-path.cc:99) For utterance 1041_336_l, best cost 23.7967 + 1791.35 = 1815.15 over 204 frames.
LOG (lattice-best-path[5.5.891~1-37628]:main():lattice-best-path.cc:99) For utterance 1041_336_r, best cost 19.186 + 1800.18 = 1819.36 over 204 frames.
LOG (lattice-best-path[5.5.891~1-37628]:main():lattice-best-path.cc:99) For utterance 1041_338_l, best cost 29.3151 + 2076.72 = 2106.04 over 216 frames.
LOG (lattice-best-path[5.5.891~1-37628]:main():lattice-best-path.cc:99) For utterance 1041_338_r, best cost 19.1677 + 2085.19 = 2104.36 over 216 frames.
LOG (lattice-best-path[5.5.891~1-37628]:main():lattice-best-path.cc:99) For utterance 1041_340_l, best cost 54.1788 + 3941.94 = 3996.12 over 433 frames.
LOG (lattice-best-path[5.5.891~1-37628]:main():lattice-best-path.cc:99) For utterance 1041_340_r, best cost 57.7422 + 3984.86 = 4042.6 over 433 frames.
LOG (lattice-best-path[5.5.891~1-37628]:main():lattice-best-path.cc:99) For utterance 1041_342_l, best cost 41.9449 + 6717.68 = 6759.63 over 795 frames.
LOG (lattice-best-path[5.5.891~1-37628]:main():lattice-best-path.cc:99) For utterance 1041_342_r, best cost 43.7862 + 6734.31 = 6778.1 over 795 frames.
LOG (lattice-best-path[5.5.891~1-37628]:main():lattice-best-path.cc:99) For utterance 1041_344_l, best cost 14.0517 + 1290.8 = 1304.85 over 129 frames.
LOG (lattice-best-path[5.5.891~1-37628]:main():lattice-best-path.cc:99) For utterance 1041_344_r, best cost 14.0388 + 1286.9 = 1300.94 over 129 frames.
LOG (lattice-best-path[5.5.891~1-37628]:main():lattice-best-path.cc:99) For utterance 1041_346_l, best cost 31.7254 + 5447.04 = 5478.76 over 592 frames.
LOG (lattice-best-path[5.5.891~1-37628]:main():lattice-best-path.cc:99) For utterance 1041_346_r, best cost 60.7439 + 5404.33 = 5465.08 over 592 frames.
LOG (lattice-best-path[5.5.891~1-37628]:main():lattice-best-path.cc:99) For utterance 1041_347_l, best cost 78.7308 + 6331.57 = 6410.3 over 700 frames.
LOG (lattice-best-path[5.5.891~1-37628]:main():lattice-best-path.cc:99) For utterance 1041_347_r, best cost 72.1304 + 6330 = 6402.13 over 700 frames.
LOG (lattice-best-path[5.5.891~1-37628]:main():lattice-best-path.cc:99) For utterance 1041_348_l, best cost 49.084 + 8271.75 = 8320.83 over 1001 frames.
LOG (lattice-best-path[5.5.891~1-37628]:main():lattice-best-path.cc:99) For utterance 1041_348_r, best cost 47.3052 + 8335.55 = 8382.85 over 1001 frames.
LOG (lattice-best-path[5.5.891~1-37628]:main():lattice-best-path.cc:99) For utterance 1041_349_l, best cost 9.15039 + 1745.38 = 1754.53 over 219 frames.
LOG (lattice-best-path[5.5.891~1-37628]:main():lattice-best-path.cc:99) For utterance 1041_349_r, best cost 9.16782 + 1762.98 = 1772.15 over 219 frames.
LOG (lattice-best-path[5.5.891~1-37628]:main():lattice-best-path.cc:99) For utterance 1041_34_l, best cost 31.3073 + 3945.09 = 3976.4 over 415 frames.
LOG (lattice-best-path[5.5.891~1-37628]:main():lattice-best-path.cc:99) For utterance 1041_34_r, best cost 33.6335 + 3954.71 = 3988.34 over 415 frames.
LOG (lattice-best-path[5.5.891~1-37628]:main():lattice-best-path.cc:99) For utterance 1041_350_l, best cost 34.6898 + 6498.42 = 6533.11 over 783 frames.
LOG (lattice-best-path[5.5.891~1-37628]:main():lattice-best-path.cc:99) For utterance 1041_350_r, best cost 34.6824 + 6457.78 = 6492.46 over 783 frames.
LOG (lattice-best-path[5.5.891~1-37628]:main():lattice-best-path.cc:99) For utterance 1041_352_l, best cost 13.5803 + 1083.12 = 1096.7 over 112 frames.
LOG (lattice-best-path[5.5.891~1-37628]:main():lattice-best-path.cc:99) For utterance 1041_352_r, best cost 13.5803 + 1076.33 = 1089.91 over 112 frames.
LOG (lattice-best-path[5.5.891~1-37628]:main():lattice-best-path.cc:99) For utterance 1041_354_l, best cost 50.4073 + 2537.12 = 2587.53 over 286 frames.
LOG (lattice-best-path[5.5.891~1-37628]:main():lattice-best-path.cc:99) For utterance 1041_354_r, best cost 36.5107 + 2528.84 = 2565.35 over 286 frames.
LOG (lattice-best-path[5.5.891~1-37628]:main():lattice-best-path.cc:99) For utterance 1041_356_l, best cost 33.4096 + 6804.21 = 6837.62 over 833 frames.
LOG (lattice-best-path[5.5.891~1-37628]:main():lattice-best-path.cc:99) For utterance 1041_356_r, best cost 34.2342 + 6816.17 = 6850.41 over 833 frames.
LOG (lattice-best-path[5.5.891~1-37628]:main():lattice-best-path.cc:99) For utterance 1041_357_l, best cost 44.9432 + 7507.16 = 7552.1 over 908 frames.
LOG (lattice-best-path[5.5.891~1-37628]:main():lattice-best-path.cc:99) For utterance 1041_357_r, best cost 43.3925 + 7465.21 = 7508.6 over 908 frames.
LOG (lattice-best-path[5.5.891~1-37628]:main():lattice-best-path.cc:99) For utterance 1041_358_l, best cost 33.8233 + 4366.52 = 4400.34 over 488 frames.
LOG (lattice-best-path[5.5.891~1-37628]:main():lattice-best-path.cc:99) For utterance 1041_358_r, best cost 41.8961 + 4325.24 = 4367.13 over 488 frames.
LOG (lattice-best-path[5.5.891~1-37628]:main():lattice-best-path.cc:99) For utterance 1041_360_l, best cost 24.4318 + 3044.37 = 3068.8 over 327 frames.
LOG (lattice-best-path[5.5.891~1-37628]:main():lattice-best-path.cc:99) For utterance 1041_360_r, best cost 32.381 + 3008.12 = 3040.51 over 327 frames.
LOG (lattice-best-path[5.5.891~1-37628]:main():lattice-best-path.cc:99) For utterance 1041_362_l, best cost 11.2393 + 816.14 = 827.379 over 103 frames.
LOG (lattice-best-path[5.5.891~1-37628]:main():lattice-best-path.cc:99) For utterance 1041_362_r, best cost 11.3016 + 814.24 = 825.541 over 103 frames.
LOG (lattice-best-path[5.5.891~1-37628]:main():lattice-best-path.cc:99) For utterance 1041_364_l, best cost 57.5821 + 3583.92 = 3641.5 over 383 frames.
LOG (lattice-best-path[5.5.891~1-37628]:main():lattice-best-path.cc:99) For utterance 1041_364_r, best cost 44.3989 + 3612.98 = 3657.38 over 383 frames.
LOG (lattice-best-path[5.5.891~1-37628]:main():lattice-best-path.cc:99) For utterance 1041_366_l, best cost 10.5328 + 1254.35 = 1264.89 over 126 frames.
LOG (lattice-best-path[5.5.891~1-37628]:main():lattice-best-path.cc:99) For utterance 1041_366_r, best cost 11.4421 + 1235.73 = 1247.17 over 126 frames.
LOG (lattice-best-path[5.5.891~1-37628]:main():lattice-best-path.cc:99) For utterance 1041_368_l, best cost 25.8579 + 3502.95 = 3528.8 over 349 frames.
LOG (lattice-best-path[5.5.891~1-37628]:main():lattice-best-path.cc:99) For utterance 1041_368_r, best cost 44.2358 + 3482.83 = 3527.06 over 349 frames.
LOG (lattice-best-path[5.5.891~1-37628]:main():lattice-best-path.cc:99) For utterance 1041_36_l, best cost 17.0109 + 1783.25 = 1800.26 over 172 frames.
LOG (lattice-best-path[5.5.891~1-37628]:main():lattice-best-path.cc:99) For utterance 1041_36_r, best cost 16.834 + 1815.49 = 1832.33 over 172 frames.
LOG (lattice-best-path[5.5.891~1-37628]:main():lattice-best-path.cc:99) For utterance 1041_370_l, best cost 30.9062 + 3247.48 = 3278.39 over 373 frames.
LOG (lattice-best-path[5.5.891~1-37628]:main():lattice-best-path.cc:99) For utterance 1041_370_r, best cost 23.5212 + 3274.99 = 3298.52 over 373 frames.
LOG (lattice-best-path[5.5.891~1-37628]:main():lattice-best-path.cc:99) For utterance 1041_371_l, best cost 39.6501 + 3948.67 = 3988.32 over 421 frames.
LOG (lattice-best-path[5.5.891~1-37628]:main():lattice-best-path.cc:99) For utterance 1041_371_r, best cost 39.0534 + 3953.44 = 3992.49 over 421 frames.
LOG (lattice-best-path[5.5.891~1-37628]:main():lattice-best-path.cc:99) For utterance 1041_372_l, best cost 32.1085 + 3078.7 = 3110.8 over 348 frames.
LOG (lattice-best-path[5.5.891~1-37628]:main():lattice-best-path.cc:99) For utterance 1041_372_r, best cost 38.712 + 3076.99 = 3115.7 over 348 frames.
LOG (lattice-best-path[5.5.891~1-37628]:main():lattice-best-path.cc:99) For utterance 1041_374_l, best cost 27.4218 + 2396.5 = 2423.92 over 250 frames.
LOG (lattice-best-path[5.5.891~1-37628]:main():lattice-best-path.cc:99) For utterance 1041_374_r, best cost 26.6047 + 2384.21 = 2410.82 over 250 frames.
LOG (lattice-best-path[5.5.891~1-37628]:main():lattice-best-path.cc:99) For utterance 1041_376_l, best cost 31.6201 + 4394.99 = 4426.61 over 481 frames.
LOG (lattice-best-path[5.5.891~1-37628]:main():lattice-best-path.cc:99) For utterance 1041_376_r, best cost 43.3199 + 4363.57 = 4406.89 over 481 frames.
LOG (lattice-best-path[5.5.891~1-37628]:main():lattice-best-path.cc:99) For utterance 1041_378_l, best cost 12.4547 + 1255.21 = 1267.66 over 126 frames.
LOG (lattice-best-path[5.5.891~1-37628]:main():lattice-best-path.cc:99) For utterance 1041_378_r, best cost 12.4624 + 1256.48 = 1268.95 over 126 frames.
LOG (lattice-best-path[5.5.891~1-37628]:main():lattice-best-path.cc:99) For utterance 1041_380_l, best cost 40.3497 + 3204.45 = 3244.8 over 332 frames.
LOG (lattice-best-path[5.5.891~1-37628]:main():lattice-best-path.cc:99) For utterance 1041_380_r, best cost 38.9452 + 3184.38 = 3223.32 over 332 frames.
LOG (lattice-best-path[5.5.891~1-37628]:main():lattice-best-path.cc:99) For utterance 1041_382_l, best cost 18.8219 + 1768.93 = 1787.76 over 201 frames.
LOG (lattice-best-path[5.5.891~1-37628]:main():lattice-best-path.cc:99) For utterance 1041_382_r, best cost 20.0122 + 1741.9 = 1761.92 over 201 frames.
LOG (lattice-best-path[5.5.891~1-37628]:main():lattice-best-path.cc:99) For utterance 1041_384_l, best cost 20.8113 + 1370.75 = 1391.56 over 141 frames.
LOG (lattice-best-path[5.5.891~1-37628]:main():lattice-best-path.cc:99) For utterance 1041_384_r, best cost 20.8023 + 1366.04 = 1386.84 over 141 frames.
LOG (lattice-best-path[5.5.891~1-37628]:main():lattice-best-path.cc:99) For utterance 1041_386_l, best cost 21.1788 + 2287.07 = 2308.25 over 289 frames.
LOG (lattice-best-path[5.5.891~1-37628]:main():lattice-best-path.cc:99) For utterance 1041_386_r, best cost 18.1856 + 2279.77 = 2297.96 over 289 frames.
LOG (lattice-best-path[5.5.891~1-37628]:main():lattice-best-path.cc:99) For utterance 1041_387_l, best cost 55.3881 + 5704.59 = 5759.98 over 688 frames.
LOG (lattice-best-path[5.5.891~1-37628]:main():lattice-best-path.cc:99) For utterance 1041_387_r, best cost 54.3001 + 5678.69 = 5732.99 over 688 frames.
LOG (lattice-best-path[5.5.891~1-37628]:main():lattice-best-path.cc:99) For utterance 1041_388_l, best cost 43.4204 + 6320.48 = 6363.9 over 739 frames.
LOG (lattice-best-path[5.5.891~1-37628]:main():lattice-best-path.cc:99) For utterance 1041_388_r, best cost 46.6932 + 6260.98 = 6307.67 over 739 frames.
LOG (lattice-best-path[5.5.891~1-37628]:main():lattice-best-path.cc:99) For utterance 1041_389_l, best cost 51.8331 + 4183.76 = 4235.59 over 465 frames.
LOG (lattice-best-path[5.5.891~1-37628]:main():lattice-best-path.cc:99) For utterance 1041_389_r, best cost 35.9051 + 4209 = 4244.9 over 465 frames.
LOG (lattice-best-path[5.5.891~1-37628]:main():lattice-best-path.cc:99) For utterance 1041_38_l, best cost 7.5248 + 192.44 = 199.965 over 20 frames.
LOG (lattice-best-path[5.5.891~1-37628]:main():lattice-best-path.cc:99) For utterance 1041_38_r, best cost 7.50035 + 194.656 = 202.156 over 20 frames.
LOG (lattice-best-path[5.5.891~1-37628]:main():lattice-best-path.cc:99) For utterance 1041_391_l, best cost 32.3267 + 2375.82 = 2408.15 over 250 frames.
LOG (lattice-best-path[5.5.891~1-37628]:main():lattice-best-path.cc:99) For utterance 1041_391_r, best cost 33.2238 + 2366.26 = 2399.48 over 250 frames.
LOG (lattice-best-path[5.5.891~1-37628]:main():lattice-best-path.cc:99) For utterance 1041_393_l, best cost 12.842 + 1712.03 = 1724.87 over 180 frames.
LOG (lattice-best-path[5.5.891~1-37628]:main():lattice-best-path.cc:99) For utterance 1041_393_r, best cost 17.9794 + 1690.49 = 1708.47 over 180 frames.
LOG (lattice-best-path[5.5.891~1-37628]:main():lattice-best-path.cc:99) For utterance 1041_395_l, best cost 40.0697 + 5395.68 = 5435.75 over 566 frames.
LOG (lattice-best-path[5.5.891~1-37628]:main():lattice-best-path.cc:99) For utterance 1041_395_r, best cost 46.6494 + 5397.28 = 5443.92 over 566 frames.
LOG (lattice-best-path[5.5.891~1-37628]:main():lattice-best-path.cc:99) For utterance 1041_396_l, best cost 61.1386 + 6164.93 = 6226.07 over 669 frames.
LOG (lattice-best-path[5.5.891~1-37628]:main():lattice-best-path.cc:99) For utterance 1041_396_r, best cost 52.1156 + 6179.06 = 6231.17 over 669 frames.
LOG (lattice-best-path[5.5.891~1-37628]:main():lattice-best-path.cc:99) For utterance 1041_397_l, best cost 11.6467 + 1813.03 = 1824.68 over 217 frames.
LOG (lattice-best-path[5.5.891~1-37628]:main():lattice-best-path.cc:99) For utterance 1041_397_r, best cost 14.2794 + 1790.36 = 1804.64 over 217 frames.
LOG (lattice-best-path[5.5.891~1-37628]:main():lattice-best-path.cc:99) For utterance 1041_399_l, best cost 16.4884 + 1876.42 = 1892.91 over 195 frames.
LOG (lattice-best-path[5.5.891~1-37628]:main():lattice-best-path.cc:99) For utterance 1041_399_r, best cost 16.4901 + 1874.2 = 1890.69 over 195 frames.
LOG (lattice-best-path[5.5.891~1-37628]:main():lattice-best-path.cc:99) For utterance 1041_401_l, best cost 108.615 + 9909.48 = 10018.1 over 1065 frames.
LOG (lattice-best-path[5.5.891~1-37628]:main():lattice-best-path.cc:99) For utterance 1041_401_r, best cost 100.565 + 9940.07 = 10040.6 over 1065 frames.
LOG (lattice-best-path[5.5.891~1-37628]:main():lattice-best-path.cc:99) For utterance 1041_402_l, best cost 39.939 + 5858.25 = 5898.19 over 673 frames.
LOG (lattice-best-path[5.5.891~1-37628]:main():lattice-best-path.cc:99) For utterance 1041_402_r, best cost 40.1408 + 5813.8 = 5853.94 over 673 frames.
LOG (lattice-best-path[5.5.891~1-37628]:main():lattice-best-path.cc:99) For utterance 1041_403_l, best cost 17.0039 + 3103.78 = 3120.78 over 353 frames.
LOG (lattice-best-path[5.5.891~1-37628]:main():lattice-best-path.cc:99) For utterance 1041_403_r, best cost 19.5688 + 3084.11 = 3103.68 over 353 frames.
LOG (lattice-best-path[5.5.891~1-37628]:main():lattice-best-path.cc:99) For utterance 1041_40_l, best cost 20.4592 + 3307.66 = 3328.12 over 350 frames.
LOG (lattice-best-path[5.5.891~1-37628]:main():lattice-best-path.cc:99) For utterance 1041_40_r, best cost 17.8487 + 3328.27 = 3346.12 over 350 frames.
LOG (lattice-best-path[5.5.891~1-37628]:main():lattice-best-path.cc:99) For utterance 1041_42_l, best cost 28.9819 + 2620.32 = 2649.3 over 276 frames.
LOG (lattice-best-path[5.5.891~1-37628]:main():lattice-best-path.cc:99) For utterance 1041_42_r, best cost 20.5795 + 2662.84 = 2683.42 over 276 frames.
LOG (lattice-best-path[5.5.891~1-37628]:main():lattice-best-path.cc:99) For utterance 1041_44_l, best cost 8.62473 + 654.256 = 662.881 over 71 frames.
LOG (lattice-best-path[5.5.891~1-37628]:main():lattice-best-path.cc:99) For utterance 1041_44_r, best cost 8.61994 + 651.645 = 660.265 over 71 frames.
LOG (lattice-best-path[5.5.891~1-37628]:main():lattice-best-path.cc:99) For utterance 1041_46_l, best cost 14.148 + 941.992 = 956.14 over 96 frames.
LOG (lattice-best-path[5.5.891~1-37628]:main():lattice-best-path.cc:99) For utterance 1041_46_r, best cost 14.1315 + 950.859 = 964.991 over 96 frames.
LOG (lattice-best-path[5.5.891~1-37628]:main():lattice-best-path.cc:99) For utterance 1041_48_l, best cost 5.58229 + 132.38 = 137.963 over 14 frames.
LOG (lattice-best-path[5.5.891~1-37628]:main():lattice-best-path.cc:99) For utterance 1041_48_r, best cost 7.44781 + 133.511 = 140.959 over 14 frames.
LOG (lattice-best-path[5.5.891~1-37628]:main():lattice-best-path.cc:99) For utterance 1041_4_l, best cost 8.47957 + 482.66 = 491.14 over 50 frames.
LOG (lattice-best-path[5.5.891~1-37628]:main():lattice-best-path.cc:99) For utterance 1041_4_r, best cost 8.48086 + 486.222 = 494.703 over 50 frames.
LOG (lattice-best-path[5.5.891~1-37628]:main():lattice-best-path.cc:99) For utterance 1041_50_l, best cost 33.6322 + 2767.58 = 2801.21 over 285 frames.
LOG (lattice-best-path[5.5.891~1-37628]:main():lattice-best-path.cc:99) For utterance 1041_50_r, best cost 28.8445 + 2798.18 = 2827.03 over 285 frames.
LOG (lattice-best-path[5.5.891~1-37628]:main():lattice-best-path.cc:99) For utterance 1041_52_l, best cost 55.8246 + 6444.58 = 6500.4 over 690 frames.
LOG (lattice-best-path[5.5.891~1-37628]:main():lattice-best-path.cc:99) For utterance 1041_52_r, best cost 41.8136 + 6517.62 = 6559.43 over 690 frames.
LOG (lattice-best-path[5.5.891~1-37628]:main():lattice-best-path.cc:99) For utterance 1041_54_l, best cost 40.3814 + 2367.48 = 2407.86 over 242 frames.
LOG (lattice-best-path[5.5.891~1-37628]:main():lattice-best-path.cc:99) For utterance 1041_54_r, best cost 17.48 + 2428.92 = 2446.4 over 242 frames.
LOG (lattice-best-path[5.5.891~1-37628]:main():lattice-best-path.cc:99) For utterance 1041_56_l, best cost 17.2888 + 2863.6 = 2880.89 over 284 frames.
LOG (lattice-best-path[5.5.891~1-37628]:main():lattice-best-path.cc:99) For utterance 1041_56_r, best cost 17.2837 + 2893.2 = 2910.49 over 284 frames.
LOG (lattice-best-path[5.5.891~1-37628]:main():lattice-best-path.cc:99) For utterance 1041_58_l, best cost 10.1051 + 327.421 = 337.526 over 34 frames.
LOG (lattice-best-path[5.5.891~1-37628]:main():lattice-best-path.cc:99) For utterance 1041_58_r, best cost 10.1086 + 323.456 = 333.564 over 34 frames.
LOG (lattice-best-path[5.5.891~1-37628]:main():lattice-best-path.cc:99) For utterance 1041_60_l, best cost 65.0949 + 7155.51 = 7220.61 over 746 frames.
LOG (lattice-best-path[5.5.891~1-37628]:main():lattice-best-path.cc:99) For utterance 1041_60_r, best cost 64.9837 + 7217.57 = 7282.55 over 746 frames.
LOG (lattice-best-path[5.5.891~1-37628]:main():lattice-best-path.cc:99) For utterance 1041_61_l, best cost 39.7829 + 3137.18 = 3176.96 over 346 frames.
LOG (lattice-best-path[5.5.891~1-37628]:main():lattice-best-path.cc:99) For utterance 1041_61_r, best cost 40.3697 + 3147.85 = 3188.22 over 346 frames.
LOG (lattice-best-path[5.5.891~1-37628]:main():lattice-best-path.cc:99) For utterance 1041_63_l, best cost 14.4538 + 1352.2 = 1366.65 over 139 frames.
LOG (lattice-best-path[5.5.891~1-37628]:main():lattice-best-path.cc:99) For utterance 1041_63_r, best cost 11.5254 + 1357.21 = 1368.74 over 139 frames.
LOG (lattice-best-path[5.5.891~1-37628]:main():lattice-best-path.cc:99) For utterance 1041_65_l, best cost 10.3158 + 665.322 = 675.638 over 71 frames.
LOG (lattice-best-path[5.5.891~1-37628]:main():lattice-best-path.cc:99) For utterance 1041_65_r, best cost 16.7552 + 661.406 = 678.162 over 71 frames.
LOG (lattice-best-path[5.5.891~1-37628]:main():lattice-best-path.cc:99) For utterance 1041_67_l, best cost 16.7077 + 901.349 = 918.056 over 94 frames.
LOG (lattice-best-path[5.5.891~1-37628]:main():lattice-best-path.cc:99) For utterance 1041_67_r, best cost 23.0484 + 923.038 = 946.086 over 94 frames.
LOG (lattice-best-path[5.5.891~1-37628]:main():lattice-best-path.cc:99) For utterance 1041_69_l, best cost 18.9151 + 2572.58 = 2591.49 over 271 frames.
LOG (lattice-best-path[5.5.891~1-37628]:main():lattice-best-path.cc:99) For utterance 1041_69_r, best cost 21.5298 + 2607.04 = 2628.57 over 271 frames.
LOG (lattice-best-path[5.5.891~1-37628]:main():lattice-best-path.cc:99) For utterance 1041_6_l, best cost 11.4782 + 990.231 = 1001.71 over 100 frames.
LOG (lattice-best-path[5.5.891~1-37628]:main():lattice-best-path.cc:99) For utterance 1041_6_r, best cost 11.3547 + 988.922 = 1000.28 over 100 frames.
LOG (lattice-best-path[5.5.891~1-37628]:main():lattice-best-path.cc:99) For utterance 1041_71_l, best cost 29.9187 + 4799.23 = 4829.15 over 498 frames.
LOG (lattice-best-path[5.5.891~1-37628]:main():lattice-best-path.cc:99) For utterance 1041_71_r, best cost 29.869 + 4857.51 = 4887.38 over 498 frames.
LOG (lattice-best-path[5.5.891~1-37628]:main():lattice-best-path.cc:99) For utterance 1041_73_l, best cost 8.53642 + 517.835 = 526.371 over 52 frames.
LOG (lattice-best-path[5.5.891~1-37628]:main():lattice-best-path.cc:99) For utterance 1041_73_r, best cost 8.51198 + 518.696 = 527.208 over 52 frames.
LOG (lattice-best-path[5.5.891~1-37628]:main():lattice-best-path.cc:99) For utterance 1041_75_l, best cost 27.125 + 1383.53 = 1410.66 over 146 frames.
LOG (lattice-best-path[5.5.891~1-37628]:main():lattice-best-path.cc:99) For utterance 1041_75_r, best cost 25.5188 + 1392.5 = 1418.01 over 146 frames.
LOG (lattice-best-path[5.5.891~1-37628]:main():lattice-best-path.cc:99) For utterance 1041_77_l, best cost 40.9278 + 4590.65 = 4631.58 over 473 frames.
LOG (lattice-best-path[5.5.891~1-37628]:main():lattice-best-path.cc:99) For utterance 1041_77_r, best cost 28.734 + 4639.16 = 4667.89 over 473 frames.
LOG (lattice-best-path[5.5.891~1-37628]:main():lattice-best-path.cc:99) For utterance 1041_78_l, best cost 13.1824 + 1851.09 = 1864.27 over 190 frames.
LOG (lattice-best-path[5.5.891~1-37628]:main():lattice-best-path.cc:99) For utterance 1041_78_r, best cost 13.1824 + 1871.15 = 1884.33 over 190 frames.
LOG (lattice-best-path[5.5.891~1-37628]:main():lattice-best-path.cc:99) For utterance 1041_80_l, best cost 33.1314 + 2875.06 = 2908.19 over 288 frames.
LOG (lattice-best-path[5.5.891~1-37628]:main():lattice-best-path.cc:99) For utterance 1041_80_r, best cost 30.5335 + 2900.6 = 2931.13 over 288 frames.
LOG (lattice-best-path[5.5.891~1-37628]:main():lattice-best-path.cc:99) For utterance 1041_82_l, best cost 44.2539 + 3725.14 = 3769.39 over 383 frames.
LOG (lattice-best-path[5.5.891~1-37628]:main():lattice-best-path.cc:99) For utterance 1041_82_r, best cost 49.6091 + 3732.76 = 3782.37 over 383 frames.
LOG (lattice-best-path[5.5.891~1-37628]:main():lattice-best-path.cc:99) For utterance 1041_84_l, best cost 5.49736 + 100.427 = 105.925 over 10 frames.
LOG (lattice-best-path[5.5.891~1-37628]:main():lattice-best-path.cc:99) For utterance 1041_84_r, best cost 5.49736 + 97.5671 = 103.064 over 10 frames.
LOG (lattice-best-path[5.5.891~1-37628]:main():lattice-best-path.cc:99) For utterance 1041_86_l, best cost 12.157 + 589.43 = 601.587 over 67 frames.
LOG (lattice-best-path[5.5.891~1-37628]:main():lattice-best-path.cc:99) For utterance 1041_86_r, best cost 12.157 + 587.544 = 599.701 over 67 frames.
LOG (lattice-best-path[5.5.891~1-37628]:main():lattice-best-path.cc:99) For utterance 1041_88_l, best cost 21.9107 + 2514.52 = 2536.43 over 251 frames.
LOG (lattice-best-path[5.5.891~1-37628]:main():lattice-best-path.cc:99) For utterance 1041_88_r, best cost 21.8372 + 2560.34 = 2582.18 over 251 frames.
LOG (lattice-best-path[5.5.891~1-37628]:main():lattice-best-path.cc:99) For utterance 1041_8_l, best cost 22.8638 + 1269.3 = 1292.17 over 138 frames.
LOG (lattice-best-path[5.5.891~1-37628]:main():lattice-best-path.cc:99) For utterance 1041_8_r, best cost 15.5651 + 1295.25 = 1310.82 over 138 frames.
LOG (lattice-best-path[5.5.891~1-37628]:main():lattice-best-path.cc:99) For utterance 1041_90_l, best cost 12.9343 + 1250.92 = 1263.86 over 142 frames.
LOG (lattice-best-path[5.5.891~1-37628]:main():lattice-best-path.cc:99) For utterance 1041_90_r, best cost 19.2876 + 1246.86 = 1266.15 over 142 frames.
LOG (lattice-best-path[5.5.891~1-37628]:main():lattice-best-path.cc:99) For utterance 1041_92_l, best cost 45.8002 + 5385.98 = 5431.78 over 568 frames.
LOG (lattice-best-path[5.5.891~1-37628]:main():lattice-best-path.cc:99) For utterance 1041_92_r, best cost 39.6421 + 5436.12 = 5475.76 over 568 frames.
LOG (lattice-best-path[5.5.891~1-37628]:main():lattice-best-path.cc:99) For utterance 1041_94_l, best cost 11.6487 + 1205.94 = 1217.59 over 122 frames.
LOG (lattice-best-path[5.5.891~1-37628]:main():lattice-best-path.cc:99) For utterance 1041_94_r, best cost 14.221 + 1211.04 = 1225.26 over 122 frames.
LOG (lattice-best-path[5.5.891~1-37628]:main():lattice-best-path.cc:99) For utterance 1041_96_l, best cost 31.1556 + 4102.42 = 4133.57 over 421 frames.
LOG (lattice-depth-per-frame[5.5.891~1-37628]:main():lattice-depth-per-frame.cc:82) Done 430 lattices.
LOG (lattice-best-path[5.5.891~1-37628]:main():lattice-best-path.cc:99) For utterance 1041_96_r, best cost 43.2088 + 4109.66 = 4152.87 over 421 frames.
LOG (lattice-best-path[5.5.891~1-37628]:main():lattice-best-path.cc:99) For utterance 1041_98_l, best cost 14.0319 + 1276.15 = 1290.19 over 130 frames.
LOG (lattice-best-path[5.5.891~1-37628]:main():lattice-best-path.cc:99) For utterance 1041_98_r, best cost 14.0203 + 1295.42 = 1309.44 over 130 frames.
LOG (lattice-best-path[5.5.891~1-37628]:main():lattice-best-path.cc:124) Overall cost per frame is 9.30664 = 0.0889897 [graph] + 9.21765 [acoustic] over 137768 frames.
LOG (lattice-best-path[5.5.891~1-37628]:main():lattice-best-path.cc:128) Done 430 lattices, failed for 0
# Accounting: time=1 threads=1
# Ended (code 0) at Fri Mar 12 14:03:29 CET 2021, elapsed time 1 seconds
