# gmm-init-model --write-occs=exp/tri1/1.occs exp/tri1/tree exp/tri1/treeacc data/lang/topo exp/tri1/1.mdl 
# Started at Fri Mar 12 17:38:36 CET 2021
#
gmm-init-model --write-occs=exp/tri1/1.occs exp/tri1/tree exp/tri1/treeacc data/lang/topo exp/tri1/1.mdl 
LOG (gmm-init-model[5.5.891~1-37628]:main():gmm-init-model.cc:271) Number of separate statistics is 8794
WARNING (gmm-init-model[5.5.891~1-37628]:InitAmGmm():gmm-init-model.cc:55) Tree has pdf-id 2 with no stats; corresponding phone list: 11 12 13 14 15 
WARNING (gmm-init-model[5.5.891~1-37628]:InitAmGmm():gmm-init-model.cc:55) Tree has pdf-id 3 with no stats; corresponding phone list: 16 17 18 19 20 
WARNING (gmm-init-model[5.5.891~1-37628]:InitAmGmm():gmm-init-model.cc:55) Tree has pdf-id 4 with no stats; corresponding phone list: 21 22 23 24 25 
WARNING (gmm-init-model[5.5.891~1-37628]:InitAmGmm():gmm-init-model.cc:55) Tree has pdf-id 5 with no stats; corresponding phone list: 26 27 28 29 30 
WARNING (gmm-init-model[5.5.891~1-37628]:InitAmGmm():gmm-init-model.cc:55) Tree has pdf-id 6 with no stats; corresponding phone list: 31 32 33 34 35 
WARNING (gmm-init-model[5.5.891~1-37628]:InitAmGmm():gmm-init-model.cc:55) Tree has pdf-id 7 with no stats; corresponding phone list: 36 37 38 39 40 
WARNING (gmm-init-model[5.5.891~1-37628]:InitAmGmm():gmm-init-model.cc:55) Tree has pdf-id 8 with no stats; corresponding phone list: 41 42 43 44 45 
WARNING (gmm-init-model[5.5.891~1-37628]:InitAmGmm():gmm-init-model.cc:55) Tree has pdf-id 9 with no stats; corresponding phone list: 46 47 48 49 50 
WARNING (gmm-init-model[5.5.891~1-37628]:InitAmGmm():gmm-init-model.cc:55) Tree has pdf-id 10 with no stats; corresponding phone list: 51 52 53 54 55 
WARNING (gmm-init-model[5.5.891~1-37628]:InitAmGmm():gmm-init-model.cc:55) Tree has pdf-id 11 with no stats; corresponding phone list: 56 57 58 59 60 
WARNING (gmm-init-model[5.5.891~1-37628]:InitAmGmm():gmm-init-model.cc:55) Tree has pdf-id 12 with no stats; corresponding phone list: 61 62 63 64 65 
WARNING (gmm-init-model[5.5.891~1-37628]:InitAmGmm():gmm-init-model.cc:55) Tree has pdf-id 13 with no stats; corresponding phone list: 66 67 68 69 70 
WARNING (gmm-init-model[5.5.891~1-37628]:InitAmGmm():gmm-init-model.cc:55) Tree has pdf-id 14 with no stats; corresponding phone list: 71 72 73 74 75 
WARNING (gmm-init-model[5.5.891~1-37628]:InitAmGmm():gmm-init-model.cc:83) Very small count for state 20: 55; corresponding phone list: 98 
WARNING (gmm-init-model[5.5.891~1-37628]:InitAmGmm():gmm-init-model.cc:83) Very small count for state 21: 81; corresponding phone list: 100 101 102 103 
WARNING (gmm-init-model[5.5.891~1-37628]:InitAmGmm():gmm-init-model.cc:83) Very small count for state 22: 86; corresponding phone list: 104 105 106 107 
WARNING (gmm-init-model[5.5.891~1-37628]:InitAmGmm():gmm-init-model.cc:83) Very small count for state 29: 42; corresponding phone list: 132 133 134 135 
WARNING (gmm-init-model[5.5.891~1-37628]:InitAmGmm():gmm-init-model.cc:83) Very small count for state 34: 45; corresponding phone list: 152 153 154 155 
WARNING (gmm-init-model[5.5.891~1-37628]:InitAmGmm():gmm-init-model.cc:83) Very small count for state 35: 94; corresponding phone list: 156 157 158 159 
WARNING (gmm-init-model[5.5.891~1-37628]:InitAmGmm():gmm-init-model.cc:83) Very small count for state 44: 55; corresponding phone list: 192 193 194 195 
WARNING (gmm-init-model[5.5.891~1-37628]:InitAmGmm():gmm-init-model.cc:83) Very small count for state 48: 69; corresponding phone list: 208 209 210 211 
WARNING (gmm-init-model[5.5.891~1-37628]:InitAmGmm():gmm-init-model.cc:83) Very small count for state 82: 48; corresponding phone list: 100 101 102 103 
WARNING (gmm-init-model[5.5.891~1-37628]:InitAmGmm():gmm-init-model.cc:83) Very small count for state 84: 85; corresponding phone list: 156 157 158 159 
WARNING (gmm-init-model[5.5.891~1-37628]:InitAmGmm():gmm-init-model.cc:83) Very small count for state 86: 60; corresponding phone list: 84 85 86 87 
WARNING (gmm-init-model[5.5.891~1-37628]:InitAmGmm():gmm-init-model.cc:83) Very small count for state 87: 50; corresponding phone list: 160 161 162 163 
WARNING (gmm-init-model[5.5.891~1-37628]:InitAmGmm():gmm-init-model.cc:83) Very small count for state 93: 37; corresponding phone list: 80 81 82 83 
WARNING (gmm-init-model[5.5.891~1-37628]:InitAmGmm():gmm-init-model.cc:83) Very small count for state 122: 66; corresponding phone list: 76 78 
WARNING (gmm-init-model[5.5.891~1-37628]:InitAmGmm():gmm-init-model.cc:83) Very small count for state 126: 33; corresponding phone list: 108 110 111 
WARNING (gmm-init-model[5.5.891~1-37628]:InitAmGmm():gmm-init-model.cc:83) Very small count for state 131: 92; corresponding phone list: 80 81 82 83 
WARNING (gmm-init-model[5.5.891~1-37628]:InitAmGmm():gmm-init-model.cc:83) Very small count for state 139: 96; corresponding phone list: 136 137 138 139 
WARNING (gmm-init-model[5.5.891~1-37628]:InitAmGmm():gmm-init-model.cc:83) Very small count for state 140: 23; corresponding phone list: 196 197 198 199 
WARNING (gmm-init-model[5.5.891~1-37628]:InitAmGmm():gmm-init-model.cc:83) Very small count for state 144: 36; corresponding phone list: 164 165 166 167 
WARNING (gmm-init-model[5.5.891~1-37628]:InitAmGmm():gmm-init-model.cc:83) Very small count for state 146: 64; corresponding phone list: 137 
WARNING (gmm-init-model[5.5.891~1-37628]:InitAmGmm():gmm-init-model.cc:83) Very small count for state 148: 68; corresponding phone list: 152 153 154 155 
WARNING (gmm-init-model[5.5.891~1-37628]:InitAmGmm():gmm-init-model.cc:83) Very small count for state 151: 73; corresponding phone list: 96 97 98 99 
WARNING (gmm-init-model[5.5.891~1-37628]:InitAmGmm():gmm-init-model.cc:83) Very small count for state 161: 89; corresponding phone list: 76 77 79 
WARNING (gmm-init-model[5.5.891~1-37628]:InitAmGmm():gmm-init-model.cc:83) Very small count for state 165: 96; corresponding phone list: 160 161 162 163 
WARNING (gmm-init-model[5.5.891~1-37628]:InitAmGmm():gmm-init-model.cc:83) Very small count for state 173: 75; corresponding phone list: 112 113 114 115 
WARNING (gmm-init-model[5.5.891~1-37628]:InitAmGmm():gmm-init-model.cc:83) Very small count for state 179: 80; corresponding phone list: 100 101 102 103 
WARNING (gmm-init-model[5.5.891~1-37628]:InitAmGmm():gmm-init-model.cc:83) Very small count for state 181: 27; corresponding phone list: 100 101 102 103 
WARNING (gmm-init-model[5.5.891~1-37628]:InitAmGmm():gmm-init-model.cc:83) Very small count for state 188: 86; corresponding phone list: 76 77 78 79 
WARNING (gmm-init-model[5.5.891~1-37628]:InitAmGmm():gmm-init-model.cc:83) Very small count for state 189: 18; corresponding phone list: 180 181 182 183 
WARNING (gmm-init-model[5.5.891~1-37628]:InitAmGmm():gmm-init-model.cc:83) Very small count for state 194: 88; corresponding phone list: 112 113 114 115 
WARNING (gmm-init-model[5.5.891~1-37628]:InitAmGmm():gmm-init-model.cc:83) Very small count for state 197: 55; corresponding phone list: 76 77 78 
WARNING (gmm-init-model[5.5.891~1-37628]:InitAmGmm():gmm-init-model.cc:83) Very small count for state 198: 27; corresponding phone list: 188 189 190 191 
WARNING (gmm-init-model[5.5.891~1-37628]:InitAmGmm():gmm-init-model.cc:83) Very small count for state 201: 72; corresponding phone list: 96 97 98 99 
WARNING (gmm-init-model[5.5.891~1-37628]:InitAmGmm():gmm-init-model.cc:83) Very small count for state 217: 91; corresponding phone list: 80 81 82 83 
WARNING (gmm-init-model[5.5.891~1-37628]:InitAmGmm():gmm-init-model.cc:83) Very small count for state 223: 54; corresponding phone list: 136 138 139 
WARNING (gmm-init-model[5.5.891~1-37628]:InitAmGmm():gmm-init-model.cc:83) Very small count for state 225: 49; corresponding phone list: 92 93 94 95 
WARNING (gmm-init-model[5.5.891~1-37628]:InitAmGmm():gmm-init-model.cc:83) Very small count for state 250: 86; corresponding phone list: 196 197 198 199 
WARNING (gmm-init-model[5.5.891~1-37628]:InitAmGmm():gmm-init-model.cc:83) Very small count for state 260: 44; corresponding phone list: 112 113 114 115 
WARNING (gmm-init-model[5.5.891~1-37628]:InitAmGmm():gmm-init-model.cc:83) Very small count for state 263: 81; corresponding phone list: 156 157 158 159 
WARNING (gmm-init-model[5.5.891~1-37628]:InitAmGmm():gmm-init-model.cc:83) Very small count for state 265: 46; corresponding phone list: 77 
WARNING (gmm-init-model[5.5.891~1-37628]:InitAmGmm():gmm-init-model.cc:83) Very small count for state 270: 47; corresponding phone list: 80 81 82 83 
WARNING (gmm-init-model[5.5.891~1-37628]:InitAmGmm():gmm-init-model.cc:83) Very small count for state 272: 54; corresponding phone list: 77 
WARNING (gmm-init-model[5.5.891~1-37628]:InitAmGmm():gmm-init-model.cc:83) Very small count for state 277: 68; corresponding phone list: 137 
WARNING (gmm-init-model[5.5.891~1-37628]:InitAmGmm():gmm-init-model.cc:83) Very small count for state 283: 39; corresponding phone list: 176 177 178 179 
WARNING (gmm-init-model[5.5.891~1-37628]:InitAmGmm():gmm-init-model.cc:83) Very small count for state 284: 95; corresponding phone list: 100 101 102 103 
WARNING (gmm-init-model[5.5.891~1-37628]:InitAmGmm():gmm-init-model.cc:83) Very small count for state 288: 94; corresponding phone list: 172 173 174 175 
WARNING (gmm-init-model[5.5.891~1-37628]:InitAmGmm():gmm-init-model.cc:83) Very small count for state 295: 73; corresponding phone list: 100 101 102 103 
WARNING (gmm-init-model[5.5.891~1-37628]:InitAmGmm():gmm-init-model.cc:83) Very small count for state 296: 77; corresponding phone list: 100 101 102 103 
WARNING (gmm-init-model[5.5.891~1-37628]:InitAmGmm():gmm-init-model.cc:83) Very small count for state 304: 67; corresponding phone list: 130 
WARNING (gmm-init-model[5.5.891~1-37628]:InitAmGmm():gmm-init-model.cc:83) Very small count for state 319: 87; corresponding phone list: 88 89 90 91 
WARNING (gmm-init-model[5.5.891~1-37628]:InitAmGmm():gmm-init-model.cc:83) Very small count for state 324: 67; corresponding phone list: 134 
WARNING (gmm-init-model[5.5.891~1-37628]:InitAmGmm():gmm-init-model.cc:83) Very small count for state 326: 54; corresponding phone list: 76 77 78 79 
WARNING (gmm-init-model[5.5.891~1-37628]:InitAmGmm():gmm-init-model.cc:83) Very small count for state 333: 61; corresponding phone list: 100 101 102 103 
WARNING (gmm-init-model[5.5.891~1-37628]:InitAmGmm():gmm-init-model.cc:83) Very small count for state 354: 42; corresponding phone list: 164 165 166 167 
WARNING (gmm-init-model[5.5.891~1-37628]:InitAmGmm():gmm-init-model.cc:83) Very small count for state 355: 61; corresponding phone list: 152 153 154 155 
WARNING (gmm-init-model[5.5.891~1-37628]:InitAmGmm():gmm-init-model.cc:83) Very small count for state 361: 24; corresponding phone list: 76 78 
WARNING (gmm-init-model[5.5.891~1-37628]:InitAmGmm():gmm-init-model.cc:83) Very small count for state 363: 58; corresponding phone list: 172 173 174 175 
WARNING (gmm-init-model[5.5.891~1-37628]:InitAmGmm():gmm-init-model.cc:83) Very small count for state 377: 46; corresponding phone list: 84 85 86 87 
WARNING (gmm-init-model[5.5.891~1-37628]:InitAmGmm():gmm-init-model.cc:83) Very small count for state 388: 76; corresponding phone list: 100 101 102 103 
WARNING (gmm-init-model[5.5.891~1-37628]:InitAmGmm():gmm-init-model.cc:83) Very small count for state 393: 73; corresponding phone list: 77 
WARNING (gmm-init-model[5.5.891~1-37628]:InitAmGmm():gmm-init-model.cc:83) Very small count for state 404: 45; corresponding phone list: 120 121 122 123 
WARNING (gmm-init-model[5.5.891~1-37628]:InitAmGmm():gmm-init-model.cc:83) Very small count for state 413: 85; corresponding phone list: 184 186 187 
WARNING (gmm-init-model[5.5.891~1-37628]:InitAmGmm():gmm-init-model.cc:83) Very small count for state 416: 87; corresponding phone list: 180 181 182 183 
WARNING (gmm-init-model[5.5.891~1-37628]:InitAmGmm():gmm-init-model.cc:83) Very small count for state 419: 50; corresponding phone list: 76 78 
WARNING (gmm-init-model[5.5.891~1-37628]:InitAmGmm():gmm-init-model.cc:83) Very small count for state 422: 67; corresponding phone list: 152 153 154 155 
WARNING (gmm-init-model[5.5.891~1-37628]:InitAmGmm():gmm-init-model.cc:83) Very small count for state 426: 87; corresponding phone list: 80 81 82 83 
WARNING (gmm-init-model[5.5.891~1-37628]:InitAmGmm():gmm-init-model.cc:83) Very small count for state 432: 77; corresponding phone list: 176 177 178 179 
WARNING (gmm-init-model[5.5.891~1-37628]:InitAmGmm():gmm-init-model.cc:83) Very small count for state 436: 93; corresponding phone list: 168 169 170 171 
WARNING (gmm-init-model[5.5.891~1-37628]:InitAmGmm():gmm-init-model.cc:83) Very small count for state 442: 40; corresponding phone list: 80 81 82 83 
WARNING (gmm-init-model[5.5.891~1-37628]:InitAmGmm():gmm-init-model.cc:83) Very small count for state 454: 94; corresponding phone list: 92 93 94 95 
WARNING (gmm-init-model[5.5.891~1-37628]:InitAmGmm():gmm-init-model.cc:83) Very small count for state 459: 96; corresponding phone list: 76 78 
WARNING (gmm-init-model[5.5.891~1-37628]:InitAmGmm():gmm-init-model.cc:83) Very small count for state 469: 72; corresponding phone list: 80 81 82 83 
WARNING (gmm-init-model[5.5.891~1-37628]:InitAmGmm():gmm-init-model.cc:83) Very small count for state 471: 72; corresponding phone list: 112 113 114 115 
WARNING (gmm-init-model[5.5.891~1-37628]:InitAmGmm():gmm-init-model.cc:83) Very small count for state 497: 75; corresponding phone list: 124 125 126 127 
WARNING (gmm-init-model[5.5.891~1-37628]:InitAmGmm():gmm-init-model.cc:83) Very small count for state 507: 92; corresponding phone list: 152 153 154 155 
WARNING (gmm-init-model[5.5.891~1-37628]:InitAmGmm():gmm-init-model.cc:83) Very small count for state 553: 44; corresponding phone list: 204 205 206 207 
WARNING (gmm-init-model[5.5.891~1-37628]:InitAmGmm():gmm-init-model.cc:83) Very small count for state 555: 44; corresponding phone list: 196 197 198 199 
WARNING (gmm-init-model[5.5.891~1-37628]:InitAmGmm():gmm-init-model.cc:83) Very small count for state 556: 51; corresponding phone list: 188 189 190 191 
LOG (gmm-init-model[5.5.891~1-37628]:main():gmm-init-model.cc:306) Wrote model.
# Accounting: time=0 threads=1
# Ended (code 0) at Fri Mar 12 17:38:36 CET 2021, elapsed time 0 seconds
