# build-tree --verbose=1 --max-leaves=2500 --cluster-thresh=-1 exp/tri2/treeacc data/lang/phones/roots.int exp/tri2/questions.qst data/lang/topo exp/tri2/tree 
# Started at Fri Mar 12 16:40:41 CET 2021
#
build-tree --verbose=1 --max-leaves=2500 --cluster-thresh=-1 exp/tri2/treeacc data/lang/phones/roots.int exp/tri2/questions.qst data/lang/topo exp/tri2/tree 
LOG (build-tree[5.5.891~1-37628]:main():build-tree.cc:104) Number of separate statistics is 3924
LOG (build-tree[5.5.891~1-37628]:BuildTree():build-tree.cc:161) BuildTree: before building trees, map has 49 leaves.
LOG (build-tree[5.5.891~1-37628]:SplitDecisionTree():build-tree-utils.cc:577) DoDecisionTreeSplit: split 124 times, #leaves now 173
LOG (build-tree[5.5.891~1-37628]:BuildTree():build-tree.cc:187) Setting clustering threshold to smallest split 300.718
VLOG[1] (build-tree[5.5.891~1-37628]:BuildTree():build-tree.cc:196) After decision tree split, num-leaves = 173, like-impr = 3.58887 per frame over 25328 frames.
VLOG[1] (build-tree[5.5.891~1-37628]:BuildTree():build-tree.cc:200) Including just phones that were split, improvement is 3.58887 per frame over 25328 frames.
LOG (build-tree[5.5.891~1-37628]:BuildTree():build-tree.cc:215) BuildTree: removed 18 leaves.
VLOG[1] (build-tree[5.5.891~1-37628]:ClusterEventMapToNClustersRestrictedByMap():build-tree-utils.cc:914) Number of non-empty clusters in map = 34
VLOG[1] (build-tree[5.5.891~1-37628]:ClusterEventMapToNClustersRestrictedByMap():build-tree-utils.cc:915) Number of non-empty clusters = 140
LOG (build-tree[5.5.891~1-37628]:BuildTree():build-tree.cc:231) BuildTree: Rounded num leaves to multiple of 8 by removing 2 leaves.
WARNING (build-tree[5.5.891~1-37628]:BuildTree():build-tree.cc:236) Did not get expected number of leaves: 173 - 18 - 2 != 152
WARNING (build-tree[5.5.891~1-37628]:BuildTree():build-tree.cc:245) num-leaves-out != num-leaves-required: 153 != 152
VLOG[1] (build-tree[5.5.891~1-37628]:BuildTree():build-tree.cc:256) Objf change due to clustering -0.174234 per frame.
VLOG[1] (build-tree[5.5.891~1-37628]:BuildTree():build-tree.cc:259) Normalizing over only split phones, this is: -0.174234 per frame.
VLOG[1] (build-tree[5.5.891~1-37628]:BuildTree():build-tree.cc:262) Num-leaves is now 153
VLOG[1] (build-tree[5.5.891~1-37628]:main():build-tree.cc:143) For pdf-id 2, low count 0
VLOG[1] (build-tree[5.5.891~1-37628]:main():build-tree.cc:143) For pdf-id 3, low count 0
VLOG[1] (build-tree[5.5.891~1-37628]:main():build-tree.cc:143) For pdf-id 4, low count 0
VLOG[1] (build-tree[5.5.891~1-37628]:main():build-tree.cc:143) For pdf-id 5, low count 0
VLOG[1] (build-tree[5.5.891~1-37628]:main():build-tree.cc:143) For pdf-id 6, low count 0
VLOG[1] (build-tree[5.5.891~1-37628]:main():build-tree.cc:143) For pdf-id 7, low count 0
VLOG[1] (build-tree[5.5.891~1-37628]:main():build-tree.cc:143) For pdf-id 8, low count 0
VLOG[1] (build-tree[5.5.891~1-37628]:main():build-tree.cc:143) For pdf-id 9, low count 0
VLOG[1] (build-tree[5.5.891~1-37628]:main():build-tree.cc:143) For pdf-id 10, low count 0
VLOG[1] (build-tree[5.5.891~1-37628]:main():build-tree.cc:143) For pdf-id 11, low count 0
VLOG[1] (build-tree[5.5.891~1-37628]:main():build-tree.cc:143) For pdf-id 12, low count 0
VLOG[1] (build-tree[5.5.891~1-37628]:main():build-tree.cc:143) For pdf-id 13, low count 0
VLOG[1] (build-tree[5.5.891~1-37628]:main():build-tree.cc:143) For pdf-id 14, low count 31
VLOG[1] (build-tree[5.5.891~1-37628]:main():build-tree.cc:143) For pdf-id 15, low count 89
VLOG[1] (build-tree[5.5.891~1-37628]:main():build-tree.cc:143) For pdf-id 16, low count 21
VLOG[1] (build-tree[5.5.891~1-37628]:main():build-tree.cc:143) For pdf-id 17, low count 41
VLOG[1] (build-tree[5.5.891~1-37628]:main():build-tree.cc:143) For pdf-id 19, low count 81
VLOG[1] (build-tree[5.5.891~1-37628]:main():build-tree.cc:143) For pdf-id 20, low count 46
VLOG[1] (build-tree[5.5.891~1-37628]:main():build-tree.cc:143) For pdf-id 21, low count 15
VLOG[1] (build-tree[5.5.891~1-37628]:main():build-tree.cc:143) For pdf-id 23, low count 79
VLOG[1] (build-tree[5.5.891~1-37628]:main():build-tree.cc:143) For pdf-id 28, low count 84
VLOG[1] (build-tree[5.5.891~1-37628]:main():build-tree.cc:143) For pdf-id 33, low count 49
VLOG[1] (build-tree[5.5.891~1-37628]:main():build-tree.cc:143) For pdf-id 35, low count 23
VLOG[1] (build-tree[5.5.891~1-37628]:main():build-tree.cc:143) For pdf-id 37, low count 86
VLOG[1] (build-tree[5.5.891~1-37628]:main():build-tree.cc:143) For pdf-id 40, low count 49
VLOG[1] (build-tree[5.5.891~1-37628]:main():build-tree.cc:143) For pdf-id 41, low count 62
VLOG[1] (build-tree[5.5.891~1-37628]:main():build-tree.cc:143) For pdf-id 42, low count 64
VLOG[1] (build-tree[5.5.891~1-37628]:main():build-tree.cc:143) For pdf-id 43, low count 12
VLOG[1] (build-tree[5.5.891~1-37628]:main():build-tree.cc:143) For pdf-id 44, low count 3
VLOG[1] (build-tree[5.5.891~1-37628]:main():build-tree.cc:143) For pdf-id 45, low count 0
VLOG[1] (build-tree[5.5.891~1-37628]:main():build-tree.cc:143) For pdf-id 46, low count 0
VLOG[1] (build-tree[5.5.891~1-37628]:main():build-tree.cc:143) For pdf-id 47, low count 11
VLOG[1] (build-tree[5.5.891~1-37628]:main():build-tree.cc:143) For pdf-id 48, low count 0
VLOG[1] (build-tree[5.5.891~1-37628]:main():build-tree.cc:143) For pdf-id 49, low count 61
VLOG[1] (build-tree[5.5.891~1-37628]:main():build-tree.cc:143) For pdf-id 50, low count 46
VLOG[1] (build-tree[5.5.891~1-37628]:main():build-tree.cc:143) For pdf-id 58, low count 33
VLOG[1] (build-tree[5.5.891~1-37628]:main():build-tree.cc:143) For pdf-id 59, low count 35
VLOG[1] (build-tree[5.5.891~1-37628]:main():build-tree.cc:143) For pdf-id 62, low count 45
VLOG[1] (build-tree[5.5.891~1-37628]:main():build-tree.cc:143) For pdf-id 64, low count 94
VLOG[1] (build-tree[5.5.891~1-37628]:main():build-tree.cc:143) For pdf-id 66, low count 74
VLOG[1] (build-tree[5.5.891~1-37628]:main():build-tree.cc:143) For pdf-id 68, low count 77
VLOG[1] (build-tree[5.5.891~1-37628]:main():build-tree.cc:143) For pdf-id 70, low count 61
VLOG[1] (build-tree[5.5.891~1-37628]:main():build-tree.cc:143) For pdf-id 71, low count 16
VLOG[1] (build-tree[5.5.891~1-37628]:main():build-tree.cc:143) For pdf-id 72, low count 70
VLOG[1] (build-tree[5.5.891~1-37628]:main():build-tree.cc:143) For pdf-id 74, low count 45
VLOG[1] (build-tree[5.5.891~1-37628]:main():build-tree.cc:143) For pdf-id 75, low count 26
VLOG[1] (build-tree[5.5.891~1-37628]:main():build-tree.cc:143) For pdf-id 78, low count 23
VLOG[1] (build-tree[5.5.891~1-37628]:main():build-tree.cc:143) For pdf-id 80, low count 51
VLOG[1] (build-tree[5.5.891~1-37628]:main():build-tree.cc:143) For pdf-id 81, low count 53
VLOG[1] (build-tree[5.5.891~1-37628]:main():build-tree.cc:143) For pdf-id 82, low count 24
VLOG[1] (build-tree[5.5.891~1-37628]:main():build-tree.cc:143) For pdf-id 83, low count 37
VLOG[1] (build-tree[5.5.891~1-37628]:main():build-tree.cc:143) For pdf-id 85, low count 46
VLOG[1] (build-tree[5.5.891~1-37628]:main():build-tree.cc:143) For pdf-id 86, low count 54
VLOG[1] (build-tree[5.5.891~1-37628]:main():build-tree.cc:143) For pdf-id 87, low count 63
VLOG[1] (build-tree[5.5.891~1-37628]:main():build-tree.cc:143) For pdf-id 89, low count 40
VLOG[1] (build-tree[5.5.891~1-37628]:main():build-tree.cc:143) For pdf-id 92, low count 54
VLOG[1] (build-tree[5.5.891~1-37628]:main():build-tree.cc:143) For pdf-id 97, low count 51
VLOG[1] (build-tree[5.5.891~1-37628]:main():build-tree.cc:143) For pdf-id 102, low count 65
VLOG[1] (build-tree[5.5.891~1-37628]:main():build-tree.cc:143) For pdf-id 105, low count 35
VLOG[1] (build-tree[5.5.891~1-37628]:main():build-tree.cc:143) For pdf-id 106, low count 79
VLOG[1] (build-tree[5.5.891~1-37628]:main():build-tree.cc:143) For pdf-id 108, low count 23
VLOG[1] (build-tree[5.5.891~1-37628]:main():build-tree.cc:143) For pdf-id 111, low count 96
VLOG[1] (build-tree[5.5.891~1-37628]:main():build-tree.cc:143) For pdf-id 112, low count 34
VLOG[1] (build-tree[5.5.891~1-37628]:main():build-tree.cc:143) For pdf-id 114, low count 68
VLOG[1] (build-tree[5.5.891~1-37628]:main():build-tree.cc:143) For pdf-id 118, low count 52
VLOG[1] (build-tree[5.5.891~1-37628]:main():build-tree.cc:143) For pdf-id 120, low count 98
VLOG[1] (build-tree[5.5.891~1-37628]:main():build-tree.cc:143) For pdf-id 121, low count 73
VLOG[1] (build-tree[5.5.891~1-37628]:main():build-tree.cc:143) For pdf-id 122, low count 34
VLOG[1] (build-tree[5.5.891~1-37628]:main():build-tree.cc:143) For pdf-id 123, low count 93
VLOG[1] (build-tree[5.5.891~1-37628]:main():build-tree.cc:143) For pdf-id 125, low count 40
VLOG[1] (build-tree[5.5.891~1-37628]:main():build-tree.cc:143) For pdf-id 126, low count 19
VLOG[1] (build-tree[5.5.891~1-37628]:main():build-tree.cc:143) For pdf-id 130, low count 19
VLOG[1] (build-tree[5.5.891~1-37628]:main():build-tree.cc:143) For pdf-id 131, low count 35
VLOG[1] (build-tree[5.5.891~1-37628]:main():build-tree.cc:143) For pdf-id 136, low count 66
VLOG[1] (build-tree[5.5.891~1-37628]:main():build-tree.cc:143) For pdf-id 149, low count 86
WARNING (build-tree[5.5.891~1-37628]:main():build-tree.cc:185) Saw no stats for following phones: 1 2 3 4 7 8 9 10 11 12 13 14 15 16 17 18 19 20 21 22 23 24 25 26 27 28 29 30 31 32 33 34 35 36 37 38 39 40 41 42 43 44 45 46 47 48 49 50 51 52 53 54 55 56 57 58 59 60 61 62 63 64 65 66 67 68 69 70 78 86 90 92 94 96 98 102 106 114 118 122 128 130 138 142 146 148 150 154 155 158 159 161 162 166 171 174 175 178 182 185 188 189 190 191 192 194 195 196 197 198 199 200 201 202 203 204 207 208 209 210 
LOG (build-tree[5.5.891~1-37628]:main():build-tree.cc:189) Wrote tree
# Accounting: time=0 threads=1
# Ended (code 0) at Fri Mar 12 16:40:41 CET 2021, elapsed time 0 seconds
