# gmm-init-model --write-occs=exp/tri2/1.occs exp/tri2/tree exp/tri2/treeacc data/lang/topo exp/tri2/1.mdl 
# Started at Fri Mar 12 16:40:41 CET 2021
#
gmm-init-model --write-occs=exp/tri2/1.occs exp/tri2/tree exp/tri2/treeacc data/lang/topo exp/tri2/1.mdl 
LOG (gmm-init-model[5.5.891~1-37628]:main():gmm-init-model.cc:271) Number of separate statistics is 3924
WARNING (gmm-init-model[5.5.891~1-37628]:InitAmGmm():gmm-init-model.cc:55) Tree has pdf-id 2 with no stats; corresponding phone list: 11 12 13 14 15 
WARNING (gmm-init-model[5.5.891~1-37628]:InitAmGmm():gmm-init-model.cc:55) Tree has pdf-id 3 with no stats; corresponding phone list: 16 17 18 19 20 
WARNING (gmm-init-model[5.5.891~1-37628]:InitAmGmm():gmm-init-model.cc:55) Tree has pdf-id 4 with no stats; corresponding phone list: 21 22 23 24 25 
WARNING (gmm-init-model[5.5.891~1-37628]:InitAmGmm():gmm-init-model.cc:55) Tree has pdf-id 5 with no stats; corresponding phone list: 26 27 28 29 30 
WARNING (gmm-init-model[5.5.891~1-37628]:InitAmGmm():gmm-init-model.cc:55) Tree has pdf-id 6 with no stats; corresponding phone list: 31 32 33 34 35 
WARNING (gmm-init-model[5.5.891~1-37628]:InitAmGmm():gmm-init-model.cc:55) Tree has pdf-id 7 with no stats; corresponding phone list: 36 37 38 39 40 
WARNING (gmm-init-model[5.5.891~1-37628]:InitAmGmm():gmm-init-model.cc:55) Tree has pdf-id 8 with no stats; corresponding phone list: 41 42 43 44 45 
WARNING (gmm-init-model[5.5.891~1-37628]:InitAmGmm():gmm-init-model.cc:55) Tree has pdf-id 9 with no stats; corresponding phone list: 46 47 48 49 50 
WARNING (gmm-init-model[5.5.891~1-37628]:InitAmGmm():gmm-init-model.cc:55) Tree has pdf-id 10 with no stats; corresponding phone list: 51 52 53 54 55 
WARNING (gmm-init-model[5.5.891~1-37628]:InitAmGmm():gmm-init-model.cc:55) Tree has pdf-id 11 with no stats; corresponding phone list: 56 57 58 59 60 
WARNING (gmm-init-model[5.5.891~1-37628]:InitAmGmm():gmm-init-model.cc:55) Tree has pdf-id 12 with no stats; corresponding phone list: 61 62 63 64 65 
WARNING (gmm-init-model[5.5.891~1-37628]:InitAmGmm():gmm-init-model.cc:55) Tree has pdf-id 13 with no stats; corresponding phone list: 66 67 68 69 70 
WARNING (gmm-init-model[5.5.891~1-37628]:InitAmGmm():gmm-init-model.cc:55) Tree has pdf-id 45 with no stats; corresponding phone list: 195 196 197 198 
WARNING (gmm-init-model[5.5.891~1-37628]:InitAmGmm():gmm-init-model.cc:55) Tree has pdf-id 46 with no stats; corresponding phone list: 199 200 201 202 
WARNING (gmm-init-model[5.5.891~1-37628]:InitAmGmm():gmm-init-model.cc:55) Tree has pdf-id 48 with no stats; corresponding phone list: 207 208 209 210 
WARNING (gmm-init-model[5.5.891~1-37628]:InitAmGmm():gmm-init-model.cc:83) Very small count for state 14: 31; corresponding phone list: 71 72 73 74 
WARNING (gmm-init-model[5.5.891~1-37628]:InitAmGmm():gmm-init-model.cc:83) Very small count for state 15: 89; corresponding phone list: 75 76 77 78 
WARNING (gmm-init-model[5.5.891~1-37628]:InitAmGmm():gmm-init-model.cc:83) Very small count for state 16: 21; corresponding phone list: 79 80 81 82 
WARNING (gmm-init-model[5.5.891~1-37628]:InitAmGmm():gmm-init-model.cc:83) Very small count for state 17: 41; corresponding phone list: 84 
WARNING (gmm-init-model[5.5.891~1-37628]:InitAmGmm():gmm-init-model.cc:83) Very small count for state 19: 81; corresponding phone list: 91 92 93 94 
WARNING (gmm-init-model[5.5.891~1-37628]:InitAmGmm():gmm-init-model.cc:83) Very small count for state 20: 46; corresponding phone list: 95 96 97 98 
WARNING (gmm-init-model[5.5.891~1-37628]:InitAmGmm():gmm-init-model.cc:83) Very small count for state 21: 15; corresponding phone list: 99 100 101 102 
WARNING (gmm-init-model[5.5.891~1-37628]:InitAmGmm():gmm-init-model.cc:83) Very small count for state 23: 79; corresponding phone list: 107 108 109 110 
WARNING (gmm-init-model[5.5.891~1-37628]:InitAmGmm():gmm-init-model.cc:83) Very small count for state 28: 84; corresponding phone list: 127 128 129 130 
WARNING (gmm-init-model[5.5.891~1-37628]:InitAmGmm():gmm-init-model.cc:83) Very small count for state 33: 49; corresponding phone list: 147 148 149 150 
WARNING (gmm-init-model[5.5.891~1-37628]:InitAmGmm():gmm-init-model.cc:83) Very small count for state 35: 23; corresponding phone list: 155 156 157 158 
WARNING (gmm-init-model[5.5.891~1-37628]:InitAmGmm():gmm-init-model.cc:83) Very small count for state 37: 86; corresponding phone list: 163 164 165 166 
WARNING (gmm-init-model[5.5.891~1-37628]:InitAmGmm():gmm-init-model.cc:83) Very small count for state 40: 49; corresponding phone list: 175 176 177 178 
WARNING (gmm-init-model[5.5.891~1-37628]:InitAmGmm():gmm-init-model.cc:83) Very small count for state 41: 62; corresponding phone list: 179 180 181 182 
WARNING (gmm-init-model[5.5.891~1-37628]:InitAmGmm():gmm-init-model.cc:83) Very small count for state 42: 64; corresponding phone list: 183 184 185 186 
WARNING (gmm-init-model[5.5.891~1-37628]:InitAmGmm():gmm-init-model.cc:83) Very small count for state 43: 12; corresponding phone list: 187 188 189 190 
WARNING (gmm-init-model[5.5.891~1-37628]:InitAmGmm():gmm-init-model.cc:83) Very small count for state 44: 3; corresponding phone list: 191 192 193 194 
WARNING (gmm-init-model[5.5.891~1-37628]:InitAmGmm():gmm-init-model.cc:83) Very small count for state 47: 11; corresponding phone list: 203 204 205 206 
WARNING (gmm-init-model[5.5.891~1-37628]:InitAmGmm():gmm-init-model.cc:83) Very small count for state 49: 61; corresponding phone list: 6 7 8 9 10 
WARNING (gmm-init-model[5.5.891~1-37628]:InitAmGmm():gmm-init-model.cc:83) Very small count for state 50: 46; corresponding phone list: 71 72 73 74 
WARNING (gmm-init-model[5.5.891~1-37628]:InitAmGmm():gmm-init-model.cc:83) Very small count for state 58: 33; corresponding phone list: 107 108 109 110 
WARNING (gmm-init-model[5.5.891~1-37628]:InitAmGmm():gmm-init-model.cc:83) Very small count for state 59: 35; corresponding phone list: 103 104 105 106 
WARNING (gmm-init-model[5.5.891~1-37628]:InitAmGmm():gmm-init-model.cc:83) Very small count for state 62: 45; corresponding phone list: 167 168 169 170 
WARNING (gmm-init-model[5.5.891~1-37628]:InitAmGmm():gmm-init-model.cc:83) Very small count for state 64: 94; corresponding phone list: 171 172 173 174 
WARNING (gmm-init-model[5.5.891~1-37628]:InitAmGmm():gmm-init-model.cc:83) Very small count for state 66: 74; corresponding phone list: 111 112 113 114 
WARNING (gmm-init-model[5.5.891~1-37628]:InitAmGmm():gmm-init-model.cc:83) Very small count for state 68: 77; corresponding phone list: 175 176 177 178 
WARNING (gmm-init-model[5.5.891~1-37628]:InitAmGmm():gmm-init-model.cc:83) Very small count for state 70: 61; corresponding phone list: 135 136 137 138 
WARNING (gmm-init-model[5.5.891~1-37628]:InitAmGmm():gmm-init-model.cc:83) Very small count for state 71: 16; corresponding phone list: 103 104 105 106 
WARNING (gmm-init-model[5.5.891~1-37628]:InitAmGmm():gmm-init-model.cc:83) Very small count for state 72: 70; corresponding phone list: 95 96 97 98 
WARNING (gmm-init-model[5.5.891~1-37628]:InitAmGmm():gmm-init-model.cc:83) Very small count for state 74: 45; corresponding phone list: 99 100 101 102 
WARNING (gmm-init-model[5.5.891~1-37628]:InitAmGmm():gmm-init-model.cc:83) Very small count for state 75: 26; corresponding phone list: 179 180 181 182 
WARNING (gmm-init-model[5.5.891~1-37628]:InitAmGmm():gmm-init-model.cc:83) Very small count for state 78: 23; corresponding phone list: 155 156 157 158 
WARNING (gmm-init-model[5.5.891~1-37628]:InitAmGmm():gmm-init-model.cc:83) Very small count for state 80: 51; corresponding phone list: 163 164 165 166 
WARNING (gmm-init-model[5.5.891~1-37628]:InitAmGmm():gmm-init-model.cc:83) Very small count for state 81: 53; corresponding phone list: 147 148 149 150 
WARNING (gmm-init-model[5.5.891~1-37628]:InitAmGmm():gmm-init-model.cc:83) Very small count for state 82: 24; corresponding phone list: 83 85 86 
WARNING (gmm-init-model[5.5.891~1-37628]:InitAmGmm():gmm-init-model.cc:83) Very small count for state 83: 37; corresponding phone list: 179 180 181 182 
WARNING (gmm-init-model[5.5.891~1-37628]:InitAmGmm():gmm-init-model.cc:83) Very small count for state 85: 46; corresponding phone list: 163 164 165 166 
WARNING (gmm-init-model[5.5.891~1-37628]:InitAmGmm():gmm-init-model.cc:83) Very small count for state 86: 54; corresponding phone list: 139 140 141 142 
WARNING (gmm-init-model[5.5.891~1-37628]:InitAmGmm():gmm-init-model.cc:83) Very small count for state 87: 63; corresponding phone list: 123 124 125 126 
WARNING (gmm-init-model[5.5.891~1-37628]:InitAmGmm():gmm-init-model.cc:83) Very small count for state 89: 40; corresponding phone list: 107 108 109 110 
WARNING (gmm-init-model[5.5.891~1-37628]:InitAmGmm():gmm-init-model.cc:83) Very small count for state 92: 54; corresponding phone list: 103 104 105 106 
WARNING (gmm-init-model[5.5.891~1-37628]:InitAmGmm():gmm-init-model.cc:83) Very small count for state 97: 51; corresponding phone list: 103 104 105 106 
WARNING (gmm-init-model[5.5.891~1-37628]:InitAmGmm():gmm-init-model.cc:83) Very small count for state 102: 65; corresponding phone list: 147 148 149 150 
WARNING (gmm-init-model[5.5.891~1-37628]:InitAmGmm():gmm-init-model.cc:83) Very small count for state 105: 35; corresponding phone list: 95 96 97 98 
WARNING (gmm-init-model[5.5.891~1-37628]:InitAmGmm():gmm-init-model.cc:83) Very small count for state 106: 79; corresponding phone list: 155 156 157 158 
WARNING (gmm-init-model[5.5.891~1-37628]:InitAmGmm():gmm-init-model.cc:83) Very small count for state 108: 23; corresponding phone list: 103 104 105 106 
WARNING (gmm-init-model[5.5.891~1-37628]:InitAmGmm():gmm-init-model.cc:83) Very small count for state 111: 96; corresponding phone list: 107 108 109 110 
WARNING (gmm-init-model[5.5.891~1-37628]:InitAmGmm():gmm-init-model.cc:83) Very small count for state 112: 34; corresponding phone list: 139 140 141 142 
WARNING (gmm-init-model[5.5.891~1-37628]:InitAmGmm():gmm-init-model.cc:83) Very small count for state 114: 68; corresponding phone list: 175 176 177 178 
WARNING (gmm-init-model[5.5.891~1-37628]:InitAmGmm():gmm-init-model.cc:83) Very small count for state 118: 52; corresponding phone list: 103 104 105 106 
WARNING (gmm-init-model[5.5.891~1-37628]:InitAmGmm():gmm-init-model.cc:83) Very small count for state 120: 98; corresponding phone list: 83 85 86 
WARNING (gmm-init-model[5.5.891~1-37628]:InitAmGmm():gmm-init-model.cc:83) Very small count for state 121: 73; corresponding phone list: 179 180 181 182 
WARNING (gmm-init-model[5.5.891~1-37628]:InitAmGmm():gmm-init-model.cc:83) Very small count for state 122: 34; corresponding phone list: 71 72 73 74 
WARNING (gmm-init-model[5.5.891~1-37628]:InitAmGmm():gmm-init-model.cc:83) Very small count for state 123: 93; corresponding phone list: 115 116 117 118 
WARNING (gmm-init-model[5.5.891~1-37628]:InitAmGmm():gmm-init-model.cc:83) Very small count for state 125: 40; corresponding phone list: 107 108 109 110 
WARNING (gmm-init-model[5.5.891~1-37628]:InitAmGmm():gmm-init-model.cc:83) Very small count for state 126: 19; corresponding phone list: 107 108 109 110 
WARNING (gmm-init-model[5.5.891~1-37628]:InitAmGmm():gmm-init-model.cc:83) Very small count for state 130: 19; corresponding phone list: 103 104 105 106 
WARNING (gmm-init-model[5.5.891~1-37628]:InitAmGmm():gmm-init-model.cc:83) Very small count for state 131: 35; corresponding phone list: 83 85 86 
WARNING (gmm-init-model[5.5.891~1-37628]:InitAmGmm():gmm-init-model.cc:83) Very small count for state 136: 66; corresponding phone list: 91 92 93 94 
WARNING (gmm-init-model[5.5.891~1-37628]:InitAmGmm():gmm-init-model.cc:83) Very small count for state 149: 86; corresponding phone list: 75 76 77 78 
LOG (gmm-init-model[5.5.891~1-37628]:main():gmm-init-model.cc:306) Wrote model.
# Accounting: time=0 threads=1
# Ended (code 0) at Fri Mar 12 16:40:41 CET 2021, elapsed time 0 seconds
