# gmm-est --mix-up=18600 --power=0.25 --write-occs=exp/tri2/25.occs exp/tri2/24.mdl "gmm-sum-accs - exp/tri2/24.*.acc |" exp/tri2/25.mdl 
# Started at Fri Mar 12 14:04:53 CET 2021
#
gmm-est --mix-up=18600 --power=0.25 --write-occs=exp/tri2/25.occs exp/tri2/24.mdl 'gmm-sum-accs - exp/tri2/24.*.acc |' exp/tri2/25.mdl 
gmm-sum-accs - exp/tri2/24.1.acc exp/tri2/24.2.acc 
LOG (gmm-sum-accs[5.5.891~1-37628]:main():gmm-sum-accs.cc:63) Summed 2 stats, total count 730766, avg like/frame -86.0011
LOG (gmm-sum-accs[5.5.891~1-37628]:main():gmm-sum-accs.cc:66) Total count of stats is 730766
LOG (gmm-sum-accs[5.5.891~1-37628]:main():gmm-sum-accs.cc:67) Written stats to -
LOG (gmm-est[5.5.891~1-37628]:MleUpdate():transition-model.cc:528) TransitionModel::Update, objf change is 0 per frame over 730766 frames. 
LOG (gmm-est[5.5.891~1-37628]:MleUpdate():transition-model.cc:531) 132 probabilities floored, 3668 out of 6844 transition-states skipped due to insuffient data (it is normal to have some skipped.)
LOG (gmm-est[5.5.891~1-37628]:main():gmm-est.cc:102) Transition model update: Overall 0 log-like improvement per frame over 730766 frames.
WARNING (gmm-est[5.5.891~1-37628]:MleDiagGmmUpdate():mle-diag-gmm.cc:365) Gaussian has too little data but not removing it because it is the last Gaussian: i = 0, occ = 0, weight = 1
WARNING (gmm-est[5.5.891~1-37628]:MleDiagGmmUpdate():mle-diag-gmm.cc:365) Gaussian has too little data but not removing it because it is the last Gaussian: i = 0, occ = 0, weight = 1
WARNING (gmm-est[5.5.891~1-37628]:MleDiagGmmUpdate():mle-diag-gmm.cc:365) Gaussian has too little data but not removing it because it is the last Gaussian: i = 0, occ = 0, weight = 1
WARNING (gmm-est[5.5.891~1-37628]:MleDiagGmmUpdate():mle-diag-gmm.cc:365) Gaussian has too little data but not removing it because it is the last Gaussian: i = 0, occ = 0, weight = 1
WARNING (gmm-est[5.5.891~1-37628]:MleDiagGmmUpdate():mle-diag-gmm.cc:365) Gaussian has too little data but not removing it because it is the last Gaussian: i = 0, occ = 0, weight = 1
WARNING (gmm-est[5.5.891~1-37628]:MleDiagGmmUpdate():mle-diag-gmm.cc:365) Gaussian has too little data but not removing it because it is the last Gaussian: i = 0, occ = 0, weight = 1
WARNING (gmm-est[5.5.891~1-37628]:MleDiagGmmUpdate():mle-diag-gmm.cc:365) Gaussian has too little data but not removing it because it is the last Gaussian: i = 0, occ = 0, weight = 1
WARNING (gmm-est[5.5.891~1-37628]:MleDiagGmmUpdate():mle-diag-gmm.cc:365) Gaussian has too little data but not removing it because it is the last Gaussian: i = 0, occ = 0, weight = 1
WARNING (gmm-est[5.5.891~1-37628]:MleDiagGmmUpdate():mle-diag-gmm.cc:365) Gaussian has too little data but not removing it because it is the last Gaussian: i = 0, occ = 0, weight = 1
WARNING (gmm-est[5.5.891~1-37628]:MleDiagGmmUpdate():mle-diag-gmm.cc:365) Gaussian has too little data but not removing it because it is the last Gaussian: i = 0, occ = 0, weight = 1
WARNING (gmm-est[5.5.891~1-37628]:MleDiagGmmUpdate():mle-diag-gmm.cc:365) Gaussian has too little data but not removing it because it is the last Gaussian: i = 0, occ = 0, weight = 1
WARNING (gmm-est[5.5.891~1-37628]:MleDiagGmmUpdate():mle-diag-gmm.cc:365) Gaussian has too little data but not removing it because it is the last Gaussian: i = 0, occ = 0, weight = 1
WARNING (gmm-est[5.5.891~1-37628]:MleDiagGmmUpdate():mle-diag-gmm.cc:365) Gaussian has too little data but not removing it because it is the last Gaussian: i = 0, occ = 0, weight = 1
WARNING (gmm-est[5.5.891~1-37628]:MleDiagGmmUpdate():mle-diag-gmm.cc:365) Gaussian has too little data but not removing it because it is the last Gaussian: i = 0, occ = 0, weight = 1
WARNING (gmm-est[5.5.891~1-37628]:MleDiagGmmUpdate():mle-diag-gmm.cc:359) Too little data - removing Gaussian (weight 0.081301, occupation count 9.999996, vector size 39)
WARNING (gmm-est[5.5.891~1-37628]:MleDiagGmmUpdate():mle-diag-gmm.cc:359) Too little data - removing Gaussian (weight 0.035842, occupation count 9.999952, vector size 39)
WARNING (gmm-est[5.5.891~1-37628]:MleDiagGmmUpdate():mle-diag-gmm.cc:365) Gaussian has too little data but not removing it because it is the last Gaussian: i = 0, occ = 0, weight = 1
WARNING (gmm-est[5.5.891~1-37628]:MleDiagGmmUpdate():mle-diag-gmm.cc:359) Too little data - removing Gaussian (weight 0.037272, occupation count 9.988934, vector size 39)
WARNING (gmm-est[5.5.891~1-37628]:MleDiagGmmUpdate():mle-diag-gmm.cc:359) Too little data - removing Gaussian (weight 0.059524, occupation count 10.000000, vector size 39)
WARNING (gmm-est[5.5.891~1-37628]:MleDiagGmmUpdate():mle-diag-gmm.cc:359) Too little data - removing Gaussian (weight 0.025839, occupation count 8.191084, vector size 39)
WARNING (gmm-est[5.5.891~1-37628]:MleDiagGmmUpdate():mle-diag-gmm.cc:359) Too little data - removing Gaussian (weight 0.085251, occupation count 8.354578, vector size 39)
WARNING (gmm-est[5.5.891~1-37628]:MleDiagGmmUpdate():mle-diag-gmm.cc:359) Too little data - removing Gaussian (weight 0.036367, occupation count 9.818966, vector size 39)
WARNING (gmm-est[5.5.891~1-37628]:MleDiagGmmUpdate():mle-diag-gmm.cc:359) Too little data - removing Gaussian (weight 0.031949, occupation count 9.999985, vector size 39)
WARNING (gmm-est[5.5.891~1-37628]:MleDiagGmmUpdate():mle-diag-gmm.cc:359) Too little data - removing Gaussian (weight 0.026573, occupation count 7.971984, vector size 39)
WARNING (gmm-est[5.5.891~1-37628]:MleDiagGmmUpdate():mle-diag-gmm.cc:359) Too little data - removing Gaussian (weight 0.047847, occupation count 10.000000, vector size 39)
WARNING (gmm-est[5.5.891~1-37628]:MleDiagGmmUpdate():mle-diag-gmm.cc:359) Too little data - removing Gaussian (weight 0.032206, occupation count 8.695704, vector size 39)
WARNING (gmm-est[5.5.891~1-37628]:MleDiagGmmUpdate():mle-diag-gmm.cc:359) Too little data - removing Gaussian (weight 0.038830, occupation count 9.125126, vector size 39)
WARNING (gmm-est[5.5.891~1-37628]:MleDiagGmmUpdate():mle-diag-gmm.cc:359) Too little data - removing Gaussian (weight 0.036955, occupation count 9.903915, vector size 39)
WARNING (gmm-est[5.5.891~1-37628]:MleDiagGmmUpdate():mle-diag-gmm.cc:359) Too little data - removing Gaussian (weight 0.036629, occupation count 9.816462, vector size 39)
WARNING (gmm-est[5.5.891~1-37628]:MleDiagGmmUpdate():mle-diag-gmm.cc:359) Too little data - removing Gaussian (weight 0.026885, occupation count 9.732277, vector size 39)
LOG (gmm-est[5.5.891~1-37628]:MleAmDiagGmmUpdate():mle-am-diag-gmm.cc:225) 15 variance elements floored in 15 Gaussians, out of 17909
LOG (gmm-est[5.5.891~1-37628]:MleAmDiagGmmUpdate():mle-am-diag-gmm.cc:229) Removed 15 Gaussians due to counts < --min-gaussian-occupancy=10 and --remove-low-count-gaussians=true
LOG (gmm-est[5.5.891~1-37628]:main():gmm-est.cc:113) GMM update: Overall 0.122977 objective function improvement per frame over 730766 frames
LOG (gmm-est[5.5.891~1-37628]:main():gmm-est.cc:116) GMM update: Overall avg like per frame = -86.0011 over 730766 frames.
LOG (gmm-est[5.5.891~1-37628]:SplitByCount():am-diag-gmm.cc:116) Split 1625 states with target = 18600, power = 0.25, perturb_factor = 0.01 and min_count = 20, split #Gauss from 17909 to 18623
LOG (gmm-est[5.5.891~1-37628]:main():gmm-est.cc:146) Written model to exp/tri2/25.mdl
# Accounting: time=0 threads=1
# Ended (code 0) at Fri Mar 12 14:04:53 CET 2021, elapsed time 0 seconds
