# gmm-est --mix-up=5300 --power=0.25 --write-occs=exp/tri2/6.occs exp/tri2/5.mdl "gmm-sum-accs - exp/tri2/5.*.acc |" exp/tri2/6.mdl 
# Started at Fri Mar 12 14:04:08 CET 2021
#
gmm-est --mix-up=5300 --power=0.25 --write-occs=exp/tri2/6.occs exp/tri2/5.mdl 'gmm-sum-accs - exp/tri2/5.*.acc |' exp/tri2/6.mdl 
gmm-sum-accs - exp/tri2/5.1.acc exp/tri2/5.2.acc 
LOG (gmm-sum-accs[5.5.891~1-37628]:main():gmm-sum-accs.cc:63) Summed 2 stats, total count 730316, avg like/frame -92.2203
LOG (gmm-sum-accs[5.5.891~1-37628]:main():gmm-sum-accs.cc:66) Total count of stats is 730316
LOG (gmm-sum-accs[5.5.891~1-37628]:main():gmm-sum-accs.cc:67) Written stats to -
LOG (gmm-est[5.5.891~1-37628]:MleUpdate():transition-model.cc:528) TransitionModel::Update, objf change is 0 per frame over 730316 frames. 
LOG (gmm-est[5.5.891~1-37628]:MleUpdate():transition-model.cc:531) 119 probabilities floored, 3658 out of 6844 transition-states skipped due to insuffient data (it is normal to have some skipped.)
LOG (gmm-est[5.5.891~1-37628]:main():gmm-est.cc:102) Transition model update: Overall 0 log-like improvement per frame over 730316 frames.
WARNING (gmm-est[5.5.891~1-37628]:MleDiagGmmUpdate():mle-diag-gmm.cc:365) Gaussian has too little data but not removing it because it is the last Gaussian: i = 0, occ = 0, weight = 1
WARNING (gmm-est[5.5.891~1-37628]:MleDiagGmmUpdate():mle-diag-gmm.cc:365) Gaussian has too little data but not removing it because it is the last Gaussian: i = 0, occ = 0, weight = 1
WARNING (gmm-est[5.5.891~1-37628]:MleDiagGmmUpdate():mle-diag-gmm.cc:365) Gaussian has too little data but not removing it because it is the last Gaussian: i = 0, occ = 0, weight = 1
WARNING (gmm-est[5.5.891~1-37628]:MleDiagGmmUpdate():mle-diag-gmm.cc:365) Gaussian has too little data but not removing it because it is the last Gaussian: i = 0, occ = 0, weight = 1
WARNING (gmm-est[5.5.891~1-37628]:MleDiagGmmUpdate():mle-diag-gmm.cc:365) Gaussian has too little data but not removing it because it is the last Gaussian: i = 0, occ = 0, weight = 1
WARNING (gmm-est[5.5.891~1-37628]:MleDiagGmmUpdate():mle-diag-gmm.cc:365) Gaussian has too little data but not removing it because it is the last Gaussian: i = 0, occ = 0, weight = 1
WARNING (gmm-est[5.5.891~1-37628]:MleDiagGmmUpdate():mle-diag-gmm.cc:365) Gaussian has too little data but not removing it because it is the last Gaussian: i = 0, occ = 0, weight = 1
WARNING (gmm-est[5.5.891~1-37628]:MleDiagGmmUpdate():mle-diag-gmm.cc:365) Gaussian has too little data but not removing it because it is the last Gaussian: i = 0, occ = 0, weight = 1
WARNING (gmm-est[5.5.891~1-37628]:MleDiagGmmUpdate():mle-diag-gmm.cc:365) Gaussian has too little data but not removing it because it is the last Gaussian: i = 0, occ = 0, weight = 1
WARNING (gmm-est[5.5.891~1-37628]:MleDiagGmmUpdate():mle-diag-gmm.cc:365) Gaussian has too little data but not removing it because it is the last Gaussian: i = 0, occ = 0, weight = 1
WARNING (gmm-est[5.5.891~1-37628]:MleDiagGmmUpdate():mle-diag-gmm.cc:365) Gaussian has too little data but not removing it because it is the last Gaussian: i = 0, occ = 0, weight = 1
WARNING (gmm-est[5.5.891~1-37628]:MleDiagGmmUpdate():mle-diag-gmm.cc:365) Gaussian has too little data but not removing it because it is the last Gaussian: i = 0, occ = 0, weight = 1
WARNING (gmm-est[5.5.891~1-37628]:MleDiagGmmUpdate():mle-diag-gmm.cc:365) Gaussian has too little data but not removing it because it is the last Gaussian: i = 0, occ = 0, weight = 1
WARNING (gmm-est[5.5.891~1-37628]:MleDiagGmmUpdate():mle-diag-gmm.cc:365) Gaussian has too little data but not removing it because it is the last Gaussian: i = 0, occ = 0, weight = 1
WARNING (gmm-est[5.5.891~1-37628]:MleDiagGmmUpdate():mle-diag-gmm.cc:365) Gaussian has too little data but not removing it because it is the last Gaussian: i = 0, occ = 0, weight = 1
WARNING (gmm-est[5.5.891~1-37628]:MleDiagGmmUpdate():mle-diag-gmm.cc:359) Too little data - removing Gaussian (weight 0.127616, occupation count 7.912204, vector size 39)
LOG (gmm-est[5.5.891~1-37628]:MleAmDiagGmmUpdate():mle-am-diag-gmm.cc:225) 0 variance elements floored in 0 Gaussians, out of 4599
LOG (gmm-est[5.5.891~1-37628]:MleAmDiagGmmUpdate():mle-am-diag-gmm.cc:229) Removed 1 Gaussians due to counts < --min-gaussian-occupancy=10 and --remove-low-count-gaussians=true
LOG (gmm-est[5.5.891~1-37628]:main():gmm-est.cc:113) GMM update: Overall 0.262693 objective function improvement per frame over 730316 frames
LOG (gmm-est[5.5.891~1-37628]:main():gmm-est.cc:116) GMM update: Overall avg like per frame = -92.2203 over 730316 frames.
LOG (gmm-est[5.5.891~1-37628]:SplitByCount():am-diag-gmm.cc:116) Split 1625 states with target = 5300, power = 0.25, perturb_factor = 0.01 and min_count = 20, split #Gauss from 4599 to 5300
LOG (gmm-est[5.5.891~1-37628]:main():gmm-est.cc:146) Written model to exp/tri2/6.mdl
# Accounting: time=0 threads=1
# Ended (code 0) at Fri Mar 12 14:04:08 CET 2021, elapsed time 0 seconds
