# gunzip -c exp/tri5a/decode.si/depth_tmp.*.gz | steps/diagnostic/analyze_lattice_depth_stats.py exp/tri5a/graph exp/tri5a/decode.si/ali_frame_tmp.gz 
# Started at Fri Mar 12 16:43:50 CET 2021
#
The total amount of data analyzed assuming 100 frames per second is 0.0 hours
Overall, lattice depth (10,50,90-percentile)=(28,250,1752) and mean=628.0
Nonsilence phones as a group account for 67.0% of frames, with lattice depth (10,50,90-percentile)=(34,248,1815) and mean=607.5
Phone SIL accounts for 33.0% of frames, with lattice depth (10,50,90-percentile)=(21,253,1673) and mean=669.4
Phone aa_E accounts for 10.2% of frames, with lattice depth (10,50,90-percentile)=(34,354,3409) and mean=1071.4
Phone nn_E accounts for 5.6% of frames, with lattice depth (10,50,90-percentile)=(106,200,908) and mean=314.6
Phone kk_B accounts for 5.1% of frames, with lattice depth (10,50,90-percentile)=(30,306,3416) and mean=934.4
Phone pp_B accounts for 5.0% of frames, with lattice depth (10,50,90-percentile)=(15,181,1222) and mean=412.0
Phone ii_E accounts for 3.6% of frames, with lattice depth (10,50,90-percentile)=(9,238,357) and mean=237.4
Phone aa_B accounts for 3.3% of frames, with lattice depth (10,50,90-percentile)=(7,515,1735) and mean=738.3
Phone an_I accounts for 3.2% of frames, with lattice depth (10,50,90-percentile)=(6,147,595) and mean=263.8
Phone tt_B accounts for 3.1% of frames, with lattice depth (10,50,90-percentile)=(12,211,611) and mean=252.6
Phone ou_S accounts for 2.3% of frames, with lattice depth (10,50,90-percentile)=(63,71,1677) and mean=381.5
Phone an_B accounts for 1.8% of frames, with lattice depth (10,50,90-percentile)=(232,262,398) and mean=331.2
Phone mm_I accounts for 1.5% of frames, with lattice depth (10,50,90-percentile)=(148,153,1651) and mean=495.6
Phone ou_I accounts for 1.5% of frames, with lattice depth (10,50,90-percentile)=(69,99,1921) and mean=374.7
Phone mm_E accounts for 1.5% of frames, with lattice depth (10,50,90-percentile)=(129,377,3750) and mean=1308.9
Phone pp_I accounts for 1.5% of frames, with lattice depth (10,50,90-percentile)=(322,429,2363) and mean=771.3
Phone an_E accounts for 1.4% of frames, with lattice depth (10,50,90-percentile)=(235,279,282) and mean=271.1
Phone ss_B accounts for 1.2% of frames, with lattice depth (10,50,90-percentile)=(657,3987,4008) and mean=2495.8
Phone ei_I accounts for 1.2% of frames, with lattice depth (10,50,90-percentile)=(65,125,136) and mean=121.2
Phone ww_E accounts for 1.1% of frames, with lattice depth (10,50,90-percentile)=(25,28,34) and mean=29.5
Phone ai_B accounts for 1.1% of frames, with lattice depth (10,50,90-percentile)=(157,446,658) and mean=438.2
Phone aa_I accounts for 1.0% of frames, with lattice depth (10,50,90-percentile)=(180,183,449) and mean=298.7
Phone ou_E accounts for 0.9% of frames, with lattice depth (10,50,90-percentile)=(184,528,568) and mean=455.8
Phone tt_E accounts for 0.8% of frames, with lattice depth (10,50,90-percentile)=(160,380,413) and mean=300.4
Phone on_E accounts for 0.8% of frames, with lattice depth (10,50,90-percentile)=(42,42,211) and mean=86.2
Phone kk_E accounts for 0.8% of frames, with lattice depth (10,50,90-percentile)=(243,252,268) and mean=253.9
Phone an_S accounts for 0.7% of frames, with lattice depth (10,50,90-percentile)=(37,125,4162) and mean=1693.0
Phone bb_I accounts for 0.7% of frames, with lattice depth (10,50,90-percentile)=(34,34,2458) and mean=716.2
Phone tt_I accounts for 0.7% of frames, with lattice depth (10,50,90-percentile)=(332,372,413) and mean=377.5
Phone vv_B accounts for 0.7% of frames, with lattice depth (10,50,90-percentile)=(34,214,214) and mean=204.2
Phone kk_I accounts for 0.6% of frames, with lattice depth (10,50,90-percentile)=(293,1913,1920) and mean=1343.6
Phone rr_I accounts for 0.6% of frames, with lattice depth (10,50,90-percentile)=(86,109,110) and mean=102.8
# Accounting: time=0 threads=1
# Ended (code 0) at Fri Mar 12 16:43:50 CET 2021, elapsed time 0 seconds
