# gmm-acc-stats-ali exp/mono/20.mdl "ark,s,cs:apply-cmvn  --utt2spk=ark:data/train/split2/1/utt2spk scp:data/train/split2/1/cmvn.scp scp:data/train/split2/1/feats.scp ark:- | add-deltas  ark:- ark:- |" "ark:gunzip -c exp/mono/ali.1.gz|" exp/mono/20.1.acc 
# Started at Fri Mar 12 17:34:45 CET 2021
#
gmm-acc-stats-ali exp/mono/20.mdl 'ark,s,cs:apply-cmvn  --utt2spk=ark:data/train/split2/1/utt2spk scp:data/train/split2/1/cmvn.scp scp:data/train/split2/1/feats.scp ark:- | add-deltas  ark:- ark:- |' 'ark:gunzip -c exp/mono/ali.1.gz|' exp/mono/20.1.acc 
add-deltas ark:- ark:- 
apply-cmvn --utt2spk=ark:data/train/split2/1/utt2spk scp:data/train/split2/1/cmvn.scp scp:data/train/split2/1/feats.scp ark:- 
WARNING (gmm-acc-stats-ali[5.5.891~1-37628]:main():gmm-acc-stats-ali.cc:79) No alignment for utterance 1016_locuteur1_1016
WARNING (gmm-acc-stats-ali[5.5.891~1-37628]:main():gmm-acc-stats-ali.cc:79) No alignment for utterance 1016_locuteur1_1029
WARNING (gmm-acc-stats-ali[5.5.891~1-37628]:main():gmm-acc-stats-ali.cc:79) No alignment for utterance 1016_locuteur1_1048
LOG (gmm-acc-stats-ali[5.5.891~1-37628]:main():gmm-acc-stats-ali.cc:105) Processed 50 utterances; for utterance 1016_locuteur1_1050 avg. like is -94.1361 over 12 frames.
WARNING (gmm-acc-stats-ali[5.5.891~1-37628]:main():gmm-acc-stats-ali.cc:79) No alignment for utterance 1016_locuteur1_106
WARNING (gmm-acc-stats-ali[5.5.891~1-37628]:main():gmm-acc-stats-ali.cc:79) No alignment for utterance 1016_locuteur1_107
WARNING (gmm-acc-stats-ali[5.5.891~1-37628]:main():gmm-acc-stats-ali.cc:79) No alignment for utterance 1016_locuteur1_1081
WARNING (gmm-acc-stats-ali[5.5.891~1-37628]:main():gmm-acc-stats-ali.cc:79) No alignment for utterance 1016_locuteur1_1094
LOG (gmm-acc-stats-ali[5.5.891~1-37628]:main():gmm-acc-stats-ali.cc:105) Processed 100 utterances; for utterance 1016_locuteur1_1116 avg. like is -93.4522 over 17 frames.
WARNING (gmm-acc-stats-ali[5.5.891~1-37628]:main():gmm-acc-stats-ali.cc:79) No alignment for utterance 1016_locuteur1_1141
LOG (gmm-acc-stats-ali[5.5.891~1-37628]:main():gmm-acc-stats-ali.cc:105) Processed 150 utterances; for utterance 1016_locuteur1_1166 avg. like is -94.9786 over 13 frames.
WARNING (gmm-acc-stats-ali[5.5.891~1-37628]:main():gmm-acc-stats-ali.cc:79) No alignment for utterance 1016_locuteur1_1196
LOG (gmm-acc-stats-ali[5.5.891~1-37628]:main():gmm-acc-stats-ali.cc:105) Processed 200 utterances; for utterance 1016_locuteur1_1219 avg. like is -92.7657 over 27 frames.
WARNING (gmm-acc-stats-ali[5.5.891~1-37628]:main():gmm-acc-stats-ali.cc:79) No alignment for utterance 1016_locuteur1_126
LOG (gmm-acc-stats-ali[5.5.891~1-37628]:main():gmm-acc-stats-ali.cc:105) Processed 250 utterances; for utterance 1016_locuteur1_1272 avg. like is -100.14 over 15 frames.
WARNING (gmm-acc-stats-ali[5.5.891~1-37628]:main():gmm-acc-stats-ali.cc:79) No alignment for utterance 1016_locuteur1_1274
WARNING (gmm-acc-stats-ali[5.5.891~1-37628]:main():gmm-acc-stats-ali.cc:79) No alignment for utterance 1016_locuteur1_130
LOG (gmm-acc-stats-ali[5.5.891~1-37628]:main():gmm-acc-stats-ali.cc:105) Processed 300 utterances; for utterance 1016_locuteur1_1334 avg. like is -98.4474 over 12 frames.
LOG (gmm-acc-stats-ali[5.5.891~1-37628]:main():gmm-acc-stats-ali.cc:105) Processed 350 utterances; for utterance 1016_locuteur1_1391 avg. like is -99.7791 over 24 frames.
WARNING (gmm-acc-stats-ali[5.5.891~1-37628]:main():gmm-acc-stats-ali.cc:79) No alignment for utterance 1016_locuteur1_146
WARNING (gmm-acc-stats-ali[5.5.891~1-37628]:main():gmm-acc-stats-ali.cc:79) No alignment for utterance 1016_locuteur1_157
LOG (gmm-acc-stats-ali[5.5.891~1-37628]:main():gmm-acc-stats-ali.cc:105) Processed 400 utterances; for utterance 1016_locuteur1_16 avg. like is -95.9258 over 13 frames.
WARNING (gmm-acc-stats-ali[5.5.891~1-37628]:main():gmm-acc-stats-ali.cc:79) No alignment for utterance 1016_locuteur1_163
WARNING (gmm-acc-stats-ali[5.5.891~1-37628]:main():gmm-acc-stats-ali.cc:79) No alignment for utterance 1016_locuteur1_164
WARNING (gmm-acc-stats-ali[5.5.891~1-37628]:main():gmm-acc-stats-ali.cc:79) No alignment for utterance 1016_locuteur1_168
WARNING (gmm-acc-stats-ali[5.5.891~1-37628]:main():gmm-acc-stats-ali.cc:79) No alignment for utterance 1016_locuteur1_175
WARNING (gmm-acc-stats-ali[5.5.891~1-37628]:main():gmm-acc-stats-ali.cc:79) No alignment for utterance 1016_locuteur1_182
WARNING (gmm-acc-stats-ali[5.5.891~1-37628]:main():gmm-acc-stats-ali.cc:79) No alignment for utterance 1016_locuteur1_183
WARNING (gmm-acc-stats-ali[5.5.891~1-37628]:main():gmm-acc-stats-ali.cc:79) No alignment for utterance 1016_locuteur1_204
LOG (gmm-acc-stats-ali[5.5.891~1-37628]:main():gmm-acc-stats-ali.cc:105) Processed 450 utterances; for utterance 1016_locuteur1_230 avg. like is -84.5956 over 6 frames.
WARNING (gmm-acc-stats-ali[5.5.891~1-37628]:main():gmm-acc-stats-ali.cc:79) No alignment for utterance 1016_locuteur1_241
WARNING (gmm-acc-stats-ali[5.5.891~1-37628]:main():gmm-acc-stats-ali.cc:79) No alignment for utterance 1016_locuteur1_264
WARNING (gmm-acc-stats-ali[5.5.891~1-37628]:main():gmm-acc-stats-ali.cc:79) No alignment for utterance 1016_locuteur1_27
LOG (gmm-acc-stats-ali[5.5.891~1-37628]:main():gmm-acc-stats-ali.cc:105) Processed 500 utterances; for utterance 1016_locuteur1_286 avg. like is -93.4219 over 32 frames.
WARNING (gmm-acc-stats-ali[5.5.891~1-37628]:main():gmm-acc-stats-ali.cc:79) No alignment for utterance 1016_locuteur1_317
LOG (gmm-acc-stats-ali[5.5.891~1-37628]:main():gmm-acc-stats-ali.cc:105) Processed 550 utterances; for utterance 1016_locuteur1_338 avg. like is -81.3969 over 34 frames.
WARNING (gmm-acc-stats-ali[5.5.891~1-37628]:main():gmm-acc-stats-ali.cc:79) No alignment for utterance 1016_locuteur1_355
LOG (gmm-acc-stats-ali[5.5.891~1-37628]:main():gmm-acc-stats-ali.cc:105) Processed 600 utterances; for utterance 1016_locuteur1_393 avg. like is -99.4735 over 20 frames.
WARNING (gmm-acc-stats-ali[5.5.891~1-37628]:main():gmm-acc-stats-ali.cc:79) No alignment for utterance 1016_locuteur1_431
WARNING (gmm-acc-stats-ali[5.5.891~1-37628]:main():gmm-acc-stats-ali.cc:79) No alignment for utterance 1016_locuteur1_435
LOG (gmm-acc-stats-ali[5.5.891~1-37628]:main():gmm-acc-stats-ali.cc:105) Processed 650 utterances; for utterance 1016_locuteur1_442 avg. like is -96.0863 over 9 frames.
WARNING (gmm-acc-stats-ali[5.5.891~1-37628]:main():gmm-acc-stats-ali.cc:79) No alignment for utterance 1016_locuteur1_465
LOG (gmm-acc-stats-ali[5.5.891~1-37628]:main():gmm-acc-stats-ali.cc:105) Processed 700 utterances; for utterance 1016_locuteur1_5 avg. like is -86.1436 over 36 frames.
WARNING (gmm-acc-stats-ali[5.5.891~1-37628]:main():gmm-acc-stats-ali.cc:79) No alignment for utterance 1016_locuteur1_540
LOG (gmm-acc-stats-ali[5.5.891~1-37628]:main():gmm-acc-stats-ali.cc:105) Processed 750 utterances; for utterance 1016_locuteur1_557 avg. like is -83.2199 over 31 frames.
WARNING (gmm-acc-stats-ali[5.5.891~1-37628]:main():gmm-acc-stats-ali.cc:79) No alignment for utterance 1016_locuteur1_56
WARNING (gmm-acc-stats-ali[5.5.891~1-37628]:main():gmm-acc-stats-ali.cc:79) No alignment for utterance 1016_locuteur1_606
LOG (gmm-acc-stats-ali[5.5.891~1-37628]:main():gmm-acc-stats-ali.cc:105) Processed 800 utterances; for utterance 1016_locuteur1_608 avg. like is -82.3046 over 5 frames.
WARNING (gmm-acc-stats-ali[5.5.891~1-37628]:main():gmm-acc-stats-ali.cc:79) No alignment for utterance 1016_locuteur1_61
LOG (gmm-acc-stats-ali[5.5.891~1-37628]:main():gmm-acc-stats-ali.cc:105) Processed 850 utterances; for utterance 1016_locuteur1_657 avg. like is -90.4704 over 61 frames.
WARNING (gmm-acc-stats-ali[5.5.891~1-37628]:main():gmm-acc-stats-ali.cc:79) No alignment for utterance 1016_locuteur1_664
WARNING (gmm-acc-stats-ali[5.5.891~1-37628]:main():gmm-acc-stats-ali.cc:79) No alignment for utterance 1016_locuteur1_674
LOG (gmm-acc-stats-ali[5.5.891~1-37628]:main():gmm-acc-stats-ali.cc:105) Processed 900 utterances; for utterance 1016_locuteur1_709 avg. like is -90.372 over 7 frames.
LOG (gmm-acc-stats-ali[5.5.891~1-37628]:main():gmm-acc-stats-ali.cc:105) Processed 950 utterances; for utterance 1016_locuteur1_780 avg. like is -98.7251 over 22 frames.
WARNING (gmm-acc-stats-ali[5.5.891~1-37628]:main():gmm-acc-stats-ali.cc:79) No alignment for utterance 1016_locuteur1_781
LOG (gmm-acc-stats-ali[5.5.891~1-37628]:main():gmm-acc-stats-ali.cc:105) Processed 1000 utterances; for utterance 1016_locuteur1_835 avg. like is -96.9666 over 14 frames.
WARNING (gmm-acc-stats-ali[5.5.891~1-37628]:main():gmm-acc-stats-ali.cc:79) No alignment for utterance 1016_locuteur1_877
LOG (gmm-acc-stats-ali[5.5.891~1-37628]:main():gmm-acc-stats-ali.cc:105) Processed 1050 utterances; for utterance 1016_locuteur1_887 avg. like is -93.5681 over 13 frames.
WARNING (gmm-acc-stats-ali[5.5.891~1-37628]:main():gmm-acc-stats-ali.cc:79) No alignment for utterance 1016_locuteur1_89
LOG (gmm-acc-stats-ali[5.5.891~1-37628]:main():gmm-acc-stats-ali.cc:105) Processed 1100 utterances; for utterance 1016_locuteur1_953 avg. like is -100.425 over 17 frames.
WARNING (gmm-acc-stats-ali[5.5.891~1-37628]:main():gmm-acc-stats-ali.cc:79) No alignment for utterance 1016_locuteur1_98
WARNING (gmm-acc-stats-ali[5.5.891~1-37628]:main():gmm-acc-stats-ali.cc:79) No alignment for utterance 1016_locuteur1_999
WARNING (gmm-acc-stats-ali[5.5.891~1-37628]:main():gmm-acc-stats-ali.cc:79) No alignment for utterance 1016_locuteur2_102
WARNING (gmm-acc-stats-ali[5.5.891~1-37628]:main():gmm-acc-stats-ali.cc:79) No alignment for utterance 1016_locuteur2_108
LOG (gmm-acc-stats-ali[5.5.891~1-37628]:main():gmm-acc-stats-ali.cc:105) Processed 1150 utterances; for utterance 1016_locuteur2_112 avg. like is -100.669 over 17 frames.
WARNING (gmm-acc-stats-ali[5.5.891~1-37628]:main():gmm-acc-stats-ali.cc:79) No alignment for utterance 1016_locuteur2_172
WARNING (gmm-acc-stats-ali[5.5.891~1-37628]:main():gmm-acc-stats-ali.cc:79) No alignment for utterance 1016_locuteur2_175
LOG (gmm-acc-stats-ali[5.5.891~1-37628]:main():gmm-acc-stats-ali.cc:105) Processed 1200 utterances; for utterance 1016_locuteur2_179 avg. like is -100.108 over 14 frames.
WARNING (gmm-acc-stats-ali[5.5.891~1-37628]:main():gmm-acc-stats-ali.cc:79) No alignment for utterance 1016_locuteur2_218
LOG (gmm-acc-stats-ali[5.5.891~1-37628]:main():gmm-acc-stats-ali.cc:105) Processed 1250 utterances; for utterance 1016_locuteur2_245 avg. like is -91.5202 over 71 frames.
WARNING (gmm-acc-stats-ali[5.5.891~1-37628]:main():gmm-acc-stats-ali.cc:79) No alignment for utterance 1016_locuteur2_272
WARNING (gmm-acc-stats-ali[5.5.891~1-37628]:main():gmm-acc-stats-ali.cc:79) No alignment for utterance 1016_locuteur2_280
LOG (gmm-acc-stats-ali[5.5.891~1-37628]:main():gmm-acc-stats-ali.cc:105) Processed 1300 utterances; for utterance 1016_locuteur2_312 avg. like is -92.9815 over 68 frames.
WARNING (gmm-acc-stats-ali[5.5.891~1-37628]:main():gmm-acc-stats-ali.cc:79) No alignment for utterance 1016_locuteur2_355
LOG (gmm-acc-stats-ali[5.5.891~1-37628]:main():gmm-acc-stats-ali.cc:105) Processed 1350 utterances; for utterance 1016_locuteur2_368 avg. like is -100.881 over 11 frames.
WARNING (gmm-acc-stats-ali[5.5.891~1-37628]:main():gmm-acc-stats-ali.cc:79) No alignment for utterance 1016_locuteur2_374
WARNING (gmm-acc-stats-ali[5.5.891~1-37628]:main():gmm-acc-stats-ali.cc:79) No alignment for utterance 1016_locuteur2_388
LOG (gmm-acc-stats-ali[5.5.891~1-37628]:main():gmm-acc-stats-ali.cc:105) Processed 1400 utterances; for utterance 1016_locuteur2_428 avg. like is -90.9752 over 45 frames.
WARNING (gmm-acc-stats-ali[5.5.891~1-37628]:main():gmm-acc-stats-ali.cc:79) No alignment for utterance 1016_locuteur2_448
WARNING (gmm-acc-stats-ali[5.5.891~1-37628]:main():gmm-acc-stats-ali.cc:79) No alignment for utterance 1016_locuteur2_482
LOG (gmm-acc-stats-ali[5.5.891~1-37628]:main():gmm-acc-stats-ali.cc:105) Processed 1450 utterances; for utterance 1016_locuteur2_496 avg. like is -102.412 over 14 frames.
WARNING (gmm-acc-stats-ali[5.5.891~1-37628]:main():gmm-acc-stats-ali.cc:79) No alignment for utterance 1016_locuteur2_517
WARNING (gmm-acc-stats-ali[5.5.891~1-37628]:main():gmm-acc-stats-ali.cc:79) No alignment for utterance 1016_locuteur2_52
LOG (gmm-acc-stats-ali[5.5.891~1-37628]:main():gmm-acc-stats-ali.cc:105) Processed 1500 utterances; for utterance 1016_locuteur2_555 avg. like is -91.3375 over 58 frames.
LOG (gmm-acc-stats-ali[5.5.891~1-37628]:main():gmm-acc-stats-ali.cc:105) Processed 1550 utterances; for utterance 1016_locuteur2_619 avg. like is -90.333 over 5 frames.
WARNING (gmm-acc-stats-ali[5.5.891~1-37628]:main():gmm-acc-stats-ali.cc:79) No alignment for utterance 1016_locuteur2_664
LOG (gmm-acc-stats-ali[5.5.891~1-37628]:main():gmm-acc-stats-ali.cc:105) Processed 1600 utterances; for utterance 1016_locuteur2_698 avg. like is -103.716 over 10 frames.
WARNING (gmm-acc-stats-ali[5.5.891~1-37628]:main():gmm-acc-stats-ali.cc:79) No alignment for utterance 1016_locuteur2_703
WARNING (gmm-acc-stats-ali[5.5.891~1-37628]:main():gmm-acc-stats-ali.cc:79) No alignment for utterance 1016_locuteur2_722
WARNING (gmm-acc-stats-ali[5.5.891~1-37628]:main():gmm-acc-stats-ali.cc:79) No alignment for utterance 1016_locuteur2_723
WARNING (gmm-acc-stats-ali[5.5.891~1-37628]:main():gmm-acc-stats-ali.cc:79) No alignment for utterance 1016_locuteur2_762
LOG (gmm-acc-stats-ali[5.5.891~1-37628]:main():gmm-acc-stats-ali.cc:105) Processed 1650 utterances; for utterance 1016_locuteur2_766 avg. like is -88.6656 over 24 frames.
LOG (gmm-acc-stats-ali[5.5.891~1-37628]:main():gmm-acc-stats-ali.cc:105) Processed 1700 utterances; for utterance 1016_locuteur2_822 avg. like is -84.7321 over 13 frames.
LOG (gmm-acc-stats-ali[5.5.891~1-37628]:main():gmm-acc-stats-ali.cc:105) Processed 1750 utterances; for utterance 1022_130 avg. like is -82.9234 over 37 frames.
WARNING (gmm-acc-stats-ali[5.5.891~1-37628]:main():gmm-acc-stats-ali.cc:79) No alignment for utterance 1022_163
WARNING (gmm-acc-stats-ali[5.5.891~1-37628]:main():gmm-acc-stats-ali.cc:79) No alignment for utterance 1022_172
LOG (gmm-acc-stats-ali[5.5.891~1-37628]:main():gmm-acc-stats-ali.cc:105) Processed 1800 utterances; for utterance 1022_185 avg. like is -94.4479 over 45 frames.
WARNING (gmm-acc-stats-ali[5.5.891~1-37628]:main():gmm-acc-stats-ali.cc:79) No alignment for utterance 1022_238
LOG (gmm-acc-stats-ali[5.5.891~1-37628]:main():gmm-acc-stats-ali.cc:105) Processed 1850 utterances; for utterance 1022_241 avg. like is -106.237 over 13 frames.
WARNING (gmm-acc-stats-ali[5.5.891~1-37628]:main():gmm-acc-stats-ali.cc:79) No alignment for utterance 1022_262
LOG (gmm-acc-stats-ali[5.5.891~1-37628]:main():gmm-acc-stats-ali.cc:105) Processed 1900 utterances; for utterance 1022_299 avg. like is -94.0063 over 58 frames.
WARNING (gmm-acc-stats-ali[5.5.891~1-37628]:main():gmm-acc-stats-ali.cc:79) No alignment for utterance 1022_308
WARNING (gmm-acc-stats-ali[5.5.891~1-37628]:main():gmm-acc-stats-ali.cc:79) No alignment for utterance 1022_346
LOG (gmm-acc-stats-ali[5.5.891~1-37628]:main():gmm-acc-stats-ali.cc:105) Processed 1950 utterances; for utterance 1022_355 avg. like is -74.3846 over 4 frames.
LOG (gmm-acc-stats-ali[5.5.891~1-37628]:main():gmm-acc-stats-ali.cc:105) Processed 2000 utterances; for utterance 1022_82 avg. like is -99.3322 over 12 frames.
LOG (gmm-acc-stats-ali[5.5.891~1-37628]:main():gmm-acc-stats-ali.cc:105) Processed 2050 utterances; for utterance 1023_109 avg. like is -91.8433 over 63 frames.
WARNING (gmm-acc-stats-ali[5.5.891~1-37628]:main():gmm-acc-stats-ali.cc:79) No alignment for utterance 1023_168
LOG (gmm-acc-stats-ali[5.5.891~1-37628]:main():gmm-acc-stats-ali.cc:105) Processed 2100 utterances; for utterance 1023_169 avg. like is -103.274 over 32 frames.
LOG (gmm-acc-stats-ali[5.5.891~1-37628]:main():gmm-acc-stats-ali.cc:105) Processed 2150 utterances; for utterance 1023_223 avg. like is -89.0422 over 12 frames.
WARNING (gmm-acc-stats-ali[5.5.891~1-37628]:main():gmm-acc-stats-ali.cc:79) No alignment for utterance 1023_241
WARNING (gmm-acc-stats-ali[5.5.891~1-37628]:main():gmm-acc-stats-ali.cc:79) No alignment for utterance 1023_255
WARNING (gmm-acc-stats-ali[5.5.891~1-37628]:main():gmm-acc-stats-ali.cc:79) No alignment for utterance 1023_275
LOG (gmm-acc-stats-ali[5.5.891~1-37628]:main():gmm-acc-stats-ali.cc:105) Processed 2200 utterances; for utterance 1023_284 avg. like is -98.1088 over 9 frames.
WARNING (gmm-acc-stats-ali[5.5.891~1-37628]:main():gmm-acc-stats-ali.cc:79) No alignment for utterance 1023_294
LOG (gmm-acc-stats-ali[5.5.891~1-37628]:main():gmm-acc-stats-ali.cc:105) Processed 2250 utterances; for utterance 1023_340 avg. like is -91.5217 over 36 frames.
LOG (gmm-acc-stats-ali[5.5.891~1-37628]:main():gmm-acc-stats-ali.cc:105) Processed 2300 utterances; for utterance 1023_400 avg. like is -89.2549 over 81 frames.
LOG (gmm-acc-stats-ali[5.5.891~1-37628]:main():gmm-acc-stats-ali.cc:105) Processed 2350 utterances; for utterance 1023_464 avg. like is -106.006 over 7 frames.
WARNING (gmm-acc-stats-ali[5.5.891~1-37628]:main():gmm-acc-stats-ali.cc:79) No alignment for utterance 1023_473
LOG (gmm-acc-stats-ali[5.5.891~1-37628]:main():gmm-acc-stats-ali.cc:105) Processed 2400 utterances; for utterance 1023_518 avg. like is -96.726 over 6 frames.
WARNING (gmm-acc-stats-ali[5.5.891~1-37628]:main():gmm-acc-stats-ali.cc:79) No alignment for utterance 1023_572
LOG (gmm-acc-stats-ali[5.5.891~1-37628]:main():gmm-acc-stats-ali.cc:105) Processed 2450 utterances; for utterance 1023_577 avg. like is -104.332 over 26 frames.
LOG (gmm-acc-stats-ali[5.5.891~1-37628]:main():gmm-acc-stats-ali.cc:105) Processed 2500 utterances; for utterance 1023_632 avg. like is -98.9167 over 61 frames.
WARNING (gmm-acc-stats-ali[5.5.891~1-37628]:main():gmm-acc-stats-ali.cc:79) No alignment for utterance 1023_638
WARNING (gmm-acc-stats-ali[5.5.891~1-37628]:main():gmm-acc-stats-ali.cc:79) No alignment for utterance 1023_657
WARNING (gmm-acc-stats-ali[5.5.891~1-37628]:main():gmm-acc-stats-ali.cc:79) No alignment for utterance 1023_665
LOG (gmm-acc-stats-ali[5.5.891~1-37628]:main():gmm-acc-stats-ali.cc:105) Processed 2550 utterances; for utterance 1023_691 avg. like is -99.7695 over 15 frames.
LOG (gmm-acc-stats-ali[5.5.891~1-37628]:main():gmm-acc-stats-ali.cc:105) Processed 2600 utterances; for utterance 1023_744 avg. like is -97.2405 over 6 frames.
WARNING (gmm-acc-stats-ali[5.5.891~1-37628]:main():gmm-acc-stats-ali.cc:79) No alignment for utterance 1023_758
WARNING (gmm-acc-stats-ali[5.5.891~1-37628]:main():gmm-acc-stats-ali.cc:79) No alignment for utterance 1023_767
WARNING (gmm-acc-stats-ali[5.5.891~1-37628]:main():gmm-acc-stats-ali.cc:79) No alignment for utterance 1023_779
WARNING (gmm-acc-stats-ali[5.5.891~1-37628]:main():gmm-acc-stats-ali.cc:79) No alignment for utterance 1023_794
LOG (gmm-acc-stats-ali[5.5.891~1-37628]:main():gmm-acc-stats-ali.cc:105) Processed 2650 utterances; for utterance 1023_806 avg. like is -105.757 over 13 frames.
WARNING (gmm-acc-stats-ali[5.5.891~1-37628]:main():gmm-acc-stats-ali.cc:79) No alignment for utterance 1023_811
WARNING (gmm-acc-stats-ali[5.5.891~1-37628]:main():gmm-acc-stats-ali.cc:79) No alignment for utterance 1023_820
WARNING (gmm-acc-stats-ali[5.5.891~1-37628]:main():gmm-acc-stats-ali.cc:79) No alignment for utterance 1023_847
WARNING (gmm-acc-stats-ali[5.5.891~1-37628]:main():gmm-acc-stats-ali.cc:79) No alignment for utterance 1023_853
WARNING (gmm-acc-stats-ali[5.5.891~1-37628]:main():gmm-acc-stats-ali.cc:79) No alignment for utterance 1023_854
WARNING (gmm-acc-stats-ali[5.5.891~1-37628]:main():gmm-acc-stats-ali.cc:79) No alignment for utterance 1023_859
LOG (gmm-acc-stats-ali[5.5.891~1-37628]:main():gmm-acc-stats-ali.cc:105) Processed 2700 utterances; for utterance 1023_868 avg. like is -93.3691 over 15 frames.
WARNING (gmm-acc-stats-ali[5.5.891~1-37628]:main():gmm-acc-stats-ali.cc:79) No alignment for utterance 1023_912
WARNING (gmm-acc-stats-ali[5.5.891~1-37628]:main():gmm-acc-stats-ali.cc:79) No alignment for utterance 1023_918
LOG (gmm-acc-stats-ali[5.5.891~1-37628]:main():gmm-acc-stats-ali.cc:105) Processed 2750 utterances; for utterance 1023_920 avg. like is -92.353 over 44 frames.
WARNING (gmm-acc-stats-ali[5.5.891~1-37628]:main():gmm-acc-stats-ali.cc:79) No alignment for utterance 1023_951
WARNING (gmm-acc-stats-ali[5.5.891~1-37628]:main():gmm-acc-stats-ali.cc:79) No alignment for utterance 1023_968
LOG (gmm-acc-stats-ali[5.5.891~1-37628]:main():gmm-acc-stats-ali.cc:105) Processed 2800 utterances; for utterance 1023_979 avg. like is -93.0934 over 36 frames.
WARNING (gmm-acc-stats-ali[5.5.891~1-37628]:main():gmm-acc-stats-ali.cc:79) No alignment for utterance 1023_980
WARNING (gmm-acc-stats-ali[5.5.891~1-37628]:main():gmm-acc-stats-ali.cc:79) No alignment for utterance 1023_994
LOG (gmm-acc-stats-ali[5.5.891~1-37628]:main():gmm-acc-stats-ali.cc:105) Processed 2850 utterances; for utterance 1024_137 avg. like is -90.8814 over 62 frames.
WARNING (gmm-acc-stats-ali[5.5.891~1-37628]:main():gmm-acc-stats-ali.cc:79) No alignment for utterance 1024_181
WARNING (gmm-acc-stats-ali[5.5.891~1-37628]:main():gmm-acc-stats-ali.cc:79) No alignment for utterance 1024_184
LOG (gmm-acc-stats-ali[5.5.891~1-37628]:main():gmm-acc-stats-ali.cc:105) Processed 2900 utterances; for utterance 1024_196 avg. like is -85.2361 over 36 frames.
WARNING (gmm-acc-stats-ali[5.5.891~1-37628]:main():gmm-acc-stats-ali.cc:79) No alignment for utterance 1024_237
LOG (gmm-acc-stats-ali[5.5.891~1-37628]:main():gmm-acc-stats-ali.cc:105) Processed 2950 utterances; for utterance 1024_249 avg. like is -89.0712 over 76 frames.
WARNING (gmm-acc-stats-ali[5.5.891~1-37628]:main():gmm-acc-stats-ali.cc:79) No alignment for utterance 1024_303
LOG (gmm-acc-stats-ali[5.5.891~1-37628]:main():gmm-acc-stats-ali.cc:105) Processed 3000 utterances; for utterance 1024_304 avg. like is -99.529 over 12 frames.
WARNING (gmm-acc-stats-ali[5.5.891~1-37628]:main():gmm-acc-stats-ali.cc:79) No alignment for utterance 1024_323
WARNING (gmm-acc-stats-ali[5.5.891~1-37628]:main():gmm-acc-stats-ali.cc:79) No alignment for utterance 1024_341
LOG (gmm-acc-stats-ali[5.5.891~1-37628]:main():gmm-acc-stats-ali.cc:105) Processed 3050 utterances; for utterance 1024_36 avg. like is -82.3115 over 9 frames.
WARNING (gmm-acc-stats-ali[5.5.891~1-37628]:main():gmm-acc-stats-ali.cc:79) No alignment for utterance 1024_375
LOG (gmm-acc-stats-ali[5.5.891~1-37628]:main():gmm-acc-stats-ali.cc:105) Processed 3100 utterances; for utterance 1024_418 avg. like is -92.6551 over 53 frames.
WARNING (gmm-acc-stats-ali[5.5.891~1-37628]:main():gmm-acc-stats-ali.cc:79) No alignment for utterance 1024_460
LOG (gmm-acc-stats-ali[5.5.891~1-37628]:main():gmm-acc-stats-ali.cc:105) Processed 3150 utterances; for utterance 1024_472 avg. like is -95.2226 over 10 frames.
LOG (gmm-acc-stats-ali[5.5.891~1-37628]:main():gmm-acc-stats-ali.cc:105) Processed 3200 utterances; for utterance 1024_525 avg. like is -92.7257 over 22 frames.
WARNING (gmm-acc-stats-ali[5.5.891~1-37628]:main():gmm-acc-stats-ali.cc:79) No alignment for utterance 1024_543
WARNING (gmm-acc-stats-ali[5.5.891~1-37628]:main():gmm-acc-stats-ali.cc:79) No alignment for utterance 1024_566
LOG (gmm-acc-stats-ali[5.5.891~1-37628]:main():gmm-acc-stats-ali.cc:105) Processed 3250 utterances; for utterance 1024_584 avg. like is -102.381 over 27 frames.
WARNING (gmm-acc-stats-ali[5.5.891~1-37628]:main():gmm-acc-stats-ali.cc:79) No alignment for utterance 1024_618
LOG (gmm-acc-stats-ali[5.5.891~1-37628]:main():gmm-acc-stats-ali.cc:105) Processed 3300 utterances; for utterance 1024_635 avg. like is -94.1936 over 31 frames.
WARNING (gmm-acc-stats-ali[5.5.891~1-37628]:main():gmm-acc-stats-ali.cc:79) No alignment for utterance 1024_667
WARNING (gmm-acc-stats-ali[5.5.891~1-37628]:main():gmm-acc-stats-ali.cc:79) No alignment for utterance 1024_674
LOG (gmm-acc-stats-ali[5.5.891~1-37628]:main():gmm-acc-stats-ali.cc:105) Processed 3350 utterances; for utterance 1024_694 avg. like is -102.384 over 81 frames.
WARNING (gmm-acc-stats-ali[5.5.891~1-37628]:main():gmm-acc-stats-ali.cc:79) No alignment for utterance 1024_89
LOG (gmm-acc-stats-ali[5.5.891~1-37628]:main():gmm-acc-stats-ali.cc:105) Processed 3400 utterances; for utterance 1028_1003 avg. like is -92.7054 over 34 frames.
LOG (gmm-acc-stats-ali[5.5.891~1-37628]:main():gmm-acc-stats-ali.cc:105) Processed 3450 utterances; for utterance 1028_1054 avg. like is -96.4366 over 41 frames.
WARNING (gmm-acc-stats-ali[5.5.891~1-37628]:main():gmm-acc-stats-ali.cc:79) No alignment for utterance 1028_1104
LOG (gmm-acc-stats-ali[5.5.891~1-37628]:main():gmm-acc-stats-ali.cc:105) Processed 3500 utterances; for utterance 1028_1107 avg. like is -80.4423 over 24 frames.
LOG (gmm-acc-stats-ali[5.5.891~1-37628]:main():gmm-acc-stats-ali.cc:105) Processed 3550 utterances; for utterance 1028_116 avg. like is -89.0254 over 7 frames.
WARNING (gmm-acc-stats-ali[5.5.891~1-37628]:main():gmm-acc-stats-ali.cc:79) No alignment for utterance 1028_1162
WARNING (gmm-acc-stats-ali[5.5.891~1-37628]:main():gmm-acc-stats-ali.cc:79) No alignment for utterance 1028_1172
LOG (gmm-acc-stats-ali[5.5.891~1-37628]:main():gmm-acc-stats-ali.cc:105) Processed 3600 utterances; for utterance 1028_1212 avg. like is -90.3302 over 37 frames.
LOG (gmm-acc-stats-ali[5.5.891~1-37628]:main():gmm-acc-stats-ali.cc:105) Processed 3650 utterances; for utterance 1028_1266 avg. like is -93.1741 over 19 frames.
WARNING (gmm-acc-stats-ali[5.5.891~1-37628]:main():gmm-acc-stats-ali.cc:79) No alignment for utterance 1028_1297
LOG (gmm-acc-stats-ali[5.5.891~1-37628]:main():gmm-acc-stats-ali.cc:105) Processed 3700 utterances; for utterance 1028_1319 avg. like is -84.4404 over 54 frames.
WARNING (gmm-acc-stats-ali[5.5.891~1-37628]:main():gmm-acc-stats-ali.cc:79) No alignment for utterance 1028_1328
WARNING (gmm-acc-stats-ali[5.5.891~1-37628]:main():gmm-acc-stats-ali.cc:79) No alignment for utterance 1028_1351
LOG (gmm-acc-stats-ali[5.5.891~1-37628]:main():gmm-acc-stats-ali.cc:105) Processed 3750 utterances; for utterance 1028_1373 avg. like is -103.592 over 27 frames.
WARNING (gmm-acc-stats-ali[5.5.891~1-37628]:main():gmm-acc-stats-ali.cc:79) No alignment for utterance 1028_1407
WARNING (gmm-acc-stats-ali[5.5.891~1-37628]:main():gmm-acc-stats-ali.cc:79) No alignment for utterance 1028_1411
LOG (gmm-acc-stats-ali[5.5.891~1-37628]:main():gmm-acc-stats-ali.cc:105) Processed 3800 utterances; for utterance 1028_1428 avg. like is -95.8167 over 23 frames.
WARNING (gmm-acc-stats-ali[5.5.891~1-37628]:main():gmm-acc-stats-ali.cc:79) No alignment for utterance 1028_145
WARNING (gmm-acc-stats-ali[5.5.891~1-37628]:main():gmm-acc-stats-ali.cc:79) No alignment for utterance 1028_1468
LOG (gmm-acc-stats-ali[5.5.891~1-37628]:main():gmm-acc-stats-ali.cc:105) Processed 3850 utterances; for utterance 1028_1479 avg. like is -67.1853 over 52 frames.
WARNING (gmm-acc-stats-ali[5.5.891~1-37628]:main():gmm-acc-stats-ali.cc:79) No alignment for utterance 1028_1529
WARNING (gmm-acc-stats-ali[5.5.891~1-37628]:main():gmm-acc-stats-ali.cc:79) No alignment for utterance 1028_153
LOG (gmm-acc-stats-ali[5.5.891~1-37628]:main():gmm-acc-stats-ali.cc:105) Processed 3900 utterances; for utterance 1028_1531 avg. like is -100.824 over 21 frames.
WARNING (gmm-acc-stats-ali[5.5.891~1-37628]:main():gmm-acc-stats-ali.cc:79) No alignment for utterance 1028_1575
LOG (gmm-acc-stats-ali[5.5.891~1-37628]:main():gmm-acc-stats-ali.cc:105) Processed 3950 utterances; for utterance 1028_1584 avg. like is -91.5503 over 19 frames.
WARNING (gmm-acc-stats-ali[5.5.891~1-37628]:main():gmm-acc-stats-ali.cc:79) No alignment for utterance 1028_1605
WARNING (gmm-acc-stats-ali[5.5.891~1-37628]:main():gmm-acc-stats-ali.cc:79) No alignment for utterance 1028_1617
LOG (gmm-acc-stats-ali[5.5.891~1-37628]:main():gmm-acc-stats-ali.cc:105) Processed 4000 utterances; for utterance 1028_1638 avg. like is -87.9616 over 44 frames.
LOG (gmm-acc-stats-ali[5.5.891~1-37628]:main():gmm-acc-stats-ali.cc:105) Processed 4050 utterances; for utterance 1028_1689 avg. like is -99.4016 over 22 frames.
LOG (gmm-acc-stats-ali[5.5.891~1-37628]:main():gmm-acc-stats-ali.cc:105) Processed 4100 utterances; for utterance 1028_1739 avg. like is -96.8619 over 19 frames.
WARNING (gmm-acc-stats-ali[5.5.891~1-37628]:main():gmm-acc-stats-ali.cc:79) No alignment for utterance 1028_1757
WARNING (gmm-acc-stats-ali[5.5.891~1-37628]:main():gmm-acc-stats-ali.cc:79) No alignment for utterance 1028_1763
LOG (gmm-acc-stats-ali[5.5.891~1-37628]:main():gmm-acc-stats-ali.cc:105) Processed 4150 utterances; for utterance 1028_1792 avg. like is -92.7513 over 16 frames.
LOG (gmm-acc-stats-ali[5.5.891~1-37628]:main():gmm-acc-stats-ali.cc:105) Processed 4200 utterances; for utterance 1028_1840 avg. like is -86.7886 over 11 frames.
WARNING (gmm-acc-stats-ali[5.5.891~1-37628]:main():gmm-acc-stats-ali.cc:79) No alignment for utterance 1028_1886
LOG (gmm-acc-stats-ali[5.5.891~1-37628]:main():gmm-acc-stats-ali.cc:105) Processed 4250 utterances; for utterance 1028_1892 avg. like is -102.007 over 16 frames.
LOG (gmm-acc-stats-ali[5.5.891~1-37628]:main():gmm-acc-stats-ali.cc:105) Processed 4300 utterances; for utterance 1028_1940 avg. like is -73.1472 over 23 frames.
WARNING (gmm-acc-stats-ali[5.5.891~1-37628]:main():gmm-acc-stats-ali.cc:79) No alignment for utterance 1028_1945
LOG (gmm-acc-stats-ali[5.5.891~1-37628]:main():gmm-acc-stats-ali.cc:105) Processed 4350 utterances; for utterance 1028_1991 avg. like is -97.2416 over 50 frames.
LOG (gmm-acc-stats-ali[5.5.891~1-37628]:main():gmm-acc-stats-ali.cc:105) Processed 4400 utterances; for utterance 1028_2041 avg. like is -95.8992 over 27 frames.
WARNING (gmm-acc-stats-ali[5.5.891~1-37628]:main():gmm-acc-stats-ali.cc:79) No alignment for utterance 1028_2070
WARNING (gmm-acc-stats-ali[5.5.891~1-37628]:main():gmm-acc-stats-ali.cc:79) No alignment for utterance 1028_2076
LOG (gmm-acc-stats-ali[5.5.891~1-37628]:main():gmm-acc-stats-ali.cc:105) Processed 4450 utterances; for utterance 1028_2093 avg. like is -87.4707 over 15 frames.
WARNING (gmm-acc-stats-ali[5.5.891~1-37628]:main():gmm-acc-stats-ali.cc:79) No alignment for utterance 1028_2113
LOG (gmm-acc-stats-ali[5.5.891~1-37628]:main():gmm-acc-stats-ali.cc:105) Processed 4500 utterances; for utterance 1028_2146 avg. like is -97.0896 over 54 frames.
LOG (gmm-acc-stats-ali[5.5.891~1-37628]:main():gmm-acc-stats-ali.cc:105) Processed 4550 utterances; for utterance 1028_2196 avg. like is -96.58 over 11 frames.
LOG (gmm-acc-stats-ali[5.5.891~1-37628]:main():gmm-acc-stats-ali.cc:105) Processed 4600 utterances; for utterance 1028_2249 avg. like is -100.818 over 57 frames.
LOG (gmm-acc-stats-ali[5.5.891~1-37628]:main():gmm-acc-stats-ali.cc:105) Processed 4650 utterances; for utterance 1028_2300 avg. like is -100.474 over 58 frames.
LOG (gmm-acc-stats-ali[5.5.891~1-37628]:main():gmm-acc-stats-ali.cc:105) Processed 4700 utterances; for utterance 1028_235 avg. like is -89.3979 over 36 frames.
WARNING (gmm-acc-stats-ali[5.5.891~1-37628]:main():gmm-acc-stats-ali.cc:79) No alignment for utterance 1028_2352
WARNING (gmm-acc-stats-ali[5.5.891~1-37628]:main():gmm-acc-stats-ali.cc:79) No alignment for utterance 1028_2365
WARNING (gmm-acc-stats-ali[5.5.891~1-37628]:main():gmm-acc-stats-ali.cc:79) No alignment for utterance 1028_2399
LOG (gmm-acc-stats-ali[5.5.891~1-37628]:main():gmm-acc-stats-ali.cc:105) Processed 4750 utterances; for utterance 1028_2403 avg. like is -97.2742 over 32 frames.
LOG (gmm-acc-stats-ali[5.5.891~1-37628]:main():gmm-acc-stats-ali.cc:105) Processed 4800 utterances; for utterance 1028_2452 avg. like is -77.5819 over 80 frames.
LOG (gmm-acc-stats-ali[5.5.891~1-37628]:main():gmm-acc-stats-ali.cc:105) Processed 4850 utterances; for utterance 1028_2503 avg. like is -87.0068 over 26 frames.
LOG (gmm-acc-stats-ali[5.5.891~1-37628]:main():gmm-acc-stats-ali.cc:105) Processed 4900 utterances; for utterance 1028_2555 avg. like is -90.5174 over 13 frames.
LOG (gmm-acc-stats-ali[5.5.891~1-37628]:main():gmm-acc-stats-ali.cc:105) Processed 4950 utterances; for utterance 1028_2607 avg. like is -96.5558 over 50 frames.
LOG (gmm-acc-stats-ali[5.5.891~1-37628]:main():gmm-acc-stats-ali.cc:105) Processed 5000 utterances; for utterance 1028_2660 avg. like is -104.264 over 8 frames.
LOG (gmm-acc-stats-ali[5.5.891~1-37628]:main():gmm-acc-stats-ali.cc:105) Processed 5050 utterances; for utterance 1028_271 avg. like is -73.5104 over 68 frames.
LOG (gmm-acc-stats-ali[5.5.891~1-37628]:main():gmm-acc-stats-ali.cc:105) Processed 5100 utterances; for utterance 1028_276 avg. like is -101.398 over 34 frames.
LOG (gmm-acc-stats-ali[5.5.891~1-37628]:main():gmm-acc-stats-ali.cc:105) Processed 5150 utterances; for utterance 1028_2809 avg. like is -94.9831 over 23 frames.
WARNING (gmm-acc-stats-ali[5.5.891~1-37628]:main():gmm-acc-stats-ali.cc:79) No alignment for utterance 1028_2838
WARNING (gmm-acc-stats-ali[5.5.891~1-37628]:main():gmm-acc-stats-ali.cc:79) No alignment for utterance 1028_2839
WARNING (gmm-acc-stats-ali[5.5.891~1-37628]:main():gmm-acc-stats-ali.cc:79) No alignment for utterance 1028_2860
LOG (gmm-acc-stats-ali[5.5.891~1-37628]:main():gmm-acc-stats-ali.cc:105) Processed 5200 utterances; for utterance 1028_2862 avg. like is -93.3405 over 15 frames.
WARNING (gmm-acc-stats-ali[5.5.891~1-37628]:main():gmm-acc-stats-ali.cc:79) No alignment for utterance 1028_2885
LOG (gmm-acc-stats-ali[5.5.891~1-37628]:main():gmm-acc-stats-ali.cc:105) Processed 5250 utterances; for utterance 1028_2915 avg. like is -100.017 over 16 frames.
LOG (gmm-acc-stats-ali[5.5.891~1-37628]:main():gmm-acc-stats-ali.cc:105) Processed 5300 utterances; for utterance 1028_2965 avg. like is -95.7265 over 32 frames.
WARNING (gmm-acc-stats-ali[5.5.891~1-37628]:main():gmm-acc-stats-ali.cc:79) No alignment for utterance 1028_2973
LOG (gmm-acc-stats-ali[5.5.891~1-37628]:main():gmm-acc-stats-ali.cc:105) Processed 5350 utterances; for utterance 1028_3013 avg. like is -93.7078 over 15 frames.
WARNING (gmm-acc-stats-ali[5.5.891~1-37628]:main():gmm-acc-stats-ali.cc:79) No alignment for utterance 1028_304
WARNING (gmm-acc-stats-ali[5.5.891~1-37628]:main():gmm-acc-stats-ali.cc:79) No alignment for utterance 1028_3054
LOG (gmm-acc-stats-ali[5.5.891~1-37628]:main():gmm-acc-stats-ali.cc:105) Processed 5400 utterances; for utterance 1028_3064 avg. like is -74.1011 over 29 frames.
WARNING (gmm-acc-stats-ali[5.5.891~1-37628]:main():gmm-acc-stats-ali.cc:79) No alignment for utterance 1028_309
LOG (gmm-acc-stats-ali[5.5.891~1-37628]:main():gmm-acc-stats-ali.cc:105) Processed 5450 utterances; for utterance 1028_3115 avg. like is -88.5954 over 85 frames.
LOG (gmm-acc-stats-ali[5.5.891~1-37628]:main():gmm-acc-stats-ali.cc:105) Processed 5500 utterances; for utterance 1028_355 avg. like is -103.768 over 9 frames.
WARNING (gmm-acc-stats-ali[5.5.891~1-37628]:main():gmm-acc-stats-ali.cc:79) No alignment for utterance 1028_375
WARNING (gmm-acc-stats-ali[5.5.891~1-37628]:main():gmm-acc-stats-ali.cc:79) No alignment for utterance 1028_378
LOG (gmm-acc-stats-ali[5.5.891~1-37628]:main():gmm-acc-stats-ali.cc:105) Processed 5550 utterances; for utterance 1028_408 avg. like is -90.9014 over 12 frames.
WARNING (gmm-acc-stats-ali[5.5.891~1-37628]:main():gmm-acc-stats-ali.cc:79) No alignment for utterance 1028_451
LOG (gmm-acc-stats-ali[5.5.891~1-37628]:main():gmm-acc-stats-ali.cc:105) Processed 5600 utterances; for utterance 1028_461 avg. like is -89.0978 over 37 frames.
WARNING (gmm-acc-stats-ali[5.5.891~1-37628]:main():gmm-acc-stats-ali.cc:79) No alignment for utterance 1028_486
WARNING (gmm-acc-stats-ali[5.5.891~1-37628]:main():gmm-acc-stats-ali.cc:79) No alignment for utterance 1028_510
LOG (gmm-acc-stats-ali[5.5.891~1-37628]:main():gmm-acc-stats-ali.cc:105) Processed 5650 utterances; for utterance 1028_513 avg. like is -105.456 over 18 frames.
LOG (gmm-acc-stats-ali[5.5.891~1-37628]:main():gmm-acc-stats-ali.cc:105) Processed 5700 utterances; for utterance 1028_569 avg. like is -90.6131 over 16 frames.
LOG (gmm-acc-stats-ali[5.5.891~1-37628]:main():gmm-acc-stats-ali.cc:105) Processed 5750 utterances; for utterance 1028_615 avg. like is -91.7655 over 60 frames.
WARNING (gmm-acc-stats-ali[5.5.891~1-37628]:main():gmm-acc-stats-ali.cc:79) No alignment for utterance 1028_650
WARNING (gmm-acc-stats-ali[5.5.891~1-37628]:main():gmm-acc-stats-ali.cc:79) No alignment for utterance 1028_651
LOG (gmm-acc-stats-ali[5.5.891~1-37628]:main():gmm-acc-stats-ali.cc:105) Processed 5800 utterances; for utterance 1028_667 avg. like is -86.5345 over 34 frames.
LOG (gmm-acc-stats-ali[5.5.891~1-37628]:main():gmm-acc-stats-ali.cc:105) Processed 5850 utterances; for utterance 1028_722 avg. like is -89.8912 over 31 frames.
LOG (gmm-acc-stats-ali[5.5.891~1-37628]:main():gmm-acc-stats-ali.cc:105) Processed 5900 utterances; for utterance 1028_778 avg. like is -97.9095 over 61 frames.
LOG (gmm-acc-stats-ali[5.5.891~1-37628]:main():gmm-acc-stats-ali.cc:105) Processed 5950 utterances; for utterance 1028_828 avg. like is -92.6741 over 10 frames.
LOG (gmm-acc-stats-ali[5.5.891~1-37628]:main():gmm-acc-stats-ali.cc:105) Processed 6000 utterances; for utterance 1028_881 avg. like is -81.7325 over 25 frames.
WARNING (gmm-acc-stats-ali[5.5.891~1-37628]:main():gmm-acc-stats-ali.cc:79) No alignment for utterance 1028_909
LOG (gmm-acc-stats-ali[5.5.891~1-37628]:main():gmm-acc-stats-ali.cc:105) Processed 6050 utterances; for utterance 1028_934 avg. like is -99.3674 over 15 frames.
LOG (apply-cmvn[5.5.891~1-37628]:main():apply-cmvn.cc:162) Applied cepstral mean normalization to 6258 utterances, errors on 0
WARNING (gmm-acc-stats-ali[5.5.891~1-37628]:main():gmm-acc-stats-ali.cc:79) No alignment for utterance 1028_972
LOG (gmm-acc-stats-ali[5.5.891~1-37628]:main():gmm-acc-stats-ali.cc:105) Processed 6100 utterances; for utterance 1028_988 avg. like is -83.1713 over 22 frames.
WARNING (gmm-acc-stats-ali[5.5.891~1-37628]:main():gmm-acc-stats-ali.cc:79) No alignment for utterance 1028_993
LOG (gmm-acc-stats-ali[5.5.891~1-37628]:main():gmm-acc-stats-ali.cc:112) Done 6110 files, 148 with errors.
LOG (gmm-acc-stats-ali[5.5.891~1-37628]:main():gmm-acc-stats-ali.cc:115) Overall avg like per frame (Gaussian only) = -92.5561 over 180984 frames.
LOG (gmm-acc-stats-ali[5.5.891~1-37628]:main():gmm-acc-stats-ali.cc:123) Written accs.
# Accounting: time=0 threads=1
# Ended (code 0) at Fri Mar 12 17:34:45 CET 2021, elapsed time 0 seconds
