# compile-train-graphs --read-disambig-syms=data/lang/phones/disambig.int exp/mono/tree exp/mono/0.mdl data/lang/L.fst "ark:sym2int.pl --map-oov 1 -f 2- data/lang/words.txt < data/train/split2/2/text|" "ark:|gzip -c >exp/mono/fsts.2.gz" 
# Started at Fri Mar 12 17:34:05 CET 2021
#
compile-train-graphs --read-disambig-syms=data/lang/phones/disambig.int exp/mono/tree exp/mono/0.mdl data/lang/L.fst 'ark:sym2int.pl --map-oov 1 -f 2- data/lang/words.txt < data/train/split2/2/text|' 'ark:|gzip -c >exp/mono/fsts.2.gz' 
sym2int.pl: replacing é with 1
sym2int.pl: replacing é with 1
sym2int.pl: replacing é with 1
sym2int.pl: replacing é with 1
sym2int.pl: replacing é with 1
sym2int.pl: replacing é with 1
sym2int.pl: replacing é with 1
sym2int.pl: replacing é with 1
sym2int.pl: replacing é with 1
sym2int.pl: replacing é with 1
sym2int.pl: replacing é with 1
sym2int.pl: replacing é with 1
sym2int.pl: replacing é with 1
sym2int.pl: replacing é with 1
sym2int.pl: replacing é with 1
sym2int.pl: replacing é with 1
sym2int.pl: replacing é with 1
sym2int.pl: replacing introdui with 1
sym2int.pl: replacing à with 1
sym2int.pl: replacing é with 1
sym2int.pl: not warning for OOVs any more times
** Replaced 333 instances of OOVs with 1
LOG (compile-train-graphs[5.5.891~1-37628]:main():compile-train-graphs.cc:147) compile-train-graphs: succeeded for 4056 graphs, failed for 0
# Accounting: time=1 threads=1
# Ended (code 0) at Fri Mar 12 17:34:06 CET 2021, elapsed time 1 seconds
