# ali-to-post "ark:gunzip -c exp/tri4a/ali.1.gz|" ark:- | weight-silence-post 0.0 1:2:3:4:5:6:7:8:9:10:11:12:13:14:15:16:17:18:19:20:21:22:23:24:25:26:27:28:29:30:31:32:33:34:35:36:37:38:39:40:41:42:43:44:45:46:47:48:49:50:51:52:53:54:55:56:57:58:59:60:61:62:63:64:65:66:67:68:69:70 exp/tri4a/2.mdl ark:- ark:- | gmm-est-fmllr --fmllr-update-type=full --spk2utt=ark:data/train/split1/1/spk2utt exp/tri4a/2.mdl "ark,s,cs:apply-cmvn  --utt2spk=ark:data/train/split1/1/utt2spk scp:data/train/split1/1/cmvn.scp scp:data/train/split1/1/feats.scp ark:- | splice-feats  ark:- ark:- | transform-feats exp/tri3a_ali/final.mat ark:- ark:- | transform-feats --utt2spk=ark:data/train/split1/1/utt2spk ark,s,cs:exp/tri3a_ali/trans.1 ark:- ark:- |" ark:- ark:exp/tri4a/tmp_trans.1 
# Started at Fri Mar 12 16:42:01 CET 2021
#
ali-to-post 'ark:gunzip -c exp/tri4a/ali.1.gz|' ark:- 
weight-silence-post 0.0 1:2:3:4:5:6:7:8:9:10:11:12:13:14:15:16:17:18:19:20:21:22:23:24:25:26:27:28:29:30:31:32:33:34:35:36:37:38:39:40:41:42:43:44:45:46:47:48:49:50:51:52:53:54:55:56:57:58:59:60:61:62:63:64:65:66:67:68:69:70 exp/tri4a/2.mdl ark:- ark:- 
gmm-est-fmllr --fmllr-update-type=full --spk2utt=ark:data/train/split1/1/spk2utt exp/tri4a/2.mdl 'ark,s,cs:apply-cmvn  --utt2spk=ark:data/train/split1/1/utt2spk scp:data/train/split1/1/cmvn.scp scp:data/train/split1/1/feats.scp ark:- | splice-feats  ark:- ark:- | transform-feats exp/tri3a_ali/final.mat ark:- ark:- | transform-feats --utt2spk=ark:data/train/split1/1/utt2spk ark,s,cs:exp/tri3a_ali/trans.1 ark:- ark:- |' ark:- ark:exp/tri4a/tmp_trans.1 
apply-cmvn --utt2spk=ark:data/train/split1/1/utt2spk scp:data/train/split1/1/cmvn.scp scp:data/train/split1/1/feats.scp ark:- 
transform-feats --utt2spk=ark:data/train/split1/1/utt2spk ark,s,cs:exp/tri3a_ali/trans.1 ark:- ark:- 
transform-feats exp/tri3a_ali/final.mat ark:- ark:- 
splice-feats ark:- ark:- 
LOG (gmm-est-fmllr[5.5.891~1-37628]:ComputeFmllrMatrixDiagGmmFull():fmllr-diag-gmm.cc:262) fMLLR objf improvement is 1.59281 per frame over 1492 frames.
LOG (gmm-est-fmllr[5.5.891~1-37628]:main():gmm-est-fmllr.cc:143) For speaker 1016_locuteur1, auxf-impr from fMLLR is 1.59281, over 1492 frames.
LOG (gmm-est-fmllr[5.5.891~1-37628]:ComputeFmllrMatrixDiagGmmFull():fmllr-diag-gmm.cc:262) fMLLR objf improvement is 1.32408 per frame over 1899 frames.
LOG (gmm-est-fmllr[5.5.891~1-37628]:main():gmm-est-fmllr.cc:143) For speaker 1016_locuteur2, auxf-impr from fMLLR is 1.32408, over 1899 frames.
LOG (gmm-est-fmllr[5.5.891~1-37628]:ComputeFmllrMatrixDiagGmmFull():fmllr-diag-gmm.cc:262) fMLLR objf improvement is 1.62388 per frame over 1344 frames.
LOG (gmm-est-fmllr[5.5.891~1-37628]:main():gmm-est-fmllr.cc:143) For speaker 1022, auxf-impr from fMLLR is 1.62388, over 1344 frames.
LOG (gmm-est-fmllr[5.5.891~1-37628]:ComputeFmllrMatrixDiagGmmFull():fmllr-diag-gmm.cc:262) fMLLR objf improvement is 1.75283 per frame over 996 frames.
LOG (gmm-est-fmllr[5.5.891~1-37628]:main():gmm-est-fmllr.cc:143) For speaker 1023, auxf-impr from fMLLR is 1.75283, over 996 frames.
LOG (gmm-est-fmllr[5.5.891~1-37628]:ComputeFmllrMatrixDiagGmmFull():fmllr-diag-gmm.cc:262) fMLLR objf improvement is 1.02707 per frame over 2394 frames.
LOG (gmm-est-fmllr[5.5.891~1-37628]:main():gmm-est-fmllr.cc:143) For speaker 1024, auxf-impr from fMLLR is 1.02707, over 2394 frames.
LOG (gmm-est-fmllr[5.5.891~1-37628]:ComputeFmllrMatrixDiagGmmFull():fmllr-diag-gmm.cc:262) fMLLR objf improvement is 1.04367 per frame over 2182 frames.
LOG (gmm-est-fmllr[5.5.891~1-37628]:main():gmm-est-fmllr.cc:143) For speaker 1028, auxf-impr from fMLLR is 1.04367, over 2182 frames.
LOG (gmm-est-fmllr[5.5.891~1-37628]:ComputeFmllrMatrixDiagGmmFull():fmllr-diag-gmm.cc:262) fMLLR objf improvement is 0.953792 per frame over 2263 frames.
LOG (gmm-est-fmllr[5.5.891~1-37628]:main():gmm-est-fmllr.cc:143) For speaker 1029, auxf-impr from fMLLR is 0.953792, over 2263 frames.
LOG (ali-to-post[5.5.891~1-37628]:main():ali-to-post.cc:73) Converted 99 alignments.
LOG (gmm-est-fmllr[5.5.891~1-37628]:ComputeFmllrMatrixDiagGmmFull():fmllr-diag-gmm.cc:262) fMLLR objf improvement is 0.754251 per frame over 2989 frames.
LOG (gmm-est-fmllr[5.5.891~1-37628]:main():gmm-est-fmllr.cc:143) For speaker 1032, auxf-impr from fMLLR is 0.754251, over 2989 frames.
LOG (weight-silence-post[5.5.891~1-37628]:main():weight-silence-post.cc:95) Done 99 posteriors.
LOG (apply-cmvn[5.5.891~1-37628]:main():apply-cmvn.cc:162) Applied cepstral mean normalization to 99 utterances, errors on 0
LOG (gmm-est-fmllr[5.5.891~1-37628]:ComputeFmllrMatrixDiagGmmFull():fmllr-diag-gmm.cc:262) fMLLR objf improvement is 1.02529 per frame over 2663 frames.
LOG (gmm-est-fmllr[5.5.891~1-37628]:main():gmm-est-fmllr.cc:143) For speaker 1036, auxf-impr from fMLLR is 1.02529, over 2663 frames.
LOG (transform-feats[5.5.891~1-37628]:main():transform-feats.cc:158) Overall average [pseudo-]logdet is -69.1217 over 25328 frames.
LOG (transform-feats[5.5.891~1-37628]:main():transform-feats.cc:161) Applied transform to 99 utterances; 0 had errors.
LOG (transform-feats[5.5.891~1-37628]:main():transform-feats.cc:158) Overall average logdet is 1.10989 over 25328 frames.
LOG (transform-feats[5.5.891~1-37628]:main():transform-feats.cc:161) Applied transform to 99 utterances; 0 had errors.
LOG (gmm-est-fmllr[5.5.891~1-37628]:ComputeFmllrMatrixDiagGmmFull():fmllr-diag-gmm.cc:262) fMLLR objf improvement is 1.01557 per frame over 2023 frames.
LOG (gmm-est-fmllr[5.5.891~1-37628]:main():gmm-est-fmllr.cc:143) For speaker 1037, auxf-impr from fMLLR is 1.01557, over 2023 frames.
LOG (gmm-est-fmllr[5.5.891~1-37628]:main():gmm-est-fmllr.cc:188) Done 99 files, 0 with no posts, 0 with other errors.
LOG (gmm-est-fmllr[5.5.891~1-37628]:main():gmm-est-fmllr.cc:190) Overall fMLLR auxf impr per frame is 1.12388 over 20245 frames.
# Accounting: time=1 threads=1
# Ended (code 0) at Fri Mar 12 16:42:02 CET 2021, elapsed time 1 seconds
