# gunzip -c exp/tri4a/decode/depth_tmp.*.gz | steps/diagnostic/analyze_lattice_depth_stats.py exp/tri4a/graph exp/tri4a/decode/ali_frame_tmp.gz 
# Started at Fri Mar 12 16:43:11 CET 2021
#
The total amount of data analyzed assuming 100 frames per second is 0.0 hours
Overall, lattice depth (10,50,90-percentile)=(10,59,217) and mean=94.7
Nonsilence phones as a group account for 72.8% of frames, with lattice depth (10,50,90-percentile)=(10,67,210) and mean=94.2
Phone SIL accounts for 27.2% of frames, with lattice depth (10,50,90-percentile)=(10,49,257) and mean=96.2
Phone aa_E accounts for 9.9% of frames, with lattice depth (10,50,90-percentile)=(14,103,288) and mean=126.0
Phone kk_B accounts for 7.6% of frames, with lattice depth (10,50,90-percentile)=(19,122,329) and mean=139.8
Phone ii_E accounts for 7.2% of frames, with lattice depth (10,50,90-percentile)=(9,43,105) and mean=49.3
Phone tt_B accounts for 5.3% of frames, with lattice depth (10,50,90-percentile)=(8,28,259) and mean=86.6
Phone ou_S accounts for 4.7% of frames, with lattice depth (10,50,90-percentile)=(27,53,299) and mean=128.5
Phone ss_B accounts for 3.6% of frames, with lattice depth (10,50,90-percentile)=(9,122,148) and mean=87.3
Phone pp_B accounts for 3.3% of frames, with lattice depth (10,50,90-percentile)=(25,131,147) and mean=98.2
Phone an_I accounts for 2.9% of frames, with lattice depth (10,50,90-percentile)=(2,44,171) and mean=68.6
Phone mm_B accounts for 2.5% of frames, with lattice depth (10,50,90-percentile)=(11,12,239) and mean=109.6
Phone nn_E accounts for 2.4% of frames, with lattice depth (10,50,90-percentile)=(6,37,189) and mean=73.7
Phone ei_I accounts for 2.2% of frames, with lattice depth (10,50,90-percentile)=(27,44,143) and mean=84.1
Phone ou_E accounts for 1.9% of frames, with lattice depth (10,50,90-percentile)=(8,23,168) and mean=83.2
Phone tt_I accounts for 1.9% of frames, with lattice depth (10,50,90-percentile)=(13,52,213) and mean=87.9
Phone ii_I accounts for 1.8% of frames, with lattice depth (10,50,90-percentile)=(14,17,54) and mean=30.8
Phone aa_B accounts for 1.5% of frames, with lattice depth (10,50,90-percentile)=(7,112,124) and mean=74.2
Phone tt_E accounts for 1.5% of frames, with lattice depth (10,50,90-percentile)=(27,48,123) and mean=84.0
Phone an_S accounts for 1.3% of frames, with lattice depth (10,50,90-percentile)=(15,105,180) and mean=112.6
Phone ww_E accounts for 1.0% of frames, with lattice depth (10,50,90-percentile)=(67,67,67) and mean=67.2
Phone nn_B accounts for 1.0% of frames, with lattice depth (10,50,90-percentile)=(10,80,96) and mean=61.1
Phone aa_I accounts for 0.9% of frames, with lattice depth (10,50,90-percentile)=(12,27,55) and mean=33.8
Phone on_I accounts for 0.9% of frames, with lattice depth (10,50,90-percentile)=(110,110,110) and mean=110.7
Phone ou_B accounts for 0.9% of frames, with lattice depth (10,50,90-percentile)=(17,17,17) and mean=17.0
Phone pp_I accounts for 0.8% of frames, with lattice depth (10,50,90-percentile)=(124,133,142) and mean=134.5
Phone dd_I accounts for 0.8% of frames, with lattice depth (10,50,90-percentile)=(46,48,49) and mean=47.7
Phone ai_I accounts for 0.7% of frames, with lattice depth (10,50,90-percentile)=(168,194,203) and mean=190.6
Phone kk_E accounts for 0.6% of frames, with lattice depth (10,50,90-percentile)=(56,99,123) and mean=93.0
# Accounting: time=0 threads=1
# Ended (code 0) at Fri Mar 12 16:43:11 CET 2021, elapsed time 0 seconds
