# lattice-determinize-pruned --acoustic-scale=0.083333 --beam=4.0 "ark:gunzip -c exp/tri4a/decode/lat.tmp.1.gz|" ark:- | lattice-to-post --acoustic-scale=0.083333 ark:- ark:- | weight-silence-post 0.01 1:2:3:4:5:6:7:8:9:10:11:12:13:14:15:16:17:18:19:20:21:22:23:24:25:26:27:28:29:30:31:32:33:34:35:36:37:38:39:40:41:42:43:44:45:46:47:48:49:50:51:52:53:54:55:56:57:58:59:60:61:62:63:64:65:66:67:68:69:70 exp/tri4a/final.mdl ark:- ark:- | gmm-est-fmllr --fmllr-update-type=full --spk2utt=ark:data/test/split1/1/spk2utt exp/tri4a/final.mdl "ark,s,cs:apply-cmvn  --utt2spk=ark:data/test/split1/1/utt2spk scp:data/test/split1/1/cmvn.scp scp:data/test/split1/1/feats.scp ark:- | splice-feats  ark:- ark:- | transform-feats exp/tri4a/final.mat ark:- ark:- | transform-feats --utt2spk=ark:data/test/split1/1/utt2spk ark:exp/tri4a/decode/pre_trans.1 ark:- ark:- |" ark,s,cs:- ark:exp/tri4a/decode/trans_tmp.1 && compose-transforms --b-is-affine=true ark:exp/tri4a/decode/trans_tmp.1 ark:exp/tri4a/decode/pre_trans.1 ark:exp/tri4a/decode/trans.1 
# Started at Fri Mar 12 16:42:47 CET 2021
#
weight-silence-post 0.01 1:2:3:4:5:6:7:8:9:10:11:12:13:14:15:16:17:18:19:20:21:22:23:24:25:26:27:28:29:30:31:32:33:34:35:36:37:38:39:40:41:42:43:44:45:46:47:48:49:50:51:52:53:54:55:56:57:58:59:60:61:62:63:64:65:66:67:68:69:70 exp/tri4a/final.mdl ark:- ark:- 
gmm-est-fmllr --fmllr-update-type=full --spk2utt=ark:data/test/split1/1/spk2utt exp/tri4a/final.mdl 'ark,s,cs:apply-cmvn  --utt2spk=ark:data/test/split1/1/utt2spk scp:data/test/split1/1/cmvn.scp scp:data/test/split1/1/feats.scp ark:- | splice-feats  ark:- ark:- | transform-feats exp/tri4a/final.mat ark:- ark:- | transform-feats --utt2spk=ark:data/test/split1/1/utt2spk ark:exp/tri4a/decode/pre_trans.1 ark:- ark:- |' ark,s,cs:- ark:exp/tri4a/decode/trans_tmp.1 
lattice-determinize-pruned --acoustic-scale=0.083333 --beam=4.0 'ark:gunzip -c exp/tri4a/decode/lat.tmp.1.gz|' ark:- 
lattice-to-post --acoustic-scale=0.083333 ark:- ark:- 
splice-feats ark:- ark:- 
apply-cmvn --utt2spk=ark:data/test/split1/1/utt2spk scp:data/test/split1/1/cmvn.scp scp:data/test/split1/1/feats.scp ark:- 
transform-feats exp/tri4a/final.mat ark:- ark:- 
transform-feats --utt2spk=ark:data/test/split1/1/utt2spk ark:exp/tri4a/decode/pre_trans.1 ark:- ark:- 
LOG (apply-cmvn[5.5.891~1-37628]:main():apply-cmvn.cc:162) Applied cepstral mean normalization to 10 utterances, errors on 0
LOG (lattice-determinize-pruned[5.5.891~1-37628]:RebuildRepository():determinize-lattice-pruned.cc:287) Rebuilding repository.
LOG (lattice-determinize-pruned[5.5.891~1-37628]:RebuildRepository():determinize-lattice-pruned.cc:287) Rebuilding repository.
LOG (lattice-determinize-pruned[5.5.891~1-37628]:RebuildRepository():determinize-lattice-pruned.cc:287) Rebuilding repository.
LOG (lattice-determinize-pruned[5.5.891~1-37628]:RebuildRepository():determinize-lattice-pruned.cc:287) Rebuilding repository.
WARNING (lattice-determinize-pruned[5.5.891~1-37628]:CheckMemoryUsage():determinize-lattice-pruned.cc:320) Did not reach requested beam in determinize-lattice: size exceeds maximum 50000000 bytes; (repo,arcs,elems) = (36933312,33888,13762752), after rebuilding, repo size was 30226880, effective beam was 3.55381 vs. requested beam 4
WARNING (lattice-determinize-pruned[5.5.891~1-37628]:main():lattice-determinize-pruned.cc:119) For key 1041_108, determinization did not succeed(partial output will be pruned tighter than the specified beam.)
LOG (transform-feats[5.5.891~1-37628]:main():transform-feats.cc:158) Overall average [pseudo-]logdet is -69.1217 over 2682 frames.
LOG (transform-feats[5.5.891~1-37628]:main():transform-feats.cc:161) Applied transform to 10 utterances; 0 had errors.
LOG (transform-feats[5.5.891~1-37628]:main():transform-feats.cc:158) Overall average logdet is 0.174873 over 2682 frames.
LOG (transform-feats[5.5.891~1-37628]:main():transform-feats.cc:161) Applied transform to 10 utterances; 0 had errors.
LOG (lattice-determinize-pruned[5.5.891~1-37628]:main():lattice-determinize-pruned.cc:159) Average input-lattice depth (measured at at state level) is 137.484, output depth is 61.8792, over 2682 frames  (average num-frames = 268.2).
LOG (lattice-determinize-pruned[5.5.891~1-37628]:main():lattice-determinize-pruned.cc:164) Done 10 lattices, determinization finished earlier than specified by the beam (or output was empty) on 1 of these.
LOG (lattice-to-post[5.5.891~1-37628]:main():lattice-to-post.cc:106) Overall average log-like/frame is -5.16035 over 2682 frames.  Average acoustic like/frame is -5.01281
LOG (lattice-to-post[5.5.891~1-37628]:main():lattice-to-post.cc:110) Done 10 lattices.
LOG (weight-silence-post[5.5.891~1-37628]:main():weight-silence-post.cc:95) Done 10 posteriors.
LOG (gmm-est-fmllr[5.5.891~1-37628]:ComputeFmllrMatrixDiagGmmFull():fmllr-diag-gmm.cc:262) fMLLR objf improvement is 0.479723 per frame over 1915.67 frames.
LOG (gmm-est-fmllr[5.5.891~1-37628]:main():gmm-est-fmllr.cc:143) For speaker 1041, auxf-impr from fMLLR is 0.479723, over 1915.67 frames.
LOG (gmm-est-fmllr[5.5.891~1-37628]:main():gmm-est-fmllr.cc:188) Done 10 files, 0 with no posts, 0 with other errors.
LOG (gmm-est-fmllr[5.5.891~1-37628]:main():gmm-est-fmllr.cc:190) Overall fMLLR auxf impr per frame is 0.479723 over 1915.67 frames.
compose-transforms --b-is-affine=true ark:exp/tri4a/decode/trans_tmp.1 ark:exp/tri4a/decode/pre_trans.1 ark:exp/tri4a/decode/trans.1 
# Accounting: time=12 threads=1
# Ended (code 0) at Fri Mar 12 16:42:59 CET 2021, elapsed time 12 seconds
