# ali-to-post "ark:gunzip -c exp/tri2_ali/ali.2.gz|" ark:- | weight-silence-post 0.0 1:2:3:4:5:6:7:8:9:10:11:12:13:14:15:16:17:18:19:20:21:22:23:24:25:26:27:28:29:30:31:32:33:34:35:36:37:38:39:40:41:42:43:44:45:46:47:48:49:50:51:52:53:54:55:56:57:58:59:60:61:62:63:64:65:66:67:68:69:70:71:72:73:74:75 exp/tri2_ali/final.mdl ark:- ark:- | acc-lda --rand-prune=4.0 exp/tri2_ali/final.mdl "ark,s,cs:apply-cmvn  --utt2spk=ark:data/train/split2/2/utt2spk scp:data/train/split2/2/cmvn.scp scp:data/train/split2/2/feats.scp ark:- | splice-feats  ark:- ark:- |" ark,s,cs:- exp/tri3a/lda.2.acc 
# Started at Fri Mar 12 14:31:29 CET 2021
#
weight-silence-post 0.0 1:2:3:4:5:6:7:8:9:10:11:12:13:14:15:16:17:18:19:20:21:22:23:24:25:26:27:28:29:30:31:32:33:34:35:36:37:38:39:40:41:42:43:44:45:46:47:48:49:50:51:52:53:54:55:56:57:58:59:60:61:62:63:64:65:66:67:68:69:70:71:72:73:74:75 exp/tri2_ali/final.mdl ark:- ark:- 
ali-to-post 'ark:gunzip -c exp/tri2_ali/ali.2.gz|' ark:- 
acc-lda --rand-prune=4.0 exp/tri2_ali/final.mdl 'ark,s,cs:apply-cmvn  --utt2spk=ark:data/train/split2/2/utt2spk scp:data/train/split2/2/cmvn.scp scp:data/train/split2/2/feats.scp ark:- | splice-feats  ark:- ark:- |' ark,s,cs:- exp/tri3a/lda.2.acc 
splice-feats ark:- ark:- 
apply-cmvn --utt2spk=ark:data/train/split2/2/utt2spk scp:data/train/split2/2/cmvn.scp scp:data/train/split2/2/feats.scp ark:- 
LOG (acc-lda[5.5.891~1-37628]:main():acc-lda.cc:114) Done 100 utterances.
LOG (acc-lda[5.5.891~1-37628]:main():acc-lda.cc:114) Done 200 utterances.
WARNING (acc-lda[5.5.891~1-37628]:main():acc-lda.cc:77) No posteriors for utterance 1028_280_l
WARNING (acc-lda[5.5.891~1-37628]:main():acc-lda.cc:77) No posteriors for utterance 1028_280_r
LOG (acc-lda[5.5.891~1-37628]:main():acc-lda.cc:114) Done 300 utterances.
WARNING (acc-lda[5.5.891~1-37628]:main():acc-lda.cc:77) No posteriors for utterance 1028_344_l
WARNING (acc-lda[5.5.891~1-37628]:main():acc-lda.cc:77) No posteriors for utterance 1028_344_r
WARNING (acc-lda[5.5.891~1-37628]:main():acc-lda.cc:77) No posteriors for utterance 1028_365_l
WARNING (acc-lda[5.5.891~1-37628]:main():acc-lda.cc:77) No posteriors for utterance 1028_365_r
WARNING (acc-lda[5.5.891~1-37628]:main():acc-lda.cc:77) No posteriors for utterance 1028_379_l
WARNING (acc-lda[5.5.891~1-37628]:main():acc-lda.cc:77) No posteriors for utterance 1028_379_r
WARNING (acc-lda[5.5.891~1-37628]:main():acc-lda.cc:77) No posteriors for utterance 1028_402_l
WARNING (acc-lda[5.5.891~1-37628]:main():acc-lda.cc:77) No posteriors for utterance 1028_402_r
WARNING (acc-lda[5.5.891~1-37628]:main():acc-lda.cc:77) No posteriors for utterance 1028_422_l
WARNING (acc-lda[5.5.891~1-37628]:main():acc-lda.cc:77) No posteriors for utterance 1028_422_r
LOG (acc-lda[5.5.891~1-37628]:main():acc-lda.cc:114) Done 400 utterances.
WARNING (acc-lda[5.5.891~1-37628]:main():acc-lda.cc:77) No posteriors for utterance 1028_445_l
WARNING (acc-lda[5.5.891~1-37628]:main():acc-lda.cc:77) No posteriors for utterance 1028_445_r
WARNING (acc-lda[5.5.891~1-37628]:main():acc-lda.cc:77) No posteriors for utterance 1028_450_l
WARNING (acc-lda[5.5.891~1-37628]:main():acc-lda.cc:77) No posteriors for utterance 1028_450_r
WARNING (acc-lda[5.5.891~1-37628]:main():acc-lda.cc:77) No posteriors for utterance 1028_451_l
WARNING (acc-lda[5.5.891~1-37628]:main():acc-lda.cc:77) No posteriors for utterance 1028_451_r
LOG (acc-lda[5.5.891~1-37628]:main():acc-lda.cc:114) Done 500 utterances.
WARNING (acc-lda[5.5.891~1-37628]:main():acc-lda.cc:77) No posteriors for utterance 1029_181_l
WARNING (acc-lda[5.5.891~1-37628]:main():acc-lda.cc:77) No posteriors for utterance 1029_181_r
LOG (acc-lda[5.5.891~1-37628]:main():acc-lda.cc:114) Done 600 utterances.
LOG (acc-lda[5.5.891~1-37628]:main():acc-lda.cc:114) Done 700 utterances.
LOG (acc-lda[5.5.891~1-37628]:main():acc-lda.cc:114) Done 800 utterances.
LOG (acc-lda[5.5.891~1-37628]:main():acc-lda.cc:114) Done 900 utterances.
LOG (acc-lda[5.5.891~1-37628]:main():acc-lda.cc:114) Done 1000 utterances.
LOG (acc-lda[5.5.891~1-37628]:main():acc-lda.cc:114) Done 1100 utterances.
LOG (acc-lda[5.5.891~1-37628]:main():acc-lda.cc:114) Done 1200 utterances.
LOG (acc-lda[5.5.891~1-37628]:main():acc-lda.cc:114) Done 1300 utterances.
LOG (acc-lda[5.5.891~1-37628]:main():acc-lda.cc:114) Done 1400 utterances.
WARNING (acc-lda[5.5.891~1-37628]:main():acc-lda.cc:77) No posteriors for utterance 1036_454_l
WARNING (acc-lda[5.5.891~1-37628]:main():acc-lda.cc:77) No posteriors for utterance 1036_454_r
LOG (ali-to-post[5.5.891~1-37628]:main():ali-to-post.cc:73) Converted 1480 alignments.
LOG (weight-silence-post[5.5.891~1-37628]:main():weight-silence-post.cc:95) Done 1480 posteriors.
LOG (apply-cmvn[5.5.891~1-37628]:main():apply-cmvn.cc:162) Applied cepstral mean normalization to 1502 utterances, errors on 0
LOG (acc-lda[5.5.891~1-37628]:main():acc-lda.cc:117) Done 1480 files, failed for 22
LOG (acc-lda[5.5.891~1-37628]:main():acc-lda.cc:122) Written statistics.
# Accounting: time=0 threads=1
# Ended (code 0) at Fri Mar 12 14:31:29 CET 2021, elapsed time 0 seconds
