# gmm-est --write-occs=exp/tri3a/7.occs --mix-up=6000 --power=0.25 exp/tri3a/6.mdl "gmm-sum-accs - exp/tri3a/6.*.acc |" exp/tri3a/7.mdl 
# Started at Fri Mar 12 14:32:01 CET 2021
#
gmm-est --write-occs=exp/tri3a/7.occs --mix-up=6000 --power=0.25 exp/tri3a/6.mdl 'gmm-sum-accs - exp/tri3a/6.*.acc |' exp/tri3a/7.mdl 
gmm-sum-accs - exp/tri3a/6.1.acc exp/tri3a/6.2.acc 
LOG (gmm-sum-accs[5.5.891~1-37628]:main():gmm-sum-accs.cc:63) Summed 2 stats, total count 730766, avg like/frame -52.1937
LOG (gmm-sum-accs[5.5.891~1-37628]:main():gmm-sum-accs.cc:66) Total count of stats is 730766
LOG (gmm-sum-accs[5.5.891~1-37628]:main():gmm-sum-accs.cc:67) Written stats to -
LOG (gmm-est[5.5.891~1-37628]:MleUpdate():transition-model.cc:528) TransitionModel::Update, objf change is 0 per frame over 730766 frames. 
LOG (gmm-est[5.5.891~1-37628]:MleUpdate():transition-model.cc:531) 119 probabilities floored, 4326 out of 7638 transition-states skipped due to insuffient data (it is normal to have some skipped.)
LOG (gmm-est[5.5.891~1-37628]:main():gmm-est.cc:102) Transition model update: Overall 0 log-like improvement per frame over 730766 frames.
WARNING (gmm-est[5.5.891~1-37628]:MleDiagGmmUpdate():mle-diag-gmm.cc:365) Gaussian has too little data but not removing it because it is the last Gaussian: i = 0, occ = 0, weight = 1
WARNING (gmm-est[5.5.891~1-37628]:MleDiagGmmUpdate():mle-diag-gmm.cc:365) Gaussian has too little data but not removing it because it is the last Gaussian: i = 0, occ = 0, weight = 1
WARNING (gmm-est[5.5.891~1-37628]:MleDiagGmmUpdate():mle-diag-gmm.cc:365) Gaussian has too little data but not removing it because it is the last Gaussian: i = 0, occ = 0, weight = 1
WARNING (gmm-est[5.5.891~1-37628]:MleDiagGmmUpdate():mle-diag-gmm.cc:365) Gaussian has too little data but not removing it because it is the last Gaussian: i = 0, occ = 0, weight = 1
WARNING (gmm-est[5.5.891~1-37628]:MleDiagGmmUpdate():mle-diag-gmm.cc:365) Gaussian has too little data but not removing it because it is the last Gaussian: i = 0, occ = 0, weight = 1
WARNING (gmm-est[5.5.891~1-37628]:MleDiagGmmUpdate():mle-diag-gmm.cc:365) Gaussian has too little data but not removing it because it is the last Gaussian: i = 0, occ = 0, weight = 1
WARNING (gmm-est[5.5.891~1-37628]:MleDiagGmmUpdate():mle-diag-gmm.cc:365) Gaussian has too little data but not removing it because it is the last Gaussian: i = 0, occ = 0, weight = 1
WARNING (gmm-est[5.5.891~1-37628]:MleDiagGmmUpdate():mle-diag-gmm.cc:365) Gaussian has too little data but not removing it because it is the last Gaussian: i = 0, occ = 0, weight = 1
WARNING (gmm-est[5.5.891~1-37628]:MleDiagGmmUpdate():mle-diag-gmm.cc:365) Gaussian has too little data but not removing it because it is the last Gaussian: i = 0, occ = 0, weight = 1
WARNING (gmm-est[5.5.891~1-37628]:MleDiagGmmUpdate():mle-diag-gmm.cc:365) Gaussian has too little data but not removing it because it is the last Gaussian: i = 0, occ = 0, weight = 1
WARNING (gmm-est[5.5.891~1-37628]:MleDiagGmmUpdate():mle-diag-gmm.cc:365) Gaussian has too little data but not removing it because it is the last Gaussian: i = 0, occ = 0, weight = 1
WARNING (gmm-est[5.5.891~1-37628]:MleDiagGmmUpdate():mle-diag-gmm.cc:365) Gaussian has too little data but not removing it because it is the last Gaussian: i = 0, occ = 0, weight = 1
WARNING (gmm-est[5.5.891~1-37628]:MleDiagGmmUpdate():mle-diag-gmm.cc:365) Gaussian has too little data but not removing it because it is the last Gaussian: i = 0, occ = 0, weight = 1
WARNING (gmm-est[5.5.891~1-37628]:MleDiagGmmUpdate():mle-diag-gmm.cc:365) Gaussian has too little data but not removing it because it is the last Gaussian: i = 0, occ = 0, weight = 1
WARNING (gmm-est[5.5.891~1-37628]:MleDiagGmmUpdate():mle-diag-gmm.cc:365) Gaussian has too little data but not removing it because it is the last Gaussian: i = 0, occ = 0, weight = 1
WARNING (gmm-est[5.5.891~1-37628]:MleDiagGmmUpdate():mle-diag-gmm.cc:359) Too little data - removing Gaussian (weight 0.148990, occupation count 8.343426, vector size 40)
WARNING (gmm-est[5.5.891~1-37628]:MleDiagGmmUpdate():mle-diag-gmm.cc:359) Too little data - removing Gaussian (weight 0.179684, occupation count 8.984189, vector size 40)
LOG (gmm-est[5.5.891~1-37628]:MleAmDiagGmmUpdate():mle-am-diag-gmm.cc:225) 0 variance elements floored in 0 Gaussians, out of 5298
LOG (gmm-est[5.5.891~1-37628]:MleAmDiagGmmUpdate():mle-am-diag-gmm.cc:229) Removed 2 Gaussians due to counts < --min-gaussian-occupancy=10 and --remove-low-count-gaussians=true
LOG (gmm-est[5.5.891~1-37628]:main():gmm-est.cc:113) GMM update: Overall 0.481558 objective function improvement per frame over 730766 frames
LOG (gmm-est[5.5.891~1-37628]:main():gmm-est.cc:116) GMM update: Overall avg like per frame = -52.1937 over 730766 frames.
LOG (gmm-est[5.5.891~1-37628]:SplitByCount():am-diag-gmm.cc:116) Split 1744 states with target = 6000, power = 0.25, perturb_factor = 0.01 and min_count = 20, split #Gauss from 5298 to 6000
LOG (gmm-est[5.5.891~1-37628]:main():gmm-est.cc:146) Written model to exp/tri3a/7.mdl
# Accounting: time=0 threads=1
# Ended (code 0) at Fri Mar 12 14:32:01 CET 2021, elapsed time 0 seconds
