# lattice-best-path --lm-scale=16 --word-symbol-table=exp/tri5a/graph/words.txt "ark:gunzip -c exp/tri5a/decode.si/lat.*.gz|" ark,t:exp/tri5a/decode.si/scoring/16.tra 
# Started at Fri Mar 12 16:43:50 CET 2021
#
lattice-best-path --lm-scale=16 --word-symbol-table=exp/tri5a/graph/words.txt 'ark:gunzip -c exp/tri5a/decode.si/lat.*.gz|' ark,t:exp/tri5a/decode.si/scoring/16.tra 
LOG (lattice-best-path[5.5.891~1-37628]:main():lattice-best-path.cc:99) For utterance 1041_100, best cost 238.595 + 5590.95 = 5829.55 over 87 frames.
1041_100 an mèvèy 
LOG (lattice-best-path[5.5.891~1-37628]:main():lattice-best-path.cc:99) For utterance 1041_106, best cost 377.749 + 9013.24 = 9390.99 over 142 frames.
1041_106 ké ou ka 
LOG (lattice-best-path[5.5.891~1-37628]:main():lattice-best-path.cc:99) For utterance 1041_108, best cost 854.214 + 23857.2 = 24711.4 over 382 frames.
1041_108 ka tann ou pa ay pòté plent poukwa ou pa ka tann 
LOG (lattice-best-path[5.5.891~1-37628]:main():lattice-best-path.cc:99) For utterance 1041_42, best cost 551.905 + 17091.9 = 17643.8 over 276 frames.
1041_42 ou ka fanmi an nou 
LOG (lattice-best-path[5.5.891~1-37628]:main():lattice-best-path.cc:99) For utterance 1041_50, best cost 599.381 + 17603.6 = 18203 over 285 frames.
1041_50 mè an vwè ou pa ay 
LOG (lattice-best-path[5.5.891~1-37628]:main():lattice-best-path.cc:99) For utterance 1041_56, best cost 590.854 + 19024.2 = 19615.1 over 284 frames.
1041_56 pa ka tann laplipa dè 
LOG (lattice-best-path[5.5.891~1-37628]:main():lattice-best-path.cc:99) For utterance 1041_67, best cost 307.792 + 5595.92 = 5903.71 over 94 frames.
1041_67 an pa ka tann 
LOG (lattice-best-path[5.5.891~1-37628]:main():lattice-best-path.cc:99) For utterance 1041_71, best cost 992.969 + 30467.4 = 31460.3 over 498 frames.
1041_71 abon an mélanj la sa an ka poukwa ou pa ay 
LOG (lattice-best-path[5.5.891~1-37628]:main():lattice-best-path.cc:99) For utterance 1041_82, best cost 909.734 + 23751.6 = 24661.3 over 383 frames.
1041_82 té ka jiska la ka pa ka tann 
LOG (lattice-best-path[5.5.891~1-37628]:main():lattice-best-path.cc:99) For utterance 1041_88, best cost 448.529 + 16492.7 = 16941.2 over 251 frames.
1041_88 sé paské an 
LOG (lattice-best-path[5.5.891~1-37628]:main():lattice-best-path.cc:124) Overall cost per frame is 65.0113 = 2.18931 [graph] + 62.822 [acoustic] over 2682 frames.
LOG (lattice-best-path[5.5.891~1-37628]:main():lattice-best-path.cc:128) Done 10 lattices, failed for 0
# Accounting: time=0 threads=1
# Ended (code 0) at Fri Mar 12 16:43:50 CET 2021, elapsed time 0 seconds
