# lattice-best-path --lm-scale=12 --word-symbol-table=exp/tri5a/graph/words.txt "ark:gunzip -c exp/tri5a/decode.si/lat.*.gz|" ark,t:exp/tri5a/decode.si/scoring/12.tra 
# Started at Fri Mar 12 16:43:50 CET 2021
#
lattice-best-path --lm-scale=12 --word-symbol-table=exp/tri5a/graph/words.txt 'ark:gunzip -c exp/tri5a/decode.si/lat.*.gz|' ark,t:exp/tri5a/decode.si/scoring/12.tra 
LOG (lattice-best-path[5.5.891~1-37628]:main():lattice-best-path.cc:99) For utterance 1041_100, best cost 178.946 + 5590.95 = 5769.9 over 87 frames.
1041_100 an mèvèy 
LOG (lattice-best-path[5.5.891~1-37628]:main():lattice-best-path.cc:99) For utterance 1041_106, best cost 310.564 + 8984.43 = 9294.99 over 142 frames.
1041_106 ké ou ka palé 
LOG (lattice-best-path[5.5.891~1-37628]:main():lattice-best-path.cc:99) For utterance 1041_108, best cost 640.661 + 23857.2 = 24497.9 over 382 frames.
1041_108 ka tann ou pa ay pòté plent poukwa ou pa ka tann 
LOG (lattice-best-path[5.5.891~1-37628]:main():lattice-best-path.cc:99) For utterance 1041_42, best cost 420.13 + 17083.6 = 17503.8 over 276 frames.
1041_42 nou ka fanmi an nou 
LOG (lattice-best-path[5.5.891~1-37628]:main():lattice-best-path.cc:99) For utterance 1041_50, best cost 449.536 + 17603.6 = 18053.2 over 285 frames.
1041_50 mè an vwè ou pa ay 
LOG (lattice-best-path[5.5.891~1-37628]:main():lattice-best-path.cc:99) For utterance 1041_56, best cost 551.675 + 18897.8 = 19449.5 over 284 frames.
1041_56 pandan otan kado apa pa ka tann 
LOG (lattice-best-path[5.5.891~1-37628]:main():lattice-best-path.cc:99) For utterance 1041_67, best cost 230.844 + 5595.92 = 5826.76 over 94 frames.
1041_67 an pa ka tann 
LOG (lattice-best-path[5.5.891~1-37628]:main():lattice-best-path.cc:99) For utterance 1041_71, best cost 854.93 + 30345.6 = 31200.5 over 498 frames.
1041_71 abon an sa mond la sa an ka poukwa ou pa ki 
LOG (lattice-best-path[5.5.891~1-37628]:main():lattice-best-path.cc:99) For utterance 1041_82, best cost 682.3 + 23751.6 = 24433.9 over 383 frames.
1041_82 té ka jiska la ka pa ka tann 
LOG (lattice-best-path[5.5.891~1-37628]:main():lattice-best-path.cc:99) For utterance 1041_88, best cost 441.995 + 16381.6 = 16823.6 over 251 frames.
1041_88 tou sa sé paské an 
LOG (lattice-best-path[5.5.891~1-37628]:main():lattice-best-path.cc:124) Overall cost per frame is 64.4497 = 1.77539 [graph] + 62.6743 [acoustic] over 2682 frames.
LOG (lattice-best-path[5.5.891~1-37628]:main():lattice-best-path.cc:128) Done 10 lattices, failed for 0
# Accounting: time=0 threads=1
# Ended (code 0) at Fri Mar 12 16:43:50 CET 2021, elapsed time 0 seconds
