# lattice-best-path --lm-scale=8 --word-symbol-table=exp/tri5a/graph/words.txt "ark:gunzip -c exp/tri5a/decode.si/lat.*.gz|" ark,t:exp/tri5a/decode.si/scoring/8.tra 
# Started at Fri Mar 12 16:43:50 CET 2021
#
lattice-best-path --lm-scale=8 --word-symbol-table=exp/tri5a/graph/words.txt 'ark:gunzip -c exp/tri5a/decode.si/lat.*.gz|' ark,t:exp/tri5a/decode.si/scoring/8.tra 
LOG (lattice-best-path[5.5.891~1-37628]:main():lattice-best-path.cc:99) For utterance 1041_100, best cost 154.558 + 5548.51 = 5703.07 over 87 frames.
1041_100 abon an mèvèy 
LOG (lattice-best-path[5.5.891~1-37628]:main():lattice-best-path.cc:99) For utterance 1041_106, best cost 207.043 + 8984.43 = 9191.47 over 142 frames.
1041_106 ké ou ka palé 
LOG (lattice-best-path[5.5.891~1-37628]:main():lattice-best-path.cc:99) For utterance 1041_108, best cost 427.107 + 23857.2 = 24284.3 over 382 frames.
1041_108 ka tann ou pa ay pòté plent poukwa ou pa ka tann 
LOG (lattice-best-path[5.5.891~1-37628]:main():lattice-best-path.cc:99) For utterance 1041_42, best cost 359.698 + 16973.7 = 17333.4 over 276 frames.
1041_42 nou ka fanmi an moun profité 
LOG (lattice-best-path[5.5.891~1-37628]:main():lattice-best-path.cc:99) For utterance 1041_50, best cost 328.892 + 17563.8 = 17892.7 over 285 frames.
1041_50 mè pa ni vwè ou pa ay 
LOG (lattice-best-path[5.5.891~1-37628]:main():lattice-best-path.cc:99) For utterance 1041_56, best cost 449.162 + 18805.7 = 19254.9 over 284 frames.
1041_56 pétèt ka nou otan kado apa pa ka tann 
LOG (lattice-best-path[5.5.891~1-37628]:main():lattice-best-path.cc:99) For utterance 1041_67, best cost 153.896 + 5595.92 = 5749.82 over 94 frames.
1041_67 an pa ka tann 
LOG (lattice-best-path[5.5.891~1-37628]:main():lattice-best-path.cc:99) For utterance 1041_71, best cost 692.607 + 30187.2 = 30879.8 over 498 frames.
1041_71 abon fanmi an moun la sa an ka ka ka poukwa ou pa ki 
LOG (lattice-best-path[5.5.891~1-37628]:main():lattice-best-path.cc:99) For utterance 1041_82, best cost 624.612 + 23546.4 = 24171 over 383 frames.
1041_82 dé an pa ka alò jòdla aba apa saw ka tann 
LOG (lattice-best-path[5.5.891~1-37628]:main():lattice-best-path.cc:99) For utterance 1041_88, best cost 388.008 + 16274.5 = 16662.5 over 251 frames.
1041_88 tou sa sé paské la sa an ka 
LOG (lattice-best-path[5.5.891~1-37628]:main():lattice-best-path.cc:124) Overall cost per frame is 63.8042 = 1.41148 [graph] + 62.3928 [acoustic] over 2682 frames.
LOG (lattice-best-path[5.5.891~1-37628]:main():lattice-best-path.cc:128) Done 10 lattices, failed for 0
# Accounting: time=0 threads=1
# Ended (code 0) at Fri Mar 12 16:43:50 CET 2021, elapsed time 0 seconds
