# lattice-best-path --lm-scale=7 --word-symbol-table=exp/tri5a/graph/words.txt "ark:gunzip -c exp/tri5a/decode.si/lat.*.gz|" ark,t:exp/tri5a/decode.si/scoring/7.tra 
# Started at Fri Mar 12 16:43:50 CET 2021
#
lattice-best-path --lm-scale=7 --word-symbol-table=exp/tri5a/graph/words.txt 'ark:gunzip -c exp/tri5a/decode.si/lat.*.gz|' ark,t:exp/tri5a/decode.si/scoring/7.tra 
LOG (lattice-best-path[5.5.891~1-37628]:main():lattice-best-path.cc:99) For utterance 1041_100, best cost 135.238 + 5548.51 = 5683.75 over 87 frames.
1041_100 abon an mèvèy 
LOG (lattice-best-path[5.5.891~1-37628]:main():lattice-best-path.cc:99) For utterance 1041_106, best cost 200.294 + 8962.77 = 9163.06 over 142 frames.
1041_106 ké ou ka sa 
LOG (lattice-best-path[5.5.891~1-37628]:main():lattice-best-path.cc:99) For utterance 1041_108, best cost 444.37 + 23783.4 = 24227.8 over 382 frames.
1041_108 ka tann ou pa ay ay pòté plent poukwa ou pa lavi 
LOG (lattice-best-path[5.5.891~1-37628]:main():lattice-best-path.cc:99) For utterance 1041_42, best cost 314.736 + 16973.7 = 17288.4 over 276 frames.
1041_42 nou ka fanmi an moun profité 
LOG (lattice-best-path[5.5.891~1-37628]:main():lattice-best-path.cc:99) For utterance 1041_50, best cost 317.595 + 17530.1 = 17847.7 over 285 frames.
1041_50 mè pa ni ni vwè ou pa ay 
LOG (lattice-best-path[5.5.891~1-37628]:main():lattice-best-path.cc:99) For utterance 1041_56, best cost 447.803 + 18747.7 = 19195.5 over 284 frames.
1041_56 pétèt ka nou kont kè tout ka pé pa ka tann 
LOG (lattice-best-path[5.5.891~1-37628]:main():lattice-best-path.cc:99) For utterance 1041_67, best cost 134.659 + 5595.92 = 5730.58 over 94 frames.
1041_67 an pa ka tann 
LOG (lattice-best-path[5.5.891~1-37628]:main():lattice-best-path.cc:99) For utterance 1041_71, best cost 619.94 + 30172.8 = 30792.8 over 498 frames.
1041_71 abon an ni sa mond la sa an ka ka ka poukwa ou pa ki 
LOG (lattice-best-path[5.5.891~1-37628]:main():lattice-best-path.cc:99) For utterance 1041_82, best cost 546.536 + 23546.4 = 24093 over 383 frames.
1041_82 dé an pa ka alò jòdla aba apa saw ka tann 
LOG (lattice-best-path[5.5.891~1-37628]:main():lattice-best-path.cc:99) For utterance 1041_88, best cost 409.042 + 16197.3 = 16606.4 over 251 frames.
1041_88 a poukwa soup sé paské la sa an ka 
LOG (lattice-best-path[5.5.891~1-37628]:main():lattice-best-path.cc:124) Overall cost per frame is 63.62 = 1.33118 [graph] + 62.2889 [acoustic] over 2682 frames.
LOG (lattice-best-path[5.5.891~1-37628]:main():lattice-best-path.cc:128) Done 10 lattices, failed for 0
# Accounting: time=0 threads=1
# Ended (code 0) at Fri Mar 12 16:43:50 CET 2021, elapsed time 0 seconds
