# lattice-best-path --lm-scale=11 --word-symbol-table=exp/tri5a/graph/words.txt "ark:gunzip -c exp/tri5a/decode.si/lat.*.gz|" ark,t:exp/tri5a/decode.si/scoring/11.tra 
# Started at Fri Mar 12 16:43:50 CET 2021
#
lattice-best-path --lm-scale=11 --word-symbol-table=exp/tri5a/graph/words.txt 'ark:gunzip -c exp/tri5a/decode.si/lat.*.gz|' ark,t:exp/tri5a/decode.si/scoring/11.tra 
LOG (lattice-best-path[5.5.891~1-37628]:main():lattice-best-path.cc:99) For utterance 1041_100, best cost 164.034 + 5590.95 = 5754.99 over 87 frames.
1041_100 an mèvèy 
LOG (lattice-best-path[5.5.891~1-37628]:main():lattice-best-path.cc:99) For utterance 1041_106, best cost 284.684 + 8984.43 = 9269.11 over 142 frames.
1041_106 ké ou ka palé 
LOG (lattice-best-path[5.5.891~1-37628]:main():lattice-best-path.cc:99) For utterance 1041_108, best cost 587.272 + 23857.2 = 24444.5 over 382 frames.
1041_108 ka tann ou pa ay pòté plent poukwa ou pa ka tann 
LOG (lattice-best-path[5.5.891~1-37628]:main():lattice-best-path.cc:99) For utterance 1041_42, best cost 494.585 + 16973.7 = 17468.3 over 276 frames.
1041_42 nou ka fanmi an moun profité 
LOG (lattice-best-path[5.5.891~1-37628]:main():lattice-best-path.cc:99) For utterance 1041_50, best cost 412.074 + 17603.6 = 18015.7 over 285 frames.
1041_50 mè an vwè ou pa ay 
LOG (lattice-best-path[5.5.891~1-37628]:main():lattice-best-path.cc:99) For utterance 1041_56, best cost 505.702 + 18897.8 = 19403.6 over 284 frames.
1041_56 pandan otan kado apa pa ka tann 
LOG (lattice-best-path[5.5.891~1-37628]:main():lattice-best-path.cc:99) For utterance 1041_67, best cost 211.607 + 5595.92 = 5807.53 over 94 frames.
1041_67 an pa ka tann 
LOG (lattice-best-path[5.5.891~1-37628]:main():lattice-best-path.cc:99) For utterance 1041_71, best cost 889.074 + 30233.9 = 31122.9 over 498 frames.
1041_71 abon an kanmem sa an ka ka ka poukwa ou pa ki 
LOG (lattice-best-path[5.5.891~1-37628]:main():lattice-best-path.cc:99) For utterance 1041_82, best cost 666.16 + 23707.3 = 24373.4 over 383 frames.
1041_82 té ka alò jòdla kado apa pa ka tann 
LOG (lattice-best-path[5.5.891~1-37628]:main():lattice-best-path.cc:99) For utterance 1041_88, best cost 405.163 + 16381.6 = 16786.8 over 251 frames.
1041_88 tou sa sé paské an 
LOG (lattice-best-path[5.5.891~1-37628]:main():lattice-best-path.cc:124) Overall cost per frame is 64.2978 = 1.72273 [graph] + 62.5751 [acoustic] over 2682 frames.
LOG (lattice-best-path[5.5.891~1-37628]:main():lattice-best-path.cc:128) Done 10 lattices, failed for 0
# Accounting: time=0 threads=1
# Ended (code 0) at Fri Mar 12 16:43:50 CET 2021, elapsed time 0 seconds
