# lattice-best-path --lm-scale=16 --word-symbol-table=exp/tri4a/graph/words.txt "ark:gunzip -c exp/tri4a/decode/lat.*.gz|" ark,t:exp/tri4a/decode/scoring/16.tra 
# Started at Fri Mar 12 16:43:11 CET 2021
#
lattice-best-path --lm-scale=16 --word-symbol-table=exp/tri4a/graph/words.txt 'ark:gunzip -c exp/tri4a/decode/lat.*.gz|' ark,t:exp/tri4a/decode/scoring/16.tra 
LOG (lattice-best-path[5.5.891~1-37628]:main():lattice-best-path.cc:99) For utterance 1041_100, best cost 270.585 + 5080.66 = 5351.24 over 87 frames.
1041_100 samdi ou 
LOG (lattice-best-path[5.5.891~1-37628]:main():lattice-best-path.cc:99) For utterance 1041_106, best cost 413.18 + 8800.55 = 9213.73 over 142 frames.
1041_106 ké ou ka palé 
LOG (lattice-best-path[5.5.891~1-37628]:main():lattice-best-path.cc:99) For utterance 1041_108, best cost 727.828 + 23290.1 = 24017.9 over 382 frames.
1041_108 ka tann an nou ka mérité plis 
LOG (lattice-best-path[5.5.891~1-37628]:main():lattice-best-path.cc:99) For utterance 1041_42, best cost 551.732 + 16557.3 = 17109 over 276 frames.
1041_42 ni matyè oubliyé sa 
LOG (lattice-best-path[5.5.891~1-37628]:main():lattice-best-path.cc:99) For utterance 1041_50, best cost 640.877 + 17387.7 = 18028.6 over 285 frames.
1041_50 tèm patikilyé poukwa ou pa ay 
LOG (lattice-best-path[5.5.891~1-37628]:main():lattice-best-path.cc:99) For utterance 1041_56, best cost 603.699 + 18261.9 = 18865.6 over 284 frames.
1041_56 ki aprann laplipa dè 
LOG (lattice-best-path[5.5.891~1-37628]:main():lattice-best-path.cc:99) For utterance 1041_67, best cost 271.895 + 5486.96 = 5758.85 over 94 frames.
1041_67 ou ka tann 
LOG (lattice-best-path[5.5.891~1-37628]:main():lattice-best-path.cc:99) For utterance 1041_71, best cost 1130.49 + 29581.2 = 30711.7 over 498 frames.
1041_71 abon an atandan sa tout sa ké ou ka ki 
LOG (lattice-best-path[5.5.891~1-37628]:main():lattice-best-path.cc:99) For utterance 1041_82, best cost 907.999 + 22669.8 = 23577.8 over 383 frames.
1041_82 té ka dansé si ou ka tou sa an ka tann 
LOG (lattice-best-path[5.5.891~1-37628]:main():lattice-best-path.cc:99) For utterance 1041_88, best cost 657.707 + 15958.2 = 16615.9 over 251 frames.
1041_88 tou sa sé paské timoun la 
LOG (lattice-best-path[5.5.891~1-37628]:main():lattice-best-path.cc:124) Overall cost per frame is 63.106 = 2.30276 [graph] + 60.8033 [acoustic] over 2682 frames.
LOG (lattice-best-path[5.5.891~1-37628]:main():lattice-best-path.cc:128) Done 10 lattices, failed for 0
# Accounting: time=0 threads=1
# Ended (code 0) at Fri Mar 12 16:43:11 CET 2021, elapsed time 0 seconds
