# lattice-best-path --lm-scale=7 --word-symbol-table=exp/tri4a/graph/words.txt "ark:gunzip -c exp/tri4a/decode/lat.*.gz|" ark,t:exp/tri4a/decode/scoring/7.tra 
# Started at Fri Mar 12 16:43:11 CET 2021
#
lattice-best-path --lm-scale=7 --word-symbol-table=exp/tri4a/graph/words.txt 'ark:gunzip -c exp/tri4a/decode/lat.*.gz|' ark,t:exp/tri4a/decode/scoring/7.tra 
LOG (lattice-best-path[5.5.891~1-37628]:main():lattice-best-path.cc:99) For utterance 1041_100, best cost 118.381 + 5080.66 = 5199.04 over 87 frames.
1041_100 samdi ou 
LOG (lattice-best-path[5.5.891~1-37628]:main():lattice-best-path.cc:99) For utterance 1041_106, best cost 219.185 + 8732.88 = 8952.07 over 142 frames.
1041_106 ou ka ou ka ka 
LOG (lattice-best-path[5.5.891~1-37628]:main():lattice-best-path.cc:99) For utterance 1041_108, best cost 453.481 + 23044.4 = 23497.9 over 382 frames.
1041_108 ka tann an i té ka menm ki pa ka di 
LOG (lattice-best-path[5.5.891~1-37628]:main():lattice-best-path.cc:99) For utterance 1041_42, best cost 241.383 + 16557.3 = 16798.7 over 276 frames.
1041_42 ni matyè oubliyé sa 
LOG (lattice-best-path[5.5.891~1-37628]:main():lattice-best-path.cc:99) For utterance 1041_50, best cost 296.831 + 17358.7 = 17655.5 over 285 frames.
1041_50 tèm patikilyé vwè ou pa ay 
LOG (lattice-best-path[5.5.891~1-37628]:main():lattice-best-path.cc:99) For utterance 1041_56, best cost 389.07 + 18048.9 = 18438 over 284 frames.
1041_56 ou ka aprann té ka pé pa ka tann 
LOG (lattice-best-path[5.5.891~1-37628]:main():lattice-best-path.cc:99) For utterance 1041_67, best cost 118.954 + 5486.96 = 5605.91 over 94 frames.
1041_67 ou ka tann 
LOG (lattice-best-path[5.5.891~1-37628]:main():lattice-best-path.cc:99) For utterance 1041_71, best cost 727.185 + 29210 = 29937.2 over 498 frames.
1041_71 an kontan kréòl ni tou sa an ka sa sé pou sa ka ka poukwa ou ka ki 
LOG (lattice-best-path[5.5.891~1-37628]:main():lattice-best-path.cc:99) For utterance 1041_82, best cost 548.362 + 22501.9 = 23050.3 over 383 frames.
1041_82 dé sòs a ka dansé si ou moun la ka tou sa ka tann 
LOG (lattice-best-path[5.5.891~1-37628]:main():lattice-best-path.cc:99) For utterance 1041_88, best cost 341.266 + 15852.9 = 16194.1 over 251 frames.
1041_88 tou sa sé paské an senten ka 
LOG (lattice-best-path[5.5.891~1-37628]:main():lattice-best-path.cc:124) Overall cost per frame is 61.6438 = 1.28788 [graph] + 60.3559 [acoustic] over 2682 frames.
LOG (lattice-best-path[5.5.891~1-37628]:main():lattice-best-path.cc:128) Done 10 lattices, failed for 0
# Accounting: time=0 threads=1
# Ended (code 0) at Fri Mar 12 16:43:11 CET 2021, elapsed time 0 seconds
