# lattice-best-path --lm-scale=15 --word-symbol-table=exp/tri4a/graph/words.txt "ark:gunzip -c exp/tri4a/decode/lat.*.gz|" ark,t:exp/tri4a/decode/scoring/15.tra 
# Started at Fri Mar 12 16:43:11 CET 2021
#
lattice-best-path --lm-scale=15 --word-symbol-table=exp/tri4a/graph/words.txt 'ark:gunzip -c exp/tri4a/decode/lat.*.gz|' ark,t:exp/tri4a/decode/scoring/15.tra 
LOG (lattice-best-path[5.5.891~1-37628]:main():lattice-best-path.cc:99) For utterance 1041_100, best cost 253.673 + 5080.66 = 5334.33 over 87 frames.
1041_100 samdi ou 
LOG (lattice-best-path[5.5.891~1-37628]:main():lattice-best-path.cc:99) For utterance 1041_106, best cost 387.356 + 8800.55 = 9187.9 over 142 frames.
1041_106 ké ou ka palé 
LOG (lattice-best-path[5.5.891~1-37628]:main():lattice-best-path.cc:99) For utterance 1041_108, best cost 682.339 + 23290.1 = 23972.4 over 382 frames.
1041_108 ka tann an nou ka mérité plis 
LOG (lattice-best-path[5.5.891~1-37628]:main():lattice-best-path.cc:99) For utterance 1041_42, best cost 517.249 + 16557.3 = 17074.6 over 276 frames.
1041_42 ni matyè oubliyé sa 
LOG (lattice-best-path[5.5.891~1-37628]:main():lattice-best-path.cc:99) For utterance 1041_50, best cost 600.822 + 17387.7 = 17988.5 over 285 frames.
1041_50 tèm patikilyé poukwa ou pa ay 
LOG (lattice-best-path[5.5.891~1-37628]:main():lattice-best-path.cc:99) For utterance 1041_56, best cost 565.968 + 18261.9 = 18827.8 over 284 frames.
1041_56 ki aprann laplipa dè 
LOG (lattice-best-path[5.5.891~1-37628]:main():lattice-best-path.cc:99) For utterance 1041_67, best cost 254.902 + 5486.96 = 5741.86 over 94 frames.
1041_67 ou ka tann 
LOG (lattice-best-path[5.5.891~1-37628]:main():lattice-best-path.cc:99) For utterance 1041_71, best cost 1166.39 + 29469.9 = 30636.3 over 498 frames.
1041_71 abon ni tou sa an ka sa tout sa ké ou ka ki 
LOG (lattice-best-path[5.5.891~1-37628]:main():lattice-best-path.cc:99) For utterance 1041_82, best cost 851.249 + 22669.8 = 23521.1 over 383 frames.
1041_82 té ka dansé si ou ka tou sa an ka tann 
LOG (lattice-best-path[5.5.891~1-37628]:main():lattice-best-path.cc:99) For utterance 1041_88, best cost 674.425 + 15899.7 = 16574.1 over 251 frames.
1041_88 tou sa sé sa koumansé entrigé ka 
LOG (lattice-best-path[5.5.891~1-37628]:main():lattice-best-path.cc:124) Overall cost per frame is 62.9601 = 2.22013 [graph] + 60.7399 [acoustic] over 2682 frames.
LOG (lattice-best-path[5.5.891~1-37628]:main():lattice-best-path.cc:128) Done 10 lattices, failed for 0
# Accounting: time=0 threads=1
# Ended (code 0) at Fri Mar 12 16:43:11 CET 2021, elapsed time 0 seconds
