# lattice-best-path --lm-scale=13 --word-symbol-table=exp/tri4a/graph/words.txt "ark:gunzip -c exp/tri4a/decode/lat.*.gz|" ark,t:exp/tri4a/decode/scoring/13.tra 
# Started at Fri Mar 12 16:43:11 CET 2021
#
lattice-best-path --lm-scale=13 --word-symbol-table=exp/tri4a/graph/words.txt 'ark:gunzip -c exp/tri4a/decode/lat.*.gz|' ark,t:exp/tri4a/decode/scoring/13.tra 
LOG (lattice-best-path[5.5.891~1-37628]:main():lattice-best-path.cc:99) For utterance 1041_100, best cost 219.85 + 5080.66 = 5300.51 over 87 frames.
1041_100 samdi ou 
LOG (lattice-best-path[5.5.891~1-37628]:main():lattice-best-path.cc:99) For utterance 1041_106, best cost 376.675 + 8754.81 = 9131.49 over 142 frames.
1041_106 ké ou ka ka 
LOG (lattice-best-path[5.5.891~1-37628]:main():lattice-best-path.cc:99) For utterance 1041_108, best cost 704.77 + 23171.7 = 23876.5 over 382 frames.
1041_108 ka tann an lang dè moun pa ka di 
LOG (lattice-best-path[5.5.891~1-37628]:main():lattice-best-path.cc:99) For utterance 1041_42, best cost 448.282 + 16557.3 = 17005.6 over 276 frames.
1041_42 ni matyè oubliyé sa 
LOG (lattice-best-path[5.5.891~1-37628]:main():lattice-best-path.cc:99) For utterance 1041_50, best cost 520.712 + 17387.7 = 17908.4 over 285 frames.
1041_50 tèm patikilyé poukwa ou pa ay 
LOG (lattice-best-path[5.5.891~1-37628]:main():lattice-best-path.cc:99) For utterance 1041_56, best cost 490.505 + 18261.9 = 18752.4 over 284 frames.
1041_56 ki aprann laplipa dè 
LOG (lattice-best-path[5.5.891~1-37628]:main():lattice-best-path.cc:99) For utterance 1041_67, best cost 220.915 + 5486.96 = 5707.87 over 94 frames.
1041_67 ou ka tann 
LOG (lattice-best-path[5.5.891~1-37628]:main():lattice-best-path.cc:99) For utterance 1041_71, best cost 1069.24 + 29404.7 = 30474 over 498 frames.
1041_71 abon ni tou sa an ka sa tout sa ka ké ou ka ki 
LOG (lattice-best-path[5.5.891~1-37628]:main():lattice-best-path.cc:99) For utterance 1041_82, best cost 737.749 + 22669.8 = 23407.6 over 383 frames.
1041_82 té ka dansé si ou ka tou sa an ka tann 
LOG (lattice-best-path[5.5.891~1-37628]:main():lattice-best-path.cc:99) For utterance 1041_88, best cost 584.502 + 15899.7 = 16484.2 over 251 frames.
1041_88 tou sa sé sa koumansé entrigé ka 
LOG (lattice-best-path[5.5.891~1-37628]:main():lattice-best-path.cc:124) Overall cost per frame is 62.6579 = 2.00343 [graph] + 60.6545 [acoustic] over 2682 frames.
LOG (lattice-best-path[5.5.891~1-37628]:main():lattice-best-path.cc:128) Done 10 lattices, failed for 0
# Accounting: time=0 threads=1
# Ended (code 0) at Fri Mar 12 16:43:11 CET 2021, elapsed time 0 seconds
