# gunzip -c exp/mono/decode/depth_tmp.*.gz | steps/diagnostic/analyze_lattice_depth_stats.py exp/mono/graph exp/mono/decode/ali_frame_tmp.gz 
# Started at Fri Mar 12 13:35:56 CET 2021
#
The total amount of data analyzed assuming 100 frames per second is 0.5 hours
Overall, lattice depth (10,50,90-percentile)=(17,133,469) and mean=201.9
Nonsilence phones as a group account for 72.1% of frames, with lattice depth (10,50,90-percentile)=(16,134,482) and mean=206.4
Phone SIL accounts for 27.9% of frames, with lattice depth (10,50,90-percentile)=(21,130,431) and mean=190.4
Phone aa_E accounts for 3.4% of frames, with lattice depth (10,50,90-percentile)=(19,119,423) and mean=183.4
Phone ii_E accounts for 3.3% of frames, with lattice depth (10,50,90-percentile)=(22,133,432) and mean=204.4
Phone ei_E accounts for 3.0% of frames, with lattice depth (10,50,90-percentile)=(22,138,498) and mean=208.7
Phone nn_E accounts for 2.2% of frames, with lattice depth (10,50,90-percentile)=(33,136,481) and mean=198.9
Phone kk_B accounts for 1.9% of frames, with lattice depth (10,50,90-percentile)=(19,143,492) and mean=213.4
Phone aa_I accounts for 1.9% of frames, with lattice depth (10,50,90-percentile)=(4,95,447) and mean=166.3
Phone an_I accounts for 1.7% of frames, with lattice depth (10,50,90-percentile)=(17,141,483) and mean=210.8
Phone ai_E accounts for 1.5% of frames, with lattice depth (10,50,90-percentile)=(21,113,514) and mean=204.0
Phone e_E accounts for 1.5% of frames, with lattice depth (10,50,90-percentile)=(11,111,487) and mean=185.5
Phone tt_B accounts for 1.5% of frames, with lattice depth (10,50,90-percentile)=(30,173,506) and mean=233.7
Phone pp_B accounts for 1.5% of frames, with lattice depth (10,50,90-percentile)=(26,126,504) and mean=201.8
Phone ai_I accounts for 1.4% of frames, with lattice depth (10,50,90-percentile)=(4,104,467) and mean=178.7
Phone ii_I accounts for 1.4% of frames, with lattice depth (10,50,90-percentile)=(20,135,513) and mean=227.6
Phone tt_I accounts for 1.3% of frames, with lattice depth (10,50,90-percentile)=(10,140,617) and mean=237.9
Phone ei_S accounts for 1.3% of frames, with lattice depth (10,50,90-percentile)=(18,64,271) and mean=170.0
Phone mm_B accounts for 1.3% of frames, with lattice depth (10,50,90-percentile)=(17,127,345) and mean=171.8
Phone i_E accounts for 1.1% of frames, with lattice depth (10,50,90-percentile)=(32,136,488) and mean=267.8
Phone an_E accounts for 1.1% of frames, with lattice depth (10,50,90-percentile)=(4,90,327) and mean=144.0
Phone ss_B accounts for 1.1% of frames, with lattice depth (10,50,90-percentile)=(25,139,514) and mean=219.7
Phone ou_E accounts for 1.1% of frames, with lattice depth (10,50,90-percentile)=(24,107,400) and mean=182.7
Phone nn_B accounts for 1.1% of frames, with lattice depth (10,50,90-percentile)=(46,168,639) and mean=313.0
Phone k_B accounts for 0.9% of frames, with lattice depth (10,50,90-percentile)=(39,188,582) and mean=266.5
Phone on_I accounts for 0.9% of frames, with lattice depth (10,50,90-percentile)=(5,86,501) and mean=182.2
Phone ɑ̃_B accounts for 0.8% of frames, with lattice depth (10,50,90-percentile)=(46,184,478) and mean=233.5
Phone ɑ_E accounts for 0.8% of frames, with lattice depth (10,50,90-percentile)=(42,162,534) and mean=239.9
Phone ɛ_E accounts for 0.8% of frames, with lattice depth (10,50,90-percentile)=(5,153,436) and mean=190.1
Phone s_B accounts for 0.8% of frames, with lattice depth (10,50,90-percentile)=(24,161,492) and mean=241.2
Phone ww_I accounts for 0.8% of frames, with lattice depth (10,50,90-percentile)=(26,131,380) and mean=179.8
Phone ɑ̃_I accounts for 0.8% of frames, with lattice depth (10,50,90-percentile)=(25,137,377) and mean=207.1
Phone n_E accounts for 0.8% of frames, with lattice depth (10,50,90-percentile)=(32,170,571) and mean=231.3
Phone ll_B accounts for 0.7% of frames, with lattice depth (10,50,90-percentile)=(9,105,403) and mean=180.7
Phone ei_I accounts for 0.7% of frames, with lattice depth (10,50,90-percentile)=(8,150,549) and mean=219.7
Phone t_B accounts for 0.7% of frames, with lattice depth (10,50,90-percentile)=(24,170,515) and mean=227.4
Phone ff_B accounts for 0.7% of frames, with lattice depth (10,50,90-percentile)=(21,150,474) and mean=201.2
Phone mm_I accounts for 0.7% of frames, with lattice depth (10,50,90-percentile)=(5,107,374) and mean=160.0
Phone rr_I accounts for 0.7% of frames, with lattice depth (10,50,90-percentile)=(3,119,452) and mean=166.2
Phone ou_I accounts for 0.6% of frames, with lattice depth (10,50,90-percentile)=(21,164,550) and mean=230.7
Phone zz_I accounts for 0.6% of frames, with lattice depth (10,50,90-percentile)=(4,121,397) and mean=172.2
Phone i_I accounts for 0.6% of frames, with lattice depth (10,50,90-percentile)=(9,143,370) and mean=210.4
Phone tt_E accounts for 0.6% of frames, with lattice depth (10,50,90-percentile)=(41,165,535) and mean=255.3
Phone e_S accounts for 0.6% of frames, with lattice depth (10,50,90-percentile)=(3,82,187) and mean=100.8
Phone f_B accounts for 0.5% of frames, with lattice depth (10,50,90-percentile)=(9,151,544) and mean=229.4
Phone dd_B accounts for 0.5% of frames, with lattice depth (10,50,90-percentile)=(12,172,590) and mean=250.6
# Accounting: time=0 threads=1
# Ended (code 0) at Fri Mar 12 13:35:56 CET 2021, elapsed time 0 seconds
