# lattice-depth-per-frame "ark:gunzip -c exp/mono/decode/lat.1.gz|" "ark,t:|gzip -c > exp/mono/decode/depth_tmp.1.gz" ark:- | lattice-best-path --acoustic-scale=0.1 ark:- ark:/dev/null "ark,t:|gzip -c >exp/mono/decode/ali_tmp.1.gz" 
# Started at Fri Mar 12 13:35:53 CET 2021
#
lattice-depth-per-frame 'ark:gunzip -c exp/mono/decode/lat.1.gz|' 'ark,t:|gzip -c > exp/mono/decode/depth_tmp.1.gz' ark:- 
lattice-best-path --acoustic-scale=0.1 ark:- ark:/dev/null 'ark,t:|gzip -c >exp/mono/decode/ali_tmp.1.gz' 
LOG (lattice-best-path[5.5.891~1-37628]:main():lattice-best-path.cc:99) For utterance 1037_101_l, best cost 27.0104 + 1096.59 = 1123.6 over 122 frames.
LOG (lattice-best-path[5.5.891~1-37628]:main():lattice-best-path.cc:99) For utterance 1037_101_r, best cost 27.031 + 1095.3 = 1122.33 over 122 frames.
LOG (lattice-best-path[5.5.891~1-37628]:main():lattice-best-path.cc:99) For utterance 1037_103_l, best cost 19.6287 + 1245.67 = 1265.3 over 138 frames.
LOG (lattice-best-path[5.5.891~1-37628]:main():lattice-best-path.cc:99) For utterance 1037_103_r, best cost 19.699 + 1249.42 = 1269.12 over 138 frames.
LOG (lattice-best-path[5.5.891~1-37628]:main():lattice-best-path.cc:99) For utterance 1037_105_l, best cost 88.4834 + 3759.18 = 3847.67 over 395 frames.
LOG (lattice-best-path[5.5.891~1-37628]:main():lattice-best-path.cc:99) For utterance 1037_105_r, best cost 88.3784 + 3748.11 = 3836.49 over 395 frames.
LOG (lattice-best-path[5.5.891~1-37628]:main():lattice-best-path.cc:99) For utterance 1037_107_l, best cost 30.4398 + 1603.58 = 1634.02 over 174 frames.
LOG (lattice-best-path[5.5.891~1-37628]:main():lattice-best-path.cc:99) For utterance 1037_107_r, best cost 30.9166 + 1615.1 = 1646.01 over 174 frames.
LOG (lattice-best-path[5.5.891~1-37628]:main():lattice-best-path.cc:99) For utterance 1037_109_l, best cost 123.8 + 6489.65 = 6613.45 over 708 frames.
LOG (lattice-best-path[5.5.891~1-37628]:main():lattice-best-path.cc:99) For utterance 1037_109_r, best cost 117.196 + 6544.84 = 6662.04 over 708 frames.
LOG (lattice-best-path[5.5.891~1-37628]:main():lattice-best-path.cc:99) For utterance 1037_111_l, best cost 25.1339 + 954.238 = 979.372 over 98 frames.
LOG (lattice-best-path[5.5.891~1-37628]:main():lattice-best-path.cc:99) For utterance 1037_111_r, best cost 25.0996 + 954.896 = 979.996 over 98 frames.
LOG (lattice-best-path[5.5.891~1-37628]:main():lattice-best-path.cc:99) For utterance 1037_113_l, best cost 85.8048 + 3895.56 = 3981.37 over 398 frames.
LOG (lattice-best-path[5.5.891~1-37628]:main():lattice-best-path.cc:99) For utterance 1037_113_r, best cost 88.2735 + 3890.98 = 3979.26 over 398 frames.
LOG (lattice-best-path[5.5.891~1-37628]:main():lattice-best-path.cc:99) For utterance 1037_115_l, best cost 39.7922 + 2059.8 = 2099.59 over 225 frames.
LOG (lattice-best-path[5.5.891~1-37628]:main():lattice-best-path.cc:99) For utterance 1037_115_r, best cost 40.8416 + 2080.44 = 2121.28 over 225 frames.
LOG (lattice-best-path[5.5.891~1-37628]:main():lattice-best-path.cc:99) For utterance 1037_117_l, best cost 21.6259 + 1036.42 = 1058.05 over 105 frames.
LOG (lattice-best-path[5.5.891~1-37628]:main():lattice-best-path.cc:99) For utterance 1037_117_r, best cost 22.0843 + 1028.56 = 1050.64 over 105 frames.
LOG (lattice-best-path[5.5.891~1-37628]:main():lattice-best-path.cc:99) For utterance 1037_119_l, best cost 49.3603 + 2004.58 = 2053.94 over 222 frames.
LOG (lattice-best-path[5.5.891~1-37628]:main():lattice-best-path.cc:99) For utterance 1037_119_r, best cost 48.3726 + 2021.35 = 2069.72 over 222 frames.
LOG (lattice-best-path[5.5.891~1-37628]:main():lattice-best-path.cc:99) For utterance 1037_11_l, best cost 46.4916 + 2783.65 = 2830.15 over 298 frames.
LOG (lattice-best-path[5.5.891~1-37628]:main():lattice-best-path.cc:99) For utterance 1037_11_r, best cost 43.005 + 2786.6 = 2829.61 over 298 frames.
LOG (lattice-best-path[5.5.891~1-37628]:main():lattice-best-path.cc:99) For utterance 1037_121_l, best cost 184.308 + 7649.99 = 7834.3 over 794 frames.
LOG (lattice-best-path[5.5.891~1-37628]:main():lattice-best-path.cc:99) For utterance 1037_121_r, best cost 179.229 + 7661.99 = 7841.22 over 794 frames.
LOG (lattice-best-path[5.5.891~1-37628]:main():lattice-best-path.cc:99) For utterance 1037_123_l, best cost 17.8315 + 564.706 = 582.537 over 60 frames.
LOG (lattice-best-path[5.5.891~1-37628]:main():lattice-best-path.cc:99) For utterance 1037_123_r, best cost 17.8278 + 559.135 = 576.962 over 60 frames.
LOG (lattice-best-path[5.5.891~1-37628]:main():lattice-best-path.cc:99) For utterance 1037_125_l, best cost 40.6641 + 1433.14 = 1473.81 over 152 frames.
LOG (lattice-best-path[5.5.891~1-37628]:main():lattice-best-path.cc:99) For utterance 1037_125_r, best cost 40.6353 + 1434.69 = 1475.32 over 152 frames.
LOG (lattice-best-path[5.5.891~1-37628]:main():lattice-best-path.cc:99) For utterance 1037_127_l, best cost 100.751 + 6674.84 = 6775.59 over 729 frames.
LOG (lattice-best-path[5.5.891~1-37628]:main():lattice-best-path.cc:99) For utterance 1037_127_r, best cost 98.8076 + 6701.69 = 6800.5 over 729 frames.
LOG (lattice-best-path[5.5.891~1-37628]:main():lattice-best-path.cc:99) For utterance 1037_129_l, best cost 89.0414 + 3761.33 = 3850.37 over 395 frames.
LOG (lattice-best-path[5.5.891~1-37628]:main():lattice-best-path.cc:99) For utterance 1037_129_r, best cost 88.932 + 3758.71 = 3847.64 over 395 frames.
LOG (lattice-best-path[5.5.891~1-37628]:main():lattice-best-path.cc:99) For utterance 1037_131_l, best cost 58.0185 + 3995.52 = 4053.53 over 438 frames.
LOG (lattice-best-path[5.5.891~1-37628]:main():lattice-best-path.cc:99) For utterance 1037_131_r, best cost 58.8575 + 3989.18 = 4048.04 over 438 frames.
LOG (lattice-best-path[5.5.891~1-37628]:main():lattice-best-path.cc:99) For utterance 1037_133_l, best cost 113.072 + 6187.69 = 6300.76 over 654 frames.
LOG (lattice-best-path[5.5.891~1-37628]:main():lattice-best-path.cc:99) For utterance 1037_133_r, best cost 107.768 + 6249.86 = 6357.62 over 654 frames.
LOG (lattice-best-path[5.5.891~1-37628]:main():lattice-best-path.cc:99) For utterance 1037_135_l, best cost 64.8668 + 2402.95 = 2467.82 over 245 frames.
LOG (lattice-best-path[5.5.891~1-37628]:main():lattice-best-path.cc:99) For utterance 1037_135_r, best cost 64.8366 + 2391.51 = 2456.35 over 245 frames.
LOG (lattice-best-path[5.5.891~1-37628]:main():lattice-best-path.cc:99) For utterance 1037_137_l, best cost 107.057 + 4069.01 = 4176.06 over 430 frames.
LOG (lattice-best-path[5.5.891~1-37628]:main():lattice-best-path.cc:99) For utterance 1037_137_r, best cost 83.6519 + 4094.46 = 4178.11 over 430 frames.
LOG (lattice-best-path[5.5.891~1-37628]:main():lattice-best-path.cc:99) For utterance 1037_139_l, best cost 12.6214 + 568.865 = 581.486 over 57 frames.
LOG (lattice-best-path[5.5.891~1-37628]:main():lattice-best-path.cc:99) For utterance 1037_139_r, best cost 12.658 + 562.883 = 575.541 over 57 frames.
LOG (lattice-best-path[5.5.891~1-37628]:main():lattice-best-path.cc:99) For utterance 1037_13_l, best cost 47.5411 + 2933.7 = 2981.25 over 318 frames.
LOG (lattice-best-path[5.5.891~1-37628]:main():lattice-best-path.cc:99) For utterance 1037_13_r, best cost 47.7442 + 2942.65 = 2990.4 over 318 frames.
LOG (lattice-best-path[5.5.891~1-37628]:main():lattice-best-path.cc:99) For utterance 1037_141_l, best cost 84.2994 + 4164.02 = 4248.31 over 444 frames.
LOG (lattice-best-path[5.5.891~1-37628]:main():lattice-best-path.cc:99) For utterance 1037_141_r, best cost 98.019 + 4135.04 = 4233.06 over 444 frames.
LOG (lattice-best-path[5.5.891~1-37628]:main():lattice-best-path.cc:99) For utterance 1037_143_l, best cost 15.8711 + 1145.69 = 1161.57 over 130 frames.
LOG (lattice-best-path[5.5.891~1-37628]:main():lattice-best-path.cc:99) For utterance 1037_143_r, best cost 16.4878 + 1139.86 = 1156.34 over 130 frames.
LOG (lattice-best-path[5.5.891~1-37628]:main():lattice-best-path.cc:99) For utterance 1037_145_l, best cost 14.6301 + 1092.71 = 1107.34 over 128 frames.
LOG (lattice-best-path[5.5.891~1-37628]:main():lattice-best-path.cc:99) For utterance 1037_145_r, best cost 14.6404 + 1094.35 = 1108.99 over 128 frames.
LOG (lattice-best-path[5.5.891~1-37628]:main():lattice-best-path.cc:99) For utterance 1037_147_l, best cost 55.2754 + 3003.54 = 3058.81 over 321 frames.
LOG (lattice-best-path[5.5.891~1-37628]:main():lattice-best-path.cc:99) For utterance 1037_147_r, best cost 55.4784 + 2997.85 = 3053.33 over 321 frames.
LOG (lattice-best-path[5.5.891~1-37628]:main():lattice-best-path.cc:99) For utterance 1037_149_l, best cost 15.3024 + 636.229 = 651.532 over 66 frames.
LOG (lattice-best-path[5.5.891~1-37628]:main():lattice-best-path.cc:99) For utterance 1037_149_r, best cost 15.2924 + 637.3 = 652.593 over 66 frames.
LOG (lattice-best-path[5.5.891~1-37628]:main():lattice-best-path.cc:99) For utterance 1037_151_l, best cost 39.2449 + 1935.64 = 1974.88 over 208 frames.
LOG (lattice-best-path[5.5.891~1-37628]:main():lattice-best-path.cc:99) For utterance 1037_151_r, best cost 38.0172 + 1936.59 = 1974.61 over 208 frames.
LOG (lattice-best-path[5.5.891~1-37628]:main():lattice-best-path.cc:99) For utterance 1037_153_l, best cost 99.5095 + 4974 = 5073.51 over 556 frames.
LOG (lattice-best-path[5.5.891~1-37628]:main():lattice-best-path.cc:99) For utterance 1037_153_r, best cost 87.975 + 5020.7 = 5108.68 over 556 frames.
LOG (lattice-best-path[5.5.891~1-37628]:main():lattice-best-path.cc:99) For utterance 1037_155_l, best cost 43.2052 + 2574.02 = 2617.22 over 278 frames.
LOG (lattice-best-path[5.5.891~1-37628]:main():lattice-best-path.cc:99) For utterance 1037_155_r, best cost 43.0973 + 2574.87 = 2617.96 over 278 frames.
LOG (lattice-best-path[5.5.891~1-37628]:main():lattice-best-path.cc:99) For utterance 1037_157_l, best cost 48.8591 + 2066.75 = 2115.61 over 217 frames.
LOG (lattice-best-path[5.5.891~1-37628]:main():lattice-best-path.cc:99) For utterance 1037_157_r, best cost 53.8766 + 2088.06 = 2141.93 over 217 frames.
LOG (lattice-best-path[5.5.891~1-37628]:main():lattice-best-path.cc:99) For utterance 1037_159_l, best cost 20.3554 + 766.698 = 787.053 over 80 frames.
LOG (lattice-best-path[5.5.891~1-37628]:main():lattice-best-path.cc:99) For utterance 1037_159_r, best cost 20.2532 + 762.631 = 782.884 over 80 frames.
LOG (lattice-best-path[5.5.891~1-37628]:main():lattice-best-path.cc:99) For utterance 1037_15_l, best cost 21.2229 + 1461.35 = 1482.58 over 158 frames.
LOG (lattice-best-path[5.5.891~1-37628]:main():lattice-best-path.cc:99) For utterance 1037_15_r, best cost 21.1166 + 1467.59 = 1488.71 over 158 frames.
LOG (lattice-best-path[5.5.891~1-37628]:main():lattice-best-path.cc:99) For utterance 1037_161_l, best cost 10.9829 + 539.701 = 550.683 over 67 frames.
LOG (lattice-best-path[5.5.891~1-37628]:main():lattice-best-path.cc:99) For utterance 1037_161_r, best cost 10.9581 + 553.841 = 564.799 over 67 frames.
LOG (lattice-best-path[5.5.891~1-37628]:main():lattice-best-path.cc:99) For utterance 1037_163_l, best cost 41.3671 + 2256.62 = 2297.99 over 246 frames.
LOG (lattice-best-path[5.5.891~1-37628]:main():lattice-best-path.cc:99) For utterance 1037_163_r, best cost 41.382 + 2274.38 = 2315.76 over 246 frames.
LOG (lattice-best-path[5.5.891~1-37628]:main():lattice-best-path.cc:99) For utterance 1037_17_l, best cost 40.7617 + 1831.17 = 1871.93 over 200 frames.
LOG (lattice-best-path[5.5.891~1-37628]:main():lattice-best-path.cc:99) For utterance 1037_17_r, best cost 40.5917 + 1812.24 = 1852.83 over 200 frames.
LOG (lattice-best-path[5.5.891~1-37628]:main():lattice-best-path.cc:99) For utterance 1037_19_l, best cost 96.3224 + 5711.06 = 5807.38 over 612 frames.
LOG (lattice-best-path[5.5.891~1-37628]:main():lattice-best-path.cc:99) For utterance 1037_19_r, best cost 101.843 + 5735.69 = 5837.54 over 612 frames.
LOG (lattice-best-path[5.5.891~1-37628]:main():lattice-best-path.cc:99) For utterance 1037_1_l, best cost 35.748 + 2294.89 = 2330.63 over 260 frames.
LOG (lattice-best-path[5.5.891~1-37628]:main():lattice-best-path.cc:99) For utterance 1037_1_r, best cost 35.7176 + 2310.86 = 2346.57 over 260 frames.
LOG (lattice-best-path[5.5.891~1-37628]:main():lattice-best-path.cc:99) For utterance 1037_21_l, best cost 12.6612 + 389.365 = 402.026 over 40 frames.
LOG (lattice-best-path[5.5.891~1-37628]:main():lattice-best-path.cc:99) For utterance 1037_21_r, best cost 13.7926 + 382.048 = 395.84 over 40 frames.
LOG (lattice-best-path[5.5.891~1-37628]:main():lattice-best-path.cc:99) For utterance 1037_23_l, best cost 25.5337 + 1905.34 = 1930.88 over 210 frames.
LOG (lattice-best-path[5.5.891~1-37628]:main():lattice-best-path.cc:99) For utterance 1037_23_r, best cost 25.6556 + 1909.68 = 1935.33 over 210 frames.
LOG (lattice-best-path[5.5.891~1-37628]:main():lattice-best-path.cc:99) For utterance 1037_24_l, best cost 72.4268 + 4367.96 = 4440.39 over 456 frames.
LOG (lattice-best-path[5.5.891~1-37628]:main():lattice-best-path.cc:99) For utterance 1037_24_r, best cost 73.169 + 4343.99 = 4417.16 over 456 frames.
LOG (lattice-best-path[5.5.891~1-37628]:main():lattice-best-path.cc:99) For utterance 1037_26_l, best cost 73.1693 + 3156.48 = 3229.65 over 337 frames.
LOG (lattice-best-path[5.5.891~1-37628]:main():lattice-best-path.cc:99) For utterance 1037_26_r, best cost 73.1035 + 3147.18 = 3220.29 over 337 frames.
LOG (lattice-best-path[5.5.891~1-37628]:main():lattice-best-path.cc:99) For utterance 1037_28_l, best cost 12.3383 + 591.245 = 603.583 over 74 frames.
LOG (lattice-best-path[5.5.891~1-37628]:main():lattice-best-path.cc:99) For utterance 1037_28_r, best cost 12.257 + 600.564 = 612.821 over 74 frames.
LOG (lattice-best-path[5.5.891~1-37628]:main():lattice-best-path.cc:99) For utterance 1037_30_l, best cost 17.0401 + 472.456 = 489.496 over 48 frames.
LOG (lattice-best-path[5.5.891~1-37628]:main():lattice-best-path.cc:99) For utterance 1037_30_r, best cost 17.0824 + 468.122 = 485.205 over 48 frames.
LOG (lattice-best-path[5.5.891~1-37628]:main():lattice-best-path.cc:99) For utterance 1037_32_l, best cost 143.687 + 6470.88 = 6614.57 over 674 frames.
LOG (lattice-best-path[5.5.891~1-37628]:main():lattice-best-path.cc:99) For utterance 1037_32_r, best cost 126.674 + 6507.18 = 6633.86 over 674 frames.
LOG (lattice-best-path[5.5.891~1-37628]:main():lattice-best-path.cc:99) For utterance 1037_34_l, best cost 21.6679 + 1184.68 = 1206.35 over 124 frames.
LOG (lattice-best-path[5.5.891~1-37628]:main():lattice-best-path.cc:99) For utterance 1037_34_r, best cost 21.8235 + 1191.88 = 1213.7 over 124 frames.
LOG (lattice-best-path[5.5.891~1-37628]:main():lattice-best-path.cc:99) For utterance 1037_36_l, best cost 16.1743 + 495.109 = 511.284 over 51 frames.
LOG (lattice-best-path[5.5.891~1-37628]:main():lattice-best-path.cc:99) For utterance 1037_36_r, best cost 15.648 + 494.447 = 510.095 over 51 frames.
LOG (lattice-best-path[5.5.891~1-37628]:main():lattice-best-path.cc:99) For utterance 1037_38_l, best cost 24.7657 + 1277.73 = 1302.49 over 142 frames.
LOG (lattice-best-path[5.5.891~1-37628]:main():lattice-best-path.cc:99) For utterance 1037_38_r, best cost 24.8174 + 1264.49 = 1289.31 over 142 frames.
LOG (lattice-best-path[5.5.891~1-37628]:main():lattice-best-path.cc:99) For utterance 1037_3_l, best cost 12.2526 + 711.524 = 723.776 over 84 frames.
LOG (lattice-best-path[5.5.891~1-37628]:main():lattice-best-path.cc:99) For utterance 1037_3_r, best cost 12.2842 + 712.741 = 725.025 over 84 frames.
LOG (lattice-best-path[5.5.891~1-37628]:main():lattice-best-path.cc:99) For utterance 1037_40_l, best cost 132.952 + 6204.97 = 6337.92 over 650 frames.
LOG (lattice-best-path[5.5.891~1-37628]:main():lattice-best-path.cc:99) For utterance 1037_40_r, best cost 129.795 + 6205.19 = 6334.99 over 650 frames.
LOG (lattice-best-path[5.5.891~1-37628]:main():lattice-best-path.cc:99) For utterance 1037_42_l, best cost 56.3422 + 2432.47 = 2488.81 over 262 frames.
LOG (lattice-best-path[5.5.891~1-37628]:main():lattice-best-path.cc:99) For utterance 1037_42_r, best cost 55.873 + 2444.21 = 2500.08 over 262 frames.
LOG (lattice-best-path[5.5.891~1-37628]:main():lattice-best-path.cc:99) For utterance 1037_44_l, best cost 15.1074 + 766.025 = 781.133 over 76 frames.
LOG (lattice-best-path[5.5.891~1-37628]:main():lattice-best-path.cc:99) For utterance 1037_44_r, best cost 15.8771 + 766.304 = 782.181 over 76 frames.
LOG (lattice-best-path[5.5.891~1-37628]:main():lattice-best-path.cc:99) For utterance 1037_46_l, best cost 40.4269 + 1938.31 = 1978.74 over 204 frames.
LOG (lattice-best-path[5.5.891~1-37628]:main():lattice-best-path.cc:99) For utterance 1037_46_r, best cost 40.7971 + 1933.93 = 1974.73 over 204 frames.
LOG (lattice-best-path[5.5.891~1-37628]:main():lattice-best-path.cc:99) For utterance 1037_48_l, best cost 34.0779 + 1329.93 = 1364.01 over 132 frames.
LOG (lattice-best-path[5.5.891~1-37628]:main():lattice-best-path.cc:99) For utterance 1037_48_r, best cost 35.463 + 1334.21 = 1369.68 over 132 frames.
LOG (lattice-best-path[5.5.891~1-37628]:main():lattice-best-path.cc:99) For utterance 1037_50_l, best cost 34.2108 + 1586.47 = 1620.68 over 170 frames.
LOG (lattice-best-path[5.5.891~1-37628]:main():lattice-best-path.cc:99) For utterance 1037_50_r, best cost 35.2841 + 1597.82 = 1633.11 over 170 frames.
LOG (lattice-best-path[5.5.891~1-37628]:main():lattice-best-path.cc:99) For utterance 1037_52_l, best cost 58.7315 + 3197.83 = 3256.56 over 332 frames.
LOG (lattice-best-path[5.5.891~1-37628]:main():lattice-best-path.cc:99) For utterance 1037_52_r, best cost 56.9271 + 3196.9 = 3253.83 over 332 frames.
LOG (lattice-best-path[5.5.891~1-37628]:main():lattice-best-path.cc:99) For utterance 1037_54_l, best cost 90.6241 + 6595.24 = 6685.87 over 701 frames.
LOG (lattice-best-path[5.5.891~1-37628]:main():lattice-best-path.cc:99) For utterance 1037_54_r, best cost 88.0675 + 6620.01 = 6708.08 over 701 frames.
LOG (lattice-best-path[5.5.891~1-37628]:main():lattice-best-path.cc:99) For utterance 1037_56_l, best cost 51.2553 + 2176.01 = 2227.26 over 233 frames.
LOG (lattice-best-path[5.5.891~1-37628]:main():lattice-best-path.cc:99) For utterance 1037_56_r, best cost 46.5257 + 2179.57 = 2226.09 over 233 frames.
LOG (lattice-best-path[5.5.891~1-37628]:main():lattice-best-path.cc:99) For utterance 1037_58_l, best cost 37.4129 + 1698.38 = 1735.79 over 176 frames.
LOG (lattice-best-path[5.5.891~1-37628]:main():lattice-best-path.cc:99) For utterance 1037_58_r, best cost 45.0016 + 1700.14 = 1745.14 over 176 frames.
LOG (lattice-best-path[5.5.891~1-37628]:main():lattice-best-path.cc:99) For utterance 1037_5_l, best cost 55.0776 + 4104.57 = 4159.64 over 444 frames.
LOG (lattice-best-path[5.5.891~1-37628]:main():lattice-best-path.cc:99) For utterance 1037_5_r, best cost 54.5729 + 4115.53 = 4170.1 over 444 frames.
LOG (lattice-best-path[5.5.891~1-37628]:main():lattice-best-path.cc:99) For utterance 1037_60_l, best cost 39.8944 + 1714.23 = 1754.12 over 177 frames.
LOG (lattice-best-path[5.5.891~1-37628]:main():lattice-best-path.cc:99) For utterance 1037_60_r, best cost 39.8653 + 1716.72 = 1756.58 over 177 frames.
LOG (lattice-best-path[5.5.891~1-37628]:main():lattice-best-path.cc:99) For utterance 1037_62_l, best cost 56.4036 + 2251.69 = 2308.1 over 236 frames.
LOG (lattice-best-path[5.5.891~1-37628]:main():lattice-best-path.cc:99) For utterance 1037_62_r, best cost 53.6321 + 2271.27 = 2324.91 over 236 frames.
LOG (lattice-best-path[5.5.891~1-37628]:main():lattice-best-path.cc:99) For utterance 1037_64_l, best cost 127.805 + 4752.18 = 4879.98 over 491 frames.
LOG (lattice-best-path[5.5.891~1-37628]:main():lattice-best-path.cc:99) For utterance 1037_64_r, best cost 123.702 + 4727.52 = 4851.22 over 491 frames.
LOG (lattice-best-path[5.5.891~1-37628]:main():lattice-best-path.cc:99) For utterance 1037_66_l, best cost 14.3908 + 457.316 = 471.706 over 49 frames.
LOG (lattice-best-path[5.5.891~1-37628]:main():lattice-best-path.cc:99) For utterance 1037_66_r, best cost 14.4123 + 448.717 = 463.13 over 49 frames.
LOG (lattice-best-path[5.5.891~1-37628]:main():lattice-best-path.cc:99) For utterance 1037_68_l, best cost 45.0366 + 2702.82 = 2747.86 over 285 frames.
LOG (lattice-best-path[5.5.891~1-37628]:main():lattice-best-path.cc:99) For utterance 1037_68_r, best cost 44.9186 + 2685.89 = 2730.81 over 285 frames.
LOG (lattice-best-path[5.5.891~1-37628]:main():lattice-best-path.cc:99) For utterance 1037_70_l, best cost 172.8 + 9821.72 = 9994.52 over 1062 frames.
LOG (lattice-best-path[5.5.891~1-37628]:main():lattice-best-path.cc:99) For utterance 1037_70_r, best cost 162.512 + 9843.81 = 10006.3 over 1062 frames.
LOG (lattice-best-path[5.5.891~1-37628]:main():lattice-best-path.cc:99) For utterance 1037_71_l, best cost 33.1394 + 2078.97 = 2112.11 over 238 frames.
LOG (lattice-best-path[5.5.891~1-37628]:main():lattice-best-path.cc:99) For utterance 1037_71_r, best cost 32.2416 + 2067.04 = 2099.29 over 238 frames.
LOG (lattice-best-path[5.5.891~1-37628]:main():lattice-best-path.cc:99) For utterance 1037_72_l, best cost 76.404 + 3308.15 = 3384.55 over 352 frames.
LOG (lattice-best-path[5.5.891~1-37628]:main():lattice-best-path.cc:99) For utterance 1037_72_r, best cost 76.2493 + 3357.09 = 3433.34 over 352 frames.
LOG (lattice-best-path[5.5.891~1-37628]:main():lattice-best-path.cc:99) For utterance 1037_74_l, best cost 52.322 + 3059.72 = 3112.04 over 329 frames.
LOG (lattice-best-path[5.5.891~1-37628]:main():lattice-best-path.cc:99) For utterance 1037_74_r, best cost 55.9041 + 3059.52 = 3115.43 over 329 frames.
LOG (lattice-best-path[5.5.891~1-37628]:main():lattice-best-path.cc:99) For utterance 1037_76_l, best cost 123.83 + 6441.55 = 6565.38 over 681 frames.
LOG (lattice-best-path[5.5.891~1-37628]:main():lattice-best-path.cc:99) For utterance 1037_76_r, best cost 123.355 + 6456.76 = 6580.11 over 681 frames.
LOG (lattice-best-path[5.5.891~1-37628]:main():lattice-best-path.cc:99) For utterance 1037_78_l, best cost 78.4393 + 3394.08 = 3472.51 over 345 frames.
LOG (lattice-best-path[5.5.891~1-37628]:main():lattice-best-path.cc:99) For utterance 1037_78_r, best cost 62.5189 + 3438.97 = 3501.49 over 345 frames.
LOG (lattice-best-path[5.5.891~1-37628]:main():lattice-best-path.cc:99) For utterance 1037_7_l, best cost 74.9812 + 4276.32 = 4351.3 over 462 frames.
LOG (lattice-best-path[5.5.891~1-37628]:main():lattice-best-path.cc:99) For utterance 1037_7_r, best cost 71.9554 + 4282.88 = 4354.84 over 462 frames.
LOG (lattice-best-path[5.5.891~1-37628]:main():lattice-best-path.cc:99) For utterance 1037_80_l, best cost 35.8981 + 1501.24 = 1537.14 over 158 frames.
LOG (lattice-best-path[5.5.891~1-37628]:main():lattice-best-path.cc:99) For utterance 1037_80_r, best cost 35.5588 + 1494.86 = 1530.42 over 158 frames.
LOG (lattice-best-path[5.5.891~1-37628]:main():lattice-best-path.cc:99) For utterance 1037_82_l, best cost 135.408 + 6723.03 = 6858.44 over 725 frames.
LOG (lattice-best-path[5.5.891~1-37628]:main():lattice-best-path.cc:99) For utterance 1037_82_r, best cost 135.601 + 6712.41 = 6848.01 over 725 frames.
LOG (lattice-best-path[5.5.891~1-37628]:main():lattice-best-path.cc:99) For utterance 1037_84_l, best cost 60.7722 + 2107.95 = 2168.72 over 221 frames.
LOG (lattice-best-path[5.5.891~1-37628]:main():lattice-best-path.cc:99) For utterance 1037_84_r, best cost 53.3142 + 2120.36 = 2173.68 over 221 frames.
LOG (lattice-best-path[5.5.891~1-37628]:main():lattice-best-path.cc:99) For utterance 1037_86_l, best cost 69.6096 + 2716.07 = 2785.68 over 286 frames.
LOG (lattice-best-path[5.5.891~1-37628]:main():lattice-best-path.cc:99) For utterance 1037_86_r, best cost 64.5194 + 2716.78 = 2781.3 over 286 frames.
LOG (lattice-best-path[5.5.891~1-37628]:main():lattice-best-path.cc:99) For utterance 1037_88_l, best cost 104.208 + 4838.77 = 4942.98 over 487 frames.
LOG (lattice-best-path[5.5.891~1-37628]:main():lattice-best-path.cc:99) For utterance 1037_88_r, best cost 103.712 + 4852.94 = 4956.66 over 487 frames.
LOG (lattice-best-path[5.5.891~1-37628]:main():lattice-best-path.cc:99) For utterance 1037_90_l, best cost 48.4591 + 2217.33 = 2265.79 over 243 frames.
LOG (lattice-best-path[5.5.891~1-37628]:main():lattice-best-path.cc:99) For utterance 1037_90_r, best cost 49.0275 + 2221.72 = 2270.74 over 243 frames.
LOG (lattice-best-path[5.5.891~1-37628]:main():lattice-best-path.cc:99) For utterance 1037_92_l, best cost 54.3873 + 1757.95 = 1812.33 over 187 frames.
LOG (lattice-best-path[5.5.891~1-37628]:main():lattice-best-path.cc:99) For utterance 1037_92_r, best cost 50.0564 + 1768.73 = 1818.79 over 187 frames.
LOG (lattice-best-path[5.5.891~1-37628]:main():lattice-best-path.cc:99) For utterance 1037_94_l, best cost 34.753 + 3097.1 = 3131.85 over 348 frames.
LOG (lattice-best-path[5.5.891~1-37628]:main():lattice-best-path.cc:99) For utterance 1037_94_r, best cost 42.7272 + 3090.74 = 3133.47 over 348 frames.
LOG (lattice-best-path[5.5.891~1-37628]:main():lattice-best-path.cc:99) For utterance 1037_96_l, best cost 7.67892 + 467.883 = 475.562 over 58 frames.
LOG (lattice-best-path[5.5.891~1-37628]:main():lattice-best-path.cc:99) For utterance 1037_96_r, best cost 7.67188 + 478.762 = 486.434 over 58 frames.
LOG (lattice-best-path[5.5.891~1-37628]:main():lattice-best-path.cc:99) For utterance 1037_98_l, best cost 60.146 + 3532.57 = 3592.72 over 377 frames.
LOG (lattice-best-path[5.5.891~1-37628]:main():lattice-best-path.cc:99) For utterance 1037_98_r, best cost 54.6293 + 3550.92 = 3605.54 over 377 frames.
LOG (lattice-best-path[5.5.891~1-37628]:main():lattice-best-path.cc:99) For utterance 1037_99_l, best cost 211.683 + 11535.9 = 11747.5 over 1229 frames.
LOG (lattice-depth-per-frame[5.5.891~1-37628]:main():lattice-depth-per-frame.cc:82) Done 168 lattices.
LOG (lattice-best-path[5.5.891~1-37628]:main():lattice-best-path.cc:99) For utterance 1037_99_r, best cost 189.643 + 11573.2 = 11762.9 over 1229 frames.
LOG (lattice-best-path[5.5.891~1-37628]:main():lattice-best-path.cc:99) For utterance 1037_9_l, best cost 10.0264 + 403.29 = 413.316 over 49 frames.
LOG (lattice-best-path[5.5.891~1-37628]:main():lattice-best-path.cc:99) For utterance 1037_9_r, best cost 10.0264 + 402.142 = 412.169 over 49 frames.
LOG (lattice-best-path[5.5.891~1-37628]:main():lattice-best-path.cc:124) Overall cost per frame is 9.56127 = 0.185267 [graph] + 9.37601 [acoustic] over 51642 frames.
LOG (lattice-best-path[5.5.891~1-37628]:main():lattice-best-path.cc:128) Done 168 lattices, failed for 0
# Accounting: time=1 threads=1
# Ended (code 0) at Fri Mar 12 13:35:54 CET 2021, elapsed time 1 seconds
